There used to be a org.eclipse.jdt.junit.tests.TestRunListener which was testing the org.eclipse.jdt.junit.testRunListeners extension point. This class has been removed and replaced by org.eclipse.jdt.junit.tests.LegacyTestRunListener.

But LegacyTestRunListener has no no-args constructor, which results in the exception below when the first test is run in a runtime workbench that includes the jdt.ui.tests plugin.

LegacyTestRunListenerTest currently only tests the support for JUnitCore.addTestRunListener(..), but not the extension point. We should revert the test to the old behavior (test via extension point) and optionally add another test for JUnitCore.addTestRunListener(..).

The exception below also appears in the consolelog for jdt.ui tests in I20070110-1600.


!ENTRY org.eclipse.jdt.junit 4 0 2007-01-11 12:23:26.734
!MESSAGE Could not load some testRunner extension points
!SUBENTRY 1 org.eclipse.equinox.registry 4 1 2007-01-11 12:23:26.734
!MESSAGE Plug-in "org.eclipse.jdt.ui.tests" was unable to instantiate class "org.eclipse.jdt.junit.tests.LegacyTestRunListener".
!STACK 0
java.lang.InstantiationException: org.eclipse.jdt.junit.tests.LegacyTestRunListener
	at java.lang.Class.newInstanceImpl(Native Method)
	at java.lang.Class.newInstance(Class.java:1243)
	at org.eclipse.core.internal.registry.osgi.RegistryStrategyOSGI.createExecutableExtension(RegistryStrategyOSGI.java:170)
	at org.eclipse.core.internal.registry.ExtensionRegistry.createExecutableExtension(ExtensionRegistry.java:787)
	at org.eclipse.core.internal.registry.ConfigurationElement.createExecutableExtension(ConfigurationElement.java:243)
	at org.eclipse.core.internal.registry.ConfigurationElementHandle.createExecutableExtension(ConfigurationElementHandle.java:51)
	at org.eclipse.jdt.internal.junit.ui.JUnitPlugin.loadTestRunListeners(JUnitPlugin.java:262)
	at org.eclipse.jdt.internal.junit.ui.JUnitPlugin.getTestRunListeners(JUnitPlugin.java:298)
	at org.eclipse.jdt.internal.junit.model.JUnitModel$2.sessionStarted(JUnitModel.java:188)
	at org.eclipse.jdt.internal.junit.model.TestRunSession$TestSessionNotifier.testRunStarted(TestRunSession.java:399)
	at org.eclipse.jdt.internal.junit.model.RemoteTestRunnerClient$6.run(RemoteTestRunnerClient.java:504)
	at org.eclipse.core.runtime.SafeRunner.run(SafeRunner.java:37)
	at org.eclipse.jdt.internal.junit.model.RemoteTestRunnerClient.notifyTestRunStarted(RemoteTestRunnerClient.java:502)
	at org.eclipse.jdt.internal.junit.model.RemoteTestRunnerClient.access$5(RemoteTestRunnerClient.java:497)
	at org.eclipse.jdt.internal.junit.model.RemoteTestRunnerClient$DefaultProcessingState.readMessage(RemoteTestRunnerClient.java:80)
	at org.eclipse.jdt.internal.junit.model.RemoteTestRunnerClient.receiveMessage(RemoteTestRunnerClient.java:340)
	at org.eclipse.jdt.internal.junit.model.RemoteTestRunnerClient.access$26(RemoteTestRunnerClient.java:339)
	at org.eclipse.jdt.internal.junit.model.RemoteTestRunnerClient$ServerConnection.run(RemoteTestRunnerClient.java:265)

There used to be a org.eclipse.jdt.junit.tests.TestRunListener which was testing the org.eclipse.jdt.junit.testRunListeners extension point. This class has been removed and replaced by org.eclipse.jdt.junit.tests.LegacyTestRunListener.

But LegacyTestRunListener has no no-args constructor, which results in the exception below when the first test is run in a runtime workbench that includes the jdt.ui.tests plugin.

LegacyTestRunListenerTest currently only tests the support for JUnitCore.addTestRunListener(..), but not the extension point. We should revert the test to the old behavior (test via extension point) and optionally add another test for JUnitCore.addTestRunListener(..).

The exception below also appears in the consolelog for jdt.ui tests in I20070110-1600.


!ENTRY org.eclipse.jdt.junit 4 0 2007-01-11 12:23:26.734
!MESSAGE Could not load some testRunner extension points
!SUBENTRY 1 org.eclipse.equinox.registry 4 1 2007-01-11 12:23:26.734
!MESSAGE Plug-in "org.eclipse.jdt.ui.tests" was unable to instantiate class "org.eclipse.jdt.junit.tests.LegacyTestRunListener".
!STACK 0
java.lang.InstantiationException: org.eclipse.jdt.junit.tests.LegacyTestRunListener
	at java.lang.Class.newInstanceImpl(Native Method)
	at java.lang.Class.newInstance(Class.java:1243)
	at org.eclipse.core.internal.registry.osgi.RegistryStrategyOSGI.createExecutableExtension(RegistryStrategyOSGI.java:170)
	at org.eclipse.core.internal.registry.ExtensionRegistry.createExecutableExtension(ExtensionRegistry.java:787)
	at org.eclipse.core.internal.registry.ConfigurationElement.createExecutableExtension(ConfigurationElement.java:243)
	at org.eclipse.core.internal.registry.ConfigurationElementHandle.createExecutableExtension(ConfigurationElementHandle.java:51)
	at org.eclipse.jdt.internal.junit.ui.JUnitPlugin.loadTestRunListeners(JUnitPlugin.java:262)
	at org.eclipse.jdt.internal.junit.ui.JUnitPlugin.getTestRunListeners(JUnitPlugin.java:298)
	at org.eclipse.jdt.internal.junit.model.JUnitModel$2.sessionStarted(JUnitModel.java:188)
	at org.eclipse.jdt.internal.junit.model.TestRunSession$TestSessionNotifier.testRunStarted(TestRunSession.java:399)
	at org.eclipse.jdt.internal.junit.model.RemoteTestRunnerClient$6.run(RemoteTestRunnerClient.java:504)
	at org.eclipse.core.runtime.SafeRunner.run(SafeRunner.java:37)
	at org.eclipse.jdt.internal.junit.model.RemoteTestRunnerClient.notifyTestRunStarted(RemoteTestRunnerClient.java:502)
	at org.eclipse.jdt.internal.junit.model.RemoteTestRunnerClient.access$5(RemoteTestRunnerClient.java:497)
	at org.eclipse.jdt.internal.junit.model.RemoteTestRunnerClient$DefaultProcessingState.readMessage(RemoteTestRunnerClient.java:80)
	at org.eclipse.jdt.internal.junit.model.RemoteTestRunnerClient.receiveMessage(RemoteTestRunnerClient.java:340)
	at org.eclipse.jdt.internal.junit.model.RemoteTestRunnerClient.access$26(RemoteTestRunnerClient.java:339)
	at org.eclipse.jdt.internal.junit.model.RemoteTestRunnerClient$ServerConnection.run(RemoteTestRunnerClient.java:265)
I think I forgot to update the plugin.xml and to remove the extension there. I believe the explicit test is good enough.
fixed > 20070111


[JUnit] LegacyTestRunListener broken



170209: [JUnit] LegacyTestRunListener broken 

170209 [JUnit] LegacyTestRunListener broken 