
Fixed bug 478688: Update parent pom to 4.5.2 
Fixed bug 467923: Unusual feature qualifier issue caused I20150521-1400 build to fail 
Bug 438960: Update versions of org.eclipse.jdt.annotation bundles and references in feature.xml 
Bug 436736 - Prep for 4.5 (Mars) and 4.4 maintenance builds 
Fixed bug 405719: Remove no longer used bundles from 'eclipse.jdt' repository 
Fixed bug 403960: Update JDT/JDT UI parent version - excluded addition of forceQualifierUpdate.txt 
Fixed bug 403960: Update JDT/JDT UI parent version - excluded addition of forceQualifierUpdate.txt 
Bug 399451: Some projects have incorrect encoding set 
Bug 391433: [JUnit] Remove JUnit 3 from Eclipse 
Bug 391433: [JUnit] Remove JUnit 3 from Eclipse 
Fixed bug 396083: Merge in CBI patches from 4.2.2 into 4.3 (pom changes) for eclipse.jdt 
Fixed bug 389903: POM update - Include source features in CBI build 
https://bugs.eclipse.org/bugs/show_bug.cgi?id=136736 and https://bugs.eclipse.org/bugs/show_bug.cgi?id=138958 
https://bugs.eclipse.org/bugs/show_bug.cgi?id=136736 and https://bugs.eclipse.org/bugs/show_bug.cgi?id=138958 
https://bugs.eclipse.org/bugs/show_bug.cgi?id=136736 
[Bug 136736] [Graphics] [About] Conversion to png images has added an extra  entry in the About Dialog 
Bug 474045: findSecondaryType blocked by sleeping Indexing Thread 
Bug 479963 - Fixing nested lambda scenario 
Bug 479963 - [1.8] Open Declared Type for lambda parameter 
Bug 481752 - [content assist] Substring completion proposals have bad relevance 
Bug 478688 - Update parent pom to 4.5.2 
Bug 475865 - JDT deletes code 
Fix for Bug 475155 Data race on org.eclipse.jdt.core.dom.MethodBinding.typeParameters 
Test case patch for Bug 435241 - [1.8][lambda][formatter] if/else within lambda is incorrectly formatted 
Bug 475865 - JDT deletes code 
fixed bug 472009: Formatter does not respect "keep else if on one line" 
fixed bug 472009: Formatter does not respect "keep else if on one line" 
Bug 475140 - Use maven-resources-plugin version as specified in parent 
Fix one part for bug 457871 [Performance] Java compiler CPU time regression compared to 4.2.2 Change-Id: I78b02873d4563689bbc6ab85ca7bde7e67015264 
Bug 444045 - Test case + a minor fix for null charset in JavaFileObject created by EclipseCompilerImpl 
Bug 444045 - Messager does not support nested AnnotationMirrors 
Bug 390064 - [compiler][resource] Resource leak warning missing when extending parameterized class 
Fix for Bug 415066 ASTParser could not createAST(...) for java files with classes package private access when we use setSource(char[] source) but do not use setProject(..) 
Revert "Bug 410218 - Optional warning for arguments of "unexpected" types to Map#get(Object), Collection#remove(Object) et al. 
Bug 410218 - Optional warning for arguments of "unexpected" types to Map#get(Object), Collection#remove(Object) et al. - change one option from [E/W/I] to [Enable/Disable] 
Bug 410218 - Optional warning for arguments of "unexpected" types to Map#get(Object), Collection#remove(Object) et al. 
Fixed bug 425203 - [compiler][1.7][inference] ECJ rejects valid code using bounded wildcards 
Bug 437072 - [compiler][null] Null analysis emits possibly incorrect warning for new int[][] despite @NonNullByDefault 
Bug 459601 - [clean up] Use CompilationParticipant.buildFinished() in AptCompilationParticipant 
Bug 454031 - [compiler][null][loop] bug in null analysis; wrong "dead code" detection 
Fixed Bug 445949 - Lambda parameter not shadowing in nested scope producing non-existent compilation error 
Test for bug 452780 - Internal compiler error: arrayIndexOutOfBounds 
Test for bug 452780 - Internal compiler error: arrayIndexOutOfBounds 
Bug 444024 - [1.8][compiler][null] Type mismatch error in annotation generics assignment which happens "sometimes" 
Bug 452788 - [1.8][compiler] Type not correctly inferred in lambda expression 
Disabled junit for Bug 451677 - [1.8][compiler] missing type inference 
Fixed bug 405778: [1.8][dom ast] method body recovery broken (empty body) 
grammar changes for bug 405778 
junit for Bug 448801 - [1.8][compiler] Scope.mSMB & 15.12.3 Compile-Time Step 3 
Fixed Bug 433458 - [1.8][compiler] Eclipse accepts lambda expression 
Bug 410207 - Compiler incorrectly reports error message "X cannot be resolved. It is indirectly referenced from required .class files" 
Bug 410207 - Compiler incorrectly reports error message "X cannot be resolved. It is indirectly referenced from required .class files" 
Disabled test for 442446 
Additional test for bug 433458, [1.8][compiler] Eclipse accepts lambda expression with potentially uninitialized arguments 
Fixed Bug 433458 - [1.8][compiler] Eclipse accepts lambda expression with potentially uninitialized arguments 
Regression tests for Bug 444024 [compiler][null] Type mismatch error in annotation generics assignment which happens "sometimes" 
Revert "Bug 441726 - JDT performance regression due to bug 410207" 
Bug 441726 - JDT performance regression due to bug 410207 
Bug 437007 - [1.8][inference] Inferencing failing to work out type in vararg method invocation 
Fix for bug 441273 - Fixing test failures 
Bug 441273: Typo in new API: org.eclipse.jdt.core.compiler.IProblem.NotAnnoationType 
Bug 437007 - [1.8][inference] Inferencing failing to work out type in vararg method invocation 
Fix for bug 439234 - [1.8][navigation] Clicking F3 on a lambda arrow and Double Colon operator doesn't work 
Bug 435544 - [compiler][null] Enum constants not recognised as being NonNull (take2) - fix 
Bug 435544 - [compiler][null] Enum constants not recognised as being NonNull (take2) - Test Signed-off-by: Shankha Banerjee <shankhba@in.ibm.com> 
Bug 435570 - [1.8][null] @NonNullByDefault illegally tries to affect "throws E" 
Fixed Bug 436542 - Eclipse 4.4 compiler generates "bad class file" according to javac 
Fixed Bug 436542 - Eclipse 4.4 compiler generates "bad class file" according to javac 
Bug 435544 - [compiler][null] Enum constants not recognised as being NonNull (take2) - fix 
Bug 435544 - [compiler][null] Enum constants not recognised as being NonNull (take2) - Test Signed-off-by: Shankha Banerjee <shankhba@in.ibm.com> 
Bug 438961: Problems building jdt.core from master (reference to old org.eclipse.test.performance) 
Bug 438960: Update versions of org.eclipse.jdt.annotation bundles and references in feature.xml 
Fixed Bug 436542 - Eclipse 4.4 compiler generates "bad class file" according to javac 
Bug 436736 - Prep for 4.5 (Mars) and 4.4 maintenance builds 
Bug 436563 - Several tests in TypeHierarchyTests fail 
Bug 435463: StackOverflowError when compiling generic code 
Bug 399527 - Type inference problem 
Fixed Bug 432531 - [1.8] VerifyError with anonymous subclass inside of lambda expression in the superclass constructor call 
Bug 427745 - [1.8][compiler]javac compatibility @Retention Runtime ignored 
Bug 424154 - [1.8][compiler] PolyTypeBinding must not render the full lambda body in error messages 
Bug 403154 - IJavaElement.getAttachedJavadoc(IProgressMonitor) should throw exception if base URL is wrong 
Bug 410207 - Compiler incorrectly reports error message "X cannot be resolved. It is indirectly referenced from required .class files" 
Bug 410207 - Compiler incorrectly reports error message "X cannot be resolved. It is indirectly referenced from required .class files" 
Bug 410207 - Compiler incorrectly reports error message "X cannot be resolved. It is indirectly referenced from required .class files" 
Tests for Bug 425064 - [1.8][compiler] NPE in CaptureBinding.computeUniqueKey 
Tests for Bug 425064 - [1.8][compiler] NPE in CaptureBinding.computeUniqueKey 
Bug 425031 - [1.8] nondeterministic inference for GenericsRegressionTest.test283353 
Bug 425183 - [1.8][inference] make CaptureBinding18 safe 
Fixed Bug 425134 - [1.8][model] Implement IJavaElements for lambda expression 
Bug 411771 - [compiler][null] Enum constants not recognised as beingHEADmaster NonNull. Signed-off-by: Shankha Banerjee <shankhba@in.ibm.com> 
Bug 418743 - [1.8][null] contradictory annotations on invocation of generic method not reported 
Bug 427163 - [1.8][null] bogus error "Contradictory null specification" on varags 
Bug 411771 - [compiler][null] Enum constants not recognised as being NonNull. 
Fixed Bug 428522 - [1.8] VerifyError when a non primitive type cast to primitive type 
Bug 425040: [1.8][formatter] Add option: "Insert new line after type annotation" 
Bug 425040: [1.8][formatter] Add option: "Insert new line after type annotation" 
Fixed Bug 428285 - [1.8][compiler] ECJ fails to recognize ? super Object == { Object } 
Fixed Bug 428220 - [1.8][compiler] Javadoc processing interferes with type inference. 
Bug 396139 - [1.8] define which JRE8 build we are targeting in BETA_JAVA8 - adjust for 1.8 b129 (needed by GTT.test1035) 
Bug 426836 - [1.8] special handling for return type in references to method getClass()? 
Bug 427218 - [1.8][compiler] Verify error varargs + inference 
Fixed Bug 426984 + Bug 425897 capture incompatibility issues. 
Fixed Bug 426616 - [1.8][compiler] Type Annotations, multiple problems 
Bug 427265 - [1.8][compiler] Type inference with anonymous classes 
Bug 427265 - [1.8][compiler] Type inference with anonymous classes 
Bug 418537 - [1.8][null] Fix null type annotation analysis for poly conditional expressions 
Test for Bug 425278 - [1.8][compiler] Suspect error: The target type of this expression is not a well formed parameterized type due to bound(s) mismatch 
Bug 425040: [1.8][formatter] Add option: "Insert new line after type annotation" 
Bug 425040: [1.8][formatter] Add option: "Insert new line after type annotation" 
Bug 425040: [1.8][formatter] Add option: "Insert new line after type annotation" 
Bug 425040: [1.8][formatter] Add option: "Insert new line after type annotation" 
Bug 425183 - [1.8][inference] make CaptureBinding18 safe - genericTypeSignature() 
Bug 427223 - [1.8][compiler] NPE during resolution of generic method arg type 
Bug 427216 - [Java8] array to varargs regression 
Bug 427282 - [1.8][compiler] AIOOB (-1) at org.eclipse.jdt.internal.compiler.ClassFile.traverse(ClassFile.java:6209) 
Bug 427218 - [1.8][compiler] Verify error varargs + inference - avoid compile error going unreported 
[1.8] Follow ups to bug 427322 and bug 425084 
Fixed Bug 425084 - [1.8] eclipse freeze while attempting auto-completion with a 'try' pattern in a lambda 
junit for Bug 427282 - [1.8][compiler] AIOOB (-1) at org.eclipse.jdt.internal.compiler.ClassFile.traverse(ClassFile.java:6209) 
Bug 427224 - [1.8][inference] Reducing inner diamond against specific parameterization fails 
Fixed Bug 427255 - [1.8][code assist] Hang due to infinite loop in Parser.automatonWillShift 
Fixed Bug 426851 - [1.8][content assist] content assist for a type use annotation 
Fixed Bug 406744 - [1.8][compiler][codegen] LambdaConversionException seen when method reference targets a varargs method 
Fixed Bug 427207 - [1.8][bytecode] Runtime type problem: Instruction type does not match stack map 
Fixed Bug 427072 - [1.8][compiler] Regression since fix of bug 423505: Method is ambiguous for type X 
Bug 423505 - [1.8] Implement "18.5.4 More Specific Method Inference" 
Bug 425063 - [1.8][compiler] Type mismatch: cannot convert from int to Comparable<? super Comparable<? super U>> - test (passing) 
Bug 410207 - Compiler incorrectly reports error message "X cannot be resolved. It is indirectly referenced from required .class files" 
(Disabled) junits for Bug 406744 - [1.8][compiler][codegen] LambdaConversionException seen when method reference targets a varargs method. 
Bug 425152 - [1.8] [compiler] Lambda Expression not resolved but flow analyzed leading to NPE. 
Bug 424403 - [1.8][compiler] Generic method call with method reference argument fails to resolve properly. 
Fixed Bug 425512 - [1.8][compiler] Arrays should NOT be allowed in intersection casts 
Bug 424415 - [1.8][compiler] Eventual resolution of ReferenceExpression is not seen to be happening. 
Bug 410207 - Compiler incorrectly reports error message "X cannot be resolved. It is indirectly referenced from required .class files" 
Bug 425156 - [1.8] Lambda as an argument is flagged with incompatible error 
Fixed Bug 425512 - [1.8][compiler] Arrays should be allowed in intersection casts 
Bug 425278 - [1.8][compiler] Suspect error: The target type of this expression is not a well formed parameterized type due to bound(s) mismatch 
Bug 425153 - [1.8] Having wildcard allows incompatible types in a lambda expression 
Bug 425142 - [1.8][compiler] NPE in ConstraintTypeFormula.reduceSubType 
Bug 425152 - [1.8] [compiler] Lambda Expression not resolved but flow analyzed leading to NPE. 
[1.8] Test for Bug 425152 - [1.8] [compiler] Lambda Expression not resolved but flow analyzed leading to NPE. 
[1.8] Tests for Bug 425084 - [1.8] eclipse freeze while attempting auto-completion with a 'try' pattern in a lambda 
Fixed Bug 424444 - [1.8] VerifyError when constructor reference used with primitive array 
Fixed Bug 423584 - [1.8][dom ast] NPE in LambdaExpression#getMethodBinding() for lambda with unresolved type 
Fixed Bug 424080 - [1.8][completion] Workbench hanging on code completion with lambda expression containing anonymous class 
Bug 423504 - [1.8] Implement "18.5.3 Functional Interface Parameterization Inference" 
Fixed Bug 423582 - [1.8] CCE in TypeBinding.isCastCompatible for PolyTypeBinding 
Test for Bug 401783 (passing). 
[1.8] Cumulate commit for bugs 421903, 421901, 421898, 401847 
Fixed Bug 421897 - [1.8][compiler] Errors in lambda body should not influence overload resolution. 
Bug 415413 - [compiler][null] NullpointerException in Null Analysis caused by interaction of LoopingFlowContext and FinallyFlowContext - fix and more tests 
Bug 415413 - [compiler][null] NullpointerException in Null Analysis caused by interaction of LoopingFlowContext and FinallyFlowContext - Test 
Fix for bug 417669 - Adding new test 
Bug 417758 - [1.8][null] Null safety compromise during array creation 
Bug 417759 - [1.8][null] NPE during null analysis 
Bug 396139 - [1.8] define which JRE8 build we are targeting in BETA_JAVA8 - adjust to tests to method renaming in Comparator as of b106 
Bug 415413 - [compiler][null] NullpointerException in Null Analysis caused by interaction of LoopingFlowContext and FinallyFlowContext - fix and more tests 
Bug 415413 - [compiler][null] NullpointerException in Null Analysis caused by interaction of LoopingFlowContext and FinallyFlowContext - Test 
Bug 414380 - [compiler][internal] QualifiedNameReference#indexOfFirstFieldBinding does not point to the first field 
Bug 415043 - [1.8][null] Follow-up re null type annotations after bug 392099 
Fixed test failures to original fix for Bug 415470 - [1.8][compiler] Type annotations on class declaration go vanishing 
Bug 403457 - [1.8][compiler] NPE in WildcardBinding.signature - one more test 
Fixed Bug 409250 - [1.8][compiler] Various loose ends in 308 code generation. 
Fixed Bug 414384 - [1.8] type annotation on abbreviated inner class is not marked as inner type 
Fixed Bug 415470 - [1.8][compiler] Type annotations on class declaration go vanishing 
Fix for bug 408038 - Nested classes which implement Externalizable should not have an unused no-arg constructor warning 
Bug 409765: Extracting Javadoc from 1.7-style generated doc doesn't work reliably 
Fixed Bug 408031 - Erasure of method signature should not include type parameters 
Bug 415043 - [1.8][null] Follow-up re null type annotations after bug 392099 - (9) nullness conflict formal/actual type parameter   - incl. fixes for annotated type variables 
Bug 415043 - [1.8][null] Follow-up re null type annotations after bug 392099 - (8) nullAnnotatedReadableName(): remove from RB, improve for PTB   - incl. a fix for detecting mismatch due to enclosing 
Bug 415043 - [1.8][null] Follow-up re null type annotations after bug 392099 - (7) tidy: include ArrayBinding in this treatment 
Bug 415043 - [1.8][null] Follow-up re null type annotations after bug 392099 - (4) only reduced flow analysis here (only NON_NULL) 
Bug 415043 - [1.8][null] Follow-up re null type annotations after bug 392099 - (3) report detailed typing issues in ReturnExpression 
Bug 415043 - [1.8][null] Follow-up re null type annotations after bug 392099 - (2) ConditionalExpression: always use unannotated() unless identical 
Bug 415043 - [1.8][null] Follow-up re null type annotations after bug 392099 - (1): remove residue of intermediate work 
Fixed Bug 409246 - [1.8][compiler] Type annotations on catch parameters not handled properly. 
Bug 392384 - [1.8][compiler][null] Restore nullness info from type annotations in class files - fix for methods with synthetic args (outer this). 
Fixed Bug 409244 - [1.8][compiler] Type annotations on redundant casts dropped. 
Bug 392384 - [1.8][compiler][null] Restore nullness info from type annotations in class files 
Fix for Bug 409236- [1.8][compiler] Type annotations on intersection cast types dropped by code generator 
Fix for Bug 409247 - [1.8][compiler] Verify error with code allocating multidimensional array. 
Fix for Bug 409245 - [1.8][compiler] Type annotations dropped when call is routed through a synthetic bridge method 
Fix for Bug 411273 -[1.8][compiler] Bogus error about unhandled exceptions for unchecked exceptions thrown by method reference. 
Bug 409765: Extracting Javadoc from 1.7-style generated doc doesn't work reliably 
Fix for Bug 412726 [1.8] API for checking if an anonymous class creation corresponds to a Functional interface 
Fix for bug 408038 - Nested classes which implement Externalizable should not have an unused no-arg constructor warning 
Bug 409765: Extracting Javadoc from 1.7-style generated doc doesn't work reliably 
Fixed Bug 408031 - Erasure of method signature should not include type parameters 
Fix for bug 403414 - Disabling test for all platforms 
Fixed Bug 407364 - [1.8][dom ast] Incorrect ASTRewrite for QualifiedType 
Fix for bug 403414 - Disabling the test JavaProjectTests.testRootGetPackageFragments3 in windows 
Bug 403147 - [compiler][null] FUP of bug 400761: consolidate interaction between unboxing, NPE, and deferred checking - uniform checking for all relevant AST nodes 
Bug 403147 - [compiler][null] FUP of bug 400761: consolidate interaction between unboxing, NPE, and deferred checking - deferred checking 
Bug 405706 - Eclipse compiler fails to give compiler error when return type is a inferred generic 
Bug 405699: [ast rewrite] AST Rewrite misses modification in node inside ASTNode.copySubtree(..) 
(triggered by bug 405699) mention ASTRewrite in recordModifications() API 
Bug 403086 - [compiler][null] include the effect of 'assert' in syntactic null analysis for fields 
Bug 402993 - [null] Follow up of bug 401088: Missing warning about redundant null check 
Bug 404251: ASTRewriteFlattener#visit(InfixExpression) has error (missing critical whitespace) 
Fix for bug 403414 - Disabling test for all platforms 
Fix for bug 403414 - Disabling the test JavaProjectTests.testRootGetPackageFragments3 in windows 
Fixed https://bugs.eclipse.org/bugs/show_bug.cgi?id=406760 
Fixed Bug 406773 - [1.8][compiler][codegen] "java.lang.IncompatibleClassChangeError" caused by attempted invocation of private constructor 
Added (disabled) test for bug 406744 
Bug 217966: Flags#toString API deserves improvements 
Bug 403147 - [compiler][null] FUP of bug 400761: consolidate interaction between unboxing, NPE, and deferred checking - uniform checking for all relevant AST nodes 
Bug 403147 - [compiler][null] FUP of bug 400761: consolidate interaction between unboxing, NPE, and deferred checking - deferred checking 
Bug 405706 - Eclipse compiler fails to give compiler error when return type is a inferred generic 
Bug 405699: [ast rewrite] AST Rewrite misses modification in node inside ASTNode.copySubtree(..) 
(triggered by bug 405699) mention ASTRewrite in recordModifications() API 
Bug 403086 - [compiler][null] include the effect of 'assert' in syntactic null analysis for fields 
Bug 402993 - [null] Follow up of bug 401088: Missing warning about redundant null check 
Bug 404251: ASTRewriteFlattener#visit(InfixExpression) has error (missing critical whitespace) 
Fix for bug 367669 - Removing the trouble shooting logs 
Fix for bug 403414 - Fixing the failing test to use unique project names 
Fix for bug 403036 - Wrong message is shown when there is no content for Javadoc 
Bug 401726: No ITypeHierarchyChangedListener#typeHierarchyChanged(..) event for added type with parametrized supertype 
Bug 392581: [content assist] after "super.", enclosing method should be first proposal 
Fix for bug 392581 - [content assist] after "super.", enclosing method should be first proposal 
Fix for bug 367669 - Removing the trouble shooting logs 
Fix for bug 403414 - Fixing the failing test to use unique project names 
Fixed Bug 403444 - [1.8][dom ast] CCE when resolving binding for malformed LambdaExpression in JLS4 AST 
Fixed Bug 403581 - [1.8][compiler] Compile error on varargs annotations. 
Bug 403216 - [1.8][null] TypeReference#captureTypeAnnotations treats type annotations as type argument annotations Bug 403457 - [1.8][compiler] NPE in WildcardBinding.signature 
Bug 392099 - [1.8][compiler][null] Apply null annotation on types for null analysis Bug 403216 - [1.8][null] TypeReference#captureTypeAnnotations treats type annotations as type argument annotations Bug 403457 - [1.8][compiler] NPE in WildcardBinding.signature 
Follow on fix to Bug 403410 - Modifiers should be rejected on receiver parameters 
Fixed Bug 403410 - Modifiers should be rejected on receiver parameters 
Follow on fix to Bug 403132 - [1.8][DOM] Incorrect ASTConversion for Annotations on inner classes of Receiver 
Fixed Bug 403132 - [1.8][DOM] Incorrect ASTConversion for Annotations on inner classes of Receiver 
Fix for bug 403036 - Wrong message is shown when there is no content for Javadoc 
Fixed Bug 402618 - [1.8][compiler] Compiler fails to resolve type annotations on method/constructor references 
Fixed Bug 401769 - [1.8][compiler] Explore solutions with better performance characteristics than LambdaExpression#copy() 
Bug 401796 - [1.8][compiler] don't treat default methods as overriding an independent inherited abstract method Bug 402237 - [1.8][compiler] investigate differences between compilers re MethodVerifyTest 
Fix for Bug 401790 and bug 401789 
Bug 401726: No ITypeHierarchyChangedListener#typeHierarchyChanged(..) event for added type with parametrized supertype 
Bug 392581: [content assist] after "super.", enclosing method should be first proposal 
Fix for bug 392581 - Adding regression tests 
master - Fix for bug 396084: updating the manifest and pom.xml 
Fix for bug 396000 - Annotation processing got disabled, since it requires a 1.6 compliant JVM 
Bug 392581: [content assist] after "super.", enclosing method should be first proposal 
Fix for bug 392581 - Adding regression tests 
Fix for bug 392581 - [content assist] after "super.", enclosing method should be first proposal 
Fixed 399452: [1.8] Investigate failures against b74 
Fix for bug 399453 - [1.8][compiler] Annotation preceding the first dimension in array creation expression is added to the type 
master - Fix for bug 396084: updating the manifest and pom.xml 
Fix for bug 396084 - Updating the bundle versions in MANIFEST and pom.xml 
Fixed bug 380750: [compiler] local incorrectly flagged as uninitialized due to fix for bug 359495 
Fixed bug 380750: [compiler] local incorrectly flagged as uninitialized due to fix for bug 359495 
Fixed bug 380750: [compiler] local incorrectly flagged as uninitialized due to fix for bug 359495 
Fixed bug 380750: [compiler] local incorrectly flagged as uninitialized due to fix for bug 359495 
Fix for bug 396000 - Annotation processing got disabled, since it requires a 1.6 compliant JVM 
Fix for bug 394967 - PackageFragment.getAttachedJavadoc returns the complete HTML page rather than the package documentation section. 
Fix for bug 394967 - PackageFragment.getAttachedJavadoc returns the complete HTML page rather than the package documentation section. 
Fix for bug 394355 - [1.8][compiler] Declaration annotations should be rejected on receiver parameter (test only) 
Fix for bug 391464: [1.8][compiler] Compiler fails to resolve annotations in a few places 
Bug 385415 - Incorrect resource leak detection 
Fix for bug 385137: [1.8][compiler] Type annotations must not be allowed on static member access. 
Fixed bug 388085: [1.8][compiler] Type annotations on a wildcard type argument are not supported 
Bug 385415 - Incorrect resource leak detection 
Bug 375409 - Add missing Javadoc compile options to batch compiler 
Test & fix for bug 384870 - [compiler] @Deprecated annotation not detected if preceded by other annotation 
Bug 375409 - Add missing Javadoc compile options to batch compiler 
Fixed bug 385374: [1.8][compiler] JSR308 style annotations on JSR335 rules 
Fixed bug 385132: [1.8][compiler] syntax error says "ARROW" or "COLON_COLON" where it shouls say "->" or "::" 
Test & fix for bug 384870 - [compiler] @Deprecated annotation not detected if preceded by other annotation 
Bug 380501 - [1.8][compiler] Add support for default methods (JSR 335) - Integrate DefaultMethodsTest into the suite. 
Fixed bug 380750: [compiler] local incorrectly flagged as uninitialized due to fix for bug 359495 
Fixed bug 380750: [compiler] local incorrectly flagged as uninitialized due to fix for bug 359495 
Fix for bug 375971: [search] Not finding method references with generics 
Fixed bug 376734: [Backport] Organize imports wipes comments between statements [code manipulation] 
Fixed bug 376734: [Backport] Organize imports wipes comments between statements [code manipulation] 
Fixed bug 376734: [Backport] Organize imports wipes comments between statements [code manipulation] 
master - Fix for bug 376724: ExternalFoldersManager still has synchronization gaps 
Master: Fixed a resource leak warning - 376837 
HEAD - Fix for 375903: APT uses deprecated AST.JLS3 
Fixed bug 375248: AIOOBE inside twr with finally block 
Fixed bug 375248: AIOOBE inside twr with finally block org.eclipse.jdt.core.tests.compiler/src/org/eclipse/jdt/core/tests/compiler/regression/TryWithResourcesStatementTest.java 
Fixed bug 375248: AIOOBE inside twr with finally block 
Disabled tests for https://bugs.eclipse.org/bugs/show_bug.cgi?id=375248 
HEAD - Troubleshooting logs for bug 367669 
javadoc update for Bug 265744 - Enum switch should warn about missing default 
HEAD - Fixed bug 265744: Enum switch should warn about missing default 
HEAD - Debuging Logs added for troubleshooting bug 367669 
HEAD - Fixed bug 365531: [compiler][null] investigate alternative strategy for internally encoding nullness defaults 
HEAD - Fixed bug 365531: [compiler][null] investigate alternative strategy for internally encoding nullness defaults 
HEAD - Upddating build notes for bug 369595 
HEAD - Fix for 369595: Javadoc fixes for IClasspathAttribute.SOURCE_ATTACHMENT_ENCODING 
 Fixed bug 365582: FUP of bug 361938: Other error code pattern 
Fixed bug 368435: [compiler] NPE while compile a method with unused local 
HEAD - Fixed bug 362331: Resource leak not detected when closeable not assigned to variable 
HEAD - Fixed bug 358903: Filter practically unimportant resource leak warnings 
HEAD - Fixed Bug 365519 - editorial cleanup after bug 186342 and bug 365387 
Fixed bug 368435: [compiler] NPE while compile a method with unused local 
Fixed bug 368435: [compiler] NPE while compile a method with unused local 
[3.7]Fix for 302850: 13 failures in JavaModel tests for the N20100214-2000 Mac OS X - Cocoa test machine 
Fix for 346175 - @SuppressWarnings should clear all errors including fatal optional errors 
Fix for 308250: 13 failures in JavaModel tests for the N20100214-2000 Mac OSX-Cocoa test machine 
HEAD - Fixed bug 367154: [compiler][null] Problem in propagating null defaults. 
HEAD - Fixed bug 365566: set resource leak diagnostic to "ignore" until bug 358903 is fixed 
HEAD - Fixed bug 365566: set resource leak diagnostic to "ignore" until bug 358903 is fixed 
HEAD - Updated new APIs from bug 359943 in buildnotes 
HEAD - Fixed bug 359943: invokedynamic in generated class file is not correctly recognized by the eclipse compiler 
HEAD - Add test for bug 359943: invokedynamic in generated class file is not correctly recognized by the eclipse compiler 
HEAD - Fixed bug 359943: invokedynamic in generated class file is not correctly recognized by the eclipse compiler 
HEAD - Fixed bug 359943: invokedynamic in generated class file is not correctly recognized by the eclipse compiler 
3.6 maintenance Java 7 - Fixed bug 359495: [1.7][compiler] VerifyError in try-finally block with lock encompassing for-each block and unlock in finally clause 
3.6 maintenance Java 7 - Fixed bug 359495: [1.7][compiler] VerifyError in try-finally block with lock encompassing for-each block and unlock in finally clause 
R3_7_maintenance - fixed Bug 359495: [1.7][compiler] VerifyError in try-finally block with lock encompassing for-each block and unlock in finally clause 
R3_7_maintenance - fixed Bug 359495: [1.7][compiler] VerifyError in try-finally block with lock encompassing for-each block and unlock in finally clause 
HEAD - fixed bug 359495: [1.7][compiler] VerifyError in try-finally block with lock encompassing for-each block and unlock in finally clause 
HEAD - fixed bug 359495: [1.7][compiler] VerifyError in try-finally block with lock encompassing for-each block and unlock in finally clause 
HEAD- Fix for 345949: [compiler] Inconsistent name clash behavior vis-a-vis javac7 
HEAD- Fixed bug 352412: Switching on strings in 1.6- modes produces misleading message 
BETA_JAVA7 - Fixed bug 351170: [1.7] ASTRewrite issues in Try with resources 
BETA_JAVA7 - Fixed bug 351170: [1.7] ASTRewrite issues in Try with resources 
BETA_JAVA7 - Fixed bug 352496: tests using wrong version of JCL 
BETA_JAVA7 - Fixed bug 351170: [1.7] ASTRewrite issues in Try with resources 
HEAD - Revert fix for 336648: wrong compiler problem "The value of the local variable xxx is not used" HEAD - Reverting fix for 343621: Setting "Unchecked generic type operation" to Error is disabling/hiding other Warning settings 
BETA_JAVA7 - Regression test for 343621: Setting "Unchecked generic type operation" to Error is disabling/hiding other Warning settings 
BETA_JAVA7 - Reverting fix for 343621: Setting "Unchecked generic type operation" to Error is disabling/hiding other Warning settings and reverting fix for 336648: wrong compiler problem "The value of the local variable xxx is not used" 
BETA_JAVA7 - Reverting fix for 343621: Setting "Unchecked generic type operation" to Error is disabling/hiding other Warning settings and reverting fix for 336648: wrong compiler problem "The value of the local variable xxx is not used" 
HEAD - Revert fix for 336648: wrong compiler problem "The value of the local variable xxx is not used" HEAD - Reverting fix for 343621: Setting "Unchecked generic type operation" to Error is disabling/hiding other Warning settings 
HEAD - Revert fix for 336648: wrong compiler problem "The value of the local variable xxx is not used" HEAD - Reverting fix for 343621: Setting "Unchecked generic type operation" to Error is disabling/hiding other Warning settings 
HEAD - Revert fix for 336648: wrong compiler problem "The value of the local variable xxx is not used" HEAD - Reverting fix for 343621: Setting "Unchecked generic type operation" to Error is disabling/hiding other Warning settings 
HEAD - Fixed bug 343621: Setting "Unchecked generic type operation" to Error is disabling/hiding other Warning settings 
BETA_JAVA7 - Fixed bug 343621: Setting "Unchecked generic type operation" to Error is disabling/hiding other Warning settings 
HEAD - Fixed bug 343621: Setting "Unchecked generic type operation" to Error is disabling/hiding other Warning settings 
BETA_JAVA7 - Fixed bug 343621: Setting "Unchecked generic type operation" to Error is disabling/hiding other Warning settings 
HEAD - Fixed bug 343621: Setting "Unchecked generic type operation" to Error is disabling/hiding other Warning settings 
BETA_JAVA7: Additional test harness for bug 302850: 13 failures in JavaModel tests for the N20100214-2000 Mac OS X - Cocoa test machine 
Additional test harness for bug 302850: 13 failures in JavaModel tests for the N20100214-2000 Mac OS X - Cocoa test machine 
BETA_JAVA7 - Stephen's fix for 337868: [compiler][model] incomplete support for package-info.java when using SearchableEnvironment 
BETA_JAVA7 - Stephen's fix for 337868: [compiler][model] incomplete support for package-info.java when using SearchableEnvironment 
HEAD Fixed bug 337868: [compiler][model] incomplete support for package-info.java when using SearchableEnvironment 
HEAD - Fixed bug 337868: [compiler][model] incomplete support for package-info.java when using SearchableEnvironment 
BETA_JAVA7 - Fixed bug 335093: [compiler][null] minimal hook for future null annotation support 
HEAD - Fixed bug 335093: [compiler][null] minimal hook for future null annotation support 
HEAD- fix for 332268 
Bug 329156 - tests for compilation of Java types generated in final round. 
HEAD - Fix for 329156 
HEAD - 229042 Modified error message 
HEAD - Fix for 229042 
HEAD - Fix for 325270 
HEAD - Fix for 325270 
HEAD - Fix for 324109 
3.6 maintenance - Fix for 324154 
HEAD - Fix for 324154 
HEAD - Fix for 321115 
HEAD - Fix for 321115 
JSR_308 - 313965 (Fixed the comment) 
JSR_308 - 313965 
HEAD - 313965 
JSR_308 - 306223 (Satyam's patch https://bugs.eclipse.org/bugs/attachment.cgi?id=163599) 
HEAD - 306223 (Satyam's patch https://bugs.eclipse.org/bugs/attachment.cgi?id=163599) 
HEAD - 306223 (Satyam's patch https://bugs.eclipse.org/bugs/attachment.cgi?id=163599) 
JSR_308 - 305122 
HEAD - 305122 
JSR_308 - 306196 (Satyam's patch https://bugs.eclipse.org/bugs/attachment.cgi?id=162740) 
HEAD - 306196 (Satyam's patch https://bugs.eclipse.org/bugs/attachment.cgi?id=162740) 
JSR_308 - Fix for 304031 
HEAD - Fix for 304031 
jsr308 branch - Fix for 251227 
Head - Fix for 251227 
JSR_308 - Fix for 253896 
JSR_308 - Fix for 253896 
JSR_308 - Fix for 253896 
JSR_308 - Fix for 253896 
HEAD - Fix for 253896 
HEAD - Fix for 253896 
JSR_308 - Fix for 150409 
JSR_308 - Fix for 150409 
HEAD - Fix for 150409 
jsr308 branch - Fix for 302919 + 302358 
Head - Fix for 302919 
jsr308 branch - Fix for 294057 
Head - Fix for 294057 
3.3 maintenance - Fix for 299053 
3.4 maintenance - Fix for 299051 
3.2 maintenance - Fix for 299054 
JSR_308 - 264112 
HEAD - 264112 
HEAD - 264112 
JSR_308 - Re-enable disable test for 150409 
HEAD - Enabled disabled regression tests (150409) 
JSR_308 - Fix for 295948 
HEAD - Fix for 295948 
3.5.2 maintenance branch (defect #277643) 
JSR_308 - Add 277643 to buildnotes 
jsr308 branch - Fix for 277643 
Head - Fix for 277643 
JSR_308 - Fix for 295260 
HEAD - Fix for 295260 
JSR_308 - 194258 + 235253 (Jay's patch: https://bugs.eclipse.org/bugs/attachment.cgi?id=152135) 
HEAD - Fix for 293955 
HEAD - Fix JCK failure introduced by fix for 285002 
HEAD - Fix for 241549 
HEAD - Fix for 293777 
HEAD - Fix for 293777 
HEAD - 285002 
HEAD - Fix for 291964 
HEAD - Binary and underscores literals (291964) 
HEAD - Fix for 280784 (2) 
HEAD - Fix for 280784 
3.5 maintenance - Fix for 290877 
HEAD - Fix for 290877 
HEAD - Fix for 285230 
HEAD - Fix for 285230 
R3_5_maintenance - 284431 
HEAD - Fix for 284431 
HEAD - Regression test for 284431 
3.5 maintenance - Fix for 277450 
HEAD - Fix for 277450 
HEAD - Fix for 240934 
HEAD - Fix for 240934 (update bundle version) 
HEAD - Fix for 240934 
HEAD - Fix for 277669 
HEAD - Revert fix for bug 275853 
HEAD - Fix for 275853 
HEAD - Contribution for 3.5M7 build (I20090429-0100) 
APT v20090426-0325 
HEAD - 254901 (Dani's patch) 
HEAD - 266837 
HEAD - bug 262932 
R3_4_maintenance - Remove 260276 which is considered as a duplicate of 239607 
R3_4_maintenance - 239607, 260276 
HEAD - 254998, 239607, 260276 
HEAD - 259607 
3.4.x - 257434 
HEAD - 257434 
HEAD - undid 240807 
HEAD - Add new regression tests for 255040 
HEAD - 240807 
HEAD - bug 211256 
HEAD - bug 211256 
HEAD - 253891 
R3_4_maintenance - 253892 (still in v_888_R34x) 
3.3.x - 250975 
3.4.x - 250975 
HEAD - 250975 
3.4.x - 242448 
HEAD - 128563 
128563 (head) 
247292+128563+247307 (head) 
HEAD - 142990 
242448 for HEAD 
HEAD - Contribution for 20080812-0800 
HEAD - Fix for 243653 
HEAD - Fix for 240349 
R3_4_maintenance - 239941 
R3_4_maintenance - 239719 
HEAD - 239941 
HEAD - 239719 
238484 for 34x 
238484 for 33x 
238484 for HEAD 
234619+235921+235882 for 3.4.x 
234619 
234619 for 3.3.x 
229480 
229480 
229480 
HEAD - Add 229526 to buildnotes 
219855 - 3.3.x branch 
R3_2_maintenance - 225744 
219855 - 3.2.x 
219855 
Temporarily disable test clause to work around bug 208454 
33x - 167262 
HEAD - 167262+220967 
HEAD - 215333 
HEAD - 127739 
HEAD - 181981 
R3_3_maintenance - 187430 
HEAD - 208541 
HEAD - remove 208541 
HEAD - 208541 
HEAD - 187430, 207754 
HEAD - 187430 
111093 
R3_3_maintenance - 205860 
HEAD - 205860 
202404,159214,203318,169049,203905,203061 
HEAD - 190970 
HEAD - 73352, 86769, 125518, 168849, 190970, 195374 
HEAD - 73352, 86769, 125518, 168849, 190970, 192449, 195374 
Bug 203900: Generated file dependencies not always serialized Bug 204056: Disabling annotation processing does not remove generated files 
Bug 203900: Generated file dependencies not always serialized Bug 204056: Disabling annotation processing does not remove generated files 
Bug 203900: Generated file dependencies not always serialized Bug 204056: Disabling annotation processing does not remove generated files 
Bug 203900: Generated file dependencies not always serialized Bug 204056: Disabling annotation processing does not remove generated files 
203905 
198955 - test case (the bug is a dupe of 184298) 
HEAD - Fix for 185350 + 182359 
HEAD - Fix for 185350 + 182359 
HEAD - 152562, 152578, 183923 
3.3 maintenance - Fix for 197169, 198153 and 109636 
3.3 maintenance - Fix for 197169, 198153 and 109636 
HEAD - Fix for 197169 
195468+195802+194034 
bug 195774 is valid indeed - deferred, so deactivated test 87 
Tests cases for (invalid) bug 195774. 
3.3 maintenance - Fix for 171703 
HEAD - Fix for 171703 
HEAD - 95288 
HEAD - 195263 
HEAD - 163229 
HEAD - 195091 
HEAD - bug 99631 
194034 + 185037 
HEAD - Fix for 193570 
HEAD - Fix for 193570 
perf_32x - bug 133141 
HEAD - bug 133141 
HEAD - bug 133141 
HEAD - bug 133141 
HEAD - 184546 
HEAD - 184546 
Bug 185220: problems reported via Messager should show up as problem markers, not as log entries. 
Bug 185220 - preliminary implementation of Messager for IDE java 6 annotation processing. 
HEAD - Disable regression test for bug 184546 
HEAD - Disable regression test for bug 184546 
HEAD - Fix for 184102 
HEAD - bug 182204 
176808 
179477 
179477 
HEAD - bug 179258 
179477 
HEAD - bug 179477 
HEAD - Fixes for 179065 and 179042 
HEAD - bug 177319 
Workaround for bug 99638, package deprecation warnings randomly showing up. 
HEAD - 172345, 174348 
HEAD - 174348 
HEAD - Fix for 167317 
HEAD - Fix for 167317 
HEAD - Fix for 167317 
HEAD - Fix for 167317 
HEAD - Fix for 34373 
HEAD - Fix for 171634 
HEAD - 140340 
R3_2_maintenance - released test1094 for (duplicate) bug 167268 
HEAD - activated test case 1094 for (duplicate) bug 167268 
HEAD - Fix for 168088 
HEAD - Fix for 168088 
HEAD - Add disabled regression test for 167268 
HEAD - 165701, 165794 
HEAD - 165794 
R3_2_maintenance - bug 161557 
HEAD - Regression test for 160198 
HEAD - 164091, 164092 
3.2 maintenance - Fix for 162296 
Reopen build notes + 163896 
3.2 maintenance - Fix for 163896 
HEAD - bug 162743 
HEAD - Fix for 162296 
3.2 maintenance - Fix for 161555 and 161459 
3.2 maintenance - Fix for 161555 
HEAD - 161581 
HEAD - Fix for 161555 
HEAD - bug 161557 
HEAD - Fix for 161554 
159607 
R3_2_maintenance - 150289 
HEAD - 150289 
Branch 3.2.1 - Remove 149042 from buildnotes 
HEAD - test case for (invalid) bug 155117 
HEAD - Disabled test for 150409 
HEAD - Regression test for 149042 
HEAD - 139555 
147024 
147024 
HEAD - 139555 
Branch 3.2.1 - regression test for 144261 
HEAD - regression test for 144261 
TARGET_321 - Fixing getDefaultOptions javadoc in fup of 110797 
HEAD - Javadoc only - catch up for compiler options description in getDefaultOptions relatively to bug 110797 
140569 
HEAD - Fix for 140318 
HEAD - 140301 
HEAD - Regression test for 138443 
HEAD - Back out fix for 137975 
HEAD - Fix for 137975 
HEAD - Fix for 137975 
HEAD - bug 136972 
HEAD - bug 135997 
HEAD - Fix for 133848 
HEAD - Fix for 133848 
HEAD - Fix for 133848 
HEAD - Fix for 133848 
122775 
HEAD - Regression tests for 128539 
bugzilla 126801 - remove reliance on o.e.ui.internal.preferences.WorkingCopyManager 
HEAD - Fix for 127181 
HEAD - 108539 
HEAD - Fix for 125270 
HEAD - 99620 
HEAD - 124117 
3.1 maintenance - Regression test for 121231 
wharley - Bugzilla 114272: context help should explain the rules for the generated src folder.  Also, changed default name of folder to ".apt_generated". 
116573 + 117861 
116573 
115040 
HEAD - Added regression test for 116573 
116573 
HEAD - Fix for 110797 
HEAD - regression test for 114365 
HEAD - bug 113765 
wharley - bugzilla 113923 - checkboxes in Factory Path dialog not working. 
wharley - bugzilla 113923 - checkboxes in Factory Path dialog not working. 
HEAD - Code assist in Javadoc: bugs 87868, 86112, 67732, 22043 
112381 
HEAD - Fix for 109963 
3.1 maintenance - Fix for 109963 
HEAD - Submission for 200509192000 
HEAD - Submission for 20050919 
99662, 99903, 106964 
99903, 106964 
99903 
99662, 99903, 100772, 106964 
99903 
99903, 100772 
3.1 maintenance - Submission for 200508110400 
HEAD - Fix for 105192 
clarify spec for package javadoc (bug 99423) 
103994 
103994 
98532 
99428 
bug 99629 
HEAD - Fix for 99142 
HEAD - Fix for 99142 
HEAD - Fix for 98954 
HEAD - Fix for 98954 
HEAD - Fix for 97744 
HEAD - Fix for 97744 
97161 
97161 
97164 
bug 95167 
95963 + 96134 
94150 
94092 
HEAD - Fix for 93905 
HEAD  - Fix for 95262 
HEAD  - Fix for 95262 
HEAD - Fix for 95211 
APT - patch org.eclipse.jdt.core.559521 
94928 
APT - patch org.eclipse.jdt.core.559521 
Initial commit from BEA, bringing CVS up to date from P4 changelist 559521 
Initial commit from BEA, bringing CVS up to date from P4 changelist 559521 
88082 
88082 
84244 
82208 (fix all search types) 
3336, 82208 
92588 
APT - patch_v_548_to_p4_539945 
89470 + 90423 
90423 
90423 
bug 89477 
bug 85379 
85262 
HEAD - Fix for 85226 
HEAD - Fix for 85397 
HEAD - Fix for 85397 and disassembling of .class file for method descriptor 
83599 (improved) 
83599 
HEAD - Regression tests for 83515 
Add protection against null target (see bug 65738) 
HEAD - Fixing boggus test for 77645 
Clean up specs (bug 79136) 
HEAD - Fix for 79609 
73971 
HEAD - Fix for 77645 
bug 78801 
HEAD - Fix for 77398 
HEAD - Added test for 77398 
Add ITypeBinding.isGenericType() (bug 78266) 
77644, 73784 73784 77644 
75156 
75561 
73696 
HEAD - Fix for 74355 
HEAD - Fix for 74355 
74244 
HEAD - Fix for 73896 
HEAD - 73696 
73696 
57585 
68017, 68025, 68087, 69272, 69275, 69302 
68017, 68025, 68087, 69272, 69275, 69302 
68017, 69302 
68017, 68025, 68087, 69272, 69275, 69302 
68017, 68025, 68087, 69272, 69275, 69302 
68017, 69302 
67769 
41434 (hashcode now parameter order dependent) 
41434 
66551, 66573 
66573 
65174, 65180, 65253, 65288 
65174, 65253, 65288 
65795 
bug 65737 
HEAD - Fix for 63871 
Stream 1.5 - Fix for 62292 
57749 
58652 
HEAD - Fix for 59716 
Added ICompilationUnit.NO_AST (bug 58782) 
Fixes for 50586, 52851, 52283, 52479, 52246, 52429, 51623, 52305, 52746 and 52804 
THAW_402 - Merge with HEAD: fix for bug 51226 
51226 
Merge 50938 fix in HEAD 
50938 
50877 
50877 
47396, 50831, 50877, 50880 
50781, 50784, 50785 
50781, 50784, 50785 
50781, 50784, 50785 
50781, 50785 
50784 
39943 
Fix for 49243 
Cancel 40573 fix 
40573 
48617 
Fixes for 38732, 47976 and 41373 
Fixes for 47976 and 41373 
Improve spec for source positions (bug 39601) 
45865 
Fix for 43754 
bug 44092 
43656 
42589 
39887 (additional fix) 
Fix for 41373 
Fix for 40937 
Fix for 40937 
Fix for 41373 
40174 
40174 
Fix for bug 40804 
Fix for bug 40804 
Fix for 40240 
35632+35739+39009 
Update for 36211 
37541 
35899 
Fix for 37200 
Update for 36733 
36213 - 2.1.x stream 
36213 
35490 
Fix for 35561 
35561 
Update for 34029 
33475 & 33695 
33754 
24045 
update for 29527 
Fix for 28617 
Improve API specs for source classpath entry exclusion patterns (bug 24127) 
25396 
Fix for bug 25040 
Fix for 24268 
Fix for 24268 
Update for 14373 
Update for 15192 
*** empty log message *** 
Bug 436736 - Prep for 4.5 (Mars) and 4.4 maintenance builds 
Bug 478688 - Update parent pom to 4.5.2 
Fixed bug 442500: Breakpoints are not hit if there is an alternate stratum 
Fixed bug 442500: Breakpoints are not hit if there is an alternate stratum 
Bug 436736 - Prep for 4.5 (Mars) and 4.4 maintenance builds 
Bug 434612 - JDIModelPresentation can remove IDebugModelPresentation in implements section 
Bug 410944 - Add Java 8 support to Debug - EE / JRE descriptions 
Bug 421806 - [1.8] Debug support for Java 8 - update tests 
Bug 421806 - [1.8] Debug support for Java 8 - update tests 
Bug 413705 - 3 failures from MoveCompilationUnitTests 
Bug 415020 - 2 JavaLibraryPathTests fail with an error on all platforms 
Bug 414029 - Adapt to new Platform Debug API 
Bug 413900 - Error and Failure in HcrTests 
Bug 413900 - Error and Failure in HcrTests 
Bug 413705 - 3 failures from MoveCompilationUnitTests 
Bug 412786 - Contributed JREs should be more recognizable 
Bug 410944 - Add Java 8 support to Debug - EE / JRE descriptions 
Bug 403475 - Hot Code Replace drops too much frames in some cases 
Bug 403014 - [Backport][patch] Launching command line exceeds the process creation command limit on Windows 
Bug 403014 - [Backport][patch] Launching command line exceeds the process creation command limit on Windows 
Bug 403014 - [Backport][patch] Launching command line...update copyrights / bundle version 
Bug 403028 - EmptyStackExceptions from detail formatter 
Bug 399451 - Some projects have incorrect encoding set 
Bug 396085 - Merge in CBI patches from 4.2.2 into 4.3 (pom changes) for jdt.debug - missing root POM changes 
Bug 396086 - Merge in CBI patches from 4.2.2 into 4.3 (non-pom changes) for jdt.debug 
Bug 396085 - Merge in CBI patches from 4.2.2 into 4.3 (pom changes) for jdt.debug 
Bug 395704 - Update POM versions in jdt.debug 
Bug 385192 - Make environment variables rendering in Process Properties user-friendly 
Bug 369524 - 'Installed JREs > Search...' should also find JDKs from Developer Package 
Bug 369524 - [tests]'Installed JREs > Search...' should also find JDKs from Developer Package 
Bug 369524 - 'Installed JREs > Search...' should also find JDKs from Developer Package 
Fixed bug 375856: Launching JUnit runner is failing due to missing optional project(s) 
Fixed bug 350918: [java launching] Applet parameters containing unusual characters confuse eclipse 
Bug 374268 - Use the DebugTrace object to print to trace files v2.0 
Bug 374268 - Use the DebugTrace object to print to trace files 
Bug 335896 - Investigate support for alternate launching/attaching connectors 
Fixed bug 369480: launchingsupport.jar must be 1.1 compatible (was:1.4.2 JRE is not recognized in the latest M5 builds) 
Fixed bug 369480: launchingsupport.jar must be 1.1 compatible (was:1.4.2 JRE is not recognized in the latest M5 builds) 
Fixed bug 369480: launchingsupport.jar must be 1.1 compatible (was:1.4.2 JRE is not recognized in the latest M5 builds) 
Fixed bug 369480: launchingsupport.jar must be compiled against 1.4 (was:1.4.2 JRE is not recognized in the latest M5 builds) 
Bug 352413 - [1.7] Debugger should support binary literals and underscores while setting literals 
Bug 352413 - [1.7] Debugger should support binary literals and underscores while setting literals 
Bug 352413 - [1.7] Debugger should support binary literals and underscores while setting literals 
Bug 346116 - Java files open when inspecting the code, instead of Class file 
Bug 346116 - Java files open when inspecting the code, instead of Class file - make sure tests are JRE independent 
Bug 346116 - Java files open when inspecting the code, instead of Class file 
Fixed bug 342681: ProjectCreationDecorator test fails on Java 7 
Bug 340672 - Start Debug throws ArrayIndexOutOfBoundsException when JDK_HOME is a drive letter 
 Bug 325264 -  NPE in Java breakpoint properties page with JavaStratumLineBreakpoint 
Bug 324268 - Open from Clipboard action should report progress 
Bug 313314 - Missing "select all" button in "Debug Configuration" -> ... 
 Bug 308539 -  Debug creates many ASTs with bindings on Save 
 Bug 304057 -  Breakpoint hit count widget should take focus when enabled 
 Bug 286229 - Bad usages of URL#equals(Object) 
 Bug 286229 - Bad usages of URL#equals(Object) 
Bug 285323: DOCUMENTATION: Fix RuntimeClasspathEntry.getClasspathProperty https://bugs.eclipse.org/bugs/show_bug.cgi?id=285323 
Bug 225097 Get rid of outdated context Id "org.eclipse.ui.globalScope" 
Bug 184928 - [variables] stepping with logical structures loses selection 
revert: Bug 184928 - [variables] stepping with logical structures loses selection 
Bug 184928 - [variables] stepping with logical structures loses selection 
Bug 210978 - Library version and debug launch parameters could be separated 
Bug 210978 - Library version and debug launch parameters could be separated 
Bug 206747 CCE in LaunchConfigurationQueryParticipant when searching for references to method 
Bug 57515 [search] java search participant for launch configs 
Bug 204137 - Properties page for JRE System Library does not use dialog font everywhere 
Bug 199942 - EE definition file test failures 
Bug 199942 - EE definition file test failures 
Bug 190875 help id associated with wrong widget on two pref pages 
Bug 183621 Ensure plug-in dependencies are correct (versions) 
Bug 183621 Ensure plug-in dependencies are correct (versions) 
Bug 183621 Ensure plug-in dependencies are correct (versions) 
Bug 178617 JavaCore#setComplianceOptions(String, Map) is renamed 
Bug 152641 [java 1.6] Provide all instances feature in JDT debugger 
Bug 176853 Launch configurations go missing 
Bug 152641 [java 1.6] Provide all instances feature in JDT debugger 
Bug 153500 Asynchronous model viewer [removing old, unsed code] 
Bug 75852 [variables] Support for custom details view widgets. test suite updates 
Bug 153500 Asynchronous model viewer 
verified Bug 167244 NPE in JavaVariableCellModifier.canModify(..) 
Bug 167244 "Exception occurred: Evaluation failed - thread not suspended.." in Variables view 
Bug 161098 Unbuffered I/O detected in org.eclipse.jdt.internal.launching.LaunchingPlugin.restoreLibraryInfo 
Bug 152641 [java 1.6] Provide all instances feature in JDT debugger 
Bug 153500 Asynchronous model viewer [tree paths for label updates] 
Bug 153500 Asynchronous model viewer [remove unused label adapter] 
Bug 153500 Asynchronous model viewer 
Bug 153500 Asynchronous model viewer 
Bug 153500 Asynchronous model viewer 
Bug 153500 Asynchronous model viewer 
Bug 153500 Asynchronous model viewer 
Bug 158280 CCE in JDIObjectValue.getEnclosingObject 
Bug 153500 Asynchronous model viewer 
Bug 153500 Asynchronous model viewer 
(branch) Bug 153500 Asynchronous model viewer 
verified Bug 155123 Error message in the log from implementing an extension 
Bug 157042 [java 1.6] Need way to input counts for all instances / references 
layout update for Bug 157042 [java 1.6] Need way to input counts for all instances / references 
Bug 157042 [java 1.6] Need way to input counts for all instances / references 
removed testing code for 152641 
Bug 152641 [java 1.6] Provide all instances feature in JDT debugger 
Bug 153336 [breakpoints] translateToMembers is called to many times 
support for Bug 152641 - All instances and Bug 152653 - All references 
support for Bug 152641 - All instances and Bug 152653 - All references 
verified Bug 138877 Unable to locate source when clicking in console 
Bug 138877 Unable to locate source when clicking in console 
Bug 148918 [jre] remove discouraged access warnings in AddVMDialog 
review for - Bug 145350 JDI Enhancements for Java 6.0 
Review for Bug 145350 - JDI Enhancements for Java 6.0 
Review for Bug 145350 - JDI Enhancements for Java 6.0 
Review for Bug 145350 - JDI Enhancements for Java 6.0 
Review for Bug 145350 - JDI Enhancements for Java 6.0 
Review for Bug 145350 - JDI Enhancements for Java 6.0 
capabilities workaround for canGetClasFileInfo and canGetMethodReturnValue for Bug 145350 JDI Enhancements for Java 6.0 
update for new method declarations for EventRequestManager for Bug 145350 JDI Enhancements for Java 6.0 
reverted JDI from code change in Bug 145350 JDI Enhancements for Java 6.0 
Bug 145350 JDI Enhancements for Java 6.0 
Bug 139914 - [preferences] keyword suggestion for pref-page exec env 
Bug 141027 - debugger does not switch jsp editor when debugging jsp 
Bug 140179 - Name of default JDK set to Home 
Bug 138227 - Need new property tester to be used by JUnit 4 
Bug 123589 - Unexpected switch to empty editor when using scrapbook 
Bug 135270 - Potential NPE in ToggleBreakpointAdapter 
Bug 133914 - Instance Filter Breakpoint Selection dialog is not resizable 
Bug 124045 - Launching Java 5 VM in debug mode 
Bug 126726 - Show Monitors not working 
Bug 124137 - unable to retrieve system properties 
Bug 124137 - unable to retrieve system properties 
Bug 124137 - unable to retrieve system properties 
Bug 19521 - Launching classes from closed projects 
Bug 19521 - Launching classes from closed projects 
Bug 19521 - Launching classes from closed projects 
Bug 19521 - Launching classes from closed projects 
Bug 114609  - Java main tab/shortcut should use new type selection dialog 
Bug 113697  -  Added libraies to JRE not persisted 
Bug 110021 - Java 5 inconsistency 
Bug 104675  -  large byte[] variabls expand into too much memory 
Bug 104675  -  large byte[] variabls expand into too much memory 
Bug 99526  -  Class folders are being treated as archive files causing exceptions 
Bug 95216  -  Can not have spaces on a library path 
Bug 95216  -  Can not have spaces on a library path 
Bug 92581  -   add exception dialog: catch up to removal of all types cache 
Bug 93578 - java.lang.ArrayIndexOutOfBoundsException in ConsoleDocumentAdapter 
Bug 92581  -   add exception dialog: catch up to removal of all types cache 
Bug 88454 - Should avoid explicit checks for [I]FileEditorInput 
Bug 89717 - Detail Formatter and Logical Structure "Select Type" dialogs don't show interfaces 
Bug 85325 - SIOOBE in 1.5 method 
Bug 85241 - ArrayIndexOutOfBoundsException when displaying collections 
[3.0.2] Bug 76616 - Stratum Stepping incorrect inside a switch case statement 
Bug 80977 - transient test failures 
Bug 80977 - transient test failures 
Bug 80977 - transient test failures 
Bug 80977 - transient test failures 
Bug 76616 - Stratum Stepping incorrect inside a switch case statement 
Bug 43554 - Creating a breakpoint on method signature should use a method entry breakpoint 
Bug 43554 - Creating a breakpoint on method signature should use a method entry breakpoint 
Bug 43554 - Creating a breakpoint on method signature should use a method entry breakpoint 
[backout] Bug 36801 - AbstractJavaLaunchConfigurationDelegate resolves the runtime classpath twice 
Bug 55092 - Migrate snippet wizard to java debugger ui 
Bug 55092 - Migrate snippet wizard to java debugger ui 
Bug 55092 - Migrate snippet wizard to java debugger ui 
Bug 36801 -  AbstractJavaLaunchConfigurationDelegate resolves the runtime classpath twice 
Bug 55704 - Step into selection leads to too many breakpoints being skipped 
Bug 55614 - Non-nls strings and missing dialog font for JavaDebugPreferencePage 
Bug 55040 - Don't provide ILaunchListener2 API 
Bug 55040 - Don't provide ILaunchListener2 API 
Bug 55040 - Don't provide ILaunchListener2 API 
Bug 55124 - Warning reported in the builds 
Bug 55124 - Warning reported in the builds 
Bug 54117 - Contextual launch should use XML Expression Language 
Bug 37514 - global retargettable breakpoint action 
Bug 37514 - global retargettable breakpoint action 
Bug 37514 - global retargettable breakpoint action 
Bug 37514 - global retargettable breakpoint action 
Bug 37514 - global retargettable breakpoint action 
Bug 37514 - global retargettable breakpoint action 
Bug 37514 - global retargettable breakpoint action 
Bug 37514 - global retargettable breakpoint action 
44109 - Cannot "Toggle Method Breakpoint" before other breakpoint is set 
Bug 49963 - Exception: Unable to retrieve stack frame - thread not suspende 
Bug 39381 - [launching view] The configuration tabs use slightly different border sizes 
Bug 47154 - Cannot programmatically launch a Java program from a non-Java project 
Bug 36735 - Would like automatic partitioning of large arrays 
Bug 36735 - Would like automatic partitioning of large arrays 
Bug 43555 - Conditional method entry breakpoint 
Bug 44109 - Cannot "Toggle Method Breakpoint" before other breakpoint is set 
bug 43738 - API for available strata 
bug 43738 - API for available strata 
Bug 41371 - [Threads and Monitors] How to see deadlocks in System threads? 
Bug 41026 - NPE if quickly cancel debug launch 
bug 40577 - SocketUtil#findUnusedLocalPort(String, int, int) 
bug 40577 - SocketUtil#findUnusedLocalPort(String, int, int) 
bug 40676 - Debug->classpath->advanced->add folder sort order wrong 
bug 40673 - Detected JRE not set correctly 
bug 38967 -  simple launch variables & lazy init of plug-ins 
bug 37545 - Wrong type gets opened in editor 
bug 37545 - Wrong type gets opened in editor 
bug 37545 - Wrong type gets opened in editor 
[2.1.1] bug 36215 - JR.computeDefaultRuntimeClasspath(IJavaProject) 
bug 36215 - JR.computeDefaultRuntimeClasspath(IJavaProject) 
Bug 26716 - JDI IOExceptions do not report runtime class 
bug 26716 - JDI IOExceptions do not report runtime class 
bug 24154 - Add interfaces to debug core for enhanced debug function... 
bug 28175 - Add JRE slow and no progress reporting. 
bugs: 25230 - Launching without default classpath doesn't include i18n.jar and 28818 - JRE JAR finder does not find JARs in jre/lib 
bug 29097 
Bug 26716 - JDI IOExceptions do not report runtime class 
added 24218 
bug 24218 
verified 23905 
Bug 23905 - Bad behavior of the remove button in the detail formatters pref page 
Bug 17868 - breakpoint inbetween lines 
added 17434 
Bug 17434 - Add Package on JavaSnippet imports should indicate progess 
Bug 14250 - use workbench element list selection dialog 
Bug 9618 and Bug 9526 
Fixed bug 8801:  remove the basic icons from our plugins 
Bug 478688 - Update parent pom to 4.5.2 
Fixed bug 470465: Acquisition is spelt wrong Change-Id: I50873951209215c5ea7b1ece8c1b8db204fcee4c 
Bug 461999: Warning option for bug 410218 
Revert "Bug 461999 - Warning option for bug 410218" 
Bug 461999 - Warning option for bug 410218 
Bug 436581: Test failure in RenameTests18.testLambda3 and testMethod0-2 
Updated test after bug 405778: [1.8][dom ast] method body recovery broken (empty body) 
Bug 428741: [1.8][quick assist] convert method reference expression to lambda Bug 439601: [1.8][quick assist] convert lambda expression to method reference 
Bug 436581: Test failures in RenameTests18 
Bug 440930: Java member types which are implicitly static should have consistent icons 
Bug 440804: [javadoc wizard] Generate Javadoc should keep generated javadoc-arguments temp file 
Bug 436581: Test failure in RenameTests18.testLambda3 and testMethod0-2 
Bug 436581: Test failure in RenameTests18.testLambda3 and testMethod0-2 
Bug 437398: [ccp] Don't select extension when asking for new file name on paste 
Bug 436736 - Prep for 4.5 (Mars) and 4.4 maintenance builds 
Bug 436736 - Prep for 4.5 (Mars) and 4.4 maintenance builds 
Bug 435571: ImportReferencesCollector needs to support old AST levels 
Fixed bug 433754: CCE in QuickAssistProcessor#getConvertEnhancedForLoopProposal 
Fixed bug 409723: [1.8][introduce indirection] Unable to introduce indirection on methods in an interface - updated tests 
Bug 409723: [1.8][introduce indirection] Unable to introduce indirection on methods in an interface 
Fixed bug 117215: [templates][content assist] Content assist for 'for' loop should suggest member variables 
Revert "Fixed bug 117215: [templates][content assist] Content assist for 'for' loop should suggest member variables" 
Fixed bug 117215: [templates][content assist] Content assist for 'for' loop should suggest member variables 
Bug 425006: [1.8][quick assist] 'Convert to anonymous class creation' creates wildcard return type 
Bug 405780: [1.8] Bad syntax error 'insert ":: IdentifierOrNew"' for missing semicolon 
Bug 405780: [1.8] Bad syntax error 'insert ":: IdentifierOrNew"' for missing semicolon 
Bug 405778: [1.8][dom ast] method body recovery broken (empty body) 
Fixed Bug 406786- [1.8][extract method] Extract Method refactoring in interfaces not handled 
Fixed bug 406786: [1.8][extract method] Extract Method refactoring in interfaces not handled - Updated tests with formatted default methods 
Fixed bug 406786: [1.8][extract method] Extract Method refactoring in interfaces not handled 
Fixed Bug 425949: [1.8] [move method] Type annotated target should be converted to receiver parameter - Updated tests after the fix for bug 425040 
Fixed Bug 425949: [1.8] [move method] Type annotated target should be converted to receiver parameter - Updated tests after the fix for bug 425040 
Fixed Bug 425949: [1.8] [move method] Type annotated target should be converted to receiver parameter - Updated tests after the fix for bug 425040 
Fixed bug 410989: [1.8][organize imports] Removes required import for TYPE_USE annotation 
Fixed bug 409719: [1.8][refactoring] Incorrect Method signature preview for default methods 
Bug 425040: [1.8][formatter] Add option: "Insert new line after type annotation" 
Bug 425040: [1.8][formatter] Add option: "Insert new line after type annotation" 
Fixed Bug 420116: [1.8] Add implemented methods should consider type annotations - Updated tests after the fix for bug 425040 
Fixed Bug 420116: [1.8] Add implemented methods should consider type annotations - Updated tests after the fix for bug 425040 
Fixed bug 426868: [1.8][quick fix] Type use annotation not preserved in add throws and try-catch quick fixes - Enabled test after bug fix: 427622 
Bug 425040: [1.8][formatter] Add option: "Insert new line after type annotation" 
Bug 425040: [1.8][formatter] Add option: "Insert new line after type annotation" 
Bug 426868: [1.8][quick fix] Type use annotation not preserved in add throws and try-catch quick fixes - comment #2 
Bug 426868: [1.8][quick fix] Type use annotation not preserved in add throws and try-catch quick fixes 
Bug 425183 comment 10: Test case for NPE in jdt.core 
Bug 425183 comment 10: updated rtstubs18.jar 
Fixed Bug 425949: [1.8] [move method] Type annotated target should be converted to receiver parameter 
Bug 427232: [1.8]Replace newAnnotation() with ImportRewrite#addAnnotation() 
Bug 427232: [1.8]Replace newAnnotation() with ImportRewrite#addAnnotation() 
Bug 427232: [1.8]Replace newAnnotation() with ImportRewrite#addAnnotation() 
Fixed bug 427227: [1.8]Handle the UI part for TypeParameter#annotations() change to #modifiers() 
Fixed bug 427227: [1.8]Handle the UI part for TypeParameter#annotations() change to #modifiers() 
Fixed bug 427232: [1.8]Replace newAnnotation() with ImportRewrite#addAnnotation() 
Fixed bug 426868: [1.8][quick fix] Type use annotation not preserved in add throws and try-catch quick fixes 
Fixed Bug 406786- [1.8][extract method] Extract Method refactoring in interfaces not handled 
Fixed bug 425006: [1.8][quick assist] 'Convert to anonymous class creation' creates wildcard return type 
Bug 425109: Failures in TypeMismatchQuickFixTests due to new IProblem.ReturnTypeMismatch 
Bug 425109: Failures in TypeMismatchQuickFixTests due to new IProblem.ReturnTypeMismatch 
Bug 337514: [clean up] Out of memory error while using Source > Cleanup 
Bug 409707: PropertiesFileQuickAssistTest.testRemoveProperty3 and testRemoveProperty4 failed 
Fixed bug 417765: ImageDescriptorRegistry.hookDisplay() causes SWT Invalid thread access 
Fix for bug 405270: [1.8][refactoring] Handling of receiver parameter during UI refactoring. Updated changes wrt AnnotatableType. 
Fixed bug 406786: [1.8][extract method] Extract Method refactoring in interfaces not handled - Updated tests with formatted default methods 
Fix for bug 405270: [1.8][refactoring] Handling of receiver parameter during UI refactoring 
Fixed bug 409723: [1.8][introduce indirection] Unable to introduce indirection on methods in an interface 
Fixed bug 406786: [1.8][extract method] Extract Method refactoring in interfaces not handled 
Fixed bug 410989: [1.8][organize imports] Removes required import for TYPE_USE annotation 
Fixed bug 409719: [1.8][refactoring] Incorrect Method signature preview for default methods 
Bug 403923: [1.8] Handle annotations on extra dimensions in the AST 
Fixed bug 403923: [1.8] Handle annotations on extra dimensions in the AST 
Fixed Bug 394030: [extract method] Extracting expression of parameterized type that is passed as argument to this constructor yields compilation error 
Fixed Bug 395558: [introduce parameter object] Introduce Parameter Object introduce use of non-static type in static context 
Fixed bug 406786: [1.8][extract method] Extract Method refactoring in interfaces not handled - Updated tests with formatted default methods 
Fix for bug 405270: [1.8][refactoring] Handling of receiver parameter during UI refactoring 
Fixed bug 409723: [1.8][introduce indirection] Unable to introduce indirection on methods in an interface 
Fixed bug 406786: [1.8][extract method] Extract Method refactoring in interfaces not handled 
Fixed bug 410989: [1.8][organize imports] Removes required import for TYPE_USE annotation 
Fixed bug 409719: [1.8][refactoring] Incorrect Method signature preview for default methods 
Fixed bug 403923: [1.8] Handle annotations on extra dimensions in the AST 
Bug 409594: [organize imports] Import static (Ctrl+Shift+M) creates imports for private methods 
Fixed bug 409594: [organize imports] Import static (Ctrl+Shift+M) creates imports for private methods 
Fixed bug 401776: [CBI] too many compile warnings 
Fixed bug 401776: [CBI] too many compile warnings 
Bug 405704: [1.8][render] Adornment for default methods and annotation type elements with default 
Bug 405704: [1.8][render] Adornment for default methods and annotation type elements with default 
Fixed bug 409594: [organize imports] Import static (Ctrl+Shift+M) creates imports for private methods 
Fixed bug 409594: [organize imports] Import static (Ctrl+Shift+M) creates imports for private methods 
Fixed bug 411794: [JUnit] Add a monospace font option for the junit results view Signed-off-by: Andrew Eisenberg <andrew@eisenberg.as> 
Fixed bug 409717: [hovering] Javadoc link to package doesn't work in attached package-info.java 
Fixed bug 409717: [hovering] Javadoc link to package doesn't work in attached package-info.java 
Fixed bug 408072: [nls tooling] Interface is flagged as missing NLS key 
Fixed bug 408060: Bug in NLSSearchQuery 
Revert "Fix for bug 409717: Javadoc link to package doesn't work in attached package-info.java" 
Revert "Fix for bug 409717: Javadoc link to package doesn't work in attached package-info.java" 
Fix for bug 409717: Javadoc link to package doesn't work in attached package-info.java 
Fix for bug 409717: Javadoc link to package doesn't work in attached package-info.java 
Fixed Bug 409275: [1.8] Change 'default' access modifier in dialogs 
Bug 409705: IntroduceIndirectionTests.test31 fails with an error while deleting resources 
Bug 409704: MoveInnerToTopLevelTests.test25 throws error during tearDown 
Bug 407434: [BiDi][templates] Wrong BTD in templates [BiDi 2013] 
Fixed bug 405704 -[1.8][render] Adornment for default methods and annotation type elements with default. 
Fixed bug 405704 -[1.8][render] Adornment for default methods and annotation type elements with default. 
Bug 359944: [JUnit] Eclipse JUnit4 runner treats failed assumptions (org.junit.Assume.*) as passing tests instead of skipped tests. 
Bug 359944: [JUnit] Eclipse JUnit4 runner treats failed assumptions (org.junit.Assume.*) as passing tests instead of skipped tests. 
Cumulative fix for the following problems: - bug 400668: [quick fix] The fix change parameter type to @Nonnull generated a null change - bug 405086: [quick fix] don't propose null annotations when those are disabled - bug 395555: [quick fix] Update null annotation quick fixes for bug 388281 - bug 378724: Null annotations are extremely hard to use in an existing project 
Fixed Bug 333461 - [actions] Javadoc view: "Open Attached Javadoc in External Browser" should open URL 
Bug 333461: [actions] Javadoc view: "Open Attached Javadoc in External Browser" should open URL 
Fixed bug 403960: Update JDT/JDT UI parent version - excluded addition of forceQualifierUpdate.txt 
Fixed bug 403960: Update JDT/JDT UI parent version - excluded addition of forceQualifierUpdate.txt 
Bug 397747: [JUnit] JUnit3TestReference handles JUnit4TestAdapter incorrectly 
Bug 397747: [JUnit] JUnit3TestReference handles JUnit4TestAdapter incorrectly 
Bug 397747: [JUnit] JUnit3TestReference handles JUnit4TestAdapter incorrectly 
Fixed bug 403074: [info views] Regressions from bug 393143 
Adopt fix for bug 403036 
Workaround for bug 403021 
Bug 401776: [CBI] too many compile warnings 
Fixed bug 401774: [CBI] Build includes org.eclipse.jdt.astview and jeview from eclipse.jdt.ui repo 
Fixed bug 401774: [CBI] Build includes org.eclipse.jdt.astview and jeview from eclipse.jdt.ui repo 
Bug 399451: Some projects have incorrect encoding set 
Bug 391433: [JUnit] Remove JUnit 3 from Eclipse 
changed project encoding to UTF-8 (bug 399451) 
Fixed bug 397467: Javadoc hover/view should linkify package 
Bug 391433: [JUnit] Remove JUnit 3 from Eclipse 
Bug 397465: [hovering] Open Declaration doesn't work in Javadoc hover on IPackageFragment 
Fixed bug 399087: [push down] search Referencing problem in PushDownRefactoringProcessor 
Bug 397464: No Javadoc for package-info.java in source attachment when package-info.class doesn't exist 
Fixed bug 397447: [hovering] Code polishing for the package Javadoc hovering feature. 
Fixed bug 396808: [hovering] Package hovering shows multiple hyperlinks if the package is present in multiple location in the build path. 
Fixed bug 397447: [hovering] Final code polishing for the package Javadoc hovering feature. 
Fixed bug 397464: No Javadoc for package-info.java in source attachment when package-info.class doesn't exist 
Fixed bug 396759: [implementation] Editor saves over changed file 
Fixed bug 396087: Merge in CBI patches from 4.2.2 into 4.3 (pom changes) for eclipse.jdt.ui 
Bug 394950: [infer type arguments] AssertionFailedException when there is an array field 
Bug 393829: [change method signature] Precondition fails with exception when applying refactoring on a method of an anonymous class passed as argument 
Fixed bug 390546: [rulers] Quick fix invoked even if warning/error is not shown in vertical ruler 
Bug 377318: [encapsulate field] Encapsulate field in an interface introduces methods (therefore compilation errors) 
Bug 384184: [quick fix] Missing fixes for new compile errors for "missing switch default" follow-up problems 
Bug 384543: [hovering] NPE computing a bracket hover 
Bug 384543: [hovering] NPE computing a bracket hover 
Bug 385389: [quick assist] 'Invert equals' not available for enum comparisons. 
Fixed bug 384825: Too many missing default case warnings 
Bug 384184: [quick fix] Missing fixes for new compile errors for "missing switch default" follow-up problems 
Bug 380520: [hovering] NPE in JavaSourceHover.getBracketHoverInfo 
Fixed bug 378068: Update ImportOrganizeTest (FUP of bug 376734 and bug 376930) 
Fixed bug 378068: Update ImportOrganizeTest (FUP of bug 376734 and bug 376930) 
Fixed bug 378068: Update ImportOrganizeTest (FUP of bug 376734 and bug 376930) 
Fixed bug 378068: Update ImportOrganizeTest (FUP of bug 376734 and bug 376930) 
Fixed bug 377393: Remove final modifier from several JavaCompletionProposal subclasses 
See comment 50: Bug 184056: [hovering] Tool tip on closing curly bracket 
Bug 184056: [hovering] Tool tip on closing curly bracket 
Bug 184056: [hovering] Tool tip on closing curly bracket 
Bug 184056: [hovering] Tool tip on closing curly bracket 
Bug 184056: [hovering] Tool tip on closing curly bracket 
Bug 352785: [extract method] Refactor > Extract Method with break statement in switch causes NPE 
Bug 335249: [preferences] Improve grouping of "Potential programming problems" on Errors/Warnings page 
Use BestMatchHover in F2 (see bug 184056) 
Bug 376779: [navigation] JavaElementHyperlinkDetector#detectHyperlinks(..) is wasting time 
Bug 367669: IAE during setRawClasspath(..) due to missing link to external 
Bug 372818: Test failures in UI because of bug 265744 
Bug 369558: [build path] Source Attachment dialogs should leave encoding combo empty if none is set 
Bug 369510: Unable to set the encoding without specifying the source attachment 
Bug 369510: Unable to set the encoding without specifying the source attachment 
Bug 369527: Potential NPEs in JDT UI code 
Bug 369527: Potential NPEs in JDT UI code 
Fixed bug 369527: Potential NPEs in JDT UI code 
Fixed bug 369527: Potential NPEs in JDT UI code 
Bug 368015: Support for source attachment encoding at classpath entry level 
Bug 368015: Support for source attachment encoding at classpath entry level 
Bug 368015: Support for source attachment encoding at classpath entry level 
Fixed bug 139231: [quick fix] duplicate exception name after add throws to catch 
Bug 362106: [nls tooling][quick assist] 'Remove key' should be called 'Remove property' 
Fixed bug 359940: [nls tooling] NLS hover shown in place of Java hover 
Committed Szymon's patch to fix bug 354092: [preferences] Java Compiler property page doesn't gray out all widgets (without project specific settings) 
Bug 354633: [key binding] "Add Block Comment" misses keybinding on the Mac 
Fixed bug 266229: [spell checking] Spell checker incorrectly flags some known words 
Bug 339056: [quick assist][quick fix] The order of quick fix/quick assists is wrong sometimes 
Bug 339000: Misspelling for field name UndoManager2.fOperationHistroy 
Fixed bug 337181: [inline] returned value is not cast 
Bug 337887: [type hierarchy] MethodOverrideTester and Type Hierarchy don't consider flags etc. 
Fixed bug 117960: [quick assist] Inversion of 'value' of conditional expressions is incorrect 
Committed Rajesh's patch to fix bug 41092: [navigation] provide 'Collapse All' action in Java Outline view 
Fixed bug 78522:  [navigation] All Ctrl+Click link targets should also be available under one command/action 
Bug 315557: [wording] Improve naming of 'Convert Line Delimiters To > ...' actions 
Bug 316155: JUnit View: can't open source for test classes in fragments 
Fixed bug 304193: regressions in CleanUpPerfTest and  MoveStaticMembersPerfTests* observed since build N20100218-2000 
Fixed bug 304193: regressions in CleanUpPerfTest and  MoveStaticMembersPerfTests* observed since build N20100218-2000 
Fixed Bug 298951: OpenTypePerfTest#testWarmException() perf tests results are not reliable 
Fixed Bug 298951: OpenTypePerfTest#testWarmException() perf tests results are not reliable 
Fixed bug 232333: Fix typo in CodeCompletionPerformanceTest.createTypeHierarchy() 
Fixed bug 232333: Fix typo in CodeCompletionPerformanceTest.createTypeHierarchy() 
Fixed bug 232333: Fix typo in CodeCompletionPerformanceTest.createTypeHierarchy() 
Fixed bug 175857: [common navigator][actions] Show In should reference the project explorer 
Bug 298950: [JUnit] JUnit 4.8.1 
Committed Deepak's patch to fix bug 295040: [nls tooling] Find Broken Externalized Strings utility should not list calls like Messages.getResourceBundle() as undefined keys 
Bug 295122: java.lang.IllegalArgumentException: Illegal pattern character 'j' 
Bug 299631: We need to restore JavaMoveProcessor.canUpdateReferences() 
Bug 285000: [preferences] Add UI option for unused object allocation problem 
Bug 295122: java.lang.IllegalArgumentException: Illegal pattern character 'j' 
Bug 264112: [Formatter] Wrap when necessary too aggressive on short qualifiers 
Bug 285637: [JUnit] Improve discoverability of the ability to run a single method under JUnit Tests 
Bug 296229: @code tag always prepended by space 
Bug 295230: [JUnit] Opening JUnit view loads preference page class 
Bug 140971: [override method] generate in declaration order [code generation] 
Bug 140971: [override method] generate in declaration order [code generation] 
Bug 140971: [override method] generate in declaration order [code generation] 
Committed Raksha's patch to fix bug 267369: [navigation] 'Open Implementation' should also be available as command 
Fixed bug 279521: [junit] Wrong message when selecting a project in the JUnit dialog 
Bug 276486: [content assist] anonymous type completion does not add method implementation stubs when type already imported 
Bug 275859: [package explorer] Package Explorer not updated after resource reorgs in Working Sets mode 
Bug 272567: [javadoc][hovering] Rendered Javadoc should strip out * at beginning of line 
Fixed bug 254901: Adopt the new PixelConverter from JFace and drop ours 
Fixed bug 254901: Adopt the new PixelConverter from JFace and drop ours 
Fixed bug 254901: Adopt the new PixelConverter from JFace and drop ours 
Fixed bug 254901: Adopt the new PixelConverter from JFace and drop ours 
Fixed bug 264143: [navigation][compare] Quick Outline does not select current element if no resource 
250914: [pull up] ClassCastException when performing a Pull-Up 
250914: [pull up] ClassCastException when performing a Pull-Up 
Fixed bug 252415: [build path] New Java Project dialog radios should have same parent 
251670: [preferences] CODEASSIST_STATIC_FINAL_FIELD_PREFIXES should be added in preferences page 
Fixed bug 252643: NPE trying to replace a static initializer with an old version from the local history 
Fixed bug 252493: [clean up] ICleanUpConfigurationUI let selected cleanups exceed limit 
Fixed bug 234143: [syntax coloring] Deprecation doesn't properly appear on keywords this and super for construction calls 
Fixed bug 251670: [preferences] CODEASSIST_STATIC_FINAL_FIELD_PREFIXES should be added in preferences page 
Committed Anton's patch to fix bug 251224: [misc] Allow custom token for WhitespaceRule 
Committed Anton's patch to fix bug 251224: [misc] Allow custom token for WhitespaceRule 
Backported fix for bug 233955. 
Fixed bug 233955: [misc] Put ActivateJavaEditorTest back 
250149: [call hierarchy] should expand read references to fields 
This commit was manufactured by cvs2svn to create tag 'v20080819-0800'. 
Backported fix for bug 238718. 
197170: Upgrade to JUnit 4.4 -- archives 
197170: Upgrade to JUnit 4.4 
238718: Quick Outline filters items incorrectly 
237547: [inline] npe while inlining constant (remove unused import) 
237547: [inline] npe while inlining constant 
237547: [inline] npe while inlining constant 
Backported fix for bug 239647. 
Fixed bug 239647: [build path] Add JARs... should filter JARs that are already on the build path 
Backported fix for bug 239940. 
Backported fix for bug 239144. 
Fixed bug 239940: [implementation] NPE while editing a javadoc comment 
239887 CCE in ReturnTypeSubProcessor for enum. 
239144 [javadoc export] JavadocWizard#executeJavadocGeneration() mixes vmArgs and progArgs 
238418 
233905: [nls tooling] Externalize Strings causes NullPointerException 
231887 [actions] cannot refresh working sets through Package Explorer 
94801 [introduce factory] does not check for existing factory methods 
228535 [jar exporter] confusing UI to select relative destination 
224127 [breadcrumb] Show non-Java resources as children of packages 
223938 [breadcrumb] remove vertical line between entries? 
Fixed bug 225512: [hovering] No error hover on API tooling problem 
Fixed bug 225512: [hovering] No error hover on API tooling problem 
223900 [hovering] Icon in Javadoc hover has gray background 
reopened 223900 
223900 [hovering] Icon in Javadoc hover has gray background 223686 [hovering] javadoc popup causes error 
Fixed bug 223896: [navigation] 'Open declaration' hyperlink should be title case 
Committed Martin's patch to fix bug 220013: [hovering] image in Javadoc hover 
216432 [organize imports] organize imports should ignore types in Javadoc of package-info.java 
216432 [organize imports] organize imports should ignore types in Javadoc of package-info.java 
216432 [organize imports] organize imports should ignore types in Javadoc of package-info.java 
Fixed bug 216233: [preferences] Surface new compiler option unusedDeclaredThrownExceptionIncludeUncheckedExceptions 
215974 [breadcrumb] switch to editor does not set breadcrumb input 
215974 [breadcrumb] switch to editor does not set breadcrumb input 
215656 [breadcrumb] border not good on WindowsXP classic 
Fixed bug 215185: [content assist] Enum: Auto-generated constructor has wrong visibility 
210909 [save action] Remove workaround for bug 208541 
183512 [navigation] Mark Occurrences false hit on superclass/static method 
208568 [save action] Work around core bug 208541 
206747: CCE in LaunchConfigurationQueryParticipant when searching for references to method 
205600 [clean up] 'Sort members' action uses workspace/project clean up options 
205278 [clean up] Should changed regions include changes made by clean up 
204137: Properties page for JRE System Library does not use dialog font everywhere 
203695 [quick assist] Can't invoke 'Create getter/setter' on field 
195396 [jar exporter] Jar packager creates only jars with resources 
Bug 164324 [clean up] fix indentation on clean up and save 
Bug 199423 [Extract Class] Mnemonic conflict for &f 
bug 198678 [reorg] Wrong message for copy of closed project 
Bug 198679 [reorg] NPE when pasting into empty selection 
Bug 198670 Deleting a member should leave non-dirty editor non-dirty 
195396 [jar exporter] Jar packager creates only jars with resources 
195396 [jar exporter] Jar packager creates only jars with resources 
174349: [open type] Open Type dialog should support '<' and ' ' in combination with camel case 
Bug 188087 [introduce parameter object] NPE when introducing to overriden method if method from binary 
185093 [filters] 'Syntetic members' filter description could be more informative 185092 [filters] Java Element Filters have inconsitent descriptions 
185376 [build path] Creating Java project fails on Mac 
185377 [introduce parameter object] UI problems 
185359: [introduce parameter object] has inconsistent type qualification schema 
185397 [type hierarchy] Hierarchy View flips orientation multiple times on resize 
150404 [CommonNavigator] CDT Projects appear twice 
150404 [CommonNavigator] CDT Projects appear twice 
183513 [rename] Misleading inline rename preview for static method hiding 
154447: [pull up] Assertion failure when invoking pull up 
150788 [actions] CopyQualifiedName action should work in class file editors - remove past update 2 
150788 [actions] CopyQualifiedName action should work in class file editors - remove past update 
150788 [actions] CopyQualifiedName action should work in class file editors 
150788 [actions] CopyQualifiedName action should work in class file editors 
97200 [package explorer] [working sets] Enable 'New' action for working sets 
150788 [actions] CopyQualifiedName action should work in class file editors 
181758 [clean up] CUR should use its own working copy owner 
180406 [Common Navigator] Patch for bugs 179179, 157314, 156357 
177390 [decorators] Adopt findMaxSeverity API in ProblemsLabelDecorator 
177390 [decorators] Adopt findMaxSeverity API in ProblemsLabelDecorator 
176837 exception opening launch dialog on junit config 
- fixed NPE from last commit - 175850: [open type] FilteredTypesSelectionDialog overrides given search scope 
Fixed bug 164677: [EditorMgmt] can we remove IURIEditorInput? 
Fixed bug 173767: [content assist] no template proposals if no whitespace in front 
167826: [rename] Refactoring no longer allows refactoring to an existing name 
168015 [JUnit] deprecate testRunListeners ext point 
165798: Patch to use new API from Compare 
142508: [rename] Refactoring text search fails to find occurences preceeded by # 
165078 invalid XML comment 
139140: [JUnit] Compare Result dialog should not be modal 
154109 [clean up] [plan] Extend Clean Up - Adding organize import 
154109 [clean up] [plan] Extend Clean Up - Remove unused code 
Released modified patch for bug 156911: [Compare] Modify Java compare classes to support file buffers 
Bug 154109 [clean up] [plan] Extend Clean Up - Clean Up Profiles 
154872 Errors in plugin.xml (missing properties keys) 
154109 [clean up] [plan] Extend Clean Up - Adding formatter to clean up 
153434 [ltk] rename package containing read-only files in CVS fails 
153434 [ltk] rename package containing read-only files in CVS fails 
153434 refactoring: rename package containing read-only files in CVS fails 
Backported bug 148081 to 3.2.1 
Fixed bug 148081: [hovering] Hover and F2 do not work for some error messages 
140565 [clean up] 'change all acces through instances' + 'remove unused imports' leads to code with fatal errors 
151853 [JUnit] JME "Project does not exist" when opening JUnit Test Case wizard 
151853 [JUnit] JME "Project does not exist" when opening JUnit Test Case wizard 
139675 [quick fix] Convert 'if-else Blocks to Statements' is a no-op 
145028 [clean up] Use of modifier final messes volatile variables 
140565 [clean up] 'change all acces through instances' + 'remove unused imports' leads to code with fatal errors 
139000 [import rewrite] wrong import decision in ContextSensitiveImportRewriteContext for nested types 
139000 [import rewrite] wrong import decision in ContextSensitiveImportRewriteContext for nested types 
148617 TextFileChange: violates API-contract of TextChange.acquireDocument 
99963 [extract local] on generic 'this' needs type arguments 
Fixed bug 147181: [implementation] Incorrect use of instanceof TextSelection 
141277 [ltk] details pane of refactoring history control flickers when switching between refactorings [refactoring] 
140315 [ltk][scripting] refactoring history is empty if compilation unit selected [refactoring] 
139007 [migrate jar] title does not change when selecting refactorings [refactoring] 
139007 [migrate jar] title does not change when selecting refactorings [refactoring] 
139142 [ltk][scripting] indicate on wich project a refactoring is applied [refactoring] 
141501 [jar exporter] remove unused methods in JarPackagerUtil 
142997: [CommonNavigator][Java] Empty package filter defaults to "on" 
141213 [ccp] new artwork for 'copy qualified name' 
Fixed bug 140248: JUnit4 support should be disabled if launched with 1.4 VM 
Fixed bug 140291: Run both JUnit 3 and JUnit 4 tests in a container 
Fixed bug 140312: 'Occurrences in File' quick menu (Ctrl+Shift+U) not available in binary class 
140292 RC2: JUnit 4 test finder tries to run abstract test classes 
140299 failing Serial Version Clean Up test 
140136: [JUnit] Update JUnit4 to 4.1 
139381 [clean up] CE when adding generated serial version ID 
140136: [JUnit] Update JUnit4 to 4.1 
139145 [nls tooling] Wrong dialog title for 'Externalize Strings...' 
139230 [content assist] Camel Case + insert common prefix badly broken 
139741 No way to import refactoring history from JAR file 
138855 RefactoringAvailabilityTester.isPullUpAvilable parses CU 
138875 [refactor apply script] 'next' button isn't enabled by default 
115526 [javadoc wizard] Misses some packages loading javadoc.xml 
137679 [action] shorten editor context menu actions 
137679 [action] Remove 'Open Super Implementation' from context menu 
137679 [action] Add shortcut to workbench menu 
137679 [action] move new 'Sourround With' after 'Refactoring' 
137679 [action] Split off SurroundWithActionGroup 
137679 [action] Shortcut for Surround With in workbench menu 
137679 [action] wording 
137679 [action] Add separator after CCPActionGroup 
136229: [CommonNavigator][Java] Patch for Link with editor, Filters 
136229: [CommonNavigator][Java] Patch for Link with editor, Filters 
[135278] Deadlock in TypeHistory 
135122 Java 1.5 - Optimize Imports adds abnormal "import static" 
113673 [source actions] "Generate Constructor using fields" causes wrong error message 
135091 [nls tooling] NPE when previewing changes in string externalization wizard 
[115463] Refactoring preview shows wrong preview for text change group 
111441: [refactoring] [ltk] filter button on preview page should do something 
134034 Changing @category tag appearance option causes NPE 
133824 Extract Supertype action can take a long time and is not cancellable 
133236 [Model Sync] Java with incoming src directory has no children 
118626 Javadoc location validation fails using LAN locations 
Performance optimization, see https://bugs.eclipse.org/bugs/show_bug.cgi?id=133141 
121880 [build path] refactoring of build path code (add selected lib to bp)New Set 
121880 [build path] refactoring of build path code (use as source folder) 
121880 [build path] refactoring of build path code (include) 
121880 [build path] refactoring of build path code (exclude) 
121880 [build path] refactoring of build path code (remove from bp) 
121880 [build path] refactoring of build path code (Add external archive) 
121880 [build path] refactoring of build path code (Config output folder) 
121880 [build path] refactoring of build path code (AddLibraryAction) 
Fixed bug 40306: [misc] Javadoc view: Should always update to latest element 
94950 [nls tooling] Switching to Eclipse mechanism should automatically convert keys 
126317 [quick fix] for typos within @SuppressWarnings values 
126317 [quick fix] for typos within @SuppressWarnings values 
130293 [quick assist] Convert to enhanced for loop not applicable for field accesses 
[128399] Deadlock while checking consistency of type info history 
127556 AssertionFailedException refactoring class to a new file 
126776: JUnit view button rerun failed tooltip is incorrect 
126616 IStorageMerger is not called in three-way merge with no common ancestor 
Fixed bug 120560: [implementation] Add logging of JME back when accessing Javadoc from attached Javadoc 
107826 Serial version quick fix improvements [quick fix] 
68011 [java search] "Search the JRE System Libraries" looks like a local preference but behaves as a global one... [search] + better search description labels, simplified actions 
121018 [add import] Organize import performance test 
120850 Import Jar with refactoring history: after import, jar should have new name 
Fixed bug 54900: [rulers] Java Editor does not show ruler on external Java files 
120851 NewTypeWizardPage doesnt add imports of contributed type content 
121880 [build path] refactoring of build path code (simplify, code sharing) - Linked source folder wizard 
121880[build path] refactoring of build path code (simplify, code sharing) - set/edit filter wizard 
121880 [build path] refactoring of build path code (simplify, code sharing) - edit source folder 
121880 [build path] refactoring of build path code (simplify, code sharing)  - new source folder wizard 
99675 [build path] New source folders should always be inserted on top 
120586 Exceptions in log when renaming CU on quick fix 
119923 [clean up][infrastructure] ConvertForLoop should use ContextSensitiveImportRewriteContext 
118045 [refactoring] cannot pull up method from implementation to interface 
116573 wrong guess of binding with overloaded methods 
97764: [refactoring] [rename] Exception attempting to rename linked binary project resources --> provide details to user 
117295 [clean up][infrastructure] Light clean up 
[100212] [refactoring] Encapsulate field breaks static import statement. 
[114496] [working sets] working sets: counter-intuitive hiding of resource sets 
113841 [type hierarchy] Long UI freeze when clicking in outline after starutp 
114891 Simple compare error in CoreUtility.java 
115277 [quick fix] Qualify with 'this' generates incorrect code 
112356 [syntax highlighting] Syntax highlight isn't applied to auto-unboxed expressions with a cast 
110956 Failing test case after fixing bug 109963 in head. 
This commit was manufactured by cvs2svn to create tag 'v20050913-0800'. 
fix test failure I20050913-0800 
100211 [source actions] Strange behavior in "Generate Constructor using Fields" 
100211 [source actions] Strange behavior in "Generate Constructor using Fields" 
104030 [refactoring] extract interface:NPE in SuperTypeConstraintsModel 
104030  [refactoring] extract interface:NPE in SuperTypeConstraintsModel 
99626 [type hierarchy] Quick Type Hierarchy shows incorrect type hierarchy for parameterized types [hierarchy] 
[99613] [filters] 'Synthetic Methods' Filter also filters synthetic fields 
99140 [preferences] Syntax coloring preference page does not update preview 
99032 Assertation failure in LazyJavaCompletionProposal.setReplacementLength 
Fixed bug 98679: [implementation] OperationCanceledException logged when saving externally deleted file 
94803 mnemonics 
[97167] wrong proposals for linked folder in New Java Project>Link Additional Resource 
[97434] [RC1] Sometimes cannot find Type in OpenType Dialog 
Fixed bug 94803: mnemonics 
97173 Preferences: remove the Export>Java Development Preferences category 
96776 JUnit test case wizard fails on methods with generics 
[96759] Typo in queryParticipant schema 
90425 Code Templates preference pages show recursive links between project-specific and workspace settings 
[94959] Doubli-clicking on 'workspace matches' separator in Open Type dialog closes it 
96137 (regression) Type hierarchy displays its name in the content area when empty 
Fixed bug 94951: [implementation] Compiler error prevents further development 
Fixed bug 94951: [implementation] Compiler error prevents further development 
95942 [5.0] quick assist: assign to new local infers illegal type 
85413 [content assist] 'Override method' content assist creates invalid methods for interface methods 
95117 Quick fix: Create constructor with type parameter throws BadLocationException 
94250 [Forms] Project Creation with ampersand in Title fails 
94250 [Forms] Project Creation with ampersand in Title fails 
94802 mnemonics 
94777 new project wizard: remove button enablement 
94802 Mnemonics 
Undo 94778 
94778 Refactorings handle file modification vetos differently [refactoring 
93964: Disabled failing testInnerArray for I20050506-1600. (mkeller) 
Bug 93695 NPE performing code assist 
90424 Should add more performance tests to jdt.ui fingerprint 
60592 reduce warnings in jdt.junit due to core.runtime deprecations [JUnit] 
41239 Compile error in JDT JUnit due to SWTUtil [JUnit] 
Bug 86579 [content assist] guessing parameters is very slow 
89526: [refactoring] Introduce Parameter chooses illegal default position for vararg method 
89963 Rename extension internal-testRunTabs in jdt.junit. It doesn't follow id conventions 
85413 [content assist] 'Override method' content assist creates invalid methods for interface methods 
89268 [assist] IllegalArgumentException during code assist on annotation attribute 
75142 JUnit integration on top of Hyades 
75142 JUnit integration on top of Hyades 
85226: [1.5] EnumConstantDeclaration should declare resolveConstructorBinding 
[87764] Inline method does not inline method in other CU and doesn't show change in tree 
[87764] Inline method does not inline method in other CU and doesn't show change in tree 
[84431] Accessibility issue with new icon for Annotations 
Fixed bug 86177: [implementation][preferences] crash with non-"system default" foreground/background colors 
84924 Move instance method should allow to move to declaring class 
Reverted patch provided for bug 68737. Provider of the patch didnt agree on contributing the fix under the EPL. 
85417 "Import.." button missing third "." 
Fixed bug 85377: Call Hierarchy has no context help 
85415: InvocationTargetException when renaming annotation attribute 
85371 Imported new classes not in open type dialog 
85327 NPE in OverrideCompletionProposal.updateReplacementString 
Fixed bug 84093: [misc] Provide support for dynamic help 
79174 organize imports bug in 3.1m2 
[84093] Provide support for dynamic help 
[40243] inline method: loses comments [refactoring] 
71546 CVS decoration not updated for jars after a commit 
Fixed bug 82204: [key binding] Shortcut for "Open Declaration" doesn't show in context menu of Java Editor 
Fixed bug 82204: [key binding] Shortcut for "Open Declaration" doesn't show in context menu of Java Editor 
This commit was manufactured by cvs2svn to create tag 'v200501040800'. 
[44150] No Drag and Drop of .class files from Package Explorer 
80784	NPE in TestHierarchyTab.cacheItems [JUnit] 
[77649] 'Refactor -> Undo' enabled after consecutive change 
78728 Key-bindings for JUnit launch shortcuts [JUnit] 
[79087] CME on startup in JavaWorkingSetUpdater.elementChanged() 
74035: Constructor parameter reordering refactoring fails [refactoring] [cms] 
This commit was manufactured by cvs2svn to create tag 'v200411230800'. 
Build notes for I200411230800 
Build notes for I200411230800 
NPE in tests of N20041120 
78159 JUnit view tab should be in italics while tests are running [JUnit] 
workaround for 74035: Constructor parameter reordering refactoring fails [refactoring] [cms] 
78688 [1.5] [Generics] Erroneous quick fix results generated for this code. [quick fix] 
Activate Browser widget on GTK, see bug 67167 
77771 RemoteTestRunnerClient doing work after junit shutdown [JUnit] 
This commit was manufactured by cvs2svn to create tag 'v200411040800'. 
77641 Exception in pick out string [quick assist] 
77585 Create Enum wizard: file misses header comment 
Test for 74035: Constructor parameter reordering refactoring fails [refactoring] [cms] 
Removed ChangeTypeAction#canEnable #77314 
76579 Formatter setup export: If file exists, overwritten w/o warning [code formatter] 
66843 Generate delegate methods dialog doesn't focus on right field [code manipulation] 
75954  Changing anything on Launcher blows away JUnit Test Method 
75155 NLS wizard does not detect accessor and properties file in some cases 
75264 [typing] BadLocationException with LinkedCorrectionProposal 
74928: NPE in AdvancedQuickAssistProcessor$3.isCovered 
This commit was manufactured by cvs2svn to create tag 'v200409231600'. 
68737 Double clicking stack frame in JUnit failure trace should display source [JUnit] 
Added build notes for I20040921 
added protection and diagnostics for 74035: Constructor parameter reordering refactoring fails [refactoring] [cms] 
released improved fix for 66922 and 73700 Pressing Esc while opening Search dialog locks Eclipse [JUnit] 
[Bug 35590] JUnit window doesn't report errors from junit.extensions.TestSetup [JUnit] 
72547 Junit view doesn't select failure [JUnit] 
69261 TestSearchEngine.hasSuiteMethod(IType) does not consider return type [JUnit] 
rolling back fix for 72873   Non-NLSed search menu redefinition in jdt.junit 
69261 TestSearchEngine.hasSuiteMethod(IType) does not consider return type [JUnit] 
72873    Non-NLSed search menu redefinition in jdt.junit 
72873  Non-NLSed search menu redefinition in jdt.junit 
71332 TVT3.0: ''text ui'' etc in English in New JUnit Test Case panel 
71332 TVT3.0: ''text ui'' etc in English in New JUnit Test Case panel 
[70364] Adapt test cases to JDT/Core fix 68017 in 3.0.1 branch 
67168: Change Signature shows error message twice [refactoring] 
#67960 
Fixed bug 67167: [navigation] Must remove Browser widget from Javadoc view 
64838 junit view run single test does not use correct class [JUnit] 
 49121   Link with Editor does not reveal selection if unchanged 
#65389 
49484: "Errorless" Launch Config fails [JUnit] + improvements for 36449: JUnit should constrain tests to selected project [JUnit] 26293: JUnit: Toggling in Launch config looses input 
[65315] [64675] [64924] 
[65249] 
64838 junit view run single test does not use correct class [JUnit] 
58808 Quick fix 'remove without possible side effect' is wrong/misleading [qick fix] 
62503 Classloader problem with older versions of JUnit [JUnit] 
removed workaround for 49774, 49994 
62134 JUnit plugin ignores custom environment settings [JUnit] 
53971: Unexpected huge amount of computation for field rename + removed unnecessary search for occurrences + detect all cases of shadowing 
[57446] 
[57446] 
[58637] & [44060] & [41786] & [41020] 
[38483] 
Fixed bug 38482: Alignment problem in Java Editor pref page 
60592 reduce warnings in jdt.junit due to core.runtime deprecations [JUnit] 
54444: Extract local var and Convert local to field suggest bad name [refactoring] - added content assist - default name is longest suggestion 
55249 
[Bug 59039] JUNIT_HOME has preceeding slash in value [JUnit] 
[57442] 
[Bug 58537] Migration to new source lookup facilities [JUnit] 
[Bug 58537] Migration to new source lookup facilities [JUnit] 
[Bug 57212] Views should adapt their orientation depending on the view size 
[Bug 57212] Views should adapt their orientation depending on the view size 
- added support for custom carets on non-win32 platforms - added support for wide carets (~accessibility) - preference to disable custom carets (accessibility) - preference to disable wide carets - smart insert caret is now default, raw caret is bracket fixes - bug 39600: [misc] Java editor does not read lines in JAWS 4.5 - bug 39205: [misc] Cursor in 3.0-M1has changed to ugly "[" shape - bug 21715: StyledText - Text cursor is too thin in editor 
[Bug 56911] JUnit socket communication uses wrong encoding [JUnit] 
Released modified patch from Christof to fix - bug 49527: [formatting] Non-Javadoc-Headers are always formatted - bug 48950: [formatting] Comment formatter: Header detection error prone 
50097 [junit] Cannot rerun test case (but can rerun test method) 
52249 JUnit result comparison dialog not updated after rerun 
52249  JUnit result comparison dialog not updated after rerun 
56016  JUnitLaunchShortcut#launchConfiguration() should call DebugUITools#launch() instead of config.launch() [JUnit] 
Added feature 55487: List from "Edit Working Set" doesn't show all projects [working sets] 
[55512] Hierarchy toolbar buttons too large, request re-ordering icons as temporary fix 
#51170 
[Bug 55532] JUnitAddLibraryProposal contains e.printStackTrace call 
49243 and assert options 
37594 Quick fix for 'hidden variable' 
Bug 54717 JUnit contextual launch must port to new XML Expr Language 
53971: Unexpected huge amount of computation for field rename 
54102 
First cut of 53971: Unexpected huge amount of computation for field rename -> don't compute changes twice 
53704  M7: JUnit assumes that development mode includes "bin" folders 
fix for 51670, 52492 
fix for 51670, 52492 
fixes for 49838 and 53589 
This commit was manufactured by cvs2svn to create tag 'v20040302'. 
Build notes for I20040302 
52703 The split variable declaration quick assist doesn't account for "final" declarations 
52703 The split variable declaration quick assist doesn't account for "final" declarations 
52703 The split variable declaration quick assist doesn't account for "final" declarations 
52708 
50971: Extract temp: index out of bounds error [refactoring] 
47316: make refactoring test re-runnable 
fox for 49242 
Support for reduced search scope (i.e. only search where we might possibly find matches) for reference searches. Fix for bug 50911 
42233  JUnit code generated for TestSuite is wrong [JUnit] 
Fixed last part of feature 41128: [hovering] Affordance presentation in hover control 
Fixed bug 6579: Packages view: can't open MANIFEST.MF of JAR file 
49774 & 49994: Error pasting a class into a package 
49774: Error pasting a class into a package -> search result match can contain a leading package name 
bug 44035 [formatting] Error in formatting parts of java code snippets in comment - snippets are now their own content category and formatted with a specific formatting strategy - adds html entity conversion 
[Bug 38513] JavaModel not updated when creating an "empty" IClasspathContainer [package explorer] no longer filter out empty containers 
49708  Deadlock saving compilation unit 
[Bug 49655] StringIndexOutOfBoundsException on test failure [JUnit] 
45531  Open failed test failed when test name is "1.3 - ... 
35762  JUnit View wasting a lot of screen space [JUnit] 
jdt core fix for 48617 
48431 Incorrect order for modifiers in generated testcases [JUnit] 
This commit was manufactured by cvs2svn to create tag 'v20031209a'. 
This commit was manufactured by cvs2svn to create tag 'v20031209_annotation_rework'. 
 35574 Classpath Library Entries unresolved 
 35574 Classpath Library Entries unresolved 
[Bug 47922] Double-click does not go into resource folders [package explorer] 
[Bug 47731] JUnit view leaks 2 Colors 
Bug 47394   Significant performance degradation in 3.x builds - only refresh when current working set has changed 
[46763] & [47181] 
45187  Double clicking in Package Explorer highlights class name [package explorer] 
Fixed bug 45444: Open declaration on local variable doesn't select variable name 
46074   JUnit launcher: new API in VMRunnerConfiguration [JUnit] 
- 40318: Warning hides error in vertical ruler and squiggles - 40784: Improve annotations and annotation handling 
- 40318: Warning hides error in vertical ruler and squiggles 
Feature 45091: inplace, permanent, and dynamic "find occurrences" 
Feature 45091: inplace, permanent, and dynamic "find occurrences" 
[42585] 
43653 Error while deleting resources 
[43557] 
43551 - Background conflicts with syntax highlighting in Edit Template of code gneration [code generation] 
40304 create constructors from fields: opens editor before i do anything 
40304 constant renamed to 'DIALOG_TITLE' 
fixes bug 42587: Left over from content assist 
[41500] 
41501 type hierarchy: history dialog, button enablement incorrect [type hierarchy] 
 41798  New JUnit Plug-in test requires test suites to extend TestSuite 
40355 quick fix: list of completions not wanted when there's only 1 [quick fix] 
40542 JUnit - status bar should better show test class name [JUnit] 
40967  JUnit: Second list is not accessible [JUnit] 
41271 
test for 41271 
test for 41271 removed testing isSatisfied 
fix for 39642  TextChangeManager should not setKeepExecutedTextEdits(true) on all changes [refactoring] 
fix for 40353 provided by Markus 
tests for 40353 
40353  - 
fix for 40353  - provided by Markus, touched by me 
39008 [refactoring] change method signature annoying defaults 
 40563 extract interface logging JME [refactoring] 
 40563 extract interface logging JME [refactoring] 
test for 40452 
Fixed part 3 of bug 41128 
Fixed part 2 of bug 41128 
Fixed bug 41028: Java Browsing, Members View: types for fields [browsing] 
[40352] 
[40350] 
[40970] 
[40970] 
Fixed bug 40291: javadoc / declaration views: should update when shown 
Fixed bug 40347: [misc] Renaming a project with an open editor fills log 
40300 Compiler pref page does not disable unavailable preferences [build path] 
40314 
40310 Mnemonic clashes on new compiler preference page [build path] 
40314 Compiler pref page: Unused X pref sounds too complicated [build path] 
40342 quickfix from anonymous class creates wrong visibility method 
tests for 37540, 38114 
fixes for 37540 
fixes for 37540, 38114 
40261   Packages view requesting labels on selection change 
[Bug 40136] NPE in junit view [JUnit] 
39754 New projects being added to the TreeViewer twice 
[39923] 
fix for bug 29258 Drag and Drop SWT error when not performing drag and drop 
39746 Move super class constructor combo up. 
39716 Refactor of nested type broken for default package [refactoring] 
39716 Refactor of nested type broken for default package [refactoring] 
39056 Add constructors from Superclass no longer finding duplicates 
38481 getters/setters: insertion point incorrect 
38487 add constructors: does not see the default constructor 
38485 add constructors: incorrect text selection after [code manipulation] 
38484 add constructors: incorrect wording 
38480 Delete: AssertionFailedException when deleting field in code with errors 
37917 Compiler prefs - shouldn't complain about wrong source level when resetting defaults [build path] 
37583 org.eclipse.jdt.internal.junit.ui.TestRunnerViewPart#postAsynchRunnable possibly buggy [JUnit] 
disabled failing test for now (bug 37547) 
37499 JUnit: Error on startup 
added contributor of fix for 26754 
26754  JUnit Tree hierachy wrong ifTestSuite name contains a comma (,) 
37149 SocketUtil.findUnusedLocalPort bug [JUnit] 
36558 call hierarchy: filters dialog, ui glitches 
36558 
36616 Call hierarchy: clicking Show History button should show dialog 
Fixed bug 36554: JDT/UI plugin activation fails when activated in non UI thread 
Fixed bug 36554: JDT/UI plugin activation fails when activated in non UI thread 
[35487]: Clipped message in refactoring dialog 
 34169  Add JUnit TestSuite blocks 
#33260, #34056 
first cut #34056 
34613 Adding source folder throws JavaModelException 
34613 Adding source folder throws JavaModelException 
[34067] 
23031 Package explorer does not update when input==package [package explorer] 
31683 Show In doesn't work for class file in rt.jar 
33856 go to referring test - message dialog has null parent shell 
33856  go to referring test - message dialog has null parent shell 
33458  StringIndexOutOfBoundsException from Junit HierarchyRunView 
33234 Goto source doesn't work when running a single test [JUnit] 
33226  Show In beeps 
32531  NPE importing preferences 
14702, 32435 JUnit plugin displays incorrect Failure Trace when using JUnit decorator 
[Bug 26298] JUnit: Can not go to inner class and view goes crazy 
19974  Packages view: back / forward buttons do not show frame name [package explorer] 
[Bug 19855] Test class not found in project [JUnit] 
[Bug 14426] junit: status line on finish could give more details 
Bug 14305  JUnit - TestSuite should not include Abstract classes 
28452   [JUnit] Preference page: stack filter should be stack trace filter 
[Bug 28720] Creating a JUnit TestCase gives an error 
20768  JUnit New TestCase wizard inserts "[" in method name [JUnit] 
Bug 31214 [Show in] Fails for Package Explorer in non-Java project 
15182 junit: DND.ERROR_CANNOT_SET_CLIPBOARD must be handled 
Bug 32224  [Show In]Back-linking doesn't work for .class files in jars 
Bug 32280  Issues with Linking icon 
[Bug 32273] StringIndexOutOfBoundsException in JUnit plugin [JUnit] 
20157 junit: exception on 'recreate suite' if file read-only [JUnit] 
15277  Recreate test suite allows you to add the suite to itself 
 31769  progress monitor indication incorrect after resizing [JUnit] 
31083 PackageView - logic container doesn't show up in classpath order [package explorer] 
Bugzilla Bug 25324  Ability to know when tests are finished [junit] 
[Bug 30291] New: SearchUsagesInFileAction should show dialog in case of failures 
Fixed bug 28443: organize imports sometimes added to logical packages, sometimes not 
Bug 29200  NPE from 'Occurences in File' 
29156 Highlight all occurances of local Java variable 
28250 
http://bugs.eclipse.org/bugs/show_bug.cgi?id=28563 
[27764] 
26380 
25014 
This commit was manufactured by cvs2svn to create tag 'v20021115'. 
accessibility: 25203 
25830 
24924 quick fix: strange method javadoc created [quick fix] 
24924 
19097 outline: applying filters freezed the ide for large files [filters] 
Fixed bug 19097: outline: applying filters freezed the ide for large files 
18220 new builder option: warn/error for duplicate resources 
24250 
24031 
[23320] fix reviewed by Martin Aeschlimann and Erich Gamma 
[23434] 
[23320] 
[23188] 
Added feature 14299: Package filter [browsing] 
Fixed bug 19278: jar source attachment: jar icon not refreshed [package explorer] [browsing] 
Fixed bug 18409: EmptyInnerPackageFilter needs to be revisited [filters] 
Fixed bug 18467: Radio bullet on Packages view's Filters... item [filters] 
22308 
#20674 
#20560 
#19859 
[20013] 
#20475 
17921 
[17176] 
17916 
18132 New wizards should verify if folder is on classpath 
18163 Add Import should ignore leading/trailing whitespace 
18198 Java Model Exception out of JavaOutlineViewer / JDT Core 
Fixed 16843: Not present exception closing java editor that is outside classpath 
18082 compiler pref page is the only one with icons 
fixed 16847 
16724 
fixed 16531 
16452 
12871 
15656 
enabled test for15412 
fix for15412 
added a test for 15412 
[18375] 
14891  NPE during organize imports 
14572 JavaCapatibilityConfigurationPage.java misspelled 
Fixed 14093: exception in search results view 
[14112] 
13323 
13323 
fix for 13012 
8808 Class folder: Must use create to add an existing folder 
9258 Failed to execute runnable - NullPointerException 
12188 Wrong Stylesheet Flag for Javadoc + impossible to deaktivate selection 
fix for 11729 
fic for 11729 
11238 & 11240  1.4 settings - improper validation check 
[11397] & [11441] 
Fixed 11437: jar packager: no error message but buttons disabled 
11109  F1 no longer works in Packages view 
9923 
added a check for 3759 
fix for bad message formatting in 3759 
fix 10832 
api adaptation + test for 9895 
tests for 9895 
fix for 9895 
fix 9774 
fix 9495 
Fixed bug 8801:  remove the basic icons from our plugins 
Fixed bug 8801:  remove the basic icons from our plugins 
8443 Wording in Compiler prefer page needs to be improved 
7369 
[6233] 
5264, 6450 
[Bug 5865] Packages view doesn't obey action set customization 
[Bug 5865] Packages view doesn't obey action set customization 
[Bug 5865] Packages view doesn't obey action set customization 
fix for 5774 
4928 Java perspective should have placeholder for Navigator 
5230 
[Bug 5097] New: Version Info in Navigator marks all members of a type as changed 
[Bug 5117] New: Gaining editor focus shows only package declaration 
[Bug 5117] New: Gaining editor focus shows only package declaration 
5052: Scrolling to the top of page when synching packages view 
5093 & 5101 
5093 & 5101 
4365 
[Bug 4373] New: Packages View - double clich doesn't expand two hiearchy levels 