
Bug 332662 - Adopt new feature that allows to share the license file 
Bug 332662 - Adopt new feature that allows to share the license file 
Bug 332662 - Adopt new feature that allows to share the license file 
revert Bug 332662 - Adopt new feature that allows to share the license file 
153310 Broken help links in JDT cheat sheets 
153310 Broken help links in JDT cheat sheets 
bug 99240 - updated license, add missing line continuation character 
bug 99240 - updated license. 
95883  ConfigExtensions do not handle array styles 
Bug 478780: add API IProblem#isInfo() 
Bug 478780 - Add default isInfo() implementation to CategorizedProblem 
Bug 478780 - add API IProblem#isInfo() 
Bug 476528 - Wrong parameter name for user-defined Enum.valueOf 
Bug 466512: Unexpected runtime error while computing a text hover 
Fixed bug 453552 - Invalid @FunctionalInterface error when two interfaces extend the same functional interface. 
Bug 466878 - Fix failing test 
Bug 466878 - EclipseFileManager#getFileForInput can't find resource in Default package 
Bug 466675: A number of "class file" comparator errors in I20150506-2000 
Fixed bug 425203 - [compiler][1.7][inference] ECJ rejects valid code using bounded wildcards 
Bug 456236 - [1.8][null] Cannot infer type when constructor argument is annotated with @Nullable 
Bug 455427 - [test] Make compiler test run with APT enabled 
Bug 450684: Javadoc URL that redirects from http to https yields: Unknown javadoc format for <type from Oracle JRE rt.jar> 
Bug 450684: Javadoc URL that redirects from http to https yields: Unknown javadoc format for <type from Oracle JRE rt.jar> 
Fixed Bug 433588 - [1.8][compiler] ECJ compiles an ambiguous call in the presence of an unrelated unused method. 
Fixed Bug 433588 - [1.8][compiler] ECJ compiles an ambiguous call in the presence of an unrelated unused method. 
Fixed Bug 433747 - [compiler] TYPE Annotation allowed in package-info instead of only PACKAGE 
Fixed Bug 432614 - [1.8] LambdaExpression#resolveMethodBinding() gives parameter type annotation from SAM 
Bug 434464 - Resource leak in APT classloader 
Bug 436563 - Several tests in TypeHierarchyTests fail 
Bug 433586 - [1.8][null] Converting <? super T> to <T> with method reference causes unchecked conversion warning 
Fixed Bug 432619 - [1.8] Bogus error from method reference: "should be accessed in a static way" 
Bug 426563 - [1.8] AIOOBE when method with error invoked with lambda expression as argument 
Bug 395886: [1.8][DOM/AST] Withdraw annotations property from Name nodes. 
Fix for bug 419479 - [1.8] POM version tool failures in BETA_JAVA8 
Fixed Bug 415821 - [1.8][compiler] CLASS_EXTENDS target type annotation missing for anonymous classes. 
Bug 416175 - [1.8][compiler][null] NPE with a code snippet that used null annotations on wildcards 
Fixed Bug 405068 - [1.8][compiler][codegen] Generate code for lambdas that capture locals from enclosing/outer contexts 
Disable failing tests pending fix for bug 405068 
Fixed Bug 393192 - Incomplete type hierarchy with > 10 annotations 
Additional test for Bug 402173 - [1.8][formatter] Code formatter should understand lambda expressions 
Fix for issue raised during code review for Bug 402173 - [1.8][formatter] Code formatter should understand lambda expressions. 
Fixed Bug 402174 - [1.8][formatter] Code formatter should understand method and constructor references. 
Fix and tests for Bug 402173 - [1.8][formatter] Code formatter should understand lambda expressions. 
Fixed Bug 393192 - Incomplete type hierarchy with > 10 annotations 
Enabling changes for Bug 402173 - [1.8][formatter] Code formatter should understand lambda expressions. 
Fixed Bug 402198 - [1.8][compiler][infrastructure] Enhance IErrorHandlingPolicy to support a new policy: ignore all errors. 
Fixed Bug 395886 - [1.8][DOM/AST] Withdraw annotations property from Name nodes 
Part 1 of fix for bug 395886 
Fixed 383598: Investigate a cleaner to fix to replace the ad-hoc point fix in DiagnoseParser 
Part I of fix for 383596. 
Fix for bug 375971: [search] Not finding method references with generics 
Fix for bug 378783: [search] [test] testBug376673* are failing on test machines 
Revert "Fix for bug 378783: Updated the BOM to have the encoding" 
Fix for bug 378783: Updated the BOM to have the encoding 
Fixed bug 353553: Rename readableNames.properties to avoid translation 
HEAD - Fixed Bug 365387 - [compiler][null] bug 186342: Issues to follow up post review and verification. Item (22). 
HEAD - Fixed Bug 365519 - editorial cleanup after bug 186342 and bug 365387 
Partial fix for review comments captured in bug 365387 
HEAD - Document resolving of these bugs (part of previous commit): Bug 334457 - [compiler][null] check compatibility of inherited null contracts Bug 331647 - [compiler][null] support flexible default mechanism for null-annotations Bug 363858 - [dom] early throwing of AbortCompilation causes NPE in CompilationUnitResolver 
R3_7_maintenance - Fixed bug 353553: Rename readableNames.properties to avoid translation 
HEAD- Fixed bug 353553: Rename readableNames.properties to avoid translation 
HEAD- reverting fix for bug 353553 
R3_7_maintenance - Reverting fix for bug 353553 
R3_7_maintenance - Fixed bug 353553: Rename readableNames.properties to avoid translation 
HEAD- Fixed bug 353553: Rename readableNames.properties to avoid translation 
BETA_JAVA7 - Fixed bug 350652: [1.7][assist] Completion issues with multicatch (FUP of 343637) 
BETA_JAVA7 -  Fix for 343693:  [1.7] Adjust subclasses of AllocationExpression for <> support 
BETA_JAVA7 - Fixed bug 343637: [1.7] Already used exception offered again in a Mulicatch block 
BETA_JAVA7: Fixed bug 345522: [1.7][compiler] Compilers fails to compute precisely rethrown types 
BETA_JAVA7:  Fixed bug 344655: [1.7][compiler] Prohibit use of <> with explicit type arguments to generic constructor 
HEAD - Revert fix for 336648: wrong compiler problem "The value of the local variable xxx is not used" HEAD - Reverting fix for 343621: Setting "Unchecked generic type operation" to Error is disabling/hiding other Warning settings 
BETA_JAVA7 - Regression test for 343621: Setting "Unchecked generic type operation" to Error is disabling/hiding other Warning settings 
BETA_JAVA7 - Reverting fix for 343621: Setting "Unchecked generic type operation" to Error is disabling/hiding other Warning settings and reverting fix for 336648: wrong compiler problem "The value of the local variable xxx is not used" 
BETA_JAVA7 - Reverting fix for 343621: Setting "Unchecked generic type operation" to Error is disabling/hiding other Warning settings and reverting fix for 336648: wrong compiler problem "The value of the local variable xxx is not used" 
HEAD - Revert fix for 336648: wrong compiler problem "The value of the local variable xxx is not used" HEAD - Reverting fix for 343621: Setting "Unchecked generic type operation" to Error is disabling/hiding other Warning settings 
HEAD - Revert fix for 336648: wrong compiler problem "The value of the local variable xxx is not used" HEAD - Reverting fix for 343621: Setting "Unchecked generic type operation" to Error is disabling/hiding other Warning settings 
HEAD - Revert fix for 336648: wrong compiler problem "The value of the local variable xxx is not used" HEAD - Reverting fix for 343621: Setting "Unchecked generic type operation" to Error is disabling/hiding other Warning settings 
HEAD - Fixed bug 343621: Setting "Unchecked generic type operation" to Error is disabling/hiding other Warning settings 
BETA_JAVA7 - Fixed bug 343621: Setting "Unchecked generic type operation" to Error is disabling/hiding other Warning settings 
HEAD - Fixed bug 343621: Setting "Unchecked generic type operation" to Error is disabling/hiding other Warning settings 
BETA_JAVA7 - Fixed bug 343621: Setting "Unchecked generic type operation" to Error is disabling/hiding other Warning settings 
HEAD - Fixed bug 343621: Setting "Unchecked generic type operation" to Error is disabling/hiding other Warning settings 
BETA_JAVA7 - Fixed bug 343607: [APT] Improve output for javax.annotation.processing.Messager problems 
HEAD - Fixed bug 343607: [APT] Improve output for javax.annotation.processing.Messager problems 
BETA_JAVA7 - Fixed bug 343687: [1.7] IAE in NumberLiteral#setToken(String) for binary tokens and tokens with underscore 
HEAD - Fixed bug 343607: [APT] Improve output for javax.annotation.processing.Messager problems 
BETA_JAVA7 - Fixed bug 343607: [APT] Improve output for javax.annotation.processing.Messager problems 
BETA_JAVA7 - Fixed bug 337415: External folders project is not created 
HEAD - Fixed bug 337415 - Made improvements to the original fix. 
BETA_JAVA7 - Fixed bug 337415: External folders project is not created 
HEAD - Fixed bug 337415: External folders project is not created 
HEAD :  Fixed bug 334493: [1.7][compiler] Difference in behavior with Javac7 
BETA_JAVA7 Fixed bug 334493: [1.7][compiler] Difference in behavior with Javac7 
BETA_JAVA7 - Fixed bug 326950: [compiler][null]Do not optimize code generation based on static analysis (dead code) 
HEAD- Fixed bug 326950: [compiler][null]Do not optimize code generation based on static analysis (dead code) 
BETA_JAVA7 - Fixed bug 335845: [compiler] compiler wrongly suggests to add a static qualifier to a method 
HEAD- Fixed bug 335845: [compiler] compiler wrongly suggests to add a static qualifier to a method 
HEAD- Fixed bug 333956: CompilerOptions#warningOptionNames(): OPTION_ReportRawTypeReference missing 
HEAD - Fix for 331334 
HEAD - Fix for 333487 
HEAD- fix for 332619 
HEAD - Fix for 332451 
HEAD - Fix for 332451 
HEAD - Fix for 330435 
HEAD - Fix for 330445 
HEAD - Fix for 329588 
HEAD - Fix for 329588 
HEAD - regression tests for 329584, 329588 and 329589 
HEAD - Fix for 323012 
HEAD- fix for 319201 
HEAD - Fix for 321085 
HEAD - Fix for 319425 
HEAD - Fix for 319425 
HEAD - Regression test for 320275 
3.6.x stream - Fix for 316889 
HEAD - Fix for 316889 
HEAD - Fix for 316889 
JSR_308 - 310213 
HEAD - 310213 
JSR_308 - Fix for 209479 
HEAD - Fix for 209479 
perf_35x - 194358 (Jay's patch: https://bugs.eclipse.org/bugs/attachment.cgi?id=149218) 
HEAD - Fix for 291985 
HEAD - Fix for 280784 (2) 
HEAD - Fix for 280784 
HEAD - Additional changes for 163194 
HEAD - Additional changes for 163194 
HEAD - Fix for 163194 
HEAD - Fix for 163194 
HEAD - Fix for 163194 
HEAD - Fix for 163194 
HEAD - Fix for defect #271296 (Jay) 
HEAD - bug 276890 
HEAD - Fix for 274917 
HEAD - Fix for 269934.  Fix infinite loop with class file creation 
HEAD - Fix for 269934.  Fix infinite loop with class file creation 
HEAD - Fix for 269934. This should handle duplicated types better 
HEAD - Revert change for 269934. This prevents proper traversal of types with errors 
HEAD - 269934 
HEAD - 267833 (Jayaprakash's patch https://bugs.eclipse.org/bugs/attachment.cgi?id=133106) 
Fix and test case for bug 269934 and bug 263985 - problems with early resolution of generated type. 
HEAD - 269934 & moved back to APT 
APT v20090414-0050 
HEAD - Fix for 269934 (dump files with package hierarchy) 
HEAD - 267789 
HEAD - Contribution for 20090310-0100 
HEAD - 257528 
HEAD - 265630 
HEAD - 265630 
HEAD - 250211 
R3_4_maintenance - 250211 
R3_4_1_maintenance_patches - Fix for bug 250211 (fix version typo) 
R3_4_1_maintenance_patches - 250211 
HEAD - bug 250685 
R3_4_maintenance - 186858 
HEAD - 235021 
HEAD - 186858 
HEAD - Fix for 245563 
HEAD - Regression test for 240214 
3.2 maintenance - Fix for 240214 
3.4 maintenance - Fix for 240214 
HEAD - Fix for 240214 
R3_4_maintenance - bug 239198 
HEAD - bug 239198 
214558 
HEAD - 226890 
HEAD - Fix for 225563 
HEAD - Fix for 225563 
HEAD - Fix for 225563 
HEAD - Fix for 225563 
HEAD - Fix for 225563 
HEAD - 155013, 209642 
HEAD - 209642 
210213 
R3_3_maintenance - 186410, 209150 
HEAD - 186410, 209150 
HEAD - 186410, 209150 
HEAD - Fix for javadoc related to bug 203304 
HEAD - 203304 
193210 
193210 
193210 
HEAD - Fix for 195317 
3.3 maintenance - Fix for 195317 
3.3 maintenance - Fix for 195317 
HEAD - Fix for 195317 
HEAD - 186415 
perf_32x - 186415 
180789 
HEAD - 180789 
HEAD - Fix for 160520 
HEAD - bug 99928 
HEAD - Fix for 161400 and 163349 
HEAD - Fix for 163349 
HEAD - 161581 
HEAD - 133131 changing test case comments 
155423 
HEAD - Fix for 155887 + new test for 155423 
155423 
HEAD - Added 155423 to buildnotes 
155423 
Merge from HEAD, changes from v20060729-2000 to v20060822-2020 (fix for bug 133744) 
bug 133744 - use correct parser to generate APT type declarations during reconcile 
Merge bug fixes from HEAD, v20060712-1750 through v20060729-2000, into 3.2 maintenance.  Includes fixes for 133744 and 150457. 
bug 133744 - use existing pipeline in Types.getDeclaredType() 
HEAD - 103304 + 119857 + 149013 
HEAD - Fix for 138684 
HEAD - bug 133491 (better fix) 
HEAD - bug 133491 
https://bugs.eclipse.org/bugs/show_bug.cgi?id=133391 
HEAD - bug 135217 
HEAD - Fix for 108087 
HEAD - Fix for 133440 (fix copyright) 
HEAD - Fix for 133440 
HEAD - Fix for 133748 
HEAD - Fix for 133748 
HEAD - Fix for 133748 
HEAD - Fix for 133748 
131935 
132613 
HEAD - Fix for 133440 
HEAD - Fix for 133440 
HEAD - Fix for 133440 
HEAD - 133334 
HEAD - 133131 added test case 
HEAD - test for bug 132665 
HEAD - 94925 
HEAD - Fix for 131921 
HEAD - Fix for 131921 
HEAD - 131937 
105801 
105801 
HEAD - 127628 
HEAD - 127628, 128814 
HEAD - 127628 
HEAD - test for bug 127628 
HEAD - Fix for 127144 
HEAD - 65637 
HEAD - Fix for 125217 
HEAD - Fix for 125217 
HEAD - Fix for 125217 
HEAD - 120079 
HEAD - Fix for 122460 
HEAD - Fix for 122460 
HEAD - Fix for 122460 
HEAD - Completion in Javadoc (bugs 113374, 113376) 
3.1 maintenance - 105808 
105808 
doesMethodOverride() - 111350 + 108782 + 108780 + 105808 
doesMethodOverride() - 111350 + 108782 + 108780 + 105808 
HEAD - Fix for 103320 
3.1 maintenance branch - Fix for 103320 
99927 
99922 
96424, 97606 
96424 
bug 85384 
HEAD - Fix for 92398 
95021 
94928 
83230 
83230 
HEAD - Fix for 90414 
87644 (increment build state version) 
87644 (use problemId instead of severity on internal access restriction) 
87644 
HEAD - Fix for 86779 
Add more well-known primitive types (bug 86779) 
HEAD - Fix for 86410 
85203 
THAW_452_R30x - Fix for 78358 
83593 
83593 
83599 (improved) 
83599 
83210 
83304 
HEAD - Add regression test for 83210 
81258 
HEAD - Fix for 80788 
HEAD - Fix for 80780 
78087 
bug 78275 
78275 
76167 Quick FIx: create local variable deletes comment above it 
73245 
68343 
68343 
Revert change for 65943 
70193 
70193 
68585 
68585 
Sanity check for NPE in 71293 
bug 66908 
HEAD - Fix for 71672 and 67790 
HEAD - Fix for 69931 
HEAD - Fix for 69931 
68017, 68025, 68087, 69272, 69275, 69302 
68017, 68025, 68087, 69272, 69275, 69302 
69028 
69028 
65943 
65943 
68146 
66512 
67789 
68146 
67789 
1.5 - 66512 
1.5 - 68891 
1.5 - 68862 
67786 
HEAD - Fix for 66675 
65174, 65180, 65253, 65288 
65174, 65253, 65288 
63245 
bug 50686 
53555 
55421 
55223 
55221 
55221 
Add bugs 50683 and 50697 
32022 
Fixes for 46689 and 46690 
32665 
33748 
33035 
bug 33445 
32612 
32690 
32107 
Fix for 32100 
Fix for 32100 
31947 
28087 
Update for 27597 
Fix for 27597 
Fix for bug 25539 
bugs 15563 
Fix for 14933 and 14921 
bug 3313 
Bug 391980 - Add tycho.scmUrl for eclipse.jdt.debug.git 
Bug 391980 - Add tycho.scmUrl for eclipse.jdt.debug.git 
Bug 335896 - Investigate support for alternate launching/attaching connectors 
Fixed bug 332109: Canceling 'Open from Clipboard' results in entry dialog 
Bug 321043 - Enable 1.7 compiler compliance 
 Bug 323020 -  EE home test failure on Mac 
Bug 319298 - Support EE launch variables 
Bug 320269 - update JRE javadoc links from Sun to Oracle 
Bug 321043 - Enable 1.7 compiler compliance 
Bug 166890 - Pause on VM disabled if any thread already suspended 
 Bug 293266 -  [Accessibility] - Text box and its label are not connected 
turned on setting to process javadoc to avoid  Bug 292402 -  [javadoc] Compiler warning for unused parameter showing up even though it is documented 
Bug 262369 - NPE in viewer test 
Bug 232699 TVT34:TCT330: TVT FR - Space missing before colon sign in French 
Bug 184917 [jres] Mac always launches system default VM no matter what config says 
Bug 184917 [jres] Mac always launches system default VM no matter what config says 
Bug 184917 [jres] Mac always launches system default VM no matter what config says 
Bug 178279 Filter package action filters receiving type rather than declaring type 
Bug 178641 conditional breakpoint performance test failure 
Bug 178641 conditional breakpoint performance test failure 
Bug 178641 conditional breakpoint performance test failure 
Bug 173339 [launching] default main method search scope constraints are too lax 
Bug 173339 [launching] default main method search scope constraints are too lax 
roll back Bug 173339 [launching] default main method search scope constraints are too lax 
Bug 173339 [launching] default main method search scope constraints are too lax 
Bug 173304 NPE in EditDetailFormatterAction when called from context menu of Variables view 
Bug 173193 [applets] Search for applets returns results that are not applets 
verified Bug 162368 Include JRockit-internal classes in the default step filters 
Bug 162366 org.eclipse.jdt.debug.tests.testSimpleStepFilter/testInactiveStepFilter depend on VM behavior 
Bug 162368 Include JRockit-internal classes in the default step filters 
Bug 162368 Include JRockit-internal classes in the default step filters 
Bug 162366 org.eclipse.jdt.debug.tests.testSimpleStepFilter/testInactiveStepFilter depend on VM behavior 
Bug 139195 [breakpoints] Error on Toggle method breakpoint in external .java file 
Bug 139195 [breakpoints] Error on Toggle method breakpoint in external .java file 
Bug 132619 - Can't Add Installed JREs with Simplified Chinese folder name 
Bug 132023 - [Deprecated Items] Remove deprecated keybindings/handlers 
Bug 98900 - Console hyperlinks inaccurately detected 
Bug 78764  -  Exception breakpoint hangs 
Bug 91981 - DeferredJavaThread should check if target supports monitor info before requesting it. 
Bug 90318 - Change string externalization to use new format 
Bug 90318 - Change string externalization to use new format 
Bug 90318 - Change string externalization to use new format 
Bug 90318 - Change string externalization to use new format 
Bug 75972 - StepIntoSelection action is no longer disabled for non JDT debugger 
Bug 86412 - Performance results for testConditionalBreakpoint not useful on Linux 
Bug 86412 - Performance results for testConditionalBreakpoint not useful on Linux 
Bug 86412 - Performance results for testConditionalBreakpoint not useful on Linux 
Bug 86412 - Performance results for testConditionalBreakpoint not useful on Linux 
Bug 86412 - Performance results for testConditionalBreakpoint not useful on Linux 
Bug 86412 - Performance results for testConditionalBreakpoint not useful on Linux 
Bug 86412 - Performance results for testConditionalBreakpoint not useful on Linux 
Bug 87144 - org.eclipse.jdi.TimeoutException when performing stepping operations rapidly with Variables view visible 
Bug 87144 - org.eclipse.jdi.TimeoutException when performing stepping operations rapidly with Variables view visible 
Bug 83245 - [Breakpoint Groups] Improve icons for breakpoint type groups 
Bug 83194 - No selection in JRE combo when changing from "default" 
Bug 80879 - NPE in JavaLogicalStructures 
Bug 78900 - AIOOBE in ASTInstructionCompiler for super method call 
Bug 66538 - Breakpoint creation should use marker modification rules 
Bug 75977 - Scrapbook: internal error - unable to obtain an execution context 
Bug 75280 - Integrate monitor information in debug view 
[r301] Bug 73261 - 'Toggle Line Breakpoint' doesn't remove existing breakpoint if used in an anonymous class declaration in a field declaration 
73261 
Bug 73261 - 'Toggle Line Breakpoint' doesn't remove existing breakpoint if used in an anonymous class declaration in a field declaration 
71441 
71441 - fixed date 
71441 
Bug 71441 - DebugException: Unable to retrieve stack frame - thread not suspended 
[r301] Bug 71441 - DebugException: Unable to retrieve stack frame - thread not suspended 
Bug 65203 - Launch configuration support for package move. 
65203 - Launch configuration support for package move. 
65203 - Launch configuration support for package move. 
Bug 58078 - detail formatter dialog missing code assist hint 
Bug 53334 - Making the breakpoint location verifier less restrictive 
Bug 53349 - Error during test suite 
Bug 45068 - CME on hot replace 
Bug 43436 - Should use default class stratum when retrieving source and line number 
bug 33746 - Error on adding a new JRE in Windows=>Preferences=>Java=>Installed JREs settings 
bug 33292 - Show Source of selected element and Java Snippet Editor bug 33304 - Snippet editor toolbar actions not grouped properly 
27528 - Icons in Expressions view are squashed 
bug 29992 - JRE_LIB not properly resolved with JRE containers 
Bug 18536 - Eval: NumberFormatException thrown when trying to evaluate negative hexadecimal or octal number 
bug 17616 
added 15862 
bug 15862 
Bug 13349 - Add breakpoint action disabled in editor pop-up 
Bug 478780 - add API IProblem#isInfo() - update JDT UI code 
Bug 433587 - [content assist] AIOOBE when computing proposal - added logging 
Fixed bug 465630: [JUnit] "Next/Previous Failed Test" buttons enabled on "Show Skipped Tests Only" 
Revert Fixed bug 333428: [content assist] Creating an anonymous inner class doesn't add a semicolon to enclosing method invocation 
Fixed bug 333428: [content assist] Creating an anonymous inner class doesn't add a semicolon to enclosing method invocation 
Fixed bug 356687: [move method] super method invocation does not compile after refactoring 
Fixed Bug 333461 - [actions] Javadoc view: "Open Attached Javadoc in External Browser" should open URL 
Bug 333461: [actions] Javadoc view: "Open Attached Javadoc in External Browser" should open URL 
Bug 386410: [override method] JAX RS interface annotations are duplicated in the implementing class 
Bug 386410: [override method] JAX RS interface annotations are duplicated in the implementing class 
Bug 388078: inline logical or in and expression goes wrong 
Fixed bug 391981: Add tycho.scmUrl for eclipse.jdt.ui.git 
Fixed bug 391981: Add tycho.scmUrl for eclipse.jdt.ui.git 
Bug 383358: [convert local] The Quick Assist action is not offered when a use of a local var is selected 
Bug 376779: [navigation] JavaElementHyperlinkDetector#detectHyperlinks(..) is wasting time 
Bug 375542: [hovering] Javadoc should show generic type constraints 
Bug 375542: [hovering] Javadoc should show generic type constraints 
Bug 321035: Enable 1.7 compiler compliance in the UI 
Remove workaround for bug 155422. 
Remove workaround for bug 155422. 
Bug 365380: [rename] Renaming public class to name of compilation unit fatal error 
Fixed bug 365380: [rename] Renaming public class to name of compilation unit fatal error 
Bug 365380: [rename] Renaming public class to name of compilation unit fatal error 
Fixed bug 365380: [rename] Renaming public class to name of compilation unit fatal error 
Fixed bug 344674: [clean up] Convert to enhanced for-loop on save results in identity comparison 
Fixed bug 344674: [clean up] Convert to enhanced for-loop on save results in identity comparison 
Fixed bug 343245: [JUnit] DBCS4.1: JUnit can not import URL with CJK Extension B from clipboard 
Fixed bug 334980: [actions] 'Format Element' should work if the selection is on a declaration 
Backport fix for bug 330353: The performance test JavaMoveLineTest#test() and subsequent tests fails on Linux machine. 
Bug 334978: [syntax highlighting] default constructor of deprecated type should be rendered with strikethrough 
Added a test for Bug 331028 and Bug 331734. 
Bug 314094: [hovering] @see method link in Javadoc doesn't work correctly if the method is in superclass 
Fixed bug 330353: The performance test JavaMoveLineTest#test() and subsequent tests fails on Linux machine. 
Committed Rajesh's patch to fix bug 328641: [actions] Format Element formats (marks dirty) read-only file 
Bug 334992: [quick fix] "Return the allocated Object" hides "Assign statement to local variable" 
Committed Rajesh's modified patch to fix bugs - 65317: [typing] Auto-indent does not handle continuation properly - 66390: [typing] Correct Indentation: throws clause incorrectly indented - 108583: [typing] Smart indentation on return indents to column after square brackets 
Fixed bug 332019: [quick assist] Exchange operands must add parentheses sometimes 
Bug 334480: [quick fix] create method incorrectly makes static method when called from inner class in static method 
Fixed bug 332030: [navigation] Open Declared Type hyperlink should not show up when the variable type is primitive 
Fixed bug 332030: [navigation] Open Declared Type hyperlink should not show up when the variable type is primitive 
Fixed bug 332053: [call hierarchy] Clearing history should clear the status bar 
Fixed bug 332030: [navigation] Open Declared Type hyperlink should not show up when the variable type is primitive 
Committed BjÃ¶rn's patch to fix bug 331311: [syntax highlighting] Syntax coloring for abstract classes 
Bug 332008: [quick fix] Quick fix can be improved in 1.4/1.5 mixed projects 
Fixed bug 332034: [breadcrumb] Java Model Exceptions in log when opening Java Editor for nonexistent file 
Bug 331320 comment 4: [navigation] Open Return Type hyperlink should not show up when return type is void 
Fixed bug 331320: [navigation] Open Return Type hyperlink should not show up when return type is void 
Bug 331053: [JUnit] Importing from URL doesn't show whether connection is working and doesn't cancel 
Backported fix for bug 330438: [ltk] NPE in UndoDocumentChange 
Fixed bug 330415: [inline] Refactor > Inline fails to parenthesize replaced arguments 
Committed Deepak's patch to fix bug 313313: [implementation][preferences][spell checking] Move disabling of spelling for performance tests into tests itself 
Committed Rajesh's patch (slightly modified) to fix bug 65317: [typing] Auto-indent does not handle continuation properly 
Fixed bug 326116: [preferences] Add UI for new compiler warning option org.eclipse.jdt.core.compiler.problem.suppressNullInfoFromAsserts 
Fixed bug 139197: [refactoring] 'Introduce Indirection' do nothing when right-clicking on method name in .class file 
Fixed bug 319302: [nls tooling] Property Files Editor ignores "insert spaces for tabs" - listen to preference changes 
Fixed bug 319302: [nls tooling] Property Files Editor ignores "insert spaces for tabs" 
Bug 321035: Enable 1.7 compiler compliance in the UI 
Fixed bug 313339: Remove unused internal deprecated code 
Bug 303313: Test failures in SurroundWithTests when run in AllAllRefactoringTests 
Bug 299928: [hovering] 'Problem hover > Configure Problem Severity' does not consider project-specific Javadoc preferences 
Bug 293446: [JUnit] Importing from URL does not show progress 
Bug 289992: Use IResource#setDerived(boolean, IProgressMonitor) instead of IResource#setDerived(boolean) 
Bug 290135: Add new option for bug 163194 into the compiler preference page 
Bug 289280: "Introduce Indirection" assistant uses wrong path for inner classes as target 
Bug 283304: [JUnit] ITestRunSession should return launched project 
Fixed bug 275286: [compare] createStructure is called three times for both sides when opening compare editor 
Bug 271446: [call hierarchy] cannot restart canceled search for callers 
Fixed bug 273440: [implementation] NPE from Java editor 
Bug 267616: [rename] Rename method fails to create a method handle 
Fixed bug 266878: [perfs] Regression on 'Rename method with overloading' test 
Bug 265638: [quick fix] NPE in StubUtility.getBaseName() in add parameter proposal 
Fixed bug 235021: [formatter][preferences] "Use tabs only for leading indentations" confusing 
Fixed bug 237144: [decorators] ProblemsLabelDecorator.decorateImage does not tolerate a null image 
Fixed bug 237144: [decorators] ProblemsLabelDecorator.decorateImage does not tolerate a null image 
Backported fix for bug 243266. 
Fixed bug 243266: [implementation] Don't set clipboard if textData is null in ClipboardOperationAction.doCutCopyWithImportsOperation() 
Fixed bug 233374: [search] styled label not supported by search participant&apos;s label provider 
Backported fix for bug 233374. 
234361 [breadcrumb] Does not resize if switching back from other editor 
232021 [clean up] Huge clean up dialog on OSX 
234363 JAR selection dialog not using dialog font 
Committed Markus's patch to fix bug 232025: [hovering][correction] additional info for quick assist/fix misses focus hint 
232100 [quick fix] Static import of non existing method proposes to create type 
229031 [quick fix] NPE when fixing projet setup 
229041 [breadcrumb] Should support RTL 
Fixed bug 228641: [hovering] Spelling quick fix "Ignore xx during current session" does not update editor from hover 
104021 [quick fix] Introduce new local with casted type applied more than once 
102132: [nls tooling] Externalize Strings Wizard should not touch annotation arguments 
Fixed bug 129588: [rulers] No error icon in editor left ruler 
199992 [api] API to access the shared AST of the active editor 
Preparations for bug 199992: ASTProvider takes ITypeRoot 
bug 189284 [clean up] Clean Up wizard allows to Finish with 0 or >1 selected profiles 
Fixed bug 189198: [spell checking] Spell checker mis-flagging correctly spelled "Initially" 
Bug 188087 [introduce parameter object] NPE when introducing to overriden method if method from binary 
Bug 151683 [extract superclass] Extract Superclass without 'Use the extracted class' removes code 
Fixed bug 186473: A NullPointerException is thrown when switching between Java editors in the Eclipse workbench 
153173 [build path] New Java Project wizard leaves .project and .classpath on cancel 
Bug 153173 [build path] New Java Project wizard leaves .project and .classpath on cancel - fix1 
Fixed bug 181257: Race Condition in AbstractReconciler 
166872 [CommonNavigator] empty JarPackageFragment nodes fail to get filtered in hierarchical layout of Project Explorer 
185527 [build path] CE when creating new project on not existing drive 
180406 [Common Navigator] Patch for bugs 179179, 157314, 156357 
148313 [build path] "Configure Build Path" incorrectly appears for non-Java projects 
92322: [refactoring] refactoring without modal window: made lightweight the default 
169932: [generalize type] InvocationTargetException on array declaration 
152176 [quick fix] Request to recognize J9 executable as Java executable 
152176 [quick fix] Request to recognize J9 executable as Java executable 
Rewrote ConvertForLoopOperation [163121][167825][163122][163193] 
167616 [build path] Java project gets into weird state when .classpath is gone 
Fixed bugs - 85747: [spell checking] Spell checker fails to recognize "<word>" - 157286: [spell checking] single characters should not be spell checked - 58620: [spell checking] There is no option to make spell checker ignore 'special' characters in &xxx; form 
Fixed bugs - 85747: [spell checking] Spell checker fails to recognize "<word>" - 157286: [spell checking] single characters should not be spell checked - 58620: [spell checking] There is no option to make spell checker ignore 'special' characters in &xxx; form 
Fixed bug 58620: [spell checking] There is no option to make spell checker ignore 'special' characters in &xxx; form 
163192 [quick fix] 'Remove @Override' and 'create method in super type' don't appear with 6.0 
Fixed bug 160521: [Compare] Changes needed to support file buffers 
159073 AssertionFailedException: assertion failed: while doing the drag and drop opration. 
workaround for bug 155422 
Backported bug 153245 to 3.2.1 
Fixed bug 153245: [content assist] Must better handle evil javadocCompletionProcessor 
Bug 113266 [syntax highlighting] javadoc tag names including period is not highlighting correctly 
143245 [build path] [regression] New Project Wizard: adding a source folder resets output folder location to default 
143245 [build path] [regression] New Project Wizard: adding a source folder resets output folder location to default 
143245 [build path] [regression] New Project Wizard: adding a source folder resets output folder location to default 
140214 [clean up] PotentialProgrammingProblemFix must be cleaned up 
Fixed bug 135515: 2 ASTs created while typing 
96421 notpresentexception found in log 
133492 Missing mnemonic in "Visible Categories..." view menu 
Fixed bug 133497: [misc] Activate30JavaEditors performance test explanation not there 
132302 [source actions] Provide action to configure the deprecation fix of a member 
132669 [navigation] Category view menu at wrong place in Outline view menu 
132660 [nls tooling] Find Broken NLS Keys should be enabled for packages and editors that edit a Java property file 
132662 [nls tooling] Find Broken NLS Keys puts {1} into Search view content description 
132303 [build path] Java Model Exception when 'Clear all changes' in new project wizard 
131939: [CommonNavigator] JDT Actions 
126473 [Team Sync] React to rename of API in Team 
126473 [Team Sync] React to rename of API in Team 
65284 [preferences][templates] importing template preferences does not update the template store 
107827 [build path] Edit Library dialog error status stays after wrong selection 
120078 [clean up][infrastructure] rename Convert*LoopProposal as Convert*LoopOperation and move to corext 
103785 [content assist] sort methods with less arguments first 
Fixed bug 109041: [implementation] Occurrence finders should not compute current node each time 
[118068] [working sets] 'Aggregate for window 1132932971442' working set name 
99924 [build path] Build path actions: use as source folder and link additional source should not append to the end 
114558 [content assist] Inconvenient ranking of template proposal on exact match - up javadoc template proposals to supercede {@link} proposals 
109992 Remove $NON-NLS$ tag quick fix can result in compile error 
Fixed bugs   51595: [rulers] annotation roll-over: selecting "quick fix" from context menu does not work any longer   55916: Enabling Annotation Roll-overs has side-effects 
[107344] TVT 3.1: TCT 555 - conflicting mnemonics on Java Project Properties page 
Fixed bug 99921: Empty working set name remains in working set group 
[97827] Final tweaks of 3.1 art work 
[97827] Final tweaks of 3.1 art work 
98644: Infer type arguments causes compile error on JUnit 96889: Assertion Failed exception in Infer Type Arguments 
98644: Infer type arguments causes compile error on JUnit 96889: Assertion Failed exception in Infer Type Arguments 
[91855] Duplicate members in JDT views 
96889 - use compiler loop in batches to avoid memory heap peaks - better progress monitoring and cancellation 
96889: Assertion Failed exception in Infer Type Arguments 
[97827] Final tweaks of 3.1 art work 
94794 quick fix for missing javadoc tags inserts @param at wrong position 
[94795] Refactoring continues after canceling the Save All job 
Fixed bug 89240: [misc] adopt content type association for the text editors 
95862 NPE in CompletionProposalCollector 
94923 Filter checkbox in Project Specific Configuration dialog should be left aligned [preferences] 
94921 Inconsistent hyperlink descriptions in Java Editor preference page [preferences] - disable tooltips until per-link tooltips become available 
94921 Inconsistent hyperlink descriptions in Java Editor preference page [preferences] - disable tooltips until per-link tooltips become available 
87640: [JUnit] Eclipse's JUnit runner hangs on a large error messages made sure it also works when not comparing strings ... 
87640: [JUnit] Eclipse's JUnit runner hangs on a large error messages second patch from David Saff 
 87640: [JUnit] Eclipse's JUnit runner hangs on a large error messages (Patch from David Saff) 
86852 [1.5] Code assist for Javadoc and generics creates comments with warnings 
This commit was manufactured by cvs2svn to create tag 'v20050217-1600'. 
This commit was manufactured by cvs2svn to create tag 'v20050217-0800'. 
[76158] misspelled constant 'DIALOG_BASED_UESR_INTERFACE' in RefacoringWizard 
81250 [quick fix] make static quick fix does not change anything 
83593: Rename of enum type does not update constructor / throws ClassCastException 
[84021] StackOverflow in TypeVariable#getPrettySignature(..) for recursive type variable definition 
80784	NPE in TestHierarchyTab.cacheItems [JUnit] 
BUG_80782 
78782 Grammar suggestion in NewWizardMessages.properties [new wizards] 
[79185] CCE when opening .java file from repository 
79185: CCE when opening .java file from repository 
Temporary solution for 78087 
76167 Quick FIx: create local variable deletes comment above it 
Fixed bug 69240: [reconciling] Editor shows "stale" compilation error 
[69932] TVT3.0: Add Constructor from Superclass has incorrect mnemonics 
69932 TVT3.0: Add Constructor from Superclass has incorrect mnemonics 
#65389 
[65638] 
65388 Unbound library container have an error marker which isn't propagated 
65388 Unbound library container have an error marker which isn't propagated 
64921 members view: selection of a member does not give proper selection change events [browsing] 
fix for bug 63313 
[55527] 
fix for bug 49041 
bug 55221 
test disabled for bug 55221 
test disabled for bug 55221 
This commit was manufactured by cvs2svn to create tag 'v20040217'. 
Build notes for I20040217 
This commit was manufactured by cvs2svn to create tag 'v200402121600'. 
This commit was manufactured by cvs2svn to create tag 'v200402121200'. 
This commit was manufactured by cvs2svn to create tag 'v200402120800'. 
Build notes for I20040210 
This commit was manufactured by cvs2svn to create tag 'v200402100010'. 
Released patch from Christof Marti. Fixes bug 50212: [formatting] Repeated insertion of new line when formatting javadoc comment 
type constraint work by Frank Tip and me see bug 46993 (avoiding creation of redundant variables and removal of equals and hashCode) 
fixed bugs 48641, 49180, 49437 
49232 Refactoring: Move static method content assist key binding is CTRL-SPACE 
49177 Quick Hierarchy gives NullPointerException [type hierarchy] 
49219 Pref Page Java/Organize Imports - New... button 
[46933, 46981, 46983, 46995, 47211, 47212, 47405, 47130, 46993] 
32022 Indirect static proposal: Wrong compiler positions 
[46993] 
45193 hierarchy scope search only shows types that exist in jars 
fix for 39642  TextChangeManager should not setKeepExecutedTextEdits(true) on all changes [refactoring] 
33374 
33374 
36563 call hierarchy: IllegalArgumentException after deleting a method 
[33390] 
[33358] 
33261 Typos and Wording 
[33261] 
fix for 33042 Convert local var to field does not use names from code generation preferences 
[32664] & [33255] 
#33584 
#33584 
fix for 33230 Convert local to field not always using code generation templates 
#32101 
fix for 33266 Internal Error (NPE) during Use Supertype Where Possible 
33040 No single Undo for generate delegate methods 
33201 Organize Imports adds compile errors 
33201 Organize Imports adds compile errors 
33201 Organize Imports adds compile errors 
33374 Allowed to add a package to a non-java project 
[33130] 
[33103] 
Fixed bug 32301: 2 Packages with similar names have a problem displaying i... 
[31929] 
[24921] 
Fxied bug 25068:Reuse editor in Search view causes the menubar to refresh a lot. 
[27878] 
accessibility: 25203 
[24021] 
Fixed bug 24021: Unresolved Compiler warnings in JDT 
24021 Unresolved Compiler warnings in JDT 
24021 Unresolved Compiler warnings in JDT 
[23320] fix reviewed by Martin Aeschlimann and Erich Gamma 
[23320] 
[18764] 
[18358] 
fix for bug 17317 and 17144 
15527 JavaCore constants should be used is favor of hard-coded str 
Fixed bug 13269: Incorrect operation order in jarpackager 
fixed 13313 
bug 9479 