
Bug 443353: Updated version to 3.10.1. This should have been done for Luna SR1 already. 
Fixed bug 434314: Copyright for features needs to get 2014 
Bug 169573 update feature versions to 3.2.2 
Bug 483527: [null] NullPointerException in expireNullCheckedFieldInfo 
Fix for Bug 483303 [search] searchAllMethodNames API gives invalid result for method with parameter 
Fixed bug 477891 - [1.8] regression caused by the fix for bug 438812: order dependencies in analysis of default method inheritance 
Bug 473901 - Fix bug in opening non Java resources from Jimage 
Bug 473901 - [1.9] Restructure Java Model for Jimage 
Fix for Bug 469320 Cannot find references in workspace to javax.xml.validation.Validator.validate 
Fix for Bug 469320 Cannot find references in workspace to javax.xml.validation.Validator.validate 
Bug 464229: The type * cannot be resolved. It is indirectly referenced from required .class files 
Bug 466675: A number of "class file" comparator errors in I20150506-2000 
Bug 429813 - [1.8][dom ast] IMethodBinding#getJavaElement() should return IMethod for lambda 
Bug 464312: [formatter] for K_STATEMENTS, inserts an unexpected line delimiter after initial comment 
Bug 463330 - [dom] DOMFinder doesn't find the VariableBinding corresponding to a method argument 
Bug 464312: [formatter] for K_STATEMENTS, inserts an unexpected line delimiter after initial comment 
Bug 433404 - [1.8] ICompilationUnit#findElements(IJavaElement) doesn't find LambdaExpression IType 
Bug 415790 - [compiler][resource]Incorrect potential resource leak warning in for loop with close in try/catch 
junit for Bug 434118 - [1.8][compiler] Compilation error on generic capture/type inference 
minor cleanup for Bug 423409 [search] Search shows references to fields as potential matches 
Fix for Bug 423409 [search] Search shows references to fields as potential matches 
Bug 416586: The doc for TagElement#fragments is confusing 
Fixed Bug 416586 - The doc for TagElement#fragments is confusing 
Fixed Bug 438812 - Missing bridge methods in indirect child classes with ECJ 3.10.0 
Fixed Bug 438812 - Missing bridge methods in indirect child classes with ECJ 3.10.0 
Merge commit 'efd3b1f31e7f6af67fb63e84ece49ae3c1341055' into sherrmann/ExternalAnnotations 
Bug 435187 - [1.8] ECJ reports error in the code without type information - negative test 
Fixed Bug 436542 - Eclipse 4.4 compiler generates "bad class file" according to javac 
Fixed Bug 436542 - Eclipse 4.4 compiler generates "bad class file" according to javac 
Fixed Bug 436542 - Eclipse 4.4 compiler generates "bad class file" according to javac 
Bug 390889 - [1.8][compiler] Evaluate options to support 1.7- projects against 1.8 JRE. 
Fixed Bug 429985 - [1.8][compiler] Resolution of right method signature 
Fixed Bug 429763 - [1.8][compiler] Incompatible type specified for lambda expression's parameter 
Disabled junit for Bug 429763 - [1.8][compiler] Incompatible type specified for lambda expression's parameter 
Bug 425031 - [1.8] nondeterministic inference for GenericsRegressionTest.test283353 
Fixed Bug 429395 - [1.8][compiler] TypeSystem.getParameterizedType() method is expensive 
Bug 392238 - [1.8][compiler][null] Detect semantically invalid null type annotations 
Bug 428352 - [1.8][compiler] Resolution errors don't always surface 
junit for Bug 428352 - resolution errors don't always surface. 
Bug 426542 - [1.8] Most specific method not picked when one method has intersection type as type parameter 
Bug 427165 - [1.8][inference] reduce [alpha <: null] in analogy to [null <: alpha] 
Fixed Bug 427625 - NPE at org.eclipse.jdt.internal.compiler.ast.ConditionalExpression.generateCode 
junit for Bug 426542 - [1.8] Most specific method not picked when one method has intersection type as type parameter 
Fix for Bug 415943 - Set 'code.ignoredWarnings' for test bundles in order to use global build settings 
Fix for Bug Fix for Bug 393356 Failures in CompilerInvocationTests in I20121031-2000 
Bug 392238 - [1.8][compiler][null] Detect semantically invalid null type annotations 
Fix for Bug 415943 - Set 'code.ignoredWarnings' for test bundles in order to use global build settings 
Fix for Bug Fix for Bug 393356 Failures in CompilerInvocationTests in I20121031-2000 
Fix for Bug Fix for Bug 393356 Failures in CompilerInvocationTests in I20121031-2000 
Bug 392238 - [1.8][compiler][null] Detect semantically invalid null type annotations - annotation on outer type (QTR), incl. reset after detection - code cleanup 
Fixed Bug 415541 - [1.8][compiler] Type annotations in the body of static initializer get dropped. 
Fix for bug 403414 - Disabling test for all platforms 
Fix for bug 403414 - Disabling the test JavaProjectTests.testRootGetPackageFragments3 in windows 
Fix for bug 341828 - Bad secondary error for unresolved type in instanceof expression 
Fix for bug 403414 - Disabling test for all platforms 
Fix for bug 403414 - Disabling the test JavaProjectTests.testRootGetPackageFragments3 in windows 
Fixed bug 406586 + 406588: code generation issue for inner constructor references 
Fix for bug 341828 - Bad secondary error for unresolved type in instanceof expression 
Fix for bug 403414 - Fixing the failing test to use unique project names 
Fix for bug 403414 - Fixing the failing test to use unique project names 
Follow on fix to Bug 403410 - Modifiers should be rejected on receiver parameters 
Fixed Bug 403410 - Modifiers should be rejected on receiver parameters 
Combined fix for Bug 331649 - [compiler][null] consider null annotations for fields Bug 382789 - [compiler][null] warn when syntactically-nonnull   expression is compared against null Bug 380896 - [compiler][null] Enum constants not recognised as being   NonNull. Bug 383368 - [compiler][null] syntactic null analysis for field   references Bug 388630 - @NonNull diagnostics at line 0 
Bug 390883 - [1.8][compiler] Unable to override default method 
Combined fix for Bug 331649 - [compiler][null] consider null annotations for fields Bug 382789 - [compiler][null] warn when syntactically-nonnull   expression is compared against null Bug 380896 - [compiler][null] Enum constants not recognised as being   NonNull. Bug 383368 - [compiler][null] syntactic null analysis for field   references Bug 388630 - @NonNull diagnostics at line 0 
Fix for bug 390882: Undoing the unnecessary extraction of a variable 
Fix for bug 390882: [1.8][compiler] Compiler should reject type annotations on nested package names and qualified top level types 
Tests & fix for Bug 383368 - [compiler][null] syntactic null analysis for field references 
Fixed bug 379718: test264301 failed in org.eclipse.jdt.core.tests.model 
Fixed bug 379718: test264301 failed in org.eclipse.jdt.core.tests.model 
Fixed bug 379718: test264301 failed in org.eclipse.jdt.core.tests.model 
Tests & fix for Bug 383368 - [compiler][null] syntactic null analysis for field references 
Fixed bug 373409: [code assist] Bad relevance for constructor proposals (new Thread()) 
HEAD - Fix for bug 342393: Additional fix to be applied for ResolvedSourcetype 
HEAD - Fix for 342393: Anonymous class' occurrence count is incorrect when two methods in a class have the same name. 
HEAD - Fix for bug 369251: Starved worker threads 
 Fixed bug 365582: FUP of bug 361938: Other error code pattern 
HEAD - Fixed bug 358903: Filter practically unimportant resource leak warnings 
Bug 341296: .classpath file is read-only, many modifications later and ok, can not write error 
HEAD - Fixed bug 365566: set resource leak diagnostic to "ignore" until bug 358903 is fixed 
HEAD - Fixed bug 340945: Extension Request of JavaContentAssistInvocationContext 
HEAD - Fixed bug 343480: [compiler] Incorrect/confusing error message on inner class static field declaration 
BETA_JAVA7 - Fixed bug 343509: External folders project is not created 
BETA_JAVA7 - Fixed bug 350652: [1.7][assist] Completion issues with multicatch (FUP of 343637) 
BETA_JAVA7: Regression test for 283353 
BETA_JAVA7: 341795 + 242159 
BETA_JAVA7: Fixed bug 334313: [1.5][compiler] Bug in the way eclipse handles overriding of generic abstract method by a non-abstract method 
BETA_JAVA7 - Added test for bug 341462: [1.7][search][diamond] Search doesn't return the reference to a function when called with diamond constructor 
3.6 maintenance - Fixed bug 264301: AssertionFailedException resolving JavaProject classpath 
BETA_JAVA7 - Fixed bug 264301: AssertionFailedException resolving JavaProject classpath 
HEAD - Fixed bug 264301: AssertionFailedException resolving JavaProject classpath 
BETA_JAVA7 - Fixed bug 343476: [1.7][assist] propose String variables and fields inside catch expression 
BETA_JAVA7 - Fixed bug 343475: [1.7] Compiler warning for invalid type inside switch needs to be improved 
BETA_JAVA7 - Fixed bug 343475: [1.7] Compiler warning for invalid type inside switch needs to be improved 
BETA_JAVA7 - Fixed bug 328281: visibility leaks not detected when analyzing unused field in private class 
HEAD - Fixed bug 328281: visibility leaks not detected when analyzing unused field in private class 
BETA_JAVA7 - Added comment for 333069 
BETA_JAVA7 - Fixed bug 342300: [null]Spurious "null pointer access" warning on unboxing 
BETA_JAVA7 - Fixed bug 342300: [null]Spurious "null pointer access" warning on unboxing 
HEAD- Fixed bug 342300: [null]Spurious "null pointer access" warning on unboxing 
HEAD - Fixed bug 341759: NPE in ITypeBinding#getName() for intersection type 
BETA_JAVA7 - Fixed bug 341759: NPE in ITypeBinding#getName() for intersection type 
BETA_JAVA7 - Fixed bug 341499: [compiler][null] allocate extra bits in all methods of UnconditionalFlowInfo 
HEAD - Fixed bug 341499: [compiler][null] allocate extra bits in all methods of UnconditionalFlowInfo 
BETA_JAVA7 - Fixed bug 341499: [compiler][null] allocate extra bits in all methods of UnconditionalFlowInfo 
HEAD - Fixed bug 341499: [compiler][null] allocate extra bits in all methods of UnconditionalFlowInfo 
BETA_JAVA7 - Fixed bug 341475: Eclipse doesn't show a "never read locally" warning if a private field serialVersionUID exists but the class does not implement Serializable 
HEAD - Fixed bug 341475: Eclipse doesn't show a "never read locally" warning if a private field serialVersionUID exists but the class does not implement Serializable 
BETA_JAVA7 - Fixed bug 341475: Eclipse doesn't show a "never read locally" warning if a private field serialVersionUID exists but the class does not implement Serializable 
BETA_JAVA7 - Fixed bug 341475: Eclipse doesn't show a "never read locally" warning if a private field serialVersionUID exists but the class does not implement Serializable 
HEAD - Added comment for 333069 
HEAD - Fixed bug 341394: Remove 'Unavailable' JMX attributes of WebAppContext MBean 
BETA_JAVA7 - Fixed bug 341494: Elements.getConstantExpression(Object) doesn't return the right value for String constant 
BETA_JAVA7 - Fixed bug 341475: Eclipse doesn't show a "never read locally" warning if a private field serialVersionUID exists but the class does not implement Serializable 
HEAD - Fixed bug 341475: Eclipse doesn't show a "never read locally" warning if a private field serialVersionUID exists but the class does not implement Serializable 
BETA_JAVA7 - Fixed bug 341333: [1.7][compiler] DisjunctiveTypeReference#resolveType(..) does not set the value for DisjunctiveTypeReference$resolvedType 
BETA_JAVA7 - Fixed bug 335309: [formatter] FUP of bug 332843: add regression test 
HEAD - Fixed bug 335309: [formatter] FUP of bug 332843: add regression test 
BETA_JAVA7 - Fixed bug 336821: Javadoc reference to constructor does not work without parameter list 
HEAD - Fixed bug 336821: Javadoc reference to constructor does not work without parameter list 
3.6 maintenance - Fixed bug 336107: Plug-in version needs to be 3.6.2 
BETA_JAVA7 - Fix for 335602: [search] Java indexing thread can index data outside of workspace 
HEAD - Fix for 335602: [search] Java indexing thread can index data outside of workspace 
3.6 maintenance - Fixed bug 336107: Plug-in version needs to be 3.6.2 
BETA_JAVA7 - Fixed bug 334119: AIOOBE in BindingKeyParser.parseInnerType (was: Copy Qualified Name throws ArrayIndexOutOfBoundsException) 
HEAD- Fixed bug 334119: AIOOBE in BindingKeyParser.parseInnerType (was: Copy Qualified Name throws ArrayIndexOutOfBoundsException) 
HEAD- Fixed bug 333089: [compiler][null]AIOOBE while assigning variable a potentially null value in try/finally 
HEAD - Fixed bug 334315: [compiler] Problem types with missing superclass or superinterfaces should use Object for missing types 
HEAD - Fix for 333687 
HEAD - 330313 (add-on) 
HEAD - 330313 
HEAD - 330313 
HEAD- fix for 332359 
R3_6_maintenance - fix for 323514 
HEAD- fix for 323514 
HEAD- fix for 323514 
HEAD - Fix for 330347 
HEAD - Fix for 328240 
HEAD - Fix for 328247 
R3_6_maintenance - Fix for 326434 
HEAD - Fix for 323558 
3.6.x stream - Fix for 321926 
Bug 320195: FilerException should be thrown when attempting to generate the same source file twice in the same compilation. 
Bug 320195: FilerException should be thrown when attempting to generate the same source file twice in the same compilation. 
3.6.x stream - Fix for 316456 
HEAD - Fix for 316456 
HEAD - Fix for 315568 
HEAD - Fix for 315568 
HEAD - Fix for 315568 
JSR_308 - Fix for 312326 
HEAD - Fix for 312326 
HEAD - Fix for 312326 
JSR_308 - Fix for 192233 
HEAD - Fix for 192233 
JSR_308 - Fix for 192233 
HEAD - Fix for 192233 
jsr308 branch - Fix for 235781 
Head - Fix for 235781 
perf_35x - 194358 (Jay's patch: https://bugs.eclipse.org/bugs/attachment.cgi?id=149218) 
HEAD - Fix for 293955 
HEAD - 293240 
HEAD - Fix for defect #273385, #275330 
3.5.1 maintenance branch (defect #273385, #275330) 
HEAD - 269985 
3.4.x - 265962 
HEAD - 265962 
HEAD - 265962 
HEAD - 233356 
HEAD - 265065 
3.4.x - 261510 
HEAD - 261510 
3.3.x - 257716 
HEAD - 257716 
HEAD - 154162 
HEAD - 257906, 257907 
HEAD - 257906, 257907 
HEAD - 249134 + 154162 
160217 [ast rewrite] ASTRewrite#getListRewrite does not fullfill spec 
R3_4_maintenance - 234172 
HEAD - 234172 
HEAD - 233568 
HEAD - 236599 
236599 
HEAD - test cases (of which one inactive) for bug 235781 + wip on excuse-based javac comparison 
HEAD - 234120 
HEAD - 233224 
HEAD - 158526 
HEAD - 224351 
Bug 224943 - stamp APT created markers with SOURCE_ID of "APT" 
HEAD - 156168 
HEAD - 73244 
73244 - preparing test cases (of which some are inactive for now) 
HEAD - 195263 
HEAD - bug 185318 
HEAD - Contribution for I20070606-0010 
HEAD - bug 188127 
HEAD - Revert fix for 185306 
HEAD - Fix for 185306 
HEAD - Regression test for 185306 (disable for now) 
HEAD - bug 185310 
R3_2_maintenance - merge bugs 172444, 179699, 138309, and 171653 from Startup_R32x branch 
Bugzilla Bug 184923 Deadlock in AnnotationProcessorFactoryLoader 
HEAD - bug 183413 
HEAD - bug 183413 
Startup_R32x - bug 171653 
HEAD - bug 180169 
Bug 175794: type generation causes reported problems to disappear 
HEAD - JDT/Core contribution for I20070306-0800 build 
HEAD - modify test due to failures in nightly build N20070304-0010 
HEAD - test case for bug 150655 - variant 
HEAD - test case for bug 150655 - variant 
HEAD - test case for bug 150655 
HEAD - 171653 
HEAD - Fix for 149154 
HEAD - bug 173907 
HEAD - 173416 
HEAD - 163590 
R3_2_maintenance - 168354, 171653 
R3_2_maintenance - test case for 159822 
HEAD - 170247 
HEAD - 157035 
HEAD - 165701, 165794 
HEAD - 165794 
HEAD - 165525 
HEAD - Fix for 164946 
HEAD - Patch for 164946 
HEAD - bug 164311 
HEAD - JDT/Core contrib. for I20061017-0800 build 
HEAD - adding 151756 to buildnotes 
HEAD - JDT/Core contribution for I20061010-0800 build 
HEAD - 157814 (improve API name) 
HEAD - 157814 (put back isPolymorphic to avoid compilation errors in JDT/UI) 
HEAD - 157814 
HEAD - 148380 (move bug to v_716) 
HEAD - 148380 (new implementation) 
HEAD - 148380 (revert change) 
HEAD - Fix for 159641 
HEAD - Regression test for 159822 
HEAD - 148380 + 158506 
HEAD - 148380 
159021+156591+155255+14904 
151368 
HEAD - Fix for 153303 
HEAD - Fix for 153303 
HEAD - Regression test for 151756 
HEAD - Fix for 151756 
148783 
HEAD - bug 148352 
141155 
HEAD - Fix for 139160 + regression test 
bug 139101 - Factory Path dialog "advanced" and "edit" buttons enabled when they shouldn't be. 
HEAD - bug 97085 
HEAD - 134110 
HEAD - Regression tests for 123330 (test642/643/644) 
HEAD - 132191 
HEAD - Fix for 133562 
HEAD - 134172 
134118 
HEAD - 134345 
134345 
129082 + 99497 
129082 + 99497 
129082 + 99497 
HEAD - Fix for 129957 
HEAD - 114140 
HEAD - Fix for 126744 in 1.6 mode 
HEAD - Added regression test for 126744 
HEAD - bug 126148 
124943 
124943 
61013 
120130 
61013 
HEAD - bug 114115 
HEAD - 113549, 113671 
HEAD - Fix for 112418 
HEAD - 112346 
HEAD - Fix for 111511 
3.1 maintenance - Fix for 105430 
APT - patch org.eclipse.jdt.core.613957 
-fixed Bugzilla 105388 -initialize primitive type in processor environment with recommended API. 
3.1 maintenance branch - Fix for 104664 
3.1 maintenance branch - Fix for 104664 
HEAD - Fix problem with the xml log due to incomplete fix for 104664 
HEAD - Fix for 105430 
3.1 maintenance branch - Fix for 104664 
HEAD - Fix for 104664 
Bug#:  101520 problem fixed, enabling the test. 
96586 
98396, 98383 
HEAD - Fix for 98139 
88126 [ast rewrite] Inconsistent results in modifying TagElements 
95794 
92237 
92237 
Fix test case for bug 86596 
bug 86971 
bug 86970 
88124 
79378, 86596 
86596 
Fix for 84140 
Test cases for 84140 
Clarify specs re: type binding for vararg parameter (bug 84140) 
bug  83321, 85402, 85290 
bug 83321 
HEAD - Fix for 83219 
79763 
HEAD - Fix for 79395 
bug 77184 
64310 
77422 
77422 
77538 + remove 77184 
77184 
73330 in 3.0.2 stream 
73356 
Removed change for 73330 
73330 
73330 
Revert change for 65943 
64310 
64310 
70969 
70975 
70767 
70616 
70609 
70606 
69351 
70053 
70243 
70247 
69800 
69320 
69799 
69776 
69713 
69542 
69542 
69542 
69554 
69554 
3_0_Maintenance - Fix for 69271 
68017, 68025, 68087, 69272, 69275, 69302 
68017, 68025, 68087, 69272, 69275, 69302 
69375 
68698 
68698 
69359 
HEAD - Fix for 69271 
69170 
69353 
69288 
68998 
69251 
65943 
65943 
68998 
1.5 - 68891 
68863 
1.5 - 68863 
63434 
61017 
1.5 - 63590 
1.5 - 63555 
1.5 - 60681 
1.5 - 60563 
61040 
1.5 - 59983 
HEAD - Fix for 59575 
1.5 - 59723 
HEAD - Fix for 59575 
59641 
1.5 - 58979 
1.5 - 58715 
55088 
HEAD - add extra logging to track down bug 55088 
Fix for bug 53624 
51363 
Fix for empty statement in while (49763) and fixes in the do/while statement as well 
Fix for 49763 
bug 43354 
bug 45982 
Update for 45508 
Update for 39763 
Fix for 39763 
33530 
24240 
35306 
Update for 34337 and 33412 
Update for 34130 
Fix for 33039 
33560 
Fix for 33039 
33035 
33321 
31757 
bug 31756 
30709 
Fix for bug 28531 
Fix for 25124 
Fix for 25124 
Test case for 25124 
Fix bug 24974 
Update for 23264 
Update for 18414 
Update for 17422 
Fix for 17422 
Fix for 15857 
Update for 14838 
Fix for 14838 
Update for 15050 
Fix for 15050 
Fix for 14933 and 14921 
Fix for 14933 and 14921 
Update for 14322 
Fix for 14322 
Update for 13625 
Fix for 13625 
Update for 12444 
Fix for 12444 
Fix for 12444 
Fix for 12326 
Update for 11389 
Fix for 11389 
Update for 10979 and 10697 
Fix for 10979 
Fix for 9912 
Fix for 9088 
Update for 8697 
Fix for 8697 
Bug 470616: [1.9] JavaSE-1.9 Execution Environment should set compiler source and target level to 1.8 
Bug 432190: Update default Javadoc locations, 1.4 and 1.3 docs/api/... are gone 
Bug 335363 - 'Add Java Exception Breakpoint' dialog has truncated text for its checkboxes if font size is increased 
Fixed bug 413434: VMInstallTests destroys error reporting 
Bug 341232 - Eclipse is not able to set the simplest of - remainder of the tests + test class cleanup 
Bug 341232 - Eclipse is not able to set the simplest of conditional breakpoints...add more tests 
Bug 341232 - Eclipse is not able to set the simplest of conditional breakpoints and reports that the condition has compilation errors when it doesn't 
Bug 380167 - Cannot change default suspend policy for breakpoints/watchpoints 
Bug 380167 - Cannot change default suspend policy for breakpoints/watchpoints 2 
Bug 380167 - Cannot change default suspend policy for breakpoints/watchpoints 
Bug 68832 - double click in display view selects whole line 
Bug 369628 - org.eclipse.jdt.debug does not compile when using OpenJDK 
Fixed bug 332109: Canceling 'Open from Clipboard' results in entry dialog 
Fixed bug 335305: Separate global and local breakpoint history in the UI 
Fixed bugs - 335305: Separate global and local breakpoint history in the UI - 335360: Conditional Breakpoints history popup menu should skip newline and indent 
Bug 323583 - Add "EE" as keyword to get the 'Execution Environment' preference page 
Bug 287583 - Arguments tab text fields very slow 
Bug 279296 - NPE in the log 
Bug 269273 - updating "show in context" looks up source agressively 
Bug 243244 VM capabilities page should use getAdapter to obtain JDIDebugTarget 
Bug 169359 - Debug Variables View temp. shows blank lines when Show Constants is off. 
Bug 169542 - A ThreadGroup (and all its Threads) is not displayed in the Debug view when its parent didn't contain any threads 
Bug 183059 SWTException: Failed to execute runnable (ArrayIndexOutOfBoundsException) 
Bug 150652 [evaluation] Force early return 
Bug 150652 [evaluation] Force early return 
Bug 150652 [evaluation] Force early return 
Bug 176814 Compiler warning in N20070309-0010 
Bug 75852 [variables] Support for custom details view widgets. test suite updates 
Bug 165969 API to allow a contributed JRE and variables to be re-initialized 
Bug 165969 API to allow a contributed JRE and variables to be re-initialized 
Bug 161080     [schema] build > N20061016-0010 schema errors 
verified Bug 161537 JDT/UI test failures in N20061018-0010 
Bug 157907 [variables view] Preferences action should use PreferencesUtil to open pref pages 
Bug 161080 [schema] build > N20061016-0010 schema errors 
further update for unsupported beta capabilitiesfor Bug 145362 JDI test suite needs to be updated for 1.6 tests 
further testing for Bug 145362 JDI test suite needs to be updated for 1.6 tests 
Bug 145362 JDI test suite needs to be updated for 1.6 tests rev b 
Bug 145362 JDI test suite needs to be updated for 1.6 tests 
Bug 139579 - "New Scrapbook Page" Icon Suffers Gigantism 
Bug 131970 - Copying JRE changes project settings 
Bug 136670 - StandardSourcePathProvider causes expensive JAR verification 
Bug 134114 - [Java 1.5] Test failure in StepIntoSelectionTests 
Bug 112774 - Performance of JavaStackTraceHyperlink.getSourceElement() 
Bug 133217 - Suspend policy combo should be read only 
Bug 133217 - Suspend policy combo should be read only 
Bug 120135 - catch up with new type rename refactoring support 
Bug 120135 - catch up with new type rename refactoring support 
Bug 120135 - catch up with new type rename refactoring support 
Bug 120135 - catch up with new type rename refactoring support 
[disable participant when new 'rename members' option is selected] Bug 120135 - catch up with new type rename refactoring support 
Bug 112771  -  Add API to allow specific context help in Text Consoles 
Bug 106243  -  clear detail formatter cache when 'max detail length' pref changes 
Bug 25362  -  Cannot evaluate in the context of an array 
Bug 25362  -  Cannot evaluate in the context of an array 
Bug 98389  -  Stack overflow when launching from within project with circular plugin dependancy 
Bug 95852  -  NPE when setting breakpoint 
Bug 83410 - Compile errors in Nightly Build (N20050121-0010) 
Bug 79838 - Allow user to choose between setting literal String value and performing evaluation 
Bug 76255 - UnsupportedOperationException 
Bug 74229  -  Debug test failure for program arguments 
Bug 65585 - open type hierarchy for var of inner type does not work 
Bug 61046 - Source file not found in debugger 
Bug 61046 - Source file not found in debugger 
Bug 55419 - Generalize compilation error detection for other launchers 
Bug 49741 - Setting runtime classpath leaks an Image 
Bug 55982 - Rename "alternate JRE" to "separate JRE" 
Bug 55982 - Rename "alternate JRE" to "separate JRE" 
55430 - [KeyBindings] Migrate Popup keybinding support to new EnabledSubmission API 
Bug 34342- No message in monitors view when VM not suspended 
Bug 34344 - Suspend/Resume enabled in monitors view with no effect 
Bug 34344 - Suspend/Resume enabled in monitors view with no effect 
Bug 34344 - Suspend/Resume enabled in monitors view with no effect 
Bug 34344 - Suspend/Resume enabled in monitors view with no effect 
Bug 34344 - Suspend/Resume enabled in monitors view with no effect 
53353 - Migrate compilation unit parsing from deprecations 
Bug 53412 - NPE from monitors view 
Bug 53353 - Migrate compilation unit parsing from deprecations 
Bug 34313 - Launch Configuration: Attach source should be enabled on multi selection 
Bug 34350 - Step filter label truncated 
Bug 47390 - Use of deprecated API from SearchEngine 
bug 43197 -  Race condition between console line tracker and debug terminate event 
Bug 43197 - Race condition between console line tracker and debug terminate event 
Bug 43418 - No busy cursor after choosing JRE base directory 
Bug 43197 - Race condition between console line tracker and debug terminate event 
Bug 43175 - "Run to line" adds annotation to editor 
Bug 43197 - Race condition between console line tracker and debug terminate event 
Bug 43330 - Change from "show" to "do not show" Removed unused NLS entries 
Bug 43330 - Change from "show" to "do not show" 
Bug 43175 - "Run to line" adds annotation to editor 
bug 43059 - WorkingDirectoryBlock.setDefaults(ILaunchConfigurationWorkingCopy) 
bug 38531 - IllegalArgumentException "Source attachment path should be absolute" 
backout for bug 38531 - IllegalArgumentException "Source attachment path should be absolute" 
Bug 38531 - IllegalArgumentException "Source attachment path should be absolute" 
bug 34359 - Add Java Watch Expression dialog labels 
Bug 35982 - Cannot edit JREs that are created using J9 plugin on Linux 
Bug 35982 - Cannot edit JREs that are created using J9 plugin on Linux 
bug 35268 - Default classpath has to be selected twice to update 
bug 35525 - unable to step when suspended at breakpoint during evaluation 
bug 34138 - Invalid thread access during JDT Debug UI plugin startup 
bug 33612 - NPE resolving runtime classpath entry 
bug 33612 - NPE resolving runtime classpath entry 
bug 32826 - Double click to edit detail formatters 
bug 33292 - Show Source of selected element and Java Snippet Editor bug 33304 - Snippet editor toolbar actions not grouped properly 
Bug 32829 - Lower text field on Detail Formatters pref page needs label 
bug 32829 - Lower text field on Detail Formatters pref page needs label 
Bug 33534 - Ant Editor: range indication not supported 
bug 32823 - Stepping into already executed method brings up unknown source editor 
bug 32244 - Revert sets JavaSourceLookupTab contents to the JavaClasspathTab 
(another possible NPE) bug 29223 - NPE in HotCodeReplaceManager 
bug 29223 - NPE in HotCodeReplaceManager 
fix for 27625 - Default filter values & 27590 - Default preference value loading causes pref. page class loading 
bug 23423 
Bug 23423 - runtime eclipse does not come up - VMDisconnectedException 
added 15913 
Bug 15913 - No space in JavaConnectTab argument group 
Bug 15913 - No space in JavaConnectTab argument group 
Bug 13418 - ClassCastException on terminate of program with conditional breakpoint 
Bug 13418 - ClassCastException on terminate of program with conditional breakpoint 
Bug 13957 - LaunchingPlugin specification of resourceCopyExclusionFilter 
Bug 13423 - HCR failure notifications aren't being sent to the UI 
verified 8697 
Bug 479838: Outline view not available for Java file 
Bug 429813: [1.8][dom ast] IMethodBinding#getJavaElement() should return IMethod for lambda 
Bug 439912: [1.8][quick assist] Add quick assists to add and remove parentheses around single lambda parameter 
Bug 464974: GVT45:(Bidi) Wrong display of file path including bidi data on External Annotation Attachment Configuration panel 
Bug 434159: [1.8][quick fix] does not provide a "correct" fix when a static and a default method in interface 
Bug 443410: RenameTypePerfAcceptanceTests#testCold fails 
Bug 154181: [actions] "Occurrences in File" (Shift+Ctrl+U) shortcut doesn't work on GTK 
Fixed bug 434173: [1.8][quick fix] strictfp ignored for remove method suggestion 
Bug 423416: "Index out of bounds" exceptions in CodeCompletionTest 
Bug 423416: "Index out of bounds" exceptions in CodeCompletionTest - use fixed test order - log contents of project and packages 
Bug 434188: [quick fix] shows sign of quick fix, but says no suggestions available. 
Bug 434188: [quick fix] shows sign of quick fix, but says no suggestions available. 
Bug 434188: [quick fix] shows sign of quick fix, but says no suggestions available. 
Fixed bug 434188: [quick fix] shows sign of quick fix, but says no suggestions available. 
Fixed bug 434352: [preferences] Store method parameter names preference doesn't capture what's really stored 
Fixed bug 434316: Several plug-ins have no about.html 
Fixed bug 434316: Several plug-ins have no about.html 
Workaround for Bug 87165: [model] IType#getDeclaringType() does not work for anonymous binary type 
More logging info for bug 423416 
Bug 423416: "Index out of bounds" exceptions in CodeCompletionTest 
Fixed bug 411585: Mark occurrences reports 0 based line numbers but the actual line numbers in the line number rulers starts with 1 
Fixed bug 335657: [call hierarchy] Refresh does not bring back removed roots 
Fixed bug 341604: Add constant or helper for indenting dependent controls 
Fixed bug 398383: The NewWizardMenu class gets leaked when ever calling a context menu 
Fixed bug 391016: null returned even though SharedASTProvider 
Revert "Bug 387496: JVM crashes when running tests on hudson: im-xim.so+0x3b04" 
Bug 387496: JVM crashes when running tests on hudson: im-xim.so+0x3b04 
Bug 339223: [quick fix][quick assist] Replace integer literals for relevance with int constants 
Bug 339223: [quick fix][quick assist] Replace integer literals for relevance with int constants 
Bug 377184: [content assist] Override method proposal does not format in subclass with type parameter 
Bug 348758: [ltk] DeleteResourceChange should tell which resource could not be deleted 
Fixed bug 341851: Refactoring (renaming) gives "already exists" error for upper/lower case change 
Fixed bug 341851: Refactoring (renaming) gives "already exists" error for upper/lower case change 
Bug 364947: [move method] The design of the Move Instance Method refactoring tool doesn't match users' expectations 
Bug 343385: Remove degradation comment for ActivateJavaEditorTest#testActivateEditor() 
Bug 343584: [ltk][reorg] Deleting physically nested projects can cause exceptions 
Bug 343584: [ltk][reorg] Deleting physically nested projects can cause exceptions 
Bug 343584: [ltk][reorg] Deleting physically nested projects can cause exceptions 
Bug 343584: [ltk][reorg] Deleting physically nested projects can cause exceptions 
Fixed bug 338529:  [working sets] Clean up WorkingSetDropAdapterTest 
Fixed bug 343422: [javadoc wizard] Generating Javadoc for CUs with UTF-8 names fails on Windows 
Fixed bug 342391: New Java Project wizard and 'Java Compiler' property page misleading when 1.7 EE is used 
Bug 341485: [1.7][navigate] "Open declared type" does not navigate to LUB for a multi-catch's argument 
Bug 341109: [package explorer] Remove filters on "Show In > Package Explorer" removes too many filters 
Bug 336833: [ltk][refactoring] Allow for context help on DIALOG_BASED_USER_INTERFACE 
Backport fix for bug 330353: The performance test JavaMoveLineTest#test() and subsequent tests fails on Linux machine. 
Fixed bug 338531:  Wrong ordering of elements in WorkingSetModel.fAllWorkingSets 
Fixed bug 338531:  Wrong ordering of elements in WorkingSetModel.fAllWorkingSets 
Bug 336841: [package explorer] "Show In" doesn't work in Synchronize view for open .java file outside of classpath 
Fixed bug 330353: The performance test JavaMoveLineTest#test() and subsequent tests fails on Linux machine. 
Bug 336841: [package explorer] "Show In" doesn't work in Synchronize view for open .java file outside of classpath 
Bug 336108: Plug-in version needs to be 3.6.2 
Bug 335677: [templates] ${*_selection} variables should tell about Surround With 
Bug 335275: [call hierarchy] update history when a top level item is removed from view (comment 26) 
Bug 335275: [call hierarchy] update history when a top level item is removed from view (comment 23) 
Fixed bug 335275:  [call hierarchy] update history when a top level item is removed from view 
Fixed bug 335275:  [call hierarchy] update history when a top level item is removed from view 
Fixed bug 332124: [syntax highlighting] Semantic highlighting sometimes doesn't appear in class file editor 
Fixed bug 333541: [preferences] "Show whitespace characters" gets toggled when "whitespace characters" dialog is opened 
Fixed bug 326419: [painting] Add a performance test for the WhitespaceCharacterPainter 
Fixed bug 326419: [painting] Add a performance test for the WhitespaceCharacterPainter 
Fixed bug 328233: [nls tooling] Externalize string broken with \\uHHHH in string - Added a test for \b 
Fixed bug 328233: [nls tooling] Externalize string broken with \\uHHHH in string 
Fixed bug 328233: [nls tooling] Externalize string broken with \\uHHHH in string 
Fixed bug 328237: "Equinox" not recognized in default spelling engine 
Fixed bug 325982: Name of the test is not updated in the "Result Comparison" dialog 
Bug 324484: org.eclipse.jdt.ui.tests.refactoring should have a four part version number 
Bug 324429: [navigation] Quick Hierarchy fails when selected element is type parameter 
Bug 312014: content of tree view (projects and folders) to export to a jar is not read by some screen readers 
Bug 317563: [JUnit] Add option to always show latest run in all JUnit views 
Bug 317563: [JUnit] Add option to always show latest run in all JUnit views 
Fixed bug 299127: 'Refresh Filter' problem: NullPointerException when entering a blank in JAR selection dialog 
Fixed bug 288121: [perfs] Comments applied for performance tests are obsolete 
Fixed bug 283413: [content assist] Package-level javadoc requires fully-qualified refs for @see and @link tags 
Bug 285852: [build path] Validating Javadoc url seems to have no effect 
new icon for bug 269813: Provide a decorator for files that are on the build path as library 
Bug 269813: Provide a decorator for files that are on the build path as library 
Fixed bug 259137: [content assist] Improve completion proposals filtering and timeout 
Fixed bug 259408: [compare] Quick views should stay in compare editor if same CU 
261519: dead code warning inconsistent with "if (true)" return value 
249155: [common navigator] Potential StackOverflow in JavaNavigatorContentProvider 
75794: [quick assist] Split && condition not available with else branch 
Fixed bug 234143: [syntax coloring] Deprecation doesn't properly appear on keywords this and super for construction calls 
Fixed bug 251362: [package explorer] 'Configure...' looks strange on working set assignment dialog 
249155: [common navigator] Potential StackOverflow in JavaNavigatorContentProvider 
234182: [breadcrumb] keys don't work after dropdown opened via arrow button 
234182: [breadcrumb] keys don't work after dropdown opened via arrow button 
234163 [getter setter] Generate Getters and Setters fails 
Fixed bug 234170: [navigation] Java element hyperlink should not be available on imports and package declarations 
233685 Backporting the scroll tests seems to have failed 
Fixed bug 232828: [bidi] processing glitch in CodeTemplateContextType 
232827: [bidi] FilteredTypeSelectionDialog does not process selected type 
232246 [clean up] CleanUpPerfTest#testNullCleanUp does not create ASTs in 3.4 
Fixed bug 231757: [implementation] NPE in JavaEditor.handlePreferenceStoreChanged at startup 
215982 [generate constructor] 'Cursor position' not honored 
work around bug 226151 (separate searches for declaration and references) 
182346: [refactoring] Refactoring could flag affected binaries which are impacted (without constructors, see bug 226151) 
182346: [refactoring] Refactoring could flag affected binaries which are impacted (without constructors, see bug 226151) 
216243 [breadcrumb] Open action does not work 
215810 [breadcrumb] Allow to move back to editor via key binding 
Fixed bug 215448: New working set doesn't appear in Working Set List 
210616: jdt.ui RenameTypeParameterTests#test10() not running anymore 
171658: [call hierarchy] Open call hierarchy on classname should use constructor 
171658: [call hierarchy] Open call hierarchy on classname should use constructor 
189398 [clean up] Does not add block if expected 
133614 [extract superclass] MTE on extract superclass preview [refactoring] 
Bug 73244 [options] Improve "Unnecessary declaration of thrown checked exceptions" 
154186 [working sets] Improve "Edit Working-Set" Dialog - Prepare API 
Bug 154186 [working sets] Improve "Edit Working-Set" Dialog 
Bug 198812 [Extract Class] no message if parameterName is already in use 
143434: [move member type] label misses '...' [refactoring] 
143434: [move member type] label misses '...' [refactoring] 
189628: [introduce parameter object] NPE when introducing to overridden method if method from binary using command shortcut 
Bug 186975 [introduce parameter object] don't introduce varargs on reordering 
Bug 186976 [preferences] use SWT.COLOR_WIDGET_BACKGROUND for disabled backgrounds; use SWT.COLOR_DARK_GRAY for disabled foregrounds 
113891: [open type] in Open Type dialog, "TZ = TimeZone" is a bad example 
186061: [extract method] does not detect duplicate code snippet 
143413 [build path] New Project Wizard creates default output folder although value changed to non default 
Fixed bug 185315: [typing] Delete next/previous word does not stop at linked position boundaries 
Fixed bug 185315: [typing] Delete next/previous word does not stop at linked position boundaries 
183356 [package explorer][working sets] Messages in Working Sets dialogs 
133530 [javadoc location] validating location on typing very slow 
178216: [preferences] Errors/Warnings page should have keyword 'null' 
177390 [decorators] Adopt findMaxSeverity API in ProblemsLabelDecorator 
177390 [decorators] Adopt findMaxSeverity API in ProblemsLabelDecorator 
Fixed bug 175263: [preferences] Content assist favorites: Wrong title of 'new type' dialog 
173059 [preferences] Filter on project specific configuration dialog filters everything 
157784: [rename] Linked mode should be left immediately on external updates 
165913: Failing TypeMismatchQuickFixTests in N-builds 
165913: Failing TypeMismatchQuickFixTests in N-builds 
164943 [clean up] Does remove used import on organize import if syntax error 
164943 [clean up] Does remove used import on organize import if syntax error 
Fixed bug 164318: [content assist] Wildcard's label are 'null' 
133412: [Mapping] Name field of modelProvider not used 
157814: [search] polymorphic matches in supertype hierarchy should be marked as potential 
Fixed bug 162434: [content assist] Code conpletion for 'for' doesn't choose the correct collection 
157814: [search] polymorphic matches in supertype hierarchy should be marked as potential 
Fixed bug 161359 : [content assist] Second choice not inserted 
Fixed bug 107496: [content assist] Automatic Imports Enhancement 
Text input for I200061017-0800. 
160218 [clean up] MalformedTreeExcpetion on converting iterable loop 
157165 Rename refactroing test packages to have refactoring in the name 
157165 Rename refactroing test packages to have refactoring in the name 
157085 should adopt ICU Collator and use new APIs on StructuredViewer 
157085 should adopt ICU Collator and use new APIs on StructuredViewer 
commented out validate edit tests (https://bugs.eclipse.org/bugs/show_bug.cgi?id=158105) 
157812: [search] Java search result view should not enable polymorphic filter by default 
workaround for 155081: Platform#asLocalURL(..) does not work in automated testing framework 
153434 [ltk] rename package containing read-only files in CVS fails 
153434 [ltk] rename package containing read-only files in CVS fails 
153434 refactoring: rename package containing read-only files in CVS fails 
151773: [JUnit] Comparison dialog doesn't open for JUnit4 tests 
151773: [JUnit] Comparison dialog doesn't open for JUnit4 tests 
132827 [build path] CE if external archive is added twice 
Backported bug 144902 
Fixed bug 144902: [navigation] Show in Package Explorer has no effect 
141400 [Model Sync] New non-Java files do not appear in Sync View 
Fixed bug 140553: [junit] New JUnit launch configs mapped onto wrong existing ones Applied patch and changed the following three things together with Martin: - renamed TestKindRegistry.JUNIT3 to TestKindRegistry.JUNIT3_TEST_KIND_ID - renamed TestKindRegistry.JUNIT4 to TestKindRegistry.JUNIT4_TEST_KIND_ID - replaced the kind id string with the newly added constant in TestRunnerViewPart 
140551 [junit] Strange ignored node in JUnit view 
139899 [junit] Rerun failed first does not work with JUnit 4 
140136: [JUnit] Update JUnit4 to 4.1 
140136: [JUnit] Update JUnit4 to 4.1 
133555: [refactoring] Superfluos signature preview of extract local 
Fixed bug 124182: [navigation] Status line loses annotation text when selection changes 
133618 Extract supertype not avilable on compilation units 
[123356] [inline refactoring] Method inlining breaks runtime behavior. 
Bug 132643 Do not disable code assist processors automatically 
Bug 132643 Do not disable code assist processors automatically 
Fixed bug 133936: [misc] Compilation Unit Editor tramples file content 
Fixed bug 133853: endless loop in icu.RuleBasedBreakIterator_New 
133560 ClassCastException in quickfix 
Fixed bug 57903: [implementation] BufferedDocumentScanner.read is broken for partial documents 
127678 [build path] checkboxes on 'new source folder wizard' 
132408 [Model Sync] Modify action provider to show open on compilation units 
129912 [clean up] no brackets only for 'return' and 'throws' 
129955 TCT 156 - Possible typo found during translation 
127993 Add implementations for SyncContentAdapter#save and restore 
126806 Should JDT Team content provider stop at file when expanding 
127677 [clean up][ui] should indicate selected cleanups on hidden tabs 
127687 Problem categories tuning 
127687 Problem categories tuning 
127804 & 127687 
- 126507: [CommonNavigator] [Java] Proposed Java extension for Common Navigator - 127165: [CommonNavigator] Update init() signatures of user-implemented extensions 
120195 [performance] huge memory usage when large file selected in package explorer 
127184 New API elements missing @since 
Fixed bug 124179: [implementation] java.lang.Exception: New line delimiter added to new code: 13 
123468 [clean up] 'add this qualifier' super.field becomes super.this.field 
[123224] Deadlock starting Eclipse 
Fixed bug 120144: [implementation] NPE in MethodExitsFinder 
82166 [import rewriter] API to pass types visible in scope (Tests and fix) 
82166 [import rewriter] API to pass types visible in scope 
115832 [build path] Can't uncheck export of source folder 
[114490] [open type] Open Type does not support end matchers '<' and ' ' any more 
always add the closing brace despite auto-close preference (see bug 113544) 
65268 [projection] editor is missing collapse all action for code folding 
[105781], [105788], [105791] 
[105788], [105791] & [105781] 
- revert changes done to fix 96059 as they cause 105275 - avoid applying a proposal if it does not validate any longer, fixing 96059 
99395 [properties] [dialogs] NPE when viewing jar properties 
99124: Infer generic types generates doubled type parameter 
Fixed bug 96596: [syntax highlighting] Improper display of custom tags 
96289 [quick fix] Offer quick fix for access restrictions 
96289 [quick fix] Offer quick fix for access restrictions 
93988 [quick fix] Add quickfix for @SuppressWarnings 
92967 SelectionButtonDialogFieldGroup accesses unitialized field 
96280 [typing] Smart paste has problems if second line has only whitespaces 
69101 Quick Fix new class does not update imports [quick fix] 
94923 Filter checkbox in Project Specific Configuration dialog should be left aligned [preferences] 
[93235] 'Build Path > Use as Source Folder' freezes for 3 minutes with autobuild running 
90880: [refactoring] AssertionError when running Infer Type Arguments 
Update table when isEclipseNLS is changed Fixed bug 89985: [nls tooling] NPE in externalize string wizard 
[86456] [Dialogs] Dialogs open on wrong monitor 
Bug 84915 [5.0][content asssit] Code assist adds unnecessary angle brackets 
83523 Refactoring: Create package in move dialog is blocking 
fix 82167 [typing] Smart Typing Preferences: Plural of "parenthesis" is "parentheses": 
77623 Move inner: misses reference to type parameter [refactoring] [move inner] 77625 Move inner: qualifies field access with this although unnecessary and not checked in code style preferences [refactoring] [move inner] 
77625 Move inner: qualifies field access with this although unnecessary and not checked in code style preferences [refactoring] [move inner] 
[77030] NPE in LocalWorkingSetManager 
Fix Bug 73353: [syntax highlighting] 'Abstract Method Invocation' highlighting also matches declaration 
65866 ASTFlattener generate code with syntax error visiting ArrayCreation 
65422 "Run Javadoc wizard" contributed to XML files 
65422 Tree in Hierarchy view initially scrolls to the bottom [type hierarchy] 
64974   OCE in New JUnit Test Case wizard while workspace is locked [JUnit] 
64974   OCE in New JUnit Test Case wizard while workspace is locked [JUnit] 
fix for bug 65541 
fixes bug 65584 TemplateReaderWriter should take stream as argument. 
[Bug 64563] NLS & Mnemonic bugs in RC1 
64560 Include Javadoc update in method declaration update description. 
64560: Missing nls in Introduce Parameter 
56151 Special characters in user library name are not properly serialized 
56151 Special characters in user library name are not properly serialized 
[62437] 
[61014] 
workaround for 53629: ChangeMethodSignature: content assist with focus doesn't work 
fixes for 49838 and 53589 
fixes bug 52750 correct indentation messes with comment boxes 
disabling 3 test cases: see bug 50658 
fixed bugs 48641, 49180, 49437 
49230: Editable Table: can have empty rows 
49232 Refactoring: Move static method content assist key binding is CTRL-SPACE 
Fixed bug 46151: IWorkspace.run should use scheduling rule 
[43518] Stepping through session bean is very slow in WSAD v5.1 
Fixed bug 34124: [implementation] Java outline viewer does not use element map 
34231 Cannot refactor method sig from String to String[] [refactoring] 
This commit was manufactured by cvs2svn to create tag 'v20030709'. 
36456 Type heirarchy show final class icon only on double click [type hierarchy] 
Fixed bug 34315: Refactoring lost source folder property on Java Project [refactoring] 
36558 call hierarchy: filters dialog, ui glitches 
36558 
34156 new class wizard defaults to wrong project 
 34169  Add JUnit TestSuite blocks 
[33533] 
33856 go to referring test - message dialog has null parent shell 
33856  go to referring test - message dialog has null parent shell 
fix for 33415  Some actions don't have icons 
[33216] 
fix for 33300 Package Explorer->Refactor->Move does not allow non-Java projects as destination 
fix for 33175 Missing target in delete imports dialog 
33683 Quick fix doesn't work for null type 
fix for 33405 Refactoring extract local variable fails in nested if statements 
33356 Read Only files: 2 dialogs from 'override methods' [code manipulation] 
33535 Quickfix causes exceptions 
33543 Add catch clause to surrounding try doesn't honor code templates [quick fix] 
Fixed bug 33034: Deleting methods from inner classes does not update members view 
Fixed bug 33219: Leightweight outline no longer resizable 
Fixed bug 33219: Leightweight outline no longer resizable 
[31970] 
31972 In generated comments, the default text is misleading 
30598 When overriding a method, @see comment is wrong [code manipulation] 
[26927] 
fix for 25794 
fix for bug 24915 
[23361] 
23219 
[23434] 
Fixed bug 23321: Rename 'Hide anonymous inner class files' filter 
Fixed bug 20195: Can't collapse import container in members view [browsing] 
19395 Constructor not found by class wizard or by 'Add constructors from superclass' 
fixed 16181, 18016 
[18016] 
fixed 14943 
13197 new class wizzard creates protected constructor instead of public 
15263 Code-assist doesn't properly indent when overriding a method 
15790 Java file icons too fat in editor tabs 
scanner api - half converted see bug 13916 
[13141] [13410] [13420] 
13303 Create New Class: Too many comments 
adapted to 4974 Set classpath / output location should be one operation 