https://tbpl.mozilla.org/php/getParsedLog.php?id=23839025&tree=Birch
WINNT 6.2 birch pgo test mochitest-browser-chrome on 2013-06-05 18:17:32 PDT for push 17be89a912b5
slave: t-w864-ix-130

18:21:44     INFO -  TEST-PASS | chrome://mochitests/content/browser/browser/base/content/test/browser_locationBarCommand.js | Content window should be focused
18:21:44  WARNING -  TEST-UNEXPECTED-FAIL | chrome://mochitests/content/browser/browser/base/content/test/browser_locationBarCommand.js | New URL is loaded in new window - Got , expected example.com
18:21:44     INFO -  Stack trace:
18:21:44     INFO -      JS frame :: chrome://mochikit/content/browser-test.js :: test_is :: line 536
18:21:44     INFO -      JS frame :: chrome://mochitests/content/browser/browser/base/content/test/browser_locationBarCommand.js :: listener</< :: line 42
18:21:44     INFO -      JS frame :: chrome://mochitests/content/browser/browser/base/content/test/browser_locationBarCommand.js :: loadListener :: line 169
18:21:44     INFO -      native frame :: <unknown filename> :: <TOP_LEVEL> :: line 0

https://tbpl.mozilla.org/php/getParsedLog.php?id=23839297&tree=Mozilla-Inbound
Windows 7 32-bit mozilla-inbound opt test mochitest-browser-chrome on 2013-06-05 18:24:00 PDT for push b1da96acb0dc
slave: t-w732-ix-052

18:28:06     INFO -  TEST-PASS | chrome://mochitests/content/browser/browser/base/content/test/browser_locationBarCommand.js | Content window should be focused
18:28:06  WARNING -  TEST-UNEXPECTED-FAIL | chrome://mochitests/content/browser/browser/base/content/test/browser_locationBarCommand.js | New URL is loaded in new window - Got , expected example.com
18:28:06     INFO -  Stack trace:
18:28:06     INFO -      JS frame :: chrome://mochikit/content/browser-test.js :: test_is :: line 536
18:28:06     INFO -      JS frame :: chrome://mochitests/content/browser/browser/base/content/test/browser_locationBarCommand.js :: listener</< :: line 42
18:28:06     INFO -      JS frame :: chrome://mochitests/content/browser/browser/base/content/test/browser_locationBarCommand.js :: loadListener :: line 169
18:28:06     INFO -      native frame :: <unknown filename> :: <TOP_LEVEL> :: line 0

https://tbpl.mozilla.org/php/getParsedLog.php?id=23839025&tree=Birch
WINNT 6.2 birch pgo test mochitest-browser-chrome on 2013-06-05 18:17:32 PDT for push 17be89a912b5
slave: t-w864-ix-130

18:21:44     INFO -  TEST-PASS | chrome://mochitests/content/browser/browser/base/content/test/browser_locationBarCommand.js | Content window should be focused
18:21:44  WARNING -  TEST-UNEXPECTED-FAIL | chrome://mochitests/content/browser/browser/base/content/test/browser_locationBarCommand.js | New URL is loaded in new window - Got , expected example.com
18:21:44     INFO -  Stack trace:
18:21:44     INFO -      JS frame :: chrome://mochikit/content/browser-test.js :: test_is :: line 536
18:21:44     INFO -      JS frame :: chrome://mochitests/content/browser/browser/base/content/test/browser_locationBarCommand.js :: listener</< :: line 42
18:21:44     INFO -      JS frame :: chrome://mochitests/content/browser/browser/base/content/test/browser_locationBarCommand.js :: loadListener :: line 169
18:21:44     INFO -      native frame :: <unknown filename> :: <TOP_LEVEL> :: line 0

https://tbpl.mozilla.org/php/getParsedLog.php?id=23839297&tree=Mozilla-Inbound
Windows 7 32-bit mozilla-inbound opt test mochitest-browser-chrome on 2013-06-05 18:24:00 PDT for push b1da96acb0dc
slave: t-w732-ix-052

18:28:06     INFO -  TEST-PASS | chrome://mochitests/content/browser/browser/base/content/test/browser_locationBarCommand.js | Content window should be focused
18:28:06  WARNING -  TEST-UNEXPECTED-FAIL | chrome://mochitests/content/browser/browser/base/content/test/browser_locationBarCommand.js | New URL is loaded in new window - Got , expected example.com
18:28:06     INFO -  Stack trace:
18:28:06     INFO -      JS frame :: chrome://mochikit/content/browser-test.js :: test_is :: line 536
18:28:06     INFO -      JS frame :: chrome://mochitests/content/browser/browser/base/content/test/browser_locationBarCommand.js :: listener</< :: line 42
18:28:06     INFO -      JS frame :: chrome://mochitests/content/browser/browser/base/content/test/browser_locationBarCommand.js :: loadListener :: line 169
18:28:06     INFO -      native frame :: <unknown filename> :: <TOP_LEVEL> :: line 0
philor
https://tbpl.mozilla.org/php/getParsedLog.php?id=23845990&tree=Mozilla-Inbound
Windows 7 32-bit mozilla-inbound opt test mochitest-browser-chrome on 2013-06-05 23:01:07
slave: t-w732-ix-098

23:05:16  WARNING -  TEST-UNEXPECTED-FAIL | chrome://mochitests/content/browser/browser/base/content/test/browser_locationBarCommand.js | New URL is loaded in new window - Got , expected example.com
edmorley
https://tbpl.mozilla.org/php/getParsedLog.php?id=23853266&tree=Mozilla-Inbound
Windows 7 32-bit mozilla-inbound opt test mochitest-browser-chrome on 2013-06-06 03:49:03
slave: t-w732-ix-037

03:53:37  WARNING -  TEST-UNEXPECTED-FAIL | chrome://mochitests/content/browser/browser/base/content/test/browser_locationBarCommand.js | New URL is loaded in new window - Got , expected example.com
RyanVM
https://tbpl.mozilla.org/php/getParsedLog.php?id=23862860&tree=Fx-Team
WINNT 6.2 fx-team pgo test mochitest-browser-chrome on 2013-06-06 09:13:47
slave: t-w864-ix-125

09:18:22  WARNING -  TEST-UNEXPECTED-FAIL | chrome://mochitests/content/browser/browser/base/content/test/browser_locationBarCommand.js | New URL is loaded in new window - Got , expected example.com
RyanVM
https://tbpl.mozilla.org/php/getParsedLog.php?id=23863201&tree=Mozilla-Inbound
Windows 7 32-bit mozilla-inbound opt test mochitest-browser-chrome on 2013-06-06 09:21:49
slave: t-w732-ix-092

09:25:02  WARNING -  TEST-UNEXPECTED-FAIL | chrome://mochitests/content/browser/browser/base/content/test/browser_locationBarCommand.js | New URL is loaded in new window - Got , expected example.com
RyanVM
https://tbpl.mozilla.org/php/getParsedLog.php?id=23863242&tree=Mozilla-Inbound
WINNT 6.2 mozilla-inbound pgo test mochitest-browser-chrome on 2013-06-06 09:20:44
slave: t-w864-ix-113

09:25:22  WARNING -  TEST-UNEXPECTED-FAIL | chrome://mochitests/content/browser/browser/base/content/test/browser_locationBarCommand.js | New URL is loaded in new window - Got , expected example.com
philor
https://tbpl.mozilla.org/php/getParsedLog.php?id=23865368&tree=Mozilla-Inbound
Windows 7 32-bit mozilla-inbound opt test mochitest-browser-chrome on 2013-06-06 10:22:53
slave: t-w732-ix-035

10:26:49  WARNING -  TEST-UNEXPECTED-FAIL | chrome://mochitests/content/browser/browser/base/content/test/browser_locationBarCommand.js | New URL is loaded in new window - Got , expected example.com
philor
https://tbpl.mozilla.org/php/getParsedLog.php?id=23877546&tree=Mozilla-Inbound
Windows 7 32-bit mozilla-inbound opt test mochitest-browser-chrome on 2013-06-06 15:20:28
slave: t-w732-ix-034

15:24:51  WARNING -  TEST-UNEXPECTED-FAIL | chrome://mochitests/content/browser/browser/base/content/test/browser_locationBarCommand.js | New URL is loaded in new window - Got , expected example.com
15:29:31  WARNING -  TEST-UNEXPECTED-FAIL | chrome://mochitests/content/browser/browser/components/sessionstore/test/browser_707862.js | uncaught exception - [object XrayWrapper [object Event]] at undefined:undefined
philor
https://tbpl.mozilla.org/php/getParsedLog.php?id=23885792&tree=Mozilla-Inbound
Windows 7 32-bit mozilla-inbound opt test mochitest-browser-chrome on 2013-06-06 20:42:10
slave: t-w732-ix-106

20:45:41  WARNING -  TEST-UNEXPECTED-FAIL | chrome://mochitests/content/browser/browser/base/content/test/browser_locationBarCommand.js | New URL is loaded in new window - Got , expected example.com
20:50:18  WARNING -  TEST-UNEXPECTED-FAIL | chrome://mochitests/content/browser/browser/components/sessionstore/test/browser_707862.js | uncaught exception - [object XrayWrapper [object Event]] at undefined:undefined
edmorley
https://tbpl.mozilla.org/php/getParsedLog.php?id=23894664&tree=Mozilla-Inbound
WINNT 6.2 mozilla-inbound pgo test mochitest-browser-chrome on 2013-06-07 03:21:10
slave: t-w864-ix-013

03:25:48  WARNING -  TEST-UNEXPECTED-FAIL | chrome://mochitests/content/browser/browser/base/content/test/browser_locationBarCommand.js | New URL is loaded in new window - Got , expected example.com
03:30:29  WARNING -  TEST-UNEXPECTED-FAIL | chrome://mochitests/content/browser/browser/components/sessionstore/test/browser_707862.js | uncaught exception - [object XrayWrapper [object Event]] at undefined:undefined
RyanVM
https://tbpl.mozilla.org/php/getParsedLog.php?id=23900130&tree=Mozilla-Inbound
Windows 7 32-bit mozilla-inbound opt test mochitest-browser-chrome on 2013-06-07 06:24:36
slave: t-w732-ix-101

06:29:15  WARNING -  TEST-UNEXPECTED-FAIL | chrome://mochitests/content/browser/browser/base/content/test/browser_locationBarCommand.js | New URL is loaded in new window - Got , expected example.com
RyanVM
https://tbpl.mozilla.org/php/getParsedLog.php?id=23904794&tree=Mozilla-Central
Windows 7 32-bit mozilla-central opt test mochitest-browser-chrome on 2013-06-07 08:59:56
slave: t-w732-ix-086

09:03:53  WARNING -  TEST-UNEXPECTED-FAIL | chrome://mochitests/content/browser/browser/base/content/test/browser_locationBarCommand.js | New URL is loaded in new window - Got , expected example.com
09:08:30  WARNING -  TEST-UNEXPECTED-FAIL | chrome://mochitests/content/browser/browser/components/sessionstore/test/browser_707862.js | uncaught exception - [object XrayWrapper [object Event]] at undefined:undefined
philor
https://tbpl.mozilla.org/php/getParsedLog.php?id=23919261&tree=Mozilla-Central
Windows 7 32-bit mozilla-central opt test mochitest-browser-chrome on 2013-06-07 14:26:20
slave: t-w732-ix-119

14:30:10  WARNING -  TEST-UNEXPECTED-FAIL | chrome://mochitests/content/browser/browser/base/content/test/browser_locationBarCommand.js | New URL is loaded in new window - Got , expected example.com
Gijs
https://tbpl.mozilla.org/php/getParsedLog.php?id=23919261&tree=Mozilla-Central
Windows 7 32-bit mozilla-central opt test mochitest-browser-chrome on 2013-06-07 14:26:20
slave: t-w732-ix-119

14:30:10  WARNING -  TEST-UNEXPECTED-FAIL | chrome://mochitests/content/browser/browser/base/content/test/browser_locationBarCommand.js | New URL is loaded in new window - Got , expected example.com
philor
https://tbpl.mozilla.org/php/getParsedLog.php?id=23927140&tree=Mozilla-Inbound
WINNT 6.2 mozilla-inbound opt test mochitest-browser-chrome on 2013-06-07 18:13:13
slave: t-w864-ix-056

18:17:02  WARNING -  TEST-UNEXPECTED-FAIL | chrome://mochitests/content/browser/browser/base/content/test/browser_locationBarCommand.js | New URL is loaded in new window - Got , expected example.com
KWierso
https://tbpl.mozilla.org/php/getParsedLog.php?id=23949601&tree=Mozilla-Inbound
Windows 7 32-bit mozilla-inbound opt test mochitest-browser-chrome on 2013-06-09 18:24:04
slave: t-w732-ix-058

18:27:18  WARNING -  TEST-UNEXPECTED-FAIL | chrome://mochitests/content/browser/browser/base/content/test/browser_locationBarCommand.js | New URL is loaded in new window - Got , expected example.com
KWierso
https://tbpl.mozilla.org/php/getParsedLog.php?id=23951058&tree=Mozilla-Inbound
WINNT 6.2 mozilla-inbound pgo test mochitest-browser-chrome on 2013-06-09 21:14:25
slave: t-w864-ix-130

21:18:44  WARNING -  TEST-UNEXPECTED-FAIL | chrome://mochitests/content/browser/browser/base/content/test/browser_locationBarCommand.js | New URL is loaded in new window - Got , expected example.com
RyanVM
https://tbpl.mozilla.org/php/getParsedLog.php?id=23966238&tree=Mozilla-Inbound
Windows 7 32-bit mozilla-inbound opt test mochitest-browser-chrome on 2013-06-10 09:57:49
slave: t-w732-ix-061

10:03:02  WARNING -  TEST-UNEXPECTED-FAIL | chrome://mochitests/content/browser/browser/base/content/test/browser_locationBarCommand.js | New URL is loaded in new window - Got , expected example.com
philor
https://tbpl.mozilla.org/php/getParsedLog.php?id=23985932&tree=Mozilla-Inbound
Windows 7 32-bit mozilla-inbound opt test mochitest-browser-chrome on 2013-06-10 16:30:09
slave: t-w732-ix-077

16:33:55  WARNING -  TEST-UNEXPECTED-FAIL | chrome://mochitests/content/browser/browser/base/content/test/browser_locationBarCommand.js | New URL is loaded in new window - Got , expected example.com
philor
https://tbpl.mozilla.org/php/getParsedLog.php?id=23989927&tree=Mozilla-Inbound
Windows 7 32-bit mozilla-inbound opt test mochitest-browser-chrome on 2013-06-10 17:59:06
slave: t-w732-ix-099

18:02:17  WARNING -  TEST-UNEXPECTED-FAIL | chrome://mochitests/content/browser/browser/base/content/test/browser_locationBarCommand.js | New URL is loaded in new window - Got , expected example.com
18:06:57  WARNING -  TEST-UNEXPECTED-FAIL | chrome://mochitests/content/browser/browser/components/sessionstore/test/browser_707862.js | uncaught exception - [object XrayWrapper [object Event]] at undefined:undefined
philor
https://tbpl.mozilla.org/php/getParsedLog.php?id=23989778&tree=Birch
WINNT 6.2 birch pgo test mochitest-browser-chrome on 2013-06-10 17:55:47
slave: t-w864-ix-007

17:59:54  WARNING -  TEST-UNEXPECTED-FAIL | chrome://mochitests/content/browser/browser/base/content/test/browser_locationBarCommand.js | New URL is loaded in new window - Got , expected example.com
RyanVM
https://tbpl.mozilla.org/php/getParsedLog.php?id=24011532&tree=Mozilla-Inbound
Windows 7 32-bit mozilla-inbound opt test mochitest-browser-chrome on 2013-06-11 08:58:10
slave: t-w732-ix-046

09:02:08  WARNING -  TEST-UNEXPECTED-FAIL | chrome://mochitests/content/browser/browser/base/content/test/browser_locationBarCommand.js | New URL is loaded in new window - Got , expected example.com
jwein%mozilla.com
https://tbpl.mozilla.org/php/getParsedLog.php?id=24016042&tree=UX
WINNT 6.2 ux opt test mochitest-browser-chrome on 2013-06-11 10:28:46
slave: t-w864-ix-119

10:33:48  WARNING -  TEST-UNEXPECTED-FAIL | chrome://mochitests/content/browser/browser/base/content/test/browser_locationBarCommand.js | New URL is loaded in new window - Got , expected example.com
philor
https://tbpl.mozilla.org/php/getParsedLog.php?id=24032789&tree=Mozilla-Inbound
WINNT 6.2 mozilla-inbound pgo test mochitest-browser-chrome on 2013-06-11 17:01:10
revision: cf5205662535
slave: t-w864-ix-013

17:05:51  WARNING -  TEST-UNEXPECTED-FAIL | chrome://mochitests/content/browser/browser/base/content/test/browser_locationBarCommand.js | New URL is loaded in new window - Got , expected example.com
philor
https://tbpl.mozilla.org/php/getParsedLog.php?id=24007463&tree=UX
WINNT 6.2 ux pgo test mochitest-browser-chrome on 2013-06-11 07:26:13
revision: 8a9bf2595921
slave: t-w864-ix-087

07:30:49  WARNING -  TEST-UNEXPECTED-FAIL | chrome://mochitests/content/browser/browser/base/content/test/browser_locationBarCommand.js | New URL is loaded in new window - Got , expected example.com
RyanVM
https://tbpl.mozilla.org/php/getParsedLog.php?id=24060022&tree=Mozilla-Central
WINNT 6.2 mozilla-central opt test mochitest-browser-chrome on 2013-06-12 08:43:21
revision: ec0b9531dda9
slave: t-w864-ix-077

08:49:36  WARNING -  TEST-UNEXPECTED-FAIL | chrome://mochitests/content/browser/browser/base/content/test/browser_locationBarCommand.js | New URL is loaded in new window - Got , expected example.com
philor
https://tbpl.mozilla.org/php/getParsedLog.php?id=24064707&tree=Mozilla-Inbound
Windows 7 32-bit mozilla-inbound opt test mochitest-browser-chrome on 2013-06-12 10:34:12
revision: 6ef1a5998cb6
slave: t-w732-ix-074

10:39:07  WARNING -  TEST-UNEXPECTED-FAIL | chrome://mochitests/content/browser/browser/base/content/test/browser_locationBarCommand.js | New URL is loaded in new window - Got , expected example.com
RyanVM
https://tbpl.mozilla.org/php/getParsedLog.php?id=24067164&tree=Mozilla-Inbound
Windows 7 32-bit mozilla-inbound opt test mochitest-browser-chrome on 2013-06-12 11:27:52
revision: 76bbed327768
slave: t-w732-ix-086

11:31:37  WARNING -  TEST-UNEXPECTED-FAIL | chrome://mochitests/content/browser/browser/base/content/test/browser_locationBarCommand.js | New URL is loaded in new window - Got , expected example.com
11:36:13  WARNING -  TEST-UNEXPECTED-FAIL | chrome://mochitests/content/browser/browser/components/sessionstore/test/browser_707862.js | uncaught exception - [object XrayWrapper [object Event]] at undefined:undefined
nalexander
https://tbpl.mozilla.org/php/getParsedLog.php?id=24085250&tree=Mozilla-Inbound
Windows 7 32-bit mozilla-inbound opt test mochitest-browser-chrome on 2013-06-12 18:13:06
revision: ac7d9177c7ee
slave: t-w732-ix-081

18:17:36  WARNING -  TEST-UNEXPECTED-FAIL | chrome://mochitests/content/browser/browser/base/content/test/browser_locationBarCommand.js | New URL is loaded in new window - Got , expected example.com
philor
https://tbpl.mozilla.org/php/getParsedLog.php?id=24090733&tree=Mozilla-Inbound
Windows 7 32-bit mozilla-inbound opt test mochitest-browser-chrome on 2013-06-12 20:21:57
revision: af72cb05903e
slave: t-w732-ix-107

20:25:49  WARNING -  TEST-UNEXPECTED-FAIL | chrome://mochitests/content/browser/browser/base/content/test/browser_locationBarCommand.js | New URL is loaded in new window - Got , expected example.com
Margaret, as test author I don't suppose you could take a look at this top orange? :-)
edmorley
https://tbpl.mozilla.org/php/getParsedLog.php?id=24097187&tree=Birch
WINNT 6.2 birch pgo test mochitest-browser-chrome on 2013-06-13 01:05:48
revision: 68760713a30f
slave: t-w864-ix-029

01:10:43  WARNING -  TEST-UNEXPECTED-FAIL | chrome://mochitests/content/browser/browser/base/content/test/browser_locationBarCommand.js | New URL is loaded in new window - Got , expected example.com
01:15:28  WARNING -  TEST-UNEXPECTED-FAIL | chrome://mochitests/content/browser/browser/components/sessionstore/test/browser_capabilities.js | uncaught exception - TypeError: snippets is undefined at about:home:89
edmorley
https://tbpl.mozilla.org/php/getParsedLog.php?id=24100082&tree=Mozilla-Central
Windows 7 32-bit mozilla-central pgo test mochitest-browser-chrome on 2013-06-13 03:28:03
revision: 68760713a30f
slave: t-w732-ix-104

03:32:46  WARNING -  TEST-UNEXPECTED-FAIL | chrome://mochitests/content/browser/browser/base/content/test/browser_locationBarCommand.js | New URL is loaded in new window - Got , expected example.com
03:36:55  WARNING -  TEST-UNEXPECTED-FAIL | chrome://mochitests/content/browser/browser/components/sessionstore/test/browser_capabilities.js | uncaught exception - TypeError: snippets is undefined at about:home:89
edmorley
https://tbpl.mozilla.org/php/getParsedLog.php?id=24091200&tree=Try
Windows 7 32-bit try opt test mochitest-browser-chrome on 2013-06-12 20:38:00
revision: eb0f5048daa9
slave: t-w732-ix-059

20:41:56  WARNING -  TEST-UNEXPECTED-FAIL | chrome://mochitests/content/browser/browser/base/content/test/browser_locationBarCommand.js | New URL is loaded in new window - Got , expected example.com
edmorley
https://tbpl.mozilla.org/php/getParsedLog.php?id=24080062&tree=Try
Windows 7 32-bit try opt test mochitest-browser-chrome on 2013-06-12 15:55:04
revision: ab4b09bddd34
slave: t-w732-ix-103

15:58:33  WARNING -  TEST-UNEXPECTED-FAIL | chrome://mochitests/content/browser/browser/base/content/test/browser_locationBarCommand.js | New URL is loaded in new window - Got , expected example.com
edmorley
https://tbpl.mozilla.org/php/getParsedLog.php?id=24087432&tree=Try
Windows 7 32-bit try opt test mochitest-browser-chrome on 2013-06-12 18:58:32
revision: 048bd38e12d4
slave: t-w732-ix-023

19:03:01  WARNING -  TEST-UNEXPECTED-FAIL | chrome://mochitests/content/browser/browser/base/content/test/browser_locationBarCommand.js | New URL is loaded in new window - Got , expected example.com
(In reply to Ed Morley [:edmorley UTC+1] from comment #30)
> Margaret, as test author I don't suppose you could take a look at this top
> orange? :-)

Geez, I haven't touched this code in forever. Maybe gavin can find someone to help with this...

Also, it's odd that this intermittent issue started happening only recently, since this test has been in the tree for over a year and a half.
Created attachment 762004
potential patch

This is kind of a stab in the dark. The failure case is that within a pageshow handler in a newly opened window, the URL bar hasn't been updated to the URL that we opened yet, and is blank. My theory is that this is because pageshow sometimes has a chance to fire against the initial about:blank load (which then gets replaced by the actual load after _delayedStartup). Other tests expect addPageShowListener's callback to fire for about:blank pages, so I made its expectedURL optional.

Not sure why this would have only started happening recently, but maybe we're just faster now or something?

(I also cleaned up the addPageShowListener helper.)
RyanVM
https://tbpl.mozilla.org/php/getParsedLog.php?id=24104749&tree=Birch
WINNT 6.2 birch pgo test mochitest-browser-chrome on 2013-06-13 06:24:49
revision: e131dababbaa
slave: t-w864-ix-124

06:28:59  WARNING -  TEST-UNEXPECTED-FAIL | chrome://mochitests/content/browser/browser/base/content/test/browser_locationBarCommand.js | New URL is loaded in new window - Got , expected example.com
06:33:47  WARNING -  TEST-UNEXPECTED-FAIL | chrome://mochitests/content/browser/browser/components/sessionstore/test/browser_capabilities.js | uncaught exception - TypeError: snippets is undefined at about:home:89
philor
https://tbpl.mozilla.org/php/getParsedLog.php?id=24109921&tree=Mozilla-Inbound
WINNT 6.2 mozilla-inbound pgo test mochitest-browser-chrome on 2013-06-13 09:18:15
revision: 8938a1dde5cb
slave: t-w864-ix-024

09:23:57  WARNING -  TEST-UNEXPECTED-FAIL | chrome://mochitests/content/browser/browser/base/content/test/browser_locationBarCommand.js | New URL is loaded in new window - Got , expected example.com
philor
https://tbpl.mozilla.org/php/getParsedLog.php?id=24170153&tree=Try
Windows 7 32-bit try opt test mochitest-browser-chrome on 2013-06-14 15:18:53
revision: 85804cbf8361
slave: t-w732-ix-091

15:22:25  WARNING -  TEST-UNEXPECTED-FAIL | chrome://mochitests/content/browser/browser/base/content/test/browser_locationBarCommand.js | New URL is loaded in new window - Got , expected example.com
https://hg.mozilla.org/integration/mozilla-inbound/rev/61a8216f8991
https://hg.mozilla.org/mozilla-central/rev/61a8216f8991
philor
https://tbpl.mozilla.org/php/getParsedLog.php?id=24470688&tree=Mozilla-Inbound
Windows 7 32-bit mozilla-inbound opt test mochitest-browser-chrome on 2013-06-22 07:29:01
revision: 2cecdcdd4c77
slave: t-w732-ix-090

07:34:45  WARNING -  TEST-UNEXPECTED-FAIL | chrome://mochitests/content/browser/browser/base/content/test/browser_locationBarCommand.js | New URL is loaded in new window - Got , expected example.com
philor
https://tbpl.mozilla.org/php/getParsedLog.php?id=24477437&tree=Mozilla-Inbound
Windows 7 32-bit mozilla-inbound opt test mochitest-browser-chrome on 2013-06-22 14:53:58
revision: 1ea803d6be37
slave: t-w732-ix-062

14:59:08  WARNING -  TEST-UNEXPECTED-FAIL | chrome://mochitests/content/browser/browser/base/content/test/browser_locationBarCommand.js | New URL is loaded in new window - Got , expected example.com
philor
https://tbpl.mozilla.org/php/getParsedLog.php?id=24485419&tree=UX
Windows 7 32-bit ux opt test mochitest-browser-chrome on 2013-06-23 01:23:48
revision: 39c26b5a69ee
slave: t-w732-ix-034

01:28:31  WARNING -  TEST-UNEXPECTED-FAIL | chrome://mochitests/content/browser/browser/base/content/test/browser_locationBarCommand.js | New URL is loaded in new window - Got , expected example.com
philor
https://tbpl.mozilla.org/php/getParsedLog.php?id=24503316&tree=Mozilla-Inbound
Windows 7 32-bit mozilla-inbound opt test mochitest-browser-chrome on 2013-06-23 20:59:05
revision: a0dfe6abef73
slave: t-w732-ix-018

21:03:09  WARNING -  TEST-UNEXPECTED-FAIL | chrome://mochitests/content/browser/browser/base/content/test/browser_locationBarCommand.js | New URL is loaded in new window - Got , expected example.com
edmorley
https://tbpl.mozilla.org/php/getParsedLog.php?id=24514711&tree=Mozilla-Inbound
Windows XP 32-bit mozilla-inbound opt test mochitest-browser-chrome on 2013-06-24 06:34:29
revision: 08c202fef059
slave: t-xp32-ix-093

06:38:15  WARNING -  TEST-UNEXPECTED-FAIL | chrome://mochitests/content/browser/browser/base/content/test/browser_locationBarCommand.js | New URL is loaded in new window - Got , expected example.com
RyanVM
https://tbpl.mozilla.org/php/getParsedLog.php?id=24514711&tree=Mozilla-Inbound
Windows XP 32-bit mozilla-inbound opt test mochitest-browser-chrome on 2013-06-24 06:34:29
revision: 08c202fef059
slave: t-xp32-ix-093

06:38:15  WARNING -  TEST-UNEXPECTED-FAIL | chrome://mochitests/content/browser/browser/base/content/test/browser_locationBarCommand.js | New URL is loaded in new window - Got , expected example.com
edmorley
https://tbpl.mozilla.org/php/getParsedLog.php?id=24515699&tree=Mozilla-Central
Windows 7 32-bit mozilla-central opt test mochitest-browser-chrome on 2013-06-24 06:59:00
revision: 999f162be482
slave: t-w732-ix-090

07:03:24  WARNING -  TEST-UNEXPECTED-FAIL | chrome://mochitests/content/browser/browser/base/content/test/browser_locationBarCommand.js | New URL is loaded in new window - Got , expected example.com
RyanVM
https://tbpl.mozilla.org/php/getParsedLog.php?id=24515699&tree=Mozilla-Central
Windows 7 32-bit mozilla-central opt test mochitest-browser-chrome on 2013-06-24 06:59:00
revision: 999f162be482
slave: t-w732-ix-090

07:03:24  WARNING -  TEST-UNEXPECTED-FAIL | chrome://mochitests/content/browser/browser/base/content/test/browser_locationBarCommand.js | New URL is loaded in new window - Got , expected example.com
RyanVM
https://tbpl.mozilla.org/php/getParsedLog.php?id=24521283&tree=Fx-Team
WINNT 6.2 fx-team pgo test mochitest-browser-chrome on 2013-06-24 09:45:11
revision: 999f162be482
slave: t-w864-ix-023

09:50:26  WARNING -  TEST-UNEXPECTED-FAIL | chrome://mochitests/content/browser/browser/base/content/test/browser_locationBarCommand.js | New URL is loaded in new window - Got , expected example.com
edmorley
https://tbpl.mozilla.org/php/getParsedLog.php?id=24556578&tree=Birch
WINNT 6.2 birch pgo test mochitest-browser-chrome on 2013-06-25 00:32:17
revision: 5be5301c4d78
slave: t-w864-ix-043

00:37:39  WARNING -  TEST-UNEXPECTED-FAIL | chrome://mochitests/content/browser/browser/base/content/test/browser_locationBarCommand.js | New URL is loaded in new window - Got , expected example.com
RyanVM
https://tbpl.mozilla.org/php/getParsedLog.php?id=24570137&tree=Mozilla-Inbound
Windows XP 32-bit mozilla-inbound opt test mochitest-browser-chrome on 2013-06-25 08:32:05
revision: c6e4936118ca
slave: t-xp32-ix-024

08:35:14  WARNING -  TEST-UNEXPECTED-FAIL | chrome://mochitests/content/browser/browser/base/content/test/browser_locationBarCommand.js | New URL is loaded in new window - Got , expected example.com
philor
https://tbpl.mozilla.org/php/getParsedLog.php?id=24573433&tree=Mozilla-Inbound
Windows 7 32-bit mozilla-inbound opt test mochitest-browser-chrome on 2013-06-25 09:43:05
revision: 0278f5665254
slave: t-w732-ix-091

09:48:02  WARNING -  TEST-UNEXPECTED-FAIL | chrome://mochitests/content/browser/browser/base/content/test/browser_locationBarCommand.js | New URL is loaded in new window - Got , expected example.com
Tomcat
https://tbpl.mozilla.org/php/getParsedLog.php?id=24600275&tree=Mozilla-Inbound
Windows 7 32-bit mozilla-inbound opt test mochitest-browser-chrome on 2013-06-25 22:57:02
revision: 927d1bf5f36d
slave: t-w732-ix-094

23:01:45  WARNING -  TEST-UNEXPECTED-FAIL | chrome://mochitests/content/browser/browser/base/content/test/browser_locationBarCommand.js | New URL is loaded in new window - Got , expected example.com
edmorley
https://tbpl.mozilla.org/php/getParsedLog.php?id=24606360&tree=Mozilla-Inbound
Windows 7 32-bit mozilla-inbound opt test mochitest-browser-chrome on 2013-06-26 03:26:26
revision: b1dba904d5c8
slave: t-w732-ix-115

03:31:44  WARNING -  TEST-UNEXPECTED-FAIL | chrome://mochitests/content/browser/browser/base/content/test/browser_locationBarCommand.js | New URL is loaded in new window - Got , expected example.com
edmorley
https://tbpl.mozilla.org/php/getParsedLog.php?id=24607906&tree=Mozilla-Central
Windows 7 32-bit mozilla-central opt test mochitest-browser-chrome on 2013-06-26 04:19:48
revision: d859d984611c
slave: t-w732-ix-078

04:23:06  WARNING -  TEST-UNEXPECTED-FAIL | chrome://mochitests/content/browser/browser/base/content/test/browser_locationBarCommand.js | New URL is loaded in new window - Got , expected example.com
RyanVM
https://tbpl.mozilla.org/php/getParsedLog.php?id=24613311&tree=Mozilla-Inbound
WINNT 6.2 mozilla-inbound opt test mochitest-browser-chrome on 2013-06-26 07:28:05
revision: fc6b2673c2a9
slave: t-w864-ix-129

07:34:00  WARNING -  TEST-UNEXPECTED-FAIL | chrome://mochitests/content/browser/browser/base/content/test/browser_locationBarCommand.js | New URL is loaded in new window - Got , expected example.com
philor
https://tbpl.mozilla.org/php/getParsedLog.php?id=24613311&tree=Mozilla-Inbound
WINNT 6.2 mozilla-inbound opt test mochitest-browser-chrome on 2013-06-26 07:28:05
revision: fc6b2673c2a9
slave: t-w864-ix-129

07:34:00  WARNING -  TEST-UNEXPECTED-FAIL | chrome://mochitests/content/browser/browser/base/content/test/browser_locationBarCommand.js | New URL is loaded in new window - Got , expected example.com
philor
https://tbpl.mozilla.org/php/getParsedLog.php?id=24614374&tree=Birch
WINNT 6.2 birch opt test mochitest-browser-chrome on 2013-06-26 07:58:19
revision: a87696202500
slave: t-w864-ix-007

08:04:07  WARNING -  TEST-UNEXPECTED-FAIL | chrome://mochitests/content/browser/browser/base/content/test/browser_locationBarCommand.js | New URL is loaded in new window - Got , expected example.com
philor
https://tbpl.mozilla.org/php/getParsedLog.php?id=24618155&tree=Mozilla-Inbound
Windows 7 32-bit mozilla-inbound opt test mochitest-browser-chrome on 2013-06-26 09:30:23
revision: 53e925dc3bda
slave: t-w732-ix-078

09:35:02  WARNING -  TEST-UNEXPECTED-FAIL | chrome://mochitests/content/browser/browser/base/content/test/browser_locationBarCommand.js | New URL is loaded in new window - Got , expected example.com
philor
https://tbpl.mozilla.org/php/getParsedLog.php?id=24619639&tree=Fx-Team
WINNT 6.2 fx-team pgo test mochitest-browser-chrome on 2013-06-26 09:58:52
revision: a4d856768629
slave: t-w864-ix-069

10:04:35  WARNING -  TEST-UNEXPECTED-FAIL | chrome://mochitests/content/browser/browser/base/content/test/browser_locationBarCommand.js | New URL is loaded in new window - Got , expected example.com
10:05:29  WARNING -  TEST-UNEXPECTED-FAIL | chrome://mochitests/content/browser/browser/base/content/test/newtab/browser_newtab_bug723121.js | grid is now locked - Got false, expected true
philor
https://tbpl.mozilla.org/php/getParsedLog.php?id=24622076&tree=Mozilla-Inbound
Windows 7 32-bit mozilla-inbound opt test mochitest-browser-chrome on 2013-06-26 10:56:32
revision: 1c7d946342be
slave: t-w732-ix-085

11:01:03  WARNING -  TEST-UNEXPECTED-FAIL | chrome://mochitests/content/browser/browser/base/content/test/browser_locationBarCommand.js | New URL is loaded in new window - Got , expected example.com
RyanVM
https://tbpl.mozilla.org/php/getParsedLog.php?id=24622076&tree=Mozilla-Inbound
Windows 7 32-bit mozilla-inbound opt test mochitest-browser-chrome on 2013-06-26 10:56:32
revision: 1c7d946342be
slave: t-w732-ix-085

11:01:03  WARNING -  TEST-UNEXPECTED-FAIL | chrome://mochitests/content/browser/browser/base/content/test/browser_locationBarCommand.js | New URL is loaded in new window - Got , expected example.com
KWierso
https://tbpl.mozilla.org/php/getParsedLog.php?id=24622076&tree=Mozilla-Inbound
Windows 7 32-bit mozilla-inbound opt test mochitest-browser-chrome on 2013-06-26 10:56:32
revision: 1c7d946342be
slave: t-w732-ix-085

11:01:03  WARNING -  TEST-UNEXPECTED-FAIL | chrome://mochitests/content/browser/browser/base/content/test/browser_locationBarCommand.js | New URL is loaded in new window - Got , expected example.com
philor
https://tbpl.mozilla.org/php/getParsedLog.php?id=24632616&tree=Mozilla-Central
Windows 7 32-bit mozilla-central opt test mochitest-browser-chrome on 2013-06-26 14:47:59
revision: 3b955f306226
slave: t-w732-ix-024

14:51:41  WARNING -  TEST-UNEXPECTED-FAIL | chrome://mochitests/content/browser/browser/base/content/test/browser_locationBarCommand.js | New URL is loaded in new window - Got , expected example.com
philor
https://tbpl.mozilla.org/php/getParsedLog.php?id=24634629&tree=Mozilla-Inbound
WINNT 6.2 mozilla-inbound pgo test mochitest-browser-chrome on 2013-06-26 15:28:10
revision: 256d59315926
slave: t-w864-ix-103

15:33:42  WARNING -  TEST-UNEXPECTED-FAIL | chrome://mochitests/content/browser/browser/base/content/test/browser_locationBarCommand.js | New URL is loaded in new window - Got , expected example.com
edmorley
https://tbpl.mozilla.org/php/getParsedLog.php?id=24653573&tree=Mozilla-Inbound
WINNT 6.2 mozilla-inbound opt test mochitest-browser-chrome on 2013-06-27 01:36:04
revision: 59f88c16fca7
slave: t-w864-ix-128

01:41:10  WARNING -  TEST-UNEXPECTED-FAIL | chrome://mochitests/content/browser/browser/base/content/test/browser_locationBarCommand.js | New URL is loaded in new window - Got , expected example.com
ttaubert
https://tbpl.mozilla.org/php/getParsedLog.php?id=24663929&tree=Fx-Team
WINNT 6.2 fx-team opt test mochitest-browser-chrome on 2013-06-27 08:50:10
revision: 086465524970
slave: t-w864-ix-058

08:54:57  WARNING -  TEST-UNEXPECTED-FAIL | chrome://mochitests/content/browser/browser/base/content/test/browser_locationBarCommand.js | New URL is loaded in new window - Got , expected example.com
philor
https://tbpl.mozilla.org/php/getParsedLog.php?id=24678372&tree=Mozilla-Inbound
Windows 7 32-bit mozilla-inbound opt test mochitest-browser-chrome on 2013-06-27 15:07:19
revision: a90fac2a088b
slave: t-w732-ix-044

15:12:46  WARNING -  TEST-UNEXPECTED-FAIL | chrome://mochitests/content/browser/browser/base/content/test/browser_locationBarCommand.js | New URL is loaded in new window - Got , expected example.com
nalexander
https://tbpl.mozilla.org/php/getParsedLog.php?id=24669177&tree=Try
WINNT 6.2 try opt test mochitest-browser-chrome on 2013-06-27 11:40:03
revision: d172e53562f5
slave: t-w864-ix-120

11:45:09  WARNING -  TEST-UNEXPECTED-FAIL | chrome://mochitests/content/browser/browser/base/content/test/browser_locationBarCommand.js | New URL is loaded in new window - Got , expected example.com
philor
https://tbpl.mozilla.org/php/getParsedLog.php?id=24688841&tree=Mozilla-Inbound
Windows 7 32-bit mozilla-inbound opt test mochitest-browser-chrome on 2013-06-27 19:50:33
revision: 82c1cf7f137d
slave: t-w732-ix-026

19:55:10  WARNING -  TEST-UNEXPECTED-FAIL | chrome://mochitests/content/browser/browser/base/content/test/browser_locationBarCommand.js | New URL is loaded in new window - Got , expected example.com
philor
https://tbpl.mozilla.org/php/getParsedLog.php?id=24688856&tree=Mozilla-Inbound
Windows 7 32-bit mozilla-inbound opt test mochitest-browser-chrome on 2013-06-27 19:51:40
revision: 368d74e36f67
slave: t-w732-ix-071

19:55:18  WARNING -  TEST-UNEXPECTED-FAIL | chrome://mochitests/content/browser/browser/base/content/test/browser_locationBarCommand.js | New URL is loaded in new window - Got , expected example.com
tanvi
https://tbpl.mozilla.org/php/getParsedLog.php?id=24689851&tree=Try
Windows 7 32-bit try opt test mochitest-browser-chrome on 2013-06-27 20:17:42
revision: e55601ca0740
slave: t-w732-ix-069

20:21:42  WARNING -  TEST-UNEXPECTED-FAIL | chrome://mochitests/content/browser/browser/base/content/test/browser_locationBarCommand.js | New URL is loaded in new window - Got , expected example.com
philor
https://tbpl.mozilla.org/php/getParsedLog.php?id=24699628&tree=Birch
WINNT 6.2 birch pgo test mochitest-browser-chrome on 2013-06-28 00:25:18
revision: 8e96021bb7a8
slave: t-w864-ix-059

00:30:12  WARNING -  TEST-UNEXPECTED-FAIL | chrome://mochitests/content/browser/browser/base/content/test/browser_locationBarCommand.js | New URL is loaded in new window - Got , expected example.com
00:31:08  WARNING -  TEST-UNEXPECTED-FAIL | chrome://mochitests/content/browser/browser/base/content/test/newtab/browser_newtab_bug723121.js | grid is now locked - Got false, expected true
philor
https://tbpl.mozilla.org/php/getParsedLog.php?id=24717715&tree=Fx-Team
Windows 7 32-bit fx-team opt test mochitest-browser-chrome on 2013-06-28 11:22:55
revision: 078bd06b592c
slave: t-w732-ix-109

11:27:25  WARNING -  TEST-UNEXPECTED-FAIL | chrome://mochitests/content/browser/browser/base/content/test/browser_locationBarCommand.js | New URL is loaded in new window - Got , expected example.com
philor
https://tbpl.mozilla.org/php/getParsedLog.php?id=24719868&tree=Mozilla-Inbound
Windows 7 32-bit mozilla-inbound opt test mochitest-browser-chrome on 2013-06-28 12:18:08
revision: 1ab5ecccd5e8
slave: t-w732-ix-057

12:22:43  WARNING -  TEST-UNEXPECTED-FAIL | chrome://mochitests/content/browser/browser/base/content/test/browser_locationBarCommand.js | New URL is loaded in new window - Got , expected example.com
philor
https://tbpl.mozilla.org/php/getParsedLog.php?id=24732032&tree=Birch
WINNT 6.2 birch pgo test mochitest-browser-chrome on 2013-06-28 18:29:01
revision: 33fe4c42ed67
slave: t-w864-ix-098

18:34:36  WARNING -  TEST-UNEXPECTED-FAIL | chrome://mochitests/content/browser/browser/base/content/test/browser_locationBarCommand.js | New URL is loaded in new window - Got , expected example.com
MattN
https://tbpl.mozilla.org/php/getParsedLog.php?id=24740230&tree=Try
Windows 7 32-bit try opt test mochitest-browser-chrome on 2013-06-29 01:14:00
revision: 4b952c06aaa7
slave: t-w732-ix-065

01:18:57  WARNING -  TEST-UNEXPECTED-FAIL | chrome://mochitests/content/browser/browser/base/content/test/browser_locationBarCommand.js | New URL is loaded in new window - Got , expected example.com
jacek
https://tbpl.mozilla.org/php/getParsedLog.php?id=24742386&tree=Mozilla-Inbound
Windows XP 32-bit mozilla-inbound opt test mochitest-browser-chrome on 2013-06-29 04:19:19
revision: 7b86302ab2b3
slave: t-xp32-ix-059

04:22:58  WARNING -  TEST-UNEXPECTED-FAIL | chrome://mochitests/content/browser/browser/base/content/test/browser_locationBarCommand.js | New URL is loaded in new window - Got , expected example.com
Gijs
https://tbpl.mozilla.org/php/getParsedLog.php?id=24737150&tree=UX
WINNT 6.2 ux pgo test mochitest-browser-chrome on 2013-06-28 21:24:32
revision: ccc2e6cc9470
slave: t-w864-ix-054

21:29:30  WARNING -  TEST-UNEXPECTED-FAIL | chrome://mochitests/content/browser/browser/base/content/test/browser_locationBarCommand.js | New URL is loaded in new window - Got , expected example.com
Gijs
https://tbpl.mozilla.org/php/getParsedLog.php?id=24726665&tree=UX
Windows 7 32-bit ux opt test mochitest-browser-chrome on 2013-06-28 15:42:49
revision: f3d225d45859
slave: t-w732-ix-074

15:47:50  WARNING -  TEST-UNEXPECTED-FAIL | chrome://mochitests/content/browser/browser/base/content/test/browser_locationBarCommand.js | New URL is loaded in new window - Got , expected example.com
philor
https://tbpl.mozilla.org/php/getParsedLog.php?id=24748453&tree=Mozilla-Inbound
Windows 7 32-bit mozilla-inbound opt test mochitest-browser-chrome on 2013-06-29 09:21:08
revision: d20fa876e95d
slave: t-w732-ix-059

09:25:51  WARNING -  TEST-UNEXPECTED-FAIL | chrome://mochitests/content/browser/browser/base/content/test/browser_locationBarCommand.js | New URL is loaded in new window - Got , expected example.com
philor
https://tbpl.mozilla.org/php/getParsedLog.php?id=24751880&tree=Mozilla-Central
WINNT 6.2 mozilla-central pgo test mochitest-browser-chrome on 2013-06-29 16:28:20
revision: cbb24a4a96af
slave: t-w864-ix-065

16:33:03  WARNING -  TEST-UNEXPECTED-FAIL | chrome://mochitests/content/browser/browser/base/content/test/browser_locationBarCommand.js | New URL is loaded in new window - Got , expected example.com
16:33:58  WARNING -  TEST-UNEXPECTED-FAIL | chrome://mochitests/content/browser/browser/base/content/test/newtab/browser_newtab_bug723121.js | grid is now locked - Got false, expected true
philor
https://tbpl.mozilla.org/php/getParsedLog.php?id=24753774&tree=Mozilla-Inbound
Windows 7 32-bit mozilla-inbound opt test mochitest-browser-chrome on 2013-06-29 19:17:10
revision: 9a57cd3e5a93
slave: t-w732-ix-024

19:21:09  WARNING -  TEST-UNEXPECTED-FAIL | chrome://mochitests/content/browser/browser/base/content/test/browser_locationBarCommand.js | New URL is loaded in new window - Got , expected example.com
philor
https://tbpl.mozilla.org/php/getParsedLog.php?id=24766254&tree=Mozilla-Central
Windows 7 32-bit mozilla-central opt test mochitest-browser-chrome on 2013-06-30 14:58:47
revision: 7965d384123c
slave: t-w732-ix-112

15:03:43  WARNING -  TEST-UNEXPECTED-FAIL | chrome://mochitests/content/browser/browser/base/content/test/browser_locationBarCommand.js | New URL is loaded in new window - Got , expected example.com
KWierso
https://tbpl.mozilla.org/php/getParsedLog.php?id=24774357&tree=Mozilla-Inbound
WINNT 6.2 mozilla-inbound opt test mochitest-browser-chrome on 2013-07-01 00:35:58
revision: 89a5e4356ad1
slave: t-w864-ix-034

00:41:19  WARNING -  TEST-UNEXPECTED-FAIL | chrome://mochitests/content/browser/browser/base/content/test/browser_locationBarCommand.js | New URL is loaded in new window - Got , expected example.com
RyanVM
https://tbpl.mozilla.org/php/getParsedLog.php?id=24706258&tree=Mozilla-Aurora
WINNT 6.2 mozilla-aurora pgo test mochitest-browser-chrome on 2013-06-28 04:18:05
revision: d5940f917a9a
slave: t-w864-ix-077

04:23:18  WARNING -  TEST-UNEXPECTED-FAIL | chrome://mochitests/content/browser/browser/base/content/test/browser_locationBarCommand.js | New URL is loaded in new window - Got , expected example.com
04:39:41  WARNING -  TEST-UNEXPECTED-FAIL | chrome://mochitests/content/browser/browser/devtools/webconsole/test/browser_webconsole_bug_597103_deactivateHUDForContext_unfocused_window.js | uncaught exception - NS_ERROR_FAILURE: Component returned failure code: 0x80004005 (NS_ERROR_FAILURE) [nsIWebProgress.removeProgressListener] at chrome://browser/content/tabbrowser.xml:1761
04:40:10  WARNING -  TEST-UNEXPECTED-FAIL | chrome://mochitests/content/browser/browser/devtools/webconsole/test/browser_webconsole_bug_597103_deactivateHUDForContext_unfocused_window.js | Test timed out
04:40:11  WARNING -  TEST-UNEXPECTED-FAIL | chrome://mochitests/content/browser/browser/devtools/webconsole/test/browser_webconsole_bug_597103_deactivateHUDForContext_unfocused_window.js | Found a browser window after previous test timed out
04:41:38  WARNING -  TEST-UNEXPECTED-FAIL | chrome://mochitests/content/browser/browser/modules/test/browser_taskbar_preview.js | Got the expected number of windows - Got 1, expected 2
RyanVM
https://tbpl.mozilla.org/php/getParsedLog.php?id=24784749&tree=Fx-Team
Windows 7 32-bit fx-team opt test mochitest-browser-chrome on 2013-07-01 07:27:49
revision: 4ffb23062b3b
slave: t-w732-ix-064

07:33:04  WARNING -  TEST-UNEXPECTED-FAIL | chrome://mochitests/content/browser/browser/base/content/test/browser_locationBarCommand.js | New URL is loaded in new window - Got , expected example.com
philor
https://tbpl.mozilla.org/php/getParsedLog.php?id=24757178&tree=Profiling
Windows 7 32-bit profiling opt test mochitest-browser-chrome on 2013-06-29 23:15:49
revision: b096f32bbd86
slave: t-w732-ix-127

23:21:57  WARNING -  TEST-UNEXPECTED-FAIL | chrome://mochitests/content/browser/browser/base/content/test/browser_locationBarCommand.js | New URL is loaded in new window - Got , expected example.com
philor
https://tbpl.mozilla.org/php/getParsedLog.php?id=24758511&tree=Profiling
Windows 7 32-bit profiling pgo test mochitest-browser-chrome on 2013-06-30 03:36:48
revision: b096f32bbd86
slave: t-w732-ix-018

03:41:09  WARNING -  TEST-UNEXPECTED-FAIL | chrome://mochitests/content/browser/browser/base/content/test/browser_locationBarCommand.js | New URL is loaded in new window - Got , expected example.com
ttaubert
https://tbpl.mozilla.org/php/getParsedLog.php?id=24805712&tree=Mozilla-Inbound
Windows 7 32-bit mozilla-inbound opt test mochitest-browser-chrome on 2013-07-01 16:39:17
revision: 95e83b0f7cb2
slave: t-w732-ix-007

16:44:06  WARNING -  TEST-UNEXPECTED-FAIL | chrome://mochitests/content/browser/browser/base/content/test/browser_locationBarCommand.js | New URL is loaded in new window - Got , expected example.com
Gavin, any other ideas? This is still a top-10 intermittent orange.
khuey
https://tbpl.mozilla.org/php/getParsedLog.php?id=24837026&tree=Mozilla-Inbound
Windows 7 32-bit mozilla-inbound opt test mochitest-browser-chrome on 2013-07-02 09:11:48
revision: 5debf3545396
slave: t-w732-ix-082

09:18:33  WARNING -  TEST-UNEXPECTED-FAIL | chrome://mochitests/content/browser/browser/base/content/test/browser_locationBarCommand.js | New URL is loaded in new window - Got , expected example.com
RyanVM
https://tbpl.mozilla.org/php/getParsedLog.php?id=24835930&tree=Try
Windows 7 32-bit try opt test mochitest-browser-chrome on 2013-07-02 08:45:47
revision: 8a12a6136544
slave: t-w732-ix-071

08:51:39  WARNING -  TEST-UNEXPECTED-FAIL | chrome://mochitests/content/browser/browser/base/content/test/browser_locationBarCommand.js | New URL is loaded in new window - Got , expected example.com
philor
https://tbpl.mozilla.org/php/getParsedLog.php?id=24851011&tree=Mozilla-Inbound
WINNT 6.2 mozilla-inbound pgo test mochitest-browser-chrome on 2013-07-02 14:46:31
revision: 1e575c695425
slave: t-w864-ix-007

14:52:04  WARNING -  TEST-UNEXPECTED-FAIL | chrome://mochitests/content/browser/browser/base/content/test/browser_locationBarCommand.js | New URL is loaded in new window - Got , expected example.com
14:52:59  WARNING -  TEST-UNEXPECTED-FAIL | chrome://mochitests/content/browser/browser/base/content/test/newtab/browser_newtab_bug723121.js | grid is now locked - Got false, expected true
philor
https://tbpl.mozilla.org/php/getParsedLog.php?id=24850391&tree=Birch
Rev5 MacOSX Mountain Lion 10.8 birch opt test mochitest-browser-chrome on 2013-07-02 14:30:34
revision: 17604d79ce50
slave: talos-mtnlion-r5-041

14:37:52  WARNING -  TEST-UNEXPECTED-FAIL | chrome://mochitests/content/browser/browser/base/content/test/browser_locationBarCommand.js | New URL is loaded in new window - Got , expected example.com
philor
https://tbpl.mozilla.org/php/getParsedLog.php?id=24851154&tree=Birch
WINNT 6.2 birch pgo test mochitest-browser-chrome on 2013-07-02 14:51:28
revision: 10c7e5bfd4fc
slave: t-w864-ix-107

14:56:37  WARNING -  TEST-UNEXPECTED-FAIL | chrome://mochitests/content/browser/browser/base/content/test/browser_locationBarCommand.js | New URL is loaded in new window - Got , expected example.com
14:57:31  WARNING -  TEST-UNEXPECTED-FAIL | chrome://mochitests/content/browser/browser/base/content/test/newtab/browser_newtab_bug723121.js | grid is now locked - Got false, expected true
KWierso
https://tbpl.mozilla.org/php/getParsedLog.php?id=24873573&tree=Mozilla-Inbound
Windows 7 32-bit mozilla-inbound opt test mochitest-browser-chrome on 2013-07-02 23:50:48
revision: dbcfcb1b68e4
slave: t-w732-ix-048

23:55:13  WARNING -  TEST-UNEXPECTED-FAIL | chrome://mochitests/content/browser/browser/base/content/test/browser_locationBarCommand.js | New URL is loaded in new window - Got , expected example.com
Gijs
https://tbpl.mozilla.org/php/getParsedLog.php?id=24880050&tree=UX
WINNT 6.2 ux opt test mochitest-browser-chrome on 2013-07-03 03:45:34
revision: 0b667de52fa4
slave: t-w864-ix-105

03:51:06  WARNING -  TEST-UNEXPECTED-FAIL | chrome://mochitests/content/browser/browser/base/content/test/browser_locationBarCommand.js | New URL is loaded in new window - Got , expected example.com
I haven't had time to look in depth, so I took another stab in the dark. Perhaps we can't rely on the location bar being updated immediately after pageshow for some reason, so let's wait for another spin of the event loop:

https://hg.mozilla.org/integration/mozilla-inbound/rev/56a63eee73b4
RyanVM
https://tbpl.mozilla.org/php/getParsedLog.php?id=24897804&tree=Mozilla-Inbound
Windows 7 32-bit mozilla-inbound opt test mochitest-browser-chrome on 2013-07-03 11:31:45
revision: a1ac79e6ba29
slave: t-w732-ix-063

11:36:55  WARNING -  TEST-UNEXPECTED-FAIL | chrome://mochitests/content/browser/browser/base/content/test/browser_locationBarCommand.js | New URL is loaded in new window - Got , expected example.com
RyanVM
https://tbpl.mozilla.org/php/getParsedLog.php?id=24902225&tree=Mozilla-Inbound
Windows 7 32-bit mozilla-inbound opt test mochitest-browser-chrome on 2013-07-03 12:59:30
revision: 9a62d56be0bc
slave: t-w732-ix-129

13:05:41  WARNING -  TEST-UNEXPECTED-FAIL | chrome://mochitests/content/browser/browser/base/content/test/browser_locationBarCommand.js | New URL is loaded in new window - Got , expected example.com
kats
https://tbpl.mozilla.org/php/getParsedLog.php?id=24899929&tree=Try
Windows 7 32-bit try opt test mochitest-browser-chrome on 2013-07-03 12:19:22
revision: dc281c2e3c59
slave: t-w732-ix-099

12:24:33  WARNING -  TEST-UNEXPECTED-FAIL | chrome://mochitests/content/browser/browser/base/content/test/browser_locationBarCommand.js | New URL is loaded in new window - Got , expected example.com
KWierso
https://tbpl.mozilla.org/php/getParsedLog.php?id=24903592&tree=Mozilla-Inbound
Windows 7 32-bit mozilla-inbound opt test mochitest-browser-chrome on 2013-07-03 13:30:41
revision: 42800e239ff0
slave: t-w732-ix-124

13:35:19  WARNING -  TEST-UNEXPECTED-FAIL | chrome://mochitests/content/browser/browser/base/content/test/browser_locationBarCommand.js | New URL is loaded in new window - Got , expected example.com
philor
https://tbpl.mozilla.org/php/getParsedLog.php?id=24910382&tree=Mozilla-Inbound
Windows 7 32-bit mozilla-inbound opt test mochitest-browser-chrome on 2013-07-03 15:43:40
revision: 10fe968adfa7
slave: t-w732-ix-088

15:48:11  WARNING -  TEST-UNEXPECTED-FAIL | chrome://mochitests/content/browser/browser/base/content/test/browser_locationBarCommand.js | New URL is loaded in new window - Got , expected example.com
RyanVM
https://tbpl.mozilla.org/php/getParsedLog.php?id=24905062&tree=Mozilla-Aurora
Rev5 MacOSX Mountain Lion 10.8 mozilla-aurora opt test mochitest-browser-chrome on 2013-07-03 14:01:15
revision: a6723694edbb
slave: talos-mtnlion-r5-048

14:04:56  WARNING -  TEST-UNEXPECTED-FAIL | chrome://mochitests/content/browser/browser/base/content/test/browser_locationBarCommand.js | New URL is loaded in new window - Got , expected example.com
KWierso
https://tbpl.mozilla.org/php/getParsedLog.php?id=24920887&tree=Mozilla-Inbound
Windows 7 32-bit mozilla-inbound opt test mochitest-browser-chrome on 2013-07-03 19:51:01
revision: 5e815a5ca50d
slave: t-w732-ix-079

19:54:52  WARNING -  TEST-UNEXPECTED-FAIL | chrome://mochitests/content/browser/browser/base/content/test/browser_locationBarCommand.js | New URL is loaded in new window - Got , expected example.com
Tomcat
https://tbpl.mozilla.org/php/getParsedLog.php?id=24926813&tree=Mozilla-Inbound
Windows 7 32-bit mozilla-inbound opt test mochitest-browser-chrome on 2013-07-04 00:22:55
revision: 39c322f034cc
slave: t-w732-ix-108

00:27:50  WARNING -  TEST-UNEXPECTED-FAIL | chrome://mochitests/content/browser/browser/base/content/test/browser_locationBarCommand.js | New URL is loaded in new window - Got , expected example.com
bugs%pettay.fi
https://tbpl.mozilla.org/php/getParsedLog.php?id=24937727&tree=Try
Windows 7 32-bit try opt test mochitest-browser-chrome on 2013-07-04 08:08:18
revision: 72d943beb920
slave: t-w732-ix-107

08:11:56  WARNING -  TEST-UNEXPECTED-FAIL | chrome://mochitests/content/browser/browser/base/content/test/browser_locationBarCommand.js | New URL is loaded in new window - Got , expected example.com
ehsan
https://tbpl.mozilla.org/php/getParsedLog.php?id=24939048&tree=Mozilla-Inbound
Windows 7 32-bit mozilla-inbound opt test mochitest-browser-chrome on 2013-07-04 08:33:57
revision: b257784cdfdb
slave: t-w732-ix-110

08:39:08  WARNING -  TEST-UNEXPECTED-FAIL | chrome://mochitests/content/browser/browser/base/content/test/browser_locationBarCommand.js | New URL is loaded in new window - Got , expected example.com
https://hg.mozilla.org/mozilla-central/rev/56a63eee73b4
(In reply to TinderboxPushlog Robot from comment #111)
> ehsan
> https://tbpl.mozilla.org/php/getParsedLog.php?id=24939048&tree=Mozilla-
> Inbound
> Windows 7 32-bit mozilla-inbound opt test mochitest-browser-chrome on
> 2013-07-04 08:33:57
> revision: b257784cdfdb

Suggests this didn't work...
ehsan
https://tbpl.mozilla.org/php/getParsedLog.php?id=24942938&tree=Mozilla-Inbound
Windows 7 32-bit mozilla-inbound pgo test mochitest-browser-chrome on 2013-07-04 10:31:54
revision: bc99f68f8946
slave: t-w732-ix-015

10:37:33  WARNING -  TEST-UNEXPECTED-FAIL | chrome://mochitests/content/browser/browser/base/content/test/browser_locationBarCommand.js | New URL is loaded in new window - Got , expected example.com
10:38:29  WARNING -  TEST-UNEXPECTED-FAIL | chrome://mochitests/content/browser/browser/base/content/test/newtab/browser_newtab_bug723121.js | grid is now locked - Got false, expected true
philor
https://tbpl.mozilla.org/php/getParsedLog.php?id=24959220&tree=Mozilla-Inbound
WINNT 6.2 mozilla-inbound opt test mochitest-browser-chrome on 2013-07-04 19:16:06
revision: e0010026c9e5
slave: t-w864-ix-114

19:20:56  WARNING -  TEST-UNEXPECTED-FAIL | chrome://mochitests/content/browser/browser/base/content/test/browser_locationBarCommand.js | New URL is loaded in new window - Got , expected example.com
philor
https://tbpl.mozilla.org/php/getParsedLog.php?id=24984392&tree=Mozilla-Inbound
WINNT 6.2 mozilla-inbound opt test mochitest-browser-chrome on 2013-07-06 06:59:04
revision: 377bb82be13a
slave: t-w864-ix-121

07:04:54  WARNING -  TEST-UNEXPECTED-FAIL | chrome://mochitests/content/browser/browser/base/content/test/browser_locationBarCommand.js | New URL is loaded in new window - Got , expected example.com
RyanVM
https://tbpl.mozilla.org/php/getParsedLog.php?id=25003358&tree=Mozilla-Inbound
Windows 7 32-bit mozilla-inbound opt test mochitest-browser-chrome on 2013-07-07 19:56:00
revision: e5d26a0da6e9
slave: t-w732-ix-063

20:00:47  WARNING -  TEST-UNEXPECTED-FAIL | chrome://mochitests/content/browser/browser/base/content/test/browser_locationBarCommand.js | New URL is loaded in new window - Got , expected example.com
edmorley
https://tbpl.mozilla.org/php/getParsedLog.php?id=25010141&tree=Mozilla-Inbound
Windows 7 32-bit mozilla-inbound opt test mochitest-browser-chrome on 2013-07-08 03:27:04
revision: a8a3eab7f3a5
slave: t-w732-ix-098

03:31:23  WARNING -  TEST-UNEXPECTED-FAIL | chrome://mochitests/content/browser/browser/base/content/test/browser_locationBarCommand.js | New URL is loaded in new window - Got , expected example.com
Gijs
https://tbpl.mozilla.org/php/getParsedLog.php?id=25024781&tree=UX
Rev5 MacOSX Mountain Lion 10.8 ux opt test mochitest-browser-chrome on 2013-07-08 10:25:22
revision: 34c0f40827de
slave: talos-mtnlion-r5-046

10:29:54  WARNING -  TEST-UNEXPECTED-FAIL | chrome://mochitests/content/browser/browser/base/content/test/browser_locationBarCommand.js | New URL is loaded in new window - Got , expected example.com
philor
https://tbpl.mozilla.org/php/getParsedLog.php?id=25049010&tree=Mozilla-Inbound
Windows 7 32-bit mozilla-inbound opt test mochitest-browser-chrome on 2013-07-08 21:06:56
revision: ee3c65806ad5
slave: t-w732-ix-042

21:12:34  WARNING -  TEST-UNEXPECTED-FAIL | chrome://mochitests/content/browser/browser/base/content/test/browser_locationBarCommand.js | New URL is loaded in new window - Got , expected example.com
froydnj
https://tbpl.mozilla.org/php/getParsedLog.php?id=25068025&tree=Mozilla-Inbound
Windows 7 32-bit mozilla-inbound opt test mochitest-browser-chrome on 2013-07-09 07:18:54
revision: 6fe449ecd692
slave: t-w732-ix-123

07:23:03  WARNING -  TEST-UNEXPECTED-FAIL | chrome://mochitests/content/browser/browser/base/content/test/browser_locationBarCommand.js | New URL is loaded in new window - Got , expected example.com
RyanVM
https://tbpl.mozilla.org/php/getParsedLog.php?id=25076608&tree=Mozilla-Inbound
Windows 7 32-bit mozilla-inbound opt test mochitest-browser-chrome on 2013-07-09 10:30:31
revision: 40644f9ee83e
slave: t-w732-ix-077

10:34:59  WARNING -  TEST-UNEXPECTED-FAIL | chrome://mochitests/content/browser/browser/base/content/test/browser_locationBarCommand.js | New URL is loaded in new window - Got , expected example.com
RyanVM
https://tbpl.mozilla.org/php/getParsedLog.php?id=25079996&tree=Mozilla-Inbound
Windows 7 32-bit mozilla-inbound opt test mochitest-browser-chrome on 2013-07-09 11:38:16
revision: 1769cad800db
slave: t-w732-ix-089

11:43:33  WARNING -  TEST-UNEXPECTED-FAIL | chrome://mochitests/content/browser/browser/base/content/test/browser_locationBarCommand.js | New URL is loaded in new window - Got , expected example.com
RyanVM
https://tbpl.mozilla.org/php/getParsedLog.php?id=25084760&tree=Mozilla-Aurora
WINNT 6.2 mozilla-aurora pgo test mochitest-browser-chrome on 2013-07-09 13:30:01
revision: 5f5646dc9d94
slave: t-w864-ix-011

13:35:28  WARNING -  TEST-UNEXPECTED-FAIL | chrome://mochitests/content/browser/browser/base/content/test/browser_locationBarCommand.js | New URL is loaded in new window - Got , expected example.com
philor
https://tbpl.mozilla.org/php/getParsedLog.php?id=25087739&tree=Mozilla-Inbound
Windows 7 32-bit mozilla-inbound opt test mochitest-browser-chrome on 2013-07-09 14:40:13
revision: 87c9b076fb72
slave: t-w732-ix-113

14:44:46  WARNING -  TEST-UNEXPECTED-FAIL | chrome://mochitests/content/browser/browser/base/content/test/browser_locationBarCommand.js | New URL is loaded in new window - Got , expected example.com
philor
https://tbpl.mozilla.org/php/getParsedLog.php?id=25089317&tree=Mozilla-Inbound
Windows 7 32-bit mozilla-inbound opt test mochitest-browser-chrome on 2013-07-09 15:09:25
revision: b5af330b0bd0
slave: t-w732-ix-032

15:13:50  WARNING -  TEST-UNEXPECTED-FAIL | chrome://mochitests/content/browser/browser/base/content/test/browser_locationBarCommand.js | New URL is loaded in new window - Got , expected example.com
KWierso
https://tbpl.mozilla.org/php/getParsedLog.php?id=25090318&tree=Mozilla-Central
WINNT 6.2 mozilla-central pgo test mochitest-browser-chrome on 2013-07-09 15:27:00
revision: 04d8c309fe72
slave: t-w864-ix-056

15:31:33  WARNING -  TEST-UNEXPECTED-FAIL | chrome://mochitests/content/browser/browser/base/content/test/browser_locationBarCommand.js | New URL is loaded in new window - Got , expected example.com
edmorley
https://tbpl.mozilla.org/php/getParsedLog.php?id=25093182&tree=Mozilla-Aurora
Windows 7 32-bit mozilla-aurora pgo test mochitest-browser-chrome on 2013-07-09 16:22:31
revision: f257dd1c65ca
slave: t-w732-ix-102

16:27:00  WARNING -  TEST-UNEXPECTED-FAIL | chrome://mochitests/content/browser/browser/base/content/test/browser_locationBarCommand.js | New URL is loaded in new window - Got , expected example.com
16:39:20  WARNING -  TEST-UNEXPECTED-FAIL | chrome://mochitests/content/browser/browser/devtools/responsivedesign/test/browser_responsiveui.js | Test timed out
16:39:20  WARNING -  TEST-UNEXPECTED-FAIL | chrome://mochitests/content/browser/browser/devtools/responsivedesign/test/browser_responsiveui.js | Found a tab after previous test timed out: data:text/html,mop
philor
https://tbpl.mozilla.org/php/getParsedLog.php?id=25141365&tree=Build-System
Windows 7 32-bit build-system opt test mochitest-browser-chrome on 2013-07-10 14:00:46
revision: dde4dcd6fa46
slave: t-w732-ix-101

14:05:58  WARNING -  TEST-UNEXPECTED-FAIL | chrome://mochitests/content/browser/browser/base/content/test/browser_locationBarCommand.js | New URL is loaded in new window - Got , expected example.com
KWierso
https://tbpl.mozilla.org/php/getParsedLog.php?id=25148933&tree=Mozilla-Inbound
Windows 7 32-bit mozilla-inbound opt test mochitest-browser-chrome on 2013-07-10 17:20:53
revision: 365723243b79
slave: t-w732-ix-026

17:25:36  WARNING -  TEST-UNEXPECTED-FAIL | chrome://mochitests/content/browser/browser/base/content/test/browser_locationBarCommand.js | New URL is loaded in new window - Got , expected example.com
philor
https://tbpl.mozilla.org/php/getParsedLog.php?id=25148933&tree=Mozilla-Inbound
Windows 7 32-bit mozilla-inbound opt test mochitest-browser-chrome on 2013-07-10 17:20:53
revision: 365723243b79
slave: t-w732-ix-026

17:25:36  WARNING -  TEST-UNEXPECTED-FAIL | chrome://mochitests/content/browser/browser/base/content/test/browser_locationBarCommand.js | New URL is loaded in new window - Got , expected example.com
philor
https://tbpl.mozilla.org/php/getParsedLog.php?id=25157488&tree=Mozilla-Inbound
Windows 7 32-bit mozilla-inbound opt test mochitest-browser-chrome on 2013-07-10 21:47:47
revision: e166f90a128f
slave: t-w732-ix-085

21:52:35  WARNING -  TEST-UNEXPECTED-FAIL | chrome://mochitests/content/browser/browser/base/content/test/browser_locationBarCommand.js | New URL is loaded in new window - Got , expected example.com
Tomcat
https://tbpl.mozilla.org/php/getParsedLog.php?id=25157488&tree=Mozilla-Inbound
Windows 7 32-bit mozilla-inbound opt test mochitest-browser-chrome on 2013-07-10 21:47:47
revision: e166f90a128f
slave: t-w732-ix-085

21:52:35  WARNING -  TEST-UNEXPECTED-FAIL | chrome://mochitests/content/browser/browser/base/content/test/browser_locationBarCommand.js | New URL is loaded in new window - Got , expected example.com
edmorley
https://tbpl.mozilla.org/php/getParsedLog.php?id=25166007&tree=Mozilla-Central
WINNT 6.2 mozilla-central opt test mochitest-browser-chrome on 2013-07-11 03:55:19
revision: c0e5481972eb
slave: t-w864-ix-098

04:00:20  WARNING -  TEST-UNEXPECTED-FAIL | chrome://mochitests/content/browser/browser/base/content/test/browser_locationBarCommand.js | New URL is loaded in new window - Got , expected example.com
RyanVM
https://tbpl.mozilla.org/php/getParsedLog.php?id=25175345&tree=Mozilla-Inbound
Windows 7 32-bit mozilla-inbound opt test mochitest-browser-chrome on 2013-07-11 09:14:54
revision: 9eaf6916e120
slave: t-w732-ix-032

09:20:09  WARNING -  TEST-UNEXPECTED-FAIL | chrome://mochitests/content/browser/browser/base/content/test/browser_locationBarCommand.js | New URL is loaded in new window - Got , expected example.com
philor
https://tbpl.mozilla.org/php/getParsedLog.php?id=25194310&tree=Mozilla-Inbound
Windows 7 32-bit mozilla-inbound opt test mochitest-browser-chrome on 2013-07-11 16:13:10
revision: e080b87c18a5
slave: t-w732-ix-034

16:16:41  WARNING -  TEST-UNEXPECTED-FAIL | chrome://mochitests/content/browser/browser/base/content/test/browser_locationBarCommand.js | New URL is loaded in new window - Got , expected example.com
KWierso
https://tbpl.mozilla.org/php/getParsedLog.php?id=25200212&tree=Mozilla-Inbound
WINNT 6.2 mozilla-inbound pgo test mochitest-browser-chrome on 2013-07-11 18:50:57
revision: 0de26cfc54bd
slave: t-w864-ix-077

18:55:43  WARNING -  TEST-UNEXPECTED-FAIL | chrome://mochitests/content/browser/browser/base/content/test/browser_locationBarCommand.js | New URL is loaded in new window - Got , expected example.com
ttaubert
https://tbpl.mozilla.org/php/getParsedLog.php?id=25197954&tree=Try
Windows 7 32-bit try opt test mochitest-browser-chrome on 2013-07-11 17:33:04
revision: 355dd4e7d8ec
slave: t-w732-ix-091

17:37:27  WARNING -  TEST-UNEXPECTED-FAIL | chrome://mochitests/content/browser/browser/base/content/test/browser_locationBarCommand.js | New URL is loaded in new window - Got , expected example.com
edmorley
https://tbpl.mozilla.org/php/getParsedLog.php?id=25209712&tree=Birch
WINNT 6.2 birch pgo test mochitest-browser-chrome on 2013-07-12 00:27:02
revision: 41d7accd6362
slave: t-w864-ix-102

00:30:24  WARNING -  TEST-UNEXPECTED-FAIL | chrome://mochitests/content/browser/browser/base/content/test/browser_aboutHome.js | uncaught exception - UnknownError at chrome://browser/content/abouthome/aboutHome.js:219
00:31:25  WARNING -  TEST-UNEXPECTED-FAIL | chrome://mochitests/content/browser/browser/base/content/test/browser_locationBarCommand.js | New URL is loaded in new window - Got , expected example.com
Tomcat
https://tbpl.mozilla.org/php/getParsedLog.php?id=25212788&tree=Mozilla-Central
WINNT 6.2 mozilla-central pgo test mochitest-browser-chrome on 2013-07-12 02:35:02
revision: b44898282f21
slave: t-w864-ix-068

02:40:05  WARNING -  TEST-UNEXPECTED-FAIL | chrome://mochitests/content/browser/browser/base/content/test/browser_locationBarCommand.js | New URL is loaded in new window - Got , expected example.com
Gijs
https://tbpl.mozilla.org/php/getParsedLog.php?id=25214751&tree=UX
Windows 7 32-bit ux opt test mochitest-browser-chrome on 2013-07-12 04:06:58
revision: 4136556fa252
slave: t-w732-ix-099

04:11:09  WARNING -  TEST-UNEXPECTED-FAIL | chrome://mochitests/content/browser/browser/base/content/test/browser_locationBarCommand.js | New URL is loaded in new window - Got , expected example.com
RyanVM
https://tbpl.mozilla.org/php/getParsedLog.php?id=25218175&tree=Mozilla-Inbound
WINNT 6.2 mozilla-inbound pgo test mochitest-browser-chrome on 2013-07-12 06:28:19
revision: 216b74874ef0
slave: t-w864-ix-088

06:33:42  WARNING -  TEST-UNEXPECTED-FAIL | chrome://mochitests/content/browser/browser/base/content/test/browser_locationBarCommand.js | New URL is loaded in new window - Got , expected example.com
RyanVM
https://tbpl.mozilla.org/php/getParsedLog.php?id=25241510&tree=Mozilla-Central
WINNT 6.2 mozilla-central pgo test mochitest-browser-chrome on 2013-07-12 15:34:03
revision: f2d3b5149d3a
slave: t-w864-ix-116

15:38:31  WARNING -  TEST-UNEXPECTED-FAIL | chrome://mochitests/content/browser/browser/base/content/test/browser_locationBarCommand.js | New URL is loaded in new window - Got , expected example.com
philor
https://tbpl.mozilla.org/php/getParsedLog.php?id=25261143&tree=Mozilla-Inbound
WINNT 6.2 mozilla-inbound pgo test mochitest-browser-chrome on 2013-07-13 05:21:58
revision: f4f2e5c32dc2
slave: t-w864-ix-006

05:26:32  WARNING -  TEST-UNEXPECTED-FAIL | chrome://mochitests/content/browser/browser/base/content/test/browser_locationBarCommand.js | New URL is loaded in new window - Got , expected example.com
philor
https://tbpl.mozilla.org/php/getParsedLog.php?id=25268330&tree=Mozilla-Inbound
Windows 7 32-bit mozilla-inbound opt test mochitest-browser-chrome on 2013-07-13 19:30:51
revision: 757e87bb1c1e
slave: t-w732-ix-085

19:35:36  WARNING -  TEST-UNEXPECTED-FAIL | chrome://mochitests/content/browser/browser/base/content/test/browser_locationBarCommand.js | New URL is loaded in new window - Got , expected example.com
edmorley
https://tbpl.mozilla.org/php/getParsedLog.php?id=25324907&tree=Mozilla-Central
Ubuntu VM 12.04 x64 mozilla-central pgo test mochitest-browser-chrome on 2013-07-16 06:19:19
revision: 5976b9c673f8
slave: tst-linux64-ec2-368

06:23:13  WARNING -  TEST-UNEXPECTED-FAIL | chrome://mochitests/content/browser/browser/base/content/test/browser_locationBarCommand.js | Content window should be focused - Got null, expected [object XrayWrapper [object Window]]
06:23:14  WARNING -  TEST-UNEXPECTED-FAIL | chrome://mochitests/content/browser/browser/base/content/test/browser_locationBarCommand.js | Content window should be focused - Got null, expected [object XrayWrapper [object Window]]
06:23:14  WARNING -  TEST-UNEXPECTED-FAIL | chrome://mochitests/content/browser/browser/base/content/test/browser_locationBarCommand.js | New URL was loaded in a new tab - Didn't expect [object XULElement], but got it
06:23:51  WARNING -  TEST-UNEXPECTED-FAIL | chrome://mochitests/content/browser/browser/base/content/test/browser_tab_dragdrop.js | adding 1 more click on BODY - Got undefined, expected NaN
06:34:31  WARNING -  TEST-UNEXPECTED-FAIL | chrome://mochitests/content/browser/browser/devtools/debugger/test/browser_dbg_bug883220_raise_on_pause.js | Test timed out
06:34:35  WARNING -  TEST-UNEXPECTED-FAIL | chrome://mochitests/content/browser/browser/devtools/debugger/test/browser_dbg_bug883220_raise_on_pause.js | uncaught exception - ReferenceError: info is not defined at chrome://mochitests/content/browser/browser/devtools/debugger/test/browser_dbg_bug883220_raise_on_pause.js:46
RyanVM
https://tbpl.mozilla.org/php/getParsedLog.php?id=25333849&tree=Mozilla-Inbound
WINNT 6.2 mozilla-inbound pgo test mochitest-browser-chrome on 2013-07-16 09:43:45
revision: e8bf739addfa
slave: t-w864-ix-052

09:47:12    ERROR - Return code: 1
09:47:12    ERROR - Return code: 1
09:48:41  WARNING -  TEST-UNEXPECTED-FAIL | chrome://mochitests/content/browser/browser/base/content/test/browser_locationBarCommand.js | New URL is loaded in new window - Got , expected example.com
RyanVM
https://tbpl.mozilla.org/php/getParsedLog.php?id=25345227&tree=Fx-Team
Windows 7 32-bit fx-team opt test mochitest-browser-chrome on 2013-07-16 13:51:57
revision: 27272cf3e1c5
slave: t-w732-ix-105

13:55:04    ERROR - Return code: 1
13:55:05    ERROR - Return code: 1
13:56:26  WARNING -  TEST-UNEXPECTED-FAIL | chrome://mochitests/content/browser/browser/base/content/test/browser_locationBarCommand.js | New URL is loaded in new window - Got , expected example.com
RyanVM
https://tbpl.mozilla.org/php/getParsedLog.php?id=25346002&tree=Mozilla-Inbound
Windows 7 32-bit mozilla-inbound opt test mochitest-browser-chrome on 2013-07-16 14:04:04
revision: 8bbd27688a89
slave: t-w732-ix-053

14:08:25    ERROR - Return code: 1
14:08:26    ERROR - Return code: 1
14:09:48  WARNING -  TEST-UNEXPECTED-FAIL | chrome://mochitests/content/browser/browser/base/content/test/browser_locationBarCommand.js | New URL is loaded in new window - Got , expected example.com
RyanVM
https://tbpl.mozilla.org/php/getParsedLog.php?id=25353704&tree=Mozilla-Aurora
WINNT 6.2 mozilla-aurora pgo test mochitest-browser-chrome on 2013-07-16 16:56:31
revision: 5936c6a4b298
slave: t-w864-ix-083

16:59:27    ERROR - Return code: 1
16:59:28    ERROR - Return code: 1
17:00:54  WARNING -  TEST-UNEXPECTED-FAIL | chrome://mochitests/content/browser/browser/base/content/test/browser_locationBarCommand.js | New URL is loaded in new window - Got , expected example.com
edmorley
https://tbpl.mozilla.org/php/getParsedLog.php?id=25363570&tree=Mozilla-Central
Windows 7 32-bit mozilla-central pgo test mochitest-browser-chrome on 2013-07-16 21:24:15
revision: 0888e29c83a3
slave: t-w732-ix-039

21:27:42    ERROR - Return code: 1
21:27:43    ERROR - Return code: 1
21:29:06  WARNING -  TEST-UNEXPECTED-FAIL | chrome://mochitests/content/browser/browser/base/content/test/browser_locationBarCommand.js | New URL is loaded in new window - Got , expected example.com
edmorley
https://tbpl.mozilla.org/php/getParsedLog.php?id=25367435&tree=Profiling
Windows 7 32-bit profiling opt test mochitest-browser-chrome on 2013-07-16 23:13:24
revision: 95f6e0179a46
slave: t-w732-ix-002

23:15:57    ERROR - Return code: 1
23:15:58    ERROR - Return code: 1
23:17:37  WARNING -  TEST-UNEXPECTED-FAIL | chrome://mochitests/content/browser/browser/base/content/test/browser_locationBarCommand.js | New URL is loaded in new window - Got , expected example.com
RyanVM
https://tbpl.mozilla.org/php/getParsedLog.php?id=25373025&tree=Fx-Team
WINNT 6.2 fx-team pgo test mochitest-browser-chrome on 2013-07-17 03:41:20
revision: 89db54075df6
slave: t-w864-ix-003

03:44:08    ERROR - Return code: 1
03:44:09    ERROR - Return code: 1
03:46:02  WARNING -  TEST-UNEXPECTED-FAIL | chrome://mochitests/content/browser/browser/base/content/test/browser_locationBarCommand.js | New URL is loaded in new window - Got , expected example.com
KWierso
https://tbpl.mozilla.org/php/getParsedLog.php?id=25399875&tree=Mozilla-Inbound
WINNT 6.2 mozilla-inbound pgo test mochitest-browser-chrome on 2013-07-17 15:06:04
revision: 4563eddf5b97
slave: t-w864-ix-050

15:08:52    ERROR - Return code: 1
15:08:53    ERROR - Return code: 1
15:10:38  WARNING -  TEST-UNEXPECTED-FAIL | chrome://mochitests/content/browser/browser/base/content/test/browser_locationBarCommand.js | New URL is loaded in new window - Got , expected example.com
KWierso
https://tbpl.mozilla.org/php/getParsedLog.php?id=25401973&tree=Mozilla-Inbound
Windows 7 32-bit mozilla-inbound opt test mochitest-browser-chrome on 2013-07-17 16:01:01
revision: ff75b1f352e9
slave: t-w732-ix-054

16:03:40    ERROR - Return code: 1
16:03:41    ERROR - Return code: 1
16:05:06  WARNING -  TEST-UNEXPECTED-FAIL | chrome://mochitests/content/browser/browser/base/content/test/browser_locationBarCommand.js | New URL is loaded in new window - Got , expected example.com
16:13:52  WARNING -  TEST-UNEXPECTED-FAIL | chrome://mochitests/content/browser/browser/devtools/debugger/test/browser_dbg_bug723069_editor-breakpoints.js | The correct script is selected - Didn't expect http://example.com/browser/browser/devtools/debugger/test/test-script-switching-02.js, but got it
16:13:52  WARNING -  TEST-UNEXPECTED-FAIL | chrome://mochitests/content/browser/browser/devtools/debugger/test/browser_dbg_bug723069_editor-breakpoints.js | first script location is not the currently selected script - Didn't expect http://example.com/browser/browser/devtools/debugger/test/test-script-switching-02.js, but got it
16:13:52  WARNING -  TEST-UNEXPECTED-FAIL | chrome://mochitests/content/browser/browser/devtools/debugger/test/browser_dbg_bug723069_editor-breakpoints.js | breakpoint2 must not be added to the editor
16:13:52  WARNING -  TEST-UNEXPECTED-FAIL | chrome://mochitests/content/browser/browser/devtools/debugger/test/browser_dbg_bug723069_editor-breakpoints.js | breakpoint2 client line is correct - Got 6, expected 5
16:13:52  WARNING -  TEST-UNEXPECTED-FAIL | chrome://mochitests/content/browser/browser/devtools/debugger/test/browser_dbg_bug723069_editor-breakpoints.js | getBreakpoint(locations[0], 5) returns the correct breakpoint - Got null, expected [object Object]
16:13:52  WARNING -  TEST-UNEXPECTED-FAIL | chrome://mochitests/content/browser/browser/devtools/debugger/test/browser_dbg_bug723069_editor-breakpoints.js | no breakpoint was added to the editor - Got 1, expected 0
16:13:52  WARNING -  TEST-UNEXPECTED-FAIL | chrome://mochitests/content/browser/browser/devtools/debugger/test/browser_dbg_bug723069_editor-breakpoints.js | one breakpoint was removed from the editor - Got 0, expected 1
16:14:21  WARNING -  TEST-UNEXPECTED-FAIL | chrome://mochitests/content/browser/browser/devtools/debugger/test/browser_dbg_bug723069_editor-breakpoints.js | Test timed out
16:14:21  WARNING -  TEST-UNEXPECTED-FAIL | chrome://mochitests/content/browser/browser/devtools/debugger/test/browser_dbg_bug723069_editor-breakpoints.js | correct number of editor breakpoint changes - Got 5, expected 4
RyanVM
https://tbpl.mozilla.org/php/getParsedLog.php?id=25400776&tree=Fx-Team
WINNT 6.2 fx-team pgo test mochitest-browser-chrome on 2013-07-17 15:28:39
revision: 01905185e9c0
slave: t-w864-ix-079

15:31:44    ERROR - Return code: 1
15:31:45    ERROR - Return code: 1
15:33:09  WARNING -  TEST-UNEXPECTED-FAIL | chrome://mochitests/content/browser/browser/base/content/test/browser_locationBarCommand.js | New URL is loaded in new window - Got , expected example.com
edmorley
https://tbpl.mozilla.org/php/getParsedLog.php?id=25423823&tree=Mozilla-Central
Windows 7 32-bit mozilla-central opt test mochitest-browser-chrome on 2013-07-18 02:27:06
revision: 625e6c220d30
slave: t-w732-ix-093

02:30:42    ERROR - Return code: 1
02:30:43    ERROR - Return code: 1
02:32:05  WARNING -  TEST-UNEXPECTED-FAIL | chrome://mochitests/content/browser/browser/base/content/test/browser_locationBarCommand.js | New URL is loaded in new window - Got , expected example.com
edmorley
https://tbpl.mozilla.org/php/getParsedLog.php?id=25423878&tree=Mozilla-Inbound
WINNT 6.2 mozilla-inbound opt test mochitest-browser-chrome on 2013-07-18 02:24:17
revision: 4b8440ab6597
slave: t-w864-ix-079

02:27:19    ERROR - Return code: 1
02:27:20    ERROR - Return code: 1
02:29:13  WARNING -  TEST-UNEXPECTED-FAIL | chrome://mochitests/content/browser/browser/base/content/test/browser_locationBarCommand.js | New URL is loaded in new window - Got , expected example.com
edmorley
https://tbpl.mozilla.org/php/getParsedLog.php?id=25426759&tree=Mozilla-Inbound
Windows 7 32-bit mozilla-inbound pgo test mochitest-browser-chrome on 2013-07-18 03:25:00
revision: d07610709b5d
slave: t-w732-ix-106

03:28:20    ERROR - Return code: 1
03:28:21    ERROR - Return code: 1
03:29:37  WARNING -  TEST-UNEXPECTED-FAIL | chrome://mochitests/content/browser/browser/base/content/test/browser_locationBarCommand.js | New URL is loaded in new window - Got , expected example.com
RyanVM
https://tbpl.mozilla.org/php/getParsedLog.php?id=25429085&tree=Mozilla-Aurora
WINNT 6.2 mozilla-aurora pgo test mochitest-browser-chrome on 2013-07-18 04:28:23
revision: 668caad64c7a
slave: t-w864-ix-101

04:30:59    ERROR - Return code: 1
04:31:00    ERROR - Return code: 1
04:32:38  WARNING -  TEST-UNEXPECTED-FAIL | chrome://mochitests/content/browser/browser/base/content/test/browser_locationBarCommand.js | New URL is loaded in new window - Got , expected example.com
RyanVM
https://tbpl.mozilla.org/php/getParsedLog.php?id=25436853&tree=Mozilla-Inbound
Windows 7 32-bit mozilla-inbound opt test mochitest-browser-chrome on 2013-07-18 08:19:00
revision: 0f7bf77ccafb
slave: t-w732-ix-037

08:23:04    ERROR - Return code: 1
08:23:06    ERROR - Return code: 1
08:24:31  WARNING -  TEST-UNEXPECTED-FAIL | chrome://mochitests/content/browser/browser/base/content/test/browser_locationBarCommand.js | New URL is loaded in new window - Got , expected example.com
RyanVM
https://tbpl.mozilla.org/php/getParsedLog.php?id=25437338&tree=Mozilla-Central
Windows 7 32-bit mozilla-central opt test mochitest-browser-chrome on 2013-07-18 08:29:09
revision: 16375716cc69
slave: t-w732-ix-029

08:32:53    ERROR - Return code: 1
08:32:54    ERROR - Return code: 1
08:34:20  WARNING -  TEST-UNEXPECTED-FAIL | chrome://mochitests/content/browser/browser/base/content/test/browser_locationBarCommand.js | New URL is loaded in new window - Got , expected example.com
RyanVM
https://tbpl.mozilla.org/php/getParsedLog.php?id=25448518&tree=Birch
WINNT 6.2 birch pgo test mochitest-browser-chrome on 2013-07-18 12:30:34
revision: 4a3c3ecec190
slave: t-w864-ix-093

12:33:49    ERROR - Return code: 1
12:33:50    ERROR - Return code: 1
12:35:44  WARNING -  TEST-UNEXPECTED-FAIL | chrome://mochitests/content/browser/browser/base/content/test/browser_locationBarCommand.js | New URL is loaded in new window - Got , expected example.com
WG9s
https://tbpl.mozilla.org/php/getParsedLog.php?id=25458428&tree=Mozilla-Central
WINNT 6.2 mozilla-central pgo test mochitest-browser-chrome on 2013-07-18 15:38:03
revision: af4e3ce8c487
slave: t-w864-ix-018

15:41:15    ERROR - Return code: 1
15:41:15    ERROR - Return code: 1
15:43:08  WARNING -  TEST-UNEXPECTED-FAIL | chrome://mochitests/content/browser/browser/base/content/test/browser_locationBarCommand.js | New URL is loaded in new window - Got , expected example.com
RyanVM
https://tbpl.mozilla.org/php/getParsedLog.php?id=25458886&tree=Mozilla-Inbound
WINNT 6.2 mozilla-inbound pgo test mochitest-browser-chrome on 2013-07-18 15:48:15
revision: 0d0263a58f06
slave: t-w864-ix-046

15:51:22    ERROR - Return code: 1
15:51:23    ERROR - Return code: 1
15:53:11  WARNING -  TEST-UNEXPECTED-FAIL | chrome://mochitests/content/browser/browser/base/content/test/browser_locationBarCommand.js | New URL is loaded in new window - Got , expected example.com
Tomcat
https://tbpl.mozilla.org/php/getParsedLog.php?id=25473695&tree=Birch
WINNT 6.2 birch pgo test mochitest-browser-chrome on 2013-07-18 21:43:57
revision: 7d3030412377
slave: t-w864-ix-108

21:47:07    ERROR - Return code: 1
21:47:08    ERROR - Return code: 1
21:48:41  WARNING -  TEST-UNEXPECTED-FAIL | chrome://mochitests/content/browser/browser/base/content/test/browser_locationBarCommand.js | New URL is loaded in new window - Got , expected example.com
Tomcat
https://tbpl.mozilla.org/php/getParsedLog.php?id=25473695&tree=Birch
WINNT 6.2 birch pgo test mochitest-browser-chrome on 2013-07-18 21:43:57
revision: 7d3030412377
slave: t-w864-ix-108

21:47:07    ERROR - Return code: 1
21:47:08    ERROR - Return code: 1
21:48:41  WARNING -  TEST-UNEXPECTED-FAIL | chrome://mochitests/content/browser/browser/base/content/test/browser_locationBarCommand.js | New URL is loaded in new window - Got , expected example.com
edmorley
https://tbpl.mozilla.org/php/getParsedLog.php?id=25472172&tree=Mozilla-Central
WINNT 6.2 mozilla-central pgo test mochitest-browser-chrome on 2013-07-18 21:15:13
revision: 0d0263a58f06
slave: t-w864-ix-032

21:18:02    ERROR - Return code: 1
21:18:03    ERROR - Return code: 1
21:19:49  WARNING -  TEST-UNEXPECTED-FAIL | chrome://mochitests/content/browser/browser/base/content/test/browser_locationBarCommand.js | New URL is loaded in new window - Got , expected example.com
RyanVM
https://tbpl.mozilla.org/php/getParsedLog.php?id=25495958&tree=Mozilla-Inbound
WINNT 6.2 mozilla-inbound pgo test mochitest-browser-chrome on 2013-07-19 10:23:58
revision: 0983f1a0961c
slave: t-w864-ix-095

10:27:19    ERROR - Return code: 1
10:27:20    ERROR - Return code: 1
10:29:04  WARNING -  TEST-UNEXPECTED-FAIL | chrome://mochitests/content/browser/browser/base/content/test/browser_locationBarCommand.js | New URL is loaded in new window - Got , expected example.com
RyanVM
https://tbpl.mozilla.org/php/getParsedLog.php?id=25499974&tree=Mozilla-Central
Windows 7 32-bit mozilla-central opt test mochitest-browser-chrome on 2013-07-19 12:03:27
revision: 0983f1a0961c
slave: t-w732-ix-088

12:06:42    ERROR - Return code: 1
12:06:43    ERROR - Return code: 1
12:08:05  WARNING -  TEST-UNEXPECTED-FAIL | chrome://mochitests/content/browser/browser/base/content/test/browser_locationBarCommand.js | New URL is loaded in new window - Got , expected example.com
RyanVM
https://tbpl.mozilla.org/php/getParsedLog.php?id=25503049&tree=Mozilla-Inbound
Windows 7 32-bit mozilla-inbound opt test mochitest-browser-chrome on 2013-07-19 13:08:06
revision: 307374f2eec8
slave: t-w732-ix-099

13:11:25    ERROR - Return code: 1
13:11:26    ERROR - Return code: 1
13:12:52  WARNING -  TEST-UNEXPECTED-FAIL | chrome://mochitests/content/browser/browser/base/content/test/browser_locationBarCommand.js | New URL is loaded in new window - Got , expected example.com
ttaubert
https://tbpl.mozilla.org/php/getParsedLog.php?id=25535894&tree=Mozilla-Central
WINNT 6.2 mozilla-central pgo test mochitest-browser-chrome on 2013-07-20 09:32:01
revision: 9af6265e9884
slave: t-w864-ix-104

09:34:06    ERROR - Return code: 1
09:34:07    ERROR - Return code: 1
09:35:43  WARNING -  TEST-UNEXPECTED-FAIL | chrome://mochitests/content/browser/browser/base/content/test/browser_locationBarCommand.js | New URL is loaded in new window - Got , expected example.com
edmorley
https://tbpl.mozilla.org/php/getParsedLog.php?id=25543106&tree=Mozilla-Inbound
WINNT 6.2 mozilla-inbound pgo test mochitest-browser-chrome on 2013-07-21 03:38:17
revision: 86b7630f73e0
slave: t-w864-ix-106

03:41:10    ERROR - Return code: 1
03:41:11    ERROR - Return code: 1
03:43:01  WARNING -  TEST-UNEXPECTED-FAIL | chrome://mochitests/content/browser/browser/base/content/test/browser_locationBarCommand.js | New URL is loaded in new window - Got , expected example.com
Gijs
https://tbpl.mozilla.org/php/getParsedLog.php?id=25562675&tree=UX
WINNT 6.2 ux pgo test mochitest-browser-chrome on 2013-07-22 07:29:05
revision: 3e84d97864bd
slave: t-w864-ix-090

07:32:28    ERROR - Return code: 1
07:32:29    ERROR - Return code: 1
07:34:13  WARNING -  TEST-UNEXPECTED-FAIL | chrome://mochitests/content/browser/browser/base/content/test/browser_locationBarCommand.js | New URL is loaded in new window - Got , expected example.com
RyanVM
https://tbpl.mozilla.org/php/getParsedLog.php?id=25520662&tree=Mozilla-Inbound
WINNT 6.2 mozilla-inbound pgo test mochitest-browser-chrome on 2013-07-19 20:34:55
revision: 3b7d3727478a
slave: t-w864-ix-036

20:38:36    ERROR - Return code: 1
20:38:37    ERROR - Return code: 1
20:40:14  WARNING -  TEST-UNEXPECTED-FAIL | chrome://mochitests/content/browser/browser/base/content/test/browser_locationBarCommand.js | New URL is loaded in new window - Got , expected example.com
RyanVM
https://tbpl.mozilla.org/php/getParsedLog.php?id=25581658&tree=Birch
WINNT 6.2 birch pgo test mochitest-browser-chrome on 2013-07-22 16:32:06
revision: bda9723bdccc
slave: t-w864-ix-026

16:34:06    ERROR - Return code: 1
16:34:07    ERROR - Return code: 1
16:35:51  WARNING -  TEST-UNEXPECTED-FAIL | chrome://mochitests/content/browser/browser/base/content/test/browser_locationBarCommand.js | New URL is loaded in new window - Got , expected example.com
ttaubert
https://tbpl.mozilla.org/php/getParsedLog.php?id=25592009&tree=Mozilla-Central
WINNT 6.2 mozilla-central pgo test mochitest-browser-chrome on 2013-07-22 20:58:07
revision: e3c19a339b36
slave: t-w864-ix-036

21:01:00    ERROR - Return code: 1
21:01:01    ERROR - Return code: 1
21:02:46  WARNING -  TEST-UNEXPECTED-FAIL | chrome://mochitests/content/browser/browser/base/content/test/browser_locationBarCommand.js | New URL is loaded in new window - Got , expected example.com
21:05:36  WARNING -  TEST-UNEXPECTED-FAIL | chrome://mochitests/content/browser/browser/components/privatebrowsing/test/browser/browser_privatebrowsing_cache.js | Disk cache reports 0KB and has no entries - Got 1, expected 0
edmorley
https://tbpl.mozilla.org/php/getParsedLog.php?id=25590076&tree=Birch
WINNT 6.2 birch opt test mochitest-browser-chrome on 2013-07-22 20:07:12
revision: 61b66c680e22
slave: t-w864-ix-130

20:09:59    ERROR - Return code: 1
20:09:59    ERROR - Return code: 1
20:11:51  WARNING -  TEST-UNEXPECTED-FAIL | chrome://mochitests/content/browser/browser/base/content/test/browser_locationBarCommand.js | New URL is loaded in new window - Got , expected example.com
edmorley
https://tbpl.mozilla.org/php/getParsedLog.php?id=25602886&tree=Mozilla-Inbound
Windows 7 32-bit mozilla-inbound opt test mochitest-browser-chrome on 2013-07-23 03:19:26
revision: 1ede6adb61d6
slave: t-w732-ix-126

03:21:50    ERROR - Return code: 1
03:21:51    ERROR - Return code: 1
03:23:15  WARNING -  TEST-UNEXPECTED-FAIL | chrome://mochitests/content/browser/browser/base/content/test/browser_locationBarCommand.js | New URL is loaded in new window - Got , expected example.com
edmorley
https://tbpl.mozilla.org/php/getParsedLog.php?id=25608791&tree=Mozilla-Central
WINNT 6.2 mozilla-central pgo test mochitest-browser-chrome on 2013-07-23 06:44:45
revision: 5ceea82a79c7
slave: t-w864-ix-079

06:48:35    ERROR - Return code: 1
06:48:36    ERROR - Return code: 1
06:50:13  WARNING -  TEST-UNEXPECTED-FAIL | chrome://mochitests/content/browser/browser/base/content/test/browser_locationBarCommand.js | New URL is loaded in new window - Got , expected example.com
RyanVM
https://tbpl.mozilla.org/php/getParsedLog.php?id=25608791&tree=Mozilla-Central
WINNT 6.2 mozilla-central pgo test mochitest-browser-chrome on 2013-07-23 06:44:45
revision: 5ceea82a79c7
slave: t-w864-ix-079

06:48:35    ERROR - Return code: 1
06:48:36    ERROR - Return code: 1
06:50:13  WARNING -  TEST-UNEXPECTED-FAIL | chrome://mochitests/content/browser/browser/base/content/test/browser_locationBarCommand.js | New URL is loaded in new window - Got , expected example.com
KWierso
https://tbpl.mozilla.org/php/getParsedLog.php?id=25629852&tree=Mozilla-Inbound
Windows 7 32-bit mozilla-inbound opt test mochitest-browser-chrome on 2013-07-23 14:51:19
revision: 03332f9c6529
slave: t-w732-ix-111

14:54:23    ERROR - Return code: 1
14:54:24    ERROR - Return code: 1
14:55:50  WARNING -  TEST-UNEXPECTED-FAIL | chrome://mochitests/content/browser/browser/base/content/test/browser_locationBarCommand.js | New URL is loaded in new window - Got , expected example.com
nfitzgerald%mozilla.com
https://tbpl.mozilla.org/php/getParsedLog.php?id=25632652&tree=Fx-Team
Windows 7 32-bit fx-team pgo test mochitest-browser-chrome on 2013-07-23 15:39:39
revision: 73f2e30e0154
slave: t-w732-ix-127

15:44:58    ERROR - Return code: 1
15:44:59    ERROR - Return code: 1
15:46:28  WARNING -  TEST-UNEXPECTED-FAIL | chrome://mochitests/content/browser/browser/base/content/test/browser_locationBarCommand.js | New URL is loaded in new window - Got , expected example.com
Tomcat
https://tbpl.mozilla.org/php/getParsedLog.php?id=25648198&tree=Mozilla-Inbound
Windows XP 32-bit mozilla-inbound opt test mochitest-browser-chrome on 2013-07-23 23:19:19
revision: 2cb768efd61a
slave: t-xp32-ix-030

23:21:45    ERROR - Return code: 1
23:21:46    ERROR - Return code: 1
23:22:55  WARNING -  TEST-UNEXPECTED-FAIL | chrome://mochitests/content/browser/browser/base/content/test/browser_locationBarCommand.js | New URL is loaded in new window - Got , expected example.com
Tomcat
https://tbpl.mozilla.org/php/getParsedLog.php?id=25645436&tree=Mozilla-Aurora
WINNT 6.2 mozilla-aurora pgo test mochitest-browser-chrome on 2013-07-23 21:22:08
revision: 653b455a607a
slave: t-w864-ix-125

21:24:16    ERROR - Return code: 1
21:24:17    ERROR - Return code: 1
21:25:55  WARNING -  TEST-UNEXPECTED-FAIL | chrome://mochitests/content/browser/browser/base/content/test/browser_locationBarCommand.js | New URL is loaded in new window - Got , expected example.com
edmorley
https://tbpl.mozilla.org/php/getParsedLog.php?id=25657992&tree=Profiling
WINNT 6.2 profiling pgo test mochitest-browser-chrome on 2013-07-24 03:52:08
revision: 08715c237b04
slave: t-w864-ix-020

03:55:56    ERROR - Return code: 1
03:56:00    ERROR - Return code: 1
03:57:39  WARNING -  TEST-UNEXPECTED-FAIL | chrome://mochitests/content/browser/browser/base/content/test/browser_locationBarCommand.js | New URL is loaded in new window - Got , expected example.com
bz
https://tbpl.mozilla.org/php/getParsedLog.php?id=25650965&tree=Try
WINNT 6.2 try opt test mochitest-browser-chrome on 2013-07-24 00:37:15
revision: 86a8ac024207
slave: t-w864-ix-080

00:40:13    ERROR - Return code: 1
00:40:14    ERROR - Return code: 1
00:42:19  WARNING -  TEST-UNEXPECTED-FAIL | chrome://mochitests/content/browser/browser/base/content/test/browser_locationBarCommand.js | New URL is loaded in new window - Got , expected example.com
RyanVM
https://tbpl.mozilla.org/php/getParsedLog.php?id=25663020&tree=Birch
WINNT 6.2 birch pgo test mochitest-browser-chrome on 2013-07-24 06:28:11
revision: ccca2a19fe7b
slave: t-w864-ix-069

06:31:41    ERROR - Return code: 1
06:31:43    ERROR - Return code: 1
06:33:37  WARNING -  TEST-UNEXPECTED-FAIL | chrome://mochitests/content/browser/browser/base/content/test/browser_locationBarCommand.js | New URL is loaded in new window - Got , expected example.com
RyanVM
https://tbpl.mozilla.org/php/getParsedLog.php?id=25665546&tree=Mozilla-Inbound
Windows 7 32-bit mozilla-inbound opt test mochitest-browser-chrome on 2013-07-24 07:17:46
revision: b4402b6dba21
slave: t-w732-ix-002

07:21:18    ERROR - Return code: 1
07:21:21    ERROR - Return code: 1
07:22:44  WARNING -  TEST-UNEXPECTED-FAIL | chrome://mochitests/content/browser/browser/base/content/test/browser_locationBarCommand.js | New URL is loaded in new window - Got , expected example.com
RyanVM
https://tbpl.mozilla.org/php/getParsedLog.php?id=25670070&tree=Mozilla-Inbound
Windows 7 32-bit mozilla-inbound opt test mochitest-browser-chrome on 2013-07-24 09:13:41
revision: d4afe4997be6
slave: t-w732-ix-122

09:17:46    ERROR - Return code: 1
09:17:47    ERROR - Return code: 1
09:19:13  WARNING -  TEST-UNEXPECTED-FAIL | chrome://mochitests/content/browser/browser/base/content/test/browser_locationBarCommand.js | New URL is loaded in new window - Got , expected example.com
ttaubert
https://tbpl.mozilla.org/php/getParsedLog.php?id=25672435&tree=Try
Windows XP 32-bit try opt test mochitest-browser-chrome on 2013-07-24 10:02:11
revision: 608d93ba3d7a
slave: t-xp32-ix-069

10:06:12    ERROR - Return code: 1
10:06:13    ERROR - Return code: 1
10:07:22  WARNING -  TEST-UNEXPECTED-FAIL | chrome://mochitests/content/browser/browser/base/content/test/browser_locationBarCommand.js | New URL is loaded in new window - Got , expected example.com
RyanVM
https://tbpl.mozilla.org/php/getParsedLog.php?id=25684789&tree=Mozilla-Inbound
WINNT 6.2 mozilla-inbound pgo test mochitest-browser-chrome on 2013-07-24 15:27:06
revision: 3b36617ed67c
slave: t-w864-ix-119

15:29:42    ERROR - Return code: 1
15:29:43    ERROR - Return code: 1
15:31:27  WARNING -  TEST-UNEXPECTED-FAIL | chrome://mochitests/content/browser/browser/base/content/test/browser_locationBarCommand.js | New URL is loaded in new window - Got , expected example.com
KWierso
https://tbpl.mozilla.org/php/getParsedLog.php?id=25690473&tree=Mozilla-Inbound
Windows 7 32-bit mozilla-inbound opt test mochitest-browser-chrome on 2013-07-24 17:23:16
revision: b0590e3d0c4d
slave: t-w732-ix-122

17:26:33    ERROR - Return code: 1
17:26:34    ERROR - Return code: 1
17:27:59  WARNING -  TEST-UNEXPECTED-FAIL | chrome://mochitests/content/browser/browser/base/content/test/browser_locationBarCommand.js | New URL is loaded in new window - Got , expected example.com
RyanVM
https://tbpl.mozilla.org/php/getParsedLog.php?id=25690473&tree=Mozilla-Inbound
Windows 7 32-bit mozilla-inbound opt test mochitest-browser-chrome on 2013-07-24 17:23:16
revision: b0590e3d0c4d
slave: t-w732-ix-122

17:26:33    ERROR - Return code: 1
17:26:34    ERROR - Return code: 1
17:27:59  WARNING -  TEST-UNEXPECTED-FAIL | chrome://mochitests/content/browser/browser/base/content/test/browser_locationBarCommand.js | New URL is loaded in new window - Got , expected example.com
Tomcat
https://tbpl.mozilla.org/php/getParsedLog.php?id=25709998&tree=Fx-Team
WINNT 6.2 fx-team pgo test mochitest-browser-chrome on 2013-07-25 03:32:04
revision: 1ae3aef92373
slave: t-w864-ix-012

03:35:21    ERROR - Return code: 1
03:35:22    ERROR - Return code: 1
03:36:59  WARNING -  TEST-UNEXPECTED-FAIL | chrome://mochitests/content/browser/browser/base/content/test/browser_locationBarCommand.js | New URL is loaded in new window - Got , expected example.com
KWierso
https://tbpl.mozilla.org/php/getParsedLog.php?id=25738701&tree=Mozilla-Inbound
Windows 7 32-bit mozilla-inbound opt test mochitest-browser-chrome on 2013-07-25 15:10:31
revision: d600a95c1279
slave: t-w732-ix-119

15:15:12  WARNING -  TEST-UNEXPECTED-FAIL | chrome://mochitests/content/browser/browser/base/content/test/browser_locationBarCommand.js | New URL is loaded in new window - Got , expected example.com
KWierso
https://tbpl.mozilla.org/php/getParsedLog.php?id=25742174&tree=Fx-Team
Windows XP 32-bit fx-team opt test mochitest-browser-chrome on 2013-07-25 16:24:01
revision: 0cf201bba70d
slave: t-xp32-ix-022

16:27:18  WARNING -  TEST-UNEXPECTED-FAIL | chrome://mochitests/content/browser/browser/base/content/test/browser_locationBarCommand.js | New URL is loaded in new window - Got , expected example.com
RyanVM
https://tbpl.mozilla.org/php/getParsedLog.php?id=25745403&tree=Mozilla-Central
Windows 7 32-bit mozilla-central opt test mochitest-browser-chrome on 2013-07-25 17:48:20
revision: 76fb8f815ac7
slave: t-w732-ix-001

17:52:38  WARNING -  TEST-UNEXPECTED-FAIL | chrome://mochitests/content/browser/browser/base/content/test/browser_locationBarCommand.js | New URL is loaded in new window - Got , expected example.com
RyanVM
https://tbpl.mozilla.org/php/getParsedLog.php?id=25747699&tree=Mozilla-Inbound
Windows 7 32-bit mozilla-inbound opt test mochitest-browser-chrome on 2013-07-25 18:40:52
revision: b71e4f85dad6
slave: t-w732-ix-048

18:45:37  WARNING -  TEST-UNEXPECTED-FAIL | chrome://mochitests/content/browser/browser/base/content/test/browser_locationBarCommand.js | New URL is loaded in new window - Got , expected example.com
RyanVM
https://tbpl.mozilla.org/php/getParsedLog.php?id=25749838&tree=Mozilla-Inbound
Windows 7 32-bit mozilla-inbound opt test mochitest-browser-chrome on 2013-07-25 19:23:20
revision: 924c4d59db8b
slave: t-w732-ix-122

19:27:59  WARNING -  TEST-UNEXPECTED-FAIL | chrome://mochitests/content/browser/browser/base/content/test/browser_locationBarCommand.js | New URL is loaded in new window - Got , expected example.com
RyanVM
https://tbpl.mozilla.org/php/getParsedLog.php?id=25753855&tree=Mozilla-Inbound
Windows XP 32-bit mozilla-inbound opt test mochitest-browser-chrome on 2013-07-25 20:52:16
revision: 28c8c52f1762
slave: t-xp32-ix-109

20:55:51  WARNING -  TEST-UNEXPECTED-FAIL | chrome://mochitests/content/browser/browser/base/content/test/browser_locationBarCommand.js | New URL is loaded in new window - Got , expected example.com
Tomcat
https://tbpl.mozilla.org/php/getParsedLog.php?id=25766138&tree=Mozilla-Central
WINNT 6.2 mozilla-central pgo test mochitest-browser-chrome on 2013-07-26 02:11:59
revision: 46d73e889cb4
slave: t-w864-ix-007

02:16:36  WARNING -  TEST-UNEXPECTED-FAIL | chrome://mochitests/content/browser/browser/base/content/test/browser_locationBarCommand.js | New URL is loaded in new window - Got , expected example.com
ttaubert
https://tbpl.mozilla.org/php/getParsedLog.php?id=25769475&tree=Try
WINNT 6.2 try opt test mochitest-browser-chrome on 2013-07-26 03:45:32
revision: 434c3911c2c4
slave: t-w864-ix-105

03:50:15  WARNING -  TEST-UNEXPECTED-FAIL | chrome://mochitests/content/browser/browser/base/content/test/browser_locationBarCommand.js | New URL is loaded in new window - Got , expected example.com
RyanVM
https://tbpl.mozilla.org/php/getParsedLog.php?id=25779397&tree=Mozilla-Inbound
Windows 7 32-bit mozilla-inbound opt test mochitest-browser-chrome on 2013-07-26 08:53:08
revision: 155ab662755e
slave: t-w732-ix-062

08:58:49  WARNING -  TEST-UNEXPECTED-FAIL | chrome://mochitests/content/browser/browser/base/content/test/browser_locationBarCommand.js | New URL is loaded in new window - Got , expected example.com
RyanVM
https://tbpl.mozilla.org/php/getParsedLog.php?id=25781413&tree=Fx-Team
Windows 7 32-bit fx-team pgo test mochitest-browser-chrome on 2013-07-26 09:36:23
revision: 8aa1d0e0025d
slave: t-w732-ix-093

09:41:36  WARNING -  TEST-UNEXPECTED-FAIL | chrome://mochitests/content/browser/browser/base/content/test/browser_locationBarCommand.js | New URL is loaded in new window - Got , expected example.com
RyanVM
https://tbpl.mozilla.org/php/getParsedLog.php?id=25796167&tree=Mozilla-Inbound
Windows XP 32-bit mozilla-inbound opt test mochitest-browser-chrome on 2013-07-26 14:39:53
revision: 60542f3605e3
slave: t-xp32-ix-053

14:43:11  WARNING -  TEST-UNEXPECTED-FAIL | chrome://mochitests/content/browser/browser/base/content/test/browser_locationBarCommand.js | New URL is loaded in new window - Got , expected example.com
ttaubert
https://tbpl.mozilla.org/php/getParsedLog.php?id=25796381&tree=Try
Windows 7 32-bit try opt test mochitest-browser-chrome on 2013-07-26 14:43:44
revision: 61d2f733b333
slave: t-w732-ix-055

14:48:12  WARNING -  TEST-UNEXPECTED-FAIL | chrome://mochitests/content/browser/browser/base/content/test/browser_locationBarCommand.js | New URL is loaded in new window - Got , expected example.com
I'm optimistic about this being fixed by the patch in bug 897943.
wg9s:
https://tbpl.mozilla.org/php/getParsedLog.php?id=25828306&tree=Mozilla-Central
WINNT 6.2 mozilla-central pgo test mochitest-browser-chrome on 2013-07-27 21:37:57
revision: 75e2498668df
slave: t-w864-ix-070

21:43:15  WARNING -  TEST-UNEXPECTED-FAIL | chrome://mochitests/content/browser/browser/base/content/test/browser_locationBarCommand.js | New URL is loaded in new window - Got , expected example.com
KWierso
https://tbpl.mozilla.org/php/getParsedLog.php?id=25841881&tree=Mozilla-Inbound
Windows 7 32-bit mozilla-inbound opt test mochitest-browser-chrome on 2013-07-28 18:35:16
revision: d6fd6156acc3
slave: t-w732-ix-073

18:39:31  WARNING -  TEST-UNEXPECTED-FAIL | chrome://mochitests/content/browser/browser/base/content/test/browser_locationBarCommand.js | New URL is loaded in new window - Got , expected example.com
Tomcat
https://tbpl.mozilla.org/php/getParsedLog.php?id=25827407&tree=Mozilla-Inbound
Windows XP 32-bit mozilla-inbound opt test mochitest-browser-chrome on 2013-07-27 20:41:08
revision: 3bc8a3f77169
slave: t-xp32-ix-073

20:44:23  WARNING -  TEST-UNEXPECTED-FAIL | chrome://mochitests/content/browser/browser/base/content/test/browser_locationBarCommand.js | New URL is loaded in new window - Got , expected example.com
edmorley
https://tbpl.mozilla.org/php/getParsedLog.php?id=25845240&tree=Mozilla-Inbound
Windows XP 32-bit mozilla-inbound opt test mochitest-browser-chrome on 2013-07-28 21:26:57
revision: 3fbe86d67b6a
slave: t-xp32-ix-026

21:30:18  WARNING -  TEST-UNEXPECTED-FAIL | chrome://mochitests/content/browser/browser/base/content/test/browser_locationBarCommand.js | New URL is loaded in new window - Got , expected example.com
21:38:39  WARNING -  TEST-UNEXPECTED-FAIL | chrome://mochitests/content/browser/browser/devtools/debugger/test/browser_dbg_bug723069_editor-breakpoints.js | The correct script is selected - Didn't expect http://example.com/browser/browser/devtools/debugger/test/test-script-switching-02.js, but got it
21:38:39  WARNING -  TEST-UNEXPECTED-FAIL | chrome://mochitests/content/browser/browser/devtools/debugger/test/browser_dbg_bug723069_editor-breakpoints.js | first script location is not the currently selected script - Didn't expect http://example.com/browser/browser/devtools/debugger/test/test-script-switching-02.js, but got it
21:38:39  WARNING -  TEST-UNEXPECTED-FAIL | chrome://mochitests/content/browser/browser/devtools/debugger/test/browser_dbg_bug723069_editor-breakpoints.js | breakpoint2 must not be added to the editor
21:38:39  WARNING -  TEST-UNEXPECTED-FAIL | chrome://mochitests/content/browser/browser/devtools/debugger/test/browser_dbg_bug723069_editor-breakpoints.js | breakpoint2 client line is correct - Got 6, expected 5
21:38:39  WARNING -  TEST-UNEXPECTED-FAIL | chrome://mochitests/content/browser/browser/devtools/debugger/test/browser_dbg_bug723069_editor-breakpoints.js | getBreakpoint(locations[0], 5) returns the correct breakpoint - Got null, expected [object Object]
21:38:39  WARNING -  TEST-UNEXPECTED-FAIL | chrome://mochitests/content/browser/browser/devtools/debugger/test/browser_dbg_bug723069_editor-breakpoints.js | no breakpoint was added to the editor - Got 1, expected 0
21:38:39  WARNING -  TEST-UNEXPECTED-FAIL | chrome://mochitests/content/browser/browser/devtools/debugger/test/browser_dbg_bug723069_editor-breakpoints.js | one breakpoint was removed from the editor - Got 0, expected 1
21:39:09  WARNING -  TEST-UNEXPECTED-FAIL | chrome://mochitests/content/browser/browser/devtools/debugger/test/browser_dbg_bug723069_editor-breakpoints.js | Test timed out
21:39:10  WARNING -  TEST-UNEXPECTED-FAIL | chrome://mochitests/content/browser/browser/devtools/debugger/test/browser_dbg_bug723069_editor-breakpoints.js | correct number of editor breakpoint changes - Got 5, expected 4
RyanVM
https://tbpl.mozilla.org/php/getParsedLog.php?id=25816583&tree=Birch
WINNT 6.2 birch pgo test mochitest-browser-chrome on 2013-07-27 06:46:09
revision: a58c0eb53932
slave: t-w864-ix-014

06:51:31  WARNING -  TEST-UNEXPECTED-FAIL | chrome://mochitests/content/browser/browser/base/content/test/browser_locationBarCommand.js | New URL is loaded in new window - Got , expected example.com
Adding some debug output shows the onLocationChange somehow isn't fired so that URLBarSetURI isn't called and gURLBar.value doesn't have the right value. Not sure what can lead to a correct 'pageshow' event for a page that doesn't fire onLocationChange.

https://tbpl.mozilla.org/php/getParsedLog.php?id=25858251&tree=Try&full=1
Log output of a green run:

TEST-INFO | checking window state
TEST-START | chrome://mochitests/content/browser/browser/base/content/test/browser_locationBarCommand.js
TEST-INFO | browser_locationBarCommand.js | Running test: Alt left click
TEST-PASS | browser_locationBarCommand.js | page proxy state must be invalid for go button to be visible
TEST-PASS | browser_locationBarCommand.js | SaveURL was called
TEST-PASS | browser_locationBarCommand.js | Urlbar reverted to original value
TEST-INFO | browser_locationBarCommand.js | Running test: Shift left click
TEST-PASS | browser_locationBarCommand.js | page proxy state must be invalid for go button to be visible
 ++ onLocationChange URLBarSetURI http://example.com/
TEST-INFO | browser_locationBarCommand.js | pageshow: http://example.com/
TEST-INFO | browser_locationBarCommand.js | URL should be loaded in a new window
TEST-PASS | browser_locationBarCommand.js | Urlbar reverted to original value
TEST-PASS | browser_locationBarCommand.js | There should be no focused element
TEST-PASS | browser_locationBarCommand.js | Content window should be focused
 ++ checking gURLBar.value
TEST-PASS | browser_locationBarCommand.js | New URL is loaded in new window

Log output of a failure:

TEST-START | browser_locationBarCommand.js
TEST-INFO | browser_locationBarCommand.js | Running test: Alt left click
TEST-PASS | browser_locationBarCommand.js | page proxy state must be invalid for go button to be visible
TEST-PASS | browser_locationBarCommand.js | SaveURL was called
TEST-PASS | browser_locationBarCommand.js | Urlbar reverted to original value
TEST-INFO | browser_locationBarCommand.js | Running test: Shift left click
TEST-PASS | browser_locationBarCommand.js | page proxy state must be invalid for go button to be visible
TEST-INFO | browser_locationBarCommand.js | pageshow: http://example.com/
TEST-INFO | browser_locationBarCommand.js | URL should be loaded in a new window
TEST-PASS | browser_locationBarCommand.js | Urlbar reverted to original value
TEST-PASS | browser_locationBarCommand.js | There should be no focused element
TEST-PASS | browser_locationBarCommand.js | Content window should be focused
 ++ checking gURLBar.value
TEST-UNEXPECTED-FAIL | browser_locationBarCommand.js | New URL is loaded in new window - Got , expected example.com
RyanVM
https://tbpl.mozilla.org/php/getParsedLog.php?id=25861599&tree=Mozilla-Central
Windows XP 32-bit mozilla-central opt test mochitest-browser-chrome on 2013-07-29 08:39:14
revision: 8c89fe2a5c92
slave: t-xp32-ix-026

08:43:16  WARNING -  TEST-UNEXPECTED-FAIL | chrome://mochitests/content/browser/browser/base/content/test/browser_locationBarCommand.js | New URL is loaded in new window - Got , expected example.com
KWierso
https://tbpl.mozilla.org/php/getParsedLog.php?id=25869896&tree=Mozilla-Inbound
Windows 7 32-bit mozilla-inbound pgo test mochitest-browser-chrome on 2013-07-29 12:05:03
revision: 4fae10b52148
slave: t-w732-ix-001

12:08:27  WARNING -  TEST-UNEXPECTED-FAIL | chrome://mochitests/content/browser/browser/base/content/test/browser_locationBarCommand.js | New URL is loaded in new window - Got , expected example.com
KWierso
https://tbpl.mozilla.org/php/getParsedLog.php?id=25870548&tree=Mozilla-Inbound
Windows XP 32-bit mozilla-inbound opt test mochitest-browser-chrome on 2013-07-29 12:15:23
revision: f0ce0463bd65
slave: t-xp32-ix-006

12:18:52  WARNING -  TEST-UNEXPECTED-FAIL | chrome://mochitests/content/browser/browser/base/content/test/browser_locationBarCommand.js | New URL is loaded in new window - Got , expected example.com
KWierso
https://tbpl.mozilla.org/php/getParsedLog.php?id=25887426&tree=Mozilla-Inbound
Windows XP 32-bit mozilla-inbound opt test mochitest-browser-chrome on 2013-07-29 17:31:03
revision: 922e7f0eb53a
slave: t-xp32-ix-013

17:34:36  WARNING -  TEST-UNEXPECTED-FAIL | chrome://mochitests/content/browser/browser/base/content/test/browser_locationBarCommand.js | New URL is loaded in new window - Got , expected example.com
KWierso
https://tbpl.mozilla.org/php/getParsedLog.php?id=25888766&tree=Mozilla-Inbound
Windows 7 32-bit mozilla-inbound opt test mochitest-browser-chrome on 2013-07-29 17:56:18
revision: 770b97caaaba
slave: t-w732-ix-054

18:00:44  WARNING -  TEST-UNEXPECTED-FAIL | chrome://mochitests/content/browser/browser/base/content/test/browser_locationBarCommand.js | New URL is loaded in new window - Got , expected example.com
RyanVM
https://tbpl.mozilla.org/php/getParsedLog.php?id=25909466&tree=Mozilla-Inbound
Windows 7 32-bit mozilla-inbound pgo test mochitest-browser-chrome on 2013-07-30 06:08:58
revision: 91837985ae91
slave: t-w732-ix-127

06:16:10  WARNING -  TEST-UNEXPECTED-FAIL | chrome://mochitests/content/browser/browser/base/content/test/browser_locationBarCommand.js | New URL is loaded in new window - Got , expected example.com
mak77%bonardo.net
https://tbpl.mozilla.org/php/getParsedLog.php?id=25911482&tree=UX
WINNT 6.2 ux opt test mochitest-browser-chrome on 2013-07-30 07:19:53
revision: 81ce85168be1
slave: t-w864-ix-110

07:25:43  WARNING -  TEST-UNEXPECTED-FAIL | chrome://mochitests/content/browser/browser/base/content/test/browser_locationBarCommand.js | New URL is loaded in new window - Got , expected example.com
Gijs
https://tbpl.mozilla.org/php/getParsedLog.php?id=25912442&tree=UX
WINNT 6.2 ux pgo test mochitest-browser-chrome on 2013-07-30 07:49:18
revision: e2fa6332a907
slave: t-w864-ix-079

07:54:24  WARNING -  TEST-UNEXPECTED-FAIL | chrome://mochitests/content/browser/browser/base/content/test/browser_locationBarCommand.js | New URL is loaded in new window - Got , expected example.com
KWierso
https://tbpl.mozilla.org/php/getParsedLog.php?id=25918996&tree=Mozilla-Inbound
Windows XP 32-bit mozilla-inbound opt test mochitest-browser-chrome on 2013-07-30 10:30:45
revision: 47b0b4f9debf
slave: t-xp32-ix-103

10:34:33  WARNING -  TEST-UNEXPECTED-FAIL | chrome://mochitests/content/browser/browser/base/content/test/browser_locationBarCommand.js | New URL is loaded in new window - Got , expected example.com
RyanVM
https://tbpl.mozilla.org/php/getParsedLog.php?id=25921765&tree=Mozilla-Inbound
Windows XP 32-bit mozilla-inbound opt test mochitest-browser-chrome on 2013-07-30 11:27:00
revision: ded8c8339686
slave: t-xp32-ix-007

11:31:32  WARNING -  TEST-UNEXPECTED-FAIL | chrome://mochitests/content/browser/browser/base/content/test/browser_locationBarCommand.js | New URL is loaded in new window - Got , expected example.com
KWierso
https://tbpl.mozilla.org/php/getParsedLog.php?id=25924402&tree=Mozilla-Inbound
Windows XP 32-bit mozilla-inbound opt test mochitest-browser-chrome on 2013-07-30 12:18:29
revision: 1cf529755a99
slave: t-xp32-ix-034

12:21:50  WARNING -  TEST-UNEXPECTED-FAIL | chrome://mochitests/content/browser/browser/base/content/test/browser_locationBarCommand.js | New URL is loaded in new window - Got , expected example.com
KWierso
https://tbpl.mozilla.org/php/getParsedLog.php?id=25929970&tree=Mozilla-Inbound
Windows XP 32-bit mozilla-inbound opt test mochitest-browser-chrome on 2013-07-30 14:19:02
revision: 9805018b868e
slave: t-xp32-ix-035

14:22:16  WARNING -  TEST-UNEXPECTED-FAIL | chrome://mochitests/content/browser/browser/base/content/test/browser_locationBarCommand.js | New URL is loaded in new window - Got , expected example.com
KWierso
https://tbpl.mozilla.org/php/getParsedLog.php?id=25932370&tree=Mozilla-Inbound
Windows XP 32-bit mozilla-inbound opt test mochitest-browser-chrome on 2013-07-30 15:09:17
revision: 6c88cddc6d89
slave: t-xp32-ix-072

15:13:17  WARNING -  TEST-UNEXPECTED-FAIL | chrome://mochitests/content/browser/browser/base/content/test/browser_locationBarCommand.js | New URL is loaded in new window - Got , expected example.com
KWierso
https://tbpl.mozilla.org/php/getParsedLog.php?id=25933232&tree=Mozilla-Inbound
Windows 7 32-bit mozilla-inbound opt test mochitest-browser-chrome on 2013-07-30 15:21:56
revision: 76a31c4050cc
slave: t-w732-ix-051

15:26:57  WARNING -  TEST-UNEXPECTED-FAIL | chrome://mochitests/content/browser/browser/base/content/test/browser_locationBarCommand.js | New URL is loaded in new window - Got , expected example.com
KWierso
https://tbpl.mozilla.org/php/getParsedLog.php?id=25934254&tree=Mozilla-Central
WINNT 6.2 mozilla-central pgo test mochitest-browser-chrome on 2013-07-30 15:39:53
revision: 129ce98f4cb2
slave: t-w864-ix-037

15:45:44  WARNING -  TEST-UNEXPECTED-FAIL | chrome://mochitests/content/browser/browser/base/content/test/browser_locationBarCommand.js | New URL is loaded in new window - Got , expected example.com
RyanVM
https://tbpl.mozilla.org/php/getParsedLog.php?id=25945375&tree=Fx-Team
Windows 7 32-bit fx-team opt test mochitest-browser-chrome on 2013-07-30 20:02:05
revision: 46668a08f3e4
slave: t-w732-ix-050

20:07:59  WARNING -  TEST-UNEXPECTED-FAIL | chrome://mochitests/content/browser/browser/base/content/test/browser_locationBarCommand.js | New URL is loaded in new window - Got , expected example.com
20:25:22  WARNING -  TEST-UNEXPECTED-FAIL | chrome://mochitests/content/browser/browser/devtools/webconsole/test/browser_webconsole_bug_843019_variables_view_filter.js | Property is hidden on non-matching search
20:25:51  WARNING -  TEST-UNEXPECTED-FAIL | chrome://mochitests/content/browser/browser/devtools/webconsole/test/browser_webconsole_bug_843019_variables_view_filter.js | Test timed out
RyanVM
https://tbpl.mozilla.org/php/getParsedLog.php?id=25945986&tree=Fx-Team
Windows XP 32-bit fx-team opt test mochitest-browser-chrome on 2013-07-30 20:18:01
revision: 3b9baad91485
slave: t-xp32-ix-089

20:21:50  WARNING -  TEST-UNEXPECTED-FAIL | chrome://mochitests/content/browser/browser/base/content/test/browser_locationBarCommand.js | New URL is loaded in new window - Got , expected example.com
Tomcat
https://tbpl.mozilla.org/php/getParsedLog.php?id=25951625&tree=Mozilla-Inbound
Windows XP 32-bit mozilla-inbound opt test mochitest-browser-chrome on 2013-07-30 22:16:59
revision: f10f7c79846c
slave: t-xp32-ix-078

22:20:24  WARNING -  TEST-UNEXPECTED-FAIL | chrome://mochitests/content/browser/browser/base/content/test/browser_locationBarCommand.js | New URL is loaded in new window - Got , expected example.com
Tomcat
https://tbpl.mozilla.org/php/getParsedLog.php?id=25964998&tree=Mozilla-Inbound
Windows XP 32-bit mozilla-inbound opt test mochitest-browser-chrome on 2013-07-31 04:00:28
revision: 3eef74151413
slave: t-xp32-ix-117

TEST-UNEXPECTED-FAIL | chrome://mochitests/content/browser/browser/base/content/test/browser_locationBarCommand.js | New URL is loaded in new window - Got , expected example.com
TypeError: gControllerSources.getCache is not a function: testStateBeforeReload@chrome://mochitests/content/browser/browser/devtools/debugger/test/browser_dbg_sources-cache.js:117
TypeError: profile is undefined: Sidebar.prototype<.getItemByProfile@resource://gre/modules/commonjs/toolkit/loader.js -> resource:///modules/devtools/profiler/sidebar.js:91
TypeError: this.selectedEditor.sourceEditor is null: @resource:///modules/devtools/StyleEditorUI.jsm:154
TypeError: this.selectedEditor.sourceEditor is null: @resource:///modules/devtools/StyleEditorUI.jsm:154
TypeError: this.selectedEditor.sourceEditor is null: @resource:///modules/devtools/StyleEditorUI.jsm:154
TypeError: this.selectedEditor.sourceEditor is null: @resource:///modules/devtools/StyleEditorUI.jsm:154
TypeError: this.selectedEditor.sourceEditor is null: @resource:///modules/devtools/StyleEditorUI.jsm:154
TypeError: this.selectedEditor.sourceEditor is null: @resource:///modules/devtools/StyleEditorUI.jsm:154
TypeError: this.selectedEditor.sourceEditor is null: @resource:///modules/devtools/StyleEditorUI.jsm:154
TypeError: this.selectedEditor.sourceEditor is null: @resource:///modules/devtools/StyleEditorUI.jsm:154
edmorley
https://tbpl.mozilla.org/php/getParsedLog.php?id=25968592&tree=Mozilla-Central
Windows XP 32-bit mozilla-central opt test mochitest-browser-chrome on 2013-07-31 06:02:08
revision: 5623c4b04a1e
slave: t-xp32-ix-021

TEST-UNEXPECTED-FAIL | chrome://mochitests/content/browser/browser/base/content/test/browser_locationBarCommand.js | New URL is loaded in new window - Got , expected example.com
TypeError: gControllerSources.getCache is not a function: testStateBeforeReload@chrome://mochitests/content/browser/browser/devtools/debugger/test/browser_dbg_sources-cache.js:117
TypeError: profile is undefined: Sidebar.prototype<.getItemByProfile@resource://gre/modules/commonjs/toolkit/loader.js -> resource:///modules/devtools/profiler/sidebar.js:91
TypeError: this.selectedEditor.sourceEditor is null: @resource:///modules/devtools/StyleEditorUI.jsm:154
TypeError: this.selectedEditor.sourceEditor is null: @resource:///modules/devtools/StyleEditorUI.jsm:154
TypeError: this.selectedEditor.sourceEditor is null: @resource:///modules/devtools/StyleEditorUI.jsm:154
TypeError: this.selectedEditor.sourceEditor is null: @resource:///modules/devtools/StyleEditorUI.jsm:154
TypeError: this.selectedEditor.sourceEditor is null: @resource:///modules/devtools/StyleEditorUI.jsm:154
TypeError: this.selectedEditor.sourceEditor is null: @resource:///modules/devtools/StyleEditorUI.jsm:154
TypeError: this.selectedEditor.sourceEditor is null: @resource:///modules/devtools/StyleEditorUI.jsm:154
TypeError: this.selectedEditor.sourceEditor is null: @resource:///modules/devtools/StyleEditorUI.jsm:154
bz
https://tbpl.mozilla.org/php/getParsedLog.php?id=25963085&tree=Try
Windows 7 32-bit try opt test mochitest-browser-chrome on 2013-07-31 03:15:39
revision: ce48e9675973
slave: t-w732-ix-053

03:20:18  WARNING -  TEST-UNEXPECTED-FAIL | chrome://mochitests/content/browser/browser/base/content/test/browser_locationBarCommand.js | New URL is loaded in new window - Got , expected example.com
KWierso
https://tbpl.mozilla.org/php/getParsedLog.php?id=25983500&tree=Mozilla-Inbound
Windows 7 32-bit mozilla-inbound opt test mochitest-browser-chrome on 2013-07-31 11:58:06
revision: 091fb11c0d27
slave: t-w732-ix-086

TEST-UNEXPECTED-FAIL | chrome://mochitests/content/browser/browser/base/content/test/browser_locationBarCommand.js | New URL is loaded in new window - Got , expected example.com
TypeError: gControllerSources.getCache is not a function: testStateBeforeReload@chrome://mochitests/content/browser/browser/devtools/debugger/test/browser_dbg_sources-cache.js:117
TypeError: profile is undefined: Sidebar.prototype<.getItemByProfile@resource://gre/modules/commonjs/toolkit/loader.js -> resource:///modules/devtools/profiler/sidebar.js:91
TypeError: this.selectedEditor.sourceEditor is null: @resource:///modules/devtools/StyleEditorUI.jsm:154
TypeError: this.selectedEditor.sourceEditor is null: @resource:///modules/devtools/StyleEditorUI.jsm:154
TypeError: this.selectedEditor.sourceEditor is null: @resource:///modules/devtools/StyleEditorUI.jsm:154
TypeError: this.selectedEditor.sourceEditor is null: @resource:///modules/devtools/StyleEditorUI.jsm:154
TypeError: this.selectedEditor.sourceEditor is null: @resource:///modules/devtools/StyleEditorUI.jsm:154
TypeError: this.selectedEditor.sourceEditor is null: @resource:///modules/devtools/StyleEditorUI.jsm:154
TypeError: this.selectedEditor.sourceEditor is null: @resource:///modules/devtools/StyleEditorUI.jsm:154
TypeError: this.selectedEditor.sourceEditor is null: @resource:///modules/devtools/StyleEditorUI.jsm:154
RyanVM
https://tbpl.mozilla.org/php/getParsedLog.php?id=25985120&tree=Fx-Team
Windows 7 32-bit fx-team opt test mochitest-browser-chrome on 2013-07-31 12:27:55
revision: 041986a971af
slave: t-w732-ix-085

TEST-UNEXPECTED-FAIL | chrome://mochitests/content/browser/browser/base/content/test/browser_locationBarCommand.js | New URL is loaded in new window - Got , expected example.com
TypeError: gControllerSources.getCache is not a function: testStateBeforeReload@chrome://mochitests/content/browser/browser/devtools/debugger/test/browser_dbg_sources-cache.js:117
TypeError: profile is undefined: Sidebar.prototype<.getItemByProfile@resource://gre/modules/commonjs/toolkit/loader.js -> resource:///modules/devtools/profiler/sidebar.js:91
TypeError: this.selectedEditor.sourceEditor is null: @resource:///modules/devtools/StyleEditorUI.jsm:154
TypeError: this.selectedEditor.sourceEditor is null: @resource:///modules/devtools/StyleEditorUI.jsm:154
TypeError: this.selectedEditor.sourceEditor is null: @resource:///modules/devtools/StyleEditorUI.jsm:154
TypeError: this.selectedEditor.sourceEditor is null: @resource:///modules/devtools/StyleEditorUI.jsm:154
TypeError: this.selectedEditor.sourceEditor is null: @resource:///modules/devtools/StyleEditorUI.jsm:154
TypeError: this.selectedEditor.sourceEditor is null: @resource:///modules/devtools/StyleEditorUI.jsm:154
TypeError: this.selectedEditor.sourceEditor is null: @resource:///modules/devtools/StyleEditorUI.jsm:154
TypeError: this.selectedEditor.sourceEditor is null: @resource:///modules/devtools/StyleEditorUI.jsm:154
ttaubert
https://tbpl.mozilla.org/php/getParsedLog.php?id=25990187&tree=Fx-Team
WINNT 6.2 fx-team pgo test mochitest-browser-chrome on 2013-07-31 14:38:04
revision: 036e937a22a2
slave: t-w864-ix-045

TEST-UNEXPECTED-FAIL | chrome://mochitests/content/browser/browser/base/content/test/browser_locationBarCommand.js | New URL is loaded in new window - Got , expected example.com
TypeError: gControllerSources.getCache is not a function: testStateBeforeReload@chrome://mochitests/content/browser/browser/devtools/debugger/test/browser_dbg_sources-cache.js:117
TypeError: profile is undefined: Sidebar.prototype<.getItemByProfile@resource://gre/modules/commonjs/toolkit/loader.js -> resource:///modules/devtools/profiler/sidebar.js:91
TypeError: this.selectedEditor.sourceEditor is null: @resource:///modules/devtools/StyleEditorUI.jsm:154
TypeError: this.selectedEditor.sourceEditor is null: @resource:///modules/devtools/StyleEditorUI.jsm:154
TypeError: this.selectedEditor.sourceEditor is null: @resource:///modules/devtools/StyleEditorUI.jsm:154
TypeError: this.selectedEditor.sourceEditor is null: @resource:///modules/devtools/StyleEditorUI.jsm:154
TypeError: this.selectedEditor.sourceEditor is null: @resource:///modules/devtools/StyleEditorUI.jsm:154
TypeError: this.selectedEditor.sourceEditor is null: @resource:///modules/devtools/StyleEditorUI.jsm:154
TypeError: this.selectedEditor.sourceEditor is null: @resource:///modules/devtools/StyleEditorUI.jsm:154
TypeError: this.selectedEditor.sourceEditor is null: @resource:///modules/devtools/StyleEditorUI.jsm:154
RyanVM
https://tbpl.mozilla.org/php/getParsedLog.php?id=25991669&tree=Mozilla-Inbound
Windows 7 32-bit mozilla-inbound opt test mochitest-browser-chrome on 2013-07-31 15:11:07
revision: f76c013e50a6
slave: t-w732-ix-021

TEST-UNEXPECTED-FAIL | chrome://mochitests/content/browser/browser/base/content/test/browser_locationBarCommand.js | New URL is loaded in new window - Got , expected example.com
TypeError: profile is undefined: Sidebar.prototype<.getItemByProfile@resource://gre/modules/commonjs/toolkit/loader.js -> resource:///modules/devtools/profiler/sidebar.js:91
TypeError: this.selectedEditor.sourceEditor is null: @resource:///modules/devtools/StyleEditorUI.jsm:154
TypeError: this.selectedEditor.sourceEditor is null: @resource:///modules/devtools/StyleEditorUI.jsm:154
TypeError: this.selectedEditor.sourceEditor is null: @resource:///modules/devtools/StyleEditorUI.jsm:154
TypeError: this.selectedEditor.sourceEditor is null: @resource:///modules/devtools/StyleEditorUI.jsm:154
TypeError: this.selectedEditor.sourceEditor is null: @resource:///modules/devtools/StyleEditorUI.jsm:154
TypeError: this.selectedEditor.sourceEditor is null: @resource:///modules/devtools/StyleEditorUI.jsm:154
TypeError: this.selectedEditor.sourceEditor is null: @resource:///modules/devtools/StyleEditorUI.jsm:154
TypeError: this.selectedEditor.sourceEditor is null: @resource:///modules/devtools/StyleEditorUI.jsm:154
KWierso
https://tbpl.mozilla.org/php/getParsedLog.php?id=25995467&tree=Mozilla-Inbound
Windows XP 32-bit mozilla-inbound opt test mochitest-browser-chrome on 2013-07-31 16:27:57
revision: bd49d8389a9b
slave: t-xp32-ix-047

TEST-UNEXPECTED-FAIL | chrome://mochitests/content/browser/browser/base/content/test/browser_locationBarCommand.js | New URL is loaded in new window - Got , expected example.com
TypeError: profile is undefined: Sidebar.prototype<.getItemByProfile@resource://gre/modules/commonjs/toolkit/loader.js -> resource:///modules/devtools/profiler/sidebar.js:91
TypeError: this.selectedEditor.sourceEditor is null: @resource:///modules/devtools/StyleEditorUI.jsm:154
TypeError: this.selectedEditor.sourceEditor is null: @resource:///modules/devtools/StyleEditorUI.jsm:154
TypeError: this.selectedEditor.sourceEditor is null: @resource:///modules/devtools/StyleEditorUI.jsm:154
TypeError: this.selectedEditor.sourceEditor is null: @resource:///modules/devtools/StyleEditorUI.jsm:154
TypeError: this.selectedEditor.sourceEditor is null: @resource:///modules/devtools/StyleEditorUI.jsm:154
TypeError: this.selectedEditor.sourceEditor is null: @resource:///modules/devtools/StyleEditorUI.jsm:154
TypeError: this.selectedEditor.sourceEditor is null: @resource:///modules/devtools/StyleEditorUI.jsm:154
TypeError: this.selectedEditor.sourceEditor is null: @resource:///modules/devtools/StyleEditorUI.jsm:154
RyanVM
https://tbpl.mozilla.org/php/getParsedLog.php?id=25996980&tree=Mozilla-Inbound
Windows XP 32-bit mozilla-inbound opt test mochitest-browser-chrome on 2013-07-31 16:59:59
revision: 2809a0f567ca
slave: t-xp32-ix-107

TEST-UNEXPECTED-FAIL | chrome://mochitests/content/browser/browser/base/content/test/browser_locationBarCommand.js | New URL is loaded in new window - Got , expected example.com
TypeError: profile is undefined: Sidebar.prototype<.getItemByProfile@resource://gre/modules/commonjs/toolkit/loader.js -> resource:///modules/devtools/profiler/sidebar.js:91
TypeError: this.selectedEditor.sourceEditor is null: @resource:///modules/devtools/StyleEditorUI.jsm:154
TypeError: this.selectedEditor.sourceEditor is null: @resource:///modules/devtools/StyleEditorUI.jsm:154
TypeError: this.selectedEditor.sourceEditor is null: @resource:///modules/devtools/StyleEditorUI.jsm:154
TypeError: this.selectedEditor.sourceEditor is null: @resource:///modules/devtools/StyleEditorUI.jsm:154
TypeError: this.selectedEditor.sourceEditor is null: @resource:///modules/devtools/StyleEditorUI.jsm:154
TypeError: this.selectedEditor.sourceEditor is null: @resource:///modules/devtools/StyleEditorUI.jsm:154
TypeError: this.selectedEditor.sourceEditor is null: @resource:///modules/devtools/StyleEditorUI.jsm:154
TypeError: this.selectedEditor.sourceEditor is null: @resource:///modules/devtools/StyleEditorUI.jsm:154
KWierso
https://tbpl.mozilla.org/php/getParsedLog.php?id=26003054&tree=Mozilla-Inbound
Windows 7 32-bit mozilla-inbound opt test mochitest-browser-chrome on 2013-07-31 19:36:04
revision: 0eff8f365863
slave: t-w732-ix-072

TEST-UNEXPECTED-FAIL | chrome://mochitests/content/browser/browser/base/content/test/browser_locationBarCommand.js | New URL is loaded in new window - Got , expected example.com
TypeError: profile is undefined: Sidebar.prototype<.getItemByProfile@resource://gre/modules/commonjs/toolkit/loader.js -> resource:///modules/devtools/profiler/sidebar.js:91
TypeError: this.selectedEditor.sourceEditor is null: @resource:///modules/devtools/StyleEditorUI.jsm:154
TypeError: this.selectedEditor.sourceEditor is null: @resource:///modules/devtools/StyleEditorUI.jsm:154
TypeError: this.selectedEditor.sourceEditor is null: @resource:///modules/devtools/StyleEditorUI.jsm:154
TypeError: this.selectedEditor.sourceEditor is null: @resource:///modules/devtools/StyleEditorUI.jsm:154
TypeError: this.selectedEditor.sourceEditor is null: @resource:///modules/devtools/StyleEditorUI.jsm:154
TypeError: this.selectedEditor.sourceEditor is null: @resource:///modules/devtools/StyleEditorUI.jsm:154
TypeError: this.selectedEditor.sourceEditor is null: @resource:///modules/devtools/StyleEditorUI.jsm:154
TypeError: this.selectedEditor.sourceEditor is null: @resource:///modules/devtools/StyleEditorUI.jsm:154
KWierso
https://tbpl.mozilla.org/php/getParsedLog.php?id=26005229&tree=Mozilla-Inbound
Windows XP 32-bit mozilla-inbound opt test mochitest-browser-chrome on 2013-07-31 20:33:54
revision: 6d2419297ec8
slave: t-xp32-ix-067

TEST-UNEXPECTED-FAIL | chrome://mochitests/content/browser/browser/base/content/test/browser_locationBarCommand.js | New URL is loaded in new window - Got , expected example.com
TypeError: profile is undefined: Sidebar.prototype<.getItemByProfile@resource://gre/modules/commonjs/toolkit/loader.js -> resource:///modules/devtools/profiler/sidebar.js:91
TypeError: this.selectedEditor.sourceEditor is null: @resource:///modules/devtools/StyleEditorUI.jsm:154
TypeError: this.selectedEditor.sourceEditor is null: @resource:///modules/devtools/StyleEditorUI.jsm:154
TypeError: this.selectedEditor.sourceEditor is null: @resource:///modules/devtools/StyleEditorUI.jsm:154
TypeError: this.selectedEditor.sourceEditor is null: @resource:///modules/devtools/StyleEditorUI.jsm:154
TypeError: this.selectedEditor.sourceEditor is null: @resource:///modules/devtools/StyleEditorUI.jsm:154
TypeError: this.selectedEditor.sourceEditor is null: @resource:///modules/devtools/StyleEditorUI.jsm:154
TypeError: this.selectedEditor.sourceEditor is null: @resource:///modules/devtools/StyleEditorUI.jsm:154
TypeError: this.selectedEditor.sourceEditor is null: @resource:///modules/devtools/StyleEditorUI.jsm:154
Tomcat
https://tbpl.mozilla.org/php/getParsedLog.php?id=26011364&tree=Mozilla-Inbound
WINNT 6.2 mozilla-inbound opt test mochitest-browser-chrome on 2013-07-31 23:05:17
revision: 95cf8e61d70d
slave: t-w864-ix-104

TEST-UNEXPECTED-FAIL | chrome://mochitests/content/browser/browser/base/content/test/browser_locationBarCommand.js | New URL is loaded in new window - Got , expected example.com
TypeError: profile is undefined: Sidebar.prototype<.getItemByProfile@resource://gre/modules/commonjs/toolkit/loader.js -> resource:///modules/devtools/profiler/sidebar.js:91
TypeError: this.selectedEditor.sourceEditor is null: @resource:///modules/devtools/StyleEditorUI.jsm:154
TypeError: this.selectedEditor.sourceEditor is null: @resource:///modules/devtools/StyleEditorUI.jsm:154
TypeError: this.selectedEditor.sourceEditor is null: @resource:///modules/devtools/StyleEditorUI.jsm:154
TypeError: this.selectedEditor.sourceEditor is null: @resource:///modules/devtools/StyleEditorUI.jsm:154
TypeError: this.selectedEditor.sourceEditor is null: @resource:///modules/devtools/StyleEditorUI.jsm:154
TypeError: this.selectedEditor.sourceEditor is null: @resource:///modules/devtools/StyleEditorUI.jsm:154
TypeError: this.selectedEditor.sourceEditor is null: @resource:///modules/devtools/StyleEditorUI.jsm:154
TypeError: this.selectedEditor.sourceEditor is null: @resource:///modules/devtools/StyleEditorUI.jsm:154
MattN
https://tbpl.mozilla.org/php/getParsedLog.php?id=26030373&tree=UX
Windows XP 32-bit ux opt test mochitest-browser-chrome on 2013-08-01 10:24:05
revision: 5e4b78602313
slave: t-xp32-ix-043

TEST-UNEXPECTED-FAIL | chrome://mochitests/content/browser/browser/base/content/test/browser_locationBarCommand.js | New URL is loaded in new window - Got , expected example.com
TypeError: profile is undefined: Sidebar.prototype<.getItemByProfile@resource://gre/modules/commonjs/toolkit/loader.js -> resource:///modules/devtools/profiler/sidebar.js:91
TypeError: this.selectedEditor.sourceEditor is null: @resource:///modules/devtools/StyleEditorUI.jsm:154
TypeError: this.selectedEditor.sourceEditor is null: @resource:///modules/devtools/StyleEditorUI.jsm:154
TypeError: this.selectedEditor.sourceEditor is null: @resource:///modules/devtools/StyleEditorUI.jsm:154
TypeError: this.selectedEditor.sourceEditor is null: @resource:///modules/devtools/StyleEditorUI.jsm:154
TypeError: this.selectedEditor.sourceEditor is null: @resource:///modules/devtools/StyleEditorUI.jsm:154
TypeError: this.selectedEditor.sourceEditor is null: @resource:///modules/devtools/StyleEditorUI.jsm:154
TypeError: this.selectedEditor.sourceEditor is null: @resource:///modules/devtools/StyleEditorUI.jsm:154
TypeError: this.selectedEditor.sourceEditor is null: @resource:///modules/devtools/StyleEditorUI.jsm:154
RyanVM
https://tbpl.mozilla.org/php/getParsedLog.php?id=26051276&tree=Mozilla-Inbound
Windows XP 32-bit mozilla-inbound opt test mochitest-browser-chrome on 2013-08-01 19:11:57
revision: 10468c8e4d75
slave: t-xp32-ix-047

TEST-UNEXPECTED-FAIL | chrome://mochitests/content/browser/browser/base/content/test/browser_locationBarCommand.js | New URL is loaded in new window - Got , expected example.com
TypeError: profile is undefined: Sidebar.prototype<.getItemByProfile@resource://gre/modules/commonjs/toolkit/loader.js -> resource:///modules/devtools/profiler/sidebar.js:91
TypeError: this.selectedEditor.sourceEditor is null: @resource:///modules/devtools/StyleEditorUI.jsm:154
TypeError: this.selectedEditor.sourceEditor is null: @resource:///modules/devtools/StyleEditorUI.jsm:154
TypeError: this.selectedEditor.sourceEditor is null: @resource:///modules/devtools/StyleEditorUI.jsm:154
TypeError: this.selectedEditor.sourceEditor is null: @resource:///modules/devtools/StyleEditorUI.jsm:154
TypeError: this.selectedEditor.sourceEditor is null: @resource:///modules/devtools/StyleEditorUI.jsm:154
TypeError: this.selectedEditor.sourceEditor is null: @resource:///modules/devtools/StyleEditorUI.jsm:154
TypeError: this.selectedEditor.sourceEditor is null: @resource:///modules/devtools/StyleEditorUI.jsm:154
TypeError: this.selectedEditor.sourceEditor is null: @resource:///modules/devtools/StyleEditorUI.jsm:154
TypeError: this._tabs is null
Tomcat
https://tbpl.mozilla.org/php/getParsedLog.php?id=26057913&tree=Fx-Team
WINNT 6.2 fx-team pgo test mochitest-browser-chrome on 2013-08-01 21:39:35
revision: 76db98535799
slave: t-w864-ix-063

TEST-UNEXPECTED-FAIL | chrome://mochitests/content/browser/browser/base/content/test/browser_locationBarCommand.js | New URL is loaded in new window - Got , expected example.com
TypeError: profile is undefined: Sidebar.prototype<.getItemByProfile@resource://gre/modules/commonjs/toolkit/loader.js -> resource:///modules/devtools/profiler/sidebar.js:91
TypeError: this.selectedEditor.sourceEditor is null: @resource:///modules/devtools/StyleEditorUI.jsm:154
TypeError: this.selectedEditor.sourceEditor is null: @resource:///modules/devtools/StyleEditorUI.jsm:154
TypeError: this.selectedEditor.sourceEditor is null: @resource:///modules/devtools/StyleEditorUI.jsm:154
TypeError: this.selectedEditor.sourceEditor is null: @resource:///modules/devtools/StyleEditorUI.jsm:154
TypeError: this.selectedEditor.sourceEditor is null: @resource:///modules/devtools/StyleEditorUI.jsm:154
TypeError: this.selectedEditor.sourceEditor is null: @resource:///modules/devtools/StyleEditorUI.jsm:154
TypeError: this.selectedEditor.sourceEditor is null: @resource:///modules/devtools/StyleEditorUI.jsm:154
TypeError: this.selectedEditor.sourceEditor is null: @resource:///modules/devtools/StyleEditorUI.jsm:154
edmorley
https://tbpl.mozilla.org/php/getParsedLog.php?id=26068573&tree=Mozilla-Inbound
Windows XP 32-bit mozilla-inbound opt test mochitest-browser-chrome on 2013-08-02 04:00:53
revision: a51321e4a846
slave: t-xp32-ix-040

TEST-UNEXPECTED-FAIL | chrome://mochitests/content/browser/browser/base/content/test/browser_locationBarCommand.js | New URL is loaded in new window - Got , expected example.com
TypeError: profile is undefined: Sidebar.prototype<.getItemByProfile@resource://gre/modules/commonjs/toolkit/loader.js -> resource:///modules/devtools/profiler/sidebar.js:91
TypeError: this.selectedEditor.sourceEditor is null: @resource:///modules/devtools/StyleEditorUI.jsm:154
TypeError: this.selectedEditor.sourceEditor is null: @resource:///modules/devtools/StyleEditorUI.jsm:154
TypeError: this.selectedEditor.sourceEditor is null: @resource:///modules/devtools/StyleEditorUI.jsm:154
TypeError: this.selectedEditor.sourceEditor is null: @resource:///modules/devtools/StyleEditorUI.jsm:154
TypeError: this.selectedEditor.sourceEditor is null: @resource:///modules/devtools/StyleEditorUI.jsm:154
TypeError: this.selectedEditor.sourceEditor is null: @resource:///modules/devtools/StyleEditorUI.jsm:154
TypeError: this.selectedEditor.sourceEditor is null: @resource:///modules/devtools/StyleEditorUI.jsm:154
TypeError: this.selectedEditor.sourceEditor is null: @resource:///modules/devtools/StyleEditorUI.jsm:154
Tim/Gavin, any more luck with this since comment 215? :-)
I didn't have time to investigate it more. Any help is definitely welcome. Gavin and I talked about it shortly but we were both puzzled as to why pageshow for a page can be dispatched but onLocationChange isn't.
edmorley
https://tbpl.mozilla.org/php/getParsedLog.php?id=26076688&tree=Fx-Team
Windows 7 32-bit fx-team opt test mochitest-browser-chrome on 2013-08-02 08:10:08
revision: bcbc5a0ed405
slave: t-w732-ix-130

TEST-UNEXPECTED-FAIL | chrome://mochitests/content/browser/browser/base/content/test/browser_locationBarCommand.js | New URL is loaded in new window - Got , expected example.com
TypeError: profile is undefined: Sidebar.prototype<.getItemByProfile@resource://gre/modules/commonjs/toolkit/loader.js -> resource:///modules/devtools/profiler/sidebar.js:91
TypeError: this.selectedEditor.sourceEditor is null: @resource:///modules/devtools/StyleEditorUI.jsm:154
TypeError: this.selectedEditor.sourceEditor is null: @resource:///modules/devtools/StyleEditorUI.jsm:154
TypeError: this.selectedEditor.sourceEditor is null: @resource:///modules/devtools/StyleEditorUI.jsm:154
TypeError: this.selectedEditor.sourceEditor is null: @resource:///modules/devtools/StyleEditorUI.jsm:154
TypeError: this.selectedEditor.sourceEditor is null: @resource:///modules/devtools/StyleEditorUI.jsm:154
TypeError: this.selectedEditor.sourceEditor is null: @resource:///modules/devtools/StyleEditorUI.jsm:154
TypeError: this.selectedEditor.sourceEditor is null: @resource:///modules/devtools/StyleEditorUI.jsm:154
TypeError: this.selectedEditor.sourceEditor is null: @resource:///modules/devtools/StyleEditorUI.jsm:154
RyanVM
https://tbpl.mozilla.org/php/getParsedLog.php?id=26082837&tree=Mozilla-Inbound
Windows XP 32-bit mozilla-inbound opt test mochitest-browser-chrome on 2013-08-02 10:35:17
revision: 434d827b2d09
slave: t-xp32-ix-023

TEST-UNEXPECTED-FAIL | chrome://mochitests/content/browser/browser/base/content/test/browser_locationBarCommand.js | New URL is loaded in new window - Got , expected example.com
TypeError: profile is undefined: Sidebar.prototype<.getItemByProfile@resource://gre/modules/commonjs/toolkit/loader.js -> resource:///modules/devtools/profiler/sidebar.js:91
TypeError: this.selectedEditor.sourceEditor is null: @resource:///modules/devtools/StyleEditorUI.jsm:154
TypeError: this.selectedEditor.sourceEditor is null: @resource:///modules/devtools/StyleEditorUI.jsm:154
TypeError: this.selectedEditor.sourceEditor is null: @resource:///modules/devtools/StyleEditorUI.jsm:154
TypeError: this.selectedEditor.sourceEditor is null: @resource:///modules/devtools/StyleEditorUI.jsm:154
TypeError: this.selectedEditor.sourceEditor is null: @resource:///modules/devtools/StyleEditorUI.jsm:154
TypeError: this.selectedEditor.sourceEditor is null: @resource:///modules/devtools/StyleEditorUI.jsm:154
TypeError: this.selectedEditor.sourceEditor is null: @resource:///modules/devtools/StyleEditorUI.jsm:154
TypeError: this.selectedEditor.sourceEditor is null: @resource:///modules/devtools/StyleEditorUI.jsm:154
RyanVM
https://tbpl.mozilla.org/php/getParsedLog.php?id=26082834&tree=Mozilla-Inbound
Windows 7 32-bit mozilla-inbound opt test mochitest-browser-chrome on 2013-08-02 10:35:19
revision: 434d827b2d09
slave: t-w732-ix-126

TEST-UNEXPECTED-FAIL | chrome://mochitests/content/browser/browser/base/content/test/browser_locationBarCommand.js | New URL is loaded in new window - Got , expected example.com
TypeError: profile is undefined: Sidebar.prototype<.getItemByProfile@resource://gre/modules/commonjs/toolkit/loader.js -> resource:///modules/devtools/profiler/sidebar.js:91
TypeError: this.selectedEditor.sourceEditor is null: @resource:///modules/devtools/StyleEditorUI.jsm:154
TypeError: this.selectedEditor.sourceEditor is null: @resource:///modules/devtools/StyleEditorUI.jsm:154
TypeError: this.selectedEditor.sourceEditor is null: @resource:///modules/devtools/StyleEditorUI.jsm:154
TypeError: this.selectedEditor.sourceEditor is null: @resource:///modules/devtools/StyleEditorUI.jsm:154
TypeError: this.selectedEditor.sourceEditor is null: @resource:///modules/devtools/StyleEditorUI.jsm:154
TypeError: this.selectedEditor.sourceEditor is null: @resource:///modules/devtools/StyleEditorUI.jsm:154
TypeError: this.selectedEditor.sourceEditor is null: @resource:///modules/devtools/StyleEditorUI.jsm:154
TypeError: this.selectedEditor.sourceEditor is null: @resource:///modules/devtools/StyleEditorUI.jsm:154
RyanVM
https://tbpl.mozilla.org/php/getParsedLog.php?id=26084340&tree=Mozilla-Inbound
Windows 7 32-bit mozilla-inbound opt test mochitest-browser-chrome on 2013-08-02 11:06:13
revision: 7fe79f773eb4
slave: t-w732-ix-053

TEST-UNEXPECTED-FAIL | chrome://mochitests/content/browser/browser/base/content/test/browser_locationBarCommand.js | New URL is loaded in new window - Got , expected example.com
TypeError: profile is undefined: Sidebar.prototype<.getItemByProfile@resource://gre/modules/commonjs/toolkit/loader.js -> resource:///modules/devtools/profiler/sidebar.js:91
TypeError: this.selectedEditor.sourceEditor is null: @resource:///modules/devtools/StyleEditorUI.jsm:154
TypeError: this.selectedEditor.sourceEditor is null: @resource:///modules/devtools/StyleEditorUI.jsm:154
TypeError: this.selectedEditor.sourceEditor is null: @resource:///modules/devtools/StyleEditorUI.jsm:154
TypeError: this.selectedEditor.sourceEditor is null: @resource:///modules/devtools/StyleEditorUI.jsm:154
TypeError: this.selectedEditor.sourceEditor is null: @resource:///modules/devtools/StyleEditorUI.jsm:154
TypeError: this.selectedEditor.sourceEditor is null: @resource:///modules/devtools/StyleEditorUI.jsm:154
TypeError: this.selectedEditor.sourceEditor is null: @resource:///modules/devtools/StyleEditorUI.jsm:154
TypeError: this.selectedEditor.sourceEditor is null: @resource:///modules/devtools/StyleEditorUI.jsm:154
RyanVM
https://tbpl.mozilla.org/php/getParsedLog.php?id=26084905&tree=Mozilla-Inbound
Windows 7 32-bit mozilla-inbound opt test mochitest-browser-chrome on 2013-08-02 11:18:31
revision: 93f36094bf6f
slave: t-w732-ix-081

TEST-UNEXPECTED-FAIL | chrome://mochitests/content/browser/browser/base/content/test/browser_locationBarCommand.js | New URL is loaded in new window - Got , expected example.com
TypeError: profile is undefined: Sidebar.prototype<.getItemByProfile@resource://gre/modules/commonjs/toolkit/loader.js -> resource:///modules/devtools/profiler/sidebar.js:91
TypeError: this.selectedEditor.sourceEditor is null: @resource:///modules/devtools/StyleEditorUI.jsm:154
TypeError: this.selectedEditor.sourceEditor is null: @resource:///modules/devtools/StyleEditorUI.jsm:154
TypeError: this.selectedEditor.sourceEditor is null: @resource:///modules/devtools/StyleEditorUI.jsm:154
TypeError: this.selectedEditor.sourceEditor is null: @resource:///modules/devtools/StyleEditorUI.jsm:154
TypeError: this.selectedEditor.sourceEditor is null: @resource:///modules/devtools/StyleEditorUI.jsm:154
TypeError: this.selectedEditor.sourceEditor is null: @resource:///modules/devtools/StyleEditorUI.jsm:154
TypeError: this.selectedEditor.sourceEditor is null: @resource:///modules/devtools/StyleEditorUI.jsm:154
TypeError: this.selectedEditor.sourceEditor is null: @resource:///modules/devtools/StyleEditorUI.jsm:154
mak77%bonardo.net
https://tbpl.mozilla.org/php/getParsedLog.php?id=26087628&tree=UX
Windows XP 32-bit ux opt test mochitest-browser-chrome on 2013-08-02 12:24:19
revision: 05b4f93ec4d9
slave: t-xp32-ix-006

TEST-UNEXPECTED-FAIL | chrome://mochitests/content/browser/browser/base/content/test/browser_lastAccessedTab.js | Timestamp less than or equal current Date.
TEST-UNEXPECTED-FAIL | chrome://mochitests/content/browser/browser/base/content/test/browser_locationBarCommand.js | New URL is loaded in new window - Got , expected example.com
TypeError: profile is undefined: Sidebar.prototype<.getItemByProfile@resource://gre/modules/commonjs/toolkit/loader.js -> resource:///modules/devtools/profiler/sidebar.js:91
TypeError: this.selectedEditor.sourceEditor is null: @resource:///modules/devtools/StyleEditorUI.jsm:154
TypeError: this.selectedEditor.sourceEditor is null: @resource:///modules/devtools/StyleEditorUI.jsm:154
TypeError: this.selectedEditor.sourceEditor is null: @resource:///modules/devtools/StyleEditorUI.jsm:154
TypeError: this.selectedEditor.sourceEditor is null: @resource:///modules/devtools/StyleEditorUI.jsm:154
TypeError: this.selectedEditor.sourceEditor is null: @resource:///modules/devtools/StyleEditorUI.jsm:154
TypeError: this.selectedEditor.sourceEditor is null: @resource:///modules/devtools/StyleEditorUI.jsm:154
TypeError: this.selectedEditor.sourceEditor is null: @resource:///modules/devtools/StyleEditorUI.jsm:154
TypeError: this.selectedEditor.sourceEditor is null: @resource:///modules/devtools/StyleEditorUI.jsm:154
RyanVM
https://tbpl.mozilla.org/php/getParsedLog.php?id=26088354&tree=Mozilla-Inbound
WINNT 6.2 mozilla-inbound pgo test mochitest-browser-chrome on 2013-08-02 12:45:37
revision: 32dc36c6af9f
slave: t-w864-ix-108

TEST-UNEXPECTED-FAIL | chrome://mochitests/content/browser/browser/base/content/test/browser_locationBarCommand.js | New URL is loaded in new window - Got , expected example.com
TypeError: profile is undefined: Sidebar.prototype<.getItemByProfile@resource://gre/modules/commonjs/toolkit/loader.js -> resource:///modules/devtools/profiler/sidebar.js:91
TypeError: this.selectedEditor.sourceEditor is null: @resource:///modules/devtools/StyleEditorUI.jsm:154
TypeError: this.selectedEditor.sourceEditor is null: @resource:///modules/devtools/StyleEditorUI.jsm:154
TypeError: this.selectedEditor.sourceEditor is null: @resource:///modules/devtools/StyleEditorUI.jsm:154
TypeError: this.selectedEditor.sourceEditor is null: @resource:///modules/devtools/StyleEditorUI.jsm:154
TypeError: this.selectedEditor.sourceEditor is null: @resource:///modules/devtools/StyleEditorUI.jsm:154
TypeError: this.selectedEditor.sourceEditor is null: @resource:///modules/devtools/StyleEditorUI.jsm:154
TypeError: this.selectedEditor.sourceEditor is null: @resource:///modules/devtools/StyleEditorUI.jsm:154
TypeError: this.selectedEditor.sourceEditor is null: @resource:///modules/devtools/StyleEditorUI.jsm:154
RyanVM
https://tbpl.mozilla.org/php/getParsedLog.php?id=26094001&tree=Mozilla-Inbound
Windows XP 32-bit mozilla-inbound opt test mochitest-browser-chrome on 2013-08-02 15:20:06
revision: d2ce76654a6a
slave: t-xp32-ix-008

TEST-UNEXPECTED-FAIL | chrome://mochitests/content/browser/browser/base/content/test/browser_locationBarCommand.js | New URL is loaded in new window - Got , expected example.com
TypeError: profile is undefined: Sidebar.prototype<.getItemByProfile@resource://gre/modules/commonjs/toolkit/loader.js -> resource:///modules/devtools/profiler/sidebar.js:91
TypeError: this.selectedEditor.sourceEditor is null: @resource:///modules/devtools/StyleEditorUI.jsm:154
TypeError: this.selectedEditor.sourceEditor is null: @resource:///modules/devtools/StyleEditorUI.jsm:154
TypeError: this.selectedEditor.sourceEditor is null: @resource:///modules/devtools/StyleEditorUI.jsm:154
TypeError: this.selectedEditor.sourceEditor is null: @resource:///modules/devtools/StyleEditorUI.jsm:154
TypeError: this.selectedEditor.sourceEditor is null: @resource:///modules/devtools/StyleEditorUI.jsm:154
TypeError: this.selectedEditor.sourceEditor is null: @resource:///modules/devtools/StyleEditorUI.jsm:154
TypeError: this.selectedEditor.sourceEditor is null: @resource:///modules/devtools/StyleEditorUI.jsm:154
TypeError: this.selectedEditor.sourceEditor is null: @resource:///modules/devtools/StyleEditorUI.jsm:154
RyanVM
https://tbpl.mozilla.org/php/getParsedLog.php?id=26099981&tree=Fx-Team
Windows XP 32-bit fx-team opt test mochitest-browser-chrome on 2013-08-02 17:44:04
revision: 401a4773b7c8
slave: t-xp32-ix-063

TEST-UNEXPECTED-FAIL | chrome://mochitests/content/browser/browser/base/content/test/browser_locationBarCommand.js | New URL is loaded in new window - Got , expected example.com
TypeError: profile is undefined: Sidebar.prototype<.getItemByProfile@resource://gre/modules/commonjs/toolkit/loader.js -> resource:///modules/devtools/profiler/sidebar.js:91
TypeError: this.selectedEditor.sourceEditor is null: @resource:///modules/devtools/StyleEditorUI.jsm:154
TypeError: this.selectedEditor.sourceEditor is null: @resource:///modules/devtools/StyleEditorUI.jsm:154
TypeError: this.selectedEditor.sourceEditor is null: @resource:///modules/devtools/StyleEditorUI.jsm:154
TypeError: this.selectedEditor.sourceEditor is null: @resource:///modules/devtools/StyleEditorUI.jsm:154
TypeError: this.selectedEditor.sourceEditor is null: @resource:///modules/devtools/StyleEditorUI.jsm:154
TypeError: this.selectedEditor.sourceEditor is null: @resource:///modules/devtools/StyleEditorUI.jsm:154
TypeError: this.selectedEditor.sourceEditor is null: @resource:///modules/devtools/StyleEditorUI.jsm:154
TypeError: this.selectedEditor.sourceEditor is null: @resource:///modules/devtools/StyleEditorUI.jsm:154
KWierso
https://tbpl.mozilla.org/php/getParsedLog.php?id=26102676&tree=Fx-Team
Windows XP 32-bit fx-team opt test mochitest-browser-chrome on 2013-08-02 18:43:02
revision: 54eaa5ca86e7
slave: t-xp32-ix-101

TEST-UNEXPECTED-FAIL | chrome://mochitests/content/browser/browser/base/content/test/browser_locationBarCommand.js | New URL is loaded in new window - Got , expected example.com
TypeError: profile is undefined: Sidebar.prototype<.getItemByProfile@resource://gre/modules/commonjs/toolkit/loader.js -> resource:///modules/devtools/profiler/sidebar.js:91
TypeError: this.selectedEditor.sourceEditor is null: @resource:///modules/devtools/StyleEditorUI.jsm:154
TypeError: this.selectedEditor.sourceEditor is null: @resource:///modules/devtools/StyleEditorUI.jsm:154
TypeError: this.selectedEditor.sourceEditor is null: @resource:///modules/devtools/StyleEditorUI.jsm:154
TypeError: this.selectedEditor.sourceEditor is null: @resource:///modules/devtools/StyleEditorUI.jsm:154
TypeError: this.selectedEditor.sourceEditor is null: @resource:///modules/devtools/StyleEditorUI.jsm:154
TypeError: this.selectedEditor.sourceEditor is null: @resource:///modules/devtools/StyleEditorUI.jsm:154
TypeError: this.selectedEditor.sourceEditor is null: @resource:///modules/devtools/StyleEditorUI.jsm:154
TypeError: this.selectedEditor.sourceEditor is null: @resource:///modules/devtools/StyleEditorUI.jsm:154
msucan
https://tbpl.mozilla.org/php/getParsedLog.php?id=26114252&tree=Try
Windows XP 32-bit try opt test mochitest-browser-chrome on 2013-08-03 01:52:02
revision: 0258b12aba0b
slave: t-xp32-ix-023

TEST-UNEXPECTED-FAIL | chrome://mochitests/content/browser/browser/base/content/test/browser_locationBarCommand.js | New URL is loaded in new window - Got , expected example.com
TypeError: profile is undefined: Sidebar.prototype<.getItemByProfile@resource://gre/modules/commonjs/toolkit/loader.js -> resource:///modules/devtools/profiler/sidebar.js:91
TypeError: this.selectedEditor.sourceEditor is null: @resource:///modules/devtools/StyleEditorUI.jsm:154
TypeError: this.selectedEditor.sourceEditor is null: @resource:///modules/devtools/StyleEditorUI.jsm:154
TypeError: this.selectedEditor.sourceEditor is null: @resource:///modules/devtools/StyleEditorUI.jsm:154
TypeError: this.selectedEditor.sourceEditor is null: @resource:///modules/devtools/StyleEditorUI.jsm:154
TypeError: this.selectedEditor.sourceEditor is null: @resource:///modules/devtools/StyleEditorUI.jsm:154
TypeError: this.selectedEditor.sourceEditor is null: @resource:///modules/devtools/StyleEditorUI.jsm:154
TypeError: this.selectedEditor.sourceEditor is null: @resource:///modules/devtools/StyleEditorUI.jsm:154
TypeError: this.selectedEditor.sourceEditor is null: @resource:///modules/devtools/StyleEditorUI.jsm:154
jfkthame
https://tbpl.mozilla.org/php/getParsedLog.php?id=26113823&tree=Mozilla-Inbound
Windows XP 32-bit mozilla-inbound opt test mochitest-browser-chrome on 2013-08-03 01:29:01
revision: 5197eef777dd
slave: t-xp32-ix-017

TEST-UNEXPECTED-FAIL | chrome://mochitests/content/browser/browser/base/content/test/browser_locationBarCommand.js | New URL is loaded in new window - Got , expected example.com
TypeError: profile is undefined: Sidebar.prototype<.getItemByProfile@resource://gre/modules/commonjs/toolkit/loader.js -> resource:///modules/devtools/profiler/sidebar.js:91
TypeError: this.selectedEditor.sourceEditor is null: @resource:///modules/devtools/StyleEditorUI.jsm:154
TypeError: this.selectedEditor.sourceEditor is null: @resource:///modules/devtools/StyleEditorUI.jsm:154
TypeError: this.selectedEditor.sourceEditor is null: @resource:///modules/devtools/StyleEditorUI.jsm:154
TypeError: this.selectedEditor.sourceEditor is null: @resource:///modules/devtools/StyleEditorUI.jsm:154
TypeError: this.selectedEditor.sourceEditor is null: @resource:///modules/devtools/StyleEditorUI.jsm:154
TypeError: this.selectedEditor.sourceEditor is null: @resource:///modules/devtools/StyleEditorUI.jsm:154
TypeError: this.selectedEditor.sourceEditor is null: @resource:///modules/devtools/StyleEditorUI.jsm:154
TypeError: this.selectedEditor.sourceEditor is null: @resource:///modules/devtools/StyleEditorUI.jsm:154
KWierso
https://tbpl.mozilla.org/php/getParsedLog.php?id=26122591&tree=Fx-Team
WINNT 6.2 fx-team pgo test mochitest-browser-chrome on 2013-08-03 09:21:56
revision: 50247b78a831
slave: t-w864-ix-036

TEST-UNEXPECTED-FAIL | chrome://mochitests/content/browser/browser/base/content/test/browser_locationBarCommand.js | New URL is loaded in new window - Got , expected example.com
TypeError: profile is undefined: Sidebar.prototype<.getItemByProfile@resource://gre/modules/commonjs/toolkit/loader.js -> resource:///modules/devtools/profiler/sidebar.js:91
TypeError: this.selectedEditor.sourceEditor is null: @resource:///modules/devtools/StyleEditorUI.jsm:154
TypeError: this.selectedEditor.sourceEditor is null: @resource:///modules/devtools/StyleEditorUI.jsm:154
TypeError: this.selectedEditor.sourceEditor is null: @resource:///modules/devtools/StyleEditorUI.jsm:154
TypeError: this.selectedEditor.sourceEditor is null: @resource:///modules/devtools/StyleEditorUI.jsm:154
TypeError: this.selectedEditor.sourceEditor is null: @resource:///modules/devtools/StyleEditorUI.jsm:154
TypeError: this.selectedEditor.sourceEditor is null: @resource:///modules/devtools/StyleEditorUI.jsm:154
TypeError: this.selectedEditor.sourceEditor is null: @resource:///modules/devtools/StyleEditorUI.jsm:154
TypeError: this.selectedEditor.sourceEditor is null: @resource:///modules/devtools/StyleEditorUI.jsm:154
KWierso
https://tbpl.mozilla.org/php/getParsedLog.php?id=26122463&tree=Mozilla-Central
Windows 7 32-bit mozilla-central pgo test mochitest-browser-chrome on 2013-08-03 09:19:09
revision: 0a63cd911b4f
slave: t-w732-ix-059

TEST-UNEXPECTED-FAIL | chrome://mochitests/content/browser/browser/base/content/test/browser_locationBarCommand.js | New URL is loaded in new window - Got , expected example.com
TEST-UNEXPECTED-FAIL | chrome://mochitests/content/browser/browser/devtools/debugger/test/browser_dbg_bug723069_editor-breakpoints.js | The correct script is selected - Didn't expect http://example.com/browser/browser/devtools/debugger/test/test-script-switching-02.js, but got it
TEST-UNEXPECTED-FAIL | chrome://mochitests/content/browser/browser/devtools/debugger/test/browser_dbg_bug723069_editor-breakpoints.js | first script location is not the currently selected script - Didn't expect http://example.com/browser/browser/devtools/debugger/test/test-script-switching-02.js, but got it
TEST-UNEXPECTED-FAIL | chrome://mochitests/content/browser/browser/devtools/debugger/test/browser_dbg_bug723069_editor-breakpoints.js | breakpoint2 must not be added to the editor
TEST-UNEXPECTED-FAIL | chrome://mochitests/content/browser/browser/devtools/debugger/test/browser_dbg_bug723069_editor-breakpoints.js | breakpoint2 client line is correct - Got 6, expected 5
TEST-UNEXPECTED-FAIL | chrome://mochitests/content/browser/browser/devtools/debugger/test/browser_dbg_bug723069_editor-breakpoints.js | getBreakpoint(locations[0], 5) returns the correct breakpoint - Got null, expected [object Object]
TEST-UNEXPECTED-FAIL | chrome://mochitests/content/browser/browser/devtools/debugger/test/browser_dbg_bug723069_editor-breakpoints.js | no breakpoint was added to the editor - Got 1, expected 0
TEST-UNEXPECTED-FAIL | chrome://mochitests/content/browser/browser/devtools/debugger/test/browser_dbg_bug723069_editor-breakpoints.js | one breakpoint was removed from the editor - Got 0, expected 1
TEST-UNEXPECTED-FAIL | chrome://mochitests/content/browser/browser/devtools/debugger/test/browser_dbg_bug723069_editor-breakpoints.js | Test timed out
TEST-UNEXPECTED-FAIL | chrome://mochitests/content/browser/browser/devtools/debugger/test/browser_dbg_bug723069_editor-breakpoints.js | correct number of editor breakpoint changes - Got 5, expected 4
TypeError: profile is undefined: Sidebar.prototype<.getItemByProfile@resource://gre/modules/commonjs/toolkit/loader.js -> resource:///modules/devtools/profiler/sidebar.js:91
TypeError: this.selectedEditor.sourceEditor is null: @resource:///modules/devtools/StyleEditorUI.jsm:154
TypeError: this.selectedEditor.sourceEditor is null: @resource:///modules/devtools/StyleEditorUI.jsm:154
TypeError: this.selectedEditor.sourceEditor is null: @resource:///modules/devtools/StyleEditorUI.jsm:154
TypeError: this.selectedEditor.sourceEditor is null: @resource:///modules/devtools/StyleEditorUI.jsm:154
TypeError: this.selectedEditor.sourceEditor is null: @resource:///modules/devtools/StyleEditorUI.jsm:154
TypeError: this.selectedEditor.sourceEditor is null: @resource:///modules/devtools/StyleEditorUI.jsm:154
TypeError: this.selectedEditor.sourceEditor is null: @resource:///modules/devtools/StyleEditorUI.jsm:154
TypeError: this.selectedEditor.sourceEditor is null: @resource:///modules/devtools/StyleEditorUI.jsm:154
Latest try results are just in. onLocationChange() is not being called due to these lines in the mTabProgressListener:

> if (!this.mBlank) {
>   this._callProgressListeners("onLocationChange",
>                               [aWebProgress, aRequest, aLocation,
>                                aFlags]);
> }

http://hg.mozilla.org/mozilla-central/file/0a63cd911b4f/browser/base/content/tabbrowser.xml#l722

It seems like there is a race condition in that sometimes mBlank isn't set to false in the onStateChange handler. I might have an idea on how to fix this. Let's see what try says.
Tomcat
https://tbpl.mozilla.org/php/getParsedLog.php?id=26138958&tree=Mozilla-Inbound
Windows 7 32-bit mozilla-inbound opt test mochitest-browser-chrome on 2013-08-04 10:07:04
revision: 752a6805b83b
slave: t-w732-ix-091

TEST-UNEXPECTED-FAIL | chrome://mochitests/content/browser/browser/base/content/test/browser_locationBarCommand.js | New URL is loaded in new window - Got , expected example.com
TypeError: profile is undefined: Sidebar.prototype<.getItemByProfile@resource://gre/modules/commonjs/toolkit/loader.js -> resource:///modules/devtools/profiler/sidebar.js:91
TypeError: this.selectedEditor.sourceEditor is null: @resource:///modules/devtools/StyleEditorUI.jsm:154
TypeError: this.selectedEditor.sourceEditor is null: @resource:///modules/devtools/StyleEditorUI.jsm:154
TypeError: this.selectedEditor.sourceEditor is null: @resource:///modules/devtools/StyleEditorUI.jsm:154
TypeError: this.selectedEditor.sourceEditor is null: @resource:///modules/devtools/StyleEditorUI.jsm:154
TypeError: this.selectedEditor.sourceEditor is null: @resource:///modules/devtools/StyleEditorUI.jsm:154
TypeError: this.selectedEditor.sourceEditor is null: @resource:///modules/devtools/StyleEditorUI.jsm:154
TypeError: this.selectedEditor.sourceEditor is null: @resource:///modules/devtools/StyleEditorUI.jsm:154
TypeError: this.selectedEditor.sourceEditor is null: @resource:///modules/devtools/StyleEditorUI.jsm:154
The culprit here seems to be that the initial about:blank load is canceled so early that there aren't any STATE_START or STATE_STOP state changes sent for it.

The first thing the mTabProgressListener receives is a START_START notification for http://example.com/. It always expects notifications for about:blank though, that's why mTabProgressListener.mBlank exists after all (to ignore those).
Tomcat
https://tbpl.mozilla.org/php/getParsedLog.php?id=26145253&tree=Mozilla-Inbound
Windows XP 32-bit mozilla-inbound opt test mochitest-browser-chrome on 2013-08-04 19:25:59
revision: 2e3cdffc3e65
slave: t-xp32-ix-016

TEST-UNEXPECTED-FAIL | chrome://mochitests/content/browser/browser/base/content/test/browser_locationBarCommand.js | New URL is loaded in new window - Got , expected example.com
TypeError: profile is undefined: Sidebar.prototype<.getItemByProfile@resource://gre/modules/commonjs/toolkit/loader.js -> resource:///modules/devtools/profiler/sidebar.js:91
TypeError: this.selectedEditor.sourceEditor is null: @resource:///modules/devtools/StyleEditorUI.jsm:154
TypeError: this.selectedEditor.sourceEditor is null: @resource:///modules/devtools/StyleEditorUI.jsm:154
TypeError: this.selectedEditor.sourceEditor is null: @resource:///modules/devtools/StyleEditorUI.jsm:154
TypeError: this.selectedEditor.sourceEditor is null: @resource:///modules/devtools/StyleEditorUI.jsm:154
TypeError: this.selectedEditor.sourceEditor is null: @resource:///modules/devtools/StyleEditorUI.jsm:154
TypeError: this.selectedEditor.sourceEditor is null: @resource:///modules/devtools/StyleEditorUI.jsm:154
TypeError: this.selectedEditor.sourceEditor is null: @resource:///modules/devtools/StyleEditorUI.jsm:154
TypeError: this.selectedEditor.sourceEditor is null: @resource:///modules/devtools/StyleEditorUI.jsm:154
ttaubert
https://tbpl.mozilla.org/php/getParsedLog.php?id=26150760&tree=Mozilla-Central
Windows XP 32-bit mozilla-central opt test mochitest-browser-chrome on 2013-08-04 22:41:08
revision: 482b9d04974a
slave: t-xp32-ix-039

TEST-UNEXPECTED-FAIL | chrome://mochitests/content/browser/browser/base/content/test/browser_locationBarCommand.js | New URL is loaded in new window - Got , expected example.com
TypeError: profile is undefined: Sidebar.prototype<.getItemByProfile@resource://gre/modules/commonjs/toolkit/loader.js -> resource:///modules/devtools/profiler/sidebar.js:91
TypeError: this.selectedEditor.sourceEditor is null: @resource:///modules/devtools/StyleEditorUI.jsm:154
TypeError: this.selectedEditor.sourceEditor is null: @resource:///modules/devtools/StyleEditorUI.jsm:154
TypeError: this.selectedEditor.sourceEditor is null: @resource:///modules/devtools/StyleEditorUI.jsm:154
TypeError: this.selectedEditor.sourceEditor is null: @resource:///modules/devtools/StyleEditorUI.jsm:154
TypeError: this.selectedEditor.sourceEditor is null: @resource:///modules/devtools/StyleEditorUI.jsm:154
TypeError: this.selectedEditor.sourceEditor is null: @resource:///modules/devtools/StyleEditorUI.jsm:154
TypeError: this.selectedEditor.sourceEditor is null: @resource:///modules/devtools/StyleEditorUI.jsm:154
TypeError: this.selectedEditor.sourceEditor is null: @resource:///modules/devtools/StyleEditorUI.jsm:154
(In reply to Tim Taubert [:ttaubert] from comment #268)
> The culprit here seems to be that the initial about:blank load is canceled
> so early that there aren't any STATE_START or STATE_STOP state changes sent
> for it.

Hmm, what is cancelling it? AFAIK for this case we should be following the http://hg.mozilla.org/mozilla-central/annotate/ad0ae007aa9e/browser/base/content/browser.js#l1012 path to load example.com in this test, and given that that runs off delayedStartup I would have assumed it happened way to late to stop the about:blank STATE_START from being fired.

> The first thing the mTabProgressListener receives is a START_START
> notification for http://example.com/. It always expects notifications for
> about:blank though, that's why mTabProgressListener.mBlank exists after all
> (to ignore those).

I guess maybe we should have the progress listener also check the URI in addition to just using mBlank?
dkeeler
https://tbpl.mozilla.org/php/getParsedLog.php?id=26172300&tree=Mozilla-Inbound
Windows XP 32-bit mozilla-inbound opt test mochitest-browser-chrome on 2013-08-05 11:57:57
revision: 5f8a88c6d0c8
slave: t-xp32-ix-056

TEST-UNEXPECTED-FAIL | chrome://mochitests/content/browser/browser/base/content/test/browser_locationBarCommand.js | New URL is loaded in new window - Got , expected example.com
TypeError: profile is undefined: Sidebar.prototype<.getItemByProfile@resource://gre/modules/commonjs/toolkit/loader.js -> resource:///modules/devtools/profiler/sidebar.js:91
Ok, so the code that's making this fail was introduced by bug 463384.

http://hg.mozilla.org/mozilla-central/file/b743d65e81d8/browser/base/content/tabbrowser.xml#l2960

gBrowser.init() is called a few lines above and the webProgress.addProgressListener() call may fail sometimes. When it fails we don't have the mTabProgressListener around to catch the first state changes for about:blank and to handle mBlank correctly.

I don't quite understand bug 463384 comment #11 and why this fails sometimes but I think that Dave or Do could maybe shed some light onto this?

Just FTR, I can reproduce this very unreliably on my Windows machine but it was enough to just let it run in the background until it fails. The failing test entered the catch clause of the try statement linked to above. All successful tests didn't enter it.
KWierso
https://tbpl.mozilla.org/php/getParsedLog.php?id=26173317&tree=Mozilla-Aurora
WINNT 6.2 mozilla-aurora pgo test mochitest-browser-chrome on 2013-08-05 12:20:12
revision: cf6c28aac228
slave: t-w864-ix-061

TEST-UNEXPECTED-FAIL | chrome://mochitests/content/browser/browser/base/content/test/browser_locationBarCommand.js | New URL is loaded in new window - Got , expected example.com
TypeError: this.selectedEditor.sourceEditor is null: @resource:///modules/devtools/StyleEditorUI.jsm:154
TypeError: this.selectedEditor.sourceEditor is null: @resource:///modules/devtools/StyleEditorUI.jsm:154
TypeError: this.selectedEditor.sourceEditor is null: @resource:///modules/devtools/StyleEditorUI.jsm:154
TypeError: this.selectedEditor.sourceEditor is null: @resource:///modules/devtools/StyleEditorUI.jsm:154
TypeError: this.selectedEditor.sourceEditor is null: @resource:///modules/devtools/StyleEditorUI.jsm:154
TypeError: this.selectedEditor.sourceEditor is null: @resource:///modules/devtools/StyleEditorUI.jsm:154
TypeError: this.selectedEditor.sourceEditor is null: @resource:///modules/devtools/StyleEditorUI.jsm:154
TypeError: this.selectedEditor.sourceEditor is null: @resource:///modules/devtools/StyleEditorUI.jsm:154
gBrowser.init is called in the tabbrowser constructor and in gBrowserInit.onLoad. Are you saying that when this fails, it's the call from gBrowserInit.onLoad that ends up adding the progress listener, whereas in other cases it's the call in the constructor?
Exactly, just needed to reproduce to verify that.

Succeeding runs add the progress listener in the tabbrowser's constructor. If the constructor fails to do so, we'll add it in gBrowserInit.onLoad and end up failing because we didn't see state notifications for about:blank.
RyanVM
https://tbpl.mozilla.org/php/getParsedLog.php?id=26175620&tree=Mozilla-Aurora
Windows 7 32-bit mozilla-aurora pgo test mochitest-browser-chrome on 2013-08-05 13:14:16
revision: 4dc64be8942d
slave: t-w732-ix-014

TEST-UNEXPECTED-FAIL | chrome://mochitests/content/browser/browser/base/content/test/browser_locationBarCommand.js | New URL is loaded in new window - Got , expected example.com
Created attachment 785936
Start loading about:blank in the initial tab after we have added the progress listener

I think we can work around this by starting the first tab's initial about:blank load *after* we successfully added the progress listener. Maybe there's a better way to fix the core issue? I have no clue though why the docShell could not be ready when we run the tabbrowser constructor.
My suggestion from the second part of comment 271 seems better, as a workaround for the underlying issue.

It would be really nice to dig a bit deeper and get to the bottom of the inconsistent behavior. How many test runs does it usually take you on average to reproduce this locally?
ttaubert
https://tbpl.mozilla.org/php/getParsedLog.php?id=26173036&tree=Fx-Team
Windows XP 32-bit fx-team opt test mochitest-browser-chrome on 2013-08-05 12:15:58
revision: 132579922893
slave: t-xp32-ix-028

TEST-UNEXPECTED-FAIL | chrome://mochitests/content/browser/browser/base/content/test/browser_locationBarCommand.js | New URL is loaded in new window - Got , expected example.com
TypeError: profile is undefined: Sidebar.prototype<.getItemByProfile@resource://gre/modules/commonjs/toolkit/loader.js -> resource:///modules/devtools/profiler/sidebar.js:91
(In reply to :Gavin Sharp (use gavin@gavinsharp.com for email) from comment #279)
> My suggestion from the second part of comment 271 seems better, as a
> workaround for the underlying issue.

Ok, I don't mind taking that.

> It would be really nice to dig a bit deeper and get to the bottom of the
> inconsistent behavior. How many test runs does it usually take you on
> average to reproduce this locally?

Yeah, I agree. Fixing symptoms doesn't sound that nice. Sometimes it's failing really quick. Sometimes it's not failing on a thousand runs and I have to re-run. My feeling is that it seems to fail after 10-15 min of running only that test in a loop (with only the two first subtests).
So adding the progress listener fails because nsIContainerBoxObject.docShell is null. 

http://mxr.mozilla.org/mozilla-central/source/layout/xul/base/src/nsContainerBoxObject.cpp#47

It is null due to the fact, that nsBoxObject::GetFrame() returns null.

http://mxr.mozilla.org/mozilla-central/source/layout/xul/base/src/nsBoxObject.cpp#111

nsBoxObject::GetFrame() returns null because mContent->GetPrimaryFrame() does, mPrimaryFrame of nsIContent is simply set to null.

http://mxr.mozilla.org/mozilla-central/source/content/base/public/nsIContent.h#820

nsIContent::IsInDoc() however returns true.



How can we end up here? In succeeding test runs, nsBoxObject::GetFrame() returns the frame and nsSubDocumentFrame::GetDocShell() fills the pointer.
So in the failing cases, nsSubDocument::Init() is called *after* the tabbrowser's constructor. Looks like it should be called before as it calls SetPrimaryFrame() on mContent.
Ok, great. This seems to be caused by bug 791670. It exactly started when it landed for the first time (around 2013-06-05). The problem here is that the BrowserNewTabPreloader collects window sizes from all open windows off a timer by calling nsIDOMWindowUtils.getBoundsWithoutFlushing(win.gBrowser).

http://hg.mozilla.org/mozilla-central/file/ff6bb97c0c74/browser/modules/BrowserNewTabPreloader.jsm#l272

If it happens to access gBrowser while the the browser window is still loading, it forces the tabbrowser constructor to run before the first tab's docShell is available.

We can certainly fix this by ignoring windows that haven't been fully loaded yet but I wonder what we can do to harden this against mistakes like this. Bug 463384 indicates that there are add-ons out there causing the exact same problem.
Aha! Yeah, this is a common add-on problem, so we should try to handle it, but I'm not sure how offhand. Will think more about it later!

(You should get some sleep! :)
RyanVM
https://tbpl.mozilla.org/php/getParsedLog.php?id=26208231&tree=Mozilla-Aurora
WINNT 6.2 mozilla-aurora pgo test mochitest-browser-chrome on 2013-08-06 04:33:18
revision: 4d1bee1f678e
slave: t-w864-ix-028

TEST-UNEXPECTED-FAIL | chrome://mochitests/content/browser/browser/base/content/test/browser_locationBarCommand.js | New URL is loaded in new window - Got , expected example.com
TEST-UNEXPECTED-FAIL | chrome://mochitests/content/browser/browser/base/content/test/browser_pluginnotification.js | uncaught exception - TypeError: PopupNotifications.getNotification(...) is null at chrome://mochitests/content/browser/browser/base/content/test/browser_pluginnotification.js:498
TEST-UNEXPECTED-FAIL | chrome://mochitests/content/browser/browser/base/content/test/browser_pluginnotification.js | Test timed out
TEST-UNEXPECTED-FAIL | chrome://mochitests/content/browser/browser/base/content/test/browser_pluginnotification.js | Found a tab after previous test timed out: chrome://mochitests/content/browser/browser/base/content/test/plugin_test.html
TypeError: profile is undefined: Sidebar.prototype<.getItemByProfile@resource://gre/modules/commonjs/toolkit/loader.js -> resource:///modules/devtools/profiler/sidebar.js:91
RyanVM
https://tbpl.mozilla.org/php/getParsedLog.php?id=26212004&tree=Mozilla-Central
WINNT 6.2 mozilla-central pgo test mochitest-browser-chrome on 2013-08-06 06:35:14
revision: a0dd80f800e2
slave: t-w864-ix-057

TEST-UNEXPECTED-FAIL | chrome://mochitests/content/browser/browser/base/content/test/browser_locationBarCommand.js | New URL is loaded in new window - Got , expected example.com
TypeError: profile is undefined: Sidebar.prototype<.getItemByProfile@resource://gre/modules/commonjs/toolkit/loader.js -> resource:///modules/devtools/profiler/sidebar.js:91
RyanVM
https://tbpl.mozilla.org/php/getParsedLog.php?id=26215029&tree=Mozilla-Aurora
WINNT 6.2 mozilla-aurora pgo test mochitest-browser-chrome on 2013-08-06 08:22:07
revision: 3f5564f36212
slave: t-w864-ix-119

TEST-UNEXPECTED-FAIL | chrome://mochitests/content/browser/browser/base/content/test/browser_locationBarCommand.js | New URL is loaded in new window - Got , expected example.com
TEST-UNEXPECTED-FAIL | chrome://mochitests/content/browser/browser/base/content/test/browser_pluginnotification.js | Test 18a, Should have a click-to-play notification
TypeError: profile is undefined: Sidebar.prototype<.getItemByProfile@resource://gre/modules/commonjs/toolkit/loader.js -> resource:///modules/devtools/profiler/sidebar.js:91
philor
https://tbpl.mozilla.org/php/getParsedLog.php?id=26241088&tree=Mozilla-Inbound
WINNT 6.2 mozilla-inbound pgo test mochitest-browser-chrome on 2013-08-06 18:23:03
revision: 621f96eecef3
slave: t-w864-ix-060

TEST-UNEXPECTED-FAIL | chrome://mochitests/content/browser/browser/base/content/test/browser_locationBarCommand.js | New URL is loaded in new window - Got , expected example.com
TypeError: profile is undefined: Sidebar.prototype<.getItemByProfile@resource://gre/modules/commonjs/toolkit/loader.js -> resource:///modules/devtools/profiler/sidebar.js:91
RyanVM
https://tbpl.mozilla.org/php/getParsedLog.php?id=26265249&tree=Mozilla-Inbound
Windows 7 32-bit mozilla-inbound opt test mochitest-browser-chrome on 2013-08-07 09:30:00
revision: d10581fd8202
slave: t-w732-ix-049

TEST-UNEXPECTED-FAIL | chrome://mochitests/content/browser/browser/base/content/test/browser_locationBarCommand.js | New URL is loaded in new window - Got , expected example.com
TypeError: profile is undefined: Sidebar.prototype<.getItemByProfile@resource://gre/modules/commonjs/toolkit/loader.js -> resource:///modules/devtools/profiler/sidebar.js:91
RyanVM
https://tbpl.mozilla.org/php/getParsedLog.php?id=26260525&tree=Mozilla-Aurora
WINNT 6.2 mozilla-aurora pgo test mochitest-browser-chrome on 2013-08-07 06:40:14
revision: 13a012060eb9
slave: t-w864-ix-096

TEST-UNEXPECTED-FAIL | chrome://mochitests/content/browser/browser/base/content/test/browser_locationBarCommand.js | New URL is loaded in new window - Got , expected example.com
TypeError: profile is undefined: Sidebar.prototype<.getItemByProfile@resource://gre/modules/commonjs/toolkit/loader.js -> resource:///modules/devtools/profiler/sidebar.js:91
Gijs
https://tbpl.mozilla.org/php/getParsedLog.php?id=26293200&tree=UX
WINNT 6.2 ux pgo test mochitest-browser-chrome on 2013-08-07 21:43:19
revision: 91d9af7d51bd
slave: t-w864-ix-010

TEST-UNEXPECTED-FAIL | chrome://mochitests/content/browser/browser/base/content/test/browser_locationBarCommand.js | New URL is loaded in new window - Got , expected example.com
TypeError: profile is undefined: Sidebar.prototype<.getItemByProfile@resource://gre/modules/commonjs/toolkit/loader.js -> resource:///modules/devtools/profiler/sidebar.js:91
RyanVM
https://tbpl.mozilla.org/php/getParsedLog.php?id=26285667&tree=Mozilla-Aurora
WINNT 6.2 mozilla-aurora pgo test mochitest-browser-chrome on 2013-08-07 18:02:15
revision: f92c84d5826a
slave: t-w864-ix-119

TEST-UNEXPECTED-FAIL | chrome://mochitests/content/browser/browser/base/content/test/browser_locationBarCommand.js | New URL is loaded in new window - Got , expected example.com
TypeError: profile is undefined: Sidebar.prototype<.getItemByProfile@resource://gre/modules/commonjs/toolkit/loader.js -> resource:///modules/devtools/profiler/sidebar.js:91
Created attachment 787360
part 1 - Add test that forces the gBrowser constructor a little too early

Pushed the test to try to make sure it doesn't only fail locally.

https://tbpl.mozilla.org/?tree=Try&rev=2882de6b8fa8
Created attachment 787361
part 2a - Start loading about:blank in the initial tab after we have added the progress listener

Option 1: Defer loading "about:blank" until after we added the progress listener for the initial tab.

https://tbpl.mozilla.org/?tree=Try&rev=22b6b74c1304
(In reply to Tim Taubert [:ttaubert] from comment #294)
> Created attachment 787360
> part 1 - Add test that forces the gBrowser constructor a little too early

Ok, so that fails but for the wrong reasons. Part 2a also fails, which it shouldn't. Pushed another test to see how that goes.
Created attachment 787455
part 1 - Add test that forces the gBrowser constructor a little too early, v2

Ok, this test times out as intended because we never receive an onLocationChange notification.

https://tbpl.mozilla.org/?tree=Try&rev=72d3efdddf4f
Comment on attachment 787361
part 2a - Start loading about:blank in the initial tab after we have added the progress listener

This patch makes another test fail which probably indicates this isn't the right solution.

https://tbpl.mozilla.org/?tree=Try&rev=176cbf2eac16
Created attachment 787456
part 2b - Wait until the initial tab's content document has been created before adding the progress listener

This approach seems to be fine. It passes the test from part 1 and doesn't introduce other failures. This uses an observer to wait until the initial tab has been initialized.

https://tbpl.mozilla.org/?tree=Try&rev=aecb67bf28de
Comment on attachment 787456
part 2b - Wait until the initial tab's content document has been created before adding the progress listener

Does observing content-document-global-created work across process boundaries?
Not sure. AFAIK content processes cannot (or shouldn't) send notification via the observer service. I think, in an e10s world the whole problem we're fixing here would actually not exist because it wouldn't hurt to add a progress listener (that would probably be implemented using messages) to the browser even if the content process hasn't loaded, yet.
edmorley
https://tbpl.mozilla.org/php/getParsedLog.php?id=26312921&tree=Mozilla-Inbound
WINNT 6.2 mozilla-inbound pgo test mochitest-browser-chrome on 2013-08-08 09:15:05
revision: b822f38db87e
slave: t-w864-ix-005

TEST-UNEXPECTED-FAIL | chrome://mochitests/content/browser/browser/base/content/test/browser_locationBarCommand.js | New URL is loaded in new window - Got , expected example.com
TypeError: profile is undefined: Sidebar.prototype<.getItemByProfile@resource://gre/modules/commonjs/toolkit/loader.js -> resource:///modules/devtools/profiler/sidebar.js:91
In that case, can you sprinkle this code with some e10s ifdefs?
Comment on attachment 787455
part 1 - Add test that forces the gBrowser constructor a little too early, v2

Is this test prone to failure in the opposite direction, if the window load/tabbrowser constructor ends up occurring before the first successful tryAddProgressListener? I guess not - in that case it should just succeed but not end up testing the scenario we care about, right? That seems fine.
Comment on attachment 787456
part 2b - Wait until the initial tab's content document has been created before adding the progress listener

How this should work with e10s does merit some thought, but perhaps we can just file a followup.

It's probably worth adding a comment next to the call to _addProgressListenerForInitialTab saying that we're assuming it can only fail because the docShell/content-document-global hasn't yet been created, and maybe another comment in _waitForInitialContentDocument saying that we're using "content-document-global-created" as an approximation for "docShell is initialized".
philor
https://tbpl.mozilla.org/php/getParsedLog.php?id=26326462&tree=Mozilla-Inbound
Windows 7 32-bit mozilla-inbound opt test mochitest-browser-chrome on 2013-08-08 15:22:27
revision: f0de2d95b46b
slave: t-w732-ix-101

TEST-UNEXPECTED-FAIL | chrome://mochitests/content/browser/browser/base/content/test/browser_locationBarCommand.js | New URL is loaded in new window - Got , expected example.com
TypeError: profile is undefined: Sidebar.prototype<.getItemByProfile@resource://gre/modules/commonjs/toolkit/loader.js -> resource:///modules/devtools/profiler/sidebar.js:91
(In reply to :Gavin Sharp (use gavin@gavinsharp.com for email) from comment #304)
> Is this test prone to failure in the opposite direction, if the window
> load/tabbrowser constructor ends up occurring before the first successful
> tryAddProgressListener? I guess not - in that case it should just succeed
> but not end up testing the scenario we care about, right? That seems fine.

It may intermittently not test what we care about but so far it seems very reliable. The try push with only this test but without the fix fails on all platforms with the expected failure.
https://hg.mozilla.org/integration/fx-team/rev/2f24ae3aaa4e
https://hg.mozilla.org/integration/fx-team/rev/0b8a1aa8d98d
MattN
https://tbpl.mozilla.org/php/getParsedLog.php?id=26320355&tree=UX
Windows 7 32-bit ux opt test mochitest-browser-chrome on 2013-08-08 12:43:16
revision: 8350a4f51a48
slave: t-w732-ix-055

TEST-UNEXPECTED-FAIL | chrome://mochitests/content/browser/browser/base/content/test/browser_locationBarCommand.js | New URL is loaded in new window - Got , expected example.com
TypeError: profile is undefined: Sidebar.prototype<.getItemByProfile@resource://gre/modules/commonjs/toolkit/loader.js -> resource:///modules/devtools/profiler/sidebar.js:91
https://hg.mozilla.org/mozilla-central/rev/2f24ae3aaa4e
https://hg.mozilla.org/mozilla-central/rev/0b8a1aa8d98d
Tomcat
https://tbpl.mozilla.org/php/getParsedLog.php?id=26334601&tree=Mozilla-Inbound
WINNT 6.2 mozilla-inbound pgo test mochitest-browser-chrome on 2013-08-08 18:35:18
revision: 9691652b0303
slave: t-w864-ix-012

TEST-UNEXPECTED-FAIL | chrome://mochitests/content/browser/browser/base/content/test/browser_locationBarCommand.js | New URL is loaded in new window - Got , expected example.com
TypeError: profile is undefined: Sidebar.prototype<.getItemByProfile@resource://gre/modules/commonjs/toolkit/loader.js -> resource:///modules/devtools/profiler/sidebar.js:91
TypeError: this._tabs is null
RyanVM
https://tbpl.mozilla.org/php/getParsedLog.php?id=26357396&tree=Mozilla-Aurora
WINNT 6.2 mozilla-aurora pgo test mochitest-browser-chrome on 2013-08-09 09:51:15
revision: 30e91989f2a3
slave: t-w864-ix-059

TEST-UNEXPECTED-FAIL | chrome://mochitests/content/browser/browser/base/content/test/browser_locationBarCommand.js | New URL is loaded in new window - Got , expected example.com
TypeError: profile is undefined: Sidebar.prototype<.getItemByProfile@resource://gre/modules/commonjs/toolkit/loader.js -> resource:///modules/devtools/profiler/sidebar.js:91
philor
https://tbpl.mozilla.org/php/getParsedLog.php?id=26377490&tree=Mozilla-Inbound
Windows 7 32-bit mozilla-inbound opt test mochitest-browser-chrome on 2013-08-09 17:37:12
revision: 7d9d0f51250d
slave: t-w732-ix-114

TEST-UNEXPECTED-FAIL | chrome://mochitests/content/browser/browser/base/content/test/browser_locationBarCommand.js | New URL is loaded in new window - Got , expected example.com
TypeError: tabItem.$favImage is null
TypeError: profile is undefined: Sidebar.prototype<.getItemByProfile@resource://gre/modules/commonjs/toolkit/loader.js -> resource:///modules/devtools/profiler/sidebar.js:91
philor
https://tbpl.mozilla.org/php/getParsedLog.php?id=26380610&tree=B2g-Inbound
WINNT 6.2 b2g-inbound pgo test mochitest-browser-chrome on 2013-08-09 18:37:15
revision: 56f9916d21ba
slave: t-w864-ix-021

TEST-UNEXPECTED-FAIL | chrome://mochitests/content/browser/browser/base/content/test/browser_locationBarCommand.js | New URL is loaded in new window - Got , expected example.com
TypeError: profile is undefined: Sidebar.prototype<.getItemByProfile@resource://gre/modules/commonjs/toolkit/loader.js -> resource:///modules/devtools/profiler/sidebar.js:91
philor
https://tbpl.mozilla.org/php/getParsedLog.php?id=26387124&tree=Mozilla-Aurora
WINNT 6.2 mozilla-aurora pgo test mochitest-browser-chrome on 2013-08-09 21:38:09
revision: 2d110609f4d3
slave: t-w864-ix-057

TEST-UNEXPECTED-FAIL | chrome://mochitests/content/browser/browser/base/content/test/browser_locationBarCommand.js | New URL is loaded in new window - Got , expected example.com
TypeError: profile is undefined: Sidebar.prototype<.getItemByProfile@resource://gre/modules/commonjs/toolkit/loader.js -> resource:///modules/devtools/profiler/sidebar.js:91
TypeError: domRules is null: ElementStyle_addElementRules@resource://gre/modules/commonjs/toolkit/loader.js -> resource:///modules/devtools/styleinspector/rule-view.js:156
philor
https://tbpl.mozilla.org/php/getParsedLog.php?id=26398959&tree=Mozilla-Aurora
WINNT 6.2 mozilla-aurora pgo test mochitest-browser-chrome on 2013-08-10 07:13:23
revision: d293073b3586
slave: t-w864-ix-112

TEST-UNEXPECTED-FAIL | chrome://mochitests/content/browser/browser/base/content/test/browser_locationBarCommand.js | New URL is loaded in new window - Got , expected example.com
TypeError: profile is undefined: Sidebar.prototype<.getItemByProfile@resource://gre/modules/commonjs/toolkit/loader.js -> resource:///modules/devtools/profiler/sidebar.js:91
philor
https://tbpl.mozilla.org/php/getParsedLog.php?id=26399073&tree=Mozilla-Aurora
WINNT 6.2 mozilla-aurora pgo test mochitest-browser-chrome on 2013-08-10 07:19:32
revision: 64559423b523
slave: t-w864-ix-023

TEST-UNEXPECTED-FAIL | chrome://mochitests/content/browser/browser/base/content/test/browser_locationBarCommand.js | New URL is loaded in new window - Got , expected example.com
TypeError: profile is undefined: Sidebar.prototype<.getItemByProfile@resource://gre/modules/commonjs/toolkit/loader.js -> resource:///modules/devtools/profiler/sidebar.js:91
RyanVM
https://tbpl.mozilla.org/php/getParsedLog.php?id=26429584&tree=Mozilla-Aurora
WINNT 6.2 mozilla-aurora pgo test mochitest-browser-chrome on 2013-08-12 04:16:05
revision: 4d652113720b
slave: t-w864-ix-031

TEST-UNEXPECTED-FAIL | chrome://mochitests/content/browser/browser/base/content/test/browser_locationBarCommand.js | New URL is loaded in new window - Got , expected example.com
TypeError: profile is undefined: Sidebar.prototype<.getItemByProfile@resource://gre/modules/commonjs/toolkit/loader.js -> resource:///modules/devtools/profiler/sidebar.js:91
Tim, can you request beta/aurora uplift on the 2b patch please? Part 1 is test-only and doesn't need approval. Thanks :)
RyanVM
https://tbpl.mozilla.org/php/getParsedLog.php?id=26586358&tree=Mozilla-Beta
WINNT 6.2 mozilla-beta pgo test mochitest-browser-chrome on 2013-08-15 06:54:56
revision: 16003f031836
slave: t-w864-ix-117

TEST-UNEXPECTED-FAIL | chrome://mochitests/content/browser/browser/base/content/test/browser_locationBarCommand.js | New URL is loaded in new window - Got , expected example.com
RyanVM
https://tbpl.mozilla.org/php/getParsedLog.php?id=26599907&tree=Mozilla-Beta
WINNT 6.2 mozilla-beta pgo test mochitest-browser-chrome on 2013-08-15 12:20:03
revision: 58617b5bd93d
slave: t-w864-ix-001

TEST-UNEXPECTED-FAIL | chrome://mochitests/content/browser/browser/base/content/test/browser_locationBarCommand.js | New URL is loaded in new window - Got , expected example.com
RyanVM
https://tbpl.mozilla.org/php/getParsedLog.php?id=26603421&tree=Mozilla-Aurora
WINNT 6.2 mozilla-aurora pgo test mochitest-browser-chrome on 2013-08-15 13:35:58
revision: f66f82f71f6c
slave: t-w864-ix-112

TEST-UNEXPECTED-FAIL | chrome://mochitests/content/browser/browser/base/content/test/browser_locationBarCommand.js | New URL is loaded in new window - Got , expected example.com
TypeError: this._tabs is null
Comment on attachment 787456
part 2b - Wait until the initial tab's content document has been created before adding the progress listener

[Approval Request Comment]
Bug caused by (feature/regressing bug #): bug 791670 and bug 463384
User impact if declined: Probably none.
Testing completed (on m-c, etc.): On m-c for a while now without issues.
Risk to taking this patch (and alternatives if risky): Landing this shouldn't be too risky. We have a patch that manages to reproduce the exact issue and ensures that we fixed it properly.
String or IDL/UUID changes made by this patch: None.

There might be failures in the wild but I haven't heard of any so far. The uplift requests are mainly to decrease the number of intermittent oranges in Aurora and Beta. Especially Beta would benefit as it's going to be the new ESR.
https://hg.mozilla.org/releases/mozilla-aurora/rev/a5607db9889f
https://hg.mozilla.org/releases/mozilla-aurora/rev/c6b6eae92b45

https://hg.mozilla.org/releases/mozilla-beta/rev/60623f55ff01
https://hg.mozilla.org/releases/mozilla-beta/rev/7cc8d58ef8c9
RyanVM
https://tbpl.mozilla.org/php/getParsedLog.php?id=26662347&tree=Mozilla-Aurora
Windows 7 32-bit mozilla-aurora pgo test mochitest-browser-chrome on 2013-08-16 16:56:11
revision: fdb2be03094d
slave: t-w732-ix-009

TEST-UNEXPECTED-FAIL | chrome://mochitests/content/browser/browser/base/content/test/browser_locationBarCommand.js | New URL is loaded in new window - Got , expected example.com
(In reply to TinderboxPushlog Robot from comment #325)

This was a run from prior to comment 324.


Intermittent browser_locationBarCommand.js | New URL is loaded in new window - Got , expected example.com

intermittent-failure

Bug 880101: fix intermittent orange in browser_locationBarCommand.js, r=margaret 

Bug 880101: attempt #2 at fixing an intermittent orange, wait a bit longer before trying to check the location bar in a new window 

Bug 880101 - part 1 - Add test that forces the gBrowser constructor a little too early; r=gavin 

Bug 880101 - part 2 - Wait until the initial tab's content document has been created before adding the progress listener; r=gavin 

Bug 971685 - Remove workaround from bug 880101 now that the initial tab's docShell isn't created lazily anymore r=gavin 

Bug 1047603 - Disable test browser_bug880101.js for e10s. r=Mossop. 

Bug 1047603 - Disable test browser_bug880101.js for e10s. r=Mossop. 

Bug 1093756 - Re-enable several test cases under e10s by removing skip-if e10s statements for browser_bug623155.js, browser_bug678392.js, browser_bug880101.js, browser_favicon_change_not_in_document.js, browser_identity_UI.js, browser_keywordSearch.js, browser_parsable_css.js, browser_searchSuggestionUI.js, browser_syncui.js, browser_tabfocus.js and browser_visibleTabs_tabPreview.js. r=jimm 

Bug 1093756 - Re-enable several test cases under e10s by removing skip-if e10s statements for browser_bug623155.js, browser_bug678392.js, browser_bug880101.js, browser_favicon_change_not_in_document.js, browser_identity_UI.js, browser_keywordSearch.js, browser_parsable_css.js, browser_searchSuggestionUI.js, browser_syncui.js, browser_tabfocus.js and browser_visibleTabs_tabPreview.js. r=jimm 