http://tinderbox.mozilla.org/showlog.cgi?log=Firefox/1289868263.1289873363.5513.gz
WINNT 5.2 mozilla-central debug test mochitest-other on 2010/11/15 16:44:23
s: win32-slave17

TEST-UNEXPECTED-FAIL | chrome://mochitests/content/browser/browser/base/content/test/browser_overflowScroll.js | Test timed out

http://tinderbox.mozilla.org/showlog.cgi?log=Firefox/1289868263.1289873363.5513.gz
WINNT 5.2 mozilla-central debug test mochitest-other on 2010/11/15 16:44:23
s: win32-slave17

TEST-UNEXPECTED-FAIL | chrome://mochitests/content/browser/browser/base/content/test/browser_overflowScroll.js | Test timed out
hsivonen%iki.fi
http://tinderbox.mozilla.org/showlog.cgi?log=Firefox/1289901043.1289906321.18203.gz
WINNT 5.2 mozilla-central debug test mochitest-other on 2010/11/16 01:50:43

s: win32-slave08
7143 ERROR TEST-UNEXPECTED-FAIL | chrome://mochitests/content/chrome/extensions/universalchardet/tests/test_bug171813.html | [SimpleTest/SimpleTest.js, window.onerror] An error occurred - Components is not defined at chrome://mochitests/content/chrome/editor/libeditor/html/tests/test_bug607584.xul:57
7144 ERROR TEST-UNEXPECTED-FAIL | chrome://mochitests/content/chrome/extensions/universalchardet/tests/test_bug171813.html | [SimpleTest/SimpleTest.js, window.onerror] An error occurred - Components is not defined at chrome://mochitests/content/chrome/editor/libeditor/html/tests/test_bug607584.xul:57
7517 ERROR TEST-UNEXPECTED-FAIL | chrome://mochitests/content/chrome/modules/plugin/test/test_xulbrowser_plugin_visibility.xul | Test timed out.
TEST-UNEXPECTED-FAIL | chrome://mochitests/content/browser/browser/base/content/test/browser_overflowScroll.js | Test timed out
philringnalda%gmail.com
http://tinderbox.mozilla.org/showlog.cgi?log=Firefox/1289918267.1289923205.6459.gz
WINNT 5.2 mozilla-central debug test mochitest-other on 2010/11/16 06:37:47

s: win32-slave29
623 ERROR TEST-UNEXPECTED-FAIL | chrome://mochitests/content/chrome/content/xul/templates/tests/chrome/test_tmpl_simplesyntaxusingdontrecurse.xul | simple syntax using dont-recurse
624 ERROR TEST-UNEXPECTED-FAIL | chrome://mochitests/content/chrome/content/xul/templates/tests/chrome/test_tmpl_simplesyntaxusingdontrecurse.xul | Error is: attribute container is '' instead of  'true' - got "<hbox id=\"http://www.some-fictitious-zoo.com/arachnids\"><label value=\"Arachnids\"/></hbox><hbox id=\"http://www.some-fictitious-zoo.com/birds\"><label value=\"Birds\"/></hbox>", expected "Same"
7144 ERROR TEST-UNEXPECTED-FAIL | chrome://mochitests/content/chrome/extensions/universalchardet/tests/test_bug171813.html | [SimpleTest/SimpleTest.js, window.onerror] An error occurred - Components is not defined at chrome://mochitests/content/chrome/editor/libeditor/html/tests/test_bug607584.xul:57
7145 ERROR TEST-UNEXPECTED-FAIL | chrome://mochitests/content/chrome/extensions/universalchardet/tests/test_bug171813.html | [SimpleTest/SimpleTest.js, window.onerror] An error occurred - Components is not defined at chrome://mochitests/content/chrome/editor/libeditor/html/tests/test_bug607584.xul:57
TEST-UNEXPECTED-FAIL | chrome://mochitests/content/browser/browser/base/content/test/browser_overflowScroll.js | Test timed out
philringnalda%gmail.com
http://tinderbox.mozilla.org/showlog.cgi?log=Firefox/1289937838.1289943118.27348.gz
WINNT 5.2 mozilla-central debug test mochitest-other on 2010/11/16 12:03:58

s: win32-slave17
7143 ERROR TEST-UNEXPECTED-FAIL | chrome://mochitests/content/chrome/extensions/universalchardet/tests/test_bug171813.html | [SimpleTest/SimpleTest.js, window.onerror] An error occurred - Components is not defined at chrome://mochitests/content/chrome/editor/libeditor/html/tests/test_bug607584.xul:57
7144 ERROR TEST-UNEXPECTED-FAIL | chrome://mochitests/content/chrome/extensions/universalchardet/tests/test_bug171813.html | [SimpleTest/SimpleTest.js, window.onerror] An error occurred - Components is not defined at chrome://mochitests/content/chrome/editor/libeditor/html/tests/test_bug607584.xul:57
7518 ERROR TEST-UNEXPECTED-FAIL | chrome://mochitests/content/chrome/modules/plugin/test/test_xulbrowser_plugin_visibility.xul | Test timed out.
TEST-UNEXPECTED-FAIL | chrome://mochitests/content/browser/browser/base/content/test/browser_overflowScroll.js | Test timed out
philringnalda%gmail.com
http://tinderbox.mozilla.org/showlog.cgi?log=Firefox/1289939738.1289944706.1728.gz
WINNT 5.2 mozilla-central debug test mochitest-other on 2010/11/16 12:35:38

s: win32-slave06
7143 ERROR TEST-UNEXPECTED-FAIL | chrome://mochitests/content/chrome/extensions/universalchardet/tests/test_bug171813.html | [SimpleTest/SimpleTest.js, window.onerror] An error occurred - Components is not defined at chrome://mochitests/content/chrome/editor/libeditor/html/tests/test_bug607584.xul:57
7144 ERROR TEST-UNEXPECTED-FAIL | chrome://mochitests/content/chrome/extensions/universalchardet/tests/test_bug171813.html | [SimpleTest/SimpleTest.js, window.onerror] An error occurred - Components is not defined at chrome://mochitests/content/chrome/editor/libeditor/html/tests/test_bug607584.xul:57
TEST-UNEXPECTED-FAIL | automationutils.processLeakLog() | leaked 433731 bytes during test execution
TEST-UNEXPECTED-FAIL | automationutils.processLeakLog() | leaked 149 instances of AtomImpl with size 20 bytes each (2980 bytes total)
TEST-UNEXPECTED-FAIL | automationutils.processLeakLog() | leaked 1 instance of BackstagePass with size 24 bytes
TEST-UNEXPECTED-FAIL | automationutils.processLeakLog() | leaked 2 instances of CSSImportRuleImpl with size 44 bytes each (88 bytes total)
TEST-UNEXPECTED-FAIL | automationutils.processLeakLog() | leaked 46 instances of CSSImportantRule with size 16 bytes each (736 bytes total)
TEST-UNEXPECTED-FAIL | automationutils.processLeakLog() | leaked 11 instances of CSSNameSpaceRuleImpl with size 40 bytes each (440 bytes total)
TEST-UNEXPECTED-FAIL | chrome://mochitests/content/browser/browser/base/content/test/browser_overflowScroll.js | Test timed out
philringnalda%gmail.com
http://tinderbox.mozilla.org/showlog.cgi?log=Firefox/1289945742.1289950762.29459.gz
WINNT 5.2 mozilla-central debug test mochitest-other on 2010/11/16 14:15:42

s: win32-slave01
7143 ERROR TEST-UNEXPECTED-FAIL | chrome://mochitests/content/chrome/extensions/universalchardet/tests/test_bug171813.html | [SimpleTest/SimpleTest.js, window.onerror] An error occurred - Components is not defined at chrome://mochitests/content/chrome/editor/libeditor/html/tests/test_bug607584.xul:57
7144 ERROR TEST-UNEXPECTED-FAIL | chrome://mochitests/content/chrome/extensions/universalchardet/tests/test_bug171813.html | [SimpleTest/SimpleTest.js, window.onerror] An error occurred - Components is not defined at chrome://mochitests/content/chrome/editor/libeditor/html/tests/test_bug607584.xul:57
TEST-UNEXPECTED-FAIL | chrome://mochitests/content/browser/browser/base/content/test/browser_overflowScroll.js | Test timed out
philringnalda%gmail.com
http://tinderbox.mozilla.org/showlog.cgi?log=TraceMonkey/1289951257.1289956577.24178.gz
WINNT 5.2 tracemonkey debug test mochitest-other on 2010/11/16 15:47:37

s: win32-slave23
7146 ERROR TEST-UNEXPECTED-FAIL | chrome://mochitests/content/chrome/extensions/universalchardet/tests/test_bug171813.html | [SimpleTest/SimpleTest.js, window.onerror] An error occurred - Components is not defined at chrome://mochitests/content/chrome/editor/libeditor/html/tests/test_bug607584.xul:57
7147 ERROR TEST-UNEXPECTED-FAIL | chrome://mochitests/content/chrome/extensions/universalchardet/tests/test_bug171813.html | [SimpleTest/SimpleTest.js, window.onerror] An error occurred - Components is not defined at chrome://mochitests/content/chrome/editor/libeditor/html/tests/test_bug607584.xul:57
TEST-UNEXPECTED-FAIL | automationutils.processLeakLog() | leaked 433383 bytes during test execution
TEST-UNEXPECTED-FAIL | automationutils.processLeakLog() | leaked 149 instances of AtomImpl with size 20 bytes each (2980 bytes total)
TEST-UNEXPECTED-FAIL | automationutils.processLeakLog() | leaked 1 instance of BackstagePass with size 24 bytes
TEST-UNEXPECTED-FAIL | automationutils.processLeakLog() | leaked 2 instances of CSSImportRuleImpl with size 44 bytes each (88 bytes total)
TEST-UNEXPECTED-FAIL | automationutils.processLeakLog() | leaked 46 instances of CSSImportantRule with size 16 bytes each (736 bytes total)
TEST-UNEXPECTED-FAIL | automationutils.processLeakLog() | leaked 11 instances of CSSNameSpaceRuleImpl with size 40 bytes each (440 bytes total)
TEST-UNEXPECTED-FAIL | chrome://mochitests/content/browser/browser/base/content/test/browser_overflowScroll.js | Test timed out
philringnalda%gmail.com
http://tinderbox.mozilla.org/showlog.cgi?log=TraceMonkey/1289950843.1289956152.22083.gz
WINNT 5.2 tracemonkey debug test mochitest-other on 2010/11/16 15:40:43

s: win32-slave02
7146 ERROR TEST-UNEXPECTED-FAIL | chrome://mochitests/content/chrome/extensions/universalchardet/tests/test_bug171813.html | [SimpleTest/SimpleTest.js, window.onerror] An error occurred - Components is not defined at chrome://mochitests/content/chrome/editor/libeditor/html/tests/test_bug607584.xul:57
7147 ERROR TEST-UNEXPECTED-FAIL | chrome://mochitests/content/chrome/extensions/universalchardet/tests/test_bug171813.html | [SimpleTest/SimpleTest.js, window.onerror] An error occurred - Components is not defined at chrome://mochitests/content/chrome/editor/libeditor/html/tests/test_bug607584.xul:57
TEST-UNEXPECTED-FAIL | automationutils.processLeakLog() | leaked 431979 bytes during test execution
TEST-UNEXPECTED-FAIL | automationutils.processLeakLog() | leaked 149 instances of AtomImpl with size 20 bytes each (2980 bytes total)
TEST-UNEXPECTED-FAIL | automationutils.processLeakLog() | leaked 1 instance of BackstagePass with size 24 bytes
TEST-UNEXPECTED-FAIL | automationutils.processLeakLog() | leaked 2 instances of CSSImportRuleImpl with size 44 bytes each (88 bytes total)
TEST-UNEXPECTED-FAIL | automationutils.processLeakLog() | leaked 46 instances of CSSImportantRule with size 16 bytes each (736 bytes total)
TEST-UNEXPECTED-FAIL | automationutils.processLeakLog() | leaked 11 instances of CSSNameSpaceRuleImpl with size 40 bytes each (440 bytes total)
TEST-UNEXPECTED-FAIL | chrome://mochitests/content/browser/browser/base/content/test/browser_overflowScroll.js | Test timed out
philringnalda%gmail.com
http://tinderbox.mozilla.org/showlog.cgi?log=Firefox/1289951888.1289957039.25895.gz
WINNT 5.2 mozilla-central debug test mochitest-other on 2010/11/16 15:58:08

s: win32-slave17
623 ERROR TEST-UNEXPECTED-FAIL | chrome://mochitests/content/chrome/content/xul/templates/tests/chrome/test_tmpl_simplesyntaxusingdontrecurse.xul | simple syntax using dont-recurse
624 ERROR TEST-UNEXPECTED-FAIL | chrome://mochitests/content/chrome/content/xul/templates/tests/chrome/test_tmpl_simplesyntaxusingdontrecurse.xul | Error is: attribute container is '' instead of  'true' - got "<hbox id=\"http://www.some-fictitious-zoo.com/arachnids\"><label value=\"Arachnids\"/></hbox><hbox id=\"http://www.some-fictitious-zoo.com/birds\"><label value=\"Birds\"/></hbox>", expected "Same"
7144 ERROR TEST-UNEXPECTED-FAIL | chrome://mochitests/content/chrome/extensions/universalchardet/tests/test_bug171813.html | [SimpleTest/SimpleTest.js, window.onerror] An error occurred - Components is not defined at chrome://mochitests/content/chrome/editor/libeditor/html/tests/test_bug607584.xul:57
7145 ERROR TEST-UNEXPECTED-FAIL | chrome://mochitests/content/chrome/extensions/universalchardet/tests/test_bug171813.html | [SimpleTest/SimpleTest.js, window.onerror] An error occurred - Components is not defined at chrome://mochitests/content/chrome/editor/libeditor/html/tests/test_bug607584.xul:57
TEST-UNEXPECTED-FAIL | chrome://mochitests/content/browser/browser/base/content/test/browser_overflowScroll.js | Test timed out
philringnalda%gmail.com
http://tinderbox.mozilla.org/showlog.cgi?log=Firefox/1289958265.1289963004.20730.gz
WINNT 5.2 mozilla-central debug test mochitest-other on 2010/11/16 17:44:25

s: win32-slave42
7143 ERROR TEST-UNEXPECTED-FAIL | chrome://mochitests/content/chrome/extensions/universalchardet/tests/test_bug171813.html | [SimpleTest/SimpleTest.js, window.onerror] An error occurred - Components is not defined at chrome://mochitests/content/chrome/editor/libeditor/html/tests/test_bug607584.xul:57
7144 ERROR TEST-UNEXPECTED-FAIL | chrome://mochitests/content/chrome/extensions/universalchardet/tests/test_bug171813.html | [SimpleTest/SimpleTest.js, window.onerror] An error occurred - Components is not defined at chrome://mochitests/content/chrome/editor/libeditor/html/tests/test_bug607584.xul:57
TEST-UNEXPECTED-FAIL | automationutils.processLeakLog() | leaked 433495 bytes during test execution
TEST-UNEXPECTED-FAIL | automationutils.processLeakLog() | leaked 149 instances of AtomImpl with size 20 bytes each (2980 bytes total)
TEST-UNEXPECTED-FAIL | automationutils.processLeakLog() | leaked 1 instance of BackstagePass with size 24 bytes
TEST-UNEXPECTED-FAIL | automationutils.processLeakLog() | leaked 2 instances of CSSImportRuleImpl with size 44 bytes each (88 bytes total)
TEST-UNEXPECTED-FAIL | automationutils.processLeakLog() | leaked 46 instances of CSSImportantRule with size 16 bytes each (736 bytes total)
TEST-UNEXPECTED-FAIL | automationutils.processLeakLog() | leaked 11 instances of CSSNameSpaceRuleImpl with size 40 bytes each (440 bytes total)
TEST-UNEXPECTED-FAIL | chrome://mochitests/content/browser/browser/base/content/test/browser_overflowScroll.js | Test timed out
matspal%gmail.com
http://tinderbox.mozilla.org/showlog.cgi?log=Firefox/1289962347.1289967108.5877.gz
WINNT 5.2 mozilla-central debug test mochitest-other on 2010/11/16 18:52:27

s: win32-slave17
7143 ERROR TEST-UNEXPECTED-FAIL | chrome://mochitests/content/chrome/extensions/universalchardet/tests/test_bug171813.html | [SimpleTest/SimpleTest.js, window.onerror] An error occurred - Components is not defined at chrome://mochitests/content/chrome/editor/libeditor/html/tests/test_bug607584.xul:57
7144 ERROR TEST-UNEXPECTED-FAIL | chrome://mochitests/content/chrome/extensions/universalchardet/tests/test_bug171813.html | [SimpleTest/SimpleTest.js, window.onerror] An error occurred - Components is not defined at chrome://mochitests/content/chrome/editor/libeditor/html/tests/test_bug607584.xul:57
TEST-UNEXPECTED-FAIL | chrome://mochitests/content/browser/browser/base/content/test/browser_overflowScroll.js | Test timed out
ehsan%mozilla.com
http://tinderbox.mozilla.org/showlog.cgi?log=Firefox/1289970762.1289976064.9908.gz
WINNT 5.2 mozilla-central debug test mochitest-other on 2010/11/16 21:12:42

s: win32-slave44
623 ERROR TEST-UNEXPECTED-FAIL | chrome://mochitests/content/chrome/content/xul/templates/tests/chrome/test_tmpl_simplesyntaxusingdontrecurse.xul | simple syntax using dont-recurse
624 ERROR TEST-UNEXPECTED-FAIL | chrome://mochitests/content/chrome/content/xul/templates/tests/chrome/test_tmpl_simplesyntaxusingdontrecurse.xul | Error is: attribute container is '' instead of  'true' - got "<hbox id=\"http://www.some-fictitious-zoo.com/arachnids\"><label value=\"Arachnids\"/></hbox><hbox id=\"http://www.some-fictitious-zoo.com/birds\"><label value=\"Birds\"/></hbox>", expected "Same"
7144 ERROR TEST-UNEXPECTED-FAIL | chrome://mochitests/content/chrome/extensions/universalchardet/tests/test_bug171813.html | [SimpleTest/SimpleTest.js, window.onerror] An error occurred - Components is not defined at chrome://mochitests/content/chrome/editor/libeditor/html/tests/test_bug607584.xul:57
7145 ERROR TEST-UNEXPECTED-FAIL | chrome://mochitests/content/chrome/extensions/universalchardet/tests/test_bug171813.html | [SimpleTest/SimpleTest.js, window.onerror] An error occurred - Components is not defined at chrome://mochitests/content/chrome/editor/libeditor/html/tests/test_bug607584.xul:57
7518 ERROR TEST-UNEXPECTED-FAIL | chrome://mochitests/content/chrome/modules/plugin/test/test_xulbrowser_plugin_visibility.xul | Test timed out.
TEST-UNEXPECTED-FAIL | chrome://mochitests/content/browser/browser/base/content/test/browser_overflowScroll.js | Test timed out
ehsan%mozilla.com
http://tinderbox.mozilla.org/showlog.cgi?log=Firefox/1289972080.1289977226.14685.gz
WINNT 5.2 mozilla-central debug test mochitest-other on 2010/11/16 21:34:40

s: win32-slave49
7143 ERROR TEST-UNEXPECTED-FAIL | chrome://mochitests/content/chrome/extensions/universalchardet/tests/test_bug171813.html | [SimpleTest/SimpleTest.js, window.onerror] An error occurred - Components is not defined at chrome://mochitests/content/chrome/editor/libeditor/html/tests/test_bug607584.xul:57
7144 ERROR TEST-UNEXPECTED-FAIL | chrome://mochitests/content/chrome/extensions/universalchardet/tests/test_bug171813.html | [SimpleTest/SimpleTest.js, window.onerror] An error occurred - Components is not defined at chrome://mochitests/content/chrome/editor/libeditor/html/tests/test_bug607584.xul:57
7517 ERROR TEST-UNEXPECTED-FAIL | chrome://mochitests/content/chrome/modules/plugin/test/test_xulbrowser_plugin_visibility.xul | Test timed out.
TEST-UNEXPECTED-FAIL | chrome://mochitests/content/browser/browser/base/content/test/browser_overflowScroll.js | Test timed out
dao%mozilla.com
http://tinderbox.mozilla.org/showlog.cgi?log=Firefox/1289992168.1289997498.15216.gz
WINNT 5.2 mozilla-central debug test mochitest-other on 2010/11/17 03:09:28

s: win32-slave22
7143 ERROR TEST-UNEXPECTED-FAIL | chrome://mochitests/content/chrome/extensions/universalchardet/tests/test_bug171813.html | [SimpleTest/SimpleTest.js, window.onerror] An error occurred - Components is not defined at chrome://mochitests/content/chrome/editor/libeditor/html/tests/test_bug607584.xul:57
7144 ERROR TEST-UNEXPECTED-FAIL | chrome://mochitests/content/chrome/extensions/universalchardet/tests/test_bug171813.html | [SimpleTest/SimpleTest.js, window.onerror] An error occurred - Components is not defined at chrome://mochitests/content/chrome/editor/libeditor/html/tests/test_bug607584.xul:57
7517 ERROR TEST-UNEXPECTED-FAIL | chrome://mochitests/content/chrome/modules/plugin/test/test_xulbrowser_plugin_visibility.xul | Test timed out.
TEST-UNEXPECTED-FAIL | chrome://mochitests/content/browser/browser/base/content/test/browser_overflowScroll.js | Test timed out
dholbert%mozilla.com
http://tinderbox.mozilla.org/showlog.cgi?log=Firefox/1290020616.1290025543.6914.gz
WINNT 5.2 mozilla-central debug test mochitest-other on 2010/11/17 11:03:36

s: win32-slave06
7143 ERROR TEST-UNEXPECTED-FAIL | chrome://mochitests/content/chrome/extensions/universalchardet/tests/test_bug171813.html | [SimpleTest/SimpleTest.js, window.onerror] An error occurred - Components is not defined at chrome://mochitests/content/chrome/editor/libeditor/html/tests/test_bug607584.xul:57
7144 ERROR TEST-UNEXPECTED-FAIL | chrome://mochitests/content/chrome/extensions/universalchardet/tests/test_bug171813.html | [SimpleTest/SimpleTest.js, window.onerror] An error occurred - Components is not defined at chrome://mochitests/content/chrome/editor/libeditor/html/tests/test_bug607584.xul:57
TEST-UNEXPECTED-FAIL | chrome://mochitests/content/browser/browser/base/content/test/browser_overflowScroll.js | Test timed out
me%shawnwilsher.com
http://tinderbox.mozilla.org/showlog.cgi?log=Places/1290024891.1290030424.30576.gz
WINNT 5.2 places debug test mochitest-other on 2010/11/17 12:14:51

s: win32-slave13
7143 ERROR TEST-UNEXPECTED-FAIL | chrome://mochitests/content/chrome/extensions/universalchardet/tests/test_bug171813.html | [SimpleTest/SimpleTest.js, window.onerror] An error occurred - Components is not defined at chrome://mochitests/content/chrome/editor/libeditor/html/tests/test_bug607584.xul:57
7144 ERROR TEST-UNEXPECTED-FAIL | chrome://mochitests/content/chrome/extensions/universalchardet/tests/test_bug171813.html | [SimpleTest/SimpleTest.js, window.onerror] An error occurred - Components is not defined at chrome://mochitests/content/chrome/editor/libeditor/html/tests/test_bug607584.xul:57
7517 ERROR TEST-UNEXPECTED-FAIL | chrome://mochitests/content/chrome/modules/plugin/test/test_xulbrowser_plugin_visibility.xul | Test timed out.
TEST-UNEXPECTED-FAIL | automationutils.processLeakLog() | leaked 359611 bytes during test execution
TEST-UNEXPECTED-FAIL | automationutils.processLeakLog() | leaked 1 instance of AsyncStatement with size 48 bytes
TEST-UNEXPECTED-FAIL | automationutils.processLeakLog() | leaked 149 instances of AtomImpl with size 20 bytes each (2980 bytes total)
TEST-UNEXPECTED-FAIL | automationutils.processLeakLog() | leaked 1 instance of BackstagePass with size 24 bytes
TEST-UNEXPECTED-FAIL | automationutils.processLeakLog() | leaked 2 instances of CSSImportRuleImpl with size 44 bytes each (88 bytes total)
TEST-UNEXPECTED-FAIL | automationutils.processLeakLog() | leaked 46 instances of CSSImportantRule with size 16 bytes each (736 bytes total)
TEST-UNEXPECTED-FAIL | chrome://mochitests/content/browser/browser/base/content/test/browser_overflowScroll.js | Test timed out
philringnalda%gmail.com
http://tinderbox.mozilla.org/showlog.cgi?log=Firefox/1290031911.1290036932.29189.gz
WINNT 5.2 mozilla-central debug test mochitest-other on 2010/11/17 14:11:51

s: win32-slave17
7143 ERROR TEST-UNEXPECTED-FAIL | chrome://mochitests/content/chrome/extensions/universalchardet/tests/test_bug171813.html | [SimpleTest/SimpleTest.js, window.onerror] An error occurred - Components is not defined at chrome://mochitests/content/chrome/editor/libeditor/html/tests/test_bug607584.xul:57
7144 ERROR TEST-UNEXPECTED-FAIL | chrome://mochitests/content/chrome/extensions/universalchardet/tests/test_bug171813.html | [SimpleTest/SimpleTest.js, window.onerror] An error occurred - Components is not defined at chrome://mochitests/content/chrome/editor/libeditor/html/tests/test_bug607584.xul:57
TEST-UNEXPECTED-FAIL | chrome://mochitests/content/browser/browser/base/content/test/browser_overflowScroll.js | Test timed out
philringnalda%gmail.com
http://tinderbox.mozilla.org/showlog.cgi?log=TraceMonkey/1290043425.1290048498.15457.gz
WINNT 5.2 tracemonkey debug test mochitest-other on 2010/11/17 17:23:45

s: win32-slave23
7146 ERROR TEST-UNEXPECTED-FAIL | chrome://mochitests/content/chrome/extensions/universalchardet/tests/test_bug171813.html | [SimpleTest/SimpleTest.js, window.onerror] An error occurred - Components is not defined at chrome://mochitests/content/chrome/editor/libeditor/html/tests/test_bug607584.xul:57
7147 ERROR TEST-UNEXPECTED-FAIL | chrome://mochitests/content/chrome/extensions/universalchardet/tests/test_bug171813.html | [SimpleTest/SimpleTest.js, window.onerror] An error occurred - Components is not defined at chrome://mochitests/content/chrome/editor/libeditor/html/tests/test_bug607584.xul:57
TEST-UNEXPECTED-FAIL | chrome://mochitests/content/browser/browser/base/content/test/browser_overflowScroll.js | Test timed out
TEST-UNEXPECTED-FAIL | chrome://mochitests/content/browser/toolkit/mozapps/extensions/test/browser-window/browser_bug577990.js | Should have correct hidden state - Got true, expected false
TEST-UNEXPECTED-FAIL | chrome://mochitests/content/browser/toolkit/mozapps/extensions/test/browser-window/browser_bug577990.js | Should have correct hidden state - Got false, expected true
TEST-UNEXPECTED-FAIL | chrome://mochitests/content/browser/toolkit/mozapps/extensions/test/browser-window/browser_bug577990.js | Should have correct selected state - Got true, expected false
smontagu%smontagu.org
http://tinderbox.mozilla.org/showlog.cgi?log=Firefox/1290071985.1290077038.7089.gz
WINNT 5.2 mozilla-central debug test mochitest-other on 2010/11/18 01:19:45

s: win32-slave11
PROCESS-CRASH | Main app process exited normally | application crashed (minidump found)
Thread 0 (crashed)
TEST-UNEXPECTED-FAIL | chrome://mochitests/content/browser/browser/base/content/test/browser_overflowScroll.js | Test timed out
peterv%propagandism.org
http://tinderbox.mozilla.org/showlog.cgi?log=Firefox/1290071985.1290077038.7089.gz
WINNT 5.2 mozilla-central debug test mochitest-other on 2010/11/18 01:19:45

s: win32-slave11
PROCESS-CRASH | Main app process exited normally | application crashed (minidump found)
Thread 0 (crashed)
TEST-UNEXPECTED-FAIL | chrome://mochitests/content/browser/browser/base/content/test/browser_overflowScroll.js | Test timed out
rstrong%mozilla.com
http://tinderbox.mozilla.org/showlog.cgi?log=Firefox/1290112432.1290117588.25224.gz
WINNT 5.2 mozilla-central debug test mochitest-other on 2010/11/18 12:33:52

s: win32-slave17
PROCESS-CRASH | Main app process exited normally | application crashed (minidump found)
Thread 0 (crashed)
TEST-UNEXPECTED-FAIL | automationutils.processLeakLog() | leaked 359239 bytes during test execution
TEST-UNEXPECTED-FAIL | automationutils.processLeakLog() | leaked 149 instances of AtomImpl with size 20 bytes each (2980 bytes total)
TEST-UNEXPECTED-FAIL | automationutils.processLeakLog() | leaked 1 instance of BackstagePass with size 24 bytes
TEST-UNEXPECTED-FAIL | automationutils.processLeakLog() | leaked 2 instances of CSSImportRuleImpl with size 44 bytes each (88 bytes total)
TEST-UNEXPECTED-FAIL | automationutils.processLeakLog() | leaked 46 instances of CSSImportantRule with size 16 bytes each (736 bytes total)
TEST-UNEXPECTED-FAIL | automationutils.processLeakLog() | leaked 11 instances of CSSNameSpaceRuleImpl with size 40 bytes each (440 bytes total)
TEST-UNEXPECTED-FAIL | chrome://mochitests/content/browser/browser/base/content/test/browser_overflowScroll.js | Test timed out
TEST-UNEXPECTED-FAIL | chrome://mochitests/content/browser/toolkit/mozapps/plugins/tests/browser_bug435788.js | Test timed out
philringnalda%gmail.com
http://tinderbox.mozilla.org/showlog.cgi?log=TraceMonkey/1290108593.1290113831.4037.gz
WINNT 5.2 tracemonkey debug test mochitest-other on 2010/11/18 11:29:53

s: win32-slave13
7146 ERROR TEST-UNEXPECTED-FAIL | chrome://mochitests/content/chrome/extensions/universalchardet/tests/test_bug171813.html | [SimpleTest/SimpleTest.js, window.onerror] An error occurred - Components is not defined at chrome://mochitests/content/chrome/editor/libeditor/html/tests/test_bug607584.xul:57
7147 ERROR TEST-UNEXPECTED-FAIL | chrome://mochitests/content/chrome/extensions/universalchardet/tests/test_bug171813.html | [SimpleTest/SimpleTest.js, window.onerror] An error occurred - Components is not defined at chrome://mochitests/content/chrome/editor/libeditor/html/tests/test_bug607584.xul:57
TEST-UNEXPECTED-FAIL | chrome://mochitests/content/browser/browser/base/content/test/browser_overflowScroll.js | Test timed out
me%shawnwilsher.com
http://tinderbox.mozilla.org/showlog.cgi?log=Places/1290120783.1290126144.5434.gz
WINNT 5.2 places debug test mochitest-other on 2010/11/18 14:53:03

s: win32-slave19
TEST-UNEXPECTED-FAIL | chrome://mochitests/content/browser/browser/base/content/test/browser_overflowScroll.js | Test timed out
ehsan%mozilla.com
http://tinderbox.mozilla.org/showlog.cgi?log=Firefox/1290135811.1290140886.9283.gz
WINNT 5.2 mozilla-central debug test mochitest-other on 2010/11/18 19:03:31

s: win32-slave17
7541 ERROR TEST-UNEXPECTED-FAIL | chrome://mochitests/content/chrome/modules/plugin/test/test_xulbrowser_plugin_visibility.xul | Test timed out.
PROCESS-CRASH | Main app process exited normally | application crashed (minidump found)
Thread 0 (crashed)
TEST-UNEXPECTED-FAIL | chrome://mochitests/content/browser/browser/base/content/test/browser_overflowScroll.js | Test timed out
philringnalda%gmail.com
http://tinderbox.mozilla.org/showlog.cgi?log=TraceMonkey/1290133131.1290138335.30872.gz
WINNT 5.2 tracemonkey debug test mochitest-other on 2010/11/18 18:18:51

s: win32-slave18
7146 ERROR TEST-UNEXPECTED-FAIL | chrome://mochitests/content/chrome/extensions/universalchardet/tests/test_bug171813.html | [SimpleTest/SimpleTest.js, window.onerror] An error occurred - Components is not defined at chrome://mochitests/content/chrome/editor/libeditor/html/tests/test_bug607584.xul:57
7147 ERROR TEST-UNEXPECTED-FAIL | chrome://mochitests/content/chrome/extensions/universalchardet/tests/test_bug171813.html | [SimpleTest/SimpleTest.js, window.onerror] An error occurred - Components is not defined at chrome://mochitests/content/chrome/editor/libeditor/html/tests/test_bug607584.xul:57
TEST-UNEXPECTED-FAIL | chrome://mochitests/content/browser/browser/base/content/test/browser_overflowScroll.js | Test timed out
philringnalda%gmail.com
http://tinderbox.mozilla.org/showlog.cgi?log=TraceMonkey/1290141105.1290146225.30520.gz
WINNT 5.2 tracemonkey debug test mochitest-other on 2010/11/18 20:31:45

s: win32-slave07
7146 ERROR TEST-UNEXPECTED-FAIL | chrome://mochitests/content/chrome/extensions/universalchardet/tests/test_bug171813.html | [SimpleTest/SimpleTest.js, window.onerror] An error occurred - Components is not defined at chrome://mochitests/content/chrome/editor/libeditor/html/tests/test_bug607584.xul:57
7147 ERROR TEST-UNEXPECTED-FAIL | chrome://mochitests/content/chrome/extensions/universalchardet/tests/test_bug171813.html | [SimpleTest/SimpleTest.js, window.onerror] An error occurred - Components is not defined at chrome://mochitests/content/chrome/editor/libeditor/html/tests/test_bug607584.xul:57
TEST-UNEXPECTED-FAIL | automationutils.processLeakLog() | leaked 359631 bytes during test execution
TEST-UNEXPECTED-FAIL | automationutils.processLeakLog() | leaked 149 instances of AtomImpl with size 20 bytes each (2980 bytes total)
TEST-UNEXPECTED-FAIL | automationutils.processLeakLog() | leaked 1 instance of BackstagePass with size 24 bytes
TEST-UNEXPECTED-FAIL | automationutils.processLeakLog() | leaked 2 instances of CSSImportRuleImpl with size 44 bytes each (88 bytes total)
TEST-UNEXPECTED-FAIL | automationutils.processLeakLog() | leaked 46 instances of CSSImportantRule with size 16 bytes each (736 bytes total)
TEST-UNEXPECTED-FAIL | automationutils.processLeakLog() | leaked 11 instances of CSSNameSpaceRuleImpl with size 40 bytes each (440 bytes total)
TEST-UNEXPECTED-FAIL | chrome://mochitests/content/browser/browser/base/content/test/browser_overflowScroll.js | Test timed out
dholbert%mozilla.com
http://tinderbox.mozilla.org/showlog.cgi?log=Firefox/1290181548.1290186233.401.gz
WINNT 5.2 mozilla-central debug test mochitest-other on 2010/11/19 07:45:48

s: win32-slave05
PROCESS-CRASH | Main app process exited normally | application crashed (minidump found)
Thread 0 (crashed)
TEST-UNEXPECTED-FAIL | chrome://mochitests/content/browser/browser/base/content/test/browser_overflowScroll.js | Test timed out
dholbert%mozilla.com
http://tinderbox.mozilla.org/showlog.cgi?log=Firefox/1290190375.1290195657.7214.gz
WINNT 5.2 mozilla-central debug test mochitest-other on 2010/11/19 10:12:55

s: win32-slave12
632 ERROR TEST-UNEXPECTED-FAIL | chrome://mochitests/content/chrome/content/xul/templates/tests/chrome/test_tmpl_simplesyntaxusingdontrecurse.xul | simple syntax using dont-recurse
633 ERROR TEST-UNEXPECTED-FAIL | chrome://mochitests/content/chrome/content/xul/templates/tests/chrome/test_tmpl_simplesyntaxusingdontrecurse.xul | Error is: attribute container is '' instead of  'true' - got "<hbox id=\"http://www.some-fictitious-zoo.com/arachnids\"><label value=\"Arachnids\"/></hbox><hbox id=\"http://www.some-fictitious-zoo.com/birds\"><label value=\"Birds\"/></hbox>", expected "Same"
7542 ERROR TEST-UNEXPECTED-FAIL | chrome://mochitests/content/chrome/modules/plugin/test/test_xulbrowser_plugin_visibility.xul | Test timed out.
PROCESS-CRASH | Main app process exited normally | application crashed (minidump found)
Thread 0 (crashed)
TEST-UNEXPECTED-FAIL | chrome://mochitests/content/browser/browser/base/content/test/browser_overflowScroll.js | Test timed out
bjarne%runitsoft.com
http://tinderbox.mozilla.org/showlog.cgi?log=MozillaTry/1290183854.1290188777.10985.gz
WINNT 5.2 tryserver debug test mochitest-other on 2010/11/19 08:24:14

s: win32-slave54
7143 ERROR TEST-UNEXPECTED-FAIL | chrome://mochitests/content/chrome/extensions/universalchardet/tests/test_bug171813.html | [SimpleTest/SimpleTest.js, window.onerror] An error occurred - Components is not defined at chrome://mochitests/content/chrome/editor/libeditor/html/tests/test_bug607584.xul:57
7144 ERROR TEST-UNEXPECTED-FAIL | chrome://mochitests/content/chrome/extensions/universalchardet/tests/test_bug171813.html | [SimpleTest/SimpleTest.js, window.onerror] An error occurred - Components is not defined at chrome://mochitests/content/chrome/editor/libeditor/html/tests/test_bug607584.xul:57
TEST-UNEXPECTED-FAIL | chrome://mochitests/content/browser/browser/base/content/test/browser_overflowScroll.js | Test timed out
dholbert%mozilla.com
http://tinderbox.mozilla.org/showlog.cgi?log=Firefox/1290193663.1290198578.18630.gz
WINNT 5.2 mozilla-central debug test mochitest-other on 2010/11/19 11:07:43

s: win32-slave02
PROCESS-CRASH | Main app process exited normally | application crashed (minidump found)
Thread 0 (crashed)
TEST-UNEXPECTED-FAIL | chrome://mochitests/content/browser/browser/base/content/test/browser_overflowScroll.js | Test timed out
fyan%mozilla.com
http://tinderbox.mozilla.org/showlog.cgi?log=Firefox/1290212864.1290218233.9656.gz
WINNT 5.2 mozilla-central debug test mochitest-other on 2010/11/19 16:27:44

s: win32-slave47
7470 ERROR TEST-UNEXPECTED-FAIL | chrome://mochitests/content/chrome/modules/plugin/test/test_xulbrowser_plugin_visibility.xul | Test timed out.
PROCESS-CRASH | Main app process exited normally | application crashed (minidump found)
Thread 0 (crashed)
TEST-UNEXPECTED-FAIL | chrome://mochitests/content/browser/browser/base/content/test/browser_overflowScroll.js | Test timed out
philringnalda%gmail.com
http://tinderbox.mozilla.org/showlog.cgi?log=TraceMonkey/1290442981.1290447910.7926.gz
WINNT 5.2 tracemonkey debug test mochitest-other on 2010/11/22 08:23:01

s: win32-slave05
PROCESS-CRASH | Main app process exited normally | application crashed (minidump found)
Thread 0 (crashed)
TEST-UNEXPECTED-FAIL | chrome://mochitests/content/browser/browser/base/content/test/browser_overflowScroll.js | Test timed out
philringnalda%gmail.com
http://tinderbox.mozilla.org/showlog.cgi?log=TraceMonkey/1290443032.1290447958.8173.gz
WINNT 5.2 tracemonkey debug test mochitest-other on 2010/11/22 08:23:52

s: win32-slave18
PROCESS-CRASH | Main app process exited normally | application crashed (minidump found)
Thread 0 (crashed)
TEST-UNEXPECTED-FAIL | chrome://mochitests/content/browser/browser/base/content/test/browser_overflowScroll.js | Test timed out
mak77%bonardo.net
http://tinderbox.mozilla.org/showlog.cgi?log=Places/1290458388.1290463634.14007.gz
WINNT 5.2 places debug test mochitest-other on 2010/11/22 12:39:48

s: win32-slave07
TEST-UNEXPECTED-FAIL | chrome://mochitests/content/browser/browser/base/content/test/browser_overflowScroll.js | Test timed out
philringnalda%gmail.com
http://tinderbox.mozilla.org/showlog.cgi?log=TraceMonkey/1290455387.1290460849.753.gz
WINNT 5.2 tracemonkey debug test mochitest-other on 2010/11/22 11:49:47

s: win32-slave06
7470 ERROR TEST-UNEXPECTED-FAIL | chrome://mochitests/content/chrome/modules/plugin/test/test_xulbrowser_plugin_visibility.xul | Test timed out.
PROCESS-CRASH | Main app process exited normally | application crashed (minidump found)
Thread 0 (crashed)
TEST-UNEXPECTED-FAIL | chrome://mochitests/content/browser/browser/base/content/test/browser_overflowScroll.js | Test timed out
josh%joshmatthews.net
http://tinderbox.mozilla.org/showlog.cgi?log=Firefox/1290529235.1290534066.29515.gz
WINNT 5.2 mozilla-central debug test mochitest-other on 2010/11/23 08:20:35

s: win32-slave02
PROCESS-CRASH | Main app process exited normally | application crashed (minidump found)
Thread 0 (crashed)
TEST-UNEXPECTED-FAIL | chrome://mochitests/content/browser/browser/base/content/test/browser_overflowScroll.js | Test timed out
ehsan%mozilla.com
http://tinderbox.mozilla.org/showlog.cgi?log=Firefox/1290530503.1290535332.2437.gz
WINNT 5.2 mozilla-central debug test mochitest-other on 2010/11/23 08:41:43

s: win32-slave18
PROCESS-CRASH | Main app process exited normally | application crashed (minidump found)
Thread 0 (crashed)
TEST-UNEXPECTED-FAIL | chrome://mochitests/content/browser/browser/base/content/test/browser_overflowScroll.js | Test timed out
josh%joshmatthews.net
http://tinderbox.mozilla.org/showlog.cgi?log=Firefox/1290533684.1290539066.19599.gz
WINNT 5.2 mozilla-central debug test mochitest-other on 2010/11/23 09:34:44

s: win32-slave11
7487 ERROR TEST-UNEXPECTED-FAIL | chrome://mochitests/content/chrome/modules/plugin/test/test_xulbrowser_plugin_visibility.xul | Test timed out.
PROCESS-CRASH | Main app process exited normally | application crashed (minidump found)
Thread 0 (crashed)
TEST-UNEXPECTED-FAIL | chrome://mochitests/content/browser/browser/base/content/test/browser_overflowScroll.js | Test timed out
josh%joshmatthews.net
http://tinderbox.mozilla.org/showlog.cgi?log=Firefox/1290540677.1290545827.18591.gz
WINNT 5.2 mozilla-central debug test mochitest-other on 2010/11/23 11:31:17

s: win32-slave01
PROCESS-CRASH | Main app process exited normally | application crashed (minidump found)
Thread 0 (crashed)
TEST-UNEXPECTED-FAIL | chrome://mochitests/content/browser/browser/base/content/test/browser_overflowScroll.js | Test timed out
philringnalda%gmail.com
http://tinderbox.mozilla.org/showlog.cgi?log=TraceMonkey/1290551715.1290556973.7022.gz
WINNT 5.2 tracemonkey debug test mochitest-other on 2010/11/23 14:35:15

s: win32-slave13
PROCESS-CRASH | Main app process exited normally | application crashed (minidump found)
Thread 0 (crashed)
TEST-UNEXPECTED-FAIL | chrome://mochitests/content/browser/browser/base/content/test/browser_overflowScroll.js | Test timed out
philringnalda%gmail.com
http://tinderbox.mozilla.org/showlog.cgi?log=Firefox/1290551066.1290557491.9765.gz
WINNT 5.2 mozilla-central debug test mochitest-other on 2010/11/23 14:24:26

s: win32-slave05
PROCESS-CRASH | Main app process exited normally | application crashed (minidump found)
Thread 0 (crashed)
TEST-UNEXPECTED-FAIL | chrome://mochitests/content/browser/browser/base/content/test/browser_overflowScroll.js | Test timed out
TEST-UNEXPECTED-FAIL | chrome://mochitests/content/browser/toolkit/mozapps/extensions/test/browser/browser_installssl.js | application timed out after 330 seconds with no output
buildbot.slave.commands.TimeoutError: command timed out: 1200 seconds without output
philringnalda%gmail.com
http://tinderbox.mozilla.org/showlog.cgi?log=TraceMonkey/1290554257.1290559287.18454.gz
WINNT 5.2 tracemonkey debug test mochitest-other on 2010/11/23 15:17:37

s: win32-slave14
PROCESS-CRASH | Main app process exited normally | application crashed (minidump found)
Thread 0 (crashed)
TEST-UNEXPECTED-FAIL | chrome://mochitests/content/browser/browser/base/content/test/browser_overflowScroll.js | Test timed out
philringnalda%gmail.com
http://tinderbox.mozilla.org/showlog.cgi?log=Firefox/1290555157.1290560402.23338.gz
WINNT 5.2 mozilla-central debug test mochitest-other on 2010/11/23 15:32:37

s: win32-slave18
7487 ERROR TEST-UNEXPECTED-FAIL | chrome://mochitests/content/chrome/modules/plugin/test/test_xulbrowser_plugin_visibility.xul | Test timed out.
PROCESS-CRASH | Main app process exited normally | application crashed (minidump found)
Thread 0 (crashed)
TEST-UNEXPECTED-FAIL | chrome://mochitests/content/browser/browser/base/content/test/browser_overflowScroll.js | Test timed out
philringnalda%gmail.com
http://tinderbox.mozilla.org/showlog.cgi?log=Firefox/1290557239.1290562341.32704.gz
WINNT 5.2 mozilla-central debug test mochitest-other on 2010/11/23 16:07:19

s: win32-slave06
PROCESS-CRASH | Main app process exited normally | application crashed (minidump found)
Thread 0 (crashed)
TEST-UNEXPECTED-FAIL | chrome://mochitests/content/browser/browser/base/content/test/browser_overflowScroll.js | Test timed out
ehsan%mozilla.com
http://tinderbox.mozilla.org/showlog.cgi?log=Firefox/1290557239.1290562341.32704.gz
WINNT 5.2 mozilla-central debug test mochitest-other on 2010/11/23 16:07:19

s: win32-slave06
PROCESS-CRASH | Main app process exited normally | application crashed (minidump found)
Thread 0 (crashed)
TEST-UNEXPECTED-FAIL | chrome://mochitests/content/browser/browser/base/content/test/browser_overflowScroll.js | Test timed out
mounir.lamouri%gmail.com
http://tinderbox.mozilla.org/showlog.cgi?log=MozillaTry/1290571635.1290576656.3642.gz
WINNT 5.2 tryserver debug test mochitest-other on 2010/11/23 20:07:15

s: win32-slave57
PROCESS-CRASH | Main app process exited normally | application crashed (minidump found)
Thread 0 (crashed)
TEST-UNEXPECTED-FAIL | chrome://mochitests/content/browser/browser/base/content/test/browser_overflowScroll.js | Test timed out
mounir.lamouri%gmail.com
http://tinderbox.mozilla.org/showlog.cgi?log=Firefox/1290597423.1290602760.10696.gz
WINNT 5.2 mozilla-central debug test mochitest-other on 2010/11/24 03:17:03

s: win32-slave22
PROCESS-CRASH | Main app process exited normally | application crashed (minidump found)
Thread 0 (crashed)
TEST-UNEXPECTED-FAIL | chrome://mochitests/content/browser/browser/base/content/test/browser_overflowScroll.js | Test timed out
TEST-UNEXPECTED-FAIL | chrome://mochitests/content/browser/browser/components/sessionstore/test/browser/browser_354894.js | Test timed out
me%shawnwilsher.com
http://tinderbox.mozilla.org/showlog.cgi?log=Places/1290595505.1290600576.29408.gz
WINNT 5.2 places debug test mochitest-other on 2010/11/24 02:45:05

s: win32-slave06
TEST-UNEXPECTED-FAIL | chrome://mochitests/content/browser/browser/base/content/test/browser_overflowScroll.js | Test timed out
mak77%bonardo.net
http://tinderbox.mozilla.org/showlog.cgi?log=Places/1290614992.1290620320.29284.gz
WINNT 5.2 places debug test mochitest-other on 2010/11/24 08:09:52

s: win32-slave07
7525 ERROR TEST-UNEXPECTED-FAIL | chrome://mochitests/content/chrome/modules/plugin/test/test_xulbrowser_plugin_visibility.xul | Test timed out.
TEST-UNEXPECTED-FAIL | chrome://mochitests/content/browser/browser/base/content/test/browser_overflowScroll.js | Test timed out
tnikkel%gmail.com
http://tinderbox.mozilla.org/showlog.cgi?log=Firefox/1290635418.1290640695.24179.gz
WINNT 5.2 mozilla-central debug test mochitest-other on 2010/11/24 13:50:18

s: win32-slave29
7492 ERROR TEST-UNEXPECTED-FAIL | chrome://mochitests/content/chrome/modules/plugin/test/test_xulbrowser_plugin_visibility.xul | Test timed out.
PROCESS-CRASH | Main app process exited normally | application crashed (minidump found)
Thread 0 (crashed)
PROCESS-CRASH | Main app process exited normally | application crashed (minidump found)
Thread 0 (crashed)
TEST-UNEXPECTED-FAIL | chrome://mochitests/content/browser/browser/base/content/test/browser_overflowScroll.js | Test timed out
mbrubeck%mozilla.com
http://tinderbox.mozilla.org/showlog.cgi?log=Firefox/1290635418.1290640695.24179.gz
WINNT 5.2 mozilla-central debug test mochitest-other on 2010/11/24 13:50:18

s: win32-slave29
7492 ERROR TEST-UNEXPECTED-FAIL | chrome://mochitests/content/chrome/modules/plugin/test/test_xulbrowser_plugin_visibility.xul | Test timed out.
PROCESS-CRASH | Main app process exited normally | application crashed (minidump found)
Thread 0 (crashed)
PROCESS-CRASH | Main app process exited normally | application crashed (minidump found)
Thread 0 (crashed)
TEST-UNEXPECTED-FAIL | chrome://mochitests/content/browser/browser/base/content/test/browser_overflowScroll.js | Test timed out
ehsan%mozilla.com
http://tinderbox.mozilla.org/showlog.cgi?log=Firefox/1290723100.1290728048.9572.gz
WINNT 5.2 mozilla-central debug test mochitest-other on 2010/11/25 14:11:40

s: win32-slave23
PROCESS-CRASH | Main app process exited normally | application crashed (minidump found)
Thread 0 (crashed)
PROCESS-CRASH | Main app process exited normally | application crashed (minidump found)
Thread 0 (crashed)
TEST-UNEXPECTED-FAIL | chrome://mochitests/content/browser/browser/base/content/test/browser_overflowScroll.js | Test timed out
TEST-UNEXPECTED-FAIL | chrome://mochitests/content/browser/toolkit/components/places/tests/browser/browser_bug399606.js | onVisit has been received right number of times for http://example.com/tests/toolkit/components/places/tests/browser/399606-location.reload.html - Got 2, expected 1
philringnalda%gmail.com
http://tinderbox.mozilla.org/showlog.cgi?log=TraceMonkey/1290721361.1290726401.2325.gz
WINNT 5.2 tracemonkey debug test mochitest-other on 2010/11/25 13:42:41

s: win32-slave43
PROCESS-CRASH | Main app process exited normally | application crashed (minidump found)
Thread 0 (crashed)
PROCESS-CRASH | Main app process exited normally | application crashed (minidump found)
Thread 0 (crashed)
TEST-UNEXPECTED-FAIL | chrome://mochitests/content/browser/browser/base/content/test/browser_overflowScroll.js | Test timed out
dao%mozilla.com
http://tinderbox.mozilla.org/showlog.cgi?log=Firefox/1290772115.1290777114.22839.gz
WINNT 5.2 mozilla-central debug test mochitest-other on 2010/11/26 03:48:35

s: win32-slave05
PROCESS-CRASH | Main app process exited normally | application crashed (minidump found)
Thread 0 (crashed)
PROCESS-CRASH | Main app process exited normally | application crashed (minidump found)
Thread 0 (crashed)
TEST-UNEXPECTED-FAIL | chrome://mochitests/content/browser/browser/base/content/test/browser_overflowScroll.js | Test timed out
matspal%gmail.com
http://tinderbox.mozilla.org/showlog.cgi?log=Firefox/1290900700.1290905730.10203.gz
WINNT 5.2 mozilla-central debug test mochitest-other on 2010/11/27 15:31:40

s: win32-slave43
PROCESS-CRASH | Main app process exited normally | application crashed (minidump found)
Thread 0 (crashed)
PROCESS-CRASH | Main app process exited normally | application crashed (minidump found)
Thread 0 (crashed)
TEST-UNEXPECTED-FAIL | chrome://mochitests/content/browser/browser/base/content/test/browser_overflowScroll.js | Test timed out
ehsan%mozilla.com
http://tinderbox.mozilla.org/showlog.cgi?log=Firefox/1291042658.1291046697.23351.gz
WINNT 5.2 mozilla-central debug test mochitest-other on 2010/11/29 06:57:38

s: win32-slave23
PROCESS-CRASH | Main app process exited normally | application crashed (minidump found)
Thread 0 (crashed)
PROCESS-CRASH | Main app process exited normally | application crashed (minidump found)
Thread 0 (crashed)
TEST-UNEXPECTED-FAIL | chrome://mochitests/content/browser/browser/base/content/test/browser_overflowScroll.js | Test timed out
TEST-UNEXPECTED-FAIL | chrome://mochitests/content/browser/browser/components/certerror/test/browser_bug431826.js | application timed out after 330 seconds with no output
buildbot.slave.commands.TimeoutError: command timed out: 1200 seconds without output
mak77%bonardo.net
http://tinderbox.mozilla.org/showlog.cgi?log=Places/1291058193.1291063329.1254.gz
WINNT 5.2 places debug test mochitest-other on 2010/11/29 11:16:33

s: win32-slave14
PROCESS-CRASH | Main app process exited normally | application crashed (minidump found)
Thread 0 (crashed)
PROCESS-CRASH | Main app process exited normally | application crashed (minidump found)
Thread 0 (crashed)
TEST-UNEXPECTED-FAIL | chrome://mochitests/content/browser/browser/base/content/test/browser_overflowScroll.js | Test timed out
ian%iangilman.com
http://tinderbox.mozilla.org/showlog.cgi?log=Firefox/1291069757.1291073977.20426.gz
WINNT 5.2 mozilla-central debug test mochitest-other on 2010/11/29 14:29:17

s: win32-slave12
PROCESS-CRASH | Main app process exited normally | application crashed (minidump found)
Thread 0 (crashed)
PROCESS-CRASH | Main app process exited normally | application crashed (minidump found)
Thread 0 (crashed)
TEST-UNEXPECTED-FAIL | chrome://mochitests/content/browser/browser/base/content/test/browser_overflowScroll.js | Test timed out
TEST-UNEXPECTED-FAIL | chrome://mochitests/content/browser/browser/components/certerror/test/browser_bug431826.js | application timed out after 330 seconds with no output
buildbot.slave.commands.TimeoutError: command timed out: 1200 seconds without output
mak77%bonardo.net
http://tinderbox.mozilla.org/showlog.cgi?log=Places/1291118080.1291123473.17119.gz
WINNT 5.2 places debug test mochitest-other on 2010/11/30 03:54:40

s: win32-slave13
PROCESS-CRASH | Main app process exited normally | application crashed (minidump found)
Thread 0 (crashed)
PROCESS-CRASH | Main app process exited normally | application crashed (minidump found)
Thread 0 (crashed)
TEST-UNEXPECTED-FAIL | chrome://mochitests/content/browser/browser/base/content/test/browser_overflowScroll.js | Test timed out
philringnalda%gmail.com
http://tinderbox.mozilla.org/showlog.cgi?log=TraceMonkey/1291145360.1291150901.19994.gz
WINNT 5.2 tracemonkey debug test mochitest-other on 2010/11/30 11:29:20

s: win32-slave19
PROCESS-CRASH | Main app process exited normally | application crashed (minidump found)
Thread 0 (crashed)
PROCESS-CRASH | Main app process exited normally | application crashed (minidump found)
Thread 0 (crashed)
TEST-UNEXPECTED-FAIL | chrome://mochitests/content/browser/browser/base/content/test/browser_overflowScroll.js | Test timed out
philringnalda%gmail.com
http://tinderbox.mozilla.org/showlog.cgi?log=Firefox/1291151610.1291156724.14893.gz
WINNT 5.2 mozilla-central debug test mochitest-other on 2010/11/30 13:13:30

s: win32-slave08
PROCESS-CRASH | Main app process exited normally | application crashed (minidump found)
Thread 0 (crashed)
PROCESS-CRASH | Main app process exited normally | application crashed (minidump found)
Thread 0 (crashed)
TEST-UNEXPECTED-FAIL | chrome://mochitests/content/browser/browser/base/content/test/browser_overflowScroll.js | Test timed out
TEST-UNEXPECTED-FAIL | automationutils.processLeakLog() | leaked 1830103 bytes during test execution
TEST-UNEXPECTED-FAIL | automationutils.processLeakLog() | leaked 1707 instances of AtomImpl with size 20 bytes each (34140 bytes total)
TEST-UNEXPECTED-FAIL | automationutils.processLeakLog() | leaked 1 instance of BackstagePass with size 24 bytes
TEST-UNEXPECTED-FAIL | automationutils.processLeakLog() | leaked 6 instances of BodyRule with size 16 bytes each (96 bytes total)
TEST-UNEXPECTED-FAIL | automationutils.processLeakLog() | leaked 6 instances of CSSImportRuleImpl with size 44 bytes each (264 bytes total)
TEST-UNEXPECTED-FAIL | automationutils.processLeakLog() | leaked 124 instances of CSSImportantRule with size 16 bytes each (1984 bytes total)
philringnalda%gmail.com
http://tinderbox.mozilla.org/showlog.cgi?log=Firefox/1291156443.1291161623.2291.gz
WINNT 5.2 mozilla-central debug test mochitest-other on 2010/11/30 14:34:03

s: win32-slave23
PROCESS-CRASH | Main app process exited normally | application crashed (minidump found)
Thread 0 (crashed)
PROCESS-CRASH | Main app process exited normally | application crashed (minidump found)
Thread 0 (crashed)
TEST-UNEXPECTED-FAIL | chrome://mochitests/content/browser/browser/base/content/test/browser_overflowScroll.js | Test timed out
philringnalda%gmail.com
http://tinderbox.mozilla.org/showlog.cgi?log=Firefox/1291179919.1291185094.884.gz
WINNT 5.2 mozilla-central debug test mochitest-other on 2010/11/30 21:05:19

s: win32-slave48
PROCESS-CRASH | Main app process exited normally | application crashed (minidump found)
Thread 0 (crashed)
PROCESS-CRASH | Main app process exited normally | application crashed (minidump found)
Thread 0 (crashed)
TEST-UNEXPECTED-FAIL | chrome://mochitests/content/browser/browser/base/content/test/browser_overflowScroll.js | Test timed out
Created attachment 494323
Double timeout

Its sort of interesting that this started timing out only on Windows debug at an unlikely time for it to start timing out, but not really interesting enough to keep watching it fail. Windows debug is slow, requestLongerTimeout can help.
philringnalda%gmail.com
http://tinderbox.mozilla.org/showlog.cgi?log=Firefox/1291183001.1291188055.12838.gz
WINNT 5.2 mozilla-central debug test mochitest-other on 2010/11/30 21:56:41

s: win32-slave19
PROCESS-CRASH | Main app process exited normally | application crashed (minidump found)
Thread 0 (crashed)
PROCESS-CRASH | Main app process exited normally | application crashed (minidump found)
Thread 0 (crashed)
TEST-UNEXPECTED-FAIL | chrome://mochitests/content/browser/browser/base/content/test/browser_overflowScroll.js | Test timed out
mstange%themasta.com
http://tinderbox.mozilla.org/showlog.cgi?log=Firefox/1291208063.1291213321.16939.gz
WINNT 5.2 mozilla-central debug test mochitest-other on 2010/12/01 04:54:23

s: win32-slave45
PROCESS-CRASH | Main app process exited normally | application crashed (minidump found)
Thread 0 (crashed)
PROCESS-CRASH | Main app process exited normally | application crashed (minidump found)
Thread 0 (crashed)
TEST-UNEXPECTED-FAIL | chrome://mochitests/content/browser/browser/base/content/test/browser_overflowScroll.js | Test timed out
philringnalda%gmail.com
http://tinderbox.mozilla.org/showlog.cgi?log=Firefox/1291229862.1291235205.13029.gz
WINNT 5.2 mozilla-central debug test mochitest-other on 2010/12/01 10:57:42

s: win32-slave12
PROCESS-CRASH | Main app process exited normally | application crashed (minidump found)
Thread 0 (crashed)
PROCESS-CRASH | Main app process exited normally | application crashed (minidump found)
Thread 0 (crashed)
TEST-UNEXPECTED-FAIL | chrome://mochitests/content/browser/browser/base/content/test/browser_overflowScroll.js | Test timed out
philringnalda%gmail.com
http://tinderbox.mozilla.org/showlog.cgi?log=Firefox/1291229503.1291234952.11891.gz
WINNT 5.2 mozilla-central debug test mochitest-other on 2010/12/01 10:51:43

s: win32-slave19
PROCESS-CRASH | Main app process exited normally | application crashed (minidump found)
Thread 0 (crashed)
PROCESS-CRASH | Main app process exited normally | application crashed (minidump found)
Thread 0 (crashed)
TEST-UNEXPECTED-FAIL | chrome://mochitests/content/browser/browser/base/content/test/browser_overflowScroll.js | Test timed out
philringnalda%gmail.com
http://tinderbox.mozilla.org/showlog.cgi?log=TraceMonkey/1291253700.1291259076.18293.gz
WINNT 5.2 tracemonkey debug test mochitest-other on 2010/12/01 17:35:00

s: win32-slave45
PROCESS-CRASH | Main app process exited normally | application crashed (minidump found)
Thread 0 (crashed)
PROCESS-CRASH | Main app process exited normally | application crashed (minidump found)
Thread 0 (crashed)
TEST-UNEXPECTED-FAIL | chrome://mochitests/content/browser/browser/base/content/test/browser_overflowScroll.js | Test timed out
rcampbell%mozilla.com
http://tinderbox.mozilla.org/showlog.cgi?log=Firefox/1291283640.1291288893.7264.gz
WINNT 5.2 mozilla-central debug test mochitest-other on 2010/12/02 01:54:00

s: win32-slave45
PROCESS-CRASH | Main app process exited normally | application crashed (minidump found)
Thread 0 (crashed)
PROCESS-CRASH | Main app process exited normally | application crashed (minidump found)
Thread 0 (crashed)
TEST-UNEXPECTED-FAIL | chrome://mochitests/content/browser/browser/base/content/test/browser_overflowScroll.js | Test timed out
khuey
http://tinderbox.mozilla.org/showlog.cgi?log=Firefox/1291311823.1291317034.18533.gz
WINNT 5.2 mozilla-central debug test mochitest-other on 2010/12/02 09:43:43

s: win32-slave12
PROCESS-CRASH | Main app process exited normally | application crashed (minidump found)
Thread 0 (crashed)
PROCESS-CRASH | Main app process exited normally | application crashed (minidump found)
Thread 0 (crashed)
TEST-UNEXPECTED-FAIL | chrome://mochitests/content/browser/browser/base/content/test/browser_overflowScroll.js | Test timed out
ctalbert%mozilla.com
http://tinderbox.mozilla.org/showlog.cgi?log=Firefox/1291315996.1291321300.5261.gz
WINNT 5.2 mozilla-central debug test mochitest-other on 2010/12/02 10:53:16

s: win32-slave18
PROCESS-CRASH | Main app process exited normally | application crashed (minidump found)
Thread 0 (crashed)
PROCESS-CRASH | Main app process exited normally | application crashed (minidump found)
Thread 0 (crashed)
TEST-UNEXPECTED-FAIL | chrome://mochitests/content/browser/browser/base/content/test/browser_overflowScroll.js | Test timed out
ehsan%mozilla.com
http://tinderbox.mozilla.org/showlog.cgi?log=Firefox/1291321765.1291326974.26854.gz
WINNT 5.2 mozilla-central debug test mochitest-other on 2010/12/02 12:29:25

s: win32-slave12
PROCESS-CRASH | Main app process exited normally | application crashed (minidump found)
Thread 0 (crashed)
PROCESS-CRASH | Main app process exited normally | application crashed (minidump found)
Thread 0 (crashed)
TEST-UNEXPECTED-FAIL | chrome://mochitests/content/browser/browser/base/content/test/browser_overflowScroll.js | Test timed out
ehsan%mozilla.com
http://tinderbox.mozilla.org/showlog.cgi?log=Firefox/1291321122.1291326342.24488.gz
WINNT 5.2 mozilla-central debug test mochitest-other on 2010/12/02 12:18:42

s: win32-slave43
PROCESS-CRASH | Main app process exited normally | application crashed (minidump found)
Thread 0 (crashed)
PROCESS-CRASH | Main app process exited normally | application crashed (minidump found)
Thread 0 (crashed)
TEST-UNEXPECTED-FAIL | chrome://mochitests/content/browser/browser/base/content/test/browser_overflowScroll.js | Test timed out
TEST-UNEXPECTED-FAIL | chrome://mochitests/content/browser/toolkit/components/places/tests/browser/browser_bug399606.js | onVisit has been received right number of times for http://example.com/tests/toolkit/components/places/tests/browser/399606-location.reload.html - Got 2, expected 1
ehsan%mozilla.com
http://tinderbox.mozilla.org/showlog.cgi?log=Firefox/1291321904.1291327076.27281.gz
WINNT 5.2 mozilla-central debug test mochitest-other on 2010/12/02 12:31:44

s: win32-slave17
PROCESS-CRASH | Main app process exited normally | application crashed (minidump found)
Thread 0 (crashed)
PROCESS-CRASH | Main app process exited normally | application crashed (minidump found)
Thread 0 (crashed)
TEST-UNEXPECTED-FAIL | chrome://mochitests/content/browser/browser/base/content/test/browser_overflowScroll.js | Test timed out
philringnalda%gmail.com
http://tinderbox.mozilla.org/showlog.cgi?log=TraceMonkey/1291310561.1291315725.11527.gz
WINNT 5.2 tracemonkey debug test mochitest-other on 2010/12/02 09:22:41

s: win32-slave24
PROCESS-CRASH | Main app process exited normally | application crashed (minidump found)
Thread 0 (crashed)
PROCESS-CRASH | Main app process exited normally | application crashed (minidump found)
Thread 0 (crashed)
TEST-UNEXPECTED-FAIL | chrome://mochitests/content/browser/browser/base/content/test/browser_overflowScroll.js | Test timed out
khuey
http://tinderbox.mozilla.org/showlog.cgi?log=Firefox/1291335151.1291339773.20763.gz
WINNT 5.2 mozilla-central debug test mochitest-other on 2010/12/02 16:12:31

s: win32-slave18
PROCESS-CRASH | Main app process exited normally | application crashed (minidump found)
Thread 0 (crashed)
PROCESS-CRASH | Main app process exited normally | application crashed (minidump found)
Thread 0 (crashed)
TEST-UNEXPECTED-FAIL | chrome://mochitests/content/browser/browser/base/content/test/browser_overflowScroll.js | Test timed out
TEST-UNEXPECTED-FAIL | chrome://mochitests/content/browser/browser/components/certerror/test/browser_bug431826.js | application timed out after 330 seconds with no output
buildbot.slave.commands.TimeoutError: command timed out: 1200 seconds without output
philringnalda%gmail.com
http://tinderbox.mozilla.org/showlog.cgi?log=TraceMonkey/1291342181.1291347892.26595.gz
WINNT 5.2 tracemonkey debug test mochitest-other on 2010/12/02 18:09:41

s: win32-slave19
7492 ERROR TEST-UNEXPECTED-FAIL | chrome://mochitests/content/chrome/modules/plugin/test/test_xulbrowser_plugin_visibility.xul | Test timed out.
PROCESS-CRASH | Main app process exited normally | application crashed (minidump found)
Thread 0 (crashed)
PROCESS-CRASH | Main app process exited normally | application crashed (minidump found)
Thread 0 (crashed)
TEST-UNEXPECTED-FAIL | chrome://mochitests/content/browser/browser/base/content/test/browser_overflowScroll.js | Test timed out
me%shawnwilsher.com
http://tinderbox.mozilla.org/showlog.cgi?log=Places/1291341450.1291346848.22097.gz
WINNT 5.2 places debug test mochitest-other on 2010/12/02 17:57:30

s: win32-slave14
PROCESS-CRASH | Main app process exited normally | application crashed (minidump found)
Thread 0 (crashed)
PROCESS-CRASH | Main app process exited normally | application crashed (minidump found)
Thread 0 (crashed)
TEST-UNEXPECTED-FAIL | chrome://mochitests/content/browser/browser/base/content/test/browser_overflowScroll.js | Test timed out
philringnalda%gmail.com
http://tinderbox.mozilla.org/showlog.cgi?log=Firefox/1291348587.1291353930.21100.gz
WINNT 5.2 mozilla-central debug test mochitest-other on 2010/12/02 19:56:27

s: win32-slave12
PROCESS-CRASH | Main app process exited normally | application crashed (minidump found)
Thread 0 (crashed)
PROCESS-CRASH | Main app process exited normally | application crashed (minidump found)
Thread 0 (crashed)
TEST-UNEXPECTED-FAIL | chrome://mochitests/content/browser/browser/base/content/test/browser_overflowScroll.js | Test timed out
surkov.alexander%gmail.com
http://tinderbox.mozilla.org/showlog.cgi?log=Firefox/1291376427.1291381663.26427.gz
WINNT 5.2 mozilla-central debug test mochitest-other on 2010/12/03 03:40:27

s: win32-slave48
PROCESS-CRASH | Main app process exited normally | application crashed (minidump found)
Thread 0 (crashed)
PROCESS-CRASH | Main app process exited normally | application crashed (minidump found)
Thread 0 (crashed)
TEST-UNEXPECTED-FAIL | chrome://mochitests/content/browser/browser/base/content/test/browser_overflowScroll.js | Test timed out
mak77%bonardo.net
http://tinderbox.mozilla.org/showlog.cgi?log=Places/1291385226.1291391073.9307.gz
WINNT 5.2 places debug test mochitest-other on 2010/12/03 06:07:06

s: win32-slave20
PROCESS-CRASH | Main app process exited normally | application crashed (minidump found)
Thread 0 (crashed)
PROCESS-CRASH | Main app process exited normally | application crashed (minidump found)
Thread 0 (crashed)
TEST-UNEXPECTED-FAIL | chrome://mochitests/content/browser/browser/base/content/test/browser_overflowScroll.js | Test timed out
ehsan%mozilla.com
http://tinderbox.mozilla.org/showlog.cgi?log=Firefox/1291395752.1291402292.29918.gz
WINNT 5.2 mozilla-central debug test mochitest-other on 2010/12/03 09:02:32

s: win32-slave09
PROCESS-CRASH | Main app process exited normally | application crashed (minidump found)
Thread 0 (crashed)
PROCESS-CRASH | Main app process exited normally | application crashed (minidump found)
Thread 0 (crashed)
TEST-UNEXPECTED-FAIL | chrome://mochitests/content/browser/browser/base/content/test/browser_overflowScroll.js | Test timed out
TEST-UNEXPECTED-FAIL | chrome://mochitests/content/browser/browser/components/sessionstore/test/browser/browser_354894.js | Test timed out
TEST-UNEXPECTED-FAIL | chrome://mochitests/content/browser/toolkit/mozapps/extensions/test/browser-window/browser_bug577990.js | Should have correct hidden state - Got true, expected false
TEST-UNEXPECTED-FAIL | chrome://mochitests/content/browser/toolkit/mozapps/extensions/test/browser-window/browser_bug577990.js | Should have correct hidden state - Got false, expected true
TEST-UNEXPECTED-FAIL | chrome://mochitests/content/browser/toolkit/mozapps/extensions/test/browser-window/browser_bug577990.js | Should have correct selected state - Got true, expected false
TEST-UNEXPECTED-FAIL | chrome://mochitests/content/browser/toolkit/mozapps/plugins/tests/browser_bug435788.js | Test timed out
ehsan%mozilla.com
http://tinderbox.mozilla.org/showlog.cgi?log=Firefox/1291396241.1291403028.858.gz
WINNT 5.2 mozilla-central debug test mochitest-other on 2010/12/03 09:10:41

s: win32-slave20
7495 ERROR TEST-UNEXPECTED-FAIL | chrome://mochitests/content/chrome/modules/plugin/test/test_xulbrowser_plugin_visibility.xul | Test timed out.
PROCESS-CRASH | Main app process exited normally | application crashed (minidump found)
Thread 0 (crashed)
PROCESS-CRASH | Main app process exited normally | application crashed (minidump found)
Thread 0 (crashed)
TEST-UNEXPECTED-FAIL | chrome://mochitests/content/browser/browser/base/content/test/browser_overflowScroll.js | Test timed out
TEST-UNEXPECTED-FAIL | chrome://mochitests/content/browser/browser/base/content/test/browser_tabMatchesInAwesomebar.js | Test timed out
ehsan%mozilla.com
http://tinderbox.mozilla.org/showlog.cgi?log=Firefox/1291402666.1291408092.25795.gz
WINNT 5.2 mozilla-central debug test mochitest-other on 2010/12/03 10:57:46

s: win32-slave14
7495 ERROR TEST-UNEXPECTED-FAIL | chrome://mochitests/content/chrome/modules/plugin/test/test_xulbrowser_plugin_visibility.xul | Test timed out.
PROCESS-CRASH | Main app process exited normally | application crashed (minidump found)
Thread 0 (crashed)
PROCESS-CRASH | Main app process exited normally | application crashed (minidump found)
Thread 0 (crashed)
TEST-UNEXPECTED-FAIL | chrome://mochitests/content/browser/browser/base/content/test/browser_overflowScroll.js | Test timed out
TEST-UNEXPECTED-FAIL | chrome://mochitests/content/browser/browser/components/privatebrowsing/test/browser/browser_privatebrowsing_beforeunload_exit.js | Cleanup function threw an exception - [Exception... "'Failure' when calling method: [nsIPrivateBrowsingService::privateBrowsingEnabled]"  nsresult: "0x80004005 (NS_ERROR_FAILURE)"  location: "JS frame :: chrome://mochitests/content/browser/browser/components/privatebrowsing/test/browser/head.js :: <TOP_LEVEL> :: line 6"  data: no]
TEST-UNEXPECTED-FAIL | chrome://mochitests/content/browser/browser/components/privatebrowsing/test/browser/browser_privatebrowsing_certexceptionsui.js | Exception thrown - [Exception... "'Failure' when calling method: [nsIPrivateBrowsingService::privateBrowsingEnabled]"  nsresult: "0x80004005 (NS_ERROR_FAILURE)"  location: "JS frame :: chrome://mochitests/content/browser/browser/components/privatebrowsing/test/browser/browser_privatebrowsing_certexceptionsui.js :: test :: line 53"  data: no]
TEST-UNEXPECTED-FAIL | chrome://mochitests/content/browser/browser/components/privatebrowsing/test/browser/browser_privatebrowsing_certexceptionsui.js | Cleanup function threw an exception - [Exception... "'Failure' when calling method: [nsIPrivateBrowsingService::privateBrowsingEnabled]"  nsresult: "0x80004005 (NS_ERROR_FAILURE)"  location: "JS frame :: chrome://mochitests/content/browser/browser/components/privatebrowsing/test/browser/head.js :: <TOP_LEVEL> :: line 6"  data: no]
TEST-UNEXPECTED-FAIL | chrome://mochitests/content/browser/browser/components/privatebrowsing/test/browser/browser_privatebrowsing_commandline_toggle.js | Test timed out
TEST-UNEXPECTED-FAIL | chrome://mochitests/content/browser/browser/components/privatebrowsing/test/browser/browser_privatebrowsing_commandline_toggle.js | Cleanup function threw an exception - [Exception... "'Failure' when calling method: [nsIPrivateBrowsingService::privateBrowsingEnabled]"  nsresult: "0x80004005 (NS_ERROR_FAILURE)"  location: "JS frame :: chrome://mochitests/content/browser/browser/components/privatebrowsing/test/browser/head.js :: <TOP_LEVEL> :: line 6"  data: no]
TEST-UNEXPECTED-FAIL | chrome://mochitests/content/browser/browser/components/privatebrowsing/test/browser/browser_privatebrowsing_commandline_toggle.js | The -private-toggle argument should be silent - Didn't expect domwindowopened, but got it
TEST-UNEXPECTED-FAIL | chrome://mochitests/content/browser/browser/components/privatebrowsing/test/browser/browser_privatebrowsing_cookieacceptdialog.js | Test timed out
TEST-UNEXPECTED-FAIL | chrome://mochitests/content/browser/browser/components/privatebrowsing/test/browser/browser_privatebrowsing_cookieacceptdialog.js | Cleanup function threw an exception - [Exception... "'Failure' when calling method: [nsIPrivateBrowsingService::privateBrowsingEnabled]"  nsresult: "0x80004005 (NS_ERROR_FAILURE)"  location: "JS frame :: chrome://mochitests/content/browser/browser/components/privatebrowsing/test/browser/head.js :: <TOP_LEVEL> :: line 6"  data: no]
TEST-UNEXPECTED-FAIL | chrome://mochitests/content/browser/browser/components/privatebrowsing/test/browser/browser_privatebrowsing_crh.js | Exception thrown - [Exception... "'Failure' when calling method: [nsIPrivateBrowsingService::privateBrowsingEnabled]"  nsresult: "0x80004005 (NS_ERROR_FAILURE)"  location: "JS frame :: chrome://mochitests/content/browser/browser/components/privatebrowsing/test/browser/browser_privatebrowsing_crh.js :: test :: line 53"  data: no]
TEST-UNEXPECTED-FAIL | chrome://mochitests/content/browser/browser/components/privatebrowsing/test/browser/browser_privatebrowsing_crh.js | Cleanup function threw an exception - [Exception... "'Failure' when calling method: [nsIPrivateBrowsingService::privateBrowsingEnabled]"  nsresult: "0x80004005 (NS_ERROR_FAILURE)"  location: "JS frame :: chrome://mochitests/content/browser/browser/components/privatebrowsing/test/browser/head.js :: <TOP_LEVEL> :: line 6"  data: no]
TEST-UNEXPECTED-FAIL | chrome://mochitests/content/browser/browser/components/privatebrowsing/test/browser/browser_privatebrowsing_fastswitch.js | Exception thrown - [Exception... "'Failure' when calling method: [nsIPrivateBrowsingService::privateBrowsingEnabled]"  nsresult: "0x80004005 (NS_ERROR_FAILURE)"  location: "JS frame :: chrome://mochitests/content/browser/browser/components/privatebrowsing/test/browser/browser_privatebrowsing_fastswitch.js :: test :: line 83"  data: no]
TEST-UNEXPECTED-FAIL | chrome://mochitests/content/browser/browser/components/privatebrowsing/test/browser/browser_privatebrowsing_fastswitch.js | Cleanup function threw an exception - [Exception... "'Failure' when calling method: [nsIPrivateBrowsingService::privateBrowsingEnabled]"  nsresult: "0x80004005 (NS_ERROR_FAILURE)"  location: "JS frame :: chrome://mochitests/content/browser/browser/components/privatebrowsing/test/browser/head.js :: <TOP_LEVEL> :: line 6"  data: no]
TEST-UNEXPECTED-FAIL | chrome://mochitests/content/browser/browser/components/privatebrowsing/test/browser/browser_privatebrowsing_findbar.js | Exception thrown - [Exception... "'Failure' when calling method: [nsIPrivateBrowsingService::privateBrowsingEnabled]"  nsresult: "0x80004005 (NS_ERROR_FAILURE)"  location: "JS frame :: chrome://mochitests/content/browser/browser/components/privatebrowsing/test/browser/browser_privatebrowsing_findbar.js :: test :: line 61"  data: no]
TEST-UNEXPECTED-FAIL | chrome://mochitests/content/browser/browser/components/privatebrowsing/test/browser/browser_privatebrowsing_findbar.js | Cleanup function threw an exception - [Exception... "'Failure' when calling method: [nsIPrivateBrowsingService::privateBrowsingEnabled]"  nsresult: "0x80004005 (NS_ERROR_FAILURE)"  location: "JS frame :: chrome://mochitests/content/browser/browser/components/privatebrowsing/test/browser/head.js :: <TOP_LEVEL> :: line 6"  data: no]
TEST-UNEXPECTED-FAIL | chrome://mochitests/content/browser/browser/components/privatebrowsing/test/browser/browser_privatebrowsing_commandline_toggle.js | The -private-toggle argument should be silent - Didn't expect domwindowopened, but got it
TEST-UNEXPECTED-FAIL | chrome://mochitests/content/browser/browser/components/privatebrowsing/test/browser/browser_privatebrowsing_forgetthissite.js | Test timed out
TEST-UNEXPECTED-FAIL | chrome://mochitests/content/browser/browser/components/privatebrowsing/test/browser/browser_privatebrowsing_forgetthissite.js | Cleanup function threw an exception - [Exception... "'Failure' when calling method: [nsIPrivateBrowsingService::privateBrowsingEnabled]"  nsresult: "0x80004005 (NS_ERROR_FAILURE)"  location: "JS frame :: chrome://mochitests/content/browser/browser/components/privatebrowsing/test/browser/head.js :: <TOP_LEVEL> :: line 6"  data: no]
TEST-UNEXPECTED-FAIL | chrome://mochitests/content/browser/browser/components/privatebrowsing/test/browser/browser_privatebrowsing_geoprompt.js | Test timed out
TEST-UNEXPECTED-FAIL | chrome://mochitests/content/browser/browser/components/privatebrowsing/test/browser/browser_privatebrowsing_geoprompt.js | Cleanup function threw an exception - [Exception... "'Failure' when calling method: [nsIPrivateBrowsingService::privateBrowsingEnabled]"  nsresult: "0x80004005 (NS_ERROR_FAILURE)"  location: "JS frame :: chrome://mochitests/content/browser/browser/components/privatebrowsing/test/browser/head.js :: <TOP_LEVEL> :: line 6"  data: no]
TEST-UNEXPECTED-FAIL | chrome://mochitests/content/browser/browser/components/privatebrowsing/test/browser/browser_privatebrowsing_import.js | Exception thrown - [Exception... "'Failure' when calling method: [nsIPrivateBrowsingService::privateBrowsingEnabled]"  nsresult: "0x80004005 (NS_ERROR_FAILURE)"  location: "JS frame :: chrome://mochitests/content/browser/browser/components/privatebrowsing/test/browser/browser_privatebrowsing_import.js :: test :: line 54"  data: no]
TEST-UNEXPECTED-FAIL | chrome://mochitests/content/browser/browser/components/privatebrowsing/test/browser/browser_privatebrowsing_import.js | Cleanup function threw an exception - [Exception... "'Failure' when calling method: [nsIPrivateBrowsingService::privateBrowsingEnabled]"  nsresult: "0x80004005 (NS_ERROR_FAILURE)"  location: "JS frame :: chrome://mochitests/content/browser/browser/components/privatebrowsing/test/browser/head.js :: <TOP_LEVEL> :: line 6"  data: no]
TEST-UNEXPECTED-FAIL | chrome://mochitests/content/browser/browser/components/privatebrowsing/test/browser/browser_privatebrowsing_newwindow_stopcmd.js | Exception thrown - [Exception... "'Failure' when calling method: [nsIPrivateBrowsingService::privateBrowsingEnabled]"  nsresult: "0x80004005 (NS_ERROR_FAILURE)"  location: "JS frame :: chrome://mochitests/content/browser/browser/components/privatebrowsing/test/browser/browser_privatebrowsing_newwindow_stopcmd.js :: test :: line 47"  data: no]
TEST-UNEXPECTED-FAIL | chrome://mochitests/content/browser/browser/components/privatebrowsing/test/browser/browser_privatebrowsing_newwindow_stopcmd.js | Cleanup function threw an exception - [Exception... "'Failure' when calling method: [nsIPrivateBrowsingService::privateBrowsingEnabled]"  nsresult: "0x80004005 (NS_ERROR_FAILURE)"  location: "JS frame :: chrome://mochitests/content/browser/browser/components/privatebrowsing/test/browser/head.js :: <TOP_LEVEL> :: line 6"  data: no]
TEST-UNEXPECTED-FAIL | chrome://mochitests/content/browser/browser/components/privatebrowsing/test/browser/browser_privatebrowsing_opendir.js | Exception thrown - [Exception... "'Failure' when calling method: [nsIPrivateBrowsingService::privateBrowsingEnabled]"  nsresult: "0x80004005 (NS_ERROR_FAILURE)"  location: "JS frame :: chrome://mochitests/content/browser/browser/components/privatebrowsing/test/browser/browser_privatebrowsing_opendir.js :: test :: line 79"  data: no]
TEST-UNEXPECTED-FAIL | chrome://mochitests/content/browser/browser/components/privatebrowsing/test/browser/browser_privatebrowsing_opendir.js | Cleanup function threw an exception - [Exception... "'Failure' when calling method: [nsIPrivateBrowsingService::privateBrowsingEnabled]"  nsresult: "0x80004005 (NS_ERROR_FAILURE)"  location: "JS frame :: chrome://mochitests/content/browser/browser/components/privatebrowsing/test/browser/head.js :: <TOP_LEVEL> :: line 6"  data: no]
TEST-UNEXPECTED-FAIL | chrome://mochitests/content/browser/browser/components/privatebrowsing/test/browser/browser_privatebrowsing_commandline_toggle.js | The -private-toggle argument should be silent - Didn't expect domwindowopened, but got it
TEST-UNEXPECTED-FAIL | chrome://mochitests/content/browser/browser/components/privatebrowsing/test/browser/browser_privatebrowsing_commandline_toggle.js | The -private-toggle argument should be silent - Didn't expect domwindowopened, but got it
TEST-UNEXPECTED-FAIL | chrome://mochitests/content/browser/browser/components/privatebrowsing/test/browser/browser_privatebrowsing_openlocation.js | Test timed out
TEST-UNEXPECTED-FAIL | chrome://mochitests/content/browser/browser/components/privatebrowsing/test/browser/browser_privatebrowsing_openlocation.js | Cleanup function threw an exception - [Exception... "'Failure' when calling method: [nsIPrivateBrowsingService::privateBrowsingEnabled]"  nsresult: "0x80004005 (NS_ERROR_FAILURE)"  location: "JS frame :: chrome://mochitests/content/browser/browser/components/privatebrowsing/test/browser/head.js :: <TOP_LEVEL> :: line 6"  data: no]
TEST-UNEXPECTED-FAIL | chrome://mochitests/content/browser/browser/components/privatebrowsing/test/browser/browser_privatebrowsing_commandline_toggle.js | The -private-toggle argument should be silent - Didn't expect domwindowopened, but got it
TEST-UNEXPECTED-FAIL | chrome://mochitests/content/browser/browser/components/privatebrowsing/test/browser/browser_privatebrowsing_commandline_toggle.js | The -private-toggle argument should be silent - Didn't expect domwindowopened, but got it
TEST-UNEXPECTED-FAIL | chrome://mochitests/content/browser/browser/components/privatebrowsing/test/browser/browser_privatebrowsing_pageinfo.js | Test timed out
TEST-UNEXPECTED-FAIL | chrome://mochitests/content/browser/browser/components/privatebrowsing/test/browser/browser_privatebrowsing_pageinfo.js | Cleanup function threw an exception - [Exception... "'Failure' when calling method: [nsIPrivateBrowsingService::privateBrowsingEnabled]"  nsresult: "0x80004005 (NS_ERROR_FAILURE)"  location: "JS frame :: chrome://mochitests/content/browser/browser/components/privatebrowsing/test/browser/head.js :: <TOP_LEVEL> :: line 6"  data: no]
TEST-UNEXPECTED-FAIL | chrome://mochitests/content/browser/browser/components/privatebrowsing/test/browser/browser_privatebrowsing_pageinfo.js | Found a tab after previous test timed out: data:text/plain,Test%20Page%202
TEST-UNEXPECTED-FAIL | chrome://mochitests/content/browser/browser/components/privatebrowsing/test/browser/browser_privatebrowsing_pageinfo.js | Found a tab after previous test timed out: data:text/html,Test%20Page%201
TEST-UNEXPECTED-FAIL | chrome://mochitests/content/browser/browser/components/privatebrowsing/test/browser/browser_privatebrowsing_placestitle.js | Test timed out
TEST-UNEXPECTED-FAIL | chrome://mochitests/content/browser/browser/components/privatebrowsing/test/browser/browser_privatebrowsing_placestitle.js | Cleanup function threw an exception - [Exception... "'Failure' when calling method: [nsIPrivateBrowsingService::privateBrowsingEnabled]"  nsresult: "0x80004005 (NS_ERROR_FAILURE)"  location: "JS frame :: chrome://mochitests/content/browser/browser/components/privatebrowsing/test/browser/head.js :: <TOP_LEVEL> :: line 6"  data: no]
TEST-UNEXPECTED-FAIL | chrome://mochitests/content/browser/browser/components/privatebrowsing/test/browser/browser_privatebrowsing_placestitle.js | Found a tab after previous test timed out: http://mochi.test:8888/browser/browser/components/privatebrowsing/test/browser/title.sjs
TEST-UNEXPECTED-FAIL | chrome://mochitests/content/browser/browser/components/privatebrowsing/test/browser/browser_privatebrowsing_placestitle.js | Found a tab after previous test timed out: http://mochi.test:8888/browser/browser/components/privatebrowsing/test/browser/title.sjs
TEST-UNEXPECTED-FAIL | chrome://mochitests/content/browser/browser/components/privatebrowsing/test/browser/browser_privatebrowsing_placestitle.js | Found a tab after previous test timed out: http://mochi.test:8888/browser/browser/components/privatebrowsing/test/browser/title.sjs
TEST-UNEXPECTED-FAIL | chrome://mochitests/content/browser/browser/components/privatebrowsing/test/browser/browser_privatebrowsing_popupblocker.js | Test timed out
TEST-UNEXPECTED-FAIL | chrome://mochitests/content/browser/browser/components/privatebrowsing/test/browser/browser_privatebrowsing_popupblocker.js | Cleanup function threw an exception - [Exception... "'Failure' when calling method: [nsIPrivateBrowsingService::privateBrowsingEnabled]"  nsresult: "0x80004005 (NS_ERROR_FAILURE)"  location: "JS frame :: chrome://mochitests/content/browser/browser/components/privatebrowsing/test/browser/head.js :: <TOP_LEVEL> :: line 6"  data: no]
TEST-UNEXPECTED-FAIL | chrome://mochitests/content/browser/browser/components/privatebrowsing/test/browser/browser_privatebrowsing_popupmode.js | URL bar should not be read-only after entering the private browsing mode
TEST-UNEXPECTED-FAIL | chrome://mochitests/content/browser/browser/components/privatebrowsing/test/browser/browser_privatebrowsing_popupmode.js | URL bar autocomplete should be enabled after entering the private browsing mode - Got false, expected true
TEST-UNEXPECTED-FAIL | chrome://mochitests/content/browser/browser/components/privatebrowsing/test/browser/browser_privatebrowsing_popupmode.js | Exception thrown - [Exception... "'[JavaScript Error: "tabbrowser.selectedTab is null" {file: "jar:file:///e:/builds/moz2_slave/mozilla-central-win32-debug-unittest-mochitest-other/build/firefox/omni.jar!/components/nsSessionStore.js" line: 2299}]' when calling method: [nsISessionStore::setWindowState]"  nsresult: "0x80570021 (NS_ERROR_XPC_JAVASCRIPT_ERROR_WITH_DETAILS)"  location: "JS frame :: chrome://mochitests/content/browser/browser/components/privatebrowsing/test/browser/browser_privatebrowsing_popupmode.js :: pretendToBeAPopup :: line 61"  data: yes]
TEST-UNEXPECTED-FAIL | chrome://mochitests/content/browser/browser/components/privatebrowsing/test/browser/browser_privatebrowsing_popupmode.js | Found an unexpected tab at the end of test run: about:blank
TEST-UNEXPECTED-FAIL | chrome://mochitests/content/browser/browser/components/privatebrowsing/test/browser/browser_privatebrowsing_fastswitch.js | The private browsing command should be disabled immediately after the mode switch
TEST-UNEXPECTED-FAIL | chrome://mochitests/content/browser/browser/components/privatebrowsing/test/browser/browser_privatebrowsing_fastswitch.js | The private browsing command should be disabled immediately after the mode switch
TEST-UNEXPECTED-FAIL | chrome://mochitests/content/browser/browser/components/privatebrowsing/test/browser/browser_privatebrowsing_popupmode.js | application timed out after 330 seconds with no output
buildbot.slave.commands.TimeoutError: command timed out: 1200 seconds without output
philringnalda%gmail.com
http://tinderbox.mozilla.org/showlog.cgi?log=Firefox/1291405121.1291412040.12358.gz
WINNT 5.2 mozilla-central debug test mochitest-other on 2010/12/03 11:38:41

s: win32-slave19
PROCESS-CRASH | Main app process exited normally | application crashed (minidump found)
Thread 0 (crashed)
PROCESS-CRASH | Main app process exited normally | application crashed (minidump found)
Thread 0 (crashed)
TEST-UNEXPECTED-FAIL | chrome://mochitests/content/browser/browser/base/content/test/browser_overflowScroll.js | Test timed out
TEST-UNEXPECTED-FAIL | chrome://mochitests/content/browser/browser/components/sessionstore/test/browser/browser_354894.js | Test timed out
TEST-UNEXPECTED-FAIL | chrome://mochitests/content/browser/toolkit/mozapps/extensions/test/browser/browser_installssl.js | application timed out after 330 seconds with no output
buildbot.slave.commands.TimeoutError: command timed out: 1200 seconds without output
dbaron%dbaron.org
http://tinderbox.mozilla.org/showlog.cgi?log=Firefox/1291417484.1291422818.30246.gz
WINNT 5.2 mozilla-central debug test mochitest-other on 2010/12/03 15:04:44

s: win32-slave43
PROCESS-CRASH | Main app process exited normally | application crashed (minidump found)
Thread 0 (crashed)
PROCESS-CRASH | Main app process exited normally | application crashed (minidump found)
Thread 0 (crashed)
TEST-UNEXPECTED-FAIL | chrome://mochitests/content/browser/browser/base/content/test/browser_overflowScroll.js | Test timed out
TEST-UNEXPECTED-FAIL | chrome://mochitests/content/browser/browser/components/sessionstore/test/browser/browser_354894.js | Test timed out
TEST-UNEXPECTED-FAIL | chrome://mochitests/content/browser/browser/components/sessionstore/test/browser/browser_586068-cascaded_restore.js | test_cascade: load 1 - # tabs that need to be restored - Got 4, expected 5
TEST-UNEXPECTED-FAIL | chrome://mochitests/content/browser/browser/components/sessionstore/test/browser/browser_586068-cascaded_restore.js | test_cascade: load 1 - # tabs that are restoring - Got 2, expected 1
TEST-UNEXPECTED-FAIL | chrome://mochitests/content/browser/browser/components/sessionstore/test/browser/browser_586068-cascaded_restore.js | test_cascade: load 2 - # tabs that need to be restored - Got 3, expected 4
TEST-UNEXPECTED-FAIL | chrome://mochitests/content/browser/browser/components/sessionstore/test/browser/browser_586068-cascaded_restore.js | test_cascade: load 2 - # tabs that are restoring - Got 2, expected 1
TEST-UNEXPECTED-FAIL | chrome://mochitests/content/browser/browser/components/sessionstore/test/browser/browser_586068-cascaded_restore.js | test_cascade: load 3 - # tabs that need to be restored - Got 2, expected 3
TEST-UNEXPECTED-FAIL | chrome://mochitests/content/browser/browser/components/sessionstore/test/browser/browser_586068-cascaded_restore.js | test_cascade: load 3 - # tabs that are restoring - Got 2, expected 1
TEST-UNEXPECTED-FAIL | chrome://mochitests/content/browser/browser/components/sessionstore/test/browser/browser_586068-cascaded_restore.js | test_cascade: load 4 - # tabs that need to be restored - Got 1, expected 2
TEST-UNEXPECTED-FAIL | chrome://mochitests/content/browser/browser/components/sessionstore/test/browser/browser_586068-cascaded_restore.js | test_cascade: load 4 - # tabs that are restoring - Got 2, expected 1
TEST-UNEXPECTED-FAIL | chrome://mochitests/content/browser/browser/components/sessionstore/test/browser/browser_586068-cascaded_restore.js | test_cascade: load 5 - # tabs that need to be restored - Got 0, expected 1
TEST-UNEXPECTED-FAIL | chrome://mochitests/content/browser/browser/components/sessionstore/test/browser/browser_586068-cascaded_restore.js | test_cascade: load 5 - # tabs that are restoring - Got 2, expected 1
TEST-UNEXPECTED-FAIL | chrome://mochitests/content/browser/browser/components/sessionstore/test/browser/browser_586068-cascaded_restore.js | test_select: load 2 - # tabs that need to be restored - Got 3, expected 4
TEST-UNEXPECTED-FAIL | chrome://mochitests/content/browser/browser/components/sessionstore/test/browser/browser_586068-cascaded_restore.js | test_select: load 2 - # tabs that are restoring - Got 2, expected 1
TEST-UNEXPECTED-FAIL | chrome://mochitests/content/browser/browser/components/sessionstore/test/browser/browser_586068-cascaded_restore.js | test_select: load 2 - correct tab was restored - Got 12914202342450.6449672869854041, expected 12914202342460.20937668172561363
TEST-UNEXPECTED-FAIL | chrome://mochitests/content/browser/browser/components/sessionstore/test/browser/browser_586068-cascaded_restore.js | test_select: load 3 - correct tab was restored - Got 12914202342460.20937668172561363, expected 12914202342450.6449672869854041
TEST-UNEXPECTED-FAIL | chrome://mochitests/content/browser/browser/components/sessionstore/test/browser/browser_607016.js | (deleting) no data is stored in extData
philringnalda%gmail.com
http://tinderbox.mozilla.org/showlog.cgi?log=TraceMonkey/1291417842.1291423388.32687.gz
WINNT 5.2 tracemonkey debug test mochitest-other on 2010/12/03 15:10:42

s: win32-slave12
PROCESS-CRASH | Main app process exited normally | application crashed (minidump found)
Thread 0 (crashed)
PROCESS-CRASH | Main app process exited normally | application crashed (minidump found)
Thread 0 (crashed)
TEST-UNEXPECTED-FAIL | chrome://mochitests/content/browser/browser/base/content/test/browser_overflowScroll.js | Test timed out
philringnalda%gmail.com
http://tinderbox.mozilla.org/showlog.cgi?log=TraceMonkey/1291418051.1291423292.32286.gz
WINNT 5.2 tracemonkey debug test mochitest-other on 2010/12/03 15:14:11

s: win32-slave14
PROCESS-CRASH | Main app process exited normally | application crashed (minidump found)
Thread 0 (crashed)
PROCESS-CRASH | Main app process exited normally | application crashed (minidump found)
Thread 0 (crashed)
TEST-UNEXPECTED-FAIL | chrome://mochitests/content/browser/browser/base/content/test/browser_overflowScroll.js | Test timed out
philringnalda%gmail.com
http://tinderbox.mozilla.org/showlog.cgi?log=TraceMonkey/1291436862.1291442077.13645.gz
WINNT 5.2 tracemonkey debug test mochitest-other on 2010/12/03 20:27:42

s: win32-slave43
PROCESS-CRASH | Main app process exited normally | application crashed (minidump found)
Thread 0 (crashed)
PROCESS-CRASH | Main app process exited normally | application crashed (minidump found)
Thread 0 (crashed)
TEST-UNEXPECTED-FAIL | chrome://mochitests/content/browser/browser/base/content/test/browser_overflowScroll.js | Test timed out
philringnalda%gmail.com
http://tinderbox.mozilla.org/showlog.cgi?log=Firefox/1291467960.1291473471.10419.gz
WINNT 5.2 mozilla-central debug test mochitest-other on 2010/12/04 05:06:00

s: win32-slave20
PROCESS-CRASH | Main app process exited normally | application crashed (minidump found)
Thread 0 (crashed)
PROCESS-CRASH | Main app process exited normally | application crashed (minidump found)
Thread 0 (crashed)
TEST-UNEXPECTED-FAIL | chrome://mochitests/content/browser/browser/base/content/test/browser_overflowScroll.js | Test timed out
TEST-UNEXPECTED-FAIL | chrome://mochitests/content/browser/browser/components/privatebrowsing/test/browser/browser_privatebrowsing_windowtitle.js | Test timed out
TEST-UNEXPECTED-FAIL | chrome://mochitests/content/browser/browser/components/privatebrowsing/test/browser/browser_privatebrowsing_windowtitle.js | Private browsing should be terminated after finishing the test
TEST-UNEXPECTED-FAIL | chrome://mochitests/content/browser/browser/components/privatebrowsing/test/browser/browser_privatebrowsing_windowtitle.js | Found a tab after previous test timed out: about:privatebrowsing
TEST-UNEXPECTED-FAIL | chrome://mochitests/content/browser/browser/components/privatebrowsing/test/browser/browser_privatebrowsing_windowtitle.js | Found a browser window after previous test timed out
TEST-UNEXPECTED-FAIL | chrome://mochitests/content/browser/browser/components/sessionstore/test/browser/browser_354894.js | Test timed out
dao%mozilla.com
http://tinderbox.mozilla.org/showlog.cgi?log=Firefox/1291467960.1291473471.10419.gz
WINNT 5.2 mozilla-central debug test mochitest-other on 2010/12/04 05:06:00

s: win32-slave20
PROCESS-CRASH | Main app process exited normally | application crashed (minidump found)
Thread 0 (crashed)
PROCESS-CRASH | Main app process exited normally | application crashed (minidump found)
Thread 0 (crashed)
TEST-UNEXPECTED-FAIL | chrome://mochitests/content/browser/browser/base/content/test/browser_overflowScroll.js | Test timed out
TEST-UNEXPECTED-FAIL | chrome://mochitests/content/browser/browser/components/privatebrowsing/test/browser/browser_privatebrowsing_windowtitle.js | Test timed out
TEST-UNEXPECTED-FAIL | chrome://mochitests/content/browser/browser/components/privatebrowsing/test/browser/browser_privatebrowsing_windowtitle.js | Private browsing should be terminated after finishing the test
TEST-UNEXPECTED-FAIL | chrome://mochitests/content/browser/browser/components/privatebrowsing/test/browser/browser_privatebrowsing_windowtitle.js | Found a tab after previous test timed out: about:privatebrowsing
TEST-UNEXPECTED-FAIL | chrome://mochitests/content/browser/browser/components/privatebrowsing/test/browser/browser_privatebrowsing_windowtitle.js | Found a browser window after previous test timed out
TEST-UNEXPECTED-FAIL | chrome://mochitests/content/browser/browser/components/sessionstore/test/browser/browser_354894.js | Test timed out
Comment on attachment 494323
Double timeout

The test takes 1.2 seconds on my netbook, so I don't think this makes sense.
philringnalda%gmail.com
http://tinderbox.mozilla.org/showlog.cgi?log=Firefox/1291589668.1291595506.21949.gz
WINNT 5.2 mozilla-central debug test mochitest-other on 2010/12/05 14:54:28

s: win32-slave47
PROCESS-CRASH | Main app process exited normally | application crashed (minidump found)
Thread 0 (crashed)
PROCESS-CRASH | Main app process exited normally | application crashed (minidump found)
Thread 0 (crashed)
TEST-UNEXPECTED-FAIL | chrome://mochitests/content/browser/browser/base/content/test/browser_overflowScroll.js | Test timed out
TEST-UNEXPECTED-FAIL | chrome://mochitests/content/browser/browser/components/privatebrowsing/test/browser/browser_privatebrowsing_windowtitle.js | Test timed out
TEST-UNEXPECTED-FAIL | chrome://mochitests/content/browser/browser/components/privatebrowsing/test/browser/browser_privatebrowsing_windowtitle.js | Private browsing should be terminated after finishing the test
TEST-UNEXPECTED-FAIL | chrome://mochitests/content/browser/browser/components/sessionstore/test/browser/browser_354894.js | Test timed out
TEST-UNEXPECTED-FAIL | chrome://mochitests/content/browser/browser/components/sessionstore/test/browser/browser_354894.js | Found a browser window after previous test timed out
TEST-UNEXPECTED-FAIL | chrome://mochitests/content/browser/browser/components/sessionstore/test/browser/browser_367052.js | Found an unexpected browser window at the end of test run
TEST-UNEXPECTED-FAIL | chrome://mochitests/content/browser/browser/components/sessionstore/test/browser/browser_394759.js | Only one browser window should be open initially - Got 0, expected 1
TEST-UNEXPECTED-FAIL | chrome://mochitests/content/browser/browser/components/sessionstore/test/browser/browser_394759.js | number of browser windows after test_basic - Got 0, expected 1
TEST-UNEXPECTED-FAIL | chrome://mochitests/content/browser/browser/components/sessionstore/test/browser/browser_394759.js | number of browser windows after test_behavior - Got 0, expected 1
TEST-UNEXPECTED-FAIL | chrome://mochitests/content/browser/browser/components/sessionstore/test/browser/browser_394759.js | 1 tab was removed - Got 2, expected 1
TEST-UNEXPECTED-FAIL | chrome://mochitests/content/browser/browser/components/sessionstore/test/browser/browser_394759.js | The correct tab was remembered - Got 0, expected 1
TEST-UNEXPECTED-FAIL | chrome://mochitests/content/browser/browser/components/sessionstore/test/browser/browser_394759.js | The window title was correctly updated - Got Problem loading page, expected 1291592339971
TEST-UNEXPECTED-FAIL | chrome://mochitests/content/browser/browser/components/sessionstore/test/browser/browser_394759.js | 2 tabs were removed - Got 2, expected 3
TEST-UNEXPECTED-FAIL | chrome://mochitests/content/browser/browser/components/sessionstore/test/browser/browser_394759.js | The correct tabs were remembered - Got 0, expected 3
TEST-UNEXPECTED-FAIL | chrome://mochitests/content/browser/browser/components/sessionstore/test/browser/browser_394759.js | Selected tab has changed - Got 1, expected 3
TEST-UNEXPECTED-FAIL | chrome://mochitests/content/browser/browser/components/sessionstore/test/browser/browser_394759.js | The window title was correctly updated - Got Problem loading page, expected 1291592339971
TEST-UNEXPECTED-FAIL | chrome://mochitests/content/browser/browser/components/sessionstore/test/browser/browser_394759.js | The correct number of tabs were removed, and the correct ones - Got 0, expected 1
TEST-UNEXPECTED-FAIL | chrome://mochitests/content/browser/browser/components/sessionstore/test/browser/browser_394759.js | Found an unexpected browser window at the end of test run
TEST-UNEXPECTED-FAIL | chrome://mochitests/content/browser/browser/components/sessionstore/test/browser/browser_394759.js | Found an unexpected browser window at the end of test run
TEST-UNEXPECTED-FAIL | chrome://mochitests/content/browser/browser/components/sessionstore/test/browser/browser_394759_privatebrowsing.js | Only one browser window should be open initially - Got 0, expected 1
TEST-UNEXPECTED-FAIL | chrome://mochitests/content/browser/browser/components/sessionstore/test/browser/browser_394759_privatebrowsing.js | Correctly set window count - Got 3, expected 0
TEST-UNEXPECTED-FAIL | chrome://mochitests/content/browser/browser/components/sessionstore/test/browser/browser_394759_privatebrowsing.js | The closed window was added to the list - Got 1, expected 4
TEST-UNEXPECTED-FAIL | chrome://mochitests/content/browser/browser/components/sessionstore/test/browser/browser_394759_privatebrowsing.js | Recently Closed Windows are removed when entering Private Browsing - Got 1, expected 0
TEST-UNEXPECTED-FAIL | chrome://mochitests/content/browser/browser/components/sessionstore/test/browser/browser_394759_privatebrowsing.js | Recently Closed Windows data is cleared when entering Private Browsing - Got [{"tabs":[{"entries":[{"url":"about:config","ID":600,"owner_b64":"SmIS26zLEdO3ZQBgsLbOywAAAAAAAAAAwAAAAAAAAEY=","docIdentifier":695,"scroll":"0,0","formdata":{"#textbox":""}}],"index":1,"hidden":false,"attributes":{}},{"entries":[{"url":"about:blank","ID":601,"docIdentifier":696,"scroll":"0,0"}],"index":1,"hidden":false,"attributes":{}}],"selected":1,"_closedTabs":[],"extData":{"bug 394759 Non-PB":"uniq1291592344904"},"width":994,"height":986,"screenX":4,"screenY":4,"sizemode":"normal","title":"about:config"}], expected []
TEST-UNEXPECTED-FAIL | chrome://mochitests/content/browser/browser/components/sessionstore/test/browser/browser_394759_privatebrowsing.js | The closed window was added to the list - Got 2, expected 4
TEST-UNEXPECTED-FAIL | chrome://mochitests/content/browser/browser/components/sessionstore/test/browser/browser_394759_privatebrowsing.js | The correct number of recently closed windows were restored when exiting PB mode - Got 2, expected 4
TEST-UNEXPECTED-FAIL | chrome://mochitests/content/browser/browser/components/sessionstore/test/browser/browser_394759_privatebrowsing.js | The data associated with the recently closed window was restored when exiting PB mode
TEST-UNEXPECTED-FAIL | chrome://mochitests/content/browser/browser/components/sessionstore/test/browser/browser_394759_privatebrowsing.js | Found an unexpected browser window at the end of test run
TEST-UNEXPECTED-FAIL | chrome://mochitests/content/browser/browser/components/sessionstore/test/browser/browser_423132.js | Only one browser window should be open initially - Got 0, expected 1
TEST-UNEXPECTED-FAIL | chrome://mochitests/content/browser/browser/components/sessionstore/test/browser/browser_423132.js | Only one browser window should be open eventually - Got 0, expected 1
TEST-UNEXPECTED-FAIL | chrome://mochitests/content/browser/browser/components/sessionstore/test/browser/browser_448741.js | data contains our value?
TEST-UNEXPECTED-FAIL | chrome://mochitests/content/browser/browser/components/sessionstore/test/browser/browser_448741.js | found and removed the specific tab value
TEST-UNEXPECTED-FAIL | chrome://mochitests/content/browser/browser/components/sessionstore/test/browser/browser_448741.js | ready to check the cleaned state?
TEST-UNEXPECTED-FAIL | chrome://mochitests/content/browser/browser/components/sessionstore/test/browser/browser_461634.js | Only one browser window should be open initially - Got 0, expected 1
TEST-UNEXPECTED-FAIL | chrome://mochitests/content/browser/browser/components/sessionstore/test/browser/browser_461634.js | Only one browser window should be open eventually - Got 0, expected 1
TEST-UNEXPECTED-FAIL | chrome://mochitests/content/browser/browser/components/sessionstore/test/browser/browser_464199.js | Only one browser window should be open initially - Got 0, expected 1
TEST-UNEXPECTED-FAIL | chrome://mochitests/content/browser/browser/components/sessionstore/test/browser/browser_464199.js | The correct amout of tabs was removed - Got 11, expected 5
TEST-UNEXPECTED-FAIL | chrome://mochitests/content/browser/browser/components/sessionstore/test/browser/browser_464199.js | All tabs to be forgotten were indeed removed - Got 6, expected 0
TEST-UNEXPECTED-FAIL | chrome://mochitests/content/browser/browser/components/sessionstore/test/browser/browser_464199.js | Only one browser window should be open eventually - Got 0, expected 1
TEST-UNEXPECTED-FAIL | chrome://mochitests/content/browser/browser/components/sessionstore/test/browser/browser_465223.js | Only one browser window should be open initially - Got 0, expected 1
TEST-UNEXPECTED-FAIL | chrome://mochitests/content/browser/browser/components/sessionstore/test/browser/browser_465223.js | Only one browser window should be open eventually - Got 0, expected 1
TEST-UNEXPECTED-FAIL | chrome://mochitests/content/browser/browser/components/sessionstore/test/browser/browser_477657.js | Only one browser window should be open initially - Got 0, expected 1
TEST-UNEXPECTED-FAIL | chrome://mochitests/content/browser/browser/components/sessionstore/test/browser/browser_477657.js | Only one browser window should be open eventually - Got 0, expected 1
TEST-UNEXPECTED-FAIL | chrome://mochitests/content/browser/browser/components/sessionstore/test/browser/browser_480148.js | Only one browser window should be open initially - Got 0, expected 1
TEST-UNEXPECTED-FAIL | chrome://mochitests/content/browser/browser/components/sessionstore/test/browser/browser_480148.js | Only one browser window should be open eventually - Got 0, expected 1
TEST-UNEXPECTED-FAIL | chrome://mochitests/content/browser/browser/components/sessionstore/test/browser/browser_490040.js | Only one browser window should be open initially - Got 0, expected 1
TEST-UNEXPECTED-FAIL | chrome://mochitests/content/browser/browser/components/sessionstore/test/browser/browser_490040.js | Only one browser window should be open eventually - Got 0, expected 1
TEST-UNEXPECTED-FAIL | chrome://mochitests/content/browser/browser/components/sessionstore/test/browser/browser_491168.js | Only one browser window should be open initially - Got 0, expected 1
TEST-UNEXPECTED-FAIL | chrome://mochitests/content/browser/browser/components/sessionstore/test/browser/browser_491168.js | Only one browser window should be open eventually - Got 0, expected 1
TEST-UNEXPECTED-FAIL | chrome://mochitests/content/browser/browser/components/sessionstore/test/browser/browser_491577.js | Only one browser window should be open initially - Got 0, expected 1
TEST-UNEXPECTED-FAIL | chrome://mochitests/content/browser/browser/components/sessionstore/test/browser/browser_491577.js | Only one browser window should be open eventually - Got 0, expected 1
TEST-UNEXPECTED-FAIL | chrome://mochitests/content/browser/browser/components/sessionstore/test/browser/browser_493467.js | Only one browser window should be open initially - Got 0, expected 1
TEST-UNEXPECTED-FAIL | chrome://mochitests/content/browser/browser/components/sessionstore/test/browser/browser_493467.js | Only one browser window should be open eventually - Got 0, expected 1
TEST-UNEXPECTED-FAIL | chrome://mochitests/content/browser/browser/components/sessionstore/test/browser/browser_495495.js | Only one browser window should be open initially - Got 0, expected 1
TEST-UNEXPECTED-FAIL | chrome://mochitests/content/browser/browser/components/sessionstore/test/browser/browser_495495.js | Only one browser window should be open eventually - Got 0, expected 1
TEST-UNEXPECTED-FAIL | chrome://mochitests/content/browser/browser/components/sessionstore/test/browser/browser_514751.js | Only one browser window should be open initially - Got 0, expected 1
TEST-UNEXPECTED-FAIL | chrome://mochitests/content/browser/browser/components/sessionstore/test/browser/browser_514751.js | Only one browser window should be open eventually - Got 0, expected 1
TEST-UNEXPECTED-FAIL | chrome://mochitests/content/browser/browser/components/sessionstore/test/browser/browser_522545.js | Only one browser window should be open initially - Got 0, expected 1
TEST-UNEXPECTED-FAIL | chrome://mochitests/content/browser/browser/components/sessionstore/test/browser/browser_522545.js | Test timed out
TEST-UNEXPECTED-FAIL | chrome://mochitests/content/browser/browser/components/sessionstore/test/browser/browser_522545.js | Found a browser window after previous test timed out
TEST-UNEXPECTED-FAIL | chrome://mochitests/content/browser/browser/components/sessionstore/test/browser/browser_524745.js | Only one browser window should be open initially - Got 0, expected 1
TEST-UNEXPECTED-FAIL | chrome://mochitests/content/browser/browser/components/sessionstore/test/browser/browser_524745.js | Test timed out
TEST-UNEXPECTED-FAIL | chrome://mochitests/content/browser/browser/components/sessionstore/test/browser/browser_524745.js | Found a browser window after previous test timed out
TEST-UNEXPECTED-FAIL | chrome://mochitests/content/browser/browser/components/sessionstore/test/browser/browser_528776.js | number of open browser windows according to nsIWindowMediator - Got 0, expected 1
TEST-UNEXPECTED-FAIL | chrome://mochitests/content/browser/browser/components/sessionstore/test/browser/browser_528776.js | number of open browser windows according to getBrowserState - Got 2, expected 1
TEST-UNEXPECTED-FAIL | chrome://mochitests/content/browser/browser/components/sessionstore/test/browser/browser_528776.js | number of open browser windows according to nsIWindowMediator - Got 1, expected 2
TEST-UNEXPECTED-FAIL | chrome://mochitests/content/browser/browser/components/sessionstore/test/browser/browser_528776.js | number of open browser windows according to getBrowserState - Got 3, expected 2
TEST-UNEXPECTED-FAIL | chrome://mochitests/content/browser/browser/components/sessionstore/test/browser/browser_528776.js | number of open browser windows according to nsIWindowMediator - Got 0, expected 1
TEST-UNEXPECTED-FAIL | chrome://mochitests/content/browser/browser/components/sessionstore/test/browser/browser_528776.js | number of open browser windows according to getBrowserState - Got 2, expected 1
TEST-UNEXPECTED-FAIL | chrome://mochitests/content/browser/browser/components/sessionstore/test/browser/browser_522545.js | userTypedValue was correctly restored - Got about:blank, expected example.com
TEST-UNEXPECTED-FAIL | chrome://mochitests/content/browser/browser/components/sessionstore/test/browser/browser_522545.js | Address bar's value correctly restored - Got about:blank, expected example.com
TEST-UNEXPECTED-FAIL | chrome://mochitests/content/browser/browser/components/sessionstore/test/browser/browser_522545.js | Address bar's value correctly updated - Got about:blank, expected about:mozilla
TEST-UNEXPECTED-FAIL | chrome://mochitests/content/browser/browser/components/sessionstore/test/browser/browser_522545.js | userTypedValue was correctly restored - Got http://example.com, expected example.org
TEST-UNEXPECTED-FAIL | chrome://mochitests/content/browser/browser/components/sessionstore/test/browser/browser_522545.js | userTypeClear restored as expected - Got 2, expected 0
TEST-UNEXPECTED-FAIL | chrome://mochitests/content/browser/browser/components/sessionstore/test/browser/browser_522545.js | Address bar's value correctly restored - Got http://example.com/, expected about:mozilla
TEST-UNEXPECTED-FAIL | chrome://mochitests/content/browser/browser/components/sessionstore/test/browser/browser_522545.js | Address bar's value correctly updated - Got http://example.com, expected example.org
TEST-UNEXPECTED-FAIL | chrome://mochitests/content/browser/browser/components/sessionstore/test/browser/browser_586068-cascaded_restore.js | test_cascade: load 2 - # tabs that need to be restored - Got 0, expected 4
TEST-UNEXPECTED-FAIL | chrome://mochitests/content/browser/browser/components/sessionstore/test/browser/browser_586068-cascaded_restore.js | test_cascade: load 2 - # tabs that has been restored - Got 0, expected 1
TEST-UNEXPECTED-FAIL | chrome://mochitests/content/browser/browser/components/sessionstore/test/browser/browser_586068-cascaded_restore.js | test_cascade: load 3 - # tabs that need to be restored - Got 0, expected 3
TEST-UNEXPECTED-FAIL | chrome://mochitests/content/browser/browser/components/sessionstore/test/browser/browser_586068-cascaded_restore.js | test_cascade: load 3 - # tabs that has been restored - Got 0, expected 2
TEST-UNEXPECTED-FAIL | chrome://mochitests/content/browser/browser/components/sessionstore/test/browser/browser_586068-cascaded_restore.js | test_cascade: load 4 - # tabs that need to be restored - Got 0, expected 2
TEST-UNEXPECTED-FAIL | chrome://mochitests/content/browser/browser/components/sessionstore/test/browser/browser_586068-cascaded_restore.js | test_cascade: load 4 - # tabs that has been restored - Got 0, expected 3
TEST-UNEXPECTED-FAIL | chrome://mochitests/content/browser/browser/components/sessionstore/test/browser/browser_586068-cascaded_restore.js | test_cascade: load 5 - # tabs that need to be restored - Got 0, expected 1
TEST-UNEXPECTED-FAIL | chrome://mochitests/content/browser/browser/components/sessionstore/test/browser/browser_586068-cascaded_restore.js | test_cascade: load 5 - # tabs that has been restored - Got 0, expected 4
TEST-UNEXPECTED-FAIL | chrome://mochitests/content/browser/browser/components/sessionstore/test/browser/browser_586068-cascaded_restore.js | Test timed out
TEST-UNEXPECTED-FAIL | chrome://mochitests/content/browser/browser/components/sessionstore/test/browser/browser_586068-cascaded_restore.js | test_cascade: load 6 - # tabs that need to be restored - Got 2, expected 0
TEST-UNEXPECTED-FAIL | chrome://mochitests/content/browser/browser/components/sessionstore/test/browser/browser_586068-cascaded_restore.js | test_cascade: load 6 - # tabs that has been restored - Got 0, expected 5
TEST-UNEXPECTED-FAIL | chrome://mochitests/content/browser/browser/components/sessionstore/test/browser/browser_586147.js | Test timed out
TEST-UNEXPECTED-FAIL | chrome://mochitests/content/browser/browser/components/sessionstore/test/browser/browser_586147.js | Found a tab after previous test timed out: about:blank
TEST-UNEXPECTED-FAIL | chrome://mochitests/content/browser/browser/components/sessionstore/test/browser/browser_586147.js | Found a tab after previous test timed out: http://example.org/#4
TEST-UNEXPECTED-FAIL | chrome://mochitests/content/browser/browser/components/sessionstore/test/browser/browser_586147.js | Found a tab after previous test timed out: http://example.org/#3
TEST-UNEXPECTED-FAIL | chrome://mochitests/content/browser/browser/components/sessionstore/test/browser/browser_586147.js | Found a tab after previous test timed out: http://example.org/#2
TEST-UNEXPECTED-FAIL | chrome://mochitests/content/browser/browser/components/sessionstore/test/browser/browser_589246.js | Test timed out
TEST-UNEXPECTED-FAIL | chrome://mochitests/content/browser/browser/components/sessionstore/test/browser/browser_589246.js | Found a browser window after previous test timed out
TEST-UNEXPECTED-FAIL | chrome://mochitests/content/browser/browser/components/sessionstore/test/browser/browser_586068-cascaded_restore.js | test_setBrowserStateInterrupted: there are no tabs left needing restore - Got 4, expected 0
TEST-UNEXPECTED-FAIL | chrome://mochitests/content/browser/browser/components/sessionstore/test/browser/browser_590268.js | Test timed out
TEST-UNEXPECTED-FAIL | chrome://mochitests/content/browser/browser/components/sessionstore/test/browser/browser_590268.js | Found a browser window after previous test timed out
TEST-UNEXPECTED-FAIL | chrome://mochitests/content/browser/browser/components/sessionstore/test/browser/browser_597071.js | there should be 2 windows open currently - Got 1, expected 2
TEST-UNEXPECTED-FAIL | chrome://mochitests/content/browser/browser/components/sessionstore/test/browser/browser_597071.js | sessionstore knows about this window - Got 3, expected 2
TEST-UNEXPECTED-FAIL | chrome://mochitests/content/browser/browser/components/sessionstore/test/browser/browser_597071.js | there should be 1 window open currently - Got 0, expected 1
TEST-UNEXPECTED-FAIL | chrome://mochitests/content/browser/browser/components/sessionstore/test/browser/browser_597071.js | Found an unexpected browser window at the end of test run
TEST-UNEXPECTED-FAIL | chrome://mochitests/content/browser/browser/components/sessionstore/test/browser/browser_600545.js | Test timed out
TEST-UNEXPECTED-FAIL | chrome://mochitests/content/browser/browser/components/sessionstore/test/browser/browser_600545.js | Found a browser window after previous test timed out
TEST-UNEXPECTED-FAIL | chrome://mochitests/content/browser/browser/components/sessionstore/test/browser/browser_600545.js | Found a browser window after previous test timed out
TEST-UNEXPECTED-FAIL | chrome://mochitests/content/browser/browser/components/test/browser/browser_bug538331.js | Exception thrown - [Exception... "'[JavaScript Error: "win is null" {file: "jar:file:///e:/builds/moz2_slave/mozilla-central-win32-debug-unittest-mochitest-other/build/firefox/omni.jar!/components/nsBrowserGlue.js" line: 605}]' when calling method: [nsIObserver::observe]"  nsresult: "0x80570021 (NS_ERROR_XPC_JAVASCRIPT_ERROR_WITH_DETAILS)"  location: "JS frame :: chrome://mochitests/content/browser/browser/components/test/browser/browser_bug538331.js :: testShowNotification :: line 332"  data: yes]
TEST-UNEXPECTED-FAIL | chrome://mochitests/content/browser/browser/fuel/test/browser_Browser.js | There should be one browser window open - Got 0, expected 1
TEST-UNEXPECTED-FAIL | chrome://mochitests/content/browser/browser/fuel/test/browser_Browser.js | Exception thrown - [Exception... "'[JavaScript Error: "aWindow is null" {file: "jar:file:///e:/builds/moz2_slave/mozilla-central-win32-debug-unittest-mochitest-other/build/firefox/omni.jar!/components/fuelApplication.js" line: 102}]' when calling method: [fuelIApplication::activeWindow]"  nsresult: "0x80570021 (NS_ERROR_XPC_JAVASCRIPT_ERROR_WITH_DETAILS)"  location: "JS frame :: chrome://mochitests/content/browser/browser/fuel/test/browser_Browser.js :: test :: line 22"  data: yes]
TEST-UNEXPECTED-FAIL | chrome://mochitests/content/browser/content/base/test/browser_bug593387.js | Test timed out
TEST-UNEXPECTED-FAIL | chrome://mochitests/content/browser/content/html/document/test/browser_bug592641.js | Test timed out
TEST-UNEXPECTED-FAIL | chrome://mochitests/content/browser/content/html/document/test/browser_bug592641.js | Found a tab after previous test timed out: http://mochi.test:8888/browser/content/html/document/test/bug592641_img.jpg
TEST-UNEXPECTED-FAIL | chrome://mochitests/content/browser/content/html/document/test/browser_bug592641.js | application timed out after 330 seconds with no output
buildbot.slave.commands.TimeoutError: command timed out: 1200 seconds without output
Comment on attachment 494323
Double timeout

Sorry, I was more than a little too terse with just "Windows debug is slow," and led you to the wrong conclusion.

With opt builds, the tinderboxes take between 1 and 2 seconds for this test, making me wonder if maybe your netbook 1.2 seconds was with an opt build. If you ctrl+f, "opt" on this bug's page, you'll see it's only mentioned in this comment. Opt isn't the problem. With debug builds, for the most part tinderboxes take around 10 or 11 seconds for this test, with some exceptions.

There are three different sorts of Windows slaves:

* The Win7 tests are run on Mac minis with names starting with "talos-r3-w7" - ctrl+f for that in this bug's page will show that those are not a problem

* Sometimes Win2K3 tests are run on fast hardware slaves from iXsystems with names including "-ix-" - ctrl+f for that in this bug's page will show that those are not a problem

* The rest of the Win2K3 tests are run on miserably slow VMs that are the reason we started buying the iX slaves - those have names like "every single slave mentioned in this bug" :)

http://tbpl.mozilla.org/?tree=MozillaTry&rev=c6dcd71e28b0 is the results of my attempt, with nthomas' help, to catch an instance of this bug on the try server, with this patch plus some cheap Date.now() timing. I didn't quite manage to catch it, but my best/worst one in http://tinderbox.mozilla.org/showlog.cgi?log=MozillaTry/1291603726.1291609321.8515.gz&fulltext=1 came pretty darn close with "finished in 28599ms" and all of them had more in common with 30 seconds than with 1.2 seconds.

Practically speaking, there are four parts to this test:

* we open a resolution-dependent number of tabs, apparently 29 for Win2K3 at the tinderboxes' resolution (and probably fewer at your netbook's resolution), and we perf-test that since we're racing against the timeout

* we run the actual tests

* we perf-test running the actual tests, since we're still racing against the timeout, but I doubt they take much time, though I didn't instrument that part

* we perf-test closing all but one tab, since we're still racing against the timeout

In that worst-case run, just closing the tabs took 11778 milliseconds of the total 28599 milliseconds - 766ms to close the first three, then 1401ms to close the next one, and painfully on and on.

If you wanted to fix "Closing more than three tabs quickly in a Windows debug build is painfully slow" I'm pretty sure that the people who use them would be thrilled, but I would assert that leaving this test intermittently timing out and going orange because of that, rather than because of anything that it is testing, is not the way to go about it.
philringnalda%gmail.com
http://tinderbox.mozilla.org/showlog.cgi?log=TraceMonkey/1291664080.1291669955.11495.gz
WINNT 5.2 tracemonkey debug test mochitest-other on 2010/12/06 11:34:40

s: win32-slave01
PROCESS-CRASH | Main app process exited normally | application crashed (minidump found)
Thread 0 (crashed)
PROCESS-CRASH | Main app process exited normally | application crashed (minidump found)
Thread 0 (crashed)
TEST-UNEXPECTED-FAIL | chrome://mochitests/content/browser/browser/base/content/test/browser_overflowScroll.js | Test timed out
TEST-UNEXPECTED-FAIL | chrome://mochitests/content/browser/browser/components/privatebrowsing/test/browser/browser_privatebrowsing_windowtitle.js | Test timed out
TEST-UNEXPECTED-FAIL | chrome://mochitests/content/browser/browser/components/privatebrowsing/test/browser/browser_privatebrowsing_windowtitle.js | Private browsing should be terminated after finishing the test
TEST-UNEXPECTED-FAIL | chrome://mochitests/content/browser/browser/components/privatebrowsing/test/browser/browser_privatebrowsing_windowtitle.js | Found a tab after previous test timed out: about:privatebrowsing
TEST-UNEXPECTED-FAIL | chrome://mochitests/content/browser/browser/components/privatebrowsing/test/browser/browser_privatebrowsing_windowtitle.js | The window title for about:privatebrowsing is correct (inside private browsing mode) - Got Minefield, expected Private Browsing - Minefield (Private Browsing)
TEST-UNEXPECTED-FAIL | chrome://mochitests/content/browser/browser/components/sessionstore/test/browser/browser_354894.js | Test timed out
TEST-UNEXPECTED-FAIL | chrome://mochitests/content/browser/browser/components/sessionstore/test/browser/browser_354894.js | Found a browser window after previous test timed out
TEST-UNEXPECTED-FAIL | chrome://mochitests/content/browser/browser/components/sessionstore/test/browser/browser_394759.js | Only one browser window should be open initially - Got 0, expected 1
TEST-UNEXPECTED-FAIL | chrome://mochitests/content/browser/browser/components/sessionstore/test/browser/browser_394759.js | number of browser windows after test_basic - Got 0, expected 1
TEST-UNEXPECTED-FAIL | chrome://mochitests/content/browser/browser/components/sessionstore/test/browser/browser_394759.js | number of browser windows after test_behavior - Got 0, expected 1
TEST-UNEXPECTED-FAIL | chrome://mochitests/content/browser/browser/components/sessionstore/test/browser/browser_394759.js | 1 tab was removed - Got 2, expected 1
TEST-UNEXPECTED-FAIL | chrome://mochitests/content/browser/browser/components/sessionstore/test/browser/browser_394759.js | The correct tab was remembered - Got 0, expected 1
TEST-UNEXPECTED-FAIL | chrome://mochitests/content/browser/browser/components/sessionstore/test/browser/browser_394759.js | The window title was correctly updated - Got Problem loading page, expected 1291666726161
TEST-UNEXPECTED-FAIL | chrome://mochitests/content/browser/browser/components/sessionstore/test/browser/browser_394759.js | 2 tabs were removed - Got 2, expected 3
TEST-UNEXPECTED-FAIL | chrome://mochitests/content/browser/browser/components/sessionstore/test/browser/browser_394759.js | The correct tabs were remembered - Got 0, expected 3
TEST-UNEXPECTED-FAIL | chrome://mochitests/content/browser/browser/components/sessionstore/test/browser/browser_394759.js | Selected tab has changed - Got 1, expected 3
TEST-UNEXPECTED-FAIL | chrome://mochitests/content/browser/browser/components/sessionstore/test/browser/browser_394759.js | The window title was correctly updated - Got Problem loading page, expected 1291666726161
TEST-UNEXPECTED-FAIL | chrome://mochitests/content/browser/browser/components/sessionstore/test/browser/browser_394759.js | The correct number of tabs were removed, and the correct ones - Got 0, expected 1
TEST-UNEXPECTED-FAIL | chrome://mochitests/content/browser/browser/components/sessionstore/test/browser/browser_394759.js | Found an unexpected browser window at the end of test run
TEST-UNEXPECTED-FAIL | chrome://mochitests/content/browser/browser/components/sessionstore/test/browser/browser_394759.js | Found an unexpected browser window at the end of test run
TEST-UNEXPECTED-FAIL | chrome://mochitests/content/browser/browser/components/sessionstore/test/browser/browser_394759_privatebrowsing.js | Only one browser window should be open initially - Got 0, expected 1
TEST-UNEXPECTED-FAIL | chrome://mochitests/content/browser/browser/components/sessionstore/test/browser/browser_394759_privatebrowsing.js | Correctly set window count - Got 3, expected 0
TEST-UNEXPECTED-FAIL | chrome://mochitests/content/browser/browser/components/sessionstore/test/browser/browser_394759_privatebrowsing.js | The closed window was added to the list - Got 1, expected 4
TEST-UNEXPECTED-FAIL | chrome://mochitests/content/browser/browser/components/sessionstore/test/browser/browser_394759_privatebrowsing.js | Recently Closed Windows are removed when entering Private Browsing - Got 1, expected 0
TEST-UNEXPECTED-FAIL | chrome://mochitests/content/browser/browser/components/sessionstore/test/browser/browser_394759_privatebrowsing.js | Recently Closed Windows data is cleared when entering Private Browsing - Got [{"tabs":[{"entries":[{"url":"about:config","ID":593,"owner_b64":"SmIS26zLEdO3ZQBgsLbOywAAAAAAAAAAwAAAAAAAAEY=","docIdentifier":688,"scroll":"0,0","formdata":{"#textbox":""}}],"index":1,"hidden":false,"attributes":{}},{"entries":[{"url":"about:blank","ID":594,"docIdentifier":689,"scroll":"0,0"}],"index":1,"hidden":false,"attributes":{}}],"selected":1,"_closedTabs":[],"width":994,"height":984,"screenX":4,"screenY":4,"sizemode":"normal","extData":{"bug 394759 Non-PB":"uniq1291666728980"},"title":"about:config"}], expected []
TEST-UNEXPECTED-FAIL | chrome://mochitests/content/browser/browser/components/sessionstore/test/browser/browser_394759_privatebrowsing.js | The closed window was added to the list - Got 2, expected 4
TEST-UNEXPECTED-FAIL | chrome://mochitests/content/browser/browser/components/sessionstore/test/browser/browser_394759_privatebrowsing.js | The correct number of recently closed windows were restored when exiting PB mode - Got 2, expected 4
TEST-UNEXPECTED-FAIL | chrome://mochitests/content/browser/browser/components/sessionstore/test/browser/browser_394759_privatebrowsing.js | The data associated with the recently closed window was restored when exiting PB mode
TEST-UNEXPECTED-FAIL | chrome://mochitests/content/browser/browser/components/sessionstore/test/browser/browser_394759_privatebrowsing.js | Found an unexpected browser window at the end of test run
TEST-UNEXPECTED-FAIL | chrome://mochitests/content/browser/browser/components/sessionstore/test/browser/browser_423132.js | Only one browser window should be open initially - Got 0, expected 1
TEST-UNEXPECTED-FAIL | chrome://mochitests/content/browser/browser/components/sessionstore/test/browser/browser_423132.js | Only one browser window should be open eventually - Got 0, expected 1
TEST-UNEXPECTED-FAIL | chrome://mochitests/content/browser/browser/components/sessionstore/test/browser/browser_448741.js | data contains our value?
TEST-UNEXPECTED-FAIL | chrome://mochitests/content/browser/browser/components/sessionstore/test/browser/browser_448741.js | found and removed the specific tab value
TEST-UNEXPECTED-FAIL | chrome://mochitests/content/browser/browser/components/sessionstore/test/browser/browser_448741.js | ready to check the cleaned state?
TEST-UNEXPECTED-FAIL | chrome://mochitests/content/browser/browser/components/sessionstore/test/browser/browser_461634.js | Only one browser window should be open initially - Got 0, expected 1
TEST-UNEXPECTED-FAIL | chrome://mochitests/content/browser/browser/components/sessionstore/test/browser/browser_461634.js | Only one browser window should be open eventually - Got 0, expected 1
TEST-UNEXPECTED-FAIL | chrome://mochitests/content/browser/browser/components/sessionstore/test/browser/browser_464199.js | Only one browser window should be open initially - Got 0, expected 1
TEST-UNEXPECTED-FAIL | chrome://mochitests/content/browser/browser/components/sessionstore/test/browser/browser_464199.js | The correct amout of tabs was removed - Got 11, expected 5
TEST-UNEXPECTED-FAIL | chrome://mochitests/content/browser/browser/components/sessionstore/test/browser/browser_464199.js | All tabs to be forgotten were indeed removed - Got 6, expected 0
TEST-UNEXPECTED-FAIL | chrome://mochitests/content/browser/browser/components/sessionstore/test/browser/browser_464199.js | Only one browser window should be open eventually - Got 0, expected 1
TEST-UNEXPECTED-FAIL | chrome://mochitests/content/browser/browser/components/sessionstore/test/browser/browser_465223.js | Only one browser window should be open initially - Got 0, expected 1
TEST-UNEXPECTED-FAIL | chrome://mochitests/content/browser/browser/components/sessionstore/test/browser/browser_465223.js | Only one browser window should be open eventually - Got 0, expected 1
TEST-UNEXPECTED-FAIL | chrome://mochitests/content/browser/browser/components/sessionstore/test/browser/browser_477657.js | Only one browser window should be open initially - Got 0, expected 1
TEST-UNEXPECTED-FAIL | chrome://mochitests/content/browser/browser/components/sessionstore/test/browser/browser_477657.js | Only one browser window should be open eventually - Got 0, expected 1
TEST-UNEXPECTED-FAIL | chrome://mochitests/content/browser/browser/components/sessionstore/test/browser/browser_480148.js | Only one browser window should be open initially - Got 0, expected 1
TEST-UNEXPECTED-FAIL | chrome://mochitests/content/browser/browser/components/sessionstore/test/browser/browser_480148.js | Only one browser window should be open eventually - Got 0, expected 1
TEST-UNEXPECTED-FAIL | chrome://mochitests/content/browser/browser/components/sessionstore/test/browser/browser_490040.js | Only one browser window should be open initially - Got 0, expected 1
TEST-UNEXPECTED-FAIL | chrome://mochitests/content/browser/browser/components/sessionstore/test/browser/browser_490040.js | Only one browser window should be open eventually - Got 0, expected 1
TEST-UNEXPECTED-FAIL | chrome://mochitests/content/browser/browser/components/sessionstore/test/browser/browser_491168.js | Only one browser window should be open initially - Got 0, expected 1
TEST-UNEXPECTED-FAIL | chrome://mochitests/content/browser/browser/components/sessionstore/test/browser/browser_491168.js | Only one browser window should be open eventually - Got 0, expected 1
TEST-UNEXPECTED-FAIL | chrome://mochitests/content/browser/browser/components/sessionstore/test/browser/browser_491577.js | Only one browser window should be open initially - Got 0, expected 1
TEST-UNEXPECTED-FAIL | chrome://mochitests/content/browser/browser/components/sessionstore/test/browser/browser_491577.js | Only one browser window should be open eventually - Got 0, expected 1
TEST-UNEXPECTED-FAIL | chrome://mochitests/content/browser/browser/components/sessionstore/test/browser/browser_493467.js | Only one browser window should be open initially - Got 0, expected 1
TEST-UNEXPECTED-FAIL | chrome://mochitests/content/browser/browser/components/sessionstore/test/browser/browser_493467.js | Only one browser window should be open eventually - Got 0, expected 1
TEST-UNEXPECTED-FAIL | chrome://mochitests/content/browser/browser/components/sessionstore/test/browser/browser_495495.js | Only one browser window should be open initially - Got 0, expected 1
TEST-UNEXPECTED-FAIL | chrome://mochitests/content/browser/browser/components/sessionstore/test/browser/browser_495495.js | Only one browser window should be open eventually - Got 0, expected 1
TEST-UNEXPECTED-FAIL | chrome://mochitests/content/browser/browser/components/sessionstore/test/browser/browser_514751.js | Only one browser window should be open initially - Got 0, expected 1
TEST-UNEXPECTED-FAIL | chrome://mochitests/content/browser/browser/components/sessionstore/test/browser/browser_514751.js | Only one browser window should be open eventually - Got 0, expected 1
TEST-UNEXPECTED-FAIL | chrome://mochitests/content/browser/browser/components/sessionstore/test/browser/browser_522545.js | Only one browser window should be open initially - Got 0, expected 1
TEST-UNEXPECTED-FAIL | chrome://mochitests/content/browser/browser/components/sessionstore/test/browser/browser_522545.js | Test timed out
TEST-UNEXPECTED-FAIL | chrome://mochitests/content/browser/browser/components/sessionstore/test/browser/browser_522545.js | Found a browser window after previous test timed out
TEST-UNEXPECTED-FAIL | chrome://mochitests/content/browser/browser/components/sessionstore/test/browser/browser_524745.js | Only one browser window should be open initially - Got 0, expected 1
TEST-UNEXPECTED-FAIL | chrome://mochitests/content/browser/browser/components/sessionstore/test/browser/browser_524745.js | Test timed out
TEST-UNEXPECTED-FAIL | chrome://mochitests/content/browser/browser/components/sessionstore/test/browser/browser_524745.js | Found a browser window after previous test timed out
TEST-UNEXPECTED-FAIL | chrome://mochitests/content/browser/browser/components/sessionstore/test/browser/browser_528776.js | number of open browser windows according to nsIWindowMediator - Got 0, expected 1
TEST-UNEXPECTED-FAIL | chrome://mochitests/content/browser/browser/components/sessionstore/test/browser/browser_528776.js | number of open browser windows according to getBrowserState - Got 2, expected 1
TEST-UNEXPECTED-FAIL | chrome://mochitests/content/browser/browser/components/sessionstore/test/browser/browser_528776.js | number of open browser windows according to nsIWindowMediator - Got 1, expected 2
TEST-UNEXPECTED-FAIL | chrome://mochitests/content/browser/browser/components/sessionstore/test/browser/browser_528776.js | number of open browser windows according to getBrowserState - Got 3, expected 2
TEST-UNEXPECTED-FAIL | chrome://mochitests/content/browser/browser/components/sessionstore/test/browser/browser_528776.js | number of open browser windows according to nsIWindowMediator - Got 0, expected 1
TEST-UNEXPECTED-FAIL | chrome://mochitests/content/browser/browser/components/sessionstore/test/browser/browser_528776.js | number of open browser windows according to getBrowserState - Got 2, expected 1
TEST-UNEXPECTED-FAIL | chrome://mochitests/content/browser/browser/components/sessionstore/test/browser/browser_522545.js | userTypedValue was correctly restored - Got about:blank, expected example.com
TEST-UNEXPECTED-FAIL | chrome://mochitests/content/browser/browser/components/sessionstore/test/browser/browser_522545.js | Address bar's value correctly restored - Got about:blank, expected example.com
TEST-UNEXPECTED-FAIL | chrome://mochitests/content/browser/browser/components/sessionstore/test/browser/browser_522545.js | Address bar's value correctly updated - Got about:blank, expected about:mozilla
TEST-UNEXPECTED-FAIL | chrome://mochitests/content/browser/browser/components/sessionstore/test/browser/browser_522545.js | userTypedValue was correctly restored - Got http://example.com, expected example.org
TEST-UNEXPECTED-FAIL | chrome://mochitests/content/browser/browser/components/sessionstore/test/browser/browser_522545.js | userTypeClear restored as expected - Got 2, expected 0
TEST-UNEXPECTED-FAIL | chrome://mochitests/content/browser/browser/components/sessionstore/test/browser/browser_522545.js | Address bar's value correctly restored - Got http://example.com/, expected about:mozilla
TEST-UNEXPECTED-FAIL | chrome://mochitests/content/browser/browser/components/sessionstore/test/browser/browser_522545.js | Address bar's value correctly updated - Got http://example.com, expected example.org
TEST-UNEXPECTED-FAIL | chrome://mochitests/content/browser/browser/components/sessionstore/test/browser/browser_586068-cascaded_restore.js | test_cascade: load 2 - # tabs that need to be restored - Got 0, expected 4
TEST-UNEXPECTED-FAIL | chrome://mochitests/content/browser/browser/components/sessionstore/test/browser/browser_586068-cascaded_restore.js | test_cascade: load 2 - # tabs that has been restored - Got 0, expected 1
TEST-UNEXPECTED-FAIL | chrome://mochitests/content/browser/browser/components/sessionstore/test/browser/browser_586068-cascaded_restore.js | test_cascade: load 3 - # tabs that need to be restored - Got 0, expected 3
TEST-UNEXPECTED-FAIL | chrome://mochitests/content/browser/browser/components/sessionstore/test/browser/browser_586068-cascaded_restore.js | test_cascade: load 3 - # tabs that has been restored - Got 0, expected 2
TEST-UNEXPECTED-FAIL | chrome://mochitests/content/browser/browser/components/sessionstore/test/browser/browser_586068-cascaded_restore.js | test_cascade: load 4 - # tabs that need to be restored - Got 0, expected 2
TEST-UNEXPECTED-FAIL | chrome://mochitests/content/browser/browser/components/sessionstore/test/browser/browser_586068-cascaded_restore.js | test_cascade: load 4 - # tabs that has been restored - Got 0, expected 3
TEST-UNEXPECTED-FAIL | chrome://mochitests/content/browser/browser/components/sessionstore/test/browser/browser_586068-cascaded_restore.js | test_cascade: load 5 - # tabs that need to be restored - Got 0, expected 1
TEST-UNEXPECTED-FAIL | chrome://mochitests/content/browser/browser/components/sessionstore/test/browser/browser_586068-cascaded_restore.js | test_cascade: load 5 - # tabs that has been restored - Got 0, expected 4
TEST-UNEXPECTED-FAIL | chrome://mochitests/content/browser/browser/components/sessionstore/test/browser/browser_586068-cascaded_restore.js | Test timed out
TEST-UNEXPECTED-FAIL | chrome://mochitests/content/browser/browser/components/sessionstore/test/browser/browser_586068-cascaded_restore.js | test_cascade: load 6 - # tabs that need to be restored - Got 2, expected 0
TEST-UNEXPECTED-FAIL | chrome://mochitests/content/browser/browser/components/sessionstore/test/browser/browser_586068-cascaded_restore.js | test_cascade: load 6 - # tabs that has been restored - Got 0, expected 5
TEST-UNEXPECTED-FAIL | chrome://mochitests/content/browser/browser/components/sessionstore/test/browser/browser_586147.js | Test timed out
TEST-UNEXPECTED-FAIL | chrome://mochitests/content/browser/browser/components/sessionstore/test/browser/browser_586147.js | Found a tab after previous test timed out: about:blank
TEST-UNEXPECTED-FAIL | chrome://mochitests/content/browser/browser/components/sessionstore/test/browser/browser_586147.js | Found a tab after previous test timed out: about:blank
TEST-UNEXPECTED-FAIL | chrome://mochitests/content/browser/browser/components/sessionstore/test/browser/browser_586147.js | Found a tab after previous test timed out: about:blank
TEST-UNEXPECTED-FAIL | chrome://mochitests/content/browser/browser/components/sessionstore/test/browser/browser_586147.js | Found a tab after previous test timed out: about:blank
TEST-UNEXPECTED-FAIL | chrome://mochitests/content/browser/browser/components/sessionstore/test/browser/browser_589246.js | Test timed out
TEST-UNEXPECTED-FAIL | chrome://mochitests/content/browser/browser/components/sessionstore/test/browser/browser_589246.js | Found a browser window after previous test timed out
TEST-UNEXPECTED-FAIL | chrome://mochitests/content/browser/browser/components/sessionstore/test/browser/browser_586068-cascaded_restore.js | test_setBrowserStateInterrupted: there are no tabs left needing restore - Got 4, expected 0
TEST-UNEXPECTED-FAIL | chrome://mochitests/content/browser/browser/components/sessionstore/test/browser/browser_590268.js | Test timed out
TEST-UNEXPECTED-FAIL | chrome://mochitests/content/browser/browser/components/sessionstore/test/browser/browser_590268.js | Found a browser window after previous test timed out
TEST-UNEXPECTED-FAIL | chrome://mochitests/content/browser/browser/components/sessionstore/test/browser/browser_597071.js | there should be 2 windows open currently - Got 1, expected 2
TEST-UNEXPECTED-FAIL | chrome://mochitests/content/browser/browser/components/sessionstore/test/browser/browser_597071.js | sessionstore knows about this window - Got 3, expected 2
TEST-UNEXPECTED-FAIL | chrome://mochitests/content/browser/browser/components/sessionstore/test/browser/browser_597071.js | there should be 1 window open currently - Got 0, expected 1
TEST-UNEXPECTED-FAIL | chrome://mochitests/content/browser/browser/components/sessionstore/test/browser/browser_597071.js | Found an unexpected browser window at the end of test run
TEST-UNEXPECTED-FAIL | chrome://mochitests/content/browser/browser/components/sessionstore/test/browser/browser_600545.js | Test timed out
TEST-UNEXPECTED-FAIL | chrome://mochitests/content/browser/browser/components/sessionstore/test/browser/browser_600545.js | Found a browser window after previous test timed out
TEST-UNEXPECTED-FAIL | chrome://mochitests/content/browser/browser/components/sessionstore/test/browser/browser_600545.js | Found a browser window after previous test timed out
TEST-UNEXPECTED-FAIL | chrome://mochitests/content/browser/browser/components/test/browser/browser_bug538331.js | Exception thrown - [Exception... "'[JavaScript Error: "win is null" {file: "jar:file:///e:/builds/moz2_slave/tracemonkey-win32-debug-unittest-mochitest-other/build/firefox/omni.jar!/components/nsBrowserGlue.js" line: 605}]' when calling method: [nsIObserver::observe]"  nsresult: "0x80570021 (NS_ERROR_XPC_JAVASCRIPT_ERROR_WITH_DETAILS)"  location: "JS frame :: chrome://mochitests/content/browser/browser/components/test/browser/browser_bug538331.js :: testShowNotification :: line 332"  data: yes]
TEST-UNEXPECTED-FAIL | chrome://mochitests/content/browser/browser/fuel/test/browser_Browser.js | There should be one browser window open - Got 0, expected 1
TEST-UNEXPECTED-FAIL | chrome://mochitests/content/browser/browser/fuel/test/browser_Browser.js | Exception thrown - [Exception... "'[JavaScript Error: "aWindow is null" {file: "jar:file:///e:/builds/moz2_slave/tracemonkey-win32-debug-unittest-mochitest-other/build/firefox/omni.jar!/components/fuelApplication.js" line: 102}]' when calling method: [fuelIApplication::activeWindow]"  nsresult: "0x80570021 (NS_ERROR_XPC_JAVASCRIPT_ERROR_WITH_DETAILS)"  location: "JS frame :: chrome://mochitests/content/browser/browser/fuel/test/browser_Browser.js :: test :: line 22"  data: yes]
TEST-UNEXPECTED-FAIL | chrome://mochitests/content/browser/content/base/test/browser_bug593387.js | Test timed out
TEST-UNEXPECTED-FAIL | chrome://mochitests/content/browser/content/html/document/test/browser_bug592641.js | Test timed out
TEST-UNEXPECTED-FAIL | chrome://mochitests/content/browser/content/html/document/test/browser_bug592641.js | Found a tab after previous test timed out: http://mochi.test:8888/browser/content/html/document/test/bug592641_img.jpg
TEST-UNEXPECTED-FAIL | chrome://mochitests/content/browser/content/html/document/test/browser_bug592641.js | application timed out after 330 seconds with no output
buildbot.slave.commands.TimeoutError: command timed out: 1200 seconds without output
philringnalda%gmail.com
http://tinderbox.mozilla.org/showlog.cgi?log=Firefox/1291670135.1291674908.1050.gz
WINNT 5.2 mozilla-central debug test mochitest-other on 2010/12/06 13:15:35

s: win32-slave12
PROCESS-CRASH | Main app process exited normally | application crashed (minidump found)
Thread 0 (crashed)
PROCESS-CRASH | Main app process exited normally | application crashed (minidump found)
Thread 0 (crashed)
TEST-UNEXPECTED-FAIL | chrome://mochitests/content/browser/browser/base/content/test/browser_overflowScroll.js | Test timed out
TEST-UNEXPECTED-FAIL | chrome://mochitests/content/browser/browser/components/privatebrowsing/test/browser/browser_privatebrowsing_windowtitle.js | Test timed out
TEST-UNEXPECTED-FAIL | chrome://mochitests/content/browser/browser/components/privatebrowsing/test/browser/browser_privatebrowsing_windowtitle.js | Private browsing should be terminated after finishing the test
TEST-UNEXPECTED-FAIL | chrome://mochitests/content/browser/browser/components/privatebrowsing/test/browser/browser_privatebrowsing_windowtitle.js | Found a tab after previous test timed out: about:privatebrowsing
TEST-UNEXPECTED-FAIL | chrome://mochitests/content/browser/browser/components/privatebrowsing/test/browser/browser_privatebrowsing_windowtitle.js | Found a browser window after previous test timed out
TEST-UNEXPECTED-FAIL | chrome://mochitests/content/browser/browser/components/privatebrowsing/test/browser/browser_privatebrowsing_zoom.js | application timed out after 330 seconds with no output
buildbot.slave.commands.TimeoutError: command timed out: 1200 seconds without output
philringnalda%gmail.com
http://tinderbox.mozilla.org/showlog.cgi?log=Firefox/1291674002.1291680152.24425.gz
WINNT 5.2 mozilla-central debug test mochitest-other on 2010/12/06 14:20:02

s: win32-slave07
7497 ERROR TEST-UNEXPECTED-FAIL | chrome://mochitests/content/chrome/modules/plugin/test/test_xulbrowser_plugin_visibility.xul | Test timed out.
PROCESS-CRASH | Main app process exited normally | application crashed (minidump found)
Thread 0 (crashed)
PROCESS-CRASH | Main app process exited normally | application crashed (minidump found)
Thread 0 (crashed)
TEST-UNEXPECTED-FAIL | chrome://mochitests/content/browser/browser/base/content/test/browser_overflowScroll.js | Test timed out
TEST-UNEXPECTED-FAIL | chrome://mochitests/content/browser/browser/components/privatebrowsing/test/browser/browser_privatebrowsing_windowtitle.js | Test timed out
TEST-UNEXPECTED-FAIL | chrome://mochitests/content/browser/browser/components/privatebrowsing/test/browser/browser_privatebrowsing_windowtitle.js | Private browsing should be terminated after finishing the test
TEST-UNEXPECTED-FAIL | chrome://mochitests/content/browser/browser/components/privatebrowsing/test/browser/browser_privatebrowsing_windowtitle.js | Found a tab after previous test timed out: about:privatebrowsing
TEST-UNEXPECTED-FAIL | chrome://mochitests/content/browser/browser/components/privatebrowsing/test/browser/browser_privatebrowsing_windowtitle.js | Found a browser window after previous test timed out
TEST-UNEXPECTED-FAIL | chrome://mochitests/content/browser/browser/components/sessionstore/test/browser/browser_354894.js | Test timed out
TEST-UNEXPECTED-FAIL | chrome://mochitests/content/browser/browser/components/sessionstore/test/browser/browser_354894.js | Found a browser window after previous test timed out
TEST-UNEXPECTED-FAIL | chrome://mochitests/content/browser/browser/components/sessionstore/test/browser/browser_354894.js | Found a browser window after previous test timed out
TEST-UNEXPECTED-FAIL | chrome://mochitests/content/browser/browser/components/sessionstore/test/browser/browser_394759.js | Only one browser window should be open initially - Got 0, expected 1
TEST-UNEXPECTED-FAIL | chrome://mochitests/content/browser/browser/components/sessionstore/test/browser/browser_394759.js | number of browser windows after test_basic - Got 0, expected 1
TEST-UNEXPECTED-FAIL | chrome://mochitests/content/browser/browser/components/sessionstore/test/browser/browser_394759.js | number of browser windows after test_behavior - Got 0, expected 1
TEST-UNEXPECTED-FAIL | chrome://mochitests/content/browser/browser/components/sessionstore/test/browser/browser_394759.js | 1 tab was removed - Got 2, expected 1
TEST-UNEXPECTED-FAIL | chrome://mochitests/content/browser/browser/components/sessionstore/test/browser/browser_394759.js | The correct tab was remembered - Got 0, expected 1
TEST-UNEXPECTED-FAIL | chrome://mochitests/content/browser/browser/components/sessionstore/test/browser/browser_394759.js | The window title was correctly updated - Got Problem loading page, expected 1291676946660
TEST-UNEXPECTED-FAIL | chrome://mochitests/content/browser/browser/components/sessionstore/test/browser/browser_394759.js | 2 tabs were removed - Got 2, expected 3
TEST-UNEXPECTED-FAIL | chrome://mochitests/content/browser/browser/components/sessionstore/test/browser/browser_394759.js | The correct tabs were remembered - Got 0, expected 3
TEST-UNEXPECTED-FAIL | chrome://mochitests/content/browser/browser/components/sessionstore/test/browser/browser_394759.js | Selected tab has changed - Got 1, expected 3
TEST-UNEXPECTED-FAIL | chrome://mochitests/content/browser/browser/components/sessionstore/test/browser/browser_394759.js | The window title was correctly updated - Got Problem loading page, expected 1291676946660
TEST-UNEXPECTED-FAIL | chrome://mochitests/content/browser/browser/components/sessionstore/test/browser/browser_394759.js | The correct number of tabs were removed, and the correct ones - Got 0, expected 1
TEST-UNEXPECTED-FAIL | chrome://mochitests/content/browser/browser/components/sessionstore/test/browser/browser_394759.js | Found an unexpected browser window at the end of test run
TEST-UNEXPECTED-FAIL | chrome://mochitests/content/browser/browser/components/sessionstore/test/browser/browser_394759.js | Found an unexpected browser window at the end of test run
TEST-UNEXPECTED-FAIL | chrome://mochitests/content/browser/browser/components/sessionstore/test/browser/browser_394759_privatebrowsing.js | Only one browser window should be open initially - Got 0, expected 1
TEST-UNEXPECTED-FAIL | chrome://mochitests/content/browser/browser/components/sessionstore/test/browser/browser_394759_privatebrowsing.js | Correctly set window count - Got 3, expected 0
TEST-UNEXPECTED-FAIL | chrome://mochitests/content/browser/browser/components/sessionstore/test/browser/browser_394759_privatebrowsing.js | The closed window was added to the list - Got 1, expected 4
TEST-UNEXPECTED-FAIL | chrome://mochitests/content/browser/browser/components/sessionstore/test/browser/browser_394759_privatebrowsing.js | Recently Closed Windows are removed when entering Private Browsing - Got 1, expected 0
TEST-UNEXPECTED-FAIL | chrome://mochitests/content/browser/browser/components/sessionstore/test/browser/browser_394759_privatebrowsing.js | Recently Closed Windows data is cleared when entering Private Browsing - Got [{"tabs":[{"entries":[{"url":"about:config","ID":613,"owner_b64":"SmIS26zLEdO3ZQBgsLbOywAAAAAAAAAAwAAAAAAAAEY=","docIdentifier":708,"scroll":"0,0","formdata":{"#textbox":""}}],"index":1,"hidden":false,"attributes":{}},{"entries":[{"url":"about:blank","ID":614,"docIdentifier":709,"scroll":"0,0"}],"index":1,"hidden":false,"attributes":{}}],"selected":1,"_closedTabs":[],"extData":{"bug 394759 Non-PB":"uniq1291676951252"},"width":994,"height":986,"screenX":4,"screenY":4,"sizemode":"normal","title":"about:config"}], expected []
TEST-UNEXPECTED-FAIL | chrome://mochitests/content/browser/browser/components/sessionstore/test/browser/browser_394759_privatebrowsing.js | The closed window was added to the list - Got 2, expected 4
TEST-UNEXPECTED-FAIL | chrome://mochitests/content/browser/browser/components/sessionstore/test/browser/browser_394759_privatebrowsing.js | The correct number of recently closed windows were restored when exiting PB mode - Got 2, expected 4
TEST-UNEXPECTED-FAIL | chrome://mochitests/content/browser/browser/components/sessionstore/test/browser/browser_394759_privatebrowsing.js | The data associated with the recently closed window was restored when exiting PB mode
TEST-UNEXPECTED-FAIL | chrome://mochitests/content/browser/browser/components/sessionstore/test/browser/browser_394759_privatebrowsing.js | Found an unexpected browser window at the end of test run
TEST-UNEXPECTED-FAIL | chrome://mochitests/content/browser/browser/components/sessionstore/test/browser/browser_423132.js | Only one browser window should be open initially - Got 0, expected 1
TEST-UNEXPECTED-FAIL | chrome://mochitests/content/browser/browser/components/sessionstore/test/browser/browser_423132.js | Only one browser window should be open eventually - Got 0, expected 1
TEST-UNEXPECTED-FAIL | chrome://mochitests/content/browser/browser/components/sessionstore/test/browser/browser_448741.js | data contains our value?
TEST-UNEXPECTED-FAIL | chrome://mochitests/content/browser/browser/components/sessionstore/test/browser/browser_448741.js | found and removed the specific tab value
TEST-UNEXPECTED-FAIL | chrome://mochitests/content/browser/browser/components/sessionstore/test/browser/browser_448741.js | ready to check the cleaned state?
TEST-UNEXPECTED-FAIL | chrome://mochitests/content/browser/browser/components/sessionstore/test/browser/browser_461634.js | Only one browser window should be open initially - Got 0, expected 1
TEST-UNEXPECTED-FAIL | chrome://mochitests/content/browser/browser/components/sessionstore/test/browser/browser_461634.js | Only one browser window should be open eventually - Got 0, expected 1
TEST-UNEXPECTED-FAIL | chrome://mochitests/content/browser/browser/components/sessionstore/test/browser/browser_464199.js | Only one browser window should be open initially - Got 0, expected 1
TEST-UNEXPECTED-FAIL | chrome://mochitests/content/browser/browser/components/sessionstore/test/browser/browser_464199.js | The correct amout of tabs was removed - Got 11, expected 5
TEST-UNEXPECTED-FAIL | chrome://mochitests/content/browser/browser/components/sessionstore/test/browser/browser_464199.js | All tabs to be forgotten were indeed removed - Got 6, expected 0
TEST-UNEXPECTED-FAIL | chrome://mochitests/content/browser/browser/components/sessionstore/test/browser/browser_464199.js | Only one browser window should be open eventually - Got 0, expected 1
TEST-UNEXPECTED-FAIL | chrome://mochitests/content/browser/browser/components/sessionstore/test/browser/browser_465223.js | Only one browser window should be open initially - Got 0, expected 1
TEST-UNEXPECTED-FAIL | chrome://mochitests/content/browser/browser/components/sessionstore/test/browser/browser_465223.js | Only one browser window should be open eventually - Got 0, expected 1
TEST-UNEXPECTED-FAIL | chrome://mochitests/content/browser/browser/components/sessionstore/test/browser/browser_477657.js | Only one browser window should be open initially - Got 0, expected 1
TEST-UNEXPECTED-FAIL | chrome://mochitests/content/browser/browser/components/sessionstore/test/browser/browser_477657.js | Only one browser window should be open eventually - Got 0, expected 1
TEST-UNEXPECTED-FAIL | chrome://mochitests/content/browser/browser/components/sessionstore/test/browser/browser_480148.js | Only one browser window should be open initially - Got 0, expected 1
TEST-UNEXPECTED-FAIL | chrome://mochitests/content/browser/browser/components/sessionstore/test/browser/browser_480148.js | Only one browser window should be open eventually - Got 0, expected 1
TEST-UNEXPECTED-FAIL | chrome://mochitests/content/browser/browser/components/sessionstore/test/browser/browser_490040.js | Only one browser window should be open initially - Got 0, expected 1
TEST-UNEXPECTED-FAIL | chrome://mochitests/content/browser/browser/components/sessionstore/test/browser/browser_490040.js | Only one browser window should be open eventually - Got 0, expected 1
TEST-UNEXPECTED-FAIL | chrome://mochitests/content/browser/browser/components/sessionstore/test/browser/browser_491168.js | Only one browser window should be open initially - Got 0, expected 1
TEST-UNEXPECTED-FAIL | chrome://mochitests/content/browser/browser/components/sessionstore/test/browser/browser_491168.js | Only one browser window should be open eventually - Got 0, expected 1
TEST-UNEXPECTED-FAIL | chrome://mochitests/content/browser/browser/components/sessionstore/test/browser/browser_491577.js | Only one browser window should be open initially - Got 0, expected 1
TEST-UNEXPECTED-FAIL | chrome://mochitests/content/browser/browser/components/sessionstore/test/browser/browser_491577.js | Only one browser window should be open eventually - Got 0, expected 1
TEST-UNEXPECTED-FAIL | chrome://mochitests/content/browser/browser/components/sessionstore/test/browser/browser_493467.js | Only one browser window should be open initially - Got 0, expected 1
TEST-UNEXPECTED-FAIL | chrome://mochitests/content/browser/browser/components/sessionstore/test/browser/browser_493467.js | Only one browser window should be open eventually - Got 0, expected 1
TEST-UNEXPECTED-FAIL | chrome://mochitests/content/browser/browser/components/sessionstore/test/browser/browser_495495.js | Only one browser window should be open initially - Got 0, expected 1
TEST-UNEXPECTED-FAIL | chrome://mochitests/content/browser/browser/components/sessionstore/test/browser/browser_495495.js | Only one browser window should be open eventually - Got 0, expected 1
TEST-UNEXPECTED-FAIL | chrome://mochitests/content/browser/browser/components/sessionstore/test/browser/browser_514751.js | Only one browser window should be open initially - Got 0, expected 1
TEST-UNEXPECTED-FAIL | chrome://mochitests/content/browser/browser/components/sessionstore/test/browser/browser_514751.js | Only one browser window should be open eventually - Got 0, expected 1
TEST-UNEXPECTED-FAIL | chrome://mochitests/content/browser/browser/components/sessionstore/test/browser/browser_522545.js | Only one browser window should be open initially - Got 0, expected 1
TEST-UNEXPECTED-FAIL | chrome://mochitests/content/browser/browser/components/sessionstore/test/browser/browser_522545.js | Test timed out
TEST-UNEXPECTED-FAIL | chrome://mochitests/content/browser/browser/components/sessionstore/test/browser/browser_522545.js | Found a browser window after previous test timed out
TEST-UNEXPECTED-FAIL | chrome://mochitests/content/browser/browser/components/sessionstore/test/browser/browser_524745.js | Only one browser window should be open initially - Got 0, expected 1
TEST-UNEXPECTED-FAIL | chrome://mochitests/content/browser/browser/components/sessionstore/test/browser/browser_524745.js | Test timed out
TEST-UNEXPECTED-FAIL | chrome://mochitests/content/browser/browser/components/sessionstore/test/browser/browser_524745.js | Found a browser window after previous test timed out
TEST-UNEXPECTED-FAIL | chrome://mochitests/content/browser/browser/components/sessionstore/test/browser/browser_528776.js | number of open browser windows according to nsIWindowMediator - Got 0, expected 1
TEST-UNEXPECTED-FAIL | chrome://mochitests/content/browser/browser/components/sessionstore/test/browser/browser_528776.js | number of open browser windows according to getBrowserState - Got 2, expected 1
TEST-UNEXPECTED-FAIL | chrome://mochitests/content/browser/browser/components/sessionstore/test/browser/browser_528776.js | number of open browser windows according to nsIWindowMediator - Got 1, expected 2
TEST-UNEXPECTED-FAIL | chrome://mochitests/content/browser/browser/components/sessionstore/test/browser/browser_528776.js | number of open browser windows according to getBrowserState - Got 3, expected 2
TEST-UNEXPECTED-FAIL | chrome://mochitests/content/browser/browser/components/sessionstore/test/browser/browser_528776.js | number of open browser windows according to nsIWindowMediator - Got 0, expected 1
TEST-UNEXPECTED-FAIL | chrome://mochitests/content/browser/browser/components/sessionstore/test/browser/browser_528776.js | number of open browser windows according to getBrowserState - Got 2, expected 1
TEST-UNEXPECTED-FAIL | chrome://mochitests/content/browser/browser/components/sessionstore/test/browser/browser_522545.js | userTypedValue was correctly restored - Got about:blank, expected example.com
TEST-UNEXPECTED-FAIL | chrome://mochitests/content/browser/browser/components/sessionstore/test/browser/browser_522545.js | Address bar's value correctly restored - Got about:blank, expected example.com
TEST-UNEXPECTED-FAIL | chrome://mochitests/content/browser/browser/components/sessionstore/test/browser/browser_522545.js | Address bar's value correctly updated - Got about:blank, expected about:mozilla
TEST-UNEXPECTED-FAIL | chrome://mochitests/content/browser/browser/components/sessionstore/test/browser/browser_522545.js | userTypedValue was correctly restored - Got http://example.com, expected example.org
TEST-UNEXPECTED-FAIL | chrome://mochitests/content/browser/browser/components/sessionstore/test/browser/browser_522545.js | userTypeClear restored as expected - Got 2, expected 0
TEST-UNEXPECTED-FAIL | chrome://mochitests/content/browser/browser/components/sessionstore/test/browser/browser_522545.js | Address bar's value correctly restored - Got http://example.com/, expected about:mozilla
TEST-UNEXPECTED-FAIL | chrome://mochitests/content/browser/browser/components/sessionstore/test/browser/browser_522545.js | Address bar's value correctly updated - Got http://example.com, expected example.org
TEST-UNEXPECTED-FAIL | chrome://mochitests/content/browser/browser/components/sessionstore/test/browser/browser_586068-cascaded_restore.js | test_cascade: load 2 - # tabs that need to be restored - Got 0, expected 4
TEST-UNEXPECTED-FAIL | chrome://mochitests/content/browser/browser/components/sessionstore/test/browser/browser_586068-cascaded_restore.js | test_cascade: load 2 - # tabs that has been restored - Got 0, expected 1
TEST-UNEXPECTED-FAIL | chrome://mochitests/content/browser/browser/components/sessionstore/test/browser/browser_586068-cascaded_restore.js | test_cascade: load 3 - # tabs that need to be restored - Got 0, expected 3
TEST-UNEXPECTED-FAIL | chrome://mochitests/content/browser/browser/components/sessionstore/test/browser/browser_586068-cascaded_restore.js | test_cascade: load 3 - # tabs that has been restored - Got 0, expected 2
TEST-UNEXPECTED-FAIL | chrome://mochitests/content/browser/browser/components/sessionstore/test/browser/browser_586068-cascaded_restore.js | test_cascade: load 4 - # tabs that need to be restored - Got 0, expected 2
TEST-UNEXPECTED-FAIL | chrome://mochitests/content/browser/browser/components/sessionstore/test/browser/browser_586068-cascaded_restore.js | test_cascade: load 4 - # tabs that has been restored - Got 0, expected 3
TEST-UNEXPECTED-FAIL | chrome://mochitests/content/browser/browser/components/sessionstore/test/browser/browser_586068-cascaded_restore.js | test_cascade: load 5 - # tabs that need to be restored - Got 0, expected 1
TEST-UNEXPECTED-FAIL | chrome://mochitests/content/browser/browser/components/sessionstore/test/browser/browser_586068-cascaded_restore.js | test_cascade: load 5 - # tabs that has been restored - Got 0, expected 4
TEST-UNEXPECTED-FAIL | chrome://mochitests/content/browser/browser/components/sessionstore/test/browser/browser_586068-cascaded_restore.js | Test timed out
TEST-UNEXPECTED-FAIL | chrome://mochitests/content/browser/browser/components/sessionstore/test/browser/browser_586068-cascaded_restore.js | test_cascade: load 6 - # tabs that need to be restored - Got 2, expected 0
TEST-UNEXPECTED-FAIL | chrome://mochitests/content/browser/browser/components/sessionstore/test/browser/browser_586068-cascaded_restore.js | test_cascade: load 6 - # tabs that has been restored - Got 0, expected 5
TEST-UNEXPECTED-FAIL | chrome://mochitests/content/browser/browser/components/sessionstore/test/browser/browser_586147.js | Test timed out
TEST-UNEXPECTED-FAIL | chrome://mochitests/content/browser/browser/components/sessionstore/test/browser/browser_586147.js | Found a tab after previous test timed out: about:blank
TEST-UNEXPECTED-FAIL | chrome://mochitests/content/browser/browser/components/sessionstore/test/browser/browser_586147.js | Found a tab after previous test timed out: about:blank
TEST-UNEXPECTED-FAIL | chrome://mochitests/content/browser/browser/components/sessionstore/test/browser/browser_586147.js | Found a tab after previous test timed out: about:blank
TEST-UNEXPECTED-FAIL | chrome://mochitests/content/browser/browser/components/sessionstore/test/browser/browser_586147.js | Found a tab after previous test timed out: http://example.com/#2
TEST-UNEXPECTED-FAIL | chrome://mochitests/content/browser/browser/components/sessionstore/test/browser/browser_589246.js | Test timed out
TEST-UNEXPECTED-FAIL | chrome://mochitests/content/browser/browser/components/sessionstore/test/browser/browser_589246.js | Found a browser window after previous test timed out
TEST-UNEXPECTED-FAIL | chrome://mochitests/content/browser/browser/components/sessionstore/test/browser/browser_586068-cascaded_restore.js | test_setBrowserStateInterrupted: there are no tabs left needing restore - Got 4, expected 0
TEST-UNEXPECTED-FAIL | chrome://mochitests/content/browser/browser/components/sessionstore/test/browser/browser_590268.js | Test timed out
TEST-UNEXPECTED-FAIL | chrome://mochitests/content/browser/browser/components/sessionstore/test/browser/browser_590268.js | Found a browser window after previous test timed out
TEST-UNEXPECTED-FAIL | chrome://mochitests/content/browser/browser/components/sessionstore/test/browser/browser_597071.js | there should be 2 windows open currently - Got 1, expected 2
TEST-UNEXPECTED-FAIL | chrome://mochitests/content/browser/browser/components/sessionstore/test/browser/browser_597071.js | sessionstore knows about this window - Got 3, expected 2
TEST-UNEXPECTED-FAIL | chrome://mochitests/content/browser/browser/components/sessionstore/test/browser/browser_597071.js | there should be 1 window open currently - Got 0, expected 1
TEST-UNEXPECTED-FAIL | chrome://mochitests/content/browser/browser/components/sessionstore/test/browser/browser_597071.js | Found an unexpected browser window at the end of test run
TEST-UNEXPECTED-FAIL | chrome://mochitests/content/browser/browser/components/sessionstore/test/browser/browser_600545.js | Test timed out
TEST-UNEXPECTED-FAIL | chrome://mochitests/content/browser/browser/components/sessionstore/test/browser/browser_600545.js | Found a browser window after previous test timed out
TEST-UNEXPECTED-FAIL | chrome://mochitests/content/browser/browser/components/sessionstore/test/browser/browser_600545.js | Found a browser window after previous test timed out
TEST-UNEXPECTED-FAIL | chrome://mochitests/content/browser/browser/components/sessionstore/test/browser/browser_607016.js | Test timed out
TEST-UNEXPECTED-FAIL | chrome://mochitests/content/browser/browser/components/sessionstore/test/browser/browser_607016.js | Found a browser window after previous test timed out
TEST-UNEXPECTED-FAIL | chrome://mochitests/content/browser/browser/components/test/browser/browser_bug538331.js | Exception thrown - [Exception... "'[JavaScript Error: "win is null" {file: "jar:file:///e:/builds/moz2_slave/mozilla-central-win32-debug-unittest-mochitest-other/build/firefox/omni.jar!/components/nsBrowserGlue.js" line: 605}]' when calling method: [nsIObserver::observe]"  nsresult: "0x80570021 (NS_ERROR_XPC_JAVASCRIPT_ERROR_WITH_DETAILS)"  location: "JS frame :: chrome://mochitests/content/browser/browser/components/test/browser/browser_bug538331.js :: testShowNotification :: line 332"  data: yes]
TEST-UNEXPECTED-FAIL | chrome://mochitests/content/browser/browser/fuel/test/browser_Browser.js | There should be one browser window open - Got 0, expected 1
TEST-UNEXPECTED-FAIL | chrome://mochitests/content/browser/browser/fuel/test/browser_Browser.js | Exception thrown - [Exception... "'[JavaScript Error: "aWindow is null" {file: "jar:file:///e:/builds/moz2_slave/mozilla-central-win32-debug-unittest-mochitest-other/build/firefox/omni.jar!/components/fuelApplication.js" line: 102}]' when calling method: [fuelIApplication::activeWindow]"  nsresult: "0x80570021 (NS_ERROR_XPC_JAVASCRIPT_ERROR_WITH_DETAILS)"  location: "JS frame :: chrome://mochitests/content/browser/browser/fuel/test/browser_Browser.js :: test :: line 22"  data: yes]
TEST-UNEXPECTED-FAIL | chrome://mochitests/content/browser/content/base/test/browser_bug593387.js | Test timed out
TEST-UNEXPECTED-FAIL | chrome://mochitests/content/browser/content/html/document/test/browser_bug592641.js | Test timed out
TEST-UNEXPECTED-FAIL | chrome://mochitests/content/browser/content/html/document/test/browser_bug592641.js | Found a tab after previous test timed out: http://mochi.test:8888/browser/content/html/document/test/bug592641_img.jpg
TEST-UNEXPECTED-FAIL | chrome://mochitests/content/browser/content/html/document/test/browser_bug592641.js | application timed out after 330 seconds with no output
buildbot.slave.commands.TimeoutError: command timed out: 1200 seconds without output
philringnalda%gmail.com
http://tinderbox.mozilla.org/showlog.cgi?log=TraceMonkey/1291675900.1291681709.31117.gz
WINNT 5.2 tracemonkey debug test mochitest-other on 2010/12/06 14:51:40

s: win32-slave19
PROCESS-CRASH | Main app process exited normally | application crashed (minidump found)
Thread 0 (crashed)
PROCESS-CRASH | Main app process exited normally | application crashed (minidump found)
Thread 0 (crashed)
TEST-UNEXPECTED-FAIL | chrome://mochitests/content/browser/browser/base/content/test/browser_overflowScroll.js | Test timed out
TEST-UNEXPECTED-FAIL | chrome://mochitests/content/browser/browser/components/privatebrowsing/test/browser/browser_privatebrowsing_windowtitle.js | Test timed out
TEST-UNEXPECTED-FAIL | chrome://mochitests/content/browser/browser/components/privatebrowsing/test/browser/browser_privatebrowsing_windowtitle.js | Private browsing should be terminated after finishing the test
TEST-UNEXPECTED-FAIL | chrome://mochitests/content/browser/browser/components/privatebrowsing/test/browser/browser_privatebrowsing_windowtitle.js | Found a tab after previous test timed out: about:privatebrowsing
TEST-UNEXPECTED-FAIL | chrome://mochitests/content/browser/browser/components/privatebrowsing/test/browser/browser_privatebrowsing_windowtitle.js | Found a browser window after previous test timed out
TEST-UNEXPECTED-FAIL | chrome://mochitests/content/browser/browser/components/sessionstore/test/browser/browser_354894.js | Test timed out
TEST-UNEXPECTED-FAIL | chrome://mochitests/content/browser/browser/components/sessionstore/test/browser/browser_354894.js | Found a browser window after previous test timed out
TEST-UNEXPECTED-FAIL | chrome://mochitests/content/browser/browser/components/sessionstore/test/browser/browser_354894.js | Found a browser window after previous test timed out
TEST-UNEXPECTED-FAIL | chrome://mochitests/content/browser/browser/components/sessionstore/test/browser/browser_394759.js | Only one browser window should be open initially - Got 0, expected 1
TEST-UNEXPECTED-FAIL | chrome://mochitests/content/browser/browser/components/sessionstore/test/browser/browser_394759.js | number of browser windows after test_basic - Got 0, expected 1
TEST-UNEXPECTED-FAIL | chrome://mochitests/content/browser/browser/components/sessionstore/test/browser/browser_394759.js | number of browser windows after test_behavior - Got 0, expected 1
TEST-UNEXPECTED-FAIL | chrome://mochitests/content/browser/browser/components/sessionstore/test/browser/browser_394759.js | 1 tab was removed - Got 2, expected 1
TEST-UNEXPECTED-FAIL | chrome://mochitests/content/browser/browser/components/sessionstore/test/browser/browser_394759.js | The correct tab was remembered - Got 0, expected 1
TEST-UNEXPECTED-FAIL | chrome://mochitests/content/browser/browser/components/sessionstore/test/browser/browser_394759.js | The window title was correctly updated - Got Problem loading page, expected 1291678560383
TEST-UNEXPECTED-FAIL | chrome://mochitests/content/browser/browser/components/sessionstore/test/browser/browser_394759.js | 2 tabs were removed - Got 2, expected 3
TEST-UNEXPECTED-FAIL | chrome://mochitests/content/browser/browser/components/sessionstore/test/browser/browser_394759.js | The correct tabs were remembered - Got 0, expected 3
TEST-UNEXPECTED-FAIL | chrome://mochitests/content/browser/browser/components/sessionstore/test/browser/browser_394759.js | Selected tab has changed - Got 1, expected 3
TEST-UNEXPECTED-FAIL | chrome://mochitests/content/browser/browser/components/sessionstore/test/browser/browser_394759.js | The window title was correctly updated - Got Problem loading page, expected 1291678560383
TEST-UNEXPECTED-FAIL | chrome://mochitests/content/browser/browser/components/sessionstore/test/browser/browser_394759.js | The correct number of tabs were removed, and the correct ones - Got 0, expected 1
TEST-UNEXPECTED-FAIL | chrome://mochitests/content/browser/browser/components/sessionstore/test/browser/browser_394759.js | Found an unexpected browser window at the end of test run
TEST-UNEXPECTED-FAIL | chrome://mochitests/content/browser/browser/components/sessionstore/test/browser/browser_394759.js | Found an unexpected browser window at the end of test run
TEST-UNEXPECTED-FAIL | chrome://mochitests/content/browser/browser/components/sessionstore/test/browser/browser_394759_privatebrowsing.js | Only one browser window should be open initially - Got 0, expected 1
TEST-UNEXPECTED-FAIL | chrome://mochitests/content/browser/browser/components/sessionstore/test/browser/browser_394759_privatebrowsing.js | Correctly set window count - Got 3, expected 0
TEST-UNEXPECTED-FAIL | chrome://mochitests/content/browser/browser/components/sessionstore/test/browser/browser_394759_privatebrowsing.js | The closed window was added to the list - Got 1, expected 4
TEST-UNEXPECTED-FAIL | chrome://mochitests/content/browser/browser/components/sessionstore/test/browser/browser_394759_privatebrowsing.js | Recently Closed Windows are removed when entering Private Browsing - Got 1, expected 0
TEST-UNEXPECTED-FAIL | chrome://mochitests/content/browser/browser/components/sessionstore/test/browser/browser_394759_privatebrowsing.js | Recently Closed Windows data is cleared when entering Private Browsing - Got [{"tabs":[{"entries":[{"url":"about:config","ID":602,"owner_b64":"SmIS26zLEdO3ZQBgsLbOywAAAAAAAAAAwAAAAAAAAEY=","docIdentifier":696,"scroll":"0,0","formdata":{"#textbox":""}}],"index":1,"hidden":false,"attributes":{}},{"entries":[{"url":"about:blank","ID":603,"docIdentifier":697,"scroll":"0,0"}],"index":1,"hidden":false,"attributes":{}}],"selected":1,"_closedTabs":[],"extData":{"bug 394759 Non-PB":"uniq1291678565148"},"width":994,"height":986,"screenX":4,"screenY":4,"sizemode":"normal","title":"about:config"}], expected []
TEST-UNEXPECTED-FAIL | chrome://mochitests/content/browser/browser/components/sessionstore/test/browser/browser_394759_privatebrowsing.js | The closed window was added to the list - Got 2, expected 4
TEST-UNEXPECTED-FAIL | chrome://mochitests/content/browser/browser/components/sessionstore/test/browser/browser_394759_privatebrowsing.js | The correct number of recently closed windows were restored when exiting PB mode - Got 2, expected 4
TEST-UNEXPECTED-FAIL | chrome://mochitests/content/browser/browser/components/sessionstore/test/browser/browser_394759_privatebrowsing.js | The data associated with the recently closed window was restored when exiting PB mode
TEST-UNEXPECTED-FAIL | chrome://mochitests/content/browser/browser/components/sessionstore/test/browser/browser_394759_privatebrowsing.js | Found an unexpected browser window at the end of test run
TEST-UNEXPECTED-FAIL | chrome://mochitests/content/browser/browser/components/sessionstore/test/browser/browser_423132.js | Only one browser window should be open initially - Got 0, expected 1
TEST-UNEXPECTED-FAIL | chrome://mochitests/content/browser/browser/components/sessionstore/test/browser/browser_423132.js | Only one browser window should be open eventually - Got 0, expected 1
TEST-UNEXPECTED-FAIL | chrome://mochitests/content/browser/browser/components/sessionstore/test/browser/browser_448741.js | data contains our value?
TEST-UNEXPECTED-FAIL | chrome://mochitests/content/browser/browser/components/sessionstore/test/browser/browser_448741.js | found and removed the specific tab value
TEST-UNEXPECTED-FAIL | chrome://mochitests/content/browser/browser/components/sessionstore/test/browser/browser_448741.js | ready to check the cleaned state?
TEST-UNEXPECTED-FAIL | chrome://mochitests/content/browser/browser/components/sessionstore/test/browser/browser_461634.js | Only one browser window should be open initially - Got 0, expected 1
TEST-UNEXPECTED-FAIL | chrome://mochitests/content/browser/browser/components/sessionstore/test/browser/browser_461634.js | Only one browser window should be open eventually - Got 0, expected 1
TEST-UNEXPECTED-FAIL | chrome://mochitests/content/browser/browser/components/sessionstore/test/browser/browser_464199.js | Only one browser window should be open initially - Got 0, expected 1
TEST-UNEXPECTED-FAIL | chrome://mochitests/content/browser/browser/components/sessionstore/test/browser/browser_464199.js | The correct amout of tabs was removed - Got 11, expected 5
TEST-UNEXPECTED-FAIL | chrome://mochitests/content/browser/browser/components/sessionstore/test/browser/browser_464199.js | All tabs to be forgotten were indeed removed - Got 6, expected 0
TEST-UNEXPECTED-FAIL | chrome://mochitests/content/browser/browser/components/sessionstore/test/browser/browser_464199.js | Only one browser window should be open eventually - Got 0, expected 1
TEST-UNEXPECTED-FAIL | chrome://mochitests/content/browser/browser/components/sessionstore/test/browser/browser_465223.js | Only one browser window should be open initially - Got 0, expected 1
TEST-UNEXPECTED-FAIL | chrome://mochitests/content/browser/browser/components/sessionstore/test/browser/browser_465223.js | Only one browser window should be open eventually - Got 0, expected 1
TEST-UNEXPECTED-FAIL | chrome://mochitests/content/browser/browser/components/sessionstore/test/browser/browser_477657.js | Only one browser window should be open initially - Got 0, expected 1
TEST-UNEXPECTED-FAIL | chrome://mochitests/content/browser/browser/components/sessionstore/test/browser/browser_477657.js | Only one browser window should be open eventually - Got 0, expected 1
TEST-UNEXPECTED-FAIL | chrome://mochitests/content/browser/browser/components/sessionstore/test/browser/browser_480148.js | Only one browser window should be open initially - Got 0, expected 1
TEST-UNEXPECTED-FAIL | chrome://mochitests/content/browser/browser/components/sessionstore/test/browser/browser_480148.js | Only one browser window should be open eventually - Got 0, expected 1
TEST-UNEXPECTED-FAIL | chrome://mochitests/content/browser/browser/components/sessionstore/test/browser/browser_490040.js | Only one browser window should be open initially - Got 0, expected 1
TEST-UNEXPECTED-FAIL | chrome://mochitests/content/browser/browser/components/sessionstore/test/browser/browser_490040.js | Only one browser window should be open eventually - Got 0, expected 1
TEST-UNEXPECTED-FAIL | chrome://mochitests/content/browser/browser/components/sessionstore/test/browser/browser_491168.js | Only one browser window should be open initially - Got 0, expected 1
TEST-UNEXPECTED-FAIL | chrome://mochitests/content/browser/browser/components/sessionstore/test/browser/browser_491168.js | Only one browser window should be open eventually - Got 0, expected 1
TEST-UNEXPECTED-FAIL | chrome://mochitests/content/browser/browser/components/sessionstore/test/browser/browser_491577.js | Only one browser window should be open initially - Got 0, expected 1
TEST-UNEXPECTED-FAIL | chrome://mochitests/content/browser/browser/components/sessionstore/test/browser/browser_491577.js | Only one browser window should be open eventually - Got 0, expected 1
TEST-UNEXPECTED-FAIL | chrome://mochitests/content/browser/browser/components/sessionstore/test/browser/browser_493467.js | Only one browser window should be open initially - Got 0, expected 1
TEST-UNEXPECTED-FAIL | chrome://mochitests/content/browser/browser/components/sessionstore/test/browser/browser_493467.js | Only one browser window should be open eventually - Got 0, expected 1
TEST-UNEXPECTED-FAIL | chrome://mochitests/content/browser/browser/components/sessionstore/test/browser/browser_495495.js | Only one browser window should be open initially - Got 0, expected 1
TEST-UNEXPECTED-FAIL | chrome://mochitests/content/browser/browser/components/sessionstore/test/browser/browser_495495.js | Only one browser window should be open eventually - Got 0, expected 1
TEST-UNEXPECTED-FAIL | chrome://mochitests/content/browser/browser/components/sessionstore/test/browser/browser_514751.js | Only one browser window should be open initially - Got 0, expected 1
TEST-UNEXPECTED-FAIL | chrome://mochitests/content/browser/browser/components/sessionstore/test/browser/browser_514751.js | Only one browser window should be open eventually - Got 0, expected 1
TEST-UNEXPECTED-FAIL | chrome://mochitests/content/browser/browser/components/sessionstore/test/browser/browser_522545.js | Only one browser window should be open initially - Got 0, expected 1
TEST-UNEXPECTED-FAIL | chrome://mochitests/content/browser/browser/components/sessionstore/test/browser/browser_522545.js | Test timed out
TEST-UNEXPECTED-FAIL | chrome://mochitests/content/browser/browser/components/sessionstore/test/browser/browser_522545.js | Found a browser window after previous test timed out
TEST-UNEXPECTED-FAIL | chrome://mochitests/content/browser/browser/components/sessionstore/test/browser/browser_524745.js | Only one browser window should be open initially - Got 0, expected 1
TEST-UNEXPECTED-FAIL | chrome://mochitests/content/browser/browser/components/sessionstore/test/browser/browser_524745.js | Test timed out
TEST-UNEXPECTED-FAIL | chrome://mochitests/content/browser/browser/components/sessionstore/test/browser/browser_524745.js | Found a browser window after previous test timed out
TEST-UNEXPECTED-FAIL | chrome://mochitests/content/browser/browser/components/sessionstore/test/browser/browser_528776.js | number of open browser windows according to nsIWindowMediator - Got 0, expected 1
TEST-UNEXPECTED-FAIL | chrome://mochitests/content/browser/browser/components/sessionstore/test/browser/browser_528776.js | number of open browser windows according to getBrowserState - Got 2, expected 1
TEST-UNEXPECTED-FAIL | chrome://mochitests/content/browser/browser/components/sessionstore/test/browser/browser_528776.js | number of open browser windows according to nsIWindowMediator - Got 1, expected 2
TEST-UNEXPECTED-FAIL | chrome://mochitests/content/browser/browser/components/sessionstore/test/browser/browser_528776.js | number of open browser windows according to getBrowserState - Got 3, expected 2
TEST-UNEXPECTED-FAIL | chrome://mochitests/content/browser/browser/components/sessionstore/test/browser/browser_528776.js | number of open browser windows according to nsIWindowMediator - Got 0, expected 1
TEST-UNEXPECTED-FAIL | chrome://mochitests/content/browser/browser/components/sessionstore/test/browser/browser_528776.js | number of open browser windows according to getBrowserState - Got 2, expected 1
TEST-UNEXPECTED-FAIL | chrome://mochitests/content/browser/browser/components/sessionstore/test/browser/browser_522545.js | userTypedValue was correctly restored - Got about:blank, expected example.com
TEST-UNEXPECTED-FAIL | chrome://mochitests/content/browser/browser/components/sessionstore/test/browser/browser_522545.js | Address bar's value correctly restored - Got about:blank, expected example.com
TEST-UNEXPECTED-FAIL | chrome://mochitests/content/browser/browser/components/sessionstore/test/browser/browser_522545.js | Address bar's value correctly updated - Got about:blank, expected about:mozilla
TEST-UNEXPECTED-FAIL | chrome://mochitests/content/browser/browser/components/sessionstore/test/browser/browser_522545.js | userTypedValue was correctly restored - Got http://example.com, expected example.org
TEST-UNEXPECTED-FAIL | chrome://mochitests/content/browser/browser/components/sessionstore/test/browser/browser_522545.js | userTypeClear restored as expected - Got 2, expected 0
TEST-UNEXPECTED-FAIL | chrome://mochitests/content/browser/browser/components/sessionstore/test/browser/browser_522545.js | Address bar's value correctly restored - Got http://example.com/, expected about:mozilla
TEST-UNEXPECTED-FAIL | chrome://mochitests/content/browser/browser/components/sessionstore/test/browser/browser_522545.js | Address bar's value correctly updated - Got http://example.com, expected example.org
TEST-UNEXPECTED-FAIL | chrome://mochitests/content/browser/browser/components/sessionstore/test/browser/browser_586068-cascaded_restore.js | test_cascade: load 2 - # tabs that need to be restored - Got 0, expected 4
TEST-UNEXPECTED-FAIL | chrome://mochitests/content/browser/browser/components/sessionstore/test/browser/browser_586068-cascaded_restore.js | test_cascade: load 2 - # tabs that has been restored - Got 0, expected 1
TEST-UNEXPECTED-FAIL | chrome://mochitests/content/browser/browser/components/sessionstore/test/browser/browser_586068-cascaded_restore.js | test_cascade: load 3 - # tabs that need to be restored - Got 0, expected 3
TEST-UNEXPECTED-FAIL | chrome://mochitests/content/browser/browser/components/sessionstore/test/browser/browser_586068-cascaded_restore.js | test_cascade: load 3 - # tabs that has been restored - Got 0, expected 2
TEST-UNEXPECTED-FAIL | chrome://mochitests/content/browser/browser/components/sessionstore/test/browser/browser_586068-cascaded_restore.js | test_cascade: load 4 - # tabs that need to be restored - Got 0, expected 2
TEST-UNEXPECTED-FAIL | chrome://mochitests/content/browser/browser/components/sessionstore/test/browser/browser_586068-cascaded_restore.js | test_cascade: load 4 - # tabs that has been restored - Got 0, expected 3
TEST-UNEXPECTED-FAIL | chrome://mochitests/content/browser/browser/components/sessionstore/test/browser/browser_586068-cascaded_restore.js | test_cascade: load 5 - # tabs that need to be restored - Got 0, expected 1
TEST-UNEXPECTED-FAIL | chrome://mochitests/content/browser/browser/components/sessionstore/test/browser/browser_586068-cascaded_restore.js | test_cascade: load 5 - # tabs that has been restored - Got 0, expected 4
TEST-UNEXPECTED-FAIL | chrome://mochitests/content/browser/browser/components/sessionstore/test/browser/browser_586068-cascaded_restore.js | Test timed out
TEST-UNEXPECTED-FAIL | chrome://mochitests/content/browser/browser/components/sessionstore/test/browser/browser_586068-cascaded_restore.js | test_cascade: load 6 - # tabs that need to be restored - Got 2, expected 0
TEST-UNEXPECTED-FAIL | chrome://mochitests/content/browser/browser/components/sessionstore/test/browser/browser_586068-cascaded_restore.js | test_cascade: load 6 - # tabs that has been restored - Got 0, expected 5
TEST-UNEXPECTED-FAIL | chrome://mochitests/content/browser/browser/components/sessionstore/test/browser/browser_586147.js | Test timed out
TEST-UNEXPECTED-FAIL | chrome://mochitests/content/browser/browser/components/sessionstore/test/browser/browser_586147.js | Found a tab after previous test timed out: about:blank
TEST-UNEXPECTED-FAIL | chrome://mochitests/content/browser/browser/components/sessionstore/test/browser/browser_586147.js | Found a tab after previous test timed out: about:blank
TEST-UNEXPECTED-FAIL | chrome://mochitests/content/browser/browser/components/sessionstore/test/browser/browser_586147.js | Found a tab after previous test timed out: about:blank
TEST-UNEXPECTED-FAIL | chrome://mochitests/content/browser/browser/components/sessionstore/test/browser/browser_586147.js | Found a tab after previous test timed out: about:blank
TEST-UNEXPECTED-FAIL | chrome://mochitests/content/browser/browser/components/sessionstore/test/browser/browser_589246.js | Test timed out
TEST-UNEXPECTED-FAIL | chrome://mochitests/content/browser/browser/components/sessionstore/test/browser/browser_589246.js | Found a browser window after previous test timed out
TEST-UNEXPECTED-FAIL | chrome://mochitests/content/browser/browser/components/sessionstore/test/browser/browser_586068-cascaded_restore.js | test_setBrowserStateInterrupted: there are no tabs left needing restore - Got 4, expected 0
TEST-UNEXPECTED-FAIL | chrome://mochitests/content/browser/browser/components/sessionstore/test/browser/browser_590268.js | Test timed out
TEST-UNEXPECTED-FAIL | chrome://mochitests/content/browser/browser/components/sessionstore/test/browser/browser_590268.js | Found a browser window after previous test timed out
TEST-UNEXPECTED-FAIL | chrome://mochitests/content/browser/browser/components/sessionstore/test/browser/browser_597071.js | there should be 2 windows open currently - Got 1, expected 2
TEST-UNEXPECTED-FAIL | chrome://mochitests/content/browser/browser/components/sessionstore/test/browser/browser_597071.js | sessionstore knows about this window - Got 3, expected 2
TEST-UNEXPECTED-FAIL | chrome://mochitests/content/browser/browser/components/sessionstore/test/browser/browser_597071.js | there should be 1 window open currently - Got 0, expected 1
TEST-UNEXPECTED-FAIL | chrome://mochitests/content/browser/browser/components/sessionstore/test/browser/browser_597071.js | Found an unexpected browser window at the end of test run
TEST-UNEXPECTED-FAIL | chrome://mochitests/content/browser/browser/components/sessionstore/test/browser/browser_600545.js | Test timed out
TEST-UNEXPECTED-FAIL | chrome://mochitests/content/browser/browser/components/sessionstore/test/browser/browser_600545.js | Found a browser window after previous test timed out
TEST-UNEXPECTED-FAIL | chrome://mochitests/content/browser/browser/components/sessionstore/test/browser/browser_600545.js | Found a browser window after previous test timed out
TEST-UNEXPECTED-FAIL | chrome://mochitests/content/browser/browser/components/test/browser/browser_bug538331.js | Exception thrown - [Exception... "'[JavaScript Error: "win is null" {file: "jar:file:///e:/builds/moz2_slave/tracemonkey-win32-debug-unittest-mochitest-other/build/firefox/omni.jar!/components/nsBrowserGlue.js" line: 605}]' when calling method: [nsIObserver::observe]"  nsresult: "0x80570021 (NS_ERROR_XPC_JAVASCRIPT_ERROR_WITH_DETAILS)"  location: "JS frame :: chrome://mochitests/content/browser/browser/components/test/browser/browser_bug538331.js :: testShowNotification :: line 332"  data: yes]
TEST-UNEXPECTED-FAIL | chrome://mochitests/content/browser/browser/fuel/test/browser_Browser.js | There should be one browser window open - Got 0, expected 1
TEST-UNEXPECTED-FAIL | chrome://mochitests/content/browser/browser/fuel/test/browser_Browser.js | Exception thrown - [Exception... "'[JavaScript Error: "aWindow is null" {file: "jar:file:///e:/builds/moz2_slave/tracemonkey-win32-debug-unittest-mochitest-other/build/firefox/omni.jar!/components/fuelApplication.js" line: 102}]' when calling method: [fuelIApplication::activeWindow]"  nsresult: "0x80570021 (NS_ERROR_XPC_JAVASCRIPT_ERROR_WITH_DETAILS)"  location: "JS frame :: chrome://mochitests/content/browser/browser/fuel/test/browser_Browser.js :: test :: line 22"  data: yes]
TEST-UNEXPECTED-FAIL | chrome://mochitests/content/browser/content/base/test/browser_bug593387.js | Test timed out
TEST-UNEXPECTED-FAIL | chrome://mochitests/content/browser/content/html/document/test/browser_bug592641.js | Test timed out
TEST-UNEXPECTED-FAIL | chrome://mochitests/content/browser/content/html/document/test/browser_bug592641.js | Found a tab after previous test timed out: http://mochi.test:8888/browser/content/html/document/test/bug592641_img.jpg
TEST-UNEXPECTED-FAIL | chrome://mochitests/content/browser/content/html/document/test/browser_bug592641.js | application timed out after 330 seconds with no output
buildbot.slave.commands.TimeoutError: command timed out: 1200 seconds without output
philringnalda%gmail.com
http://tinderbox.mozilla.org/showlog.cgi?log=Firefox/1291688787.1291694727.23502.gz
WINNT 5.2 mozilla-central debug test mochitest-other on 2010/12/06 18:26:27

s: win32-slave11
PROCESS-CRASH | Main app process exited normally | application crashed (minidump found)
Thread 0 (crashed)
PROCESS-CRASH | Main app process exited normally | application crashed (minidump found)
Thread 0 (crashed)
TEST-UNEXPECTED-FAIL | chrome://mochitests/content/browser/browser/base/content/test/browser_overflowScroll.js | Test timed out
TEST-UNEXPECTED-FAIL | chrome://mochitests/content/browser/browser/components/privatebrowsing/test/browser/browser_privatebrowsing_windowtitle.js | Test timed out
TEST-UNEXPECTED-FAIL | chrome://mochitests/content/browser/browser/components/privatebrowsing/test/browser/browser_privatebrowsing_windowtitle.js | Private browsing should be terminated after finishing the test
TEST-UNEXPECTED-FAIL | chrome://mochitests/content/browser/browser/components/privatebrowsing/test/browser/browser_privatebrowsing_windowtitle.js | Found a browser window after previous test timed out
TEST-UNEXPECTED-FAIL | chrome://mochitests/content/browser/browser/components/sessionstore/test/browser/browser_354894.js | Test timed out
TEST-UNEXPECTED-FAIL | chrome://mochitests/content/browser/browser/components/sessionstore/test/browser/browser_354894.js | Found a browser window after previous test timed out
TEST-UNEXPECTED-FAIL | chrome://mochitests/content/browser/browser/components/sessionstore/test/browser/browser_367052.js | Found an unexpected browser window at the end of test run
TEST-UNEXPECTED-FAIL | chrome://mochitests/content/browser/browser/components/sessionstore/test/browser/browser_394759.js | Only one browser window should be open initially - Got 0, expected 1
TEST-UNEXPECTED-FAIL | chrome://mochitests/content/browser/browser/components/sessionstore/test/browser/browser_394759.js | number of browser windows after test_basic - Got 0, expected 1
TEST-UNEXPECTED-FAIL | chrome://mochitests/content/browser/browser/components/sessionstore/test/browser/browser_394759.js | number of browser windows after test_behavior - Got 0, expected 1
TEST-UNEXPECTED-FAIL | chrome://mochitests/content/browser/browser/components/sessionstore/test/browser/browser_394759.js | 1 tab was removed - Got 2, expected 1
TEST-UNEXPECTED-FAIL | chrome://mochitests/content/browser/browser/components/sessionstore/test/browser/browser_394759.js | The correct tab was remembered - Got 0, expected 1
TEST-UNEXPECTED-FAIL | chrome://mochitests/content/browser/browser/components/sessionstore/test/browser/browser_394759.js | The window title was correctly updated - Got Problem loading page, expected 1291691480858
TEST-UNEXPECTED-FAIL | chrome://mochitests/content/browser/browser/components/sessionstore/test/browser/browser_394759.js | 2 tabs were removed - Got 2, expected 3
TEST-UNEXPECTED-FAIL | chrome://mochitests/content/browser/browser/components/sessionstore/test/browser/browser_394759.js | The correct tabs were remembered - Got 0, expected 3
TEST-UNEXPECTED-FAIL | chrome://mochitests/content/browser/browser/components/sessionstore/test/browser/browser_394759.js | Selected tab has changed - Got 1, expected 3
TEST-UNEXPECTED-FAIL | chrome://mochitests/content/browser/browser/components/sessionstore/test/browser/browser_394759.js | The window title was correctly updated - Got Problem loading page, expected 1291691480858
TEST-UNEXPECTED-FAIL | chrome://mochitests/content/browser/browser/components/sessionstore/test/browser/browser_394759.js | The correct number of tabs were removed, and the correct ones - Got 0, expected 1
TEST-UNEXPECTED-FAIL | chrome://mochitests/content/browser/browser/components/sessionstore/test/browser/browser_394759.js | Found an unexpected browser window at the end of test run
TEST-UNEXPECTED-FAIL | chrome://mochitests/content/browser/browser/components/sessionstore/test/browser/browser_394759.js | Found an unexpected browser window at the end of test run
TEST-UNEXPECTED-FAIL | chrome://mochitests/content/browser/browser/components/sessionstore/test/browser/browser_394759_privatebrowsing.js | Only one browser window should be open initially - Got 0, expected 1
TEST-UNEXPECTED-FAIL | chrome://mochitests/content/browser/browser/components/sessionstore/test/browser/browser_394759_privatebrowsing.js | Correctly set window count - Got 3, expected 0
TEST-UNEXPECTED-FAIL | chrome://mochitests/content/browser/browser/components/sessionstore/test/browser/browser_394759_privatebrowsing.js | The closed window was added to the list - Got 1, expected 4
TEST-UNEXPECTED-FAIL | chrome://mochitests/content/browser/browser/components/sessionstore/test/browser/browser_394759_privatebrowsing.js | Recently Closed Windows are removed when entering Private Browsing - Got 1, expected 0
TEST-UNEXPECTED-FAIL | chrome://mochitests/content/browser/browser/components/sessionstore/test/browser/browser_394759_privatebrowsing.js | Recently Closed Windows data is cleared when entering Private Browsing - Got [{"tabs":[{"entries":[{"url":"about:config","ID":621,"owner_b64":"SmIS26zLEdO3ZQBgsLbOywAAAAAAAAAAwAAAAAAAAEY=","docIdentifier":715,"scroll":"0,0","formdata":{"#textbox":""}}],"index":1,"hidden":false,"attributes":{}},{"entries":[{"url":"about:blank","ID":622,"docIdentifier":716,"scroll":"0,0"}],"index":1,"hidden":false,"attributes":{}}],"selected":1,"_closedTabs":[],"extData":{"bug 394759 Non-PB":"uniq1291691485578"},"width":994,"height":986,"screenX":4,"screenY":4,"sizemode":"normal","title":"about:config"}], expected []
TEST-UNEXPECTED-FAIL | chrome://mochitests/content/browser/browser/components/sessionstore/test/browser/browser_394759_privatebrowsing.js | The closed window was added to the list - Got 2, expected 4
TEST-UNEXPECTED-FAIL | chrome://mochitests/content/browser/browser/components/sessionstore/test/browser/browser_394759_privatebrowsing.js | The correct number of recently closed windows were restored when exiting PB mode - Got 2, expected 4
TEST-UNEXPECTED-FAIL | chrome://mochitests/content/browser/browser/components/sessionstore/test/browser/browser_394759_privatebrowsing.js | The data associated with the recently closed window was restored when exiting PB mode
TEST-UNEXPECTED-FAIL | chrome://mochitests/content/browser/browser/components/sessionstore/test/browser/browser_394759_privatebrowsing.js | Found an unexpected browser window at the end of test run
TEST-UNEXPECTED-FAIL | chrome://mochitests/content/browser/browser/components/sessionstore/test/browser/browser_423132.js | Only one browser window should be open initially - Got 0, expected 1
TEST-UNEXPECTED-FAIL | chrome://mochitests/content/browser/browser/components/sessionstore/test/browser/browser_423132.js | Only one browser window should be open eventually - Got 0, expected 1
TEST-UNEXPECTED-FAIL | chrome://mochitests/content/browser/browser/components/sessionstore/test/browser/browser_448741.js | data contains our value?
TEST-UNEXPECTED-FAIL | chrome://mochitests/content/browser/browser/components/sessionstore/test/browser/browser_448741.js | found and removed the specific tab value
TEST-UNEXPECTED-FAIL | chrome://mochitests/content/browser/browser/components/sessionstore/test/browser/browser_448741.js | ready to check the cleaned state?
TEST-UNEXPECTED-FAIL | chrome://mochitests/content/browser/browser/components/sessionstore/test/browser/browser_461634.js | Only one browser window should be open initially - Got 0, expected 1
TEST-UNEXPECTED-FAIL | chrome://mochitests/content/browser/browser/components/sessionstore/test/browser/browser_461634.js | Only one browser window should be open eventually - Got 0, expected 1
TEST-UNEXPECTED-FAIL | chrome://mochitests/content/browser/browser/components/sessionstore/test/browser/browser_464199.js | Only one browser window should be open initially - Got 0, expected 1
TEST-UNEXPECTED-FAIL | chrome://mochitests/content/browser/browser/components/sessionstore/test/browser/browser_464199.js | The correct amout of tabs was removed - Got 11, expected 5
TEST-UNEXPECTED-FAIL | chrome://mochitests/content/browser/browser/components/sessionstore/test/browser/browser_464199.js | All tabs to be forgotten were indeed removed - Got 6, expected 0
TEST-UNEXPECTED-FAIL | chrome://mochitests/content/browser/browser/components/sessionstore/test/browser/browser_464199.js | Only one browser window should be open eventually - Got 0, expected 1
TEST-UNEXPECTED-FAIL | chrome://mochitests/content/browser/browser/components/sessionstore/test/browser/browser_465223.js | Only one browser window should be open initially - Got 0, expected 1
TEST-UNEXPECTED-FAIL | chrome://mochitests/content/browser/browser/components/sessionstore/test/browser/browser_465223.js | Only one browser window should be open eventually - Got 0, expected 1
TEST-UNEXPECTED-FAIL | chrome://mochitests/content/browser/browser/components/sessionstore/test/browser/browser_477657.js | Only one browser window should be open initially - Got 0, expected 1
TEST-UNEXPECTED-FAIL | chrome://mochitests/content/browser/browser/components/sessionstore/test/browser/browser_477657.js | Only one browser window should be open eventually - Got 0, expected 1
TEST-UNEXPECTED-FAIL | chrome://mochitests/content/browser/browser/components/sessionstore/test/browser/browser_480148.js | Only one browser window should be open initially - Got 0, expected 1
TEST-UNEXPECTED-FAIL | chrome://mochitests/content/browser/browser/components/sessionstore/test/browser/browser_480148.js | Only one browser window should be open eventually - Got 0, expected 1
TEST-UNEXPECTED-FAIL | chrome://mochitests/content/browser/browser/components/sessionstore/test/browser/browser_490040.js | Only one browser window should be open initially - Got 0, expected 1
TEST-UNEXPECTED-FAIL | chrome://mochitests/content/browser/browser/components/sessionstore/test/browser/browser_490040.js | Only one browser window should be open eventually - Got 0, expected 1
TEST-UNEXPECTED-FAIL | chrome://mochitests/content/browser/browser/components/sessionstore/test/browser/browser_491168.js | Only one browser window should be open initially - Got 0, expected 1
TEST-UNEXPECTED-FAIL | chrome://mochitests/content/browser/browser/components/sessionstore/test/browser/browser_491168.js | Only one browser window should be open eventually - Got 0, expected 1
TEST-UNEXPECTED-FAIL | chrome://mochitests/content/browser/browser/components/sessionstore/test/browser/browser_491577.js | Only one browser window should be open initially - Got 0, expected 1
TEST-UNEXPECTED-FAIL | chrome://mochitests/content/browser/browser/components/sessionstore/test/browser/browser_491577.js | Only one browser window should be open eventually - Got 0, expected 1
TEST-UNEXPECTED-FAIL | chrome://mochitests/content/browser/browser/components/sessionstore/test/browser/browser_493467.js | Only one browser window should be open initially - Got 0, expected 1
TEST-UNEXPECTED-FAIL | chrome://mochitests/content/browser/browser/components/sessionstore/test/browser/browser_493467.js | Only one browser window should be open eventually - Got 0, expected 1
TEST-UNEXPECTED-FAIL | chrome://mochitests/content/browser/browser/components/sessionstore/test/browser/browser_495495.js | Only one browser window should be open initially - Got 0, expected 1
TEST-UNEXPECTED-FAIL | chrome://mochitests/content/browser/browser/components/sessionstore/test/browser/browser_495495.js | Only one browser window should be open eventually - Got 0, expected 1
TEST-UNEXPECTED-FAIL | chrome://mochitests/content/browser/browser/components/sessionstore/test/browser/browser_514751.js | Only one browser window should be open initially - Got 0, expected 1
TEST-UNEXPECTED-FAIL | chrome://mochitests/content/browser/browser/components/sessionstore/test/browser/browser_514751.js | Only one browser window should be open eventually - Got 0, expected 1
TEST-UNEXPECTED-FAIL | chrome://mochitests/content/browser/browser/components/sessionstore/test/browser/browser_522545.js | Only one browser window should be open initially - Got 0, expected 1
TEST-UNEXPECTED-FAIL | chrome://mochitests/content/browser/browser/components/sessionstore/test/browser/browser_522545.js | Test timed out
TEST-UNEXPECTED-FAIL | chrome://mochitests/content/browser/browser/components/sessionstore/test/browser/browser_522545.js | Found a browser window after previous test timed out
TEST-UNEXPECTED-FAIL | chrome://mochitests/content/browser/browser/components/sessionstore/test/browser/browser_524745.js | Only one browser window should be open initially - Got 0, expected 1
TEST-UNEXPECTED-FAIL | chrome://mochitests/content/browser/browser/components/sessionstore/test/browser/browser_524745.js | Test timed out
TEST-UNEXPECTED-FAIL | chrome://mochitests/content/browser/browser/components/sessionstore/test/browser/browser_524745.js | Found a browser window after previous test timed out
TEST-UNEXPECTED-FAIL | chrome://mochitests/content/browser/browser/components/sessionstore/test/browser/browser_528776.js | number of open browser windows according to nsIWindowMediator - Got 0, expected 1
TEST-UNEXPECTED-FAIL | chrome://mochitests/content/browser/browser/components/sessionstore/test/browser/browser_528776.js | number of open browser windows according to getBrowserState - Got 2, expected 1
TEST-UNEXPECTED-FAIL | chrome://mochitests/content/browser/browser/components/sessionstore/test/browser/browser_528776.js | number of open browser windows according to nsIWindowMediator - Got 1, expected 2
TEST-UNEXPECTED-FAIL | chrome://mochitests/content/browser/browser/components/sessionstore/test/browser/browser_528776.js | number of open browser windows according to getBrowserState - Got 3, expected 2
TEST-UNEXPECTED-FAIL | chrome://mochitests/content/browser/browser/components/sessionstore/test/browser/browser_528776.js | number of open browser windows according to nsIWindowMediator - Got 0, expected 1
TEST-UNEXPECTED-FAIL | chrome://mochitests/content/browser/browser/components/sessionstore/test/browser/browser_528776.js | number of open browser windows according to getBrowserState - Got 2, expected 1
TEST-UNEXPECTED-FAIL | chrome://mochitests/content/browser/browser/components/sessionstore/test/browser/browser_522545.js | userTypedValue was correctly restored - Got about:blank, expected example.com
TEST-UNEXPECTED-FAIL | chrome://mochitests/content/browser/browser/components/sessionstore/test/browser/browser_522545.js | Address bar's value correctly restored - Got about:blank, expected example.com
TEST-UNEXPECTED-FAIL | chrome://mochitests/content/browser/browser/components/sessionstore/test/browser/browser_522545.js | Address bar's value correctly updated - Got about:blank, expected about:mozilla
TEST-UNEXPECTED-FAIL | chrome://mochitests/content/browser/browser/components/sessionstore/test/browser/browser_522545.js | userTypedValue was correctly restored - Got http://example.com, expected example.org
TEST-UNEXPECTED-FAIL | chrome://mochitests/content/browser/browser/components/sessionstore/test/browser/browser_522545.js | userTypeClear restored as expected - Got 2, expected 0
TEST-UNEXPECTED-FAIL | chrome://mochitests/content/browser/browser/components/sessionstore/test/browser/browser_522545.js | Address bar's value correctly restored - Got http://example.com/, expected about:mozilla
TEST-UNEXPECTED-FAIL | chrome://mochitests/content/browser/browser/components/sessionstore/test/browser/browser_522545.js | Address bar's value correctly updated - Got http://example.com, expected example.org
TEST-UNEXPECTED-FAIL | chrome://mochitests/content/browser/browser/components/sessionstore/test/browser/browser_586068-cascaded_restore.js | test_cascade: load 2 - # tabs that need to be restored - Got 0, expected 4
TEST-UNEXPECTED-FAIL | chrome://mochitests/content/browser/browser/components/sessionstore/test/browser/browser_586068-cascaded_restore.js | test_cascade: load 2 - # tabs that has been restored - Got 0, expected 1
TEST-UNEXPECTED-FAIL | chrome://mochitests/content/browser/browser/components/sessionstore/test/browser/browser_586068-cascaded_restore.js | test_cascade: load 3 - # tabs that need to be restored - Got 0, expected 3
TEST-UNEXPECTED-FAIL | chrome://mochitests/content/browser/browser/components/sessionstore/test/browser/browser_586068-cascaded_restore.js | test_cascade: load 3 - # tabs that has been restored - Got 0, expected 2
TEST-UNEXPECTED-FAIL | chrome://mochitests/content/browser/browser/components/sessionstore/test/browser/browser_586068-cascaded_restore.js | test_cascade: load 4 - # tabs that need to be restored - Got 0, expected 2
TEST-UNEXPECTED-FAIL | chrome://mochitests/content/browser/browser/components/sessionstore/test/browser/browser_586068-cascaded_restore.js | test_cascade: load 4 - # tabs that has been restored - Got 0, expected 3
TEST-UNEXPECTED-FAIL | chrome://mochitests/content/browser/browser/components/sessionstore/test/browser/browser_586068-cascaded_restore.js | test_cascade: load 5 - # tabs that need to be restored - Got 0, expected 1
TEST-UNEXPECTED-FAIL | chrome://mochitests/content/browser/browser/components/sessionstore/test/browser/browser_586068-cascaded_restore.js | test_cascade: load 5 - # tabs that has been restored - Got 0, expected 4
TEST-UNEXPECTED-FAIL | chrome://mochitests/content/browser/browser/components/sessionstore/test/browser/browser_586068-cascaded_restore.js | Test timed out
TEST-UNEXPECTED-FAIL | chrome://mochitests/content/browser/browser/components/sessionstore/test/browser/browser_586068-cascaded_restore.js | test_cascade: load 6 - # tabs that need to be restored - Got 2, expected 0
TEST-UNEXPECTED-FAIL | chrome://mochitests/content/browser/browser/components/sessionstore/test/browser/browser_586068-cascaded_restore.js | test_cascade: load 6 - # tabs that has been restored - Got 0, expected 5
TEST-UNEXPECTED-FAIL | chrome://mochitests/content/browser/browser/components/sessionstore/test/browser/browser_586147.js | Test timed out
TEST-UNEXPECTED-FAIL | chrome://mochitests/content/browser/browser/components/sessionstore/test/browser/browser_586147.js | Found a tab after previous test timed out: about:blank
TEST-UNEXPECTED-FAIL | chrome://mochitests/content/browser/browser/components/sessionstore/test/browser/browser_586147.js | Found a tab after previous test timed out: about:blank
TEST-UNEXPECTED-FAIL | chrome://mochitests/content/browser/browser/components/sessionstore/test/browser/browser_586147.js | Found a tab after previous test timed out: about:blank
TEST-UNEXPECTED-FAIL | chrome://mochitests/content/browser/browser/components/sessionstore/test/browser/browser_586147.js | Found a tab after previous test timed out: http://example.org/#2
TEST-UNEXPECTED-FAIL | chrome://mochitests/content/browser/browser/components/sessionstore/test/browser/browser_589246.js | Test timed out
TEST-UNEXPECTED-FAIL | chrome://mochitests/content/browser/browser/components/sessionstore/test/browser/browser_589246.js | Found a browser window after previous test timed out
TEST-UNEXPECTED-FAIL | chrome://mochitests/content/browser/browser/components/sessionstore/test/browser/browser_586068-cascaded_restore.js | test_setBrowserStateInterrupted: there are no tabs left needing restore - Got 4, expected 0
TEST-UNEXPECTED-FAIL | chrome://mochitests/content/browser/browser/components/sessionstore/test/browser/browser_590268.js | Test timed out
TEST-UNEXPECTED-FAIL | chrome://mochitests/content/browser/browser/components/sessionstore/test/browser/browser_590268.js | Found a browser window after previous test timed out
TEST-UNEXPECTED-FAIL | chrome://mochitests/content/browser/browser/components/sessionstore/test/browser/browser_597071.js | there should be 2 windows open currently - Got 1, expected 2
TEST-UNEXPECTED-FAIL | chrome://mochitests/content/browser/browser/components/sessionstore/test/browser/browser_597071.js | sessionstore knows about this window - Got 3, expected 2
TEST-UNEXPECTED-FAIL | chrome://mochitests/content/browser/browser/components/sessionstore/test/browser/browser_597071.js | there should be 1 window open currently - Got 0, expected 1
TEST-UNEXPECTED-FAIL | chrome://mochitests/content/browser/browser/components/sessionstore/test/browser/browser_597071.js | Found an unexpected browser window at the end of test run
TEST-UNEXPECTED-FAIL | chrome://mochitests/content/browser/browser/components/sessionstore/test/browser/browser_600545.js | Test timed out
TEST-UNEXPECTED-FAIL | chrome://mochitests/content/browser/browser/components/sessionstore/test/browser/browser_600545.js | Found a browser window after previous test timed out
TEST-UNEXPECTED-FAIL | chrome://mochitests/content/browser/browser/components/sessionstore/test/browser/browser_600545.js | Found a browser window after previous test timed out
TEST-UNEXPECTED-FAIL | chrome://mochitests/content/browser/browser/components/sessionstore/test/browser/browser_607016.js | Test timed out
TEST-UNEXPECTED-FAIL | chrome://mochitests/content/browser/browser/components/sessionstore/test/browser/browser_607016.js | Found a browser window after previous test timed out
TEST-UNEXPECTED-FAIL | chrome://mochitests/content/browser/browser/components/test/browser/browser_bug538331.js | Exception thrown - [Exception... "'[JavaScript Error: "win is null" {file: "jar:file:///e:/builds/moz2_slave/mozilla-central-win32-debug-unittest-mochitest-other/build/firefox/omni.jar!/components/nsBrowserGlue.js" line: 605}]' when calling method: [nsIObserver::observe]"  nsresult: "0x80570021 (NS_ERROR_XPC_JAVASCRIPT_ERROR_WITH_DETAILS)"  location: "JS frame :: chrome://mochitests/content/browser/browser/components/test/browser/browser_bug538331.js :: testShowNotification :: line 332"  data: yes]
TEST-UNEXPECTED-FAIL | chrome://mochitests/content/browser/browser/fuel/test/browser_Browser.js | There should be one browser window open - Got 0, expected 1
TEST-UNEXPECTED-FAIL | chrome://mochitests/content/browser/browser/fuel/test/browser_Browser.js | Exception thrown - [Exception... "'[JavaScript Error: "aWindow is null" {file: "jar:file:///e:/builds/moz2_slave/mozilla-central-win32-debug-unittest-mochitest-other/build/firefox/omni.jar!/components/fuelApplication.js" line: 102}]' when calling method: [fuelIApplication::activeWindow]"  nsresult: "0x80570021 (NS_ERROR_XPC_JAVASCRIPT_ERROR_WITH_DETAILS)"  location: "JS frame :: chrome://mochitests/content/browser/browser/fuel/test/browser_Browser.js :: test :: line 22"  data: yes]
TEST-UNEXPECTED-FAIL | chrome://mochitests/content/browser/content/base/test/browser_bug593387.js | Test timed out
TEST-UNEXPECTED-FAIL | chrome://mochitests/content/browser/content/html/document/test/browser_bug592641.js | Test timed out
TEST-UNEXPECTED-FAIL | chrome://mochitests/content/browser/content/html/document/test/browser_bug592641.js | Found a tab after previous test timed out: http://mochi.test:8888/browser/content/html/document/test/bug592641_img.jpg
TEST-UNEXPECTED-FAIL | chrome://mochitests/content/browser/content/html/document/test/browser_bug592641.js | application timed out after 330 seconds with no output
buildbot.slave.commands.TimeoutError: command timed out: 1200 seconds without output
philringnalda%gmail.com
http://tinderbox.mozilla.org/showlog.cgi?log=TraceMonkey/1291687167.1291692933.15557.gz
WINNT 5.2 tracemonkey debug test mochitest-other on 2010/12/06 17:59:27

s: win32-slave08
PROCESS-CRASH | Main app process exited normally | application crashed (minidump found)
Thread 0 (crashed)
PROCESS-CRASH | Main app process exited normally | application crashed (minidump found)
T
nnethercote%mozilla.com
http://tinderbox.mozilla.org/showlog.cgi?log=MozillaTry/1291690369.1291695910.28567.gz
WINNT 5.2 tryserver debug test mochitest-other on 2010/12/06 18:52:49

s: win32-slave56
PROCESS-CRASH | Main app process exited normally | application crashed (minidump found)
Thread 0 (crashed)
PROCESS-CRASH | Main app process exited normally | application crashed (minidump found)
Thread 0 (crashed)
TEST-UNEXPECTED-FAIL | chrome://mochitests/content/browser/browser/base/content/test/browser_overflowScroll.js | Test timed out
TEST-UNEXPECTED-FAIL | chrome://mochitests/content/browser/browser/components/privatebrowsing/test/browser/browser_privatebrowsing_windowtitle.js | Test timed out
TEST-UNEXPECTED-FAIL | chrome://mochitests/content/browser/browser/components/privatebrowsing/test/browser/browser_privatebrowsing_windowtitle.js | Private browsing should be terminated after finishing the test
TEST-UNEXPECTED-FAIL | chrome://mochitests/content/browser/browser/components/privatebrowsing/test/browser/browser_privatebrowsing_windowtitle.js | Found a tab after previous test timed out: about:privatebrowsing
TEST-UNEXPECTED-FAIL | chrome://mochitests/content/browser/browser/components/privatebrowsing/test/browser/browser_privatebrowsing_windowtitle.js | Found a browser window after previous test timed out
TEST-UNEXPECTED-FAIL | chrome://mochitests/content/browser/browser/components/sessionstore/test/browser/browser_354894.js | Test timed out
http://hg.mozilla.org/mozilla-central/rev/a99f870ea8b7

Not that I think anyone contemplating reopening an [orange] bug will actually read a comment (I never do), but:

* if you have a Windows debug timeout that happened after all the actual tests were finished, please reopen

* if you have any other OS, or opt Windows, or the timeout happened somewhere other than after all the tests were done, please file a new bug
mitchell.field%live.com.au
http://tinderbox.mozilla.org/showlog.cgi?log=Build-System/1299062628.1299066112.18933.gz
Rev3 Fedora 12 build-system debug test mochitest-other on 2011/03/02 02:43:48

s: talos-r3-fed-044
PROCESS-CRASH | Main app process exited normally | application crashed (minidump found)
Thread 0 (crashed)
TEST-UNEXPECTED-FAIL | chrome://mochitests/content/browser/browser/base/content/test/browser_overflowScroll.js | Scrolled one tab to the left with a single click - Got 154, expected 54
mitchell.field%live.com.au
http://tinderbox.mozilla.org/showlog.cgi?log=Build-System/1299086883.1299090173.13969.gz
Rev3 MacOSX Leopard 10.5.8 build-system debug test mochitest-other on 2011/03/02 09:28:03

s: talos-r3-leopard-049
TEST-UNEXPECTED-FAIL | chrome://mochitests/content/browser/browser/base/content/test/browser_overflowScroll.js | Scrolled one tab to the left with a single click - Got 155, expected 55


Intermittent browser_overflowScroll.js | Test timed out

intermittent-failure

Bug 612484 - Double timeout to avoid Windows debug "browser_overflowScroll.js | Test timed out," r=dao, a=orange 