Steps to reproduce
- set a breakpoint onto a line
- now produce a syntax error on this line
- move mouse over error tick

observe: no hover

Steps to reproduce
- set a breakpoint onto a line
- now produce a syntax error on this line
- move mouse over error tick

observe: no hover
The messages of all markers at a given line are displayed now. Build I-20020212.


Error hover doesn't appear



Bug 365380: [rename] Renaming public class to name of compilation unit fatal error 

Fixed bug 365380: [rename] Renaming public class to name of compilation unit fatal error 

Bug 365380: [rename] Renaming public class to name of compilation unit fatal error 

Fixed bug 365380: [rename] Renaming public class to name of compilation unit fatal error 

153807: [JUnit] java.lang.Exception: Unexpected TestElement type for testId '66': null - nls 

153807: [JUnit] java.lang.Exception: Unexpected TestElement type for testId '66': null 

153807: [JUnit] java.lang.Exception: Unexpected TestElement type for testId '66': null 

[15380] 