When running Junit Test from Eclipse using the JUnit plugin I get an internal 
error as soon as the Tests run through without failures or errors. Processing 
of TestCases stops at that point. I have always used the latest stable build 
(currently 20020214) but always got the same error.


org.eclipse.swt.SWTException: Failed to execute runnable 
(java.lang.NullPointerException)
	at org.eclipse.swt.SWT.error(SWT.java:1887)
	at org.eclipse.swt.widgets.Synchronizer.runAsyncMessages
(Synchronizer.java:96)
	at org.eclipse.swt.widgets.Display.runAsyncMessages(Display.java:1390)
	at org.eclipse.swt.widgets.Display.readAndDispatch(Display.java:1208)
	at org.eclipse.ui.internal.Workbench.runEventLoop(Workbench.java:788)
	at org.eclipse.ui.internal.Workbench.run(Workbench.java:771)
	at 

org.eclipse.core.internal.boot.InternalBootLoader.run
(InternalBootLoader.java:777)
	at org.eclipse.core.boot.BootLoader.run(BootLoader.java:319)
	at sun.reflect.NativeMethodAccessorImpl.invoke0(Native Method)
	at sun.reflect.NativeMethodAccessorImpl.invoke
(NativeMethodAccessorImpl.java:39)
	at 

sun.reflect.DelegatingMethodAccessorImpl.invoke
(DelegatingMethodAccessorImpl.java:25)
	at java.lang.reflect.Method.invoke(Method.java:324)
	at org.eclipse.core.launcher.Main.basicRun(Main.java:151)
	at org.eclipse.core.launcher.Main.run(Main.java:502)
	at org.eclipse.core.launcher.Main.main(Main.java:362)
*** Stack trace of contained exception ***
java.lang.NullPointerException
	at org.eclipse.jdt.internal.junit.ui.FailureRunView.endTest
(FailureRunView.java:148)
	at 

org.eclipse.jdt.internal.junit.ui.TestRunnerViewPart$5.run
(TestRunnerViewPart.java:367)
	at org.eclipse.swt.widgets.RunnableLock.run(RunnableLock.java:29)
	at org.eclipse.swt.widgets.Synchronizer.runAsyncMessages
(Synchronizer.java:93)
	at org.eclipse.swt.widgets.Display.runAsyncMessages(Display.java:1390)
	at org.eclipse.swt.widgets.Display.readAndDispatch(Display.java:1208)
	at org.eclipse.ui.internal.Workbench.runEventLoop(Workbench.java:788)
	at org.eclipse.ui.internal.Workbench.run(Workbench.java:771)
	at 

org.eclipse.core.internal.boot.InternalBootLoader.run
(InternalBootLoader.java:777)
	at org.eclipse.core.boot.BootLoader.run(BootLoader.java:319)
	at sun.reflect.NativeMethodAccessorImpl.invoke0(Native Method)
	at sun.reflect.NativeMethodAccessorImpl.invoke
(NativeMethodAccessorImpl.java:39)
	at 

sun.reflect.DelegatingMethodAccessorImpl.invoke
(DelegatingMethodAccessorImpl.java:25)
	at java.lang.reflect.Method.invoke(Method.java:324)
	at org.eclipse.core.launcher.Main.basicRun(Main.java:151)
	at org.eclipse.core.launcher.Main.run(Main.java:502)
	at org.eclipse.core.launcher.Main.main(Main.java:362)

When running Junit Test from Eclipse using the JUnit plugin I get an internal 
error as soon as the Tests run through without failures or errors. Processing 
of TestCases stops at that point. I have always used the latest stable build 
(currently 20020214) but always got the same error.


org.eclipse.swt.SWTException: Failed to execute runnable 
(java.lang.NullPointerException)
	at org.eclipse.swt.SWT.error(SWT.java:1887)
	at org.eclipse.swt.widgets.Synchronizer.runAsyncMessages
(Synchronizer.java:96)
	at org.eclipse.swt.widgets.Display.runAsyncMessages(Display.java:1390)
	at org.eclipse.swt.widgets.Display.readAndDispatch(Display.java:1208)
	at org.eclipse.ui.internal.Workbench.runEventLoop(Workbench.java:788)
	at org.eclipse.ui.internal.Workbench.run(Workbench.java:771)
	at 

org.eclipse.core.internal.boot.InternalBootLoader.run
(InternalBootLoader.java:777)
	at org.eclipse.core.boot.BootLoader.run(BootLoader.java:319)
	at sun.reflect.NativeMethodAccessorImpl.invoke0(Native Method)
	at sun.reflect.NativeMethodAccessorImpl.invoke
(NativeMethodAccessorImpl.java:39)
	at 

sun.reflect.DelegatingMethodAccessorImpl.invoke
(DelegatingMethodAccessorImpl.java:25)
	at java.lang.reflect.Method.invoke(Method.java:324)
	at org.eclipse.core.launcher.Main.basicRun(Main.java:151)
	at org.eclipse.core.launcher.Main.run(Main.java:502)
	at org.eclipse.core.launcher.Main.main(Main.java:362)
*** Stack trace of contained exception ***
java.lang.NullPointerException
	at org.eclipse.jdt.internal.junit.ui.FailureRunView.endTest
(FailureRunView.java:148)
	at 

org.eclipse.jdt.internal.junit.ui.TestRunnerViewPart$5.run
(TestRunnerViewPart.java:367)
	at org.eclipse.swt.widgets.RunnableLock.run(RunnableLock.java:29)
	at org.eclipse.swt.widgets.Synchronizer.runAsyncMessages
(Synchronizer.java:93)
	at org.eclipse.swt.widgets.Display.runAsyncMessages(Display.java:1390)
	at org.eclipse.swt.widgets.Display.readAndDispatch(Display.java:1208)
	at org.eclipse.ui.internal.Workbench.runEventLoop(Workbench.java:788)
	at org.eclipse.ui.internal.Workbench.run(Workbench.java:771)
	at 

org.eclipse.core.internal.boot.InternalBootLoader.run
(InternalBootLoader.java:777)
	at org.eclipse.core.boot.BootLoader.run(BootLoader.java:319)
	at sun.reflect.NativeMethodAccessorImpl.invoke0(Native Method)
	at sun.reflect.NativeMethodAccessorImpl.invoke
(NativeMethodAccessorImpl.java:39)
	at 

sun.reflect.DelegatingMethodAccessorImpl.invoke
(DelegatingMethodAccessorImpl.java:25)
	at java.lang.reflect.Method.invoke(Method.java:324)
	at org.eclipse.core.launcher.Main.basicRun(Main.java:151)
	at org.eclipse.core.launcher.Main.run(Main.java:502)
	at org.eclipse.core.launcher.Main.main(Main.java:362)
protected code against the null pointer exception.

I wonder what is special about your test suite. Are you using
TestSetup, TestDecorators, a test that implements ITest directly?


closing the bug but please provide the information about your TestSuite 
structure


NullPointerException when running JUnit Tests from Eclipse.



fix 10832 