https://tbpl.mozilla.org/php/getParsedLog.php?id=23222242&tree=Mozilla-Inbound

WINNT 6.2 mozilla-inbound opt test mochitest-browser-chrome on 2013-05-21 12:12:49 PDT for push a25a93b276a5
slave: t-w864-ix-073

12:34:29     INFO -  TEST-START | chrome://mochitests/content/browser/browser/devtools/webconsole/test/browser_bug_871156_ctrlw_close_tab.js
12:34:30     INFO -  TEST-PASS | chrome://mochitests/content/browser/browser/devtools/webconsole/test/browser_bug_871156_ctrlw_close_tab.js | Web Console opened
12:34:30     INFO -  TEST-PASS | chrome://mochitests/content/browser/browser/devtools/webconsole/test/browser_bug_871156_ctrlw_close_tab.js | tab closed
12:34:30     INFO -  TEST-INFO | chrome://mochitests/content/browser/browser/devtools/webconsole/test/browser_bug_871156_ctrlw_close_tab.js | Console message: tabview assert: should already be linked
12:34:30     INFO -  TabItems_update@chrome://browser/content/tabview.js:5650
12:34:30     INFO -  TabItems_onMozAfterPaint@chrome://browser/content/tabview.js:5640
12:34:30     INFO -  TEST-PASS | chrome://mochitests/content/browser/browser/devtools/webconsole/test/browser_bug_871156_ctrlw_close_tab.js | toolbox destroyed
12:34:30     INFO -  TEST-INFO | chrome://mochitests/content/browser/browser/devtools/webconsole/test/browser_bug_871156_ctrlw_close_tab.js | test the Browser Console
12:34:30     INFO -  TEST-INFO | chrome://mochitests/content/browser/browser/devtools/webconsole/test/browser_bug_871156_ctrlw_close_tab.js | Console message: tabview assert: should already be linked
12:34:30     INFO -  TabItems_update@chrome://browser/content/tabview.js:5650
12:34:30     INFO -  TabItems_onMozAfterPaint@chrome://browser/content/tabview.js:5640
12:34:30     INFO -  TEST-PASS | chrome://mochitests/content/browser/browser/devtools/webconsole/test/browser_bug_871156_ctrlw_close_tab.js | Browser Console opened
12:34:31     INFO -  TEST-PASS | chrome://mochitests/content/browser/browser/devtools/webconsole/test/browser_bug_871156_ctrlw_close_tab.js | the Browser Console closed
12:34:31     INFO -  INFO TEST-END | chrome://mochitests/content/browser/browser/devtools/webconsole/test/browser_bug_871156_ctrlw_close_tab.js | finished in 1344ms
12:34:31     INFO -  TEST-INFO | checking window state
12:34:31  WARNING -  TEST-UNEXPECTED-FAIL | chrome://mochitests/content/browser/browser/devtools/webconsole/test/browser_bug_871156_ctrlw_close_tab.js | uncaught exception - TypeError: preview is undefined at resource://app/modules/WindowsPreviewPerTab.jsm:371
12:34:31     INFO -  Stack trace:
12:34:31     INFO -      JS frame :: chrome://mochikit/content/tests/SimpleTest/SimpleTest.js :: simpletestOnerror :: line 1125
12:34:31     INFO -      native frame :: <unknown filename> :: <TOP_LEVEL> :: line 0
12:34:31     INFO -  TEST-INFO | chrome://mochitests/content/browser/browser/devtools/webconsole/test/browser_bug_871156_ctrlw_close_tab.js | Console message: tabview assert: should already be linked
12:34:31     INFO -  TabItems_update@chrome://browser/content/tabview.js:5650
12:34:31     INFO -  TabItems_onMozAfterPaint@chrome://browser/content/tabview.js:5640

https://tbpl.mozilla.org/php/getParsedLog.php?id=23222242&tree=Mozilla-Inbound

WINNT 6.2 mozilla-inbound opt test mochitest-browser-chrome on 2013-05-21 12:12:49 PDT for push a25a93b276a5
slave: t-w864-ix-073

12:34:29     INFO -  TEST-START | chrome://mochitests/content/browser/browser/devtools/webconsole/test/browser_bug_871156_ctrlw_close_tab.js
12:34:30     INFO -  TEST-PASS | chrome://mochitests/content/browser/browser/devtools/webconsole/test/browser_bug_871156_ctrlw_close_tab.js | Web Console opened
12:34:30     INFO -  TEST-PASS | chrome://mochitests/content/browser/browser/devtools/webconsole/test/browser_bug_871156_ctrlw_close_tab.js | tab closed
12:34:30     INFO -  TEST-INFO | chrome://mochitests/content/browser/browser/devtools/webconsole/test/browser_bug_871156_ctrlw_close_tab.js | Console message: tabview assert: should already be linked
12:34:30     INFO -  TabItems_update@chrome://browser/content/tabview.js:5650
12:34:30     INFO -  TabItems_onMozAfterPaint@chrome://browser/content/tabview.js:5640
12:34:30     INFO -  TEST-PASS | chrome://mochitests/content/browser/browser/devtools/webconsole/test/browser_bug_871156_ctrlw_close_tab.js | toolbox destroyed
12:34:30     INFO -  TEST-INFO | chrome://mochitests/content/browser/browser/devtools/webconsole/test/browser_bug_871156_ctrlw_close_tab.js | test the Browser Console
12:34:30     INFO -  TEST-INFO | chrome://mochitests/content/browser/browser/devtools/webconsole/test/browser_bug_871156_ctrlw_close_tab.js | Console message: tabview assert: should already be linked
12:34:30     INFO -  TabItems_update@chrome://browser/content/tabview.js:5650
12:34:30     INFO -  TabItems_onMozAfterPaint@chrome://browser/content/tabview.js:5640
12:34:30     INFO -  TEST-PASS | chrome://mochitests/content/browser/browser/devtools/webconsole/test/browser_bug_871156_ctrlw_close_tab.js | Browser Console opened
12:34:31     INFO -  TEST-PASS | chrome://mochitests/content/browser/browser/devtools/webconsole/test/browser_bug_871156_ctrlw_close_tab.js | the Browser Console closed
12:34:31     INFO -  INFO TEST-END | chrome://mochitests/content/browser/browser/devtools/webconsole/test/browser_bug_871156_ctrlw_close_tab.js | finished in 1344ms
12:34:31     INFO -  TEST-INFO | checking window state
12:34:31  WARNING -  TEST-UNEXPECTED-FAIL | chrome://mochitests/content/browser/browser/devtools/webconsole/test/browser_bug_871156_ctrlw_close_tab.js | uncaught exception - TypeError: preview is undefined at resource://app/modules/WindowsPreviewPerTab.jsm:371
12:34:31     INFO -  Stack trace:
12:34:31     INFO -      JS frame :: chrome://mochikit/content/tests/SimpleTest/SimpleTest.js :: simpletestOnerror :: line 1125
12:34:31     INFO -      native frame :: <unknown filename> :: <TOP_LEVEL> :: line 0
12:34:31     INFO -  TEST-INFO | chrome://mochitests/content/browser/browser/devtools/webconsole/test/browser_bug_871156_ctrlw_close_tab.js | Console message: tabview assert: should already be linked
12:34:31     INFO -  TabItems_update@chrome://browser/content/tabview.js:5650
12:34:31     INFO -  TabItems_onMozAfterPaint@chrome://browser/content/tabview.js:5640
philor
https://tbpl.mozilla.org/php/getParsedLog.php?id=23224805&tree=Mozilla-Inbound
WINNT 6.2 mozilla-inbound opt test mochitest-browser-chrome on 2013-05-21 13:06:21
slave: t-w864-ix-022

13:26:21  WARNING -  TEST-UNEXPECTED-FAIL | chrome://mochitests/content/browser/browser/devtools/webconsole/test/browser_bug_871156_ctrlw_close_tab.js | uncaught exception - TypeError: preview is undefined at resource://app/modules/WindowsPreviewPerTab.jsm:371
command timed out: 7200 seconds elapsed, attempting to kill
philor
https://tbpl.mozilla.org/php/getParsedLog.php?id=23226893&tree=Mozilla-Inbound
WINNT 6.2 mozilla-inbound opt test mochitest-browser-chrome on 2013-05-21 13:39:43
slave: t-w864-ix-076

13:59:22  WARNING -  TEST-UNEXPECTED-FAIL | chrome://mochitests/content/browser/browser/devtools/webconsole/test/browser_bug_871156_ctrlw_close_tab.js | uncaught exception - TypeError: preview is undefined at resource://app/modules/WindowsPreviewPerTab.jsm:371
command timed out: 7200 seconds elapsed, attempting to kill
philor
https://tbpl.mozilla.org/php/getParsedLog.php?id=23227436&tree=Mozilla-Inbound
WINNT 6.2 mozilla-inbound opt test mochitest-browser-chrome on 2013-05-21 13:47:30
slave: t-w864-ix-083

14:07:01  WARNING -  TEST-UNEXPECTED-FAIL | chrome://mochitests/content/browser/browser/devtools/webconsole/test/browser_bug_871156_ctrlw_close_tab.js | uncaught exception - TypeError: preview is undefined at resource://app/modules/WindowsPreviewPerTab.jsm:371
command timed out: 7200 seconds elapsed, attempting to kill
philor
https://tbpl.mozilla.org/php/getParsedLog.php?id=23231040&tree=Mozilla-Inbound
WINNT 6.2 mozilla-inbound opt test mochitest-browser-chrome on 2013-05-21 15:40:30
slave: t-w864-ix-119

15:58:42  WARNING -  TEST-UNEXPECTED-FAIL | chrome://mochitests/content/browser/browser/devtools/webconsole/test/browser_bug_871156_ctrlw_close_tab.js | uncaught exception - TypeError: preview is undefined at resource://app/modules/WindowsPreviewPerTab.jsm:371
command timed out: 7200 seconds elapsed, attempting to kill
remoteFailed: [Failure instance: Traceback from remote host -- Traceback (most recent call last):
philor
https://tbpl.mozilla.org/php/getParsedLog.php?id=23229679&tree=Mozilla-Inbound
WINNT 6.2 mozilla-inbound opt test mochitest-browser-chrome on 2013-05-21 14:42:29
slave: t-w864-ix-120

15:01:31  WARNING -  TEST-UNEXPECTED-FAIL | chrome://mochitests/content/browser/browser/devtools/webconsole/test/browser_bug_871156_ctrlw_close_tab.js | uncaught exception - TypeError: preview is undefined at resource://app/modules/WindowsPreviewPerTab.jsm:371
command timed out: 7200 seconds elapsed, attempting to kill
remoteFailed: [Failure instance: Traceback from remote host -- Traceback (most recent call last):
philor
https://tbpl.mozilla.org/php/getParsedLog.php?id=23230115&tree=Mozilla-Inbound
WINNT 6.2 mozilla-inbound opt test mochitest-browser-chrome on 2013-05-21 14:59:31
slave: t-w864-ix-047

15:18:55  WARNING -  TEST-UNEXPECTED-FAIL | chrome://mochitests/content/browser/browser/devtools/webconsole/test/browser_bug_871156_ctrlw_close_tab.js | uncaught exception - TypeError: preview is undefined at resource://app/modules/WindowsPreviewPerTab.jsm:371
command timed out: 7200 seconds elapsed, attempting to kill
philor
https://tbpl.mozilla.org/php/getParsedLog.php?id=23229890&tree=Mozilla-Inbound
WINNT 6.2 mozilla-inbound opt test mochitest-browser-chrome on 2013-05-21 14:50:10
slave: t-w864-ix-064

15:09:47  WARNING -  TEST-UNEXPECTED-FAIL | chrome://mochitests/content/browser/browser/devtools/webconsole/test/browser_bug_871156_ctrlw_close_tab.js | uncaught exception - TypeError: preview is undefined at resource://app/modules/WindowsPreviewPerTab.jsm:371
command timed out: 7200 seconds elapsed, attempting to kill
philor
https://tbpl.mozilla.org/php/getParsedLog.php?id=23230455&tree=Mozilla-Inbound
WINNT 6.2 mozilla-inbound opt test mochitest-browser-chrome on 2013-05-21 15:12:16
slave: t-w864-ix-017

15:32:39  WARNING -  TEST-UNEXPECTED-FAIL | chrome://mochitests/content/browser/browser/devtools/webconsole/test/browser_bug_871156_ctrlw_close_tab.js | uncaught exception - TypeError: preview is undefined at resource://app/modules/WindowsPreviewPerTab.jsm:371
command timed out: 7200 seconds elapsed, attempting to kill
edmorley
https://tbpl.mozilla.org/php/getParsedLog.php?id=23244717&tree=Mozilla-Inbound
WINNT 6.2 mozilla-inbound opt test mochitest-browser-chrome on 2013-05-21 22:58:51
slave: t-w864-ix-119

23:17:17  WARNING -  TEST-UNEXPECTED-FAIL | chrome://mochitests/content/browser/browser/devtools/webconsole/test/browser_bug_871156_ctrlw_close_tab.js | uncaught exception - TypeError: preview is undefined at resource://app/modules/WindowsPreviewPerTab.jsm:371
command timed out: 7200 seconds elapsed, attempting to kill
remoteFailed: [Failure instance: Traceback from remote host -- Traceback (most recent call last):
edmorley
https://tbpl.mozilla.org/php/getParsedLog.php?id=23243207&tree=Mozilla-Inbound
WINNT 6.2 mozilla-inbound opt test mochitest-browser-chrome on 2013-05-21 21:56:10
slave: t-w864-ix-117

22:14:55  WARNING -  TEST-UNEXPECTED-FAIL | chrome://mochitests/content/browser/browser/devtools/webconsole/test/browser_bug_871156_ctrlw_close_tab.js | uncaught exception - TypeError: preview is undefined at resource://app/modules/WindowsPreviewPerTab.jsm:371
command timed out: 7200 seconds elapsed, attempting to kill
remoteFailed: [Failure instance: Traceback from remote host -- Traceback (most recent call last):
edmorley
https://tbpl.mozilla.org/php/getParsedLog.php?id=23242970&tree=Mozilla-Inbound
WINNT 6.2 mozilla-inbound opt test mochitest-browser-chrome on 2013-05-21 21:47:01
slave: t-w864-ix-069

22:06:28  WARNING -  TEST-UNEXPECTED-FAIL | chrome://mochitests/content/browser/browser/devtools/webconsole/test/browser_bug_871156_ctrlw_close_tab.js | uncaught exception - TypeError: preview is undefined at resource://app/modules/WindowsPreviewPerTab.jsm:371
command timed out: 7200 seconds elapsed, attempting to kill
edmorley
https://tbpl.mozilla.org/php/getParsedLog.php?id=23250665&tree=Mozilla-Inbound
WINNT 6.2 mozilla-inbound opt test mochitest-browser-chrome on 2013-05-22 00:56:53
slave: t-w864-ix-117

01:15:45  WARNING -  TEST-UNEXPECTED-FAIL | chrome://mochitests/content/browser/browser/devtools/webconsole/test/browser_bug_871156_ctrlw_close_tab.js | uncaught exception - TypeError: preview is undefined at resource://app/modules/WindowsPreviewPerTab.jsm:371
command timed out: 7200 seconds elapsed, attempting to kill
remoteFailed: [Failure instance: Traceback from remote host -- Traceback (most recent call last):
RyanVM
https://tbpl.mozilla.org/php/getParsedLog.php?id=23253281&tree=Mozilla-Inbound
WINNT 6.2 mozilla-inbound opt test mochitest-browser-chrome on 2013-05-22 01:45:25
slave: t-w864-ix-033

02:04:57  WARNING -  TEST-UNEXPECTED-FAIL | chrome://mochitests/content/browser/browser/devtools/webconsole/test/browser_bug_871156_ctrlw_close_tab.js | uncaught exception - TypeError: preview is undefined at resource://app/modules/WindowsPreviewPerTab.jsm:371
command timed out: 7200 seconds elapsed, attempting to kill
RyanVM
https://tbpl.mozilla.org/php/getParsedLog.php?id=23235181&tree=Mozilla-Inbound
WINNT 6.2 mozilla-inbound opt test mochitest-browser-chrome on 2013-05-21 17:49:57
slave: t-w864-ix-003

18:09:03  WARNING -  TEST-UNEXPECTED-FAIL | chrome://mochitests/content/browser/browser/devtools/webconsole/test/browser_bug_871156_ctrlw_close_tab.js | uncaught exception - TypeError: preview is undefined at resource://app/modules/WindowsPreviewPerTab.jsm:371
command timed out: 7200 seconds elapsed, attempting to kill
edmorley
https://tbpl.mozilla.org/php/getParsedLog.php?id=23242279&tree=Mozilla-Inbound
WINNT 6.2 mozilla-inbound opt test mochitest-browser-chrome on 2013-05-21 21:21:06
slave: t-w864-ix-127

21:39:51  WARNING -  TEST-UNEXPECTED-FAIL | chrome://mochitests/content/browser/browser/devtools/webconsole/test/browser_bug_871156_ctrlw_close_tab.js | uncaught exception - TypeError: preview is undefined at resource://app/modules/WindowsPreviewPerTab.jsm:371
command timed out: 7200 seconds elapsed, attempting to kill
remoteFailed: [Failure instance: Traceback from remote host -- Traceback (most recent call last):
RyanVM
https://tbpl.mozilla.org/php/getParsedLog.php?id=23235174&tree=Mozilla-Inbound
WINNT 6.2 mozilla-inbound opt test mochitest-browser-chrome on 2013-05-21 17:49:38
slave: t-w864-ix-018

18:07:56  WARNING -  TEST-UNEXPECTED-FAIL | chrome://mochitests/content/browser/browser/devtools/webconsole/test/browser_bug_871156_ctrlw_close_tab.js | uncaught exception - TypeError: preview is undefined at resource://app/modules/WindowsPreviewPerTab.jsm:371
command timed out: 7200 seconds elapsed, attempting to kill
edmorley
https://tbpl.mozilla.org/php/getParsedLog.php?id=23235129&tree=Mozilla-Inbound
WINNT 6.2 mozilla-inbound opt test mochitest-browser-chrome on 2013-05-21 17:47:20
slave: t-w864-ix-072

18:07:18  WARNING -  TEST-UNEXPECTED-FAIL | chrome://mochitests/content/browser/browser/devtools/webconsole/test/browser_bug_871156_ctrlw_close_tab.js | uncaught exception - TypeError: preview is undefined at resource://app/modules/WindowsPreviewPerTab.jsm:371
command timed out: 7200 seconds elapsed, attempting to kill
Ms2ger%gmail.com
https://tbpl.mozilla.org/php/getParsedLog.php?id=23255949&tree=Mozilla-Inbound
WINNT 6.2 mozilla-inbound opt test mochitest-browser-chrome on 2013-05-22 02:39:57
slave: t-w864-ix-058

02:59:29  WARNING -  TEST-UNEXPECTED-FAIL | chrome://mochitests/content/browser/browser/devtools/webconsole/test/browser_bug_871156_ctrlw_close_tab.js | uncaught exception - TypeError: preview is undefined at resource://app/modules/WindowsPreviewPerTab.jsm:371
command timed out: 7200 seconds elapsed, attempting to kill
RyanVM
https://tbpl.mozilla.org/php/getParsedLog.php?id=23255949&tree=Mozilla-Inbound
WINNT 6.2 mozilla-inbound opt test mochitest-browser-chrome on 2013-05-22 02:39:57
slave: t-w864-ix-058

02:59:29  WARNING -  TEST-UNEXPECTED-FAIL | chrome://mochitests/content/browser/browser/devtools/webconsole/test/browser_bug_871156_ctrlw_close_tab.js | uncaught exception - TypeError: preview is undefined at resource://app/modules/WindowsPreviewPerTab.jsm:371
command timed out: 7200 seconds elapsed, attempting to kill
RyanVM
https://tbpl.mozilla.org/php/getParsedLog.php?id=23235159&tree=Mozilla-Inbound
WINNT 6.2 mozilla-inbound opt test mochitest-browser-chrome on 2013-05-21 17:48:42
slave: t-w864-ix-091

18:08:07  WARNING -  TEST-UNEXPECTED-FAIL | chrome://mochitests/content/browser/browser/devtools/webconsole/test/browser_bug_871156_ctrlw_close_tab.js | uncaught exception - TypeError: preview is undefined at resource://app/modules/WindowsPreviewPerTab.jsm:371
command timed out: 7200 seconds elapsed, attempting to kill
RyanVM
https://tbpl.mozilla.org/php/getParsedLog.php?id=23235188&tree=Mozilla-Inbound
WINNT 6.2 mozilla-inbound opt test mochitest-browser-chrome on 2013-05-21 17:50:15
slave: t-w864-ix-083

18:09:38  WARNING -  TEST-UNEXPECTED-FAIL | chrome://mochitests/content/browser/browser/devtools/webconsole/test/browser_bug_871156_ctrlw_close_tab.js | uncaught exception - TypeError: preview is undefined at resource://app/modules/WindowsPreviewPerTab.jsm:371
command timed out: 7200 seconds elapsed, attempting to kill
RyanVM
https://tbpl.mozilla.org/php/getParsedLog.php?id=23259934&tree=Mozilla-Inbound
WINNT 6.2 mozilla-inbound opt test mochitest-browser-chrome on 2013-05-22 03:50:00
slave: t-w864-ix-072

04:09:54  WARNING -  TEST-UNEXPECTED-FAIL | chrome://mochitests/content/browser/browser/devtools/webconsole/test/browser_bug_871156_ctrlw_close_tab.js | uncaught exception - TypeError: preview is undefined at resource://app/modules/WindowsPreviewPerTab.jsm:371
command timed out: 7200 seconds elapsed, attempting to kill
RyanVM
https://tbpl.mozilla.org/php/getParsedLog.php?id=23260867&tree=Mozilla-Inbound
WINNT 6.2 mozilla-inbound opt test mochitest-browser-chrome on 2013-05-22 04:18:27
slave: t-w864-ix-004

04:38:59  WARNING -  TEST-UNEXPECTED-FAIL | chrome://mochitests/content/browser/browser/devtools/webconsole/test/browser_bug_871156_ctrlw_close_tab.js | uncaught exception - TypeError: preview is undefined at resource://app/modules/WindowsPreviewPerTab.jsm:371
command timed out: 7200 seconds elapsed, attempting to kill
RyanVM
https://tbpl.mozilla.org/php/getParsedLog.php?id=23261106&tree=Mozilla-Inbound
WINNT 6.2 mozilla-inbound opt test mochitest-browser-chrome on 2013-05-22 04:24:06
slave: t-w864-ix-113

04:27:18    ERROR -  abort: HTTP Error 500: Internal Server Error
04:27:18    ERROR -  Automation Error: hg not responding
04:27:18    ERROR - Return code: -1
04:27:18    ERROR - Can't run command ['c:/mozilla-build/hg/hg', '--config', 'ui.merge=internal:merge', 'branch'] in non-existent directory C:\slave\test\build\tools!
04:27:18    ERROR - Can't run command ['c:/mozilla-build/hg/hg', '--config', 'ui.merge=internal:merge', 'update', '-C'] in non-existent directory 'C:\slave\test\build\tools'!
04:44:46  WARNING -  TEST-UNEXPECTED-FAIL | chrome://mochitests/content/browser/browser/devtools/webconsole/test/browser_bug_871156_ctrlw_close_tab.js | uncaught exception - TypeError: preview is undefined at resource://app/modules/WindowsPreviewPerTab.jsm:371
command timed out: 7200 seconds elapsed, attempting to kill
remoteFailed: [Failure instance: Traceback from remote host -- Traceback (most recent call last):
RyanVM
https://tbpl.mozilla.org/php/getParsedLog.php?id=23261382&tree=Mozilla-Inbound
WINNT 6.2 mozilla-inbound opt test mochitest-browser-chrome on 2013-05-22 04:28:33
slave: t-w864-ix-015

04:49:12  WARNING -  TEST-UNEXPECTED-FAIL | chrome://mochitests/content/browser/browser/devtools/webconsole/test/browser_bug_871156_ctrlw_close_tab.js | uncaught exception - TypeError: preview is undefined at resource://app/modules/WindowsPreviewPerTab.jsm:371
command timed out: 7200 seconds elapsed, attempting to kill
RyanVM
https://tbpl.mozilla.org/php/getParsedLog.php?id=23262591&tree=Mozilla-Inbound
WINNT 6.2 mozilla-inbound opt test mochitest-browser-chrome on 2013-05-22 05:00:59
slave: t-w864-ix-074

05:20:54  WARNING -  TEST-UNEXPECTED-FAIL | chrome://mochitests/content/browser/browser/devtools/webconsole/test/browser_bug_871156_ctrlw_close_tab.js | uncaught exception - TypeError: preview is undefined at resource://app/modules/WindowsPreviewPerTab.jsm:371
command timed out: 7200 seconds elapsed, attempting to kill
RyanVM
https://tbpl.mozilla.org/php/getParsedLog.php?id=23265058&tree=Mozilla-Inbound
WINNT 6.2 mozilla-inbound opt test mochitest-browser-chrome on 2013-05-22 06:42:53
slave: t-w864-ix-063

06:51:54  WARNING -  TEST-UNEXPECTED-FAIL | chrome://mochitests/content/browser/browser/components/safebrowsing/content/test/browser_bug415846.js | Report phishing menu should be hidden on phishing sites - Got false, expected true
06:51:54  WARNING -  TEST-UNEXPECTED-FAIL | chrome://mochitests/content/browser/browser/components/safebrowsing/content/test/browser_bug415846.js | Report error menu item should be visible on phishing sites - Got true, expected false
07:02:48  WARNING -  TEST-UNEXPECTED-FAIL | chrome://mochitests/content/browser/browser/devtools/webconsole/test/browser_bug_871156_ctrlw_close_tab.js | uncaught exception - TypeError: preview is undefined at resource://app/modules/WindowsPreviewPerTab.jsm:371
command timed out: 7200 seconds elapsed, attempting to kill
Created attachment 752785
proposed fix

The test seems fine - it passes in all cases and what I do is pretty much in line with other tests. It is rather odd that it started failing. If you look at the logs you will see that the exception happens in WindowsPreviewPerTab.jsm after the test finishes execution. The |preview| variable can be undefined only if the MozAfterPaint event is fired too early (before previewFromTab() can return anything) or too late (after the preview is removed from the array of known previews, during tab/window close).

It seems to me that defining |this.preview| as a lazy getter was some kind of a workaround. The tab |preview| was only available after the controller is constructed. I changed the code to create the tab preview during controller construction.

Since this is new code for me, please review and let me know if I got it right. It's quite possible I am missing something. Thank you!

Do note I'm using Linux and I was not able to test the patch on Windows 7.

Try push: https://tbpl.mozilla.org/?tree=Try&rev=4841624c11fenn
philor
https://tbpl.mozilla.org/php/getParsedLog.php?id=23265870&tree=Mozilla-Inbound
WINNT 6.2 mozilla-inbound opt test mochitest-browser-chrome on 2013-05-22 06:58:57
slave: t-w864-ix-080

07:18:33  WARNING -  TEST-UNEXPECTED-FAIL | chrome://mochitests/content/browser/browser/devtools/webconsole/test/browser_bug_871156_ctrlw_close_tab.js | uncaught exception - TypeError: preview is undefined at resource://app/modules/WindowsPreviewPerTab.jsm:371
command timed out: 7200 seconds elapsed, attempting to kill
philor
https://tbpl.mozilla.org/php/getParsedLog.php?id=23269212&tree=Mozilla-Inbound
WINNT 6.2 mozilla-inbound opt test mochitest-browser-chrome on 2013-05-22 08:15:55
slave: t-w864-ix-102

08:35:31  WARNING -  TEST-UNEXPECTED-FAIL | chrome://mochitests/content/browser/browser/devtools/webconsole/test/browser_bug_871156_ctrlw_close_tab.js | uncaught exception - TypeError: preview is undefined at resource://app/modules/WindowsPreviewPerTab.jsm:371
command timed out: 7200 seconds elapsed, attempting to kill
remoteFailed: [Failure instance: Traceback from remote host -- Traceback (most recent call last):
philor
https://tbpl.mozilla.org/php/getParsedLog.php?id=23271035&tree=Mozilla-Inbound
WINNT 6.2 mozilla-inbound opt test mochitest-browser-chrome on 2013-05-22 08:48:55
slave: t-w864-ix-005

09:08:38  WARNING -  TEST-UNEXPECTED-FAIL | chrome://mochitests/content/browser/browser/devtools/webconsole/test/browser_bug_871156_ctrlw_close_tab.js | uncaught exception - TypeError: preview is undefined at resource://app/modules/WindowsPreviewPerTab.jsm:371
command timed out: 7200 seconds elapsed, attempting to kill
Win8 opt is green on the Try push. Very encouraging.
philor
https://tbpl.mozilla.org/php/getParsedLog.php?id=23277747&tree=Mozilla-Central
WINNT 6.2 mozilla-central opt test mochitest-browser-chrome on 2013-05-22 10:51:36
slave: t-w864-ix-003

11:11:34  WARNING -  TEST-UNEXPECTED-FAIL | chrome://mochitests/content/browser/browser/devtools/webconsole/test/browser_bug_871156_ctrlw_close_tab.js | uncaught exception - TypeError: preview is undefined at resource://app/modules/WindowsPreviewPerTab.jsm:371
command timed out: 7200 seconds elapsed, attempting to kill
So regression range, should it prove useful: https://hg.mozilla.org/mozilla-central/pushloghtml?startID=24710&endID=24711
RyanVM
https://tbpl.mozilla.org/php/getParsedLog.php?id=23278343&tree=Birch
WINNT 6.2 birch opt test mochitest-browser-chrome on 2013-05-22 11:00:30
slave: t-w864-ix-128

11:19:56  WARNING -  TEST-UNEXPECTED-FAIL | chrome://mochitests/content/browser/browser/devtools/webconsole/test/browser_bug_871156_ctrlw_close_tab.js | uncaught exception - TypeError: preview is undefined at resource://app/modules/WindowsPreviewPerTab.jsm:371
command timed out: 7200 seconds elapsed, attempting to kill
RyanVM
https://tbpl.mozilla.org/php/getParsedLog.php?id=23276187&tree=Mozilla-Inbound
WINNT 6.2 mozilla-inbound opt test mochitest-browser-chrome on 2013-05-22 10:27:08
slave: t-w864-ix-121

10:46:11  WARNING -  TEST-UNEXPECTED-FAIL | chrome://mochitests/content/browser/browser/devtools/webconsole/test/browser_bug_871156_ctrlw_close_tab.js | uncaught exception - TypeError: preview is undefined at resource://app/modules/WindowsPreviewPerTab.jsm:371
command timed out: 7200 seconds elapsed, attempting to kill
remoteFailed: [Failure instance: Traceback from remote host -- Traceback (most recent call last):
philor
https://tbpl.mozilla.org/php/getParsedLog.php?id=23280590&tree=Mozilla-Inbound
WINNT 6.2 mozilla-inbound opt test mochitest-browser-chrome on 2013-05-22 11:49:12
slave: t-w864-ix-068

12:08:57  WARNING -  TEST-UNEXPECTED-FAIL | chrome://mochitests/content/browser/browser/devtools/webconsole/test/browser_bug_871156_ctrlw_close_tab.js | uncaught exception - TypeError: preview is undefined at resource://app/modules/WindowsPreviewPerTab.jsm:371
command timed out: 7200 seconds elapsed, attempting to kill
Completely green on Try. Can we get this top-orange fix landed please?
Thanks, Gavin!

https://hg.mozilla.org/integration/mozilla-inbound/rev/cf2106c1f0c7
philor
https://tbpl.mozilla.org/php/getParsedLog.php?id=23288047&tree=Mozilla-Inbound
WINNT 6.2 mozilla-inbound opt test mochitest-browser-chrome on 2013-05-22 14:00:52
slave: t-w864-ix-029

14:21:03  WARNING -  TEST-UNEXPECTED-FAIL | chrome://mochitests/content/browser/browser/devtools/webconsole/test/browser_bug_871156_ctrlw_close_tab.js | uncaught exception - TypeError: preview is undefined at resource://app/modules/WindowsPreviewPerTab.jsm:371
command timed out: 7200 seconds elapsed, attempting to kill
philor
https://tbpl.mozilla.org/php/getParsedLog.php?id=23290452&tree=Mozilla-Inbound
WINNT 6.2 mozilla-inbound opt test mochitest-browser-chrome on 2013-05-22 14:53:06
slave: t-w864-ix-013

15:12:33  WARNING -  TEST-UNEXPECTED-FAIL | chrome://mochitests/content/browser/browser/devtools/webconsole/test/browser_bug_871156_ctrlw_close_tab.js | uncaught exception - TypeError: preview is undefined at resource://app/modules/WindowsPreviewPerTab.jsm:371
command timed out: 7200 seconds elapsed, attempting to kill
https://tbpl.mozilla.org/php/getParsedLog.php?id=23290599&tree=Mozilla-Inbound

15:15:34 WARNING - TEST-UNEXPECTED-FAIL | chrome://mochitests/content/browser/browser/devtools/webconsole/test/browser_cached_messages.js | uncaught exception - TypeError: preview is undefined at resource://app/modules/WindowsPreviewPerTab.jsm:371
philor
https://tbpl.mozilla.org/php/getParsedLog.php?id=23292725&tree=Mozilla-Inbound
WINNT 6.2 mozilla-inbound opt test mochitest-browser-chrome on 2013-05-22 15:46:56
slave: t-w864-ix-014

16:06:46  WARNING -  TEST-UNEXPECTED-FAIL | chrome://mochitests/content/browser/browser/devtools/webconsole/test/browser_bug_871156_ctrlw_close_tab.js | uncaught exception - TypeError: preview is undefined at resource://app/modules/WindowsPreviewPerTab.jsm:371
command timed out: 7200 seconds elapsed, attempting to kill
Thank you Gavin and Ryan!
https://hg.mozilla.org/mozilla-central/rev/cf2106c1f0c7
RyanVM
https://tbpl.mozilla.org/php/getParsedLog.php?id=24015014&tree=Mozilla-Aurora
WINNT 6.2 mozilla-aurora pgo test mochitest-browser-chrome on 2013-06-11 08:37:07
slave: t-w864-ix-111

08:56:04  WARNING -  TEST-UNEXPECTED-FAIL | chrome://mochitests/content/browser/browser/devtools/webconsole/test/browser_bug_871156_ctrlw_close_tab.js | uncaught exception - TypeError: preview is undefined at resource://app/modules/WindowsPreviewPerTab.jsm:371
command timed out: 7200 seconds elapsed, attempting to kill
philor
https://tbpl.mozilla.org/php/getParsedLog.php?id=24220340&tree=Mozilla-Aurora
WINNT 6.2 mozilla-aurora pgo test mochitest-browser-chrome on 2013-06-16 20:06:07
revision: b77b99444e56
slave: t-w864-ix-067

20:24:21  WARNING -  TEST-UNEXPECTED-FAIL | chrome://mochitests/content/browser/browser/devtools/webconsole/test/browser_bug_871156_ctrlw_close_tab.js | uncaught exception - TypeError: preview is undefined at resource://app/modules/WindowsPreviewPerTab.jsm:371
command timed out: 7200 seconds elapsed, attempting to kill
RyanVM
https://tbpl.mozilla.org/php/getParsedLog.php?id=25585181&tree=Mozilla-Beta
WINNT 6.2 mozilla-beta pgo test mochitest-browser-chrome on 2013-07-22 16:18:01
revision: fdd8ebfb46de
slave: t-w864-ix-119

16:20:51    ERROR - Return code: 1
16:20:52    ERROR - Return code: 1
16:35:31  WARNING -  TEST-UNEXPECTED-FAIL | chrome://mochitests/content/browser/browser/devtools/webconsole/test/browser_bug_871156_ctrlw_close_tab.js | uncaught exception - TypeError: preview is undefined at resource://app/modules/WindowsPreviewPerTab.jsm:371
command timed out: 7200 seconds elapsed, attempting to kill


Intermittent browser/devtools/webconsole/test/browser_bug_871156_ctrlw_close_tab.js,browser_cached_messages.js | uncaught exception - TypeError: preview is undefined at resource://app/modules/WindowsPreviewPerTab.jsm:371

intermittent-failure

Bug 874635 - Fix frequent Win8 failure. r=gavin 