While testing the move to Ant 1.6.0 I was adjusting the org.eclipse.ant.core 
test suite (it had failures).

I was reliably getting the following exception when test failures occurred:

java.lang.StringIndexOutOfBoundsException: String index out of range: -1
at java.lang.String.substring(String.java:1444)
at org.eclipse.jdt.internal.junit.ui.TestRunnerViewPart.testFailed
(TestRunnerViewPart.java:524)
at org.eclipse.jdt.internal.junit.ui.RemoteTestRunnerClient$7.run
(RemoteTestRunnerClient.java:477)
at org.eclipse.core.internal.runtime.InternalPlatform.run
(InternalPlatform.java:813)
at org.eclipse.core.runtime.Platform.run(Platform.java:457)
at org.eclipse.jdt.internal.junit.ui.RemoteTestRunnerClient.notifyTestFailed
(RemoteTestRunnerClient.java:474)
at org.eclipse.jdt.internal.junit.ui.RemoteTestRunnerClient.access$16
(RemoteTestRunnerClient.java:471)
at 
org.eclipse.jdt.internal.junit.ui.RemoteTestRunnerClient$TraceProcessingState.r
eadMessage(RemoteTestRunnerClient.java:125)
at org.eclipse.jdt.internal.junit.ui.RemoteTestRunnerClient.receiveMessage
(RemoteTestRunnerClient.java:309)
at org.eclipse.jdt.internal.junit.ui.RemoteTestRunnerClient.access$30
(RemoteTestRunnerClient.java:308)
at 
org.eclipse.jdt.internal.junit.ui.RemoteTestRunnerClient$ServerConnection.run
(RemoteTestRunnerClient.java:235)

While testing the move to Ant 1.6.0 I was adjusting the org.eclipse.ant.core 
test suite (it had failures).

I was reliably getting the following exception when test failures occurred:

java.lang.StringIndexOutOfBoundsException: String index out of range: -1
at java.lang.String.substring(String.java:1444)
at org.eclipse.jdt.internal.junit.ui.TestRunnerViewPart.testFailed
(TestRunnerViewPart.java:524)
at org.eclipse.jdt.internal.junit.ui.RemoteTestRunnerClient$7.run
(RemoteTestRunnerClient.java:477)
at org.eclipse.core.internal.runtime.InternalPlatform.run
(InternalPlatform.java:813)
at org.eclipse.core.runtime.Platform.run(Platform.java:457)
at org.eclipse.jdt.internal.junit.ui.RemoteTestRunnerClient.notifyTestFailed
(RemoteTestRunnerClient.java:474)
at org.eclipse.jdt.internal.junit.ui.RemoteTestRunnerClient.access$16
(RemoteTestRunnerClient.java:471)
at 
org.eclipse.jdt.internal.junit.ui.RemoteTestRunnerClient$TraceProcessingState.r
eadMessage(RemoteTestRunnerClient.java:125)
at org.eclipse.jdt.internal.junit.ui.RemoteTestRunnerClient.receiveMessage
(RemoteTestRunnerClient.java:309)
at org.eclipse.jdt.internal.junit.ui.RemoteTestRunnerClient.access$30
(RemoteTestRunnerClient.java:308)
at 
org.eclipse.jdt.internal.junit.ui.RemoteTestRunnerClient$ServerConnection.run
(RemoteTestRunnerClient.java:235)
Erich, please investigate.
added guard for this case
Darin - do you remember for which failed ant test this showed up? The problem 
is fixed but I'd like to understand when we are getting into this state.
This was harder to reproduce than I would have thought from how often I hit it 
initially.
The easiest way I have found to reproduce the problem is using the latest 
org.eclipse.ant.core, org.eclipse.ant.tests.core and org.apache.ant and I add 
the following two methods to OptionTests:

/**
 * Tests the "-lib" option, which is not supported
 */
public void testMinusLib() throws CoreException {
	run("TestForEcho.xml", new String[]{"-lib", "jar.xml"});
	assertTrue("-lib not supportted message incorrect", 
AntTestChecker.getDefault().getLoggedMessage(1).startsWith("-lib not 
supported"));
}

/**
 * Tests the "-lib" option, which is not supported
 */
public void testMinusLib2() throws CoreException {
	run("TestForEcho.xml", new String[]{"-lib", "jar.xml"});
	assertTrue("-lib not supportted message incorrect", 
AntTestChecker.getDefault().getLoggedMessage(1).startsWith("-lib not 
supported"));
}

To run the tests use the JUnit plug-in test launch config with 
org.eclipse.ant.tests.core.AutomatedSuite as the Test class. Ensure to only 
include the bin folder as an entry in the Classpath Entries on the arguments 
tab of the config
This helped - now it is really fixed


StringIndexOutOfBoundsException on test failure [JUnit]



[Bug 49655] StringIndexOutOfBoundsException on test failure [JUnit] 