http://tinderbox.mozilla.org/showlog.cgi?log=Firefox3.6-Unittest/1259092413.1259096147.10691.gz
Linux mozilla-1.9.2 test everythingelse on 2009/11/24 11:53:33
s: moz2-linux-slave13



Running chrome://mochikit/content/browser/browser/components/privatebrowsing/test/browser/browser_privatebrowsing_certexceptionsui.js...
TEST-PASS | chrome://mochikit/content/browser/browser/components/privatebrowsing/test/browser/browser_privatebrowsing_certexceptionsui.js | The certificate information should be available now
TEST-PASS | chrome://mochikit/content/browser/browser/components/privatebrowsing/test/browser/browser_privatebrowsing_certexceptionsui.js | the permanent checkbox should be disabled when handling the private browsing mode
TEST-PASS | chrome://mochikit/content/browser/browser/components/privatebrowsing/test/browser/browser_privatebrowsing_certexceptionsui.js | the permanent checkbox should not be checked when handling the private browsing mode
TEST-INFO | chrome://mochikit/content/browser/browser/components/privatebrowsing/test/browser/browser_privatebrowsing_certexceptionsui.js | Console message: [JavaScript Error: "Attempted to connect to a site with a bad certificate in the add exception dialog. This results in a (mostly harmless) exception being thrown. Logged for information purposes only: [Exception... "Component returned failure code: 0x80004005 (NS_ERROR_FAILURE) [nsIXMLHttpRequest.send]"  nsresult: "0x80004005 (NS_ERROR_FAILURE)"  location: "JS frame :: chrome://pippki/content/exceptionDialog.js :: checkCert :: line 167"  data: no]" {file: "chrome://pippki/content/exceptionDialog.js" line: 175}]
TEST-PASS | chrome://mochikit/content/browser/browser/components/privatebrowsing/test/browser/browser_privatebrowsing_certexceptionsui.js | The certificate information should be available now
TEST-PASS | chrome://mochikit/content/browser/browser/components/privatebrowsing/test/browser/browser_privatebrowsing_certexceptionsui.js | the permanent checkbox should not be disabled when not handling the private browsing mode
TEST-PASS | chrome://mochikit/content/browser/browser/components/privatebrowsing/test/browser/browser_privatebrowsing_certexceptionsui.js | the permanent checkbox should be checked when not handling the private browsing mode
TEST-INFO | chrome://mochikit/content/browser/browser/components/privatebrowsing/test/browser/browser_privatebrowsing_certexceptionsui.js | Console message: [JavaScript Error: "Attempted to connect to a site with a bad certificate in the add exception dialog. This results in a (mostly harmless) exception being thrown. Logged for information purposes only: [Exception... "Component returned failure code: 0x80004005 (NS_ERROR_FAILURE) [nsIXMLHttpRequest.send]"  nsresult: "0x80004005 (NS_ERROR_FAILURE)"  location: "JS frame :: chrome://pippki/content/exceptionDialog.js :: checkCert :: line 167"  data: no]" {file: "chrome://pippki/content/exceptionDialog.js" line: 175}]
TEST-INFO | chrome://mochikit/content/browser/browser/components/privatebrowsing/test/browser/browser_privatebrowsing_certexceptionsui.js | Console message:
Waiting for window activation...

command timed out: 1200 seconds without output, killing pid 25435

http://tinderbox.mozilla.org/showlog.cgi?log=Firefox3.6-Unittest/1259092413.1259096147.10691.gz
Linux mozilla-1.9.2 test everythingelse on 2009/11/24 11:53:33
s: moz2-linux-slave13



Running chrome://mochikit/content/browser/browser/components/privatebrowsing/test/browser/browser_privatebrowsing_certexceptionsui.js...
TEST-PASS | chrome://mochikit/content/browser/browser/components/privatebrowsing/test/browser/browser_privatebrowsing_certexceptionsui.js | The certificate information should be available now
TEST-PASS | chrome://mochikit/content/browser/browser/components/privatebrowsing/test/browser/browser_privatebrowsing_certexceptionsui.js | the permanent checkbox should be disabled when handling the private browsing mode
TEST-PASS | chrome://mochikit/content/browser/browser/components/privatebrowsing/test/browser/browser_privatebrowsing_certexceptionsui.js | the permanent checkbox should not be checked when handling the private browsing mode
TEST-INFO | chrome://mochikit/content/browser/browser/components/privatebrowsing/test/browser/browser_privatebrowsing_certexceptionsui.js | Console message: [JavaScript Error: "Attempted to connect to a site with a bad certificate in the add exception dialog. This results in a (mostly harmless) exception being thrown. Logged for information purposes only: [Exception... "Component returned failure code: 0x80004005 (NS_ERROR_FAILURE) [nsIXMLHttpRequest.send]"  nsresult: "0x80004005 (NS_ERROR_FAILURE)"  location: "JS frame :: chrome://pippki/content/exceptionDialog.js :: checkCert :: line 167"  data: no]" {file: "chrome://pippki/content/exceptionDialog.js" line: 175}]
TEST-PASS | chrome://mochikit/content/browser/browser/components/privatebrowsing/test/browser/browser_privatebrowsing_certexceptionsui.js | The certificate information should be available now
TEST-PASS | chrome://mochikit/content/browser/browser/components/privatebrowsing/test/browser/browser_privatebrowsing_certexceptionsui.js | the permanent checkbox should not be disabled when not handling the private browsing mode
TEST-PASS | chrome://mochikit/content/browser/browser/components/privatebrowsing/test/browser/browser_privatebrowsing_certexceptionsui.js | the permanent checkbox should be checked when not handling the private browsing mode
TEST-INFO | chrome://mochikit/content/browser/browser/components/privatebrowsing/test/browser/browser_privatebrowsing_certexceptionsui.js | Console message: [JavaScript Error: "Attempted to connect to a site with a bad certificate in the add exception dialog. This results in a (mostly harmless) exception being thrown. Logged for information purposes only: [Exception... "Component returned failure code: 0x80004005 (NS_ERROR_FAILURE) [nsIXMLHttpRequest.send]"  nsresult: "0x80004005 (NS_ERROR_FAILURE)"  location: "JS frame :: chrome://pippki/content/exceptionDialog.js :: checkCert :: line 167"  data: no]" {file: "chrome://pippki/content/exceptionDialog.js" line: 175}]
TEST-INFO | chrome://mochikit/content/browser/browser/components/privatebrowsing/test/browser/browser_privatebrowsing_certexceptionsui.js | Console message:
Waiting for window activation...

command timed out: 1200 seconds without output, killing pid 25435
http://tinderbox.mozilla.org/showlog.cgi?log=Firefox3.6-Unittest/1259123593.1259127182.2752.gz
Linux mozilla-1.9.2 test everythingelse on 2009/11/24 20:33:13  
s: moz2-linux-slave02
http://tinderbox.mozilla.org/showlog.cgi?log=Firefox3.6-Unittest/1259153419.1259157041.22599.gz

Apparently the test leaves a modal dialog around.
I suspect ehsan stalks this component, but just in case...
Created attachment 414518
fix?

This removes the known-to-be-fragile window-watcher dependency. There's no good reason for the dialogs to be modal in this test, is there?
Comment on attachment 414518
fix?

(In reply to comment #4)
> This removes the known-to-be-fragile window-watcher dependency. There's no good
> reason for the dialogs to be modal in this test, is there?

Not really; I just wanted things to be as similar to the real use case as possible, but I guess it doesn't affect the behavior that we're testing at all.

The patch looks reasonable, and I think we should try it.  Thanks for working on it!
http://tinderbox.mozilla.org/showlog.cgi?log=Firefox-Unittest/1259199196.1259203727.6044.gz
Linux mozilla-central opt
http://tinderbox.mozilla.org/showlog.cgi?log=Firefox-Unittest/1259204661.1259208968.31144.gz
Linux mozilla-central opt
http://tinderbox.mozilla.org/showlog.cgi?log=Firefox-Unittest/1259190927.1259196010.17799.gz
Linux mozilla-central opt test everythingelse on 2009/11/25 15:15:27
s: moz2-linux-slave12
http://hg.mozilla.org/mozilla-central/rev/157ea3970b73
http://hg.mozilla.org/releases/mozilla-1.9.2/rev/237dccbcb967
me%shawnwilsher.com
http://tinderbox.mozilla.org/showlog.cgi?log=Places/1289357415.1289358376.13446.gz
Rev3 MacOSX Leopard 10.5.8 places opt test mochitest-other on 2010/11/09 18:50:15

s: talos-r3-leopard-046
TEST-UNEXPECTED-FAIL | chrome://mochitests/content/browser/browser/base/content/test/tabview/browser_tabview_launch.js | Test timed out
TEST-UNEXPECTED-FAIL | chrome://mochitests/content/browser/browser/base/content/test/tabview/browser_tabview_privatebrowsing.js | Tab View is no longer visible
TEST-UNEXPECTED-FAIL | chrome://mochitests/content/browser/browser/base/content/test/tabview/browser_tabview_privatebrowsing.js | Tab View is not visible
TEST-UNEXPECTED-FAIL | chrome://mochitests/content/browser/browser/base/content/test/tabview/browser_tabview_privatebrowsing.js | Tab View is still not visible
TEST-UNEXPECTED-FAIL | chrome://mochitests/content/browser/browser/base/content/test/tabview/browser_tabview_privatebrowsing.js | correct URL for normal mode - Got about:robots, expected about:blank
TEST-UNEXPECTED-FAIL | chrome://mochitests/content/browser/browser/base/content/test/tabview/browser_tabview_privatebrowsing.js | correct URL for normal mode - Got about:blank, expected about:robots
TEST-UNEXPECTED-FAIL | chrome://mochitests/content/browser/browser/base/content/test/tabview/browser_tabview_privatebrowsing.js | we finish with Tab View not visible
TEST-UNEXPECTED-FAIL | chrome://mochitests/content/browser/browser/base/content/test/tabview/browser_tabview_search.js | Tab View is hidden
TEST-UNEXPECTED-FAIL | chrome://mochitests/content/browser/browser/components/privatebrowsing/test/browser/browser_privatebrowsing_beforeunload_enter.js | The first tab should be a blank tab - Got http://mochi.test:8888/browser/browser/components/places/tests/browser/sidebarpanels_click_test_page.html, expected about:blank
TEST-UNEXPECTED-FAIL | chrome://mochitests/content/browser/browser/components/privatebrowsing/test/browser/browser_privatebrowsing_beforeunload_exit.js | The first tab should be a blank tab - Got http://mochi.test:8888/browser/browser/components/places/tests/browser/sidebarpanels_click_test_page.html, expected about:blank
TEST-UNEXPECTED-FAIL | chrome://mochitests/content/browser/browser/components/privatebrowsing/test/browser/browser_privatebrowsing_certexceptionsui.js | application timed out after 330 seconds with no output
bent
https://tbpl.mozilla.org/php/getParsedLog.php?id=18356999&tree=Try
Rev3 WINNT 5.1 try debug test mochitest-browser-chrome on 2012-12-30 12:06:51
slave: talos-r3-xp-096

TEST-UNEXPECTED-FAIL | chrome://mochitests/content/browser/browser/components/privatebrowsing/test/browser/perwindow/browser_privatebrowsing_DownloadLastDirWithCPS.js | Test timed out
TEST-UNEXPECTED-FAIL | chrome://mochitests/content/browser/browser/components/privatebrowsing/test/browser/perwindow/browser_privatebrowsing_certexceptionsui.js | Found an unexpected browser window at the end of test run
TEST-UNEXPECTED-FAIL | chrome://mochitests/content/browser/browser/devtools/webconsole/test/browser_webconsole_bug_595350_multiple_windows_and_tabs.js | Timed out while waiting for: 4 web consoles opened
TEST-UNEXPECTED-FAIL | chrome://mochitests/content/browser/browser/devtools/webconsole/test/browser_webconsole_bug_595350_multiple_windows_and_tabs.js | Timed out while waiting for: 4 web consoles closed
TEST-UNEXPECTED-FAIL | automationutils.processLeakLog() | leaked 4384328 bytes during test execution
TEST-UNEXPECTED-FAIL | automationutils.processLeakLog() | leaked 2 instances of AsyncStatement with size 48 bytes each (96 bytes total)
TEST-UNEXPECTED-FAIL | automationutils.processLeakLog() | leaked 2260 instances of AtomImpl with size 24 bytes each (54240 bytes total)
TEST-UNEXPECTED-FAIL | automationutils.processLeakLog() | leaked 1 instance of BackstagePass with size 24 bytes
TEST-UNEXPECTED-FAIL | automationutils.processLeakLog() | leaked 1 instance of BodyRule with size 16 bytes
TEST-UNEXPECTED-FAIL | automationutils.processLeakLog() | leaked 1 instance of CalculateFrecencyFunction with size 12 bytes


random orange: timeout while running browser_privatebrowsing_certexceptionsui.js

intermittent-failure

Bug 530906 - random timeout while running browser_privatebrowsing_certexceptionsui.js. r=ehsan 