https://treeherder.mozilla.org/ui/logviewer.html#?job_id=520080&repo=mozilla-central

builder 	Ubuntu VM 12.04 mozilla-central opt test mochitest-browser-chrome-1
buildid 	20141022130115
builduid 	9fcd0f44c7484d2ab1f76e4d12d6d8b5
results 	warnings (1)
revision 	6066a2a0766f
slave 		tst-linux32-spot-1026
starttime 	Wed Oct 22 2014 17:16:22 GMT-0400 (Eastern Standard Time)

14:24:09 INFO - 575 INFO TEST-START | chrome://mochitests/content/browser/browser/base/content/test/general/browser_offlineQuotaNotification.js
14:24:09 INFO - JavaScript error: chrome://mochitests/content/browser/browser/base/content/test/general/browser_offlineQuotaNotification.js, line 89: TypeError: PopupNotifications.panel.firstElementChild is null
14:24:54 INFO - Xlib: extension "RANDR" missing on display ":0".
14:24:56 INFO - TEST-INFO | screentopng: exit 0
14:24:56 INFO - 576 INFO checking window state
14:24:56 INFO - 577 INFO Console message: [JavaScript Error: "TypeError: PopupNotifications.panel.firstElementChild is null" {file: "chrome://mochitests/content/browser/browser/base/content/test/general/browser_offlineQuotaNotification.js" line: 89}]
14:24:56 INFO - 578 INFO TEST-UNEXPECTED-FAIL | chrome://mochitests/content/browser/browser/base/content/test/general/browser_offlineQuotaNotification.js | Test timed out - expected PASS
14:24:56 INFO - 579 INFO TEST-OK | chrome://mochitests/content/browser/browser/base/content/test/general/browser_offlineQuotaNotification.js | took 45060ms

https://treeherder.mozilla.org/ui/logviewer.html#?job_id=520080&repo=mozilla-central

builder 	Ubuntu VM 12.04 mozilla-central opt test mochitest-browser-chrome-1
buildid 	20141022130115
builduid 	9fcd0f44c7484d2ab1f76e4d12d6d8b5
results 	warnings (1)
revision 	6066a2a0766f
slave 		tst-linux32-spot-1026
starttime 	Wed Oct 22 2014 17:16:22 GMT-0400 (Eastern Standard Time)

14:24:09 INFO - 575 INFO TEST-START | chrome://mochitests/content/browser/browser/base/content/test/general/browser_offlineQuotaNotification.js
14:24:09 INFO - JavaScript error: chrome://mochitests/content/browser/browser/base/content/test/general/browser_offlineQuotaNotification.js, line 89: TypeError: PopupNotifications.panel.firstElementChild is null
14:24:54 INFO - Xlib: extension "RANDR" missing on display ":0".
14:24:56 INFO - TEST-INFO | screentopng: exit 0
14:24:56 INFO - 576 INFO checking window state
14:24:56 INFO - 577 INFO Console message: [JavaScript Error: "TypeError: PopupNotifications.panel.firstElementChild is null" {file: "chrome://mochitests/content/browser/browser/base/content/test/general/browser_offlineQuotaNotification.js" line: 89}]
14:24:56 INFO - 578 INFO TEST-UNEXPECTED-FAIL | chrome://mochitests/content/browser/browser/base/content/test/general/browser_offlineQuotaNotification.js | Test timed out - expected PASS
14:24:56 INFO - 579 INFO TEST-OK | chrome://mochitests/content/browser/browser/base/content/test/general/browser_offlineQuotaNotification.js | took 45060ms
submit_timestamp: 2014-10-27T19:24:50
log: https://treeherder.mozilla.org/ui/logviewer.html#?repo=mozilla-inbound&job_id=3341691
repository: mozilla-inbound
who: philringnalda[at]gmail[dot]com
machine: tst-linux32-spot-294
buildname: Ubuntu VM 12.04 mozilla-inbound opt test mochitest-browser-chrome-1
revision: ecf4df03029a

576 INFO TEST-UNEXPECTED-FAIL | chrome://mochitests/content/browser/browser/base/content/test/general/browser_offlineQuotaNotification.js | Test timed out - expected PASS
submit_timestamp: 2014-10-30T15:36:43
log: https://treeherder.mozilla.org/ui/logviewer.html#?repo=try&job_id=2836911
repository: try
who: amccreight[at]mozilla[dot]com
machine: tst-linux32-spot-514
buildname: Ubuntu VM 12.04 try opt test mochitest-browser-chrome-1
revision: 6beb4e8478f0

643 INFO TEST-UNEXPECTED-FAIL | chrome://mochitests/content/browser/browser/base/content/test/general/browser_offlineQuotaNotification.js | Test timed out - expected PASS
submit_timestamp: 2014-11-03T02:10:42
log: https://treeherder.mozilla.org/ui/logviewer.html#?repo=mozilla-inbound&job_id=3521638
repository: mozilla-inbound
who: tomcat[at]mozilla[dot]com
machine: tst-linux64-spot-254
buildname: Ubuntu VM 12.04 x64 mozilla-inbound opt test mochitest-browser-chrome-1
revision: d03358bd369f

649 INFO TEST-UNEXPECTED-FAIL | chrome://mochitests/content/browser/browser/base/content/test/general/browser_offlineQuotaNotification.js | Test timed out - expected PASS
submit_timestamp: 2014-11-07T05:10:55
log: https://treeherder.mozilla.org/ui/logviewer.html#?repo=mozilla-inbound&job_id=3683721
repository: mozilla-inbound
who: tomcat[at]mozilla[dot]com
machine: bld-linux64-spot-044
buildname: b2g_mozilla-inbound_linux64-b2g-haz_dep
revision: 730b16079502

Traceback (most recent call last):
subprocess.CalledProcessError: Command '['/builds/slave/b2g_m-in_l64-b2g-haz_dep-00000/build/obj-opt-js/dist/bin/js', '/builds/slave/b2g_m-in_l64-b2g-haz_dep-00000/build/gecko/js/src/devtools/rootAnalysis/computeGCFunctions.js', 'callgraph.txt', 'gcFunctions.tmp', 'gcFunctions_list.tmp', 'gcEdges.tmp', 'suppressedFunctions_list.tmp']' returned non-zero exit status 3
Return code: 1
failed to build
Running post_fatal callback...
Exiting 2
submit_timestamp: 2014-11-07T05:10:55
log: https://treeherder.mozilla.org/ui/logviewer.html#?repo=mozilla-inbound&job_id=3683822
repository: mozilla-inbound
who: tomcat[at]mozilla[dot]com
machine: b-linux64-ix-0003
buildname: b2g_mozilla-inbound_linux64-b2g-haz_dep
revision: 78c290f82f03

Traceback (most recent call last):
subprocess.CalledProcessError: Command '['/builds/slave/b2g_m-in_l64-b2g-haz_dep-00000/build/obj-opt-js/dist/bin/js', '/builds/slave/b2g_m-in_l64-b2g-haz_dep-00000/build/gecko/js/src/devtools/rootAnalysis/computeGCFunctions.js', 'callgraph.txt', 'gcFunctions.tmp', 'gcFunctions_list.tmp', 'gcEdges.tmp', 'suppressedFunctions_list.tmp']' returned non-zero exit status 3
Return code: 1
failed to build
Running post_fatal callback...
Exiting 2
submit_timestamp: 2014-11-07T05:10:55
log: https://treeherder.mozilla.org/ui/logviewer.html#?repo=mozilla-inbound&job_id=3685079
repository: mozilla-inbound
who: tomcat[at]mozilla[dot]com
machine: tst-linux64-spot-1245
buildname: Ubuntu VM 12.04 x64 mozilla-inbound opt test mochitest-browser-chrome-1
revision: 663a6bc26926

455 INFO TEST-UNEXPECTED-FAIL | chrome://mochitests/content/browser/browser/base/content/test/general/browser_offlineQuotaNotification.js | Test timed out - expected PASS
submit_timestamp: 2014-11-10T04:58:03
log: https://treeherder.mozilla.org/ui/logviewer.html#?repo=mozilla-inbound&job_id=3733435
repository: mozilla-inbound
who: tomcat[at]mozilla[dot]com
machine: tst-linux32-spot-140
buildname: Ubuntu VM 12.04 mozilla-inbound pgo test mochitest-browser-chrome-1
revision: e589d2df5f19

455 INFO TEST-UNEXPECTED-FAIL | chrome://mochitests/content/browser/browser/base/content/test/general/browser_offlineQuotaNotification.js | Test timed out - expected PASS
submit_timestamp: 2014-11-16T14:32:52
log: https://treeherder.mozilla.org/ui/logviewer.html#?repo=fx-team&job_id=1209195
repository: fx-team
who: philringnalda[at]gmail[dot]com
machine: tst-linux64-spot-158
buildname: Ubuntu VM 12.04 x64 fx-team pgo test mochitest-browser-chrome-1
revision: 15e3285153be

455 INFO TEST-UNEXPECTED-FAIL | chrome://mochitests/content/browser/browser/base/content/test/general/browser_offlineQuotaNotification.js | Test timed out - expected PASS
submit_timestamp: 2014-11-17T04:17:40
log: https://treeherder.mozilla.org/ui/logviewer.html#?repo=mozilla-inbound&job_id=3946611
repository: mozilla-inbound
who: tomcat[at]mozilla[dot]com
machine: tst-linux64-spot-297
buildname: Ubuntu VM 12.04 x64 mozilla-inbound pgo test mochitest-browser-chrome-1
revision: 67c2b419d836

455 INFO TEST-UNEXPECTED-FAIL | chrome://mochitests/content/browser/browser/base/content/test/general/browser_offlineQuotaNotification.js | Test timed out - expected PASS
submit_timestamp: 2014-11-18T13:40:20
log: https://treeherder.mozilla.org/ui/logviewer.html#?repo=mozilla-inbound&job_id=4003060
repository: mozilla-inbound
who: wkocher[at]mozilla[dot]com
machine: tst-linux32-spot-169
buildname: Ubuntu VM 12.04 mozilla-inbound opt test mochitest-browser-chrome-1
revision: 59107651d86d

471 INFO TEST-UNEXPECTED-FAIL | chrome://mochitests/content/browser/browser/base/content/test/general/browser_offlineQuotaNotification.js | Test timed out - expected PASS
submit_timestamp: 2014-11-19T06:02:14
log: https://treeherder.mozilla.org/ui/logviewer.html#?repo=fx-team&job_id=1233135
repository: fx-team
who: tomcat[at]mozilla[dot]com
machine: tst-linux32-spot-020
buildname: Ubuntu VM 12.04 fx-team pgo test mochitest-browser-chrome-1
revision: 888dd71a867f

473 INFO TEST-UNEXPECTED-FAIL | chrome://mochitests/content/browser/browser/base/content/test/general/browser_offlineQuotaNotification.js | Test timed out - expected PASS
submit_timestamp: 2014-11-24T23:30:38
log: https://treeherder.mozilla.org/ui/logviewer.html#?repo=b2g-inbound&job_id=896243
repository: b2g-inbound
who: tomcat[at]mozilla[dot]com
machine: tst-linux32-spot-023
buildname: Ubuntu VM 12.04 b2g-inbound pgo test mochitest-browser-chrome-1
revision: 6354f1e5907f

473 INFO TEST-UNEXPECTED-FAIL | chrome://mochitests/content/browser/browser/base/content/test/general/browser_offlineQuotaNotification.js | Test timed out - expected PASS
submit_timestamp: 2014-11-27T04:33:26
log: https://treeherder.mozilla.org/ui/logviewer.html#?repo=b2g-inbound&job_id=915712
repository: b2g-inbound
who: tomcat[at]mozilla[dot]com
machine: tst-linux32-spot-1006
buildname: Ubuntu VM 12.04 b2g-inbound opt test mochitest-browser-chrome-1
revision: dce264e3c9f1

473 INFO TEST-UNEXPECTED-FAIL | chrome://mochitests/content/browser/browser/base/content/test/general/browser_offlineQuotaNotification.js | Test timed out - expected PASS
submit_timestamp: 2014-11-28T04:33:20
log: https://treeherder.mozilla.org/ui/logviewer.html#?repo=mozilla-inbound&job_id=4285307
repository: mozilla-inbound
who: tomcat[at]mozilla[dot]com
machine: tst-linux64-spot-721
buildname: Ubuntu VM 12.04 x64 mozilla-inbound opt test mochitest-browser-chrome-1
revision: 7e582ef49f2f

473 INFO TEST-UNEXPECTED-FAIL | chrome://mochitests/content/browser/browser/base/content/test/general/browser_offlineQuotaNotification.js | Test timed out - expected PASS
submit_timestamp: 2014-11-28T17:08:36
log: https://treeherder.mozilla.org/ui/logviewer.html#?repo=b2g-inbound&job_id=928591
repository: b2g-inbound
who: philringnalda[at]gmail[dot]com
machine: tst-linux32-spot-1021
buildname: Ubuntu VM 12.04 b2g-inbound pgo test mochitest-browser-chrome-1
revision: b660e49c5ea3

473 INFO TEST-UNEXPECTED-FAIL | chrome://mochitests/content/browser/browser/base/content/test/general/browser_offlineQuotaNotification.js | Test timed out - expected PASS
submit_timestamp: 2014-12-01T12:34:21
log: https://treeherder.mozilla.org/ui/logviewer.html#?repo=mozilla-inbound&job_id=4323517
repository: mozilla-inbound
who: philringnalda[at]gmail[dot]com
machine: tst-linux32-spot-265
buildname: Ubuntu VM 12.04 mozilla-inbound opt test mochitest-browser-chrome-1
revision: 265e01c7ff55

473 INFO TEST-UNEXPECTED-FAIL | chrome://mochitests/content/browser/browser/base/content/test/general/browser_offlineQuotaNotification.js | Test timed out - expected PASS
555 INFO TEST-UNEXPECTED-FAIL | chrome://mochitests/content/browser/browser/base/content/test/general/browser_tabMatchesInAwesomebar_perwindowpb.js | Test timed out - expected PASS
558 INFO TEST-UNEXPECTED-FAIL | chrome://mochitests/content/browser/browser/base/content/test/general/browser_tabMatchesInAwesomebar_perwindowpb.js | Found a browser window after previous test timed out - expected PASS
559 INFO TEST-UNEXPECTED-FAIL | chrome://mochitests/content/browser/browser/base/content/test/general/browser_tabMatchesInAwesomebar_perwindowpb.js | Found a browser window after previous test timed out - expected PASS
submit_timestamp: 2014-12-07T22:54:21
log: https://treeherder.mozilla.org/ui/logviewer.html#?repo=mozilla-inbound&job_id=4421795
repository: mozilla-inbound
who: tomcat[at]mozilla[dot]com
machine: tst-linux64-spot-215
buildname: Ubuntu VM 12.04 x64 mozilla-inbound opt test mochitest-browser-chrome-1
revision: 1ea671313ad3

473 INFO TEST-UNEXPECTED-FAIL | chrome://mochitests/content/browser/browser/base/content/test/general/browser_offlineQuotaNotification.js | Test timed out - expected PASS
555 INFO TEST-UNEXPECTED-FAIL | chrome://mochitests/content/browser/browser/base/content/test/general/browser_tabMatchesInAwesomebar_perwindowpb.js | undefined assertion name -
562 INFO TEST-UNEXPECTED-FAIL | chrome://mochitests/content/browser/browser/base/content/test/general/browser_tabMatchesInAwesomebar_perwindowpb.js | Test timed out - expected PASS
565 INFO TEST-UNEXPECTED-FAIL | chrome://mochitests/content/browser/browser/base/content/test/general/browser_tabMatchesInAwesomebar_perwindowpb.js | Found a browser window after previous test timed out - expected PASS
paul
https://tbpl.mozilla.org/php/getParsedLog.php?id=54588121&tree=Try
Ubuntu VM 12.04 x64 try opt test mochitest-browser-chrome-1 on 2014-12-15 02:15:59
revision: 04e8781a843b
slave: tst-linux64-spot-995

475 INFO TEST-UNEXPECTED-FAIL | chrome://mochitests/content/browser/browser/base/content/test/general/browser_offlineQuotaNotification.js | Test timed out - expected PASS
563 INFO TEST-UNEXPECTED-FAIL | chrome://mochitests/content/browser/browser/base/content/test/general/browser_tabMatchesInAwesomebar_perwindowpb.js | Test timed out - expected PASS
566 INFO TEST-UNEXPECTED-FAIL | chrome://mochitests/content/browser/browser/base/content/test/general/browser_tabMatchesInAwesomebar_perwindowpb.js | Found a browser window after previous test timed out - expected PASS
submit_timestamp: 2014-12-18T10:35:14
log: https://treeherder.mozilla.org/ui/logviewer.html#?repo=mozilla-inbound&job_id=4765684
repository: mozilla-inbound
who: rvandermeulen[at]mozilla[dot]com
machine: tst-linux64-spot-085
buildname: Ubuntu VM 12.04 x64 mozilla-inbound opt test mochitest-browser-chrome-1
revision: a6d5c1ad6e4f

491 INFO TEST-UNEXPECTED-FAIL | browser/base/content/test/general/browser_offlineQuotaNotification.js | Test timed out - expected PASS
581 INFO TEST-UNEXPECTED-FAIL | browser/base/content/test/general/browser_tabMatchesInAwesomebar_perwindowpb.js | Test timed out - expected PASS
584 INFO TEST-UNEXPECTED-FAIL | browser/base/content/test/general/browser_tabMatchesInAwesomebar_perwindowpb.js | Found a browser window after previous test timed out - expected PASS
submit_timestamp: 2014-12-22T19:04:35
log: https://treeherder.mozilla.org/ui/logviewer.html#?repo=fx-team&job_id=1528657
repository: fx-team
who: rvandermeulen[at]mozilla[dot]com
machine: tst-linux64-spot-804
buildname: Ubuntu VM 12.04 x64 fx-team pgo test mochitest-browser-chrome-1
revision: 893dbf1b59ee

493 INFO TEST-UNEXPECTED-FAIL | browser/base/content/test/general/browser_offlineQuotaNotification.js | Test timed out - expected PASS
583 INFO TEST-UNEXPECTED-FAIL | browser/base/content/test/general/browser_tabMatchesInAwesomebar_perwindowpb.js | Test timed out - expected PASS
586 INFO TEST-UNEXPECTED-FAIL | browser/base/content/test/general/browser_tabMatchesInAwesomebar_perwindowpb.js | Found a browser window after previous test timed out - expected PASS
submit_timestamp: 2014-12-24T08:21:19
log: https://treeherder.mozilla.org/ui/logviewer.html#?repo=mozilla-inbound&job_id=4940691
repository: mozilla-inbound
who: philringnalda[at]gmail[dot]com
machine: tst-linux32-spot-202
buildname: Ubuntu VM 12.04 mozilla-inbound opt test mochitest-browser-chrome-1
revision: b17f6c6b10a1

493 INFO TEST-UNEXPECTED-FAIL | browser/base/content/test/general/browser_offlineQuotaNotification.js | Test timed out - expected PASS
submit_timestamp: 2014-12-24T19:49:31
log: https://treeherder.mozilla.org/ui/logviewer.html#?repo=mozilla-inbound&job_id=4946196
repository: mozilla-inbound
who: philringnalda[at]gmail[dot]com
machine: tst-linux32-spot-062
buildname: Ubuntu VM 12.04 mozilla-inbound opt test mochitest-browser-chrome-1
revision: 76d1641cf90b

493 INFO TEST-UNEXPECTED-FAIL | browser/base/content/test/general/browser_offlineQuotaNotification.js | Test timed out - expected PASS
submit_timestamp: 2014-12-25T14:02:14
log: https://treeherder.mozilla.org/ui/logviewer.html#?repo=fx-team&job_id=1549666
repository: fx-team
who: philringnalda[at]gmail[dot]com
machine: tst-linux32-spot-044
buildname: Ubuntu VM 12.04 fx-team opt test mochitest-browser-chrome-1
revision: 986ef444a8bb

493 INFO TEST-UNEXPECTED-FAIL | browser/base/content/test/general/browser_offlineQuotaNotification.js | Test timed out - expected PASS
submit_timestamp: 2014-12-26T10:48:48
log: https://treeherder.mozilla.org/ui/logviewer.html#?repo=mozilla-inbound&job_id=4959442
repository: mozilla-inbound
who: rvandermeulen[at]mozilla[dot]com
machine: tst-linux64-spot-1220
buildname: Ubuntu VM 12.04 x64 mozilla-inbound opt test mochitest-browser-chrome-1
revision: 4fd307cbb9d9

493 INFO TEST-UNEXPECTED-FAIL | browser/base/content/test/general/browser_offlineQuotaNotification.js | Test timed out - expected PASS
submit_timestamp: 2014-12-26T12:55:08
log: https://treeherder.mozilla.org/ui/logviewer.html#?repo=mozilla-inbound&job_id=4961900
repository: mozilla-inbound
who: wkocher[at]mozilla[dot]com
machine: tst-linux32-spot-110
buildname: Ubuntu VM 12.04 mozilla-inbound pgo test mochitest-browser-chrome-1
revision: 507c50a68d58

493 INFO TEST-UNEXPECTED-FAIL | browser/base/content/test/general/browser_offlineQuotaNotification.js | Test timed out - expected PASS
submit_timestamp: 2014-12-29T07:27:30
log: https://treeherder.mozilla.org/ui/logviewer.html#?repo=try&job_id=3919060
repository: try
who: jcoppeard[at]mozilla[dot]com
machine: tst-linux64-spot-448
buildname: Ubuntu VM 12.04 x64 try opt test mochitest-browser-chrome-1
revision: 240cab7cae9a

493 INFO TEST-UNEXPECTED-FAIL | browser/base/content/test/general/browser_offlineQuotaNotification.js | Test timed out - expected PASS
submit_timestamp: 2014-12-29T10:59:45
log: https://treeherder.mozilla.org/ui/logviewer.html#?repo=mozilla-inbound&job_id=4978129
repository: mozilla-inbound
who: philringnalda[at]gmail[dot]com
machine: tst-linux32-spot-041
buildname: Ubuntu VM 12.04 mozilla-inbound pgo test mochitest-browser-chrome-1
revision: 47185628a395

493 INFO TEST-UNEXPECTED-FAIL | browser/base/content/test/general/browser_offlineQuotaNotification.js | Test timed out - expected PASS
submit_timestamp: 2014-12-29T22:02:17
log: https://treeherder.mozilla.org/ui/logviewer.html#?repo=mozilla-inbound&job_id=4993049
repository: mozilla-inbound
who: philringnalda[at]gmail[dot]com
machine: tst-linux64-spot-378
buildname: Ubuntu VM 12.04 x64 mozilla-inbound opt test mochitest-browser-chrome-1
revision: 2f51262d2cab

493 INFO TEST-UNEXPECTED-FAIL | browser/base/content/test/general/browser_offlineQuotaNotification.js | Test timed out - expected PASS
submit_timestamp: 2014-12-29T22:07:52
log: https://treeherder.mozilla.org/ui/logviewer.html#?repo=mozilla-inbound&job_id=4992468
repository: mozilla-inbound
who: philringnalda[at]gmail[dot]com
machine: tst-linux32-spot-700
buildname: Ubuntu VM 12.04 mozilla-inbound pgo test mochitest-browser-chrome-1
revision: f1fb6e0260a8

493 INFO TEST-UNEXPECTED-FAIL | browser/base/content/test/general/browser_offlineQuotaNotification.js | Test timed out - expected PASS
submit_timestamp: 2014-12-30T15:31:32
log: https://treeherder.mozilla.org/ui/logviewer.html#?repo=mozilla-inbound&job_id=5008680
repository: mozilla-inbound
who: philringnalda[at]gmail[dot]com
machine: tst-linux32-spot-171
buildname: Ubuntu VM 12.04 mozilla-inbound opt test mochitest-browser-chrome-1
revision: 0365efa5999a

493 INFO TEST-UNEXPECTED-FAIL | browser/base/content/test/general/browser_offlineQuotaNotification.js | Test timed out - expected PASS
submit_timestamp: 2014-12-31T19:46:18
log: https://treeherder.mozilla.org/ui/logviewer.html#?repo=try&job_id=3945563
repository: try
who: jib[at]mozilla[dot]com
machine: tst-linux32-spot-263
buildname: Ubuntu VM 12.04 try opt test mochitest-browser-chrome-1
revision: 9bc36e8bb041

493 INFO TEST-UNEXPECTED-FAIL | browser/base/content/test/general/browser_offlineQuotaNotification.js | Test timed out - expected PASS
submit_timestamp: 2015-01-02T01:58:31
log: https://treeherder.mozilla.org/ui/logviewer.html#?repo=mozilla-inbound&job_id=5030547
repository: mozilla-inbound
who: tomcat[at]mozilla[dot]com
machine: bld-linux64-spot-1000
buildname: linux64-br-haz_mozilla-inbound_dep
revision: a124ee010fa7

Traceback (most recent call last):
subprocess.CalledProcessError: Command '['/builds/slave/l64-br-haz_m-in_dep-0000000000/build/obj-opt-js/dist/bin/js', '/builds/slave/l64-br-haz_m-in_dep-0000000000/build/source/js/src/devtools/rootAnalysis/computeCallgraph.js']' returned non-zero exit status -6
Return code: 1
analysis failed, can't continue.
Running post_fatal callback...
Exiting 2
submit_timestamp: 2015-01-02T01:58:31
log: https://treeherder.mozilla.org/ui/logviewer.html#?repo=mozilla-inbound&job_id=5030856
repository: mozilla-inbound
who: tomcat[at]mozilla[dot]com
machine: tst-linux64-spot-987
buildname: Ubuntu VM 12.04 x64 mozilla-inbound opt test mochitest-browser-chrome-1
revision: a124ee010fa7

493 INFO TEST-UNEXPECTED-FAIL | browser/base/content/test/general/browser_offlineQuotaNotification.js | Test timed out - expected PASS
seth
https://tbpl.mozilla.org/php/getParsedLog.php?id=55690109&tree=Try
Ubuntu VM 12.04 x64 try opt test mochitest-browser-chrome-1 on 2015-01-04 19:41:06
revision: 8b17f7fce49f
slave: tst-linux64-spot-687

493 INFO TEST-UNEXPECTED-FAIL | browser/base/content/test/general/browser_offlineQuotaNotification.js | Test timed out - expected PASS
simplejson.scanner.JSONDecodeError: Expecting value: line 1 column 1 (char 0)
Return code: 1
submit_timestamp: 2015-01-05T11:58:59
log: https://treeherder.mozilla.org/ui/logviewer.html#?repo=mozilla-inbound&job_id=5083310
repository: mozilla-inbound
who: philringnalda[at]gmail[dot]com
machine: tst-linux64-spot-345
buildname: Ubuntu VM 12.04 x64 mozilla-inbound opt test mochitest-browser-chrome-1
revision: dd46ca13fe75

493 INFO TEST-UNEXPECTED-FAIL | browser/base/content/test/general/browser_offlineQuotaNotification.js | Test timed out - expected PASS
submit_timestamp: 2015-01-05T17:03:11
log: https://treeherder.mozilla.org/ui/logviewer.html#?repo=mozilla-inbound&job_id=5094737
repository: mozilla-inbound
who: philringnalda[at]gmail[dot]com
machine: tst-linux64-spot-138
buildname: Ubuntu VM 12.04 x64 mozilla-inbound opt test mochitest-browser-chrome-1
revision: 7cdfef0fddb8

493 INFO TEST-UNEXPECTED-FAIL | browser/base/content/test/general/browser_offlineQuotaNotification.js | Test timed out - expected PASS
submit_timestamp: 2015-01-06T10:54:50
log: https://treeherder.mozilla.org/ui/logviewer.html#?repo=fx-team&job_id=1602431
repository: fx-team
who: rvandermeulen[at]mozilla[dot]com
machine: tst-linux32-spot-1049
buildname: Ubuntu VM 12.04 fx-team opt test mochitest-browser-chrome-1
revision: 7a8b80930bd1

495 INFO TEST-UNEXPECTED-FAIL | browser/base/content/test/general/browser_offlineQuotaNotification.js | Test timed out - expected PASS
submit_timestamp: 2015-01-07T04:55:36
log: https://treeherder.mozilla.org/ui/logviewer.html#?repo=b2g-inbound&job_id=1109945
repository: b2g-inbound
who: tomcat[at]mozilla[dot]com
machine: tst-linux32-spot-1039
buildname: Ubuntu VM 12.04 b2g-inbound pgo test mochitest-browser-chrome-1
revision: 9bf521b43c84

495 INFO TEST-UNEXPECTED-FAIL | browser/base/content/test/general/browser_offlineQuotaNotification.js | Test timed out - expected PASS
submit_timestamp: 2015-01-07T07:15:47
log: https://treeherder.mozilla.org/ui/logviewer.html#?repo=mozilla-inbound&job_id=5156010
repository: mozilla-inbound
who: tomcat[at]mozilla[dot]com
machine: tst-linux32-spot-728
buildname: Ubuntu VM 12.04 mozilla-inbound pgo test mochitest-browser-chrome-1
revision: 839f6e4f322a

495 INFO TEST-UNEXPECTED-FAIL | browser/base/content/test/general/browser_offlineQuotaNotification.js | Test timed out - expected PASS
submit_timestamp: 2015-01-07T14:08:36
log: https://treeherder.mozilla.org/ui/logviewer.html#?repo=fx-team&job_id=1613945
repository: fx-team
who: wkocher[at]mozilla[dot]com
machine: tst-linux32-spot-221
buildname: Ubuntu VM 12.04 fx-team pgo test mochitest-browser-chrome-1
revision: 5b030e48e8b0

495 INFO TEST-UNEXPECTED-FAIL | browser/base/content/test/general/browser_offlineQuotaNotification.js | Test timed out - expected PASS
submit_timestamp: 2015-01-07T15:45:49
log: https://treeherder.mozilla.org/ui/logviewer.html#?repo=mozilla-aurora&job_id=498407
repository: mozilla-aurora
who: wkocher[at]mozilla[dot]com
machine: tst-linux64-spot-802
buildname: Ubuntu VM 12.04 x64 mozilla-aurora pgo test mochitest-browser-chrome-1
revision: 1aaa04637144

470 INFO TEST-UNEXPECTED-FAIL | chrome://mochitests/content/browser/browser/base/content/test/general/browser_offlineQuotaNotification.js | uncaught exception - TypeError: PopupNotifications.panel.firstElementChild is null at chrome://mochitests/content/browser/browser/base/content/test/general/browser_offlineQuotaNotification.js:89
474 INFO TEST-UNEXPECTED-FAIL | chrome://mochitests/content/browser/browser/base/content/test/general/browser_offlineQuotaNotification.js | Test timed out - expected PASS
submit_timestamp: 2015-01-07T21:06:33
log: https://treeherder.mozilla.org/ui/logviewer.html#?repo=mozilla-central&job_id=852596
repository: mozilla-central
who: philringnalda[at]gmail[dot]com
machine: tst-linux32-spot-714
buildname: Ubuntu VM 12.04 mozilla-central pgo test mochitest-browser-chrome-1
revision: 70de2960aa87

489 INFO TEST-UNEXPECTED-FAIL | browser/base/content/test/general/browser_offlineQuotaNotification.js | Test timed out - expected PASS
submit_timestamp: 2015-01-07T23:43:32
log: https://treeherder.mozilla.org/ui/logviewer.html#?repo=mozilla-inbound&job_id=5191827
repository: mozilla-inbound
who: tomcat[at]mozilla[dot]com
machine: tst-linux32-spot-657
buildname: Ubuntu VM 12.04 mozilla-inbound opt test mochitest-browser-chrome-1
revision: a17fa338bf0f

489 INFO TEST-UNEXPECTED-FAIL | browser/base/content/test/general/browser_offlineQuotaNotification.js | Test timed out - expected PASS
submit_timestamp: 2015-01-08T06:21:23
log: https://treeherder.mozilla.org/ui/logviewer.html#?repo=mozilla-aurora&job_id=499117
repository: mozilla-aurora
who: rvandermeulen[at]mozilla[dot]com
machine: tst-linux32-spot-783
buildname: Ubuntu VM 12.04 mozilla-aurora pgo test mochitest-browser-chrome-1
revision: 5e460d017467

470 INFO TEST-UNEXPECTED-FAIL | chrome://mochitests/content/browser/browser/base/content/test/general/browser_offlineQuotaNotification.js | uncaught exception - TypeError: PopupNotifications.panel.firstElementChild is null at chrome://mochitests/content/browser/browser/base/content/test/general/browser_offlineQuotaNotification.js:89
474 INFO TEST-UNEXPECTED-FAIL | chrome://mochitests/content/browser/browser/base/content/test/general/browser_offlineQuotaNotification.js | Test timed out - expected PASS
submit_timestamp: 2015-01-08T07:37:42
log: https://treeherder.mozilla.org/ui/logviewer.html#?repo=fx-team&job_id=1620319
repository: fx-team
who: rvandermeulen[at]mozilla[dot]com
machine: tst-linux32-spot-691
buildname: Ubuntu VM 12.04 fx-team opt test mochitest-browser-chrome-1
revision: b336e9272939

489 INFO TEST-UNEXPECTED-FAIL | browser/base/content/test/general/browser_offlineQuotaNotification.js | Test timed out - expected PASS
submit_timestamp: 2015-01-08T12:50:38
log: https://treeherder.mozilla.org/ui/logviewer.html#?repo=try&job_id=4066495
repository: try
who: bbirtles[at]mozilla[dot]com
machine: tst-linux32-spot-607
buildname: Ubuntu VM 12.04 try opt test mochitest-browser-chrome-1
revision: 20b043cd4fca

489 INFO TEST-UNEXPECTED-FAIL | browser/base/content/test/general/browser_offlineQuotaNotification.js | Test timed out - expected PASS
submit_timestamp: 2015-01-09T02:42:36
log: https://treeherder.mozilla.org/logviewer.html#?repo=fx-team&job_id=1633467
repository: fx-team
who: tomcat[at]mozilla[dot]com
machine: tst-linux32-spot-048
buildname: Ubuntu VM 12.04 fx-team pgo test mochitest-browser-chrome-1
revision: d511112704cf

495 INFO TEST-UNEXPECTED-FAIL | browser/base/content/test/general/browser_offlineQuotaNotification.js | Test timed out - expected PASS
submit_timestamp: 2015-01-09T04:55:50
log: https://treeherder.mozilla.org/logviewer.html#?repo=mozilla-central&job_id=858204
repository: mozilla-central
who: tomcat[at]mozilla[dot]com
machine: tst-linux64-spot-174
buildname: Ubuntu VM 12.04 x64 mozilla-central pgo test mochitest-browser-chrome-1
revision: b3f84cf78dc2

489 INFO TEST-UNEXPECTED-FAIL | browser/base/content/test/general/browser_offlineQuotaNotification.js | Test timed out - expected PASS
submit_timestamp: 2015-01-09T05:36:38
log: https://treeherder.mozilla.org/logviewer.html#?repo=fx-team&job_id=1634342
repository: fx-team
who: tomcat[at]mozilla[dot]com
machine: tst-linux32-spot-471
buildname: Ubuntu VM 12.04 fx-team opt test mochitest-browser-chrome-1
revision: 569130fd40b5

495 INFO TEST-UNEXPECTED-FAIL | browser/base/content/test/general/browser_offlineQuotaNotification.js | Test timed out - expected PASS
submit_timestamp: 2015-01-12T07:44:22
log: https://treeherder.mozilla.org/logviewer.html#?repo=mozilla-inbound&job_id=5347482
repository: mozilla-inbound
who: tomcat[at]mozilla[dot]com
machine: tst-linux32-spot-098
buildname: Ubuntu VM 12.04 mozilla-inbound opt test mochitest-browser-chrome-1
revision: a7f64e53893e

495 INFO TEST-UNEXPECTED-FAIL | browser/base/content/test/general/browser_offlineQuotaNotification.js | Test timed out - expected PASS
submit_timestamp: 2015-01-12T21:30:24
log: https://treeherder.mozilla.org/logviewer.html#?repo=mozilla-central&job_id=875136
repository: mozilla-central
who: philringnalda[at]gmail[dot]com
machine: tst-linux32-spot-211
buildname: Ubuntu VM 12.04 mozilla-central opt test mochitest-browser-chrome-1
revision: 5e3790525a92

495 INFO TEST-UNEXPECTED-FAIL | browser/base/content/test/general/browser_offlineQuotaNotification.js | Test timed out - expected PASS
submit_timestamp: 2015-01-13T08:55:43
log: https://treeherder.mozilla.org/logviewer.html#?repo=fx-team&job_id=1677158
repository: fx-team
who: rvandermeulen[at]mozilla[dot]com
machine: tst-linux32-spot-784
buildname: Ubuntu VM 12.04 fx-team pgo test mochitest-browser-chrome-1
revision: 005a7c3f0fac

495 INFO TEST-UNEXPECTED-FAIL | browser/base/content/test/general/browser_offlineQuotaNotification.js | Test timed out - expected PASS
submit_timestamp: 2015-01-13T20:44:23
log: https://treeherder.mozilla.org/logviewer.html#?repo=mozilla-inbound&job_id=5429508
repository: mozilla-inbound
who: philringnalda[at]gmail[dot]com
machine: tst-linux32-spot-766
buildname: Ubuntu VM 12.04 mozilla-inbound opt test mochitest-browser-chrome-1
revision: f867a45b8068

495 INFO TEST-UNEXPECTED-FAIL | browser/base/content/test/general/browser_offlineQuotaNotification.js | Test timed out - expected PASS
submit_timestamp: 2015-01-14T01:48:06
log: https://treeherder.mozilla.org/logviewer.html#?repo=try&job_id=4201082
repository: try
who: jcoppeard[at]mozilla[dot]com
machine: tst-linux32-spot-360
buildname: Ubuntu VM 12.04 try opt test mochitest-browser-chrome-1
revision: 938545ab4591

495 INFO TEST-UNEXPECTED-FAIL | browser/base/content/test/general/browser_offlineQuotaNotification.js | Test timed out - expected PASS
submit_timestamp: 2015-01-14T04:34:15
log: https://treeherder.mozilla.org/logviewer.html#?repo=mozilla-inbound&job_id=5439262
repository: mozilla-inbound
who: tomcat[at]mozilla[dot]com
machine: tst-linux32-spot-264
buildname: Ubuntu VM 12.04 mozilla-inbound opt test mochitest-browser-chrome-1
revision: 95a7e60a6970

495 INFO TEST-UNEXPECTED-FAIL | browser/base/content/test/general/browser_offlineQuotaNotification.js | Test timed out - expected PASS
521 INFO TEST-UNEXPECTED-FAIL | browser/base/content/test/general/browser_popup_blocker.js | Test timed out - expected PASS
526 INFO TEST-UNEXPECTED-FAIL | browser/base/content/test/general/browser_popup_blocker.js | Found a tab after previous test timed out: http://example.com/browser/browser/base/content/test/general/popup_blocker.html - expected PASS
submit_timestamp: 2015-01-14T08:13:59
log: https://treeherder.mozilla.org/logviewer.html#?repo=mozilla-inbound&job_id=5440529
repository: mozilla-inbound
who: philringnalda[at]gmail[dot]com
machine: tst-linux64-spot-1128
buildname: Ubuntu VM 12.04 x64 mozilla-inbound opt test mochitest-browser-chrome-1
revision: ac9a967e5a10

495 INFO TEST-UNEXPECTED-FAIL | browser/base/content/test/general/browser_offlineQuotaNotification.js | Test timed out - expected PASS
submit_timestamp: 2015-01-14T15:10:06
log: https://treeherder.mozilla.org/logviewer.html#?repo=mozilla-beta&job_id=214220
repository: mozilla-beta
who: rvandermeulen[at]mozilla[dot]com
machine: tst-linux32-spot-542
buildname: Ubuntu VM 12.04 mozilla-beta pgo test mochitest-browser-chrome-1
revision: 454907933777

474 INFO TEST-UNEXPECTED-FAIL | chrome://mochitests/content/browser/browser/base/content/test/general/browser_offlineQuotaNotification.js | uncaught exception - TypeError: PopupNotifications.panel.firstElementChild is null at chrome://mochitests/content/browser/browser/base/content/test/general/browser_offlineQuotaNotification.js:89
478 INFO TEST-UNEXPECTED-FAIL | chrome://mochitests/content/browser/browser/base/content/test/general/browser_offlineQuotaNotification.js | Test timed out - expected PASS
submit_timestamp: 2015-01-14T19:20:00
log: https://treeherder.mozilla.org/logviewer.html#?repo=fx-team&job_id=1695446
repository: fx-team
who: philringnalda[at]gmail[dot]com
machine: tst-linux32-spot-428
buildname: Ubuntu VM 12.04 fx-team pgo test mochitest-browser-chrome-1
revision: 565179dcd634

497 INFO TEST-UNEXPECTED-FAIL | browser/base/content/test/general/browser_offlineQuotaNotification.js | Test timed out - expected PASS
submit_timestamp: 2015-01-15T19:07:20
log: https://treeherder.mozilla.org/logviewer.html#?repo=mozilla-central&job_id=893286
repository: mozilla-central
who: philringnalda[at]gmail[dot]com
machine: tst-linux32-spot-569
buildname: Ubuntu VM 12.04 mozilla-central pgo test mochitest-browser-chrome-1
revision: cc1cfd6f4ca8

497 INFO TEST-UNEXPECTED-FAIL | browser/base/content/test/general/browser_offlineQuotaNotification.js | Test timed out - expected PASS
submit_timestamp: 2015-01-15T20:46:52
log: https://treeherder.mozilla.org/logviewer.html#?repo=mozilla-inbound&job_id=5530402
repository: mozilla-inbound
who: philringnalda[at]gmail[dot]com
machine: tst-linux64-spot-135
buildname: Ubuntu VM 12.04 x64 mozilla-inbound opt test mochitest-browser-chrome-1
revision: 0a0caae8e447

497 INFO TEST-UNEXPECTED-FAIL | browser/base/content/test/general/browser_offlineQuotaNotification.js | Test timed out - expected PASS
submit_timestamp: 2015-01-16T03:17:30
log: https://treeherder.mozilla.org/logviewer.html#?repo=mozilla-inbound&job_id=5537870
repository: mozilla-inbound
who: tomcat[at]mozilla[dot]com
machine: tst-linux64-spot-1275
buildname: Ubuntu VM 12.04 x64 mozilla-inbound opt test mochitest-browser-chrome-1
revision: 47b586de5661

497 INFO TEST-UNEXPECTED-FAIL | browser/base/content/test/general/browser_offlineQuotaNotification.js | Test timed out - expected PASS
submit_timestamp: 2015-01-17T09:42:55
log: https://treeherder.mozilla.org/logviewer.html#?repo=mozilla-aurora&job_id=521016
repository: mozilla-aurora
who: philringnalda[at]gmail[dot]com
machine: tst-linux32-spot-1022
buildname: Ubuntu VM 12.04 mozilla-aurora pgo test mochitest-browser-chrome-1
revision: 01605f96193e

492 INFO TEST-UNEXPECTED-FAIL | browser/base/content/test/general/browser_offlineQuotaNotification.js | uncaught exception - TypeError: PopupNotifications.panel.firstElementChild is null at chrome://mochitests/content/browser/browser/base/content/test/general/browser_offlineQuotaNotification.js:89
496 INFO TEST-UNEXPECTED-FAIL | browser/base/content/test/general/browser_offlineQuotaNotification.js | Test timed out - expected PASS
submit_timestamp: 2015-01-17T21:32:49
log: https://treeherder.mozilla.org/logviewer.html#?repo=mozilla-central&job_id=902886
repository: mozilla-central
who: philringnalda[at]gmail[dot]com
machine: tst-linux32-spot-273
buildname: Ubuntu VM 12.04 mozilla-central pgo test mochitest-browser-chrome-1
revision: 0c454540fc2b

499 INFO TEST-UNEXPECTED-FAIL | browser/base/content/test/general/browser_offlineQuotaNotification.js | Test timed out - expected PASS
log: https://treeherder.mozilla.org/logviewer.html#?repo=mozilla-inbound&job_id=5630601
repository: mozilla-inbound
start_time: 2015-01-19T09:59:27
who: philringnalda[at]gmail[dot]com
machine: tst-linux32-spot-645
buildname: Ubuntu VM 12.04 mozilla-inbound opt test mochitest-browser-chrome-1
revision: 981a1a2dd464

499 INFO TEST-UNEXPECTED-FAIL | browser/base/content/test/general/browser_offlineQuotaNotification.js | Test timed out - expected PASS
log: https://treeherder.mozilla.org/logviewer.html#?repo=try&job_id=4329914
repository: try
start_time: 2015-01-19T13:29:29
who: arai_a[at]mac[dot]com
machine: tst-linux32-spot-194
buildname: Ubuntu VM 12.04 try opt test mochitest-browser-chrome-1
revision: a86aabd6b419

499 INFO TEST-UNEXPECTED-FAIL | browser/base/content/test/general/browser_offlineQuotaNotification.js | Test timed out - expected PASS
log: https://treeherder.mozilla.org/logviewer.html#?repo=b2g-inbound&job_id=1198369
repository: b2g-inbound
start_time: 2015-01-20T22:11:04
who: philringnalda[at]gmail[dot]com
machine: tst-linux64-spot-1122
buildname: Ubuntu VM 12.04 x64 b2g-inbound pgo test mochitest-browser-chrome-1
revision: 1b8de94f906b

499 INFO TEST-UNEXPECTED-FAIL | browser/base/content/test/general/browser_offlineQuotaNotification.js | Test timed out - expected PASS
log: https://treeherder.mozilla.org/logviewer.html#?repo=mozilla-beta&job_id=224376
repository: mozilla-beta
start_time: 2015-01-21T11:56:16
who: wkocher[at]mozilla[dot]com
machine: tst-linux32-spot-304
buildname: Ubuntu VM 12.04 mozilla-beta pgo test mochitest-browser-chrome-1
revision: 430bff48811d

474 INFO TEST-UNEXPECTED-FAIL | chrome://mochitests/content/browser/browser/base/content/test/general/browser_offlineQuotaNotification.js | uncaught exception - TypeError: PopupNotifications.panel.firstElementChild is null at chrome://mochitests/content/browser/browser/base/content/test/general/browser_offlineQuotaNotification.js:89
478 INFO TEST-UNEXPECTED-FAIL | chrome://mochitests/content/browser/browser/base/content/test/general/browser_offlineQuotaNotification.js | Test timed out - expected PASS
log: https://treeherder.mozilla.org/logviewer.html#?repo=mozilla-central&job_id=919206
repository: mozilla-central
start_time: 2015-01-21T14:51:19
who: wkocher[at]mozilla[dot]com
machine: tst-linux32-spot-467
buildname: Ubuntu VM 12.04 mozilla-central opt test mochitest-browser-chrome-1
revision: b7650eab6339

499 INFO TEST-UNEXPECTED-FAIL | browser/base/content/test/general/browser_offlineQuotaNotification.js | Test timed out - expected PASS
log: https://treeherder.mozilla.org/logviewer.html#?repo=mozilla-inbound&job_id=5769772
repository: mozilla-inbound
start_time: 2015-01-22T06:33:54
who: philringnalda[at]gmail[dot]com
machine: tst-linux32-spot-295
buildname: Ubuntu VM 12.04 mozilla-inbound pgo test mochitest-browser-chrome-1
revision: 9a9ab925893c

499 INFO TEST-UNEXPECTED-FAIL | browser/base/content/test/general/browser_offlineQuotaNotification.js | Test timed out - expected PASS
log: https://treeherder.mozilla.org/logviewer.html#?repo=try&job_id=4400777
repository: try
start_time: 2015-01-22T08:10:15
who: ehsan[at]mozilla[dot]com
machine: tst-linux64-spot-1155
buildname: Ubuntu VM 12.04 x64 try opt test mochitest-browser-chrome-1
revision: e7dc0c0e1ba4

499 INFO TEST-UNEXPECTED-FAIL | browser/base/content/test/general/browser_offlineQuotaNotification.js | Test timed out - expected PASS
log: https://treeherder.mozilla.org/logviewer.html#?repo=mozilla-beta&job_id=227430
repository: mozilla-beta
start_time: 2015-01-22T13:34:57
who: rvandermeulen[at]mozilla[dot]com
machine: tst-linux32-spot-787
buildname: Ubuntu VM 12.04 mozilla-beta pgo test mochitest-browser-chrome-1
revision: 3096b7b44265

468 INFO TEST-UNEXPECTED-FAIL | chrome://mochitests/content/browser/browser/base/content/test/general/browser_offlineQuotaNotification.js | uncaught exception - TypeError: PopupNotifications.panel.firstElementChild is null at chrome://mochitests/content/browser/browser/base/content/test/general/browser_offlineQuotaNotification.js:89
472 INFO TEST-UNEXPECTED-FAIL | chrome://mochitests/content/browser/browser/base/content/test/general/browser_offlineQuotaNotification.js | Test timed out - expected PASS
log: https://treeherder.mozilla.org/logviewer.html#?repo=mozilla-beta&job_id=228592
repository: mozilla-beta
start_time: 2015-01-22T17:49:29
who: rvandermeulen[at]mozilla[dot]com
machine: tst-linux32-spot-137
buildname: Ubuntu VM 12.04 mozilla-beta pgo test mochitest-browser-chrome-1
revision: 126d92ac00e9

468 INFO TEST-UNEXPECTED-FAIL | chrome://mochitests/content/browser/browser/base/content/test/general/browser_offlineQuotaNotification.js | uncaught exception - TypeError: PopupNotifications.panel.firstElementChild is null at chrome://mochitests/content/browser/browser/base/content/test/general/browser_offlineQuotaNotification.js:89
472 INFO TEST-UNEXPECTED-FAIL | chrome://mochitests/content/browser/browser/base/content/test/general/browser_offlineQuotaNotification.js | Test timed out - expected PASS
log: https://treeherder.mozilla.org/logviewer.html#?repo=mozilla-central&job_id=927115
repository: mozilla-central
start_time: 2015-01-22T21:27:54
who: tomcat[at]mozilla[dot]com
machine: tst-linux32-spot-109
buildname: Ubuntu VM 12.04 mozilla-central pgo test mochitest-browser-chrome-1
revision: 494632b9afed

499 INFO TEST-UNEXPECTED-FAIL | browser/base/content/test/general/browser_offlineQuotaNotification.js | Test timed out - expected PASS
log: https://treeherder.mozilla.org/logviewer.html#?repo=mozilla-inbound&job_id=5817332
repository: mozilla-inbound
start_time: 2015-01-23T03:12:58
who: tomcat[at]mozilla[dot]com
machine: tst-linux64-spot-072
buildname: Ubuntu VM 12.04 x64 mozilla-inbound opt test mochitest-browser-chrome-1
revision: 892355089c65

499 INFO TEST-UNEXPECTED-FAIL | browser/base/content/test/general/browser_offlineQuotaNotification.js | Test timed out - expected PASS
log: https://treeherder.mozilla.org/logviewer.html#?repo=try&job_id=4423453
repository: try
start_time: 2015-01-23T06:09:52
who: jcoppeard[at]mozilla[dot]com
machine: tst-linux64-spot-842
buildname: Ubuntu VM 12.04 x64 try opt test mochitest-browser-chrome-1
revision: 855b9999a37f

499 INFO TEST-UNEXPECTED-FAIL | browser/base/content/test/general/browser_offlineQuotaNotification.js | Test timed out - expected PASS
log: https://treeherder.mozilla.org/logviewer.html#?repo=fx-team&job_id=1776927
repository: fx-team
start_time: 2015-01-23T07:57:45
who: rvandermeulen[at]mozilla[dot]com
machine: tst-linux32-spot-226
buildname: Ubuntu VM 12.04 fx-team pgo test mochitest-browser-chrome-1
revision: 83a293a6a859

499 INFO TEST-UNEXPECTED-FAIL | browser/base/content/test/general/browser_offlineQuotaNotification.js | Test timed out - expected PASS
log: https://treeherder.mozilla.org/logviewer.html#?repo=mozilla-inbound&job_id=5833765
repository: mozilla-inbound
start_time: 2015-01-23T09:16:00
who: rvandermeulen[at]mozilla[dot]com
machine: tst-linux32-spot-115
buildname: Ubuntu VM 12.04 mozilla-inbound opt test mochitest-browser-chrome-1
revision: 835c01857c0d

499 INFO TEST-UNEXPECTED-FAIL | browser/base/content/test/general/browser_offlineQuotaNotification.js | Test timed out - expected PASS
log: https://treeherder.mozilla.org/logviewer.html#?repo=mozilla-beta&job_id=229042
repository: mozilla-beta
start_time: 2015-01-23T15:00:25
who: rvandermeulen[at]mozilla[dot]com
machine: tst-linux32-spot-1081
buildname: Ubuntu VM 12.04 mozilla-beta pgo test mochitest-browser-chrome-1
revision: 957b4a673416

468 INFO TEST-UNEXPECTED-FAIL | chrome://mochitests/content/browser/browser/base/content/test/general/browser_offlineQuotaNotification.js | uncaught exception - TypeError: PopupNotifications.panel.firstElementChild is null at chrome://mochitests/content/browser/browser/base/content/test/general/browser_offlineQuotaNotification.js:89
472 INFO TEST-UNEXPECTED-FAIL | chrome://mochitests/content/browser/browser/base/content/test/general/browser_offlineQuotaNotification.js | Test timed out - expected PASS
log: https://treeherder.mozilla.org/logviewer.html#?repo=mozilla-inbound&job_id=5859039
repository: mozilla-inbound
start_time: 2015-01-23T22:42:22
who: philringnalda[at]gmail[dot]com
machine: tst-linux32-spot-716
buildname: Ubuntu VM 12.04 mozilla-inbound opt test mochitest-browser-chrome-1
revision: b5d97598004d

499 INFO TEST-UNEXPECTED-FAIL | browser/base/content/test/general/browser_offlineQuotaNotification.js | Test timed out - expected PASS
log: https://treeherder.mozilla.org/logviewer.html#?repo=mozilla-inbound&job_id=5870037
repository: mozilla-inbound
start_time: 2015-01-24T12:34:19
who: rvandermeulen[at]mozilla[dot]com
machine: tst-linux64-spot-1079
buildname: Ubuntu VM 12.04 x64 mozilla-inbound opt test mochitest-browser-chrome-1
revision: 7141add28851

499 INFO TEST-UNEXPECTED-FAIL | browser/base/content/test/general/browser_offlineQuotaNotification.js | Test timed out - expected PASS
log: https://treeherder.mozilla.org/logviewer.html#?repo=mozilla-aurora&job_id=538350
repository: mozilla-aurora
start_time: 2015-01-25T11:38:22
who: philringnalda[at]gmail[dot]com
machine: tst-linux64-spot-049
buildname: Ubuntu VM 12.04 x64 mozilla-aurora pgo test mochitest-browser-chrome-1
revision: 3ba70e3d1e0d

494 INFO TEST-UNEXPECTED-FAIL | browser/base/content/test/general/browser_offlineQuotaNotification.js | uncaught exception - TypeError: PopupNotifications.panel.firstElementChild is null at chrome://mochitests/content/browser/browser/base/content/test/general/browser_offlineQuotaNotification.js:89
498 INFO TEST-UNEXPECTED-FAIL | browser/base/content/test/general/browser_offlineQuotaNotification.js | Test timed out - expected PASS
log: https://treeherder.mozilla.org/logviewer.html#?repo=mozilla-beta&job_id=231115
repository: mozilla-beta
start_time: 2015-01-26T07:59:32
who: rvandermeulen[at]mozilla[dot]com
machine: tst-linux64-spot-025
buildname: Ubuntu VM 12.04 x64 mozilla-beta pgo test mochitest-browser-chrome-1
revision: d340f3d3439d

468 INFO TEST-UNEXPECTED-FAIL | chrome://mochitests/content/browser/browser/base/content/test/general/browser_offlineQuotaNotification.js | uncaught exception - TypeError: PopupNotifications.panel.firstElementChild is null at chrome://mochitests/content/browser/browser/base/content/test/general/browser_offlineQuotaNotification.js:89
472 INFO TEST-UNEXPECTED-FAIL | chrome://mochitests/content/browser/browser/base/content/test/general/browser_offlineQuotaNotification.js | Test timed out - expected PASS
log: https://treeherder.mozilla.org/logviewer.html#?repo=mozilla-beta&job_id=231194
repository: mozilla-beta
start_time: 2015-01-26T08:12:26
who: rvandermeulen[at]mozilla[dot]com
machine: tst-linux32-spot-641
buildname: Ubuntu VM 12.04 mozilla-beta pgo test mochitest-browser-chrome-1
revision: d340f3d3439d

468 INFO TEST-UNEXPECTED-FAIL | chrome://mochitests/content/browser/browser/base/content/test/general/browser_offlineQuotaNotification.js | uncaught exception - TypeError: PopupNotifications.panel.firstElementChild is null at chrome://mochitests/content/browser/browser/base/content/test/general/browser_offlineQuotaNotification.js:89
472 INFO TEST-UNEXPECTED-FAIL | chrome://mochitests/content/browser/browser/base/content/test/general/browser_offlineQuotaNotification.js | Test timed out - expected PASS
log: https://treeherder.mozilla.org/logviewer.html#?repo=mozilla-inbound&job_id=5905255
repository: mozilla-inbound
start_time: 2015-01-26T08:15:07
who: rvandermeulen[at]mozilla[dot]com
machine: tst-linux32-spot-011
buildname: Ubuntu VM 12.04 mozilla-inbound opt test mochitest-browser-chrome-1
revision: 615f118f2787

499 INFO TEST-UNEXPECTED-FAIL | browser/base/content/test/general/browser_offlineQuotaNotification.js | Test timed out - expected PASS
log: https://treeherder.mozilla.org/logviewer.html#?repo=fx-team&job_id=1793719
repository: fx-team
start_time: 2015-01-26T08:00:41
who: rvandermeulen[at]mozilla[dot]com
machine: tst-linux32-spot-775
buildname: Ubuntu VM 12.04 fx-team pgo test mochitest-browser-chrome-1
revision: d34e894a9ea2

499 INFO TEST-UNEXPECTED-FAIL | browser/base/content/test/general/browser_offlineQuotaNotification.js | Test timed out - expected PASS
log: https://treeherder.mozilla.org/logviewer.html#?repo=mozilla-beta&job_id=233122
repository: mozilla-beta
start_time: 2015-01-26T10:48:13
who: rvandermeulen[at]mozilla[dot]com
machine: tst-linux32-spot-512
buildname: Ubuntu VM 12.04 mozilla-beta pgo test mochitest-browser-chrome-1
revision: 3aca4622bfd5

468 INFO TEST-UNEXPECTED-FAIL | chrome://mochitests/content/browser/browser/base/content/test/general/browser_offlineQuotaNotification.js | uncaught exception - TypeError: PopupNotifications.panel.firstElementChild is null at chrome://mochitests/content/browser/browser/base/content/test/general/browser_offlineQuotaNotification.js:89
472 INFO TEST-UNEXPECTED-FAIL | chrome://mochitests/content/browser/browser/base/content/test/general/browser_offlineQuotaNotification.js | Test timed out - expected PASS
log: https://treeherder.mozilla.org/logviewer.html#?repo=mozilla-inbound&job_id=5940515
repository: mozilla-inbound
start_time: 2015-01-26T17:46:25
who: philringnalda[at]gmail[dot]com
machine: tst-linux32-spot-009
buildname: Ubuntu VM 12.04 mozilla-inbound opt test mochitest-browser-chrome-1
revision: 783d0fe2770b

499 INFO TEST-UNEXPECTED-FAIL | browser/base/content/test/general/browser_offlineQuotaNotification.js | Test timed out - expected PASS
733 INFO TEST-UNEXPECTED-FAIL | browser/base/content/test/plugins/browser_CTP_iframe.js | Test 1, Waited too long for the overlay to become invisible. -
log: https://treeherder.mozilla.org/logviewer.html#?repo=mozilla-inbound&job_id=5944436
repository: mozilla-inbound
start_time: 2015-01-26T18:50:15
who: philringnalda[at]gmail[dot]com
machine: tst-linux32-spot-151
buildname: Ubuntu VM 12.04 mozilla-inbound pgo test mochitest-browser-chrome-1
revision: a0f9be26c71e

499 INFO TEST-UNEXPECTED-FAIL | browser/base/content/test/general/browser_offlineQuotaNotification.js | Test timed out - expected PASS
log: https://treeherder.mozilla.org/logviewer.html#?repo=mozilla-inbound&job_id=5948846
repository: mozilla-inbound
start_time: 2015-01-26T21:22:12
who: philringnalda[at]gmail[dot]com
machine: tst-linux64-spot-967
buildname: Ubuntu VM 12.04 x64 mozilla-inbound opt test mochitest-browser-chrome-1
revision: a9edb65373b8

499 INFO TEST-UNEXPECTED-FAIL | browser/base/content/test/general/browser_offlineQuotaNotification.js | Test timed out - expected PASS
log: https://treeherder.mozilla.org/logviewer.html#?repo=mozilla-inbound&job_id=5963626
repository: mozilla-inbound
start_time: 2015-01-27T03:30:49
who: tomcat[at]mozilla[dot]com
machine: tst-linux64-spot-351
buildname: Ubuntu VM 12.04 x64 mozilla-inbound opt test mochitest-browser-chrome-1
revision: 01644d704dcf

499 INFO TEST-UNEXPECTED-FAIL | browser/base/content/test/general/browser_offlineQuotaNotification.js | Test timed out - expected PASS
log: https://treeherder.mozilla.org/logviewer.html#?repo=fx-team&job_id=1801622
repository: fx-team
start_time: 2015-01-27T05:32:36
who: rvandermeulen[at]mozilla[dot]com
machine: tst-linux32-spot-081
buildname: Ubuntu VM 12.04 fx-team pgo test mochitest-browser-chrome-1
revision: 4631f0283363

499 INFO TEST-UNEXPECTED-FAIL | browser/base/content/test/general/browser_offlineQuotaNotification.js | Test timed out - expected PASS
log: https://treeherder.mozilla.org/logviewer.html#?repo=fx-team&job_id=1805319
repository: fx-team
start_time: 2015-01-27T10:17:02
who: rvandermeulen[at]mozilla[dot]com
machine: tst-linux64-spot-105
buildname: Ubuntu VM 12.04 x64 fx-team pgo test mochitest-browser-chrome-1
revision: 3e382ae494a8

499 INFO TEST-UNEXPECTED-FAIL | browser/base/content/test/general/browser_offlineQuotaNotification.js | Test timed out - expected PASS
log: https://treeherder.mozilla.org/logviewer.html#?repo=mozilla-beta&job_id=237372
repository: mozilla-beta
start_time: 2015-01-28T08:12:04
who: rvandermeulen[at]mozilla[dot]com
machine: tst-linux32-spot-496
buildname: Ubuntu VM 12.04 mozilla-beta pgo test mochitest-browser-chrome-1
revision: 787bb877e60b

468 INFO TEST-UNEXPECTED-FAIL | chrome://mochitests/content/browser/browser/base/content/test/general/browser_offlineQuotaNotification.js | uncaught exception - TypeError: PopupNotifications.panel.firstElementChild is null at chrome://mochitests/content/browser/browser/base/content/test/general/browser_offlineQuotaNotification.js:89
472 INFO TEST-UNEXPECTED-FAIL | chrome://mochitests/content/browser/browser/base/content/test/general/browser_offlineQuotaNotification.js | Test timed out - expected PASS
log: https://treeherder.mozilla.org/logviewer.html#?repo=fx-team&job_id=1819117
repository: fx-team
start_time: 2015-01-28T09:59:56
who: rvandermeulen[at]mozilla[dot]com
machine: tst-linux32-spot-269
buildname: Ubuntu VM 12.04 fx-team opt test mochitest-browser-chrome-1
revision: a98a30ba9ce0

499 INFO TEST-UNEXPECTED-FAIL | browser/base/content/test/general/browser_offlineQuotaNotification.js | Test timed out - expected PASS
log: https://treeherder.mozilla.org/logviewer.html#?repo=mozilla-inbound&job_id=6045799
repository: mozilla-inbound
start_time: 2015-01-28T16:30:53
who: wkocher[at]mozilla[dot]com
machine: tst-linux32-spot-341
buildname: Ubuntu VM 12.04 mozilla-inbound opt test mochitest-browser-chrome-1
revision: a0e5f5eee758

499 INFO TEST-UNEXPECTED-FAIL | browser/base/content/test/general/browser_offlineQuotaNotification.js | Test timed out - expected PASS
log: https://treeherder.mozilla.org/logviewer.html#?repo=mozilla-central&job_id=959030
repository: mozilla-central
start_time: 2015-01-28T17:55:00
who: wkocher[at]mozilla[dot]com
machine: tst-linux64-spot-1195
buildname: Ubuntu VM 12.04 x64 mozilla-central opt test mochitest-browser-chrome-1
revision: 1a17d7dcb825

499 INFO TEST-UNEXPECTED-FAIL | browser/base/content/test/general/browser_offlineQuotaNotification.js | Test timed out - expected PASS
525 INFO TEST-UNEXPECTED-FAIL | browser/base/content/test/general/browser_popup_blocker.js | Test timed out - expected PASS
530 INFO TEST-UNEXPECTED-FAIL | browser/base/content/test/general/browser_popup_blocker.js | Found a tab after previous test timed out: http://example.com/browser/browser/base/content/test/general/popup_blocker.html - expected PASS
log: https://treeherder.mozilla.org/logviewer.html#?repo=b2g-inbound&job_id=1250709
repository: b2g-inbound
start_time: 2015-01-29T04:39:22
who: tomcat[at]mozilla[dot]com
machine: tst-linux32-spot-043
buildname: Ubuntu VM 12.04 b2g-inbound pgo test mochitest-browser-chrome-1
revision: d540a2c56fa6

499 INFO TEST-UNEXPECTED-FAIL | browser/base/content/test/general/browser_offlineQuotaNotification.js | Test timed out - expected PASS
log: https://treeherder.mozilla.org/logviewer.html#?repo=mozilla-inbound&job_id=6092741
repository: mozilla-inbound
start_time: 2015-01-30T00:21:13
who: tomcat[at]mozilla[dot]com
machine: tst-linux64-spot-638
buildname: Ubuntu VM 12.04 x64 mozilla-inbound pgo test mochitest-browser-chrome-1
revision: 21cb6497729f

499 INFO TEST-UNEXPECTED-FAIL | browser/base/content/test/general/browser_offlineQuotaNotification.js | Test timed out - expected PASS
log: https://treeherder.mozilla.org/logviewer.html#?repo=mozilla-inbound&job_id=6104431
repository: mozilla-inbound
start_time: 2015-01-30T07:55:18
who: rvandermeulen[at]mozilla[dot]com
machine: tst-linux32-spot-757
buildname: Ubuntu VM 12.04 mozilla-inbound opt test mochitest-browser-chrome-1
revision: b87040211bcc

499 INFO TEST-UNEXPECTED-FAIL | browser/base/content/test/general/browser_offlineQuotaNotification.js | Test timed out - expected PASS
log: https://treeherder.mozilla.org/logviewer.html#?repo=mozilla-central&job_id=967660
repository: mozilla-central
start_time: 2015-01-30T10:13:16
who: rvandermeulen[at]mozilla[dot]com
machine: tst-linux64-spot-490
buildname: Ubuntu VM 12.04 x64 mozilla-central opt test mochitest-browser-chrome-1
revision: cdd62a8caf30

499 INFO TEST-UNEXPECTED-FAIL | browser/base/content/test/general/browser_offlineQuotaNotification.js | Test timed out - expected PASS
log: https://treeherder.mozilla.org/logviewer.html#?repo=mozilla-inbound&job_id=6114434
repository: mozilla-inbound
start_time: 2015-01-30T11:37:03
who: rvandermeulen[at]mozilla[dot]com
machine: tst-linux32-spot-137
buildname: Ubuntu VM 12.04 mozilla-inbound opt test mochitest-browser-chrome-1
revision: 568af40e5e0d

abort: connection ended unexpectedly
Automation Error: hg not responding
Return code: 255
499 INFO TEST-UNEXPECTED-FAIL | browser/base/content/test/general/browser_offlineQuotaNotification.js | Test timed out - expected PASS
log: https://treeherder.mozilla.org/logviewer.html#?repo=mozilla-beta&job_id=242450
repository: mozilla-beta
start_time: 2015-01-30T14:28:24
who: rvandermeulen[at]mozilla[dot]com
machine: tst-linux32-spot-732
buildname: Ubuntu VM 12.04 mozilla-beta pgo test mochitest-browser-chrome-1
revision: 03be92be95c2

468 INFO TEST-UNEXPECTED-FAIL | chrome://mochitests/content/browser/browser/base/content/test/general/browser_offlineQuotaNotification.js | uncaught exception - TypeError: PopupNotifications.panel.firstElementChild is null at chrome://mochitests/content/browser/browser/base/content/test/general/browser_offlineQuotaNotification.js:89
472 INFO TEST-UNEXPECTED-FAIL | chrome://mochitests/content/browser/browser/base/content/test/general/browser_offlineQuotaNotification.js | Test timed out - expected PASS
log: https://treeherder.mozilla.org/logviewer.html#?repo=mozilla-inbound&job_id=6124267
repository: mozilla-inbound
start_time: 2015-01-30T16:00:57
who: wkocher[at]mozilla[dot]com
machine: tst-linux32-spot-350
buildname: Ubuntu VM 12.04 mozilla-inbound opt test mochitest-browser-chrome-1
revision: ce52eb68bc21

499 INFO TEST-UNEXPECTED-FAIL | browser/base/content/test/general/browser_offlineQuotaNotification.js | Test timed out - expected PASS
log: https://treeherder.mozilla.org/logviewer.html#?repo=mozilla-inbound&job_id=6134622
repository: mozilla-inbound
start_time: 2015-01-31T09:27:35
who: philringnalda[at]gmail[dot]com
machine: tst-linux32-spot-169
buildname: Ubuntu VM 12.04 mozilla-inbound pgo test mochitest-browser-chrome-1
revision: 3f806794d466

499 INFO TEST-UNEXPECTED-FAIL | browser/base/content/test/general/browser_offlineQuotaNotification.js | Test timed out - expected PASS
log: https://treeherder.mozilla.org/logviewer.html#?repo=mozilla-inbound&job_id=6136868
repository: mozilla-inbound
start_time: 2015-01-31T12:00:28
who: philringnalda[at]gmail[dot]com
machine: tst-linux32-spot-286
buildname: Ubuntu VM 12.04 mozilla-inbound opt test mochitest-browser-chrome-1
revision: e5c0911f112b

499 INFO TEST-UNEXPECTED-FAIL | browser/base/content/test/general/browser_offlineQuotaNotification.js | Test timed out - expected PASS
log: https://treeherder.mozilla.org/logviewer.html#?repo=mozilla-beta&job_id=244170
repository: mozilla-beta
start_time: 2015-02-01T12:47:16
who: philringnalda[at]gmail[dot]com
machine: tst-linux64-spot-831
buildname: Ubuntu VM 12.04 x64 mozilla-beta pgo test mochitest-browser-chrome-1
revision: db97d9b88b1a

468 INFO TEST-UNEXPECTED-FAIL | chrome://mochitests/content/browser/browser/base/content/test/general/browser_offlineQuotaNotification.js | uncaught exception - TypeError: PopupNotifications.panel.firstElementChild is null at chrome://mochitests/content/browser/browser/base/content/test/general/browser_offlineQuotaNotification.js:89
472 INFO TEST-UNEXPECTED-FAIL | chrome://mochitests/content/browser/browser/base/content/test/general/browser_offlineQuotaNotification.js | Test timed out - expected PASS
log: https://treeherder.mozilla.org/logviewer.html#?repo=b2g-inbound&job_id=1274306
repository: b2g-inbound
start_time: 2015-02-02T13:18:45
who: rvandermeulen[at]mozilla[dot]com
machine: tst-linux64-spot-987
buildname: Ubuntu VM 12.04 x64 b2g-inbound pgo test mochitest-browser-chrome-1
revision: c3604dab9457

499 INFO TEST-UNEXPECTED-FAIL | browser/base/content/test/general/browser_offlineQuotaNotification.js | Test timed out - expected PASS
log: https://treeherder.mozilla.org/logviewer.html#?repo=mozilla-beta&job_id=248491
repository: mozilla-beta
start_time: 2015-02-02T20:20:32
who: philringnalda[at]gmail[dot]com
machine: tst-linux32-spot-426
buildname: Ubuntu VM 12.04 mozilla-beta pgo test mochitest-browser-chrome-1
revision: f74e583e724f

468 INFO TEST-UNEXPECTED-FAIL | chrome://mochitests/content/browser/browser/base/content/test/general/browser_offlineQuotaNotification.js | uncaught exception - TypeError: PopupNotifications.panel.firstElementChild is null at chrome://mochitests/content/browser/browser/base/content/test/general/browser_offlineQuotaNotification.js:89
472 INFO TEST-UNEXPECTED-FAIL | chrome://mochitests/content/browser/browser/base/content/test/general/browser_offlineQuotaNotification.js | Test timed out - expected PASS
log: https://treeherder.mozilla.org/logviewer.html#?repo=fx-team&job_id=1866961
repository: fx-team
start_time: 2015-02-03T02:58:57
who: tomcat[at]mozilla[dot]com
machine: tst-linux32-spot-160
buildname: Ubuntu VM 12.04 fx-team opt test mochitest-browser-chrome-1
revision: a8bbf40c80b6

499 INFO TEST-UNEXPECTED-FAIL | browser/base/content/test/general/browser_offlineQuotaNotification.js | Test timed out - expected PASS
log: https://treeherder.mozilla.org/logviewer.html#?repo=b2g-inbound&job_id=1280828
repository: b2g-inbound
start_time: 2015-02-03T14:43:16
who: rvandermeulen[at]mozilla[dot]com
machine: tst-linux32-spot-1006
buildname: Ubuntu VM 12.04 b2g-inbound opt test mochitest-browser-chrome-1
revision: 0c2f7434c325

499 INFO TEST-UNEXPECTED-FAIL | browser/base/content/test/general/browser_offlineQuotaNotification.js | Test timed out - expected PASS
log: https://treeherder.mozilla.org/logviewer.html#?repo=try&job_id=4675489
repository: try
start_time: 2015-02-03T14:28:28
who: bholley[at]mozilla[dot]com
machine: tst-linux32-spot-797
buildname: Ubuntu VM 12.04 try opt test mochitest-browser-chrome-1
revision: 8318ab35503b

499 INFO TEST-UNEXPECTED-FAIL | browser/base/content/test/general/browser_offlineQuotaNotification.js | Test timed out - expected PASS
log: https://treeherder.mozilla.org/logviewer.html#?repo=fx-team&job_id=1874960
repository: fx-team
start_time: 2015-02-03T14:20:44
who: rvandermeulen[at]mozilla[dot]com
machine: tst-linux32-spot-778
buildname: Ubuntu VM 12.04 fx-team opt test mochitest-browser-chrome-1
revision: 016dabb7360f

499 INFO TEST-UNEXPECTED-FAIL | browser/base/content/test/general/browser_offlineQuotaNotification.js | Test timed out - expected PASS
log: https://treeherder.mozilla.org/logviewer.html#?repo=fx-team&job_id=1876504
repository: fx-team
start_time: 2015-02-03T15:02:01
who: rvandermeulen[at]mozilla[dot]com
machine: tst-linux64-spot-825
buildname: Ubuntu VM 12.04 x64 fx-team opt test mochitest-browser-chrome-1
revision: ba2ca7e6f474

503 INFO TEST-UNEXPECTED-FAIL | browser/base/content/test/general/browser_offlineQuotaNotification.js | Test timed out - expected PASS
log: https://treeherder.mozilla.org/logviewer.html#?repo=mozilla-beta&job_id=251850
repository: mozilla-beta
start_time: 2015-02-04T09:37:38
who: rvandermeulen[at]mozilla[dot]com
machine: tst-linux32-spot-290
buildname: Ubuntu VM 12.04 mozilla-beta pgo test mochitest-browser-chrome-1
revision: 7422906b1a32

468 INFO TEST-UNEXPECTED-FAIL | chrome://mochitests/content/browser/browser/base/content/test/general/browser_offlineQuotaNotification.js | uncaught exception - TypeError: PopupNotifications.panel.firstElementChild is null at chrome://mochitests/content/browser/browser/base/content/test/general/browser_offlineQuotaNotification.js:89
472 INFO TEST-UNEXPECTED-FAIL | chrome://mochitests/content/browser/browser/base/content/test/general/browser_offlineQuotaNotification.js | Test timed out - expected PASS
log: https://treeherder.mozilla.org/logviewer.html#?repo=b2g-inbound&job_id=1289204
repository: b2g-inbound
start_time: 2015-02-04T15:01:03
who: wkocher[at]mozilla[dot]com
machine: tst-linux32-spot-465
buildname: Ubuntu VM 12.04 b2g-inbound opt test mochitest-browser-chrome-1
revision: 505ff14b24ee

499 INFO TEST-UNEXPECTED-FAIL | browser/base/content/test/general/browser_offlineQuotaNotification.js | Test timed out - expected PASS
735 INFO TEST-UNEXPECTED-FAIL | browser/base/content/test/plugins/browser_CTP_iframe.js | Test 1, Waited too long for the overlay to become invisible. -
log: https://treeherder.mozilla.org/logviewer.html#?repo=fx-team&job_id=1893593
repository: fx-team
start_time: 2015-02-04T15:29:48
who: wkocher[at]mozilla[dot]com
machine: tst-linux64-spot-422
buildname: Ubuntu VM 12.04 x64 fx-team opt test mochitest-browser-chrome-1
revision: cb757c948bc0

499 INFO TEST-UNEXPECTED-FAIL | browser/base/content/test/general/browser_offlineQuotaNotification.js | Test timed out - expected PASS
log: https://treeherder.mozilla.org/logviewer.html#?repo=fx-team&job_id=1895428
repository: fx-team
start_time: 2015-02-04T16:55:22
who: wkocher[at]mozilla[dot]com
machine: tst-linux32-spot-351
buildname: Ubuntu VM 12.04 fx-team opt test mochitest-browser-chrome-1
revision: 525132c2c642

499 INFO TEST-UNEXPECTED-FAIL | browser/base/content/test/general/browser_offlineQuotaNotification.js | Test timed out - expected PASS
log: https://treeherder.mozilla.org/logviewer.html#?repo=mozilla-beta&job_id=254604
repository: mozilla-beta
start_time: 2015-02-05T09:15:27
who: rvandermeulen[at]mozilla[dot]com
machine: tst-linux32-spot-239
buildname: Ubuntu VM 12.04 mozilla-beta pgo test mochitest-browser-chrome-1
revision: e7fd0d7ff120

468 INFO TEST-UNEXPECTED-FAIL | chrome://mochitests/content/browser/browser/base/content/test/general/browser_offlineQuotaNotification.js | uncaught exception - TypeError: PopupNotifications.panel.firstElementChild is null at chrome://mochitests/content/browser/browser/base/content/test/general/browser_offlineQuotaNotification.js:89
472 INFO TEST-UNEXPECTED-FAIL | chrome://mochitests/content/browser/browser/base/content/test/general/browser_offlineQuotaNotification.js | Test timed out - expected PASS
log: https://treeherder.mozilla.org/logviewer.html#?repo=mozilla-beta&job_id=255540
repository: mozilla-beta
start_time: 2015-02-05T10:28:16
who: rvandermeulen[at]mozilla[dot]com
machine: tst-linux32-spot-139
buildname: Ubuntu VM 12.04 mozilla-beta pgo test mochitest-browser-chrome-1
revision: 74c4e5bdde78

468 INFO TEST-UNEXPECTED-FAIL | chrome://mochitests/content/browser/browser/base/content/test/general/browser_offlineQuotaNotification.js | uncaught exception - TypeError: PopupNotifications.panel.firstElementChild is null at chrome://mochitests/content/browser/browser/base/content/test/general/browser_offlineQuotaNotification.js:89
472 INFO TEST-UNEXPECTED-FAIL | chrome://mochitests/content/browser/browser/base/content/test/general/browser_offlineQuotaNotification.js | Test timed out - expected PASS
log: https://treeherder.mozilla.org/logviewer.html#?repo=try&job_id=4767507
repository: try
start_time: 2015-02-06T23:06:27
who: dholbert[at]mozilla[dot]com
machine: tst-linux64-spot-551
buildname: Ubuntu VM 12.04 x64 try opt test mochitest-browser-chrome-1
revision: 011a0fd533ba

503 INFO TEST-UNEXPECTED-FAIL | browser/base/content/test/general/browser_offlineQuotaNotification.js | Test timed out - expected PASS
log: https://treeherder.mozilla.org/logviewer.html#?repo=mozilla-inbound&job_id=6400023
repository: mozilla-inbound
start_time: 2015-02-09T01:17:24
who: tomcat[at]mozilla[dot]com
machine: tst-linux64-spot-1221
buildname: Ubuntu VM 12.04 x64 mozilla-inbound opt test mochitest-browser-chrome-1
revision: 157b8136beed

501 INFO TEST-UNEXPECTED-FAIL | browser/base/content/test/general/browser_offlineQuotaNotification.js | Test timed out - expected PASS
log: https://treeherder.mozilla.org/logviewer.html#?repo=mozilla-beta&job_id=259438
repository: mozilla-beta
start_time: 2015-02-09T11:30:45
who: rvandermeulen[at]mozilla[dot]com
machine: tst-linux32-spot-320
buildname: Ubuntu VM 12.04 mozilla-beta pgo test mochitest-browser-chrome-1
revision: c1578e681849

468 INFO TEST-UNEXPECTED-FAIL | chrome://mochitests/content/browser/browser/base/content/test/general/browser_offlineQuotaNotification.js | uncaught exception - TypeError: PopupNotifications.panel.firstElementChild is null at chrome://mochitests/content/browser/browser/base/content/test/general/browser_offlineQuotaNotification.js:89
472 INFO TEST-UNEXPECTED-FAIL | chrome://mochitests/content/browser/browser/base/content/test/general/browser_offlineQuotaNotification.js | Test timed out - expected PASS
log: https://treeherder.mozilla.org/logviewer.html#?repo=fx-team&job_id=1941865
repository: fx-team
start_time: 2015-02-09T13:47:53
who: wkocher[at]mozilla[dot]com
machine: tst-linux32-spot-479
buildname: Ubuntu VM 12.04 fx-team pgo test mochitest-browser-chrome-1
revision: ec092b22f40d

501 INFO TEST-UNEXPECTED-FAIL | browser/base/content/test/general/browser_offlineQuotaNotification.js | Test timed out - expected PASS
log: https://treeherder.mozilla.org/logviewer.html#?repo=mozilla-beta&job_id=260577
repository: mozilla-beta
start_time: 2015-02-09T13:56:19
who: wkocher[at]mozilla[dot]com
machine: tst-linux32-spot-220
buildname: Ubuntu VM 12.04 mozilla-beta pgo test mochitest-browser-chrome-1
revision: 8600a7b2e3a6

468 INFO TEST-UNEXPECTED-FAIL | chrome://mochitests/content/browser/browser/base/content/test/general/browser_offlineQuotaNotification.js | uncaught exception - TypeError: PopupNotifications.panel.firstElementChild is null at chrome://mochitests/content/browser/browser/base/content/test/general/browser_offlineQuotaNotification.js:89
472 INFO TEST-UNEXPECTED-FAIL | chrome://mochitests/content/browser/browser/base/content/test/general/browser_offlineQuotaNotification.js | Test timed out - expected PASS
log: https://treeherder.mozilla.org/logviewer.html#?repo=mozilla-beta&job_id=261963
repository: mozilla-beta
start_time: 2015-02-10T08:39:20
who: rvandermeulen[at]mozilla[dot]com
machine: tst-linux64-spot-1038
buildname: Ubuntu VM 12.04 x64 mozilla-beta pgo test mochitest-browser-chrome-1
revision: a00e758a0460

468 INFO TEST-UNEXPECTED-FAIL | chrome://mochitests/content/browser/browser/base/content/test/general/browser_offlineQuotaNotification.js | uncaught exception - TypeError: PopupNotifications.panel.firstElementChild is null at chrome://mochitests/content/browser/browser/base/content/test/general/browser_offlineQuotaNotification.js:89
472 INFO TEST-UNEXPECTED-FAIL | chrome://mochitests/content/browser/browser/base/content/test/general/browser_offlineQuotaNotification.js | Test timed out - expected PASS
log: https://treeherder.mozilla.org/logviewer.html#?repo=try&job_id=4817967
repository: try
start_time: 2015-02-09T17:41:19
who: dholbert[at]mozilla[dot]com
machine: tst-linux32-spot-581
buildname: Ubuntu VM 12.04 try opt test mochitest-browser-chrome-1
revision: 7769783afba4

501 INFO TEST-UNEXPECTED-FAIL | browser/base/content/test/general/browser_offlineQuotaNotification.js | Test timed out - expected PASS
log: https://treeherder.mozilla.org/logviewer.html#?repo=mozilla-inbound&job_id=6485152
repository: mozilla-inbound
start_time: 2015-02-10T16:07:55
who: wkocher[at]mozilla[dot]com
machine: tst-linux64-spot-751
buildname: Ubuntu VM 12.04 x64 mozilla-inbound opt test mochitest-browser-chrome-1
revision: 94441f9274e8

501 INFO TEST-UNEXPECTED-FAIL | browser/base/content/test/general/browser_offlineQuotaNotification.js | Test timed out - expected PASS
log: https://treeherder.mozilla.org/logviewer.html#?repo=mozilla-inbound&job_id=6492843
repository: mozilla-inbound
start_time: 2015-02-10T18:42:46
who: philringnalda[at]gmail[dot]com
machine: tst-linux32-spot-293
buildname: Ubuntu VM 12.04 mozilla-inbound opt test mochitest-browser-chrome-1
revision: 9d052bbf89aa

501 INFO TEST-UNEXPECTED-FAIL | browser/base/content/test/general/browser_offlineQuotaNotification.js | Test timed out - expected PASS
log: https://treeherder.mozilla.org/logviewer.html#?repo=mozilla-inbound&job_id=6496584
repository: mozilla-inbound
start_time: 2015-02-10T19:56:59
who: philringnalda[at]gmail[dot]com
machine: tst-linux32-spot-090
buildname: Ubuntu VM 12.04 mozilla-inbound opt test mochitest-browser-chrome-1
revision: bd14f3a87117

501 INFO TEST-UNEXPECTED-FAIL | browser/base/content/test/general/browser_offlineQuotaNotification.js | Test timed out - expected PASS
log: https://treeherder.mozilla.org/logviewer.html#?repo=try&job_id=4860761
repository: try
start_time: 2015-02-11T00:06:24
who: ddamjanovic[at]mozilla[dot]com
machine: tst-linux64-spot-1199
buildname: Ubuntu VM 12.04 x64 try opt test mochitest-browser-chrome-1
revision: fcc5a6e90fd5

501 INFO TEST-UNEXPECTED-FAIL | browser/base/content/test/general/browser_offlineQuotaNotification.js | Test timed out - expected PASS
log: https://treeherder.mozilla.org/logviewer.html#?repo=mozilla-inbound&job_id=6505595
repository: mozilla-inbound
start_time: 2015-02-11T00:43:03
who: tomcat[at]mozilla[dot]com
machine: tst-linux64-spot-951
buildname: Ubuntu VM 12.04 x64 mozilla-inbound opt test mochitest-browser-chrome-1
revision: 7e57011701b9

501 INFO TEST-UNEXPECTED-FAIL | browser/base/content/test/general/browser_offlineQuotaNotification.js | Test timed out - expected PASS
log: https://treeherder.mozilla.org/logviewer.html#?repo=fx-team&job_id=1966644
repository: fx-team
start_time: 2015-02-11T10:10:52
who: rvandermeulen[at]mozilla[dot]com
machine: tst-linux32-spot-785
buildname: Ubuntu VM 12.04 fx-team opt test mochitest-browser-chrome-1
revision: e6b4bb4cc393

501 INFO TEST-UNEXPECTED-FAIL | browser/base/content/test/general/browser_offlineQuotaNotification.js | Test timed out - expected PASS
log: https://treeherder.mozilla.org/logviewer.html#?repo=mozilla-central&job_id=1024176
repository: mozilla-central
start_time: 2015-02-11T15:49:51
who: wkocher[at]mozilla[dot]com
machine: tst-linux32-spot-248
buildname: Ubuntu VM 12.04 mozilla-central pgo test mochitest-browser-chrome-1
revision: 650863f6987b

501 INFO TEST-UNEXPECTED-FAIL | browser/base/content/test/general/browser_offlineQuotaNotification.js | Test timed out - expected PASS
log: https://treeherder.mozilla.org/logviewer.html#?repo=mozilla-inbound&job_id=6599356
repository: mozilla-inbound
start_time: 2015-02-13T13:04:33
who: wkocher[at]mozilla[dot]com
machine: tst-linux32-spot-101
buildname: Ubuntu VM 12.04 mozilla-inbound opt test mochitest-browser-chrome-1
revision: 32fe8089d155

501 INFO TEST-UNEXPECTED-FAIL | browser/base/content/test/general/browser_offlineQuotaNotification.js | Test timed out - expected PASS
log: https://treeherder.mozilla.org/logviewer.html#?repo=mozilla-beta&job_id=266113
repository: mozilla-beta
start_time: 2015-02-13T14:48:57
who: rvandermeulen[at]mozilla[dot]com
machine: tst-linux32-spot-197
buildname: Ubuntu VM 12.04 mozilla-beta pgo test mochitest-browser-chrome-1
revision: 5d83c055e2a9

468 INFO TEST-UNEXPECTED-FAIL | chrome://mochitests/content/browser/browser/base/content/test/general/browser_offlineQuotaNotification.js | uncaught exception - TypeError: PopupNotifications.panel.firstElementChild is null at chrome://mochitests/content/browser/browser/base/content/test/general/browser_offlineQuotaNotification.js:89
472 INFO TEST-UNEXPECTED-FAIL | chrome://mochitests/content/browser/browser/base/content/test/general/browser_offlineQuotaNotification.js | Test timed out - expected PASS
log: https://treeherder.mozilla.org/logviewer.html#?repo=mozilla-inbound&job_id=6630946
repository: mozilla-inbound
start_time: 2015-02-14T09:39:54
who: nigelbabu[at]gmail[dot]com
machine: tst-linux64-spot-511
buildname: Ubuntu VM 12.04 x64 mozilla-inbound opt test mochitest-browser-chrome-1
revision: 509c07949a4c

501 INFO TEST-UNEXPECTED-FAIL | browser/base/content/test/general/browser_offlineQuotaNotification.js | Test timed out - expected PASS
log: https://treeherder.mozilla.org/logviewer.html#?repo=mozilla-aurora&job_id=593337
repository: mozilla-aurora
start_time: 2015-02-15T02:32:37
who: jkew[at]mozilla[dot]com
machine: tst-linux64-spot-835
buildname: Ubuntu VM 12.04 x64 mozilla-aurora pgo test mochitest-browser-chrome-1
revision: 3d8ee2772089

494 INFO TEST-UNEXPECTED-FAIL | browser/base/content/test/general/browser_offlineQuotaNotification.js | uncaught exception - TypeError: PopupNotifications.panel.firstElementChild is null at chrome://mochitests/content/browser/browser/base/content/test/general/browser_offlineQuotaNotification.js:89
498 INFO TEST-UNEXPECTED-FAIL | browser/base/content/test/general/browser_offlineQuotaNotification.js | Test timed out - expected PASS
log: https://treeherder.mozilla.org/logviewer.html#?repo=mozilla-beta&job_id=266477
repository: mozilla-beta
start_time: 2015-02-14T05:50:10
who: tomcat[at]mozilla[dot]com
machine: tst-linux32-spot-601
buildname: Ubuntu VM 12.04 mozilla-beta pgo test mochitest-browser-chrome-1
revision: e88b1974bc53

468 INFO TEST-UNEXPECTED-FAIL | chrome://mochitests/content/browser/browser/base/content/test/general/browser_offlineQuotaNotification.js | uncaught exception - TypeError: PopupNotifications.panel.firstElementChild is null at chrome://mochitests/content/browser/browser/base/content/test/general/browser_offlineQuotaNotification.js:89
472 INFO TEST-UNEXPECTED-FAIL | chrome://mochitests/content/browser/browser/base/content/test/general/browser_offlineQuotaNotification.js | Test timed out - expected PASS
log: https://treeherder.mozilla.org/logviewer.html#?repo=mozilla-inbound&job_id=6664425
repository: mozilla-inbound
start_time: 2015-02-16T19:04:41
who: nigelbabu[at]gmail[dot]com
machine: tst-linux64-spot-1227
buildname: Ubuntu VM 12.04 x64 mozilla-inbound opt test mochitest-browser-chrome-1
revision: 456038b0bdb5

501 INFO TEST-UNEXPECTED-FAIL | browser/base/content/test/general/browser_offlineQuotaNotification.js | Test timed out - expected PASS
log: https://treeherder.mozilla.org/logviewer.html#?repo=mozilla-inbound&job_id=6662492
repository: mozilla-inbound
start_time: 2015-02-16T17:07:23
who: nigelbabu[at]gmail[dot]com
machine: tst-linux32-spot-1044
buildname: Ubuntu VM 12.04 mozilla-inbound opt test mochitest-browser-chrome-1
revision: 759b14205621

501 INFO TEST-UNEXPECTED-FAIL | browser/base/content/test/general/browser_offlineQuotaNotification.js | Test timed out - expected PASS
log: https://treeherder.mozilla.org/logviewer.html#?repo=try&job_id=5014898
repository: try
start_time: 2015-02-18T03:07:12
who: jcoppeard[at]mozilla[dot]com
machine: tst-linux64-spot-1251
buildname: Ubuntu VM 12.04 x64 try opt test mochitest-browser-chrome-1
revision: 6fae8f01b41b

501 INFO TEST-UNEXPECTED-FAIL | browser/base/content/test/general/browser_offlineQuotaNotification.js | Test timed out - expected PASS
log: https://treeherder.mozilla.org/logviewer.html#?repo=mozilla-inbound&job_id=6751345
repository: mozilla-inbound
start_time: 2015-02-18T17:21:43
who: rvandermeulen[at]mozilla[dot]com
machine: tst-linux64-spot-163
buildname: Ubuntu VM 12.04 x64 mozilla-inbound opt test mochitest-browser-chrome-1
revision: 688f46924277

501 INFO TEST-UNEXPECTED-FAIL | browser/base/content/test/general/browser_offlineQuotaNotification.js | Test timed out - expected PASS
log: https://treeherder.mozilla.org/logviewer.html#?repo=mozilla-inbound&job_id=6758733
repository: mozilla-inbound
start_time: 2015-02-18T20:05:24
who: rvandermeulen[at]mozilla[dot]com
machine: tst-linux32-spot-256
buildname: Ubuntu VM 12.04 mozilla-inbound opt test mochitest-browser-chrome-1
revision: 55e4ab92ff94

501 INFO TEST-UNEXPECTED-FAIL | browser/base/content/test/general/browser_offlineQuotaNotification.js | Test timed out - expected PASS
log: https://treeherder.mozilla.org/logviewer.html#?repo=mozilla-central&job_id=1052631
repository: mozilla-central
start_time: 2015-02-19T05:09:53
who: rvandermeulen[at]mozilla[dot]com
machine: tst-linux32-spot-019
buildname: Ubuntu VM 12.04 mozilla-central pgo test mochitest-browser-chrome-1
revision: 360b5f211180

501 INFO TEST-UNEXPECTED-FAIL | browser/base/content/test/general/browser_offlineQuotaNotification.js | Test timed out - expected PASS
log: https://treeherder.mozilla.org/logviewer.html#?repo=mozilla-aurora&job_id=610656
repository: mozilla-aurora
start_time: 2015-02-19T20:19:57
who: philringnalda[at]gmail[dot]com
machine: tst-linux32-spot-1031
buildname: Ubuntu VM 12.04 mozilla-aurora pgo test mochitest-browser-chrome-1
revision: 5d1ed8fe4293

494 INFO TEST-UNEXPECTED-FAIL | browser/base/content/test/general/browser_offlineQuotaNotification.js | uncaught exception - TypeError: PopupNotifications.panel.firstElementChild is null at chrome://mochitests/content/browser/browser/base/content/test/general/browser_offlineQuotaNotification.js:89
498 INFO TEST-UNEXPECTED-FAIL | browser/base/content/test/general/browser_offlineQuotaNotification.js | Test timed out - expected PASS
log: https://treeherder.mozilla.org/logviewer.html#?repo=mozilla-inbound&job_id=6824982
repository: mozilla-inbound
start_time: 2015-02-20T13:23:05
who: rvandermeulen[at]mozilla[dot]com
machine: tst-linux32-spot-1095
buildname: Ubuntu VM 12.04 mozilla-inbound opt test mochitest-browser-chrome-1
revision: 7afbf9ebc89b

503 INFO TEST-UNEXPECTED-FAIL | browser/base/content/test/general/browser_offlineQuotaNotification.js | Test timed out - expected PASS
log: https://treeherder.mozilla.org/logviewer.html#?repo=mozilla-inbound&job_id=6837474
repository: mozilla-inbound
start_time: 2015-02-20T19:58:10
who: philringnalda[at]gmail[dot]com
machine: tst-linux64-spot-1365
buildname: Ubuntu VM 12.04 x64 mozilla-inbound opt test mochitest-browser-chrome-1
revision: 9b0531bd1e44

503 INFO TEST-UNEXPECTED-FAIL | browser/base/content/test/general/browser_offlineQuotaNotification.js | Test timed out - expected PASS
log: https://treeherder.mozilla.org/logviewer.html#?repo=fx-team&job_id=2059081
repository: fx-team
start_time: 2015-02-21T08:43:13
who: rvandermeulen[at]mozilla[dot]com
machine: tst-linux32-spot-610
buildname: Ubuntu VM 12.04 fx-team pgo test mochitest-browser-chrome-1
revision: f617ca1020a2

503 INFO TEST-UNEXPECTED-FAIL | browser/base/content/test/general/browser_offlineQuotaNotification.js | Test timed out - expected PASS
log: https://treeherder.mozilla.org/logviewer.html#?repo=mozilla-inbound&job_id=6901021
repository: mozilla-inbound
start_time: 2015-02-23T16:16:28
who: wkocher[at]mozilla[dot]com
machine: tst-linux64-spot-1110
buildname: Ubuntu VM 12.04 x64 mozilla-inbound opt test mochitest-browser-chrome-1
revision: 26d55e902ada

503 INFO TEST-UNEXPECTED-FAIL | browser/base/content/test/general/browser_offlineQuotaNotification.js | Test timed out - expected PASS
log: https://treeherder.mozilla.org/logviewer.html#?repo=mozilla-inbound&job_id=6911303
repository: mozilla-inbound
start_time: 2015-02-23T23:20:59
who: tomcat[at]mozilla[dot]com
machine: tst-linux64-spot-620
buildname: Ubuntu VM 12.04 x64 mozilla-inbound opt test mochitest-browser-chrome-1
revision: 60ac868f9918

503 INFO TEST-UNEXPECTED-FAIL | browser/base/content/test/general/browser_offlineQuotaNotification.js | Test timed out - expected PASS
log: https://treeherder.mozilla.org/logviewer.html#?repo=try&job_id=5144016
repository: try
start_time: 2015-02-23T13:22:21
who: ahalberstadt[at]mozilla[dot]com
machine: tst-linux32-spot-740
buildname: Ubuntu VM 12.04 try opt test mochitest-browser-chrome-1
revision: fb2f5a2102f7

503 INFO TEST-UNEXPECTED-FAIL | browser/base/content/test/general/browser_offlineQuotaNotification.js | Test timed out - expected PASS
log: https://treeherder.mozilla.org/logviewer.html#?repo=try&job_id=5144046
repository: try
start_time: 2015-02-23T13:22:05
who: ahalberstadt[at]mozilla[dot]com
machine: tst-linux32-spot-559
buildname: Ubuntu VM 12.04 try debug test mochitest-e10s-2
revision: fb2f5a2102f7

140 INFO TEST-UNEXPECTED-FAIL | dom/events/test/test_bug741666.html | Touch has correct screenX - got 67, expected 60
141 INFO TEST-UNEXPECTED-FAIL | dom/events/test/test_bug741666.html | Touch has correct screenY - got 342, expected 306
158 INFO TEST-UNEXPECTED-FAIL | dom/events/test/test_bug741666.html | Touch has correct screenX - got 67, expected 60
159 INFO TEST-UNEXPECTED-FAIL | dom/events/test/test_bug741666.html | Touch has correct screenY - got 342, expected 306
176 INFO TEST-UNEXPECTED-FAIL | dom/events/test/test_bug741666.html | Touch has correct screenX - got 67, expected 60
177 INFO TEST-UNEXPECTED-FAIL | dom/events/test/test_bug741666.html | Touch has correct screenY - got 342, expected 306
218 INFO TEST-UNEXPECTED-ERROR | dom/events/test/test_dom_before_after_keyboard_event.html | Assertion count 3 is greater than expected range 0-0 assertions.
221 INFO TEST-UNEXPECTED-ERROR | dom/events/test/test_dom_keyboard_event.html | Assertion count 1 is greater than expected range 0-0 assertions.
229 INFO TEST-UNEXPECTED-FAIL | dom/events/test/test_dragstart.html | Test timed out. - expected PASS
487 INFO TEST-UNEXPECTED-FAIL | dom/html/test/test_bug332246.html | Wrong b1.scrollHeight - got 418, expected 420
490 INFO TEST-UNEXPECTED-FAIL | dom/html/test/test_bug332246.html | Wrong scrollTop value after b2.scrollIntoView(false) - got 218, expected 220
491 INFO TEST-UNEXPECTED-FAIL | dom/html/test/test_bug332246.html | Wrong c1.scrollHeight - got 318, expected 320
494 INFO TEST-UNEXPECTED-FAIL | dom/html/test/test_bug332246.html | Wrong scrollTop value after c2.scrollIntoView(false) - got 218, expected 220
556 INFO TEST-UNEXPECTED-FAIL | dom/html/test/test_bug375003-1.html | td1.clientWidth - got 68, expected 69
560 INFO TEST-UNEXPECTED-FAIL | dom/html/test/test_bug375003-1.html | td1.offsetWidth - got 70, expected 71
564 INFO TEST-UNEXPECTED-FAIL | dom/html/test/test_bug375003-1.html | td1.scrollWidth - got 68, expected 69
568 INFO TEST-UNEXPECTED-FAIL | dom/html/test/test_bug375003-1.html | tr1.clientWidth - got 70, expected 71
572 INFO TEST-UNEXPECTED-FAIL | dom/html/test/test_bug375003-1.html | tr1.offsetWidth - got 70, expected 71
576 INFO TEST-UNEXPECTED-FAIL | dom/html/test/test_bug375003-1.html | tr1.scrollWidth - got 70, expected 71
578 INFO TEST-UNEXPECTED-FAIL | dom/html/test/test_bug375003-1.html | span2.clientLeft - got 9, expected 10
584 INFO TEST-UNEXPECTED-FAIL | dom/html/test/test_bug375003-1.html | span2.offsetWidth - got 29, expected 30
592 INFO TEST-UNEXPECTED-FAIL | dom/html/test/test_bug375003-1.html | table1.clientWidth - got 84, expected 85
594 INFO TEST-UNEXPECTED-FAIL | dom/html/test/test_bug375003-1.html | table1.offsetLeft - got 9, expected 10
595 INFO TEST-UNEXPECTED-FAIL | dom/html/test/test_bug375003-1.html | table1.offsetTop - got 9, expected 10
596 INFO TEST-UNEXPECTED-FAIL | dom/html/test/test_bug375003-1.html | table1.offsetWidth - got 102, expected 103
600 INFO TEST-UNEXPECTED-FAIL | dom/html/test/test_bug375003-1.html | table1.scrollWidth - got 84, expected 85
602 INFO TEST-UNEXPECTED-FAIL | dom/html/test/test_bug375003-1.html | div1.clientLeft - got 9, expected 10
603 INFO TEST-UNEXPECTED-FAIL | dom/html/test/test_bug375003-1.html | div1.clientTop - got 9, expected 10
607 INFO TEST-UNEXPECTED-FAIL | dom/html/test/test_bug375003-1.html | div1.offsetHeight - got 149, expected 151
611 INFO TEST-UNEXPECTED-FAIL | dom/html/test/test_bug375003-1.html | span2b.clientLeft - got 9, expected 10
615 INFO TEST-UNEXPECTED-FAIL | dom/html/test/test_bug375003-1.html | span2b.offsetLeft - got 24, expected 25
616 INFO TEST-UNEXPECTED-FAIL | dom/html/test/test_bug375003-1.html | span2b.offsetWidth - got 29, expected 30
682 INFO TEST-UNEXPECTED-FAIL | dom/html/test/test_bug375003-1.html | div3.clientLeft - got 9, expected 10
683 INFO TEST-UNEXPECTED-FAIL | dom/html/test/test_bug375003-1.html | div3.clientTop - got 9, expected 10
686 INFO TEST-UNEXPECTED-FAIL | dom/html/test/test_bug375003-1.html | div3.offsetTop - got 149, expected 151
687 INFO TEST-UNEXPECTED-FAIL | dom/html/test/test_bug375003-1.html | div3.offsetHeight - got 58, expected 60
709 INFO TEST-UNEXPECTED-FAIL | dom/html/test/test_bug375003-1.html | td5.offsetWidth - got 35, expected 36
710 INFO TEST-UNEXPECTED-FAIL | dom/html/test/test_bug375003-1.html | td5.offsetHeight - got 35, expected 36
717 INFO TEST-UNEXPECTED-FAIL | dom/html/test/test_bug375003-1.html | tr5.clientWidth - got 35, expected 36
718 INFO TEST-UNEXPECTED-FAIL | dom/html/test/test_bug375003-1.html | tr5.clientHeight - got 35, expected 36
721 INFO TEST-UNEXPECTED-FAIL | dom/html/test/test_bug375003-1.html | tr5.offsetWidth - got 35, expected 36
722 INFO TEST-UNEXPECTED-FAIL | dom/html/test/test_bug375003-1.html | tr5.offsetHeight - got 35, expected 36
725 INFO TEST-UNEXPECTED-FAIL | dom/html/test/test_bug375003-1.html | tr5.scrollWidth - got 35, expected 36
732 INFO TEST-UNEXPECTED-FAIL | dom/html/test/test_bug375003-1.html | span6.offsetTop - got 57, expected 58
741 INFO TEST-UNEXPECTED-FAIL | dom/html/test/test_bug375003-1.html | table5.clientWidth - got 39, expected 40
742 INFO TEST-UNEXPECTED-FAIL | dom/html/test/test_bug375003-1.html | table5.clientHeight - got 77, expected 78
745 INFO TEST-UNEXPECTED-FAIL | dom/html/test/test_bug375003-1.html | table5.offsetWidth - got 39, expected 40
746 INFO TEST-UNEXPECTED-FAIL | dom/html/test/test_bug375003-1.html | table5.offsetHeight - got 77, expected 78
751 INFO TEST-UNEXPECTED-FAIL | dom/html/test/test_bug375003-1.html | div5.clientLeft - got 9, expected 10
752 INFO TEST-UNEXPECTED-FAIL | dom/html/test/test_bug375003-1.html | div5.clientTop - got 9, expected 10
753 INFO TEST-UNEXPECTED-FAIL | dom/html/test/test_bug375003-1.html | div5.clientHeight - got 77, expected 78
755 INFO TEST-UNEXPECTED-FAIL | dom/html/test/test_bug375003-1.html | div5.offsetTop - got 207, expected 211
756 INFO TEST-UNEXPECTED-FAIL | dom/html/test/test_bug375003-1.html | div5.offsetHeight - got 95, expected 98
812 INFO TEST-UNEXPECTED-FAIL | dom/html/test/test_bug375003-1.html | table7.offsetLeft - got 9, expected 10
813 INFO TEST-UNEXPECTED-FAIL | dom/html/test/test_bug375003-1.html | table7.offsetTop - got 311, expected 319
820 INFO TEST-UNEXPECTED-FAIL | dom/html/test/test_bug375003-1.html | div7.clientLeft - got 9, expected 10
821 INFO TEST-UNEXPECTED-FAIL | dom/html/test/test_bug375003-1.html | div7.clientTop - got 9, expected 10
824 INFO TEST-UNEXPECTED-FAIL | dom/html/test/test_bug375003-1.html | div7.offsetTop - got 302, expected 309
825 INFO TEST-UNEXPECTED-FAIL | dom/html/test/test_bug375003-1.html | div7.offsetHeight - got 86, expected 88
845 INFO TEST-UNEXPECTED-FAIL | dom/html/test/test_bug375003-1.html | td9.offsetLeft - got 14, expected 15
846 INFO TEST-UNEXPECTED-FAIL | dom/html/test/test_bug375003-1.html | td9.offsetTop - got 14, expected 15
857 INFO TEST-UNEXPECTED-FAIL | dom/html/test/test_bug375003-1.html | tr9.offsetLeft - got 14, expected 15
858 INFO TEST-UNEXPECTED-FAIL | dom/html/test/test_bug375003-1.html | tr9.offsetTop - got 14, expected 15
869 INFO TEST-UNEXPECTED-FAIL | dom/html/test/test_bug375003-1.html | span10.offsetLeft - got 16, expected 17
877 INFO TEST-UNEXPECTED-FAIL | dom/html/test/test_bug375003-1.html | table9.clientLeft - got 12, expected 13
878 INFO TEST-UNEXPECTED-FAIL | dom/html/test/test_bug375003-1.html | table9.clientTop - got 12, expected 13
881 INFO TEST-UNEXPECTED-FAIL | dom/html/test/test_bug375003-1.html | table9.offsetLeft - got 9, expected 10
882 INFO TEST-UNEXPECTED-FAIL | dom/html/test/test_bug375003-1.html | table9.offsetTop - got 396, expected 407
883 INFO TEST-UNEXPECTED-FAIL | dom/html/test/test_bug375003-1.html | table9.offsetWidth - got 53, expected 54
884 INFO TEST-UNEXPECTED-FAIL | dom/html/test/test_bug375003-1.html | table9.offsetHeight - got 59, expected 60
889 INFO TEST-UNEXPECTED-FAIL | dom/html/test/test_bug375003-1.html | div9.clientLeft - got 9, expected 10
890 INFO TEST-UNEXPECTED-FAIL | dom/html/test/test_bug375003-1.html | div9.clientTop - got 9, expected 10
893 INFO TEST-UNEXPECTED-FAIL | dom/html/test/test_bug375003-1.html | div9.offsetTop - got 387, expected 397
894 INFO TEST-UNEXPECTED-FAIL | dom/html/test/test_bug375003-1.html | div9.offsetHeight - got 18, expected 20
938 INFO TEST-UNEXPECTED-FAIL | dom/html/test/test_bug375003-1.html | span12.offsetLeft - got 27, expected 28
939 INFO TEST-UNEXPECTED-FAIL | dom/html/test/test_bug375003-1.html | span12.offsetTop - got 441, expected 454
950 INFO TEST-UNEXPECTED-FAIL | dom/html/test/test_bug375003-1.html | table11.offsetLeft - got 9, expected 10
951 INFO TEST-UNEXPECTED-FAIL | dom/html/test/test_bug375003-1.html | table11.offsetTop - got 414, expected 427
958 INFO TEST-UNEXPECTED-FAIL | dom/html/test/test_bug375003-1.html | div11.clientLeft - got 9, expected 10
959 INFO TEST-UNEXPECTED-FAIL | dom/html/test/test_bug375003-1.html | div11.clientTop - got 9, expected 10
962 INFO TEST-UNEXPECTED-FAIL | dom/html/test/test_bug375003-1.html | div11.offsetTop - got 405, expected 417
963 INFO TEST-UNEXPECTED-FAIL | dom/html/test/test_bug375003-1.html | div11.offsetHeight - got 48, expected 50
972 INFO TEST-UNEXPECTED-FAIL | dom/html/test/test_bug375003-2.html | div1.clientLeft - got 19, expected 20
973 INFO TEST-UNEXPECTED-FAIL | dom/html/test/test_bug375003-2.html | div1.clientTop - got 19, expected 20
976 INFO TEST-UNEXPECTED-FAIL | dom/html/test/test_bug375003-2.html | div1.offsetWidth - got 198, expected 200
977 INFO TEST-UNEXPECTED-FAIL | dom/html/test/test_bug375003-2.html | div1.offsetHeight - got 158, expected 160
982 INFO TEST-UNEXPECTED-FAIL | dom/html/test/test_bug375003-2.html | abs1.clientLeft - got 19, expected 20
983 INFO TEST-UNEXPECTED-FAIL | dom/html/test/test_bug375003-2.html | abs1.clientTop - got 19, expected 20
985 INFO TEST-UNEXPECTED-FAIL | dom/html/test/test_bug375003-2.html | abs1.offsetTop - got 168, expected 170
986 INFO TEST-UNEXPECTED-FAIL | dom/html/test/test_bug375003-2.html | abs1.offsetWidth - got 198, expected 200
987 INFO TEST-UNEXPECTED-FAIL | dom/html/test/test_bug375003-2.html | abs1.offsetHeight - got 158, expected 160
992 INFO TEST-UNEXPECTED-FAIL | dom/html/test/test_bug375003-2.html | table1.clientLeft - got 19, expected 20
993 INFO TEST-UNEXPECTED-FAIL | dom/html/test/test_bug375003-2.html | table1.clientTop - got 19, expected 20
997 INFO TEST-UNEXPECTED-FAIL | dom/html/test/test_bug375003-2.html | table1.offsetTop - got 168, expected 170
998 INFO TEST-UNEXPECTED-FAIL | dom/html/test/test_bug375003-2.html | table1.offsetWidth - got 304, expected 306
999 INFO TEST-UNEXPECTED-FAIL | dom/html/test/test_bug375003-2.html | table1.offsetHeight - got 304, expected 306
1016 INFO TEST-UNEXPECTED-FAIL | dom/html/test/test_bug375003-2.html | table3.clientLeft - got 9, expected 10
1017 INFO TEST-UNEXPECTED-FAIL | dom/html/test/test_bug375003-2.html | table3.clientTop - got 9, expected 10
1022 INFO TEST-UNEXPECTED-FAIL | dom/html/test/test_bug375003-2.html | table3.offsetWidth - got 226, expected 228
1023 INFO TEST-UNEXPECTED-FAIL | dom/html/test/test_bug375003-2.html | table3.offsetHeight - got 226, expected 228
log: https://treeherder.mozilla.org/logviewer.html#?repo=try&job_id=5144327
repository: try
start_time: 2015-02-23T14:26:24
who: ahalberstadt[at]mozilla[dot]com
machine: tst-linux64-spot-204
buildname: Ubuntu VM 12.04 x64 try opt test mochitest-e10s-2
revision: fb2f5a2102f7

1963 INFO TEST-UNEXPECTED-FAIL | dom/media/test/test_load_same_resource.html | Test timed out. - expected PASS
log: https://treeherder.mozilla.org/logviewer.html#?repo=try&job_id=5147344
repository: try
start_time: 2015-02-23T15:44:56
who: ahalberstadt[at]mozilla[dot]com
machine: t-xp32-ix-035
buildname: Windows XP 32-bit try opt test web-platform-tests-4
revision: fb2f5a2102f7

TEST-UNEXPECTED-FAIL | /workers/interfaces/WorkerGlobalScope/close/setInterval.html | close() and setInterval - assert_true: got error expected true got false
TEST-UNEXPECTED-OK | /workers/interfaces/WorkerGlobalScope/close/setInterval.html | expected ERROR
Return code: 1
log: https://treeherder.mozilla.org/logviewer.html#?repo=try&job_id=5147292
repository: try
start_time: 2015-02-23T16:25:59
who: ahalberstadt[at]mozilla[dot]com
machine: t-w732-ix-039
buildname: Windows 7 32-bit try debug test mochitest-4
revision: fb2f5a2102f7

391 INFO TEST-UNEXPECTED-ERROR | dom/workers/test/serviceworkers/test_install_event.html | Assertion count 1 is greater than expected range 0-0 assertions.
Return code: 1
log: https://treeherder.mozilla.org/logviewer.html#?repo=try&job_id=5144822
repository: try
start_time: 2015-02-23T13:45:09
who: ahalberstadt[at]mozilla[dot]com
machine: panda-0430
buildname: Android 4.0 armv7 API 11+ try opt test robocop-1
revision: fb2f5a2102f7

TEST-UNEXPECTED-FAIL | testAddSearchEngine | waiting for urlbar text to gain focus - urlbar text gained focus
0 ERROR Exception caught during test! - junit.framework.AssertionFailedError: TEST-UNEXPECTED-FAIL | testAddSearchEngine | waiting for urlbar text to gain focus - urlbar text gained focus
TEST-UNEXPECTED-FAIL | testAddSearchEngine | Exception caught - junit.framework.AssertionFailedError: TEST-UNEXPECTED-FAIL | testAddSearchEngine | waiting for urlbar text to gain focus - urlbar text gained focus
02-23 14:02:15.187 E/GeckoLinker( 2910): /data/data/com.adobe.flashplayer/lib/libysshared.so: Text relocations are not supported
Return code: 1
02-23 14:11:39.078 E/GeckoLinker( 4231): /data/data/com.adobe.flashplayer/lib/libysshared.so: Text relocations are not supported
log: https://treeherder.mozilla.org/logviewer.html#?repo=mozilla-inbound&job_id=6921368
repository: mozilla-inbound
start_time: 2015-02-24T07:34:56
who: rvandermeulen[at]mozilla[dot]com
machine: tst-linux64-spot-451
buildname: Ubuntu VM 12.04 x64 mozilla-inbound opt test mochitest-browser-chrome-1
revision: 26cc212192fa

507 INFO TEST-UNEXPECTED-FAIL | browser/base/content/test/general/browser_offlineQuotaNotification.js | Test timed out - expected PASS
log: https://treeherder.mozilla.org/logviewer.html#?repo=mozilla-inbound&job_id=6960721
repository: mozilla-inbound
start_time: 2015-02-25T02:21:11
who: tomcat[at]mozilla[dot]com
machine: tst-linux64-spot-001
buildname: Ubuntu VM 12.04 x64 mozilla-inbound opt test mochitest-browser-chrome-1
revision: da1cac8417ac

507 INFO TEST-UNEXPECTED-FAIL | browser/base/content/test/general/browser_offlineQuotaNotification.js | Test timed out - expected PASS
log: https://treeherder.mozilla.org/logviewer.html#?repo=fx-team&job_id=2095924
repository: fx-team
start_time: 2015-02-25T02:49:03
who: tomcat[at]mozilla[dot]com
machine: tst-linux32-spot-1037
buildname: Ubuntu VM 12.04 fx-team pgo test mochitest-browser-chrome-1
revision: 32c84f014b3b

507 INFO TEST-UNEXPECTED-FAIL | browser/base/content/test/general/browser_offlineQuotaNotification.js | Test timed out - expected PASS
log: https://treeherder.mozilla.org/logviewer.html#?repo=mozilla-inbound&job_id=6971494
repository: mozilla-inbound
start_time: 2015-02-25T06:48:19
who: rvandermeulen[at]mozilla[dot]com
machine: tst-linux32-spot-1064
buildname: Ubuntu VM 12.04 mozilla-inbound opt test mochitest-browser-chrome-1
revision: 8b2da484f045

507 INFO TEST-UNEXPECTED-FAIL | browser/base/content/test/general/browser_offlineQuotaNotification.js | Test timed out - expected PASS
log: https://treeherder.mozilla.org/logviewer.html#?repo=try&job_id=5202102
repository: try
start_time: 2015-02-25T08:59:16
who: gijskruitbosch[at]gmail[dot]com
machine: tst-linux32-spot-211
buildname: Ubuntu VM 12.04 try opt test mochitest-browser-chrome-1
revision: 32aac60b0fff

503 INFO TEST-UNEXPECTED-FAIL | browser/base/content/test/general/browser_offlineQuotaNotification.js | Test timed out - expected PASS
log: https://treeherder.mozilla.org/logviewer.html#?repo=mozilla-inbound&job_id=7005481
repository: mozilla-inbound
start_time: 2015-02-25T20:41:10
who: philringnalda[at]gmail[dot]com
machine: tst-linux64-spot-801
buildname: Ubuntu VM 12.04 x64 mozilla-inbound opt test mochitest-browser-chrome-1
revision: 6c010b941832

507 INFO TEST-UNEXPECTED-FAIL | browser/base/content/test/general/browser_offlineQuotaNotification.js | Test timed out - expected PASS
log: https://treeherder.mozilla.org/logviewer.html#?repo=mozilla-central&job_id=1088908
repository: mozilla-central
start_time: 2015-02-25T21:21:30
who: tomcat[at]mozilla[dot]com
machine: tst-linux64-spot-066
buildname: Ubuntu VM 12.04 x64 mozilla-central pgo test mochitest-browser-chrome-1
revision: dd6353d61993

507 INFO TEST-UNEXPECTED-FAIL | browser/base/content/test/general/browser_offlineQuotaNotification.js | Test timed out - expected PASS
log: https://treeherder.mozilla.org/logviewer.html#?repo=mozilla-inbound&job_id=7014540
repository: mozilla-inbound
start_time: 2015-02-26T05:41:16
who: tomcat[at]mozilla[dot]com
machine: tst-linux64-spot-524
buildname: Ubuntu VM 12.04 x64 mozilla-inbound opt test mochitest-browser-chrome-1
revision: 4eab437d2b51

507 INFO TEST-UNEXPECTED-FAIL | browser/base/content/test/general/browser_offlineQuotaNotification.js | Test timed out - expected PASS
747 INFO TEST-UNEXPECTED-FAIL | browser/base/content/test/plugins/browser_CTP_iframe.js | Test 1, Waited too long for the overlay to become invisible. -
log: https://treeherder.mozilla.org/logviewer.html#?repo=mozilla-inbound&job_id=7018991
repository: mozilla-inbound
start_time: 2015-02-26T06:48:05
who: rvandermeulen[at]mozilla[dot]com
machine: tst-linux64-spot-475
buildname: Ubuntu VM 12.04 x64 mozilla-inbound opt test mochitest-browser-chrome-1
revision: 9e73726c6d30

507 INFO TEST-UNEXPECTED-FAIL | browser/base/content/test/general/browser_offlineQuotaNotification.js | Test timed out - expected PASS
log: https://treeherder.mozilla.org/logviewer.html#?repo=b2g-inbound&job_id=1422662
repository: b2g-inbound
start_time: 2015-02-27T16:38:17
who: philringnalda[at]gmail[dot]com
machine: tst-linux32-spot-177
buildname: Ubuntu VM 12.04 b2g-inbound pgo test mochitest-browser-chrome-1
revision: cb132212442a

507 INFO TEST-UNEXPECTED-FAIL | browser/base/content/test/general/browser_offlineQuotaNotification.js | Test timed out - expected PASS
log: https://treeherder.mozilla.org/logviewer.html#?repo=mozilla-release&job_id=40276
repository: mozilla-release
start_time: 2015-02-28T05:23:27
who: rvandermeulen[at]mozilla[dot]com
machine: tst-linux32-spot-027
buildname: Ubuntu VM 12.04 mozilla-release pgo test mochitest-browser-chrome-1
revision: 2f2a515eeae0

468 INFO TEST-UNEXPECTED-FAIL | chrome://mochitests/content/browser/browser/base/content/test/general/browser_offlineQuotaNotification.js | uncaught exception - TypeError: PopupNotifications.panel.firstElementChild is null at chrome://mochitests/content/browser/browser/base/content/test/general/browser_offlineQuotaNotification.js:89
472 INFO TEST-UNEXPECTED-FAIL | chrome://mochitests/content/browser/browser/base/content/test/general/browser_offlineQuotaNotification.js | Test timed out - expected PASS
log: https://treeherder.mozilla.org/logviewer.html#?repo=mozilla-inbound&job_id=7124360
repository: mozilla-inbound
start_time: 2015-03-02T22:29:14
who: tomcat[at]mozilla[dot]com
machine: tst-linux32-spot-606
buildname: Ubuntu VM 12.04 mozilla-inbound opt test mochitest-browser-chrome-1
revision: b7cdf1cf0939

507 INFO TEST-UNEXPECTED-FAIL | browser/base/content/test/general/browser_offlineQuotaNotification.js | Test timed out - expected PASS
log: https://treeherder.mozilla.org/logviewer.html#?repo=mozilla-inbound&job_id=7255664
repository: mozilla-inbound
start_time: 2015-03-05T07:36:42
who: tomcat[at]mozilla[dot]com
machine: tst-linux64-spot-1572
buildname: Ubuntu VM 12.04 x64 mozilla-inbound opt test mochitest-browser-chrome-1
revision: ad7dc4416bc3

507 INFO TEST-UNEXPECTED-FAIL | browser/base/content/test/general/browser_offlineQuotaNotification.js | Test timed out - expected PASS
log: https://treeherder.mozilla.org/logviewer.html#?repo=b2g-inbound&job_id=1457851
repository: b2g-inbound
start_time: 2015-03-05T15:29:00
who: wkocher[at]mozilla[dot]com
machine: tst-linux64-spot-1551
buildname: Ubuntu VM 12.04 x64 b2g-inbound pgo test mochitest-browser-chrome-1
revision: 1343dea7cf68

507 INFO TEST-UNEXPECTED-FAIL | browser/base/content/test/general/browser_offlineQuotaNotification.js | Test timed out - expected PASS
log: https://treeherder.mozilla.org/logviewer.html#?repo=mozilla-inbound&job_id=7320702
repository: mozilla-inbound
start_time: 2015-03-06T18:25:07
who: philringnalda[at]gmail[dot]com
machine: tst-linux64-spot-1445
buildname: Ubuntu VM 12.04 x64 mozilla-inbound opt test mochitest-browser-chrome-1
revision: 56083b5a4473

509 INFO TEST-UNEXPECTED-FAIL | browser/base/content/test/general/browser_offlineQuotaNotification.js | Test timed out - expected PASS
log: https://treeherder.mozilla.org/logviewer.html#?repo=mozilla-inbound&job_id=7322238
repository: mozilla-inbound
start_time: 2015-03-06T19:13:30
who: philringnalda[at]gmail[dot]com
machine: tst-linux32-spot-195
buildname: Ubuntu VM 12.04 mozilla-inbound opt test mochitest-browser-chrome-1
revision: 62fecc6ab96e

509 INFO TEST-UNEXPECTED-FAIL | browser/base/content/test/general/browser_offlineQuotaNotification.js | Test timed out - expected PASS
log: https://treeherder.mozilla.org/logviewer.html#?repo=mozilla-inbound&job_id=7334480
repository: mozilla-inbound
start_time: 2015-03-07T10:04:41
who: philringnalda[at]gmail[dot]com
machine: tst-linux64-spot-1560
buildname: Ubuntu VM 12.04 x64 mozilla-inbound opt test mochitest-browser-chrome-1
revision: 99a276974d6d

509 INFO TEST-UNEXPECTED-FAIL | browser/base/content/test/general/browser_offlineQuotaNotification.js | Test timed out - expected PASS
log: https://treeherder.mozilla.org/logviewer.html#?repo=mozilla-inbound&job_id=7340503
repository: mozilla-inbound
start_time: 2015-03-07T15:26:31
who: philringnalda[at]gmail[dot]com
machine: tst-linux64-spot-224
buildname: Ubuntu VM 12.04 x64 mozilla-inbound opt test mochitest-browser-chrome-1
revision: c8fbb68f9fe1

509 INFO TEST-UNEXPECTED-FAIL | browser/base/content/test/general/browser_offlineQuotaNotification.js | Test timed out - expected PASS
log: https://treeherder.mozilla.org/logviewer.html#?repo=mozilla-inbound&job_id=7346794
repository: mozilla-inbound
start_time: 2015-03-07T23:58:28
who: philringnalda[at]gmail[dot]com
machine: tst-linux64-spot-907
buildname: Ubuntu VM 12.04 x64 mozilla-inbound opt test mochitest-browser-chrome-1
revision: 6bb20f395bcc

509 INFO TEST-UNEXPECTED-FAIL | browser/base/content/test/general/browser_offlineQuotaNotification.js | Test timed out - expected PASS
log: https://treeherder.mozilla.org/logviewer.html#?repo=mozilla-central&job_id=1138717
repository: mozilla-central
start_time: 2015-03-09T19:23:05
who: philringnalda[at]gmail[dot]com
machine: tst-linux64-spot-1552
buildname: Ubuntu VM 12.04 x64 mozilla-central opt test mochitest-browser-chrome-1
revision: 9d54f24596e9

509 INFO TEST-UNEXPECTED-FAIL | browser/base/content/test/general/browser_offlineQuotaNotification.js | Test timed out - expected PASS
log: https://treeherder.mozilla.org/logviewer.html#?repo=mozilla-inbound&job_id=7404464
repository: mozilla-inbound
start_time: 2015-03-10T03:30:33
who: tomcat[at]mozilla[dot]com
machine: tst-linux32-spot-778
buildname: Ubuntu VM 12.04 mozilla-inbound pgo test mochitest-browser-chrome-1
revision: 74a48fdaac01

509 INFO TEST-UNEXPECTED-FAIL | browser/base/content/test/general/browser_offlineQuotaNotification.js | Test timed out - expected PASS
log: https://treeherder.mozilla.org/logviewer.html#?repo=try&job_id=5511139
repository: try
start_time: 2015-03-09T21:38:11
who: dtownsend[at]mozilla[dot]com
machine: tst-linux32-spot-1014
buildname: Ubuntu VM 12.04 try opt test mochitest-browser-chrome-1
revision: ec6d53f8a3a5

509 INFO TEST-UNEXPECTED-FAIL | browser/base/content/test/general/browser_offlineQuotaNotification.js | Test timed out - expected PASS
log: https://treeherder.mozilla.org/logviewer.html#?repo=mozilla-beta&job_id=296786
repository: mozilla-beta
start_time: 2015-03-10T11:01:58
who: rvandermeulen[at]mozilla[dot]com
machine: tst-linux32-spot-642
buildname: Ubuntu VM 12.04 mozilla-beta pgo test mochitest-browser-chrome-1
revision: 90a33a9f129e

494 INFO TEST-UNEXPECTED-FAIL | browser/base/content/test/general/browser_offlineQuotaNotification.js | uncaught exception - TypeError: PopupNotifications.panel.firstElementChild is null at chrome://mochitests/content/browser/browser/base/content/test/general/browser_offlineQuotaNotification.js:89
498 INFO TEST-UNEXPECTED-FAIL | browser/base/content/test/general/browser_offlineQuotaNotification.js | Test timed out - expected PASS
log: https://treeherder.mozilla.org/logviewer.html#?repo=mozilla-inbound&job_id=7426659
repository: mozilla-inbound
start_time: 2015-03-10T12:44:06
who: rvandermeulen[at]mozilla[dot]com
machine: tst-linux32-spot-299
buildname: Ubuntu VM 12.04 mozilla-inbound opt test mochitest-browser-chrome-1
revision: 020545d52adf

509 INFO TEST-UNEXPECTED-FAIL | browser/base/content/test/general/browser_offlineQuotaNotification.js | Test timed out - expected PASS
log: https://treeherder.mozilla.org/logviewer.html#?repo=fx-team&job_id=2248469
repository: fx-team
start_time: 2015-03-12T09:19:52
who: rvandermeulen[at]mozilla[dot]com
machine: tst-linux32-spot-729
buildname: Ubuntu VM 12.04 fx-team opt test mochitest-browser-chrome-1
revision: 3e784015e7aa

509 INFO TEST-UNEXPECTED-FAIL | browser/base/content/test/general/browser_offlineQuotaNotification.js | Test timed out - expected PASS
623 INFO TEST-UNEXPECTED-FAIL | browser/base/content/test/general/browser_parsable_script.js | This test exceeded the timeout threshold. It should be rewritten or split up. If that's not possible, use requestLongerTimeout(N), but only as a last resort. - expected PASS
log: https://treeherder.mozilla.org/logviewer.html#?repo=mozilla-inbound&job_id=7538565
repository: mozilla-inbound
start_time: 2015-03-12T09:57:50
who: rvandermeulen[at]mozilla[dot]com
machine: tst-linux64-spot-502
buildname: Ubuntu VM 12.04 x64 mozilla-inbound opt test mochitest-browser-chrome-1
revision: 83fabedf6d3a

509 INFO TEST-UNEXPECTED-FAIL | browser/base/content/test/general/browser_offlineQuotaNotification.js | Test timed out - expected PASS
1008 INFO TEST-UNEXPECTED-FAIL | browser/base/content/test/popupNotifications/browser_popupNotification.js | Test timed out - expected PASS
log: https://treeherder.mozilla.org/logviewer.html#?repo=fx-team&job_id=2251638
repository: fx-team
start_time: 2015-03-12T12:39:47
who: rvandermeulen[at]mozilla[dot]com
machine: tst-linux32-spot-1069
buildname: Ubuntu VM 12.04 fx-team opt test mochitest-browser-chrome-1
revision: 397b5f9702e7

509 INFO TEST-UNEXPECTED-FAIL | browser/base/content/test/general/browser_offlineQuotaNotification.js | Test timed out - expected PASS
log: https://treeherder.mozilla.org/logviewer.html#?repo=mozilla-inbound&job_id=7564177
repository: mozilla-inbound
start_time: 2015-03-12T18:45:02
who: philringnalda[at]gmail[dot]com
machine: tst-linux64-spot-1215
buildname: Ubuntu VM 12.04 x64 mozilla-inbound opt test mochitest-browser-chrome-1
revision: d3f34e3bffce

509 INFO TEST-UNEXPECTED-FAIL | browser/base/content/test/general/browser_offlineQuotaNotification.js | Test timed out - expected PASS
log: https://treeherder.mozilla.org/logviewer.html#?repo=mozilla-aurora&job_id=672418
repository: mozilla-aurora
start_time: 2015-03-13T02:53:06
who: tomcat[at]mozilla[dot]com
machine: tst-linux64-spot-1596
buildname: Ubuntu VM 12.04 x64 mozilla-aurora pgo test mochitest-browser-chrome-1
revision: 694d3b0b8100

500 INFO TEST-UNEXPECTED-FAIL | browser/base/content/test/general/browser_offlineQuotaNotification.js | uncaught exception - TypeError: PopupNotifications.panel.firstElementChild is null at chrome://mochitests/content/browser/browser/base/content/test/general/browser_offlineQuotaNotification.js:89
504 INFO TEST-UNEXPECTED-FAIL | browser/base/content/test/general/browser_offlineQuotaNotification.js | Test timed out - expected PASS
log: https://treeherder.mozilla.org/logviewer.html#?repo=b2g-inbound&job_id=1514682
repository: b2g-inbound
start_time: 2015-03-14T16:25:43
who: philringnalda[at]gmail[dot]com
machine: tst-linux64-spot-1674
buildname: Ubuntu VM 12.04 x64 b2g-inbound opt test mochitest-browser-chrome-1
revision: b2972c09df10

509 INFO TEST-UNEXPECTED-FAIL | browser/base/content/test/general/browser_offlineQuotaNotification.js | Test timed out - expected PASS
log: https://treeherder.mozilla.org/logviewer.html#?repo=fx-team&job_id=2282392
repository: fx-team
start_time: 2015-03-16T04:45:23
who: tomcat[at]mozilla[dot]com
machine: tst-linux64-spot-1310
buildname: Ubuntu VM 12.04 x64 fx-team pgo test mochitest-browser-chrome-1
revision: c4d1983fa726

509 INFO TEST-UNEXPECTED-FAIL | browser/base/content/test/general/browser_offlineQuotaNotification.js | Test timed out - expected PASS
log: https://treeherder.mozilla.org/logviewer.html#?repo=mozilla-aurora&job_id=678596
repository: mozilla-aurora
start_time: 2015-03-16T03:01:06
who: philringnalda[at]gmail[dot]com
machine: tst-linux32-spot-040
buildname: Ubuntu VM 12.04 mozilla-aurora pgo test mochitest-browser-chrome-1
revision: 17f9ac0d4f40

500 INFO TEST-UNEXPECTED-FAIL | browser/base/content/test/general/browser_offlineQuotaNotification.js | uncaught exception - TypeError: PopupNotifications.panel.firstElementChild is null at chrome://mochitests/content/browser/browser/base/content/test/general/browser_offlineQuotaNotification.js:89
504 INFO TEST-UNEXPECTED-FAIL | browser/base/content/test/general/browser_offlineQuotaNotification.js | Test timed out - expected PASS
log: https://treeherder.mozilla.org/logviewer.html#?repo=try&job_id=5680468
repository: try
start_time: 2015-03-16T10:32:55
who: ahalberstadt[at]mozilla[dot]com
machine: tst-linux64-spot-702
buildname: Ubuntu VM 12.04 x64 try opt test mochitest-browser-chrome-1
revision: cd5411ea2b0f

509 INFO TEST-UNEXPECTED-FAIL | browser/base/content/test/general/browser_offlineQuotaNotification.js | Test timed out - expected PASS
log: https://treeherder.mozilla.org/logviewer.html#?repo=mozilla-inbound&job_id=7665952
repository: mozilla-inbound
start_time: 2015-03-16T12:29:23
who: rvandermeulen[at]mozilla[dot]com
machine: tst-linux64-spot-1562
buildname: Ubuntu VM 12.04 x64 mozilla-inbound pgo test mochitest-browser-chrome-1
revision: 2a827268f69e

509 INFO TEST-UNEXPECTED-FAIL | browser/base/content/test/general/browser_offlineQuotaNotification.js | Test timed out - expected PASS
log: https://treeherder.mozilla.org/logviewer.html#?repo=mozilla-inbound&job_id=7668335
repository: mozilla-inbound
start_time: 2015-03-16T13:06:24
who: rvandermeulen[at]mozilla[dot]com
machine: tst-linux32-spot-052
buildname: Ubuntu VM 12.04 mozilla-inbound opt test mochitest-browser-chrome-1
revision: f4c4a96d089a

509 INFO TEST-UNEXPECTED-FAIL | browser/base/content/test/general/browser_offlineQuotaNotification.js | Test timed out - expected PASS
log: https://treeherder.mozilla.org/logviewer.html#?repo=mozilla-inbound&job_id=7697772
repository: mozilla-inbound
start_time: 2015-03-16T22:44:48
who: tomcat[at]mozilla[dot]com
machine: b-2008-ix-0142
buildname: WINNT 6.1 x86-64 mozilla-inbound build
revision: 0d271a1f28a0

AssertionError: Tests should have passed, log:
TEST-UNEXPECTED-TIMEOUT | test_child_assertions.js | Test timed out
Return code: 2
'make -k check' did not run successfully. Please check log for errors.
log: https://treeherder.mozilla.org/logviewer.html#?repo=mozilla-inbound&job_id=7700779
repository: mozilla-inbound
start_time: 2015-03-17T00:23:07
who: tomcat[at]mozilla[dot]com
machine: tst-linux64-spot-1285
buildname: Ubuntu VM 12.04 x64 mozilla-inbound pgo test mochitest-browser-chrome-1
revision: 6aaf86f2c5d8

509 INFO TEST-UNEXPECTED-FAIL | browser/base/content/test/general/browser_offlineQuotaNotification.js | Test timed out - expected PASS
log: https://treeherder.mozilla.org/logviewer.html#?repo=mozilla-inbound&job_id=7745264
repository: mozilla-inbound
start_time: 2015-03-18T03:29:42
who: tomcat[at]mozilla[dot]com
machine: tst-linux32-spot-555
buildname: Ubuntu VM 12.04 mozilla-inbound opt test mochitest-browser-chrome-1
revision: 23d74b0e4e21

509 INFO TEST-UNEXPECTED-FAIL | browser/base/content/test/general/browser_offlineQuotaNotification.js | Test timed out - expected PASS
log: https://treeherder.mozilla.org/logviewer.html#?repo=mozilla-beta&job_id=313855
repository: mozilla-beta
start_time: 2015-03-19T06:02:11
who: rvandermeulen[at]mozilla[dot]com
machine: tst-linux32-spot-1018
buildname: Ubuntu VM 12.04 mozilla-beta pgo test mochitest-browser-chrome-1
revision: 45897d27ef82

494 INFO TEST-UNEXPECTED-FAIL | browser/base/content/test/general/browser_offlineQuotaNotification.js | uncaught exception - TypeError: PopupNotifications.panel.firstElementChild is null at chrome://mochitests/content/browser/browser/base/content/test/general/browser_offlineQuotaNotification.js:89
498 INFO TEST-UNEXPECTED-FAIL | browser/base/content/test/general/browser_offlineQuotaNotification.js | Test timed out - expected PASS
log: https://treeherder.mozilla.org/logviewer.html#?repo=mozilla-inbound&job_id=7799320
repository: mozilla-inbound
start_time: 2015-03-19T06:30:55
who: philringnalda[at]gmail[dot]com
machine: tst-linux32-spot-442
buildname: Ubuntu VM 12.04 mozilla-inbound opt test mochitest-browser-chrome-1
revision: 661d70e32899

509 INFO TEST-UNEXPECTED-FAIL | browser/base/content/test/general/browser_offlineQuotaNotification.js | Test timed out - expected PASS
log: https://treeherder.mozilla.org/logviewer.html#?repo=mozilla-inbound&job_id=7800993
repository: mozilla-inbound
start_time: 2015-03-19T07:35:13
who: tomcat[at]mozilla[dot]com
machine: tst-linux64-spot-1203
buildname: Ubuntu VM 12.04 x64 mozilla-inbound opt test mochitest-browser-chrome-1
revision: b79cddbe7de8

508 INFO TEST-UNEXPECTED-FAIL | browser/base/content/test/general/browser_offlineQuotaNotification.js | Test timed out - expected PASS
log: https://treeherder.mozilla.org/logviewer.html#?repo=mozilla-inbound&job_id=7806969
repository: mozilla-inbound
start_time: 2015-03-19T10:46:17
who: rvandermeulen[at]mozilla[dot]com
machine: tst-linux64-spot-681
buildname: Ubuntu VM 12.04 x64 mozilla-inbound opt test mochitest-browser-chrome-1
revision: 519e18aa7875

507 INFO TEST-UNEXPECTED-FAIL | browser/base/content/test/general/browser_offlineQuotaNotification.js | Test timed out - expected PASS
log: https://treeherder.mozilla.org/logviewer.html#?repo=mozilla-inbound&job_id=7823848
repository: mozilla-inbound
start_time: 2015-03-19T22:12:45
who: philringnalda[at]gmail[dot]com
machine: tst-linux32-spot-578
buildname: Ubuntu VM 12.04 mozilla-inbound opt test mochitest-browser-chrome-1
revision: 3ae4e63e37f6

508 INFO TEST-UNEXPECTED-FAIL | browser/base/content/test/general/browser_offlineQuotaNotification.js | Test timed out - expected PASS
log: https://treeherder.mozilla.org/logviewer.html#?repo=b2g-inbound&job_id=1551652
repository: b2g-inbound
start_time: 2015-03-19T22:32:02
who: tomcat[at]mozilla[dot]com
machine: tst-linux64-spot-1529
buildname: Ubuntu VM 12.04 x64 b2g-inbound pgo test mochitest-browser-chrome-1
revision: ed6fdb6e238e

507 INFO TEST-UNEXPECTED-FAIL | browser/base/content/test/general/browser_offlineQuotaNotification.js | Test timed out - expected PASS
All failures show the same log output:

INFO Console message: [JavaScript Error: "TypeError: PopupNotifications.panel.firstElementChild is null" {file: "chrome://mochitests/content/browser/browser/base/content/test/general/browser_offlineQuotaNotification.js" line: 89}]
INFO TEST-UNEXPECTED-FAIL | browser/base/content/test/general/browser_offlineQuotaNotification.js | Test timed out - expected PASS
Created attachment 8580650
0001-Bug-1088163-Fix-intermittent-browser_offlineQuotaNot.patch

https://treeherder.mozilla.org/#/jobs?repo=try&revision=e13ae373c034
log: https://treeherder.mozilla.org/logviewer.html#?repo=mozilla-inbound&job_id=7842710
repository: mozilla-inbound
start_time: 2015-03-20T06:50:18
who: tomcat[at]mozilla[dot]com
machine: tst-linux64-spot-1094
buildname: Ubuntu VM 12.04 x64 mozilla-inbound opt test mochitest-browser-chrome-1
revision: 847f9159b3e9

508 INFO TEST-UNEXPECTED-FAIL | browser/base/content/test/general/browser_offlineQuotaNotification.js | Test timed out - expected PASS
log: https://treeherder.mozilla.org/logviewer.html#?repo=try&job_id=5797469
repository: try
start_time: 2015-03-19T19:06:45
who: nfitzgerald[at]mozilla[dot]com
machine: tst-linux64-spot-579
buildname: Ubuntu VM 12.04 x64 try opt test mochitest-browser-chrome-1
revision: 71b0e3e03168

509 INFO TEST-UNEXPECTED-FAIL | browser/base/content/test/general/browser_offlineQuotaNotification.js | Test timed out - expected PASS
https://hg.mozilla.org/integration/fx-team/rev/718a0dec39f9
log: https://treeherder.mozilla.org/logviewer.html#?repo=b2g-inbound&job_id=1558213
repository: b2g-inbound
start_time: 2015-03-20T21:53:19
who: philringnalda[at]gmail[dot]com
machine: tst-linux32-spot-117
buildname: Ubuntu VM 12.04 b2g-inbound pgo test mochitest-browser-chrome-1
revision: 57b838d5bf40

508 INFO TEST-UNEXPECTED-FAIL | browser/base/content/test/general/browser_offlineQuotaNotification.js | Test timed out - expected PASS
https://hg.mozilla.org/mozilla-central/rev/718a0dec39f9
https://hg.mozilla.org/releases/mozilla-beta/rev/72912a71fb98
https://hg.mozilla.org/releases/mozilla-aurora/rev/336578eb0008
(In reply to Ryan VanderMeulen [:RyanVM UTC-4] from comment #208)
> https://hg.mozilla.org/releases/mozilla-beta/rev/72912a71fb98

Whoops, this depends on BrowserTestUtils. Oh well, backed out from beta.
https://hg.mozilla.org/releases/mozilla-beta/rev/196c6575593d
log: https://treeherder.mozilla.org/logviewer.html#?repo=mozilla-release&job_id=48945
repository: mozilla-release
start_time: 2015-03-26T20:40:27
who: rvandermeulen[at]mozilla[dot]com
machine: tst-linux32-spot-453
buildname: Ubuntu VM 12.04 mozilla-release pgo test mochitest-browser-chrome-1
revision: db52a04ab552

494 INFO TEST-UNEXPECTED-FAIL | browser/base/content/test/general/browser_offlineQuotaNotification.js | uncaught exception - TypeError: PopupNotifications.panel.firstElementChild is null at chrome://mochitests/content/browser/browser/base/content/test/general/browser_offlineQuotaNotification.js:89
498 INFO TEST-UNEXPECTED-FAIL | browser/base/content/test/general/browser_offlineQuotaNotification.js | Test timed out - expected PASS
log: https://treeherder.mozilla.org/logviewer.html#?repo=mozilla-release&job_id=50333
repository: mozilla-release
start_time: 2015-04-02T16:01:34
who: wkocher[at]mozilla[dot]com
machine: tst-linux32-spot-276
buildname: Ubuntu VM 12.04 mozilla-release pgo test mochitest-browser-chrome-1
revision: 927bd4e66023

494 INFO TEST-UNEXPECTED-FAIL | browser/base/content/test/general/browser_offlineQuotaNotification.js | uncaught exception - TypeError: PopupNotifications.panel.firstElementChild is null at chrome://mochitests/content/browser/browser/base/content/test/general/browser_offlineQuotaNotification.js:89
498 INFO TEST-UNEXPECTED-FAIL | browser/base/content/test/general/browser_offlineQuotaNotification.js | Test timed out - expected PASS
log: https://treeherder.mozilla.org/logviewer.html#?repo=mozilla-release&job_id=51603
repository: mozilla-release
start_time: 2015-04-14T13:57:08
who: wkocher[at]mozilla[dot]com
machine: tst-linux32-spot-569
buildname: Ubuntu VM 12.04 mozilla-release pgo test mochitest-browser-chrome-1
revision: 56fada8104a6

494 INFO TEST-UNEXPECTED-FAIL | browser/base/content/test/general/browser_offlineQuotaNotification.js | uncaught exception - TypeError: PopupNotifications.panel.firstElementChild is null at chrome://mochitests/content/browser/browser/base/content/test/general/browser_offlineQuotaNotification.js:89
498 INFO TEST-UNEXPECTED-FAIL | browser/base/content/test/general/browser_offlineQuotaNotification.js | Test timed out - expected PASS
log: https://treeherder.mozilla.org/logviewer.html#?repo=mozilla-inbound&job_id=11883957
repository: mozilla-inbound
start_time: 2015-07-19T17:21:03
who: rvandermeulen[at]mozilla[dot]com
machine: t-xp32-ix-111
buildname: Windows XP 32-bit mozilla-inbound pgo test mochitest-browser-chrome-3
revision: c8bd7a3ba067

518 INFO TEST-UNEXPECTED-FAIL | browser/base/content/test/general/browser_offlineQuotaNotification.js | Test timed out - expected PASS
Return code: 1
