Created attachment 8591861
test screenshot

08:43:00 INFO - 5170 INFO TEST-START | browser/devtools/performance/test/browser_perf-options-show-platform-data-02.js
08:43:03 INFO - [Exception... "Component returned failure code: 0x80004005 (NS_ERROR_FAILURE) [nsIURI.host]" nsresult: "0x80004005 (NS_ERROR_FAILURE)" location: "JS frame :: resource://gre/modules/commonjs/toolkit/loader.js -> resource:///modules/devtools/shared/profiler/frame-utils.js :: parseLocation :: line 40" data: no]: parseLocation@resource://gre/modules/commonjs/toolkit/loader.js -> resource:///modules/devtools/shared/profiler/frame-utils.js:40:5
08:43:03 INFO - FlameGraphUtils._formatLabel@resource://gre/modules/commonjs/toolkit/loader.js -> resource:///modules/devtools/shared/widgets/FlameGraph.js:1157:44
08:43:03 INFO - FlameGraphUtils.createFlameGraphDataFromSamples@resource://gre/modules/commonjs/toolkit/loader.js -> resource:///modules/devtools/shared/widgets/FlameGraph.js:1071:19
08:43:03 INFO - JsFlameGraphView<.render@chrome://browser/content/devtools/performance/views/details-js-flamegraph.js:61:16
08:43:03 INFO - DetailsSubview._onPrefChanged@chrome://browser/content/devtools/performance/views/details-subview.js:132:7
08:43:03 INFO - EventEmitter_emit@resource://gre/modules/commonjs/toolkit/loader.js -> resource://gre/modules/devtools/event-emitter.js:137:11
08:43:03 INFO - PerformanceController._onPrefChanged@chrome://browser/content/devtools/performance/performance-controller.js:438:5
08:43:03 INFO - EventEmitter_emit@resource://gre/modules/commonjs/toolkit/loader.js -> resource://gre/modules/devtools/event-emitter.js:137:11
08:43:03 INFO - ToolbarView._onPrefChanged@chrome://browser/content/devtools/performance/views/toolbar.js:109:5
08:43:03 INFO - EventEmitter_emit@resource://gre/modules/commonjs/toolkit/loader.js -> resource://gre/modules/devtools/event-emitter.js:137:11
08:43:03 INFO - OptionsView.prototype._onPrefChange@resource://gre/modules/commonjs/toolkit/loader.js -> resource:///modules/devtools/shared/options-view.js:112:5
08:43:03 INFO - EventEmitter_emit@resource://gre/modules/commonjs/toolkit/loader.js -> resource://gre/modules/devtools/event-emitter.js:137:11
08:43:03 INFO - PrefObserver.prototype.observe@resource://gre/modules/commonjs/toolkit/loader.js -> resource:///modules/devtools/shared/options-view.js:181:5
08:43:03 INFO - spawnTest@chrome://mochitests/content/browser/browser/devtools/performance/test/browser_perf-options-show-platform-data-02.js:23:3
08:43:03 INFO - TaskImpl_run@resource://gre/modules/Task.jsm:330:41
08:43:03 INFO - Handler.prototype.process@resource://gre/modules/Promise.jsm -> resource://gre/modules/Promise-backend.js:867:23
08:43:03 INFO - this.PromiseWalker.walkerLoop@resource://gre/modules/Promise.jsm -> resource://gre/modules/Promise-backend.js:746:7
08:43:03 INFO - this.PromiseWalker.scheduleWalkerLoop/<@resource://gre/modules/Promise.jsm -> resource://gre/modules/Promise-backend.js:688:37
08:43:03 INFO - Promise*this.PromiseWalker.scheduleWalkerLoop@resource://gre/modules/Promise.jsm -> resource://gre/modules/Promise-backend.js:688:5
08:43:03 INFO - this.PromiseWalker.schedulePromise@resource://gre/modules/Promise.jsm -> resource://gre/modules/Promise-backend.js:709:7
08:43:03 INFO - this.PromiseWalker.completePromise@resource://gre/modules/Promise.jsm -> resource://gre/modules/Promise-backend.js:671:7
08:43:03 INFO - listener@resource:///modules/devtools/Graphs.jsm:2147:7
08:43:06 INFO - ###!!! [Parent][OnMaybeDequeueOne] Error: Channel closing: too late to send/recv, messages will be lost
08:43:06 INFO - ###!!! [Parent][OnMaybeDequeueOne] Error: Channel closing: too late to send/recv, messages will be lost
08:43:06 INFO - ###!!! [Parent][OnMaybeDequeueOne] Error: Channel closing: too late to send/recv, messages will be lost
08:43:10 INFO - ###!!! [Parent][OnMaybeDequeueOne] Error: Channel closing: too late to send/recv, messages will be lost
08:43:45 INFO - Xlib: extension "RANDR" missing on display ":0".
08:43:46 INFO - TEST-INFO | screentopng: exit 0
08:43:46 INFO - 5171 INFO checking window state
08:43:46 INFO - 5172 INFO Initializing a performance pane.
08:43:46 INFO - 5173 INFO Adding tab: http://example.com/browser/browser/devtools/performance/test/doc_simple-test.html
08:43:46 INFO - 5174 INFO Tab added and finished loading: http://example.com/browser/browser/devtools/performance/test/doc_simple-test.html
08:43:46 INFO - 5175 INFO TEST-PASS | browser/devtools/performance/test/browser_perf-options-show-platform-data-02.js | The record button should not be checked yet.
08:43:46 INFO - 5176 INFO TEST-PASS | browser/devtools/performance/test/browser_perf-options-show-platform-data-02.js | The record button should not be locked yet.
08:43:46 INFO - 5177 INFO TEST-PASS | browser/devtools/performance/test/browser_perf-options-show-platform-data-02.js | The record button should now be checked.
08:43:46 INFO - 5178 INFO TEST-PASS | browser/devtools/performance/test/browser_perf-options-show-platform-data-02.js | The record button should be locked.
08:43:46 INFO - 5179 INFO Waiting for event: 'Performance:UI:StateChanged' on [object PerformanceView].
08:43:46 INFO - 5180 INFO Waiting for event: 'Performance:UI:OverviewRendered' on [object OverviewView].
08:43:46 INFO - 5181 INFO TEST-PASS | browser/devtools/performance/test/browser_perf-options-show-platform-data-02.js | The current state is 'recording'.
08:43:46 INFO - 5182 INFO TEST-PASS | browser/devtools/performance/test/browser_perf-options-show-platform-data-02.js | The record button should still be checked.
08:43:46 INFO - 5183 INFO TEST-PASS | browser/devtools/performance/test/browser_perf-options-show-platform-data-02.js | The record button should not be locked.
08:43:46 INFO - 5184 INFO Waiting for event: 'Performance:UI:JsFlameGraphRendered' on [object JsFlameGraphView].
08:43:46 INFO - 5185 INFO TEST-PASS | browser/devtools/performance/test/browser_perf-options-show-platform-data-02.js | The record button should already be checked.
08:43:46 INFO - 5186 INFO TEST-PASS | browser/devtools/performance/test/browser_perf-options-show-platform-data-02.js | The record button should not be locked yet.
08:43:46 INFO - 5187 INFO TEST-PASS | browser/devtools/performance/test/browser_perf-options-show-platform-data-02.js | The record button should not be checked.
08:43:46 INFO - 5188 INFO TEST-PASS | browser/devtools/performance/test/browser_perf-options-show-platform-data-02.js | The record button should be locked.
08:43:46 INFO - 5189 INFO Waiting for event: 'Performance:UI:StateChanged' on [object PerformanceView].
08:43:46 INFO - 5190 INFO Waiting for event: 'Performance:UI:OverviewRendered' on [object OverviewView].
08:43:46 INFO - 5191 INFO TEST-PASS | browser/devtools/performance/test/browser_perf-options-show-platform-data-02.js | The current state is 'recorded'.
08:43:46 INFO - 5192 INFO TEST-PASS | browser/devtools/performance/test/browser_perf-options-show-platform-data-02.js | The record button should not be checked.
08:43:46 INFO - 5193 INFO TEST-PASS | browser/devtools/performance/test/browser_perf-options-show-platform-data-02.js | The record button should not be locked.
08:43:46 INFO - 5194 INFO Waiting for event: 'Performance:UI:JsFlameGraphRendered' on [object JsFlameGraphView]. 
08:43:46 INFO - 5195 INFO Console message: [JavaScript Error: "[Exception... "Component returned failure code: 0x80004005 (NS_ERROR_FAILURE) [nsIURI.host]" nsresult: "0x80004005 (NS_ERROR_FAILURE)" location: "JS frame :: resource://gre/modules/commonjs/toolkit/loader.js -> resource:///modules/devtools/shared/profiler/frame-utils.js :: parseLocation :: line 40" data: no]: parseLocation@resource://gre/modules/commonjs/toolkit/loader.js -> resource:///modules/devtools/shared/profiler/frame-utils.js:40:5
08:43:46 INFO - FlameGraphUtils._formatLabel@resource://gre/modules/commonjs/toolkit/loader.js -> resource:///modules/devtools/shared/widgets/FlameGraph.js:1157:44
08:43:46 INFO - FlameGraphUtils.createFlameGraphDataFromSamples@resource://gre/modules/commonjs/toolkit/loader.js -> resource:///modules/devtools/shared/widgets/FlameGraph.js:1071:19
08:43:46 INFO - JsFlameGraphView<.render@chrome://browser/content/devtools/performance/views/details-js-flamegraph.js:61:16
08:43:46 INFO - DetailsSubview._onPrefChanged@chrome://browser/content/devtools/performance/views/details-subview.js:132:7
08:43:46 INFO - EventEmitter_emit@resource://gre/modules/commonjs/toolkit/loader.js -> resource://gre/modules/devtools/event-emitter.js:137:11
08:43:46 INFO - PerformanceController._onPrefChanged@chrome://browser/content/devtools/performance/performance-controller.js:438:5
08:43:46 INFO - EventEmitter_emit@resource://gre/modules/commonjs/toolkit/loader.js -> resource://gre/modules/devtools/event-emitter.js:137:11
08:43:46 INFO - ToolbarView._onPrefChanged@chrome://browser/content/devtools/performance/views/toolbar.js:109:5
08:43:46 INFO - EventEmitter_emit@resource://gre/modules/commonjs/toolkit/loader.js -> resource://gre/modules/devtools/event-emitter.js:137:11
08:43:46 INFO - OptionsView.prototype._onPrefChange@resource://gre/modules/commonjs/toolkit/loader.js -> resource:///modules/devtools/shared/options-view.js:112:5
08:43:46 INFO - EventEmitter_emit@resource://gre/modules/commonjs/toolkit/loader.js -> resource://gre/modules/devtools/event-emitter.js:137:11
08:43:46 INFO - PrefObserver.prototype.observe@resource://gre/modules/commonjs/toolkit/loader.js -> resource:///modules/devtools/shared/options-view.js:181:5
08:43:46 INFO - spawnTest@chrome://mochitests/content/browser/browser/devtools/performance/test/browser_perf-options-show-platform-data-02.js:23:3
08:43:46 INFO - TaskImpl_run@resource://gre/modules/Task.jsm:330:41
08:43:46 INFO - Handler.prototype.process@resource://gre/modules/Promise.jsm -> resource://gre/modules/Promise-backend.js:867:23
08:43:46 INFO - this.PromiseWalker.walkerLoop@resource://gre/modules/Promise.jsm -> resource://gre/modules/Promise-backend.js:746:7
08:43:46 INFO - this.PromiseWalker.scheduleWalkerLoop/<@resource://gre/modules/Promise.jsm -> resource://gre/modules/Promise-backend.js:688:37
08:43:46 INFO - Promise*this.PromiseWalker.scheduleWalkerLoop@resource://gre/modules/Promise.jsm -> resource://gre/modules/Promise-backend.js:688:5
08:43:46 INFO - this.PromiseWalker.schedulePromise@resource://gre/modules/Promise.jsm -> resource://gre/modules/Promise-backend.js:709:7
08:43:46 INFO - this.PromiseWalker.completePromise@resource://gre/modules/Promise.jsm -> resource://gre/modules/Promise-backend.js:671:7
08:43:46 INFO - listener@resource:///modules/devtools/Graphs.jsm:2147:7
08:43:46 INFO - " {file: "resource://gre/modules/commonjs/toolkit/loader.js -> resource://gre/modules/devtools/event-emitter.js" line: 142}]
08:43:46 INFO - 5196 INFO TEST-UNEXPECTED-FAIL | browser/devtools/performance/test/browser_perf-options-show-platform-data-02.js | Test timed out - expected PASS
08:43:46 INFO - 5197 INFO finish() was called, cleaning up...
08:43:46 INFO - MEMORY STAT vsize after test: 21991452897280
08:43:46 INFO - MEMORY STAT residentFast after test: 669519872
08:43:46 INFO - 5198 INFO TEST-OK | browser/devtools/performance/test/browser_perf-options-show-platform-data-02.js | took 46124ms
08:43:46 INFO - 5199 INFO TEST-UNEXPECTED-FAIL | browser/devtools/performance/test/browser_perf-options-show-platform-data-02.js | Found a tab after previous test timed out: http://example.com/browser/browser/devtools/performance/test/doc_simple-test.html - expected PASS
08:43:47 INFO - 5200 INFO checking window state
08:43:47 INFO - *************************
08:43:47 INFO - A coding exception was thrown and uncaught in a Task.
08:43:47 INFO - Full message: ReferenceError: ok is not defined
08:43:47 INFO - Full stack: spawnTest@chrome://mochitests/content/browser/browser/devtools/performance/test/browser_perf-options-show-platform-data-02.js:25:3
08:43:47 INFO - test@chrome://mochitests/content/browser/browser/devtools/performance/test/head.js:164:3
08:43:47 INFO - Tester_execTest@chrome://mochikit/content/browser-test.js:768:9
08:43:47 INFO - Tester.prototype.nextTest</<@chrome://mochikit/content/browser-test.js:662:7
08:43:47 INFO - SimpleTest.waitForFocus/waitForFocusInner/focusedOrLoaded/<@chrome://mochikit/content/tests/SimpleTest/SimpleTest.js:752:59
08:43:47 INFO - *************************
08:43:47 INFO - *************************
08:43:47 INFO - A coding exception was thrown in a Promise rejection callback.
08:43:47 INFO - See https://developer.mozilla.org/Mozilla/JavaScript_code_modules/Promise.jsm/Promise
08:43:47 INFO - Full message: ReferenceError: ok is not defined
08:43:47 INFO - Full stack: handleError@chrome://mochitests/content/browser/browser/devtools/performance/test/head.js:129:3
08:43:47 INFO - Handler.prototype.process@resource://gre/modules/Promise.jsm -> resource://gre/modules/Promise-backend.js:870:21
08:43:47 INFO - this.PromiseWalker.walkerLoop@resource://gre/modules/Promise.jsm -> resource://gre/modules/Promise-backend.js:746:7
08:43:47 INFO - this.PromiseWalker.scheduleWalkerLoop/<@resource://gre/modules/Promise.jsm -> resource://gre/modules/Promise-backend.js:688:37
08:43:47 INFO - Promise*this.PromiseWalker.scheduleWalkerLoop@resource://gre/modules/Promise.jsm -> resource://gre/modules/Promise-backend.js:688:5
08:43:47 INFO - this.PromiseWalker.schedulePromise@resource://gre/modules/Promise.jsm -> resource://gre/modules/Promise-backend.js:709:7
08:43:47 INFO - this.PromiseWalker.completePromise@resource://gre/modules/Promise.jsm -> resource://gre/modules/Promise-backend.js:671:7
08:43:47 INFO - onEvent@chrome://mochitests/content/browser/browser/devtools/performance/test/head.js:146:9
08:43:47 INFO - EventEmitter_emit@resource://gre/modules/commonjs/toolkit/loader.js -> resource://gre/modules/devtools/event-emitter.js:137:11
08:43:47 INFO - JsFlameGraphView<.render@chrome://browser/content/devtools/performance/views/details-js-flamegraph.js:79:5
08:43:47 INFO - DetailsSubview._onPrefChanged@chrome://browser/content/devtools/performance/views/details-subview.js:132:7
08:43:47 INFO - EventEmitter_emit@resource://gre/modules/commonjs/toolkit/loader.js -> resource://gre/modules/devtools/event-emitter.js:137:11
08:43:47 INFO - PerformanceController._onPrefChanged@chrome://browser/content/devtools/performance/performance-controller.js:438:5
08:43:47 INFO - EventEmitter_emit@resource://gre/modules/commonjs/toolkit/loader.js -> resource://gre/modules/devtools/event-emitter.js:137:11
08:43:47 INFO - ToolbarView._onPrefChanged@chrome://browser/content/devtools/performance/views/toolbar.js:109:5
08:43:47 INFO - EventEmitter_emit@resource://gre/modules/commonjs/toolkit/loader.js -> resource://gre/modules/devtools/event-emitter.js:137:11
08:43:47 INFO - OptionsView.prototype._onPrefChange@resource://gre/modules/commonjs/toolkit/loader.js -> resource:///modules/devtools/shared/options-view.js:112:5
08:43:47 INFO - EventEmitter_emit@resource://gre/modules/commonjs/toolkit/loader.js -> resource://gre/modules/devtools/event-emitter.js:137:11
08:43:47 INFO - PrefObserver.prototype.observe@resource://gre/modules/commonjs/toolkit/loader.js -> resource:///modules/devtools/shared/options-view.js:181:5
08:43:47 INFO - @chrome://mochitests/content/browser/browser/devtools/performance/test/head.js:81:5
08:43:47 INFO - @chrome://mochitests/content/browser/browser/devtools/performance/test/head.js:80:3
08:43:47 INFO - Tester.prototype.nextTest<@chrome://mochikit/content/browser-test.js:421:17
08:43:47 INFO - TaskImpl_run@resource://gre/modules/Task.jsm:314:40
08:43:47 INFO - TaskImpl@resource://gre/modules/Task.jsm:275:3
08:43:47 INFO - createAsyncFunction/asyncFunction@resource://gre/modules/Task.jsm:249:14
08:43:47 INFO - timeoutFn@chrome://mochikit/content/browser-test.js:829:9
08:43:47 INFO - *************************

Created attachment 8591861
test screenshot

08:43:00 INFO - 5170 INFO TEST-START | browser/devtools/performance/test/browser_perf-options-show-platform-data-02.js
08:43:03 INFO - [Exception... "Component returned failure code: 0x80004005 (NS_ERROR_FAILURE) [nsIURI.host]" nsresult: "0x80004005 (NS_ERROR_FAILURE)" location: "JS frame :: resource://gre/modules/commonjs/toolkit/loader.js -> resource:///modules/devtools/shared/profiler/frame-utils.js :: parseLocation :: line 40" data: no]: parseLocation@resource://gre/modules/commonjs/toolkit/loader.js -> resource:///modules/devtools/shared/profiler/frame-utils.js:40:5
08:43:03 INFO - FlameGraphUtils._formatLabel@resource://gre/modules/commonjs/toolkit/loader.js -> resource:///modules/devtools/shared/widgets/FlameGraph.js:1157:44
08:43:03 INFO - FlameGraphUtils.createFlameGraphDataFromSamples@resource://gre/modules/commonjs/toolkit/loader.js -> resource:///modules/devtools/shared/widgets/FlameGraph.js:1071:19
08:43:03 INFO - JsFlameGraphView<.render@chrome://browser/content/devtools/performance/views/details-js-flamegraph.js:61:16
08:43:03 INFO - DetailsSubview._onPrefChanged@chrome://browser/content/devtools/performance/views/details-subview.js:132:7
08:43:03 INFO - EventEmitter_emit@resource://gre/modules/commonjs/toolkit/loader.js -> resource://gre/modules/devtools/event-emitter.js:137:11
08:43:03 INFO - PerformanceController._onPrefChanged@chrome://browser/content/devtools/performance/performance-controller.js:438:5
08:43:03 INFO - EventEmitter_emit@resource://gre/modules/commonjs/toolkit/loader.js -> resource://gre/modules/devtools/event-emitter.js:137:11
08:43:03 INFO - ToolbarView._onPrefChanged@chrome://browser/content/devtools/performance/views/toolbar.js:109:5
08:43:03 INFO - EventEmitter_emit@resource://gre/modules/commonjs/toolkit/loader.js -> resource://gre/modules/devtools/event-emitter.js:137:11
08:43:03 INFO - OptionsView.prototype._onPrefChange@resource://gre/modules/commonjs/toolkit/loader.js -> resource:///modules/devtools/shared/options-view.js:112:5
08:43:03 INFO - EventEmitter_emit@resource://gre/modules/commonjs/toolkit/loader.js -> resource://gre/modules/devtools/event-emitter.js:137:11
08:43:03 INFO - PrefObserver.prototype.observe@resource://gre/modules/commonjs/toolkit/loader.js -> resource:///modules/devtools/shared/options-view.js:181:5
08:43:03 INFO - spawnTest@chrome://mochitests/content/browser/browser/devtools/performance/test/browser_perf-options-show-platform-data-02.js:23:3
08:43:03 INFO - TaskImpl_run@resource://gre/modules/Task.jsm:330:41
08:43:03 INFO - Handler.prototype.process@resource://gre/modules/Promise.jsm -> resource://gre/modules/Promise-backend.js:867:23
08:43:03 INFO - this.PromiseWalker.walkerLoop@resource://gre/modules/Promise.jsm -> resource://gre/modules/Promise-backend.js:746:7
08:43:03 INFO - this.PromiseWalker.scheduleWalkerLoop/<@resource://gre/modules/Promise.jsm -> resource://gre/modules/Promise-backend.js:688:37
08:43:03 INFO - Promise*this.PromiseWalker.scheduleWalkerLoop@resource://gre/modules/Promise.jsm -> resource://gre/modules/Promise-backend.js:688:5
08:43:03 INFO - this.PromiseWalker.schedulePromise@resource://gre/modules/Promise.jsm -> resource://gre/modules/Promise-backend.js:709:7
08:43:03 INFO - this.PromiseWalker.completePromise@resource://gre/modules/Promise.jsm -> resource://gre/modules/Promise-backend.js:671:7
08:43:03 INFO - listener@resource:///modules/devtools/Graphs.jsm:2147:7
08:43:06 INFO - ###!!! [Parent][OnMaybeDequeueOne] Error: Channel closing: too late to send/recv, messages will be lost
08:43:06 INFO - ###!!! [Parent][OnMaybeDequeueOne] Error: Channel closing: too late to send/recv, messages will be lost
08:43:06 INFO - ###!!! [Parent][OnMaybeDequeueOne] Error: Channel closing: too late to send/recv, messages will be lost
08:43:10 INFO - ###!!! [Parent][OnMaybeDequeueOne] Error: Channel closing: too late to send/recv, messages will be lost
08:43:45 INFO - Xlib: extension "RANDR" missing on display ":0".
08:43:46 INFO - TEST-INFO | screentopng: exit 0
08:43:46 INFO - 5171 INFO checking window state
08:43:46 INFO - 5172 INFO Initializing a performance pane.
08:43:46 INFO - 5173 INFO Adding tab: http://example.com/browser/browser/devtools/performance/test/doc_simple-test.html
08:43:46 INFO - 5174 INFO Tab added and finished loading: http://example.com/browser/browser/devtools/performance/test/doc_simple-test.html
08:43:46 INFO - 5175 INFO TEST-PASS | browser/devtools/performance/test/browser_perf-options-show-platform-data-02.js | The record button should not be checked yet.
08:43:46 INFO - 5176 INFO TEST-PASS | browser/devtools/performance/test/browser_perf-options-show-platform-data-02.js | The record button should not be locked yet.
08:43:46 INFO - 5177 INFO TEST-PASS | browser/devtools/performance/test/browser_perf-options-show-platform-data-02.js | The record button should now be checked.
08:43:46 INFO - 5178 INFO TEST-PASS | browser/devtools/performance/test/browser_perf-options-show-platform-data-02.js | The record button should be locked.
08:43:46 INFO - 5179 INFO Waiting for event: 'Performance:UI:StateChanged' on [object PerformanceView].
08:43:46 INFO - 5180 INFO Waiting for event: 'Performance:UI:OverviewRendered' on [object OverviewView].
08:43:46 INFO - 5181 INFO TEST-PASS | browser/devtools/performance/test/browser_perf-options-show-platform-data-02.js | The current state is 'recording'.
08:43:46 INFO - 5182 INFO TEST-PASS | browser/devtools/performance/test/browser_perf-options-show-platform-data-02.js | The record button should still be checked.
08:43:46 INFO - 5183 INFO TEST-PASS | browser/devtools/performance/test/browser_perf-options-show-platform-data-02.js | The record button should not be locked.
08:43:46 INFO - 5184 INFO Waiting for event: 'Performance:UI:JsFlameGraphRendered' on [object JsFlameGraphView].
08:43:46 INFO - 5185 INFO TEST-PASS | browser/devtools/performance/test/browser_perf-options-show-platform-data-02.js | The record button should already be checked.
08:43:46 INFO - 5186 INFO TEST-PASS | browser/devtools/performance/test/browser_perf-options-show-platform-data-02.js | The record button should not be locked yet.
08:43:46 INFO - 5187 INFO TEST-PASS | browser/devtools/performance/test/browser_perf-options-show-platform-data-02.js | The record button should not be checked.
08:43:46 INFO - 5188 INFO TEST-PASS | browser/devtools/performance/test/browser_perf-options-show-platform-data-02.js | The record button should be locked.
08:43:46 INFO - 5189 INFO Waiting for event: 'Performance:UI:StateChanged' on [object PerformanceView].
08:43:46 INFO - 5190 INFO Waiting for event: 'Performance:UI:OverviewRendered' on [object OverviewView].
08:43:46 INFO - 5191 INFO TEST-PASS | browser/devtools/performance/test/browser_perf-options-show-platform-data-02.js | The current state is 'recorded'.
08:43:46 INFO - 5192 INFO TEST-PASS | browser/devtools/performance/test/browser_perf-options-show-platform-data-02.js | The record button should not be checked.
08:43:46 INFO - 5193 INFO TEST-PASS | browser/devtools/performance/test/browser_perf-options-show-platform-data-02.js | The record button should not be locked.
08:43:46 INFO - 5194 INFO Waiting for event: 'Performance:UI:JsFlameGraphRendered' on [object JsFlameGraphView]. 
08:43:46 INFO - 5195 INFO Console message: [JavaScript Error: "[Exception... "Component returned failure code: 0x80004005 (NS_ERROR_FAILURE) [nsIURI.host]" nsresult: "0x80004005 (NS_ERROR_FAILURE)" location: "JS frame :: resource://gre/modules/commonjs/toolkit/loader.js -> resource:///modules/devtools/shared/profiler/frame-utils.js :: parseLocation :: line 40" data: no]: parseLocation@resource://gre/modules/commonjs/toolkit/loader.js -> resource:///modules/devtools/shared/profiler/frame-utils.js:40:5
08:43:46 INFO - FlameGraphUtils._formatLabel@resource://gre/modules/commonjs/toolkit/loader.js -> resource:///modules/devtools/shared/widgets/FlameGraph.js:1157:44
08:43:46 INFO - FlameGraphUtils.createFlameGraphDataFromSamples@resource://gre/modules/commonjs/toolkit/loader.js -> resource:///modules/devtools/shared/widgets/FlameGraph.js:1071:19
08:43:46 INFO - JsFlameGraphView<.render@chrome://browser/content/devtools/performance/views/details-js-flamegraph.js:61:16
08:43:46 INFO - DetailsSubview._onPrefChanged@chrome://browser/content/devtools/performance/views/details-subview.js:132:7
08:43:46 INFO - EventEmitter_emit@resource://gre/modules/commonjs/toolkit/loader.js -> resource://gre/modules/devtools/event-emitter.js:137:11
08:43:46 INFO - PerformanceController._onPrefChanged@chrome://browser/content/devtools/performance/performance-controller.js:438:5
08:43:46 INFO - EventEmitter_emit@resource://gre/modules/commonjs/toolkit/loader.js -> resource://gre/modules/devtools/event-emitter.js:137:11
08:43:46 INFO - ToolbarView._onPrefChanged@chrome://browser/content/devtools/performance/views/toolbar.js:109:5
08:43:46 INFO - EventEmitter_emit@resource://gre/modules/commonjs/toolkit/loader.js -> resource://gre/modules/devtools/event-emitter.js:137:11
08:43:46 INFO - OptionsView.prototype._onPrefChange@resource://gre/modules/commonjs/toolkit/loader.js -> resource:///modules/devtools/shared/options-view.js:112:5
08:43:46 INFO - EventEmitter_emit@resource://gre/modules/commonjs/toolkit/loader.js -> resource://gre/modules/devtools/event-emitter.js:137:11
08:43:46 INFO - PrefObserver.prototype.observe@resource://gre/modules/commonjs/toolkit/loader.js -> resource:///modules/devtools/shared/options-view.js:181:5
08:43:46 INFO - spawnTest@chrome://mochitests/content/browser/browser/devtools/performance/test/browser_perf-options-show-platform-data-02.js:23:3
08:43:46 INFO - TaskImpl_run@resource://gre/modules/Task.jsm:330:41
08:43:46 INFO - Handler.prototype.process@resource://gre/modules/Promise.jsm -> resource://gre/modules/Promise-backend.js:867:23
08:43:46 INFO - this.PromiseWalker.walkerLoop@resource://gre/modules/Promise.jsm -> resource://gre/modules/Promise-backend.js:746:7
08:43:46 INFO - this.PromiseWalker.scheduleWalkerLoop/<@resource://gre/modules/Promise.jsm -> resource://gre/modules/Promise-backend.js:688:37
08:43:46 INFO - Promise*this.PromiseWalker.scheduleWalkerLoop@resource://gre/modules/Promise.jsm -> resource://gre/modules/Promise-backend.js:688:5
08:43:46 INFO - this.PromiseWalker.schedulePromise@resource://gre/modules/Promise.jsm -> resource://gre/modules/Promise-backend.js:709:7
08:43:46 INFO - this.PromiseWalker.completePromise@resource://gre/modules/Promise.jsm -> resource://gre/modules/Promise-backend.js:671:7
08:43:46 INFO - listener@resource:///modules/devtools/Graphs.jsm:2147:7
08:43:46 INFO - " {file: "resource://gre/modules/commonjs/toolkit/loader.js -> resource://gre/modules/devtools/event-emitter.js" line: 142}]
08:43:46 INFO - 5196 INFO TEST-UNEXPECTED-FAIL | browser/devtools/performance/test/browser_perf-options-show-platform-data-02.js | Test timed out - expected PASS
08:43:46 INFO - 5197 INFO finish() was called, cleaning up...
08:43:46 INFO - MEMORY STAT vsize after test: 21991452897280
08:43:46 INFO - MEMORY STAT residentFast after test: 669519872
08:43:46 INFO - 5198 INFO TEST-OK | browser/devtools/performance/test/browser_perf-options-show-platform-data-02.js | took 46124ms
08:43:46 INFO - 5199 INFO TEST-UNEXPECTED-FAIL | browser/devtools/performance/test/browser_perf-options-show-platform-data-02.js | Found a tab after previous test timed out: http://example.com/browser/browser/devtools/performance/test/doc_simple-test.html - expected PASS
08:43:47 INFO - 5200 INFO checking window state
08:43:47 INFO - *************************
08:43:47 INFO - A coding exception was thrown and uncaught in a Task.
08:43:47 INFO - Full message: ReferenceError: ok is not defined
08:43:47 INFO - Full stack: spawnTest@chrome://mochitests/content/browser/browser/devtools/performance/test/browser_perf-options-show-platform-data-02.js:25:3
08:43:47 INFO - test@chrome://mochitests/content/browser/browser/devtools/performance/test/head.js:164:3
08:43:47 INFO - Tester_execTest@chrome://mochikit/content/browser-test.js:768:9
08:43:47 INFO - Tester.prototype.nextTest</<@chrome://mochikit/content/browser-test.js:662:7
08:43:47 INFO - SimpleTest.waitForFocus/waitForFocusInner/focusedOrLoaded/<@chrome://mochikit/content/tests/SimpleTest/SimpleTest.js:752:59
08:43:47 INFO - *************************
08:43:47 INFO - *************************
08:43:47 INFO - A coding exception was thrown in a Promise rejection callback.
08:43:47 INFO - See https://developer.mozilla.org/Mozilla/JavaScript_code_modules/Promise.jsm/Promise
08:43:47 INFO - Full message: ReferenceError: ok is not defined
08:43:47 INFO - Full stack: handleError@chrome://mochitests/content/browser/browser/devtools/performance/test/head.js:129:3
08:43:47 INFO - Handler.prototype.process@resource://gre/modules/Promise.jsm -> resource://gre/modules/Promise-backend.js:870:21
08:43:47 INFO - this.PromiseWalker.walkerLoop@resource://gre/modules/Promise.jsm -> resource://gre/modules/Promise-backend.js:746:7
08:43:47 INFO - this.PromiseWalker.scheduleWalkerLoop/<@resource://gre/modules/Promise.jsm -> resource://gre/modules/Promise-backend.js:688:37
08:43:47 INFO - Promise*this.PromiseWalker.scheduleWalkerLoop@resource://gre/modules/Promise.jsm -> resource://gre/modules/Promise-backend.js:688:5
08:43:47 INFO - this.PromiseWalker.schedulePromise@resource://gre/modules/Promise.jsm -> resource://gre/modules/Promise-backend.js:709:7
08:43:47 INFO - this.PromiseWalker.completePromise@resource://gre/modules/Promise.jsm -> resource://gre/modules/Promise-backend.js:671:7
08:43:47 INFO - onEvent@chrome://mochitests/content/browser/browser/devtools/performance/test/head.js:146:9
08:43:47 INFO - EventEmitter_emit@resource://gre/modules/commonjs/toolkit/loader.js -> resource://gre/modules/devtools/event-emitter.js:137:11
08:43:47 INFO - JsFlameGraphView<.render@chrome://browser/content/devtools/performance/views/details-js-flamegraph.js:79:5
08:43:47 INFO - DetailsSubview._onPrefChanged@chrome://browser/content/devtools/performance/views/details-subview.js:132:7
08:43:47 INFO - EventEmitter_emit@resource://gre/modules/commonjs/toolkit/loader.js -> resource://gre/modules/devtools/event-emitter.js:137:11
08:43:47 INFO - PerformanceController._onPrefChanged@chrome://browser/content/devtools/performance/performance-controller.js:438:5
08:43:47 INFO - EventEmitter_emit@resource://gre/modules/commonjs/toolkit/loader.js -> resource://gre/modules/devtools/event-emitter.js:137:11
08:43:47 INFO - ToolbarView._onPrefChanged@chrome://browser/content/devtools/performance/views/toolbar.js:109:5
08:43:47 INFO - EventEmitter_emit@resource://gre/modules/commonjs/toolkit/loader.js -> resource://gre/modules/devtools/event-emitter.js:137:11
08:43:47 INFO - OptionsView.prototype._onPrefChange@resource://gre/modules/commonjs/toolkit/loader.js -> resource:///modules/devtools/shared/options-view.js:112:5
08:43:47 INFO - EventEmitter_emit@resource://gre/modules/commonjs/toolkit/loader.js -> resource://gre/modules/devtools/event-emitter.js:137:11
08:43:47 INFO - PrefObserver.prototype.observe@resource://gre/modules/commonjs/toolkit/loader.js -> resource:///modules/devtools/shared/options-view.js:181:5
08:43:47 INFO - @chrome://mochitests/content/browser/browser/devtools/performance/test/head.js:81:5
08:43:47 INFO - @chrome://mochitests/content/browser/browser/devtools/performance/test/head.js:80:3
08:43:47 INFO - Tester.prototype.nextTest<@chrome://mochikit/content/browser-test.js:421:17
08:43:47 INFO - TaskImpl_run@resource://gre/modules/Task.jsm:314:40
08:43:47 INFO - TaskImpl@resource://gre/modules/Task.jsm:275:3
08:43:47 INFO - createAsyncFunction/asyncFunction@resource://gre/modules/Task.jsm:249:14
08:43:47 INFO - timeoutFn@chrome://mochikit/content/browser-test.js:829:9
08:43:47 INFO - *************************
log: https://treeherder.mozilla.org/logviewer.html#?repo=fx-team&job_id=2659372
repository: fx-team
start_time: 2015-04-13T07:42:10
who: rvandermeulen[at]mozilla[dot]com
machine: tst-linux64-spot-1738
buildname: Ubuntu ASAN VM 12.04 x64 fx-team opt test mochitest-devtools-chrome
revision: b894541dc70f

5196 INFO TEST-UNEXPECTED-FAIL | browser/devtools/performance/test/browser_perf-options-show-platform-data-02.js | Test timed out - expected PASS
5199 INFO TEST-UNEXPECTED-FAIL | browser/devtools/performance/test/browser_perf-options-show-platform-data-02.js | Found a tab after previous test timed out: http://example.com/browser/browser/devtools/performance/test/doc_simple-test.html - expected PASS
5202 INFO TEST-UNEXPECTED-FAIL | browser/devtools/performance/test/browser_perf-overview-render-01.js | A promise chain failed to handle a rejection:  - at chrome://mochitests/content/browser/browser/devtools/performance/test/head.js:129 - ReferenceError: ok is not defined
log: https://treeherder.mozilla.org/logviewer.html#?repo=fx-team&job_id=2669262
repository: fx-team
start_time: 2015-04-13T18:40:40
who: philringnalda[at]gmail[dot]com
machine: tst-linux32-spot-562
buildname: Ubuntu VM 12.04 fx-team opt test mochitest-devtools-chrome
revision: e1d140a56d53

5232 INFO TEST-UNEXPECTED-FAIL | browser/devtools/performance/test/browser_perf-options-show-platform-data-02.js | Test timed out - expected PASS
5235 INFO TEST-UNEXPECTED-FAIL | browser/devtools/performance/test/browser_perf-options-show-platform-data-02.js | Found a tab after previous test timed out: http://example.com/browser/browser/devtools/performance/test/doc_simple-test.html - expected PASS
5238 INFO TEST-UNEXPECTED-FAIL | browser/devtools/performance/test/browser_perf-overview-render-01.js | A promise chain failed to handle a rejection:  - at chrome://mochitests/content/browser/browser/devtools/performance/test/head.js:129 - ReferenceError: ok is not defined
log: https://treeherder.mozilla.org/logviewer.html#?repo=b2g-inbound&job_id=1729139
repository: b2g-inbound
start_time: 2015-04-15T08:51:26
who: rvandermeulen[at]mozilla[dot]com
machine: tst-linux64-spot-391
buildname: Ubuntu ASAN VM 12.04 x64 b2g-inbound opt test mochitest-devtools-chrome
revision: e7aa7f289b66

5196 INFO TEST-UNEXPECTED-FAIL | browser/devtools/performance/test/browser_perf-options-show-platform-data-02.js | Test timed out - expected PASS
5199 INFO TEST-UNEXPECTED-FAIL | browser/devtools/performance/test/browser_perf-options-show-platform-data-02.js | Found a tab after previous test timed out: http://example.com/browser/browser/devtools/performance/test/doc_simple-test.html - expected PASS
5202 INFO TEST-UNEXPECTED-FAIL | browser/devtools/performance/test/browser_perf-overview-render-01.js | A promise chain failed to handle a rejection:  - at chrome://mochitests/content/browser/browser/devtools/performance/test/head.js:129 - ReferenceError: ok is not defined
log: https://treeherder.mozilla.org/logviewer.html#?repo=mozilla-inbound&job_id=8888003
repository: mozilla-inbound
start_time: 2015-04-15T10:12:14
who: rvandermeulen[at]mozilla[dot]com
machine: tst-linux64-spot-1728
buildname: Ubuntu ASAN VM 12.04 x64 mozilla-inbound opt test mochitest-devtools-chrome
revision: bd9cb02d4da8

5196 INFO TEST-UNEXPECTED-FAIL | browser/devtools/performance/test/browser_perf-options-show-platform-data-02.js | Test timed out - expected PASS
5199 INFO TEST-UNEXPECTED-FAIL | browser/devtools/performance/test/browser_perf-options-show-platform-data-02.js | Found a tab after previous test timed out: http://example.com/browser/browser/devtools/performance/test/doc_simple-test.html - expected PASS
5202 INFO TEST-UNEXPECTED-FAIL | browser/devtools/performance/test/browser_perf-overview-render-01.js | A promise chain failed to handle a rejection:  - at chrome://mochitests/content/browser/browser/devtools/performance/test/head.js:129 - ReferenceError: ok is not defined
log: https://treeherder.mozilla.org/logviewer.html#?repo=mozilla-inbound&job_id=8935035
repository: mozilla-inbound
start_time: 2015-04-16T06:04:54
who: philringnalda[at]gmail[dot]com
machine: tst-linux32-spot-048
buildname: Ubuntu VM 12.04 mozilla-inbound opt test mochitest-devtools-chrome
revision: 82bbdffc624b

5230 INFO TEST-UNEXPECTED-FAIL | browser/devtools/performance/test/browser_perf-options-show-platform-data-02.js | Test timed out - expected PASS
5233 INFO TEST-UNEXPECTED-FAIL | browser/devtools/performance/test/browser_perf-options-show-platform-data-02.js | Found a tab after previous test timed out: http://example.com/browser/browser/devtools/performance/test/doc_simple-test.html - expected PASS
5236 INFO TEST-UNEXPECTED-FAIL | browser/devtools/performance/test/browser_perf-overview-render-01.js | A promise chain failed to handle a rejection:  - at chrome://mochitests/content/browser/browser/devtools/performance/test/head.js:129 - ReferenceError: ok is not defined
log: https://treeherder.mozilla.org/logviewer.html#?repo=mozilla-central&job_id=1355858
repository: mozilla-central
start_time: 2015-04-18T17:52:12
who: philringnalda[at]gmail[dot]com
machine: tst-linux32-spot-110
buildname: Ubuntu VM 12.04 mozilla-central opt test mochitest-devtools-chrome
revision: a32e3b93c8d8

5226 INFO TEST-UNEXPECTED-FAIL | browser/devtools/performance/test/browser_perf-options-show-platform-data-02.js | Test timed out - expected PASS
5229 INFO TEST-UNEXPECTED-FAIL | browser/devtools/performance/test/browser_perf-options-show-platform-data-02.js | Found a tab after previous test timed out: http://example.com/browser/browser/devtools/performance/test/doc_simple-test.html - expected PASS
5232 INFO TEST-UNEXPECTED-FAIL | browser/devtools/performance/test/browser_perf-overview-render-01.js | A promise chain failed to handle a rejection:  - at chrome://mochitests/content/browser/browser/devtools/performance/test/head.js:129 - ReferenceError: ok is not defined
log: https://treeherder.mozilla.org/logviewer.html#?repo=mozilla-inbound&job_id=9031486
repository: mozilla-inbound
start_time: 2015-04-19T04:43:35
who: ehsan[at]mozilla[dot]com
machine: t-w864-ix-129
buildname: Windows 8 64-bit mozilla-inbound debug test mochitest-devtools-chrome-2
revision: 7953d3dd62ff

4364 INFO TEST-UNEXPECTED-FAIL | browser/devtools/performance/test/browser_perf-options-show-platform-data-02.js | Test timed out - expected PASS
4367 INFO TEST-UNEXPECTED-FAIL | browser/devtools/performance/test/browser_perf-options-show-platform-data-02.js | Found a tab after previous test timed out: http://example.com/browser/browser/devtools/performance/test/doc_simple-test.html - expected PASS
4370 INFO TEST-UNEXPECTED-FAIL | browser/devtools/performance/test/browser_perf-overview-render-01.js | A promise chain failed to handle a rejection:  - at chrome://mochitests/content/browser/browser/devtools/performance/test/head.js:129 - ReferenceError: ok is not defined
Return code: 1
log: https://treeherder.mozilla.org/logviewer.html#?repo=mozilla-inbound&job_id=9036821
repository: mozilla-inbound
start_time: 2015-04-19T10:19:16
who: philringnalda[at]gmail[dot]com
machine: tst-linux32-spot-298
buildname: Ubuntu VM 12.04 mozilla-inbound opt test mochitest-devtools-chrome
revision: fbc227fa2f19

5226 INFO TEST-UNEXPECTED-FAIL | browser/devtools/performance/test/browser_perf-options-show-platform-data-02.js | Test timed out - expected PASS
5229 INFO TEST-UNEXPECTED-FAIL | browser/devtools/performance/test/browser_perf-options-show-platform-data-02.js | Found a tab after previous test timed out: http://example.com/browser/browser/devtools/performance/test/doc_simple-test.html - expected PASS
5232 INFO TEST-UNEXPECTED-FAIL | browser/devtools/performance/test/browser_perf-overview-render-01.js | A promise chain failed to handle a rejection:  - at chrome://mochitests/content/browser/browser/devtools/performance/test/head.js:129 - ReferenceError: ok is not defined
log: https://treeherder.mozilla.org/logviewer.html#?repo=mozilla-inbound&job_id=9052491
repository: mozilla-inbound
start_time: 2015-04-19T23:23:24
who: tomcat[at]mozilla[dot]com
machine: t-w864-ix-014
buildname: Windows 8 64-bit mozilla-inbound debug test mochitest-devtools-chrome-2
revision: 41787c8d077d

4364 INFO TEST-UNEXPECTED-FAIL | browser/devtools/performance/test/browser_perf-options-show-platform-data-02.js | Test timed out - expected PASS
4367 INFO TEST-UNEXPECTED-FAIL | browser/devtools/performance/test/browser_perf-options-show-platform-data-02.js | Found a tab after previous test timed out: http://example.com/browser/browser/devtools/performance/test/doc_simple-test.html - expected PASS
4370 INFO TEST-UNEXPECTED-FAIL | browser/devtools/performance/test/browser_perf-overview-render-01.js | A promise chain failed to handle a rejection:  - at chrome://mochitests/content/browser/browser/devtools/performance/test/head.js:129 - ReferenceError: ok is not defined
Return code: 1
log: https://treeherder.mozilla.org/logviewer.html#?repo=mozilla-inbound&job_id=9055283
repository: mozilla-inbound
start_time: 2015-04-20T01:33:39
who: tomcat[at]mozilla[dot]com
machine: t-w864-ix-095
buildname: Windows 8 64-bit mozilla-inbound debug test mochitest-devtools-chrome-2
revision: bf79ec7accfe

4364 INFO TEST-UNEXPECTED-FAIL | browser/devtools/performance/test/browser_perf-options-show-platform-data-02.js | Test timed out - expected PASS
4367 INFO TEST-UNEXPECTED-FAIL | browser/devtools/performance/test/browser_perf-options-show-platform-data-02.js | Found a tab after previous test timed out: http://example.com/browser/browser/devtools/performance/test/doc_simple-test.html - expected PASS
4370 INFO TEST-UNEXPECTED-FAIL | browser/devtools/performance/test/browser_perf-overview-render-01.js | A promise chain failed to handle a rejection:  - at chrome://mochitests/content/browser/browser/devtools/performance/test/head.js:129 - ReferenceError: ok is not defined
Return code: 1
log: https://treeherder.mozilla.org/logviewer.html#?repo=b2g-inbound&job_id=1758646
repository: b2g-inbound
start_time: 2015-04-20T07:36:42
who: rvandermeulen[at]mozilla[dot]com
machine: t-w864-ix-121
buildname: Windows 8 64-bit b2g-inbound debug test mochitest-devtools-chrome-2
revision: 54ff3f209c78

4364 INFO TEST-UNEXPECTED-FAIL | browser/devtools/performance/test/browser_perf-options-show-platform-data-02.js | Test timed out - expected PASS
4367 INFO TEST-UNEXPECTED-FAIL | browser/devtools/performance/test/browser_perf-options-show-platform-data-02.js | Found a tab after previous test timed out: http://example.com/browser/browser/devtools/performance/test/doc_simple-test.html - expected PASS
4370 INFO TEST-UNEXPECTED-FAIL | browser/devtools/performance/test/browser_perf-overview-render-01.js | A promise chain failed to handle a rejection:  - at chrome://mochitests/content/browser/browser/devtools/performance/test/head.js:129 - ReferenceError: ok is not defined
Return code: 1
log: https://treeherder.mozilla.org/logviewer.html#?repo=mozilla-inbound&job_id=9117593
repository: mozilla-inbound
start_time: 2015-04-21T05:09:38
who: tomcat[at]mozilla[dot]com
machine: tst-linux32-spot-047
buildname: Ubuntu VM 12.04 mozilla-inbound opt test mochitest-devtools-chrome
revision: 9a56491b7588

5261 INFO TEST-UNEXPECTED-FAIL | browser/devtools/performance/test/browser_perf-options-show-platform-data-02.js | Test timed out - expected PASS
5264 INFO TEST-UNEXPECTED-FAIL | browser/devtools/performance/test/browser_perf-options-show-platform-data-02.js | Found a tab after previous test timed out: http://example.com/browser/browser/devtools/performance/test/doc_simple-test.html - expected PASS
5267 INFO TEST-UNEXPECTED-FAIL | browser/devtools/performance/test/browser_perf-overview-render-01.js | A promise chain failed to handle a rejection:  - at chrome://mochitests/content/browser/browser/devtools/performance/test/head.js:129 - ReferenceError: ok is not defined
log: https://treeherder.mozilla.org/logviewer.html#?repo=try&job_id=6792086
repository: try
start_time: 2015-04-21T05:46:18
who: jwalker[at]mozilla[dot]com
machine: t-xp32-ix-024
buildname: Windows XP 32-bit try debug test mochitest-devtools-chrome-2
revision: 5fa9847d68a5

4409 INFO TEST-UNEXPECTED-FAIL | browser/devtools/performance/test/browser_perf-options-show-platform-data-02.js | Test timed out - expected PASS
4412 INFO TEST-UNEXPECTED-FAIL | browser/devtools/performance/test/browser_perf-options-show-platform-data-02.js | Found a tab after previous test timed out: http://example.com/browser/browser/devtools/performance/test/doc_simple-test.html - expected PASS
4415 INFO TEST-UNEXPECTED-FAIL | browser/devtools/performance/test/browser_perf-overview-render-01.js | A promise chain failed to handle a rejection:  - at chrome://mochitests/content/browser/browser/devtools/performance/test/head.js:129 - ReferenceError: ok is not defined
Return code: 1
log: https://treeherder.mozilla.org/logviewer.html#?repo=mozilla-central&job_id=1370903
repository: mozilla-central
start_time: 2015-04-21T16:20:13
who: wkocher[at]mozilla[dot]com
machine: tst-linux32-spot-209
buildname: Ubuntu VM 12.04 mozilla-central opt test mochitest-devtools-chrome
revision: fcbc5a4f5bb1

5263 INFO TEST-UNEXPECTED-FAIL | browser/devtools/performance/test/browser_perf-options-show-platform-data-02.js | Test timed out - expected PASS
5266 INFO TEST-UNEXPECTED-FAIL | browser/devtools/performance/test/browser_perf-options-show-platform-data-02.js | Found a tab after previous test timed out: http://example.com/browser/browser/devtools/performance/test/doc_simple-test.html - expected PASS
5269 INFO TEST-UNEXPECTED-FAIL | browser/devtools/performance/test/browser_perf-overview-render-01.js | A promise chain failed to handle a rejection:  - at chrome://mochitests/content/browser/browser/devtools/performance/test/head.js:129 - ReferenceError: ok is not defined
log: https://treeherder.mozilla.org/logviewer.html#?repo=mozilla-inbound&job_id=9164680
repository: mozilla-inbound
start_time: 2015-04-21T20:46:07
who: philringnalda[at]gmail[dot]com
machine: t-yosemite-r5-0057
buildname: Rev5 MacOSX Yosemite 10.10 mozilla-inbound debug test mochitest-devtools-chrome-2
revision: 54ac214814d4

4408 INFO TEST-UNEXPECTED-FAIL | browser/devtools/performance/test/browser_perf-options-show-platform-data-02.js | Test timed out - expected PASS
4411 INFO TEST-UNEXPECTED-FAIL | browser/devtools/performance/test/browser_perf-options-show-platform-data-02.js | Found a tab after previous test timed out: http://example.com/browser/browser/devtools/performance/test/doc_simple-test.html - expected PASS
4414 INFO TEST-UNEXPECTED-FAIL | browser/devtools/performance/test/browser_perf-overview-render-01.js | A promise chain failed to handle a rejection:  - at chrome://mochitests/content/browser/browser/devtools/performance/test/head.js:129 - ReferenceError: ok is not defined
log: https://treeherder.mozilla.org/logviewer.html#?repo=fx-team&job_id=2782803
repository: fx-team
start_time: 2015-04-21T21:44:12
who: philringnalda[at]gmail[dot]com
machine: tst-linux32-spot-220
buildname: Ubuntu VM 12.04 fx-team opt test mochitest-devtools-chrome
revision: fc5fe99decdb

5273 INFO TEST-UNEXPECTED-FAIL | browser/devtools/performance/test/browser_perf-options-show-platform-data-02.js | Test timed out - expected PASS
5276 INFO TEST-UNEXPECTED-FAIL | browser/devtools/performance/test/browser_perf-options-show-platform-data-02.js | Found a tab after previous test timed out: http://example.com/browser/browser/devtools/performance/test/doc_simple-test.html - expected PASS
5279 INFO TEST-UNEXPECTED-FAIL | browser/devtools/performance/test/browser_perf-overview-render-01.js | A promise chain failed to handle a rejection:  - at chrome://mochitests/content/browser/browser/devtools/performance/test/head.js:129 - ReferenceError: ok is not defined
log: https://treeherder.mozilla.org/logviewer.html#?repo=mozilla-inbound&job_id=9178056
repository: mozilla-inbound
start_time: 2015-04-22T05:12:29
who: tomcat[at]mozilla[dot]com
machine: t-xp32-ix-112
buildname: Windows XP 32-bit mozilla-inbound debug test mochitest-devtools-chrome-2
revision: 15dcfcb044c8

4411 INFO TEST-UNEXPECTED-FAIL | browser/devtools/performance/test/browser_perf-options-show-platform-data-02.js | Test timed out - expected PASS
4414 INFO TEST-UNEXPECTED-FAIL | browser/devtools/performance/test/browser_perf-options-show-platform-data-02.js | Found a tab after previous test timed out: http://example.com/browser/browser/devtools/performance/test/doc_simple-test.html - expected PASS
4417 INFO TEST-UNEXPECTED-FAIL | browser/devtools/performance/test/browser_perf-overview-render-01.js | A promise chain failed to handle a rejection:  - at chrome://mochitests/content/browser/browser/devtools/performance/test/head.js:129 - ReferenceError: ok is not defined
Return code: 1
log: https://treeherder.mozilla.org/logviewer.html#?repo=b2g-inbound&job_id=1776847
repository: b2g-inbound
start_time: 2015-04-22T07:58:48
who: rvandermeulen[at]mozilla[dot]com
machine: tst-linux32-spot-580
buildname: Ubuntu VM 12.04 b2g-inbound opt test mochitest-devtools-chrome
revision: 72aeeac2e467

5273 INFO TEST-UNEXPECTED-FAIL | browser/devtools/performance/test/browser_perf-options-show-platform-data-02.js | Test timed out - expected PASS
5276 INFO TEST-UNEXPECTED-FAIL | browser/devtools/performance/test/browser_perf-options-show-platform-data-02.js | Found a tab after previous test timed out: http://example.com/browser/browser/devtools/performance/test/doc_simple-test.html - expected PASS
5279 INFO TEST-UNEXPECTED-FAIL | browser/devtools/performance/test/browser_perf-overview-render-01.js | A promise chain failed to handle a rejection:  - at chrome://mochitests/content/browser/browser/devtools/performance/test/head.js:129 - ReferenceError: ok is not defined
log: https://treeherder.mozilla.org/logviewer.html#?repo=fx-team&job_id=2801093
repository: fx-team
start_time: 2015-04-23T03:26:05
who: tomcat[at]mozilla[dot]com
machine: t-yosemite-r5-0085
buildname: Rev5 MacOSX Yosemite 10.10 fx-team debug test mochitest-devtools-chrome-2
revision: 6ecd33215340

4403 INFO TEST-UNEXPECTED-FAIL | browser/devtools/performance/test/browser_perf-options-show-platform-data-02.js | Test timed out - expected PASS
4406 INFO TEST-UNEXPECTED-FAIL | browser/devtools/performance/test/browser_perf-options-show-platform-data-02.js | Found a tab after previous test timed out: http://example.com/browser/browser/devtools/performance/test/doc_simple-test.html - expected PASS
4409 INFO TEST-UNEXPECTED-FAIL | browser/devtools/performance/test/browser_perf-overview-render-01.js | A promise chain failed to handle a rejection:  - at chrome://mochitests/content/browser/browser/devtools/performance/test/head.js:129 - ReferenceError: ok is not defined
log: https://treeherder.mozilla.org/logviewer.html#?repo=fx-team&job_id=2807604
repository: fx-team
start_time: 2015-04-23T12:20:09
who: rvandermeulen[at]mozilla[dot]com
machine: t-yosemite-r5-0063
buildname: Rev5 MacOSX Yosemite 10.10 fx-team debug test mochitest-devtools-chrome-2
revision: 181d06e8c7df

4408 INFO TEST-UNEXPECTED-FAIL | browser/devtools/performance/test/browser_perf-options-show-platform-data-02.js | Test timed out - expected PASS
4411 INFO TEST-UNEXPECTED-FAIL | browser/devtools/performance/test/browser_perf-options-show-platform-data-02.js | Found a tab after previous test timed out: http://example.com/browser/browser/devtools/performance/test/doc_simple-test.html - expected PASS
4414 INFO TEST-UNEXPECTED-FAIL | browser/devtools/performance/test/browser_perf-overview-render-01.js | A promise chain failed to handle a rejection:  - at chrome://mochitests/content/browser/browser/devtools/performance/test/head.js:129 - ReferenceError: ok is not defined
log: https://treeherder.mozilla.org/logviewer.html#?repo=try&job_id=6899766
repository: try
start_time: 2015-04-23T18:24:17
who: ehsan[at]mozilla[dot]com
machine: t-xp32-ix-148
buildname: Windows XP 32-bit try debug test mochitest-devtools-chrome-2
revision: d9ba16656a73

4406 INFO TEST-UNEXPECTED-FAIL | browser/devtools/performance/test/browser_perf-options-show-platform-data-02.js | Test timed out - expected PASS
4409 INFO TEST-UNEXPECTED-FAIL | browser/devtools/performance/test/browser_perf-options-show-platform-data-02.js | Found a tab after previous test timed out: http://example.com/browser/browser/devtools/performance/test/doc_simple-test.html - expected PASS
4412 INFO TEST-UNEXPECTED-FAIL | browser/devtools/performance/test/browser_perf-overview-render-01.js | A promise chain failed to handle a rejection:  - at chrome://mochitests/content/browser/browser/devtools/performance/test/head.js:129 - ReferenceError: ok is not defined
Return code: 1
log: https://treeherder.mozilla.org/logviewer.html#?repo=mozilla-central&job_id=1398530
repository: mozilla-central
start_time: 2015-04-27T05:22:43
who: tomcat[at]mozilla[dot]com
machine: tst-linux32-spot-043
buildname: Ubuntu VM 12.04 mozilla-central pgo test mochitest-devtools-chrome
revision: 8aff0d2a7bc7

5263 INFO TEST-UNEXPECTED-FAIL | browser/devtools/performance/test/browser_perf-options-show-platform-data-02.js | Test timed out - expected PASS
5266 INFO TEST-UNEXPECTED-FAIL | browser/devtools/performance/test/browser_perf-options-show-platform-data-02.js | Found a tab after previous test timed out: http://example.com/browser/browser/devtools/performance/test/doc_simple-test.html - expected PASS
5269 INFO TEST-UNEXPECTED-FAIL | browser/devtools/performance/test/browser_perf-overview-render-01.js | A promise chain failed to handle a rejection:  - at chrome://mochitests/content/browser/browser/devtools/performance/test/head.js:129 - ReferenceError: ok is not defined
log: https://treeherder.mozilla.org/logviewer.html#?repo=b2g-inbound&job_id=1814024
repository: b2g-inbound
start_time: 2015-04-28T09:33:21
who: rvandermeulen[at]mozilla[dot]com
machine: tst-linux32-spot-420
buildname: Ubuntu VM 12.04 b2g-inbound opt test mochitest-devtools-chrome
revision: 1491362a7a05

5346 INFO TEST-UNEXPECTED-FAIL | browser/devtools/performance/test/browser_perf-options-show-platform-data-01.js | Test timed out - expected PASS
5349 INFO TEST-UNEXPECTED-FAIL | browser/devtools/performance/test/browser_perf-options-show-platform-data-01.js | Found a tab after previous test timed out: http://example.com/browser/browser/devtools/performance/test/doc_simple-test.html - expected PASS
5354 INFO TEST-UNEXPECTED-FAIL | browser/devtools/performance/test/browser_perf-options-show-platform-data-02.js | A promise chain failed to handle a rejection:  - at chrome://mochitests/content/browser/browser/devtools/performance/test/head.js:135 - ReferenceError: ok is not defined
log: https://treeherder.mozilla.org/logviewer.html#?repo=mozilla-inbound&job_id=9372872
repository: mozilla-inbound
start_time: 2015-04-28T10:26:29
who: rvandermeulen[at]mozilla[dot]com
machine: t-yosemite-r5-0020
buildname: Rev5 MacOSX Yosemite 10.10 mozilla-inbound debug test mochitest-devtools-chrome-2
revision: b9f8b3184c00

4406 INFO TEST-UNEXPECTED-FAIL | browser/devtools/performance/test/browser_perf-options-show-platform-data-02.js | Test timed out - expected PASS
4409 INFO TEST-UNEXPECTED-FAIL | browser/devtools/performance/test/browser_perf-options-show-platform-data-02.js | Found a tab after previous test timed out: http://example.com/browser/browser/devtools/performance/test/doc_simple-test.html - expected PASS
4412 INFO TEST-UNEXPECTED-FAIL | browser/devtools/performance/test/browser_perf-overview-render-01.js | A promise chain failed to handle a rejection:  - at chrome://mochitests/content/browser/browser/devtools/performance/test/head.js:135 - ReferenceError: ok is not defined
log: https://treeherder.mozilla.org/logviewer.html#?repo=try&job_id=7016901
repository: try
start_time: 2015-04-28T12:26:07
who: nfitzgerald[at]mozilla[dot]com
machine: tst-linux32-spot-343
buildname: Ubuntu VM 12.04 try opt test mochitest-devtools-chrome
revision: 0020285fc120

5273 INFO TEST-UNEXPECTED-FAIL | browser/devtools/performance/test/browser_perf-options-show-platform-data-02.js | Test timed out - expected PASS
5276 INFO TEST-UNEXPECTED-FAIL | browser/devtools/performance/test/browser_perf-options-show-platform-data-02.js | Found a tab after previous test timed out: http://example.com/browser/browser/devtools/performance/test/doc_simple-test.html - expected PASS
5279 INFO TEST-UNEXPECTED-FAIL | browser/devtools/performance/test/browser_perf-overview-render-01.js | A promise chain failed to handle a rejection:  - at chrome://mochitests/content/browser/browser/devtools/performance/test/head.js:135 - ReferenceError: ok is not defined
Created attachment 8599074
1154018-intermittent.patch

https://treeherder.mozilla.org/#/jobs?repo=try&revision=b81c9d3f80dc
log: https://treeherder.mozilla.org/logviewer.html#?repo=mozilla-inbound&job_id=9399017
repository: mozilla-inbound
start_time: 2015-04-29T02:39:35
who: tomcat[at]mozilla[dot]com
machine: tst-linux32-spot-123
buildname: Ubuntu VM 12.04 mozilla-inbound opt test mochitest-devtools-chrome
revision: a3b882d8ae16

5284 INFO TEST-UNEXPECTED-FAIL | browser/devtools/performance/test/browser_perf-options-show-platform-data-02.js | Test timed out - expected PASS
5287 INFO TEST-UNEXPECTED-FAIL | browser/devtools/performance/test/browser_perf-options-show-platform-data-02.js | Found a tab after previous test timed out: http://example.com/browser/browser/devtools/performance/test/doc_simple-test.html - expected PASS
5290 INFO TEST-UNEXPECTED-FAIL | browser/devtools/performance/test/browser_perf-overview-render-01.js | A promise chain failed to handle a rejection:  - at chrome://mochitests/content/browser/browser/devtools/performance/test/head.js:135 - ReferenceError: ok is not defined
Comment on attachment 8599074
1154018-intermittent.patch

Review of attachment 8599074:
-----------------------------------------------------------------

::: browser/devtools/shared/profiler/frame-utils.js
@@ +126,5 @@
>    try {
>      uri = Services.io.newURI(url, null, null).QueryInterface(Ci.nsIURL);
> +    // Access the host, because the constructor doesn't necessarily throw
> +    // if it's invalid, but accessing the host can throw as well
> +    uri.host;

Amazing.
remote:   https://hg.mozilla.org/integration/fx-team/rev/ef2bdaf2121e
remote:   https://hg.mozilla.org/integration/fx-team/rev/d915bf908fe7
remote:   https://hg.mozilla.org/integration/fx-team/rev/285639a4d08c
remote:   https://hg.mozilla.org/integration/fx-team/rev/757ec9880c5b
https://hg.mozilla.org/mozilla-central/rev/757ec9880c5b
