http://tinderbox.mozilla.org/showlog.cgi?log=Firefox/1281196786.1281199596.6345.gz
Rev3 MacOSX Snow Leopard 10.6.2 mozilla-central opt test mochitest-other on 2010/08/07 08:59:46
s: talos-r3-snow-014

TEST-PASS | chrome://mochikit/content/browser/browser/base/content/test/browser_bug380960.js | tab still exists when it's about to be removed asynchronously
TEST-UNEXPECTED-FAIL | chrome://mochikit/content/browser/browser/base/content/test/browser_bug380960.js | tab removed after at most 750 ms - Got [object XULElement], expected null
TEST-INFO | chrome://mochikit/content/browser/browser/base/content/test/browser_bug380960.js | closing tab by clicking the tab close button
TEST-PASS | chrome://mochikit/content/browser/browser/base/content/test/browser_bug380960.js | got the close event syncronously
TEST-PASS | chrome://mochikit/content/browser/browser/base/content/test/browser_bug380960.js | tab still exists when it's about to be removed asynchronously
TEST-PASS | chrome://mochikit/content/browser/browser/base/content/test/browser_bug380960.js | tab removed after at most 750 ms
TEST-UNEXPECTED-FAIL | chrome://mochikit/content/browser/browser/base/content/test/browser_bug380960.js | Found an unexpected tab at the end of test run: about:blank
(ad infinitum, until "Output exceeded 52428800 bytes, remaining output has been truncated")

http://tinderbox.mozilla.org/showlog.cgi?log=Firefox/1281196786.1281199596.6345.gz
Rev3 MacOSX Snow Leopard 10.6.2 mozilla-central opt test mochitest-other on 2010/08/07 08:59:46
s: talos-r3-snow-014

TEST-PASS | chrome://mochikit/content/browser/browser/base/content/test/browser_bug380960.js | tab still exists when it's about to be removed asynchronously
TEST-UNEXPECTED-FAIL | chrome://mochikit/content/browser/browser/base/content/test/browser_bug380960.js | tab removed after at most 750 ms - Got [object XULElement], expected null
TEST-INFO | chrome://mochikit/content/browser/browser/base/content/test/browser_bug380960.js | closing tab by clicking the tab close button
TEST-PASS | chrome://mochikit/content/browser/browser/base/content/test/browser_bug380960.js | got the close event syncronously
TEST-PASS | chrome://mochikit/content/browser/browser/base/content/test/browser_bug380960.js | tab still exists when it's about to be removed asynchronously
TEST-PASS | chrome://mochikit/content/browser/browser/base/content/test/browser_bug380960.js | tab removed after at most 750 ms
TEST-UNEXPECTED-FAIL | chrome://mochikit/content/browser/browser/base/content/test/browser_bug380960.js | Found an unexpected tab at the end of test run: about:blank
(ad infinitum, until "Output exceeded 52428800 bytes, remaining output has been truncated")
http://tinderbox.mozilla.org/showlog.cgi?log=Firefox/1281173061.1281179460.29959.gz
http://tinderbox.mozilla.org/showlog.cgi?log=Firefox/1281217223.1281220816.21328.gz
It's actually only one tab that browser-test.js fails to remove, so it loops infinitely.
http://tinderbox.mozilla.org/showlog.cgi?log=Firefox/1281231176.1281236567.21838.gz
http://hg.mozilla.org/mozilla-central/rev/0bdc58813c9b
Created attachment 463890
let browser-test.js remove asynchronously closing tabs
http://tinderbox.mozilla.org/showlog.cgi?log=Firefox/1281285154.1281291495.19422.gz
1000ms didn't do it.

http://tinderbox.mozilla.org/showlog.cgi?log=Firefox/1281285154.1281291495.19422.gz
Rev3 MacOSX Leopard 10.5.8 mozilla-central debug test mochitest-other on 2010/08/08 09:32:34
s: talos-r3-leopard-029

TEST-UNEXPECTED-FAIL | chrome://mochikit/content/browser/browser/base/content/test/browser_bug380960.js | tab removed after at most 1000 ms - Got [object XULElement @ 0xe2a7b70 (native @ 0xdd86470)], expected null
http://hg.mozilla.org/mozilla-central/rev/515a9d083e70
http://tinderbox.mozilla.org/showlog.cgi?log=Firefox/1281298883.1281303530.5024.gz
http://tinderbox.mozilla.org/showlog.cgi?log=Firefox/1281299315.1281305686.14070.gz
http://tinderbox.mozilla.org/showlog.cgi?log=Firefox/1281301044.1281307741.24513.gz
http://tinderbox.mozilla.org/showlog.cgi?log=Firefox/1281302383.1281308836.29424.gz
http://tinderbox.mozilla.org/showlog.cgi?log=Firefox/1281305663.1281307618.23961.gz
Rev3 WINNT 6.1 mozilla-central opt test mochitest-other on 2010/08/08 15:14:23
s: talos-r3-w7-005

TEST-UNEXPECTED-FAIL | chrome://mochikit/content/browser/browser/base/content/test/browser_bug380960.js | tab removed after at most 1250 ms - Got [object XULElement], expected null

(note that that's Win7, hidden on mozilla-central for other failures)
http://hg.mozilla.org/mozilla-central/rev/fb0c72c4bfb3
http://tinderbox.mozilla.org/showlog.cgi?log=Firefox/1281389987.1281394847.21046.gz
http://tinderbox.mozilla.org/showlog.cgi?log=Firefox/1281391037.1281410010.27834.gz
http://tinderbox.mozilla.org/showlog.cgi?log=Firefox/1281393270.1281410934.32296.gz
Given the fragile state of tinderbox right now, I would very strongly recommend disabling this test until it can fail in a reasonable way, without the thousands of TEST-UNEXPECTED-FAILs.
http://tinderbox.mozilla.org/showlog.cgi?log=Firefox/1281394514.1281413807.12666.gz
temporary fix for the infinite loop: http://hg.mozilla.org/mozilla-central/rev/827919491123
Created attachment 464361
proper fix for the infinite loop (checked in)
ehsan%mozilla.com
http://tinderbox.mozilla.org/showlog.cgi?log=Firefox/1281459441.1281460345.883.gz
Rev3 MacOSX Leopard 10.5.8 mozilla-central opt test mochitest-other on 2010/08/10 09:57:21

s: talos-r3-leopard-045
TEST-UNEXPECTED-FAIL | chrome://mochikit/content/browser/browser/base/content/test/browser_bug380960.js | tab removed after at most 1750 ms - Got [object XULElement], expected null
TEST-UNEXPECTED-FAIL | chrome://mochikit/content/browser/browser/base/content/test/browser_bug380960.js | Found an unexpected tab at the end of test run: about:blank
TEST-UNEXPECTED-FAIL | chrome://mochikit/content/browser/toolkit/components/console/hudservice/tests/browser/browser_HUDServiceTestsAll.js | HUD.copyOutputMenuItem is disabled
TEST-UNEXPECTED-FAIL | chrome://mochikit/content/browser/toolkit/components/places/tests/browser/browser_visituri.js | Saved URL visit http://example.com/tests/toolkit/components/places/tests/browser/redirect_twice.sjs - Got http://example.com/tests/toolkit/components/places/tests/browser/redirect_twice.sjs, expected http://example.com/tests/toolkit/components/places/tests/browser/begin.html
TEST-UNEXPECTED-FAIL | chrome://mochikit/content/browser/toolkit/components/places/tests/browser/browser_visituri.js | Saved URL visit http://example.com/tests/toolkit/components/places/tests/browser/redirect_once.sjs - Got http://example.com/tests/toolkit/components/places/tests/browser/redirect_once.sjs, expected http://example.com/tests/toolkit/components/places/tests/browser/redirect_twice.sjs
TEST-UNEXPECTED-FAIL | chrome://mochikit/content/browser/toolkit/components/places/tests/browser/browser_visituri.js | From visit was http://example.com/tests/toolkit/components/places/tests/browser/begin.html - Got http://example.com/tests/toolkit/components/places/tests/browser/redirect_twice.sjs, expected http://example.com/tests/toolkit/components/places/tests/browser/begin.html
TEST-UNEXPECTED-FAIL | chrome://mochikit/content/browser/toolkit/components/places/tests/browser/browser_visituri.js | Timed out
TEST-UNEXPECTED-FAIL | chrome://mochikit/content/browser/toolkit/components/places/tests/browser/browser_visituri.js | Found a tab after previous test timed out: about:blank
TEST-UNEXPECTED-FAIL | chrome://mochikit/content/browser/toolkit/components/places/tests/browser/browser_visituri.js | Saved URL visit http://example.com/tests/toolkit/components/places/tests/browser/final.html - Got http://example.com/tests/toolkit/components/places/tests/browser/final.html, expected http://example.com/tests/toolkit/components/places/tests/browser/redirect_once.sjs
TEST-UNEXPECTED-FAIL | chrome://mochikit/content/browser/toolkit/components/places/tests/browser/browser_visituri_privatebrowsing.js | Timed out
TEST-UNEXPECTED-FAIL | chrome://mochikit/content/browser/toolkit/components/places/tests/browser/browser_visituri_privatebrowsing.js | Found a tab after previous test timed out: http://example.com/tests/toolkit/components/places/tests/browser/final.html
TEST-UNEXPECTED-FAIL | chrome://mochikit/content/browser/toolkit/components/places/tests/browser/browser_visituri_privatebrowsing.js | received expected visit - Got http://example.com/browser/toolkit/components/startup/tests/browser/beforeunload.html, expected http://example.com/tests/toolkit/components/places/tests/browser/final.html
ehsan%mozilla.com
http://tinderbox.mozilla.org/showlog.cgi?log=Firefox/1281461601.1281463153.14641.gz
Rev3 MacOSX Leopard 10.5.8 mozilla-central debug test mochitest-other on 2010/08/10 10:33:21

s: talos-r3-leopard-027
TEST-UNEXPECTED-FAIL | chrome://mochikit/content/browser/browser/base/content/test/browser_bug380960.js | tab removed after at most 1750 ms - Got [object XULElement @ 0x1daac0f0 (native @ 0x1d6986c0)], expected null
TEST-UNEXPECTED-FAIL | chrome://mochikit/content/browser/browser/base/content/test/browser_bug380960.js | Found an unexpected tab at the end of test run: about:blank
TEST-UNEXPECTED-FAIL | chrome://mochikit/content/browser/toolkit/components/console/hudservice/tests/browser/browser_HUDServiceTestsAll.js | HUD.copyOutputMenuItem is disabled
philringnalda%gmail.com
http://tinderbox.mozilla.org/showlog.cgi?log=Firefox/1281470887.1281471750.23958.gz
Rev3 MacOSX Leopard 10.5.8 mozilla-central opt test mochitest-other on 2010/08/10 13:08:07

s: talos-r3-leopard-038
TEST-UNEXPECTED-FAIL | chrome://mochikit/content/browser/browser/base/content/test/browser_bug380960.js | tab removed after at most 1750 ms - Got [object XULElement], expected null
TEST-UNEXPECTED-FAIL | chrome://mochikit/content/browser/browser/base/content/test/browser_bug380960.js | Found an unexpected tab at the end of test run: about:blank
me%shawnwilsher.com
http://tinderbox.mozilla.org/showlog.cgi?log=Firefox/1281479823.1281481405.6769.gz
Rev3 MacOSX Leopard 10.5.8 mozilla-central debug test mochitest-other on 2010/08/10 15:37:03

s: talos-r3-leopard-011
TEST-UNEXPECTED-FAIL | chrome://mochikit/content/browser/browser/base/content/test/browser_bug380960.js | tab removed after at most 1750 ms - Got [object XULElement @ 0x1e0abed0 (native @ 0x1dc98570)], expected null
TEST-UNEXPECTED-FAIL | chrome://mochikit/content/browser/browser/base/content/test/browser_bug380960.js | Found an unexpected tab at the end of test run: about:blank
ehsan%mozilla.com
http://tinderbox.mozilla.org/showlog.cgi?log=Firefox/1281486454.1281488053.8771.gz
Rev3 MacOSX Snow Leopard 10.6.2 mozilla-central debug test mochitest-other on 2010/08/10 17:27:34

s: talos-r3-snow-018
TEST-UNEXPECTED-FAIL | chrome://mochikit/content/browser/browser/base/content/test/browser_bug380960.js | tab removed after at most 1750 ms - Got [object XULElement @ 0x117e0c290 (native @ 0x1175d5a30)], expected null
TEST-UNEXPECTED-FAIL | chrome://mochikit/content/browser/browser/base/content/test/browser_bug380960.js | Found an unexpected tab at the end of test run: about:blank
ehsan%mozilla.com
http://tinderbox.mozilla.org/showlog.cgi?log=Firefox/1281491636.1281492495.32173.gz
Rev3 MacOSX Leopard 10.5.8 mozilla-central opt test mochitest-other on 2010/08/10 18:53:56

s: talos-r3-leopard-050
TEST-UNEXPECTED-FAIL | chrome://mochikit/content/browser/browser/base/content/test/browser_bug380960.js | tab removed after at most 1750 ms - Got [object XULElement], expected null
TEST-UNEXPECTED-FAIL | chrome://mochikit/content/browser/browser/base/content/test/browser_bug380960.js | Found an unexpected tab at the end of test run: about:blank
Comment on attachment 464361
proper fix for the infinite loop (checked in)

>diff --git a/browser/base/content/tabbrowser.xml b/browser/base/content/tabbrowser.xml

>-         tabs.tabbrowser._removingTabs.forEach(tabs.tabbrowser._endRemoveTab,
>+         tabs.tabbrowser._removingTabs.forEach(tabs.tabbrowser.removeTab,

Why this change?
(In reply to comment #29)
> >diff --git a/browser/base/content/tabbrowser.xml b/browser/base/content/tabbrowser.xml
> 
> >-         tabs.tabbrowser._removingTabs.forEach(tabs.tabbrowser._endRemoveTab,
> >+         tabs.tabbrowser._removingTabs.forEach(tabs.tabbrowser.removeTab,
> 
> Why this change?

It's not necessary. It just makes this code use the "official" API.
josh%joshmatthews.net
http://tinderbox.mozilla.org/showlog.cgi?log=Electrolysis/1281502443.1281503245.20917.gz
Rev3 MacOSX Snow Leopard 10.6.2 electrolysis opt test mochitest-other on 2010/08/10 21:54:03

s: talos-r3-snow-005
TEST-UNEXPECTED-FAIL | chrome://mochikit/content/browser/browser/base/content/test/browser_bug380960.js | tab removed after at most 1750 ms - Got [object XULElement], expected null
TEST-UNEXPECTED-FAIL | chrome://mochikit/content/browser/browser/base/content/test/browser_bug380960.js | Found an unexpected tab at the end of test run: about:blank
jst%mozilla.com
http://tinderbox.mozilla.org/showlog.cgi?log=Electrolysis/1281515561.1281517173.28433.gz
Rev3 MacOSX Snow Leopard 10.6.2 electrolysis debug test mochitest-other on 2010/08/11 01:32:41

s: talos-r3-snow-050
TEST-UNEXPECTED-FAIL | chrome://mochikit/content/browser/browser/base/content/test/browser_bug380960.js | tab removed after at most 1750 ms - Got [object XULElement @ 0x11737b830 (native @ 0x116f2bb20)], expected null
TEST-UNEXPECTED-FAIL | chrome://mochikit/content/browser/browser/base/content/test/browser_bug380960.js | Found an unexpected tab at the end of test run: about:blank
khuey
http://tinderbox.mozilla.org/showlog.cgi?log=Firefox/1281545189.1281546334.6486.gz
Rev3 MacOSX Snow Leopard 10.6.2 mozilla-central opt test mochitest-other on 2010/08/11 09:46:29

s: talos-r3-snow-010
TEST-UNEXPECTED-FAIL | chrome://mochikit/content/browser/browser/base/content/test/browser_bug380960.js | tab removed after at most 1750 ms - Got [object XULElement], expected null
TEST-UNEXPECTED-FAIL | chrome://mochikit/content/browser/browser/base/content/test/browser_bug380960.js | Found an unexpected tab at the end of test run: about:blank
dbaron%dbaron.org
http://tinderbox.mozilla.org/showlog.cgi?log=Firefox/1281545189.1281546334.6486.gz
Rev3 MacOSX Snow Leopard 10.6.2 mozilla-central opt test mochitest-other on 2010/08/11 09:46:29

s: talos-r3-snow-010
TEST-UNEXPECTED-FAIL | chrome://mochikit/content/browser/browser/base/content/test/browser_bug380960.js | tab removed after at most 1750 ms - Got [object XULElement], expected null
TEST-UNEXPECTED-FAIL | chrome://mochikit/content/browser/browser/base/content/test/browser_bug380960.js | Found an unexpected tab at the end of test run: about:blank
http://tinderbox.mozilla.org/showlog.cgi?log=Firefox/1281554645.1281555420.23455.gz
http://tinderbox.mozilla.org/showlog.cgi?log=Firefox/1281565500.1281566353.13076.gz
philringnalda%gmail.com
http://tinderbox.mozilla.org/showlog.cgi?log=Firefox/1281595799.1281597269.17937.gz
Rev3 MacOSX Snow Leopard 10.6.2 mozilla-central debug test mochitest-other on 2010/08/11 23:49:59

s: talos-r3-snow-033
TEST-UNEXPECTED-FAIL | chrome://mochikit/content/browser/browser/base/content/test/browser_bug380960.js | tab removed after at most 1750 ms - Got [object XULElement @ 0x117380120 (native @ 0x116e42d90)], expected null
TEST-UNEXPECTED-FAIL | chrome://mochikit/content/browser/browser/base/content/test/browser_bug380960.js | Found an unexpected tab at the end of test run: about:blank
TEST-UNEXPECTED-FAIL | automationutils.processLeakLog() | leaked 2239955 bytes during test execution
This could be bug 538462.
TEST-UNEXPECTED-FAIL | automationutils.processLeakLog() | leaked 1425 instances of AtomImpl with size 40 bytes each (57000 bytes total)
TEST-UNEXPECTED-FAIL | automationutils.processLeakLog() | leaked 1 instance of BackstagePass with size 48 bytes
TEST-UNEXPECTED-FAIL | automationutils.processLeakLog() | leaked 6 instances of CSSImportRuleImpl with size 88 bytes each (528 bytes total)
TEST-UNEXPECTED-FAIL | automationutils.processLeakLog() | leaked 105 instances of CSSImportantRule with size 32 bytes each (3360 bytes total)
TEST-UNEXPECTED-FAIL | automationutils.processLeakLog() | leaked 37 instances of CSSNameSpaceRuleImpl with size 80 bytes each (2960 bytes total)
philringnalda%gmail.com
http://tinderbox.mozilla.org/showlog.cgi?log=Firefox/1281600131.1281601700.5044.gz
Rev3 MacOSX Snow Leopard 10.6.2 mozilla-central debug test mochitest-other on 2010/08/12 01:02:11

s: talos-r3-snow-003
TEST-UNEXPECTED-FAIL | chrome://mochikit/content/browser/browser/base/content/test/browser_bug380960.js | tab removed after at most 1750 ms - Got [object XULElement @ 0x117a54440 (native @ 0x10cef9cb0)], expected null
TEST-UNEXPECTED-FAIL | chrome://mochikit/content/browser/browser/base/content/test/browser_bug380960.js | Found an unexpected tab at the end of test run: about:blank
Comment on attachment 464361
proper fix for the infinite loop (checked in)

http://hg.mozilla.org/mozilla-central/rev/ab563b970b39
mak77%bonardo.net
http://tinderbox.mozilla.org/showlog.cgi?log=Firefox/1281616369.1281617139.1769.gz
Rev3 MacOSX Leopard 10.5.8 mozilla-central opt test mochitest-other on 2010/08/12 05:32:49

s: talos-r3-leopard-017
TEST-UNEXPECTED-FAIL | chrome://mochikit/content/browser/browser/base/content/test/browser_bug380960.js | tab removed after at most 1750 ms - Got [object XULElement], expected null
TEST-UNEXPECTED-FAIL | chrome://mochikit/content/browser/browser/base/content/test/browser_bug380960.js | Found an unexpected tab at the end of test run: about:blank
mak77%bonardo.net
http://tinderbox.mozilla.org/showlog.cgi?log=Firefox/1281616767.1281617458.4010.gz
Rev3 MacOSX Leopard 10.5.8 mozilla-central opt test mochitest-other on 2010/08/12 05:39:27

s: talos-r3-leopard-003
TEST-UNEXPECTED-FAIL | chrome://mochikit/content/browser/browser/base/content/test/browser_bug380960.js | tab removed after at most 1750 ms - Got [object XULElement], expected null
TEST-UNEXPECTED-FAIL | chrome://mochikit/content/browser/browser/base/content/test/browser_bug380960.js | Found an unexpected tab at the end of test run: about:blank
bobbyholley%gmail.com
http://tinderbox.mozilla.org/showlog.cgi?log=Firefox/1281629825.1281631346.4550.gz
Rev3 MacOSX Snow Leopard 10.6.2 mozilla-central debug test mochitest-other on 2010/08/12 09:17:05

s: talos-r3-snow-043
TEST-UNEXPECTED-FAIL | chrome://mochikit/content/browser/browser/base/content/test/browser_bug380960.js | tab removed after at most 1750 ms - Got [object XULElement @ 0x117523b80 (native @ 0x116dc4190)], expected null
TEST-UNEXPECTED-FAIL | chrome://mochikit/content/browser/browser/base/content/test/browser_bug380960.js | Found an unexpected tab at the end of test run: about:blank
philringnalda%gmail.com
http://tinderbox.mozilla.org/showlog.cgi?log=Firefox/1281629825.1281631346.4550.gz
Rev3 MacOSX Snow Leopard 10.6.2 mozilla-central debug test mochitest-other on 2010/08/12 09:17:05

s: talos-r3-snow-043
TEST-UNEXPECTED-FAIL | chrome://mochikit/content/browser/browser/base/content/test/browser_bug380960.js | tab removed after at most 1750 ms - Got [object XULElement @ 0x117523b80 (native @ 0x116dc4190)], expected null
TEST-UNEXPECTED-FAIL | chrome://mochikit/content/browser/browser/base/content/test/browser_bug380960.js | Found an unexpected tab at the end of test run: about:blank
philringnalda%gmail.com
http://tinderbox.mozilla.org/showlog.cgi?log=Firefox/1281638344.1281639119.9659.gz
Rev3 MacOSX Snow Leopard 10.6.2 mozilla-central opt test mochitest-other on 2010/08/12 11:39:04

s: talos-r3-snow-046
TEST-UNEXPECTED-FAIL | chrome://mochikit/content/browser/browser/base/content/test/browser_bug380960.js | tab removed after at most 1750 ms - Got [object XULElement], expected null
TEST-UNEXPECTED-FAIL | chrome://mochikit/content/browser/browser/base/content/test/browser_bug380960.js | Found an unexpected tab at the end of test run: about:blank
philringnalda%gmail.com
http://tinderbox.mozilla.org/showlog.cgi?log=TraceMonkey/1281656830.1281657568.9170.gz
Rev3 MacOSX Snow Leopard 10.6.2 tracemonkey opt test mochitest-other on 2010/08/12 16:47:10

s: talos-r3-snow-029
TEST-UNEXPECTED-FAIL | chrome://mochikit/content/browser/browser/base/content/test/browser_bug380960.js | tab removed after at most 1750 ms - Got [object XULElement], expected null
TEST-UNEXPECTED-FAIL | chrome://mochikit/content/browser/browser/base/content/test/browser_bug380960.js | Found an unexpected tab at the end of test run: about:blank
khuey
http://tinderbox.mozilla.org/showlog.cgi?log=Firefox/1281666537.1281667348.24852.gz
Rev3 MacOSX Leopard 10.5.8 mozilla-central opt test mochitest-other on 2010/08/12 19:28:57

s: talos-r3-leopard-013
TEST-UNEXPECTED-FAIL | chrome://mochikit/content/browser/browser/base/content/test/browser_bug380960.js | tab removed after at most 1750 ms - Got [object XULElement], expected null
TEST-UNEXPECTED-FAIL | chrome://mochikit/content/browser/browser/base/content/test/browser_bug380960.js | Found an unexpected tab at the end of test run: about:blank
dtownsend%oxymoronical.com
http://tinderbox.mozilla.org/showlog.cgi?log=Firefox/1281666537.1281667348.24852.gz
Rev3 MacOSX Leopard 10.5.8 mozilla-central opt test mochitest-other on 2010/08/12 19:28:57

s: talos-r3-leopard-013
TEST-UNEXPECTED-FAIL | chrome://mochikit/content/browser/browser/base/content/test/browser_bug380960.js | tab removed after at most 1750 ms - Got [object XULElement], expected null
TEST-UNEXPECTED-FAIL | chrome://mochikit/content/browser/browser/base/content/test/browser_bug380960.js | Found an unexpected tab at the end of test run: about:blank
chris%pearce.org.nz
http://tinderbox.mozilla.org/showlog.cgi?log=Firefox/1281666408.1281668125.28863.gz
Rev3 MacOSX Leopard 10.5.8 mozilla-central debug test mochitest-other on 2010/08/12 19:26:48

s: talos-r3-leopard-012
TEST-UNEXPECTED-FAIL | chrome://mochikit/content/browser/browser/base/content/test/browser_bug380960.js | tab removed after at most 1750 ms - Got [object XULElement @ 0x1e1ccb20 (native @ 0x1dda8590)], expected null
TEST-UNEXPECTED-FAIL | chrome://mochikit/content/browser/browser/base/content/test/browser_bug380960.js | Found an unexpected tab at the end of test run: about:blank
dtownsend%oxymoronical.com
http://tinderbox.mozilla.org/showlog.cgi?log=Firefox/1281670766.1281671535.13057.gz
Rev3 MacOSX Snow Leopard 10.6.2 mozilla-central opt test mochitest-other on 2010/08/12 20:39:26

s: talos-r3-snow-015
TEST-UNEXPECTED-FAIL | chrome://mochikit/content/browser/browser/base/content/test/browser_bug380960.js | tab removed after at most 1750 ms - Got [object XULElement], expected null
TEST-UNEXPECTED-FAIL | chrome://mochikit/content/browser/browser/base/content/test/browser_bug380960.js | Found an unexpected tab at the end of test run: about:blank
philringnalda%gmail.com
http://tinderbox.mozilla.org/showlog.cgi?log=Firefox/1281676775.1281677538.10217.gz
Rev3 MacOSX Leopard 10.5.8 mozilla-central opt test mochitest-other on 2010/08/12 22:19:35

s: talos-r3-leopard-043
TEST-UNEXPECTED-FAIL | chrome://mochikit/content/browser/browser/base/content/test/browser_bug380960.js | tab removed after at most 1750 ms - Got [object XULElement], expected null
TEST-UNEXPECTED-FAIL | chrome://mochikit/content/browser/browser/base/content/test/browser_bug380960.js | Found an unexpected tab at the end of test run: about:blank
josh%joshmatthews.net
http://tinderbox.mozilla.org/showlog.cgi?log=Electrolysis/1281661595.1281663505.6134.gz
Rev3 WINNT 6.1 electrolysis opt test mochitest-other on 2010/08/12 18:06:35

s: talos-r3-w7-005
S7612 ERROR TEST-UNEXPECTED-FAIL | chrome://mochikit/content/chrome/toolkit/content/tests/chrome/test_bug558403.xul | Test timed out.
PROCESS-CRASH | Main app process exited normally | application crashed (minidump found)
Thread 0 (crashed)
PROCESS-CRASH | Main app process exited normally | application crashed (minidump found)
Thread 0 (crashed)
TEST-UNEXPECTED-FAIL | chrome://mochikit/content/browser/browser/base/content/test/browser_bug380960.js | tab removed after at most 1750 ms - Got [object XULElement], expected null
TEST-UNEXPECTED-FAIL | chrome://mochikit/content/browser/browser/base/content/test/browser_bug380960.js | Found an unexpected tab at the end of test run: about:blank
TEST-UNEXPECTED-FAIL | chrome://mochikit/content/browser/browser/base/content/test/browser_overflowScroll.js | Scrolled one tab to the left with a single click - Got 148, expected 48
TEST-UNEXPECTED-FAIL | chrome://mochikit/content/browser/browser/components/wintaskbar/test/browser_taskbar_preview.js | Browser has one preview per tab - Got 2, expected 1
TEST-UNEXPECTED-FAIL | chrome://mochikit/content/browser/browser/components/wintaskbar/test/browser_taskbar_preview.js | Browser starts with one preview - Got 2, expected 1
TEST-UNEXPECTED-FAIL | chrome://mochikit/content/browser/browser/components/wintaskbar/test/browser_taskbar_preview.js | Browser has one preview per tab - Got 5, expected 4
TEST-UNEXPECTED-FAIL | chrome://mochikit/content/browser/browser/components/wintaskbar/test/browser_taskbar_preview.js | Correct number of previews after adding - Got 5, expected 4
TEST-UNEXPECTED-FAIL | chrome://mochikit/content/browser/browser/components/wintaskbar/test/browser_taskbar_preview.js | Browser has one preview per tab - Got 5, expected 4
TEST-UNEXPECTED-FAIL | chrome://mochikit/content/browser/browser/components/wintaskbar/test/browser_taskbar_preview.js | Previews are unchanged when disabling - Got 5, expected 4
TEST-UNEXPECTED-FAIL | chrome://mochikit/content/browser/browser/components/wintaskbar/test/browser_taskbar_preview.js | Browser has one preview per tab - Got 5, expected 4
TEST-UNEXPECTED-FAIL | chrome://mochikit/content/browser/browser/components/wintaskbar/test/browser_taskbar_preview.js | Previews are unchanged when re-enabling - Got 5, expected 4
TEST-UNEXPECTED-FAIL | chrome://mochikit/content/browser/browser/components/wintaskbar/test/browser_taskbar_preview.js | Browser has one preview per tab - Got 4, expected 3
TEST-UNEXPECTED-FAIL | chrome://mochikit/content/browser/browser/components/wintaskbar/test/browser_taskbar_preview.js | Expected number of previews after closing selected tab via controller - Got 4, expected 3
TEST-UNEXPECTED-FAIL | chrome://mochikit/content/browser/browser/components/wintaskbar/test/browser_taskbar_preview.js | Browser has one preview per tab - Got 3, expected 2
TEST-UNEXPECTED-FAIL | chrome://mochikit/content/browser/browser/components/wintaskbar/test/browser_taskbar_preview.js | Expected number of previews after closing unselected via browser - Got 3, expected 2
TEST-UNEXPECTED-FAIL | chrome://mochikit/content/browser/browser/components/wintaskbar/test/browser_taskbar_preview.js | Browser has one preview per tab - Got 2, expected 1
TEST-UNEXPECTED-FAIL | chrome://mochikit/content/browser/browser/components/wintaskbar/test/browser_taskbar_preview.js | Expected number of previews after closing selected tab via browser - Got 2, expected 1
TEST-UNEXPECTED-FAIL | chrome://mochikit/content/browser/browser/components/wintaskbar/test/browser_taskbar_preview.js | Browser has one preview per tab - Got 3, expected 2
TEST-UNEXPECTED-FAIL | chrome://mochikit/content/browser/browser/components/wintaskbar/test/browser_taskbar_preview.js | Got expected number of previews - Got 3, expected 2
TEST-UNEXPECTED-FAIL | chrome://mochikit/content/browser/browser/components/wintaskbar/test/browser_taskbar_preview.js | Browser has one preview per tab - Got 2, expected 1
TEST-UNEXPECTED-FAIL | chrome://mochikit/content/browser/browser/components/wintaskbar/test/browser_taskbar_preview.js | Got expected number of previews - Got 2, expected 1
joshmoz%gmail.com
http://tinderbox.mozilla.org/showlog.cgi?log=Firefox/1281688919.1281690498.6459.gz
Rev3 MacOSX Snow Leopard 10.6.2 mozilla-central debug test mochitest-other on 2010/08/13 01:41:59

s: talos-r3-snow-038
TEST-UNEXPECTED-FAIL | chrome://mochikit/content/browser/browser/base/content/test/browser_bug380960.js | tab removed after at most 1750 ms - Got [object XULElement @ 0x1175ed100 (native @ 0x117001980)], expected null
TEST-UNEXPECTED-FAIL | chrome://mochikit/content/browser/browser/base/content/test/browser_bug380960.js | Found an unexpected tab at the end of test run: about:blank
nthomas
http://tinderbox.mozilla.org/showlog.cgi?log=Firefox/1281702212.1281702964.20493.gz
Rev3 MacOSX Leopard 10.5.8 mozilla-central opt test mochitest-other on 2010/08/13 05:23:32

s: talos-r3-leopard-014
TEST-UNEXPECTED-FAIL | chrome://mochikit/content/browser/browser/base/content/test/browser_bug380960.js | tab removed after at most 1750 ms - Got [object XULElement], expected null
TEST-UNEXPECTED-FAIL | chrome://mochikit/content/browser/browser/base/content/test/browser_bug380960.js | Found an unexpected tab at the end of test run: about:blank
cjones
http://tinderbox.mozilla.org/showlog.cgi?log=MozillaTry/1281695425.1281696161.10423.gz
Rev3 MacOSX Leopard 10.5.8 tryserver opt test mochitest-other on 2010/08/13 03:30:25

s: talos-r3-leopard-036
TEST-UNEXPECTED-FAIL | chrome://mochikit/content/browser/browser/base/content/test/browser_bug380960.js | tab removed after at most 1750 ms - Got [object XULElement], expected null
TEST-UNEXPECTED-FAIL | chrome://mochikit/content/browser/browser/base/content/test/browser_bug380960.js | Found an unexpected tab at the end of test run: about:blank
philringnalda%gmail.com
http://tinderbox.mozilla.org/showlog.cgi?log=Electrolysis/1281735448.1281736308.15920.gz
Rev3 MacOSX Snow Leopard 10.6.2 electrolysis opt test mochitest-other on 2010/08/13 14:37:28

s: talos-r3-snow-020
TEST-UNEXPECTED-FAIL | chrome://mochikit/content/browser/browser/base/content/test/browser_bug380960.js | tab removed after at most 1750 ms - Got [object XULElement], expected null
TEST-UNEXPECTED-FAIL | chrome://mochikit/content/browser/browser/base/content/test/browser_bug380960.js | Found an unexpected tab at the end of test run: about:blank
philringnalda%gmail.com
http://tinderbox.mozilla.org/showlog.cgi?log=Electrolysis/1281724104.1281724878.26074.gz
Rev3 MacOSX Snow Leopard 10.6.2 electrolysis opt test mochitest-other on 2010/08/13 11:28:24

s: talos-r3-snow-024
TEST-UNEXPECTED-FAIL | chrome://mochikit/content/browser/browser/base/content/test/browser_bug380960.js | tab removed after at most 1750 ms - Got [object XULElement], expected null
TEST-UNEXPECTED-FAIL | chrome://mochikit/content/browser/browser/base/content/test/browser_bug380960.js | Found an unexpected tab at the end of test run: about:blank
philringnalda%gmail.com
http://tinderbox.mozilla.org/showlog.cgi?log=TraceMonkey/1281758341.1281759095.28098.gz
Rev3 MacOSX Snow Leopard 10.6.2 tracemonkey opt test mochitest-other on 2010/08/13 20:59:01

s: talos-r3-snow-020
TEST-UNEXPECTED-FAIL | chrome://mochikit/content/browser/browser/base/content/test/browser_bug380960.js | tab removed after at most 1750 ms - Got [object XULElement], expected null
TEST-UNEXPECTED-FAIL | chrome://mochikit/content/browser/browser/base/content/test/browser_bug380960.js | Found an unexpected tab at the end of test run: about:blank
jmuizelaar%mozlla.com
http://tinderbox.mozilla.org/showlog.cgi?log=Firefox/1281791766.1281793416.15723.gz
Rev3 MacOSX Leopard 10.5.8 mozilla-central debug test mochitest-other on 2010/08/14 06:16:06

s: talos-r3-leopard-047
TEST-UNEXPECTED-FAIL | chrome://mochikit/content/browser/browser/base/content/test/browser_bug380960.js | tab removed after at most 1750 ms - Got [object XULElement @ 0x1dabe6f0 (native @ 0x1d6a8130)], expected null
TEST-UNEXPECTED-FAIL | chrome://mochikit/content/browser/browser/base/content/test/browser_bug380960.js | Found an unexpected tab at the end of test run: about:blank
philringnalda%gmail.com
http://tinderbox.mozilla.org/showlog.cgi?log=Firefox/1281778449.1281779285.31228.gz
Rev3 MacOSX Leopard 10.5.8 mozilla-central opt test mochitest-other on 2010/08/14 02:34:09

s: talos-r3-leopard-010
TEST-UNEXPECTED-FAIL | chrome://mochikit/content/browser/browser/base/content/test/browser_bug380960.js | tab removed after at most 1750 ms - Got [object XULElement], expected null
TEST-UNEXPECTED-FAIL | chrome://mochikit/content/browser/browser/base/content/test/browser_bug380960.js | Found an unexpected tab at the end of test run: about:blank
philringnalda%gmail.com
http://tinderbox.mozilla.org/showlog.cgi?log=Firefox/1281778450.1281780210.4398.gz
Rev3 MacOSX Leopard 10.5.8 mozilla-central debug test mochitest-other on 2010/08/14 02:34:10

s: talos-r3-leopard-023
TEST-UNEXPECTED-FAIL | chrome://mochikit/content/browser/browser/base/content/test/browser_bug380960.js | tab removed after at most 1750 ms - Got [object XULElement @ 0x1e0cc330 (native @ 0x1dba83b0)], expected null
TEST-UNEXPECTED-FAIL | chrome://mochikit/content/browser/browser/base/content/test/browser_bug380960.js | Found an unexpected tab at the end of test run: about:blank
philringnalda%gmail.com
http://tinderbox.mozilla.org/showlog.cgi?log=TraceMonkey/1281772418.1281773968.491.gz
Rev3 MacOSX Snow Leopard 10.6.2 tracemonkey debug test mochitest-other on 2010/08/14 00:53:38

s: talos-r3-snow-028
TEST-UNEXPECTED-FAIL | chrome://mochikit/content/browser/browser/base/content/test/browser_bug380960.js | tab removed after at most 1750 ms - Got [object XULElement @ 0x1173d8c50 (native @ 0x116b80650)], expected null
TEST-UNEXPECTED-FAIL | chrome://mochikit/content/browser/browser/base/content/test/browser_bug380960.js | Found an unexpected tab at the end of test run: about:blank
philringnalda%gmail.com
http://tinderbox.mozilla.org/showlog.cgi?log=TraceMonkey/1281808834.1281810418.18766.gz
Rev3 WINNT 6.1 tracemonkey opt test mochitest-other on 2010/08/14 11:00:34

s: talos-r3-w7-023
SSLTUNNEL(008800B0): polling flags csock(0)=--, sso7612 ERROR TEST-UNEXPECTED-FAIL | chrome://mochikit/content/chrome/toolkit/content/tests/chrome/test_bug558403.xul | Test timed out.
PROCESS-CRASH | Main app process exited normally | application crashed (minidump found)
Thread 0 (crashed)
PROCESS-CRASH | Main app process exited normally | application crashed (minidump found)
Thread 0 (crashed)
TEST-UNEXPECTED-FAIL | chrome://mochikit/content/browser/browser/base/content/test/browser_bug380960.js | tab removed after at most 1750 ms - Got [object XULElement], expected null
TEST-UNEXPECTED-FAIL | chrome://mochikit/content/browser/browser/base/content/test/browser_bug380960.js | Found an unexpected tab at the end of test run: about:blank
TEST-UNEXPECTED-FAIL | chrome://mochikit/content/browser/browser/components/wintaskbar/test/browser_taskbar_preview.js | Browser has one preview per tab - Got 2, expected 1
TEST-UNEXPECTED-FAIL | chrome://mochikit/content/browser/browser/components/wintaskbar/test/browser_taskbar_preview.js | Browser starts with one preview - Got 2, expected 1
TEST-UNEXPECTED-FAIL | chrome://mochikit/content/browser/browser/components/wintaskbar/test/browser_taskbar_preview.js | Browser has one preview per tab - Got 5, expected 4
TEST-UNEXPECTED-FAIL | chrome://mochikit/content/browser/browser/components/wintaskbar/test/browser_taskbar_preview.js | Correct number of previews after adding - Got 5, expected 4
TEST-UNEXPECTED-FAIL | chrome://mochikit/content/browser/browser/components/wintaskbar/test/browser_taskbar_preview.js | Browser has one preview per tab - Got 5, expected 4
TEST-UNEXPECTED-FAIL | chrome://mochikit/content/browser/browser/components/wintaskbar/test/browser_taskbar_preview.js | Previews are unchanged when disabling - Got 5, expected 4
TEST-UNEXPECTED-FAIL | chrome://mochikit/content/browser/browser/components/wintaskbar/test/browser_taskbar_preview.js | Browser has one preview per tab - Got 5, expected 4
TEST-UNEXPECTED-FAIL | chrome://mochikit/content/browser/browser/components/wintaskbar/test/browser_taskbar_preview.js | Previews are unchanged when re-enabling - Got 5, expected 4
TEST-UNEXPECTED-FAIL | chrome://mochikit/content/browser/browser/components/wintaskbar/test/browser_taskbar_preview.js | Browser has one preview per tab - Got 4, expected 3
TEST-UNEXPECTED-FAIL | chrome://mochikit/content/browser/browser/components/wintaskbar/test/browser_taskbar_preview.js | Expected number of previews after closing selected tab via controller - Got 4, expected 3
TEST-UNEXPECTED-FAIL | chrome://mochikit/content/browser/browser/components/wintaskbar/test/browser_taskbar_preview.js | Browser has one preview per tab - Got 3, expected 2
TEST-UNEXPECTED-FAIL | chrome://mochikit/content/browser/browser/components/wintaskbar/test/browser_taskbar_preview.js | Expected number of previews after closing unselected via browser - Got 3, expected 2
TEST-UNEXPECTED-FAIL | chrome://mochikit/content/browser/browser/components/wintaskbar/test/browser_taskbar_preview.js | Browser has one preview per tab - Got 2, expected 1
TEST-UNEXPECTED-FAIL | chrome://mochikit/content/browser/browser/components/wintaskbar/test/browser_taskbar_preview.js | Expected number of previews after closing selected tab via browser - Got 2, expected 1
TEST-UNEXPECTED-FAIL | chrome://mochikit/content/browser/browser/components/wintaskbar/test/browser_taskbar_preview.js | Browser has one preview per tab - Got 3, expected 2
TEST-UNEXPECTED-FAIL | chrome://mochikit/content/browser/browser/components/wintaskbar/test/browser_taskbar_preview.js | Got expected number of previews - Got 3, expected 2
TEST-UNEXPECTED-FAIL | chrome://mochikit/content/browser/browser/components/wintaskbar/test/browser_taskbar_preview.js | Browser has one preview per tab - Got 2, expected 1
TEST-UNEXPECTED-FAIL | chrome://mochikit/content/browser/browser/components/wintaskbar/test/browser_taskbar_preview.js | Got expected number of previews - Got 2, expected 1
philringnalda%gmail.com
http://tinderbox.mozilla.org/showlog.cgi?log=Firefox/1281846580.1281848168.4681.gz
Rev3 MacOSX Leopard 10.5.8 mozilla-central debug test mochitest-other on 2010/08/14 21:29:40

s: talos-r3-leopard-046
TEST-UNEXPECTED-FAIL | chrome://mochikit/content/browser/browser/base/content/test/browser_bug380960.js | tab removed after at most 1750 ms - Got [object XULElement @ 0x1dccbec0 (native @ 0x1d8a7fe0)], expected null
TEST-UNEXPECTED-FAIL | chrome://mochikit/content/browser/browser/base/content/test/browser_bug380960.js | Found an unexpected tab at the end of test run: about:blank
mwu%mozilla.com
http://tinderbox.mozilla.org/showlog.cgi?log=Firefox/1281846580.1281848168.4681.gz
Rev3 MacOSX Leopard 10.5.8 mozilla-central debug test mochitest-other on 2010/08/14 21:29:40

s: talos-r3-leopard-046
TEST-UNEXPECTED-FAIL | chrome://mochikit/content/browser/browser/base/content/test/browser_bug380960.js | tab removed after at most 1750 ms - Got [object XULElement @ 0x1dccbec0 (native @ 0x1d8a7fe0)], expected null
TEST-UNEXPECTED-FAIL | chrome://mochikit/content/browser/browser/base/content/test/browser_bug380960.js | Found an unexpected tab at the end of test run: about:blank
josh%joshmatthews.net
http://tinderbox.mozilla.org/showlog.cgi?log=Firefox/1281846580.1281848168.4681.gz
Rev3 MacOSX Leopard 10.5.8 mozilla-central debug test mochitest-other on 2010/08/14 21:29:40

s: talos-r3-leopard-046
TEST-UNEXPECTED-FAIL | chrome://mochikit/content/browser/browser/base/content/test/browser_bug380960.js | tab removed after at most 1750 ms - Got [object XULElement @ 0x1dccbec0 (native @ 0x1d8a7fe0)], expected null
TEST-UNEXPECTED-FAIL | chrome://mochikit/content/browser/browser/base/content/test/browser_bug380960.js | Found an unexpected tab at the end of test run: about:blank
josh%joshmatthews.net
http://tinderbox.mozilla.org/showlog.cgi?log=Firefox/1281852627.1281854252.29979.gz
Rev3 MacOSX Leopard 10.5.8 mozilla-central debug test mochitest-other on 2010/08/14 23:10:27

s: talos-r3-leopard-028
TEST-UNEXPECTED-FAIL | chrome://mochikit/content/browser/browser/base/content/test/browser_bug380960.js | tab removed after at most 1750 ms - Got [object XULElement @ 0x1e0cbf40 (native @ 0x1dba7c00)], expected null
TEST-UNEXPECTED-FAIL | chrome://mochikit/content/browser/browser/base/content/test/browser_bug380960.js | Found an unexpected tab at the end of test run: about:blank
surkov.alexander%gmail.com
http://tinderbox.mozilla.org/showlog.cgi?log=Firefox/1281865081.1281866640.21769.gz
Rev3 MacOSX Snow Leopard 10.6.2 mozilla-central debug test mochitest-other on 2010/08/15 02:38:01

s: talos-r3-snow-041
TEST-UNEXPECTED-FAIL | chrome://mochikit/content/browser/browser/base/content/test/browser_bug380960.js | tab removed after at most 1750 ms - Got [object XULElement @ 0x117920110 (native @ 0x117411db0)], expected null
TEST-UNEXPECTED-FAIL | chrome://mochikit/content/browser/browser/base/content/test/browser_bug380960.js | Found an unexpected tab at the end of test run: about:blank
surkov.alexander%gmail.com
http://tinderbox.mozilla.org/showlog.cgi?log=Firefox/1281865081.1281866640.21769.gz
Rev3 MacOSX Snow Leopard 10.6.2 mozilla-central debug test mochitest-other on 2010/08/15 02:38:01

s: talos-r3-snow-041
TEST-UNEXPECTED-FAIL | chrome://mochikit/content/browser/browser/base/content/test/browser_bug380960.js | tab removed after at most 1750 ms - Got [object XULElement @ 0x117920110 (native @ 0x117411db0)], expected null
TEST-UNEXPECTED-FAIL | chrome://mochikit/content/browser/browser/base/content/test/browser_bug380960.js | Found an unexpected tab at the end of test run: about:blank
surkov.alexander%gmail.com
http://tinderbox.mozilla.org/showlog.cgi?log=Firefox/1281874093.1281874798.4515.gz
Rev3 MacOSX Leopard 10.5.8 mozilla-central opt test mochitest-other on 2010/08/15 05:08:13

s: talos-r3-leopard-009
TEST-UNEXPECTED-FAIL | chrome://mochikit/content/browser/browser/base/content/test/browser_bug380960.js | tab removed after at most 1750 ms - Got [object XULElement], expected null
TEST-UNEXPECTED-FAIL | chrome://mochikit/content/browser/browser/base/content/test/browser_bug380960.js | Found an unexpected tab at the end of test run: about:blank
dbaron%dbaron.org
http://tinderbox.mozilla.org/showlog.cgi?log=Firefox/1281874093.1281874798.4515.gz
Rev3 MacOSX Leopard 10.5.8 mozilla-central opt test mochitest-other on 2010/08/15 05:08:13

s: talos-r3-leopard-009
TEST-UNEXPECTED-FAIL | chrome://mochikit/content/browser/browser/base/content/test/browser_bug380960.js | tab removed after at most 1750 ms - Got [object XULElement], expected null
TEST-UNEXPECTED-FAIL | chrome://mochikit/content/browser/browser/base/content/test/browser_bug380960.js | Found an unexpected tab at the end of test run: about:blank
ginn.chen%sun.com
http://tinderbox.mozilla.org/showlog.cgi?log=Firefox/1281874093.1281874798.4515.gz
Rev3 MacOSX Leopard 10.5.8 mozilla-central opt test mochitest-other on 2010/08/15 05:08:13

s: talos-r3-leopard-009
TEST-UNEXPECTED-FAIL | chrome://mochikit/content/browser/browser/base/content/test/browser_bug380960.js | tab removed after at most 1750 ms - Got [object XULElement], expected null
TEST-UNEXPECTED-FAIL | chrome://mochikit/content/browser/browser/base/content/test/browser_bug380960.js | Found an unexpected tab at the end of test run: about:blank
philringnalda%gmail.com
http://tinderbox.mozilla.org/showlog.cgi?log=TraceMonkey/1281881063.1281881879.9567.gz
Rev3 MacOSX Leopard 10.5.8 tracemonkey opt test mochitest-other on 2010/08/15 07:04:23

s: talos-r3-leopard-051
TEST-UNEXPECTED-FAIL | chrome://mochikit/content/browser/browser/base/content/test/browser_bug380960.js | tab removed after at most 1750 ms - Got [object XULElement], expected null
TEST-UNEXPECTED-FAIL | chrome://mochikit/content/browser/browser/base/content/test/browser_bug380960.js | Found an unexpected tab at the end of test run: about:blank
philringnalda%gmail.com
http://tinderbox.mozilla.org/showlog.cgi?log=Firefox/1281896462.1281897944.12132.gz
Rev3 WINNT 6.1 mozilla-central opt test mochitest-other on 2010/08/15 11:21:02

s: talos-r3-w7-016
TEST-UNEXPECTED-FAIL | chrome://mochikit/content/browser/browser/base/content/test/browser_bug380960.js | tab removed after at most 1750 ms - Got [object XULElement], expected null
TEST-UNEXPECTED-FAIL | chrome://mochikit/content/browser/browser/base/content/test/browser_bug380960.js | Found an unexpected tab at the end of test run: about:blank
TEST-UNEXPECTED-FAIL | chrome://mochikit/content/browser/browser/components/wintaskbar/test/browser_taskbar_preview.js | Browser has one preview per tab - Got 2, expected 1
TEST-UNEXPECTED-FAIL | chrome://mochikit/content/browser/browser/components/wintaskbar/test/browser_taskbar_preview.js | Browser starts with one preview - Got 2, expected 1
TEST-UNEXPECTED-FAIL | chrome://mochikit/content/browser/browser/components/wintaskbar/test/browser_taskbar_preview.js | Browser has one preview per tab - Got 5, expected 4
TEST-UNEXPECTED-FAIL | chrome://mochikit/content/browser/browser/components/wintaskbar/test/browser_taskbar_preview.js | Correct number of previews after adding - Got 5, expected 4
TEST-UNEXPECTED-FAIL | chrome://mochikit/content/browser/browser/components/wintaskbar/test/browser_taskbar_preview.js | Browser has one preview per tab - Got 5, expected 4
TEST-UNEXPECTED-FAIL | chrome://mochikit/content/browser/browser/components/wintaskbar/test/browser_taskbar_preview.js | Previews are unchanged when disabling - Got 5, expected 4
TEST-UNEXPECTED-FAIL | chrome://mochikit/content/browser/browser/components/wintaskbar/test/browser_taskbar_preview.js | Browser has one preview per tab - Got 5, expected 4
TEST-UNEXPECTED-FAIL | chrome://mochikit/content/browser/browser/components/wintaskbar/test/browser_taskbar_preview.js | Previews are unchanged when re-enabling - Got 5, expected 4
TEST-UNEXPECTED-FAIL | chrome://mochikit/content/browser/browser/components/wintaskbar/test/browser_taskbar_preview.js | Browser has one preview per tab - Got 4, expected 3
TEST-UNEXPECTED-FAIL | chrome://mochikit/content/browser/browser/components/wintaskbar/test/browser_taskbar_preview.js | Expected number of previews after closing selected tab via controller - Got 4, expected 3
TEST-UNEXPECTED-FAIL | chrome://mochikit/content/browser/browser/components/wintaskbar/test/browser_taskbar_preview.js | Browser has one preview per tab - Got 3, expected 2
TEST-UNEXPECTED-FAIL | chrome://mochikit/content/browser/browser/components/wintaskbar/test/browser_taskbar_preview.js | Expected number of previews after closing unselected via browser - Got 3, expected 2
TEST-UNEXPECTED-FAIL | chrome://mochikit/content/browser/browser/components/wintaskbar/test/browser_taskbar_preview.js | Browser has one preview per tab - Got 2, expected 1
TEST-UNEXPECTED-FAIL | chrome://mochikit/content/browser/browser/components/wintaskbar/test/browser_taskbar_preview.js | Expected number of previews after closing selected tab via browser - Got 2, expected 1
TEST-UNEXPECTED-FAIL | chrome://mochikit/content/browser/browser/components/wintaskbar/test/browser_taskbar_preview.js | Browser has one preview per tab - Got 3, expected 2
TEST-UNEXPECTED-FAIL | chrome://mochikit/content/browser/browser/components/wintaskbar/test/browser_taskbar_preview.js | Got expected number of previews - Got 3, expected 2
TEST-UNEXPECTED-FAIL | chrome://mochikit/content/browser/browser/components/wintaskbar/test/browser_taskbar_preview.js | Browser has one preview per tab - Got 2, expected 1
TEST-UNEXPECTED-FAIL | chrome://mochikit/content/browser/browser/components/wintaskbar/test/browser_taskbar_preview.js | Got expected number of previews - Got 2, expected 1
philringnalda%gmail.com
http://tinderbox.mozilla.org/showlog.cgi?log=Firefox/1281900244.1281901627.25051.gz
Rev3 WINNT 6.1 mozilla-central opt test mochitest-other on 2010/08/15 12:24:04

s: talos-r3-w7-027
TEST-UNEXPECTED-FAIL | chrome://mochikit/content/browser/browser/base/content/test/browser_bug380960.js | tab removed after at most 1750 ms - Got [object XULElement], expected null
TEST-UNEXPECTED-FAIL | chrome://mochikit/content/browser/browser/base/content/test/browser_bug380960.js | Found an unexpected tab at the end of test run: about:blank
TEST-UNEXPECTED-FAIL | chrome://mochikit/content/browser/browser/components/wintaskbar/test/browser_taskbar_preview.js | Browser has one preview per tab - Got 2, expected 1
TEST-UNEXPECTED-FAIL | chrome://mochikit/content/browser/browser/components/wintaskbar/test/browser_taskbar_preview.js | Browser starts with one preview - Got 2, expected 1
TEST-UNEXPECTED-FAIL | chrome://mochikit/content/browser/browser/components/wintaskbar/test/browser_taskbar_preview.js | Browser has one preview per tab - Got 5, expected 4
TEST-UNEXPECTED-FAIL | chrome://mochikit/content/browser/browser/components/wintaskbar/test/browser_taskbar_preview.js | Correct number of previews after adding - Got 5, expected 4
TEST-UNEXPECTED-FAIL | chrome://mochikit/content/browser/browser/components/wintaskbar/test/browser_taskbar_preview.js | Browser has one preview per tab - Got 5, expected 4
TEST-UNEXPECTED-FAIL | chrome://mochikit/content/browser/browser/components/wintaskbar/test/browser_taskbar_preview.js | Previews are unchanged when disabling - Got 5, expected 4
TEST-UNEXPECTED-FAIL | chrome://mochikit/content/browser/browser/components/wintaskbar/test/browser_taskbar_preview.js | Browser has one preview per tab - Got 5, expected 4
TEST-UNEXPECTED-FAIL | chrome://mochikit/content/browser/browser/components/wintaskbar/test/browser_taskbar_preview.js | Previews are unchanged when re-enabling - Got 5, expected 4
TEST-UNEXPECTED-FAIL | chrome://mochikit/content/browser/browser/components/wintaskbar/test/browser_taskbar_preview.js | Browser has one preview per tab - Got 4, expected 3
TEST-UNEXPECTED-FAIL | chrome://mochikit/content/browser/browser/components/wintaskbar/test/browser_taskbar_preview.js | Expected number of previews after closing selected tab via controller - Got 4, expected 3
TEST-UNEXPECTED-FAIL | chrome://mochikit/content/browser/browser/components/wintaskbar/test/browser_taskbar_preview.js | Browser has one preview per tab - Got 3, expected 2
TEST-UNEXPECTED-FAIL | chrome://mochikit/content/browser/browser/components/wintaskbar/test/browser_taskbar_preview.js | Expected number of previews after closing unselected via browser - Got 3, expected 2
TEST-UNEXPECTED-FAIL | chrome://mochikit/content/browser/browser/components/wintaskbar/test/browser_taskbar_preview.js | Browser has one preview per tab - Got 2, expected 1
TEST-UNEXPECTED-FAIL | chrome://mochikit/content/browser/browser/components/wintaskbar/test/browser_taskbar_preview.js | Expected number of previews after closing selected tab via browser - Got 2, expected 1
TEST-UNEXPECTED-FAIL | chrome://mochikit/content/browser/browser/components/wintaskbar/test/browser_taskbar_preview.js | Browser has one preview per tab - Got 3, expected 2
TEST-UNEXPECTED-FAIL | chrome://mochikit/content/browser/browser/components/wintaskbar/test/browser_taskbar_preview.js | Got expected number of previews - Got 3, expected 2
TEST-UNEXPECTED-FAIL | chrome://mochikit/content/browser/browser/components/wintaskbar/test/browser_taskbar_preview.js | Browser has one preview per tab - Got 2, expected 1
TEST-UNEXPECTED-FAIL | chrome://mochikit/content/browser/browser/components/wintaskbar/test/browser_taskbar_preview.js | Got expected number of previews - Got 2, expected 1
philringnalda%gmail.com
http://tinderbox.mozilla.org/showlog.cgi?log=Firefox/1281913945.1281915585.13042.gz
Rev3 MacOSX Snow Leopard 10.6.2 mozilla-central debug test mochitest-other on 2010/08/15 16:12:25

s: talos-r3-snow-047
TEST-UNEXPECTED-FAIL | chrome://mochikit/content/browser/browser/base/content/test/browser_bug380960.js | tab removed after at most 1750 ms - Got [object XULElement @ 0x1177f7a50 (native @ 0x1172b6ca0)], expected null
TEST-UNEXPECTED-FAIL | chrome://mochikit/content/browser/browser/base/content/test/browser_bug380960.js | Found an unexpected tab at the end of test run: about:blank
545 ERROR TEST-UNEXPECTED-FAIL | /tests/modules/plugin/test/test_streamatclose.html | NPP_URLNotify should be called if streams are active at NPP_Destroy
philringnalda%gmail.com
http://tinderbox.mozilla.org/showlog.cgi?log=Firefox/1281916354.1281917017.18505.gz
Rev3 MacOSX Leopard 10.5.8 mozilla-central opt test mochitest-other on 2010/08/15 16:52:34

s: talos-r3-leopard-013
TEST-UNEXPECTED-FAIL | chrome://mochikit/content/browser/browser/base/content/test/browser_bug380960.js | tab removed after at most 1750 ms - Got [object XULElement], expected null
TEST-UNEXPECTED-FAIL | chrome://mochikit/content/browser/browser/base/content/test/browser_bug380960.js | Found an unexpected tab at the end of test run: about:blank
bschouten%mozilla.com
http://tinderbox.mozilla.org/showlog.cgi?log=Birch/1281937905.1281938677.8354.gz
Rev3 MacOSX Leopard 10.5.8 birch opt test mochitest-other on 2010/08/15 22:51:45

s: talos-r3-leopard-045
TEST-UNEXPECTED-FAIL | chrome://mochikit/content/browser/browser/base/content/test/browser_bug380960.js | tab removed after at most 1750 ms - Got [object XULElement], expected null
TEST-UNEXPECTED-FAIL | chrome://mochikit/content/browser/browser/base/content/test/browser_bug380960.js | Found an unexpected tab at the end of test run: about:blank
philringnalda%gmail.com
http://tinderbox.mozilla.org/showlog.cgi?log=Firefox/1281940655.1281942096.22441.gz
Rev3 WINNT 6.1 mozilla-central opt test mochitest-other on 2010/08/15 23:37:35

s: talos-r3-w7-053
TEST-UNEXPECTED-FAIL | chrome://mochikit/content/browser/browser/base/content/test/browser_bug380960.js | tab removed after at most 1750 ms - Got [object XULElement], expected null
TEST-UNEXPECTED-FAIL | chrome://mochikit/content/browser/browser/base/content/test/browser_bug380960.js | Found an unexpected tab at the end of test run: about:blank
TEST-UNEXPECTED-FAIL | chrome://mochikit/content/browser/browser/components/wintaskbar/test/browser_taskbar_preview.js | Browser has one preview per tab - Got 2, expected 1
TEST-UNEXPECTED-FAIL | chrome://mochikit/content/browser/browser/components/wintaskbar/test/browser_taskbar_preview.js | Browser starts with one preview - Got 2, expected 1
TEST-UNEXPECTED-FAIL | chrome://mochikit/content/browser/browser/components/wintaskbar/test/browser_taskbar_preview.js | Browser has one preview per tab - Got 5, expected 4
TEST-UNEXPECTED-FAIL | chrome://mochikit/content/browser/browser/components/wintaskbar/test/browser_taskbar_preview.js | Correct number of previews after adding - Got 5, expected 4
TEST-UNEXPECTED-FAIL | chrome://mochikit/content/browser/browser/components/wintaskbar/test/browser_taskbar_preview.js | Browser has one preview per tab - Got 5, expected 4
TEST-UNEXPECTED-FAIL | chrome://mochikit/content/browser/browser/components/wintaskbar/test/browser_taskbar_preview.js | Previews are unchanged when disabling - Got 5, expected 4
TEST-UNEXPECTED-FAIL | chrome://mochikit/content/browser/browser/components/wintaskbar/test/browser_taskbar_preview.js | Browser has one preview per tab - Got 5, expected 4
TEST-UNEXPECTED-FAIL | chrome://mochikit/content/browser/browser/components/wintaskbar/test/browser_taskbar_preview.js | Previews are unchanged when re-enabling - Got 5, expected 4
TEST-UNEXPECTED-FAIL | chrome://mochikit/content/browser/browser/components/wintaskbar/test/browser_taskbar_preview.js | Browser has one preview per tab - Got 4, expected 3
TEST-UNEXPECTED-FAIL | chrome://mochikit/content/browser/browser/components/wintaskbar/test/browser_taskbar_preview.js | Expected number of previews after closing selected tab via controller - Got 4, expected 3
TEST-UNEXPECTED-FAIL | chrome://mochikit/content/browser/browser/components/wintaskbar/test/browser_taskbar_preview.js | Browser has one preview per tab - Got 3, expected 2
TEST-UNEXPECTED-FAIL | chrome://mochikit/content/browser/browser/components/wintaskbar/test/browser_taskbar_preview.js | Expected number of previews after closing unselected via browser - Got 3, expected 2
TEST-UNEXPECTED-FAIL | chrome://mochikit/content/browser/browser/components/wintaskbar/test/browser_taskbar_preview.js | Browser has one preview per tab - Got 2, expected 1
TEST-UNEXPECTED-FAIL | chrome://mochikit/content/browser/browser/components/wintaskbar/test/browser_taskbar_preview.js | Expected number of previews after closing selected tab via browser - Got 2, expected 1
TEST-UNEXPECTED-FAIL | chrome://mochikit/content/browser/browser/components/wintaskbar/test/browser_taskbar_preview.js | Browser has one preview per tab - Got 3, expected 2
TEST-UNEXPECTED-FAIL | chrome://mochikit/content/browser/browser/components/wintaskbar/test/browser_taskbar_preview.js | Got expected number of previews - Got 3, expected 2
TEST-UNEXPECTED-FAIL | chrome://mochikit/content/browser/browser/components/wintaskbar/test/browser_taskbar_preview.js | Browser has one preview per tab - Got 2, expected 1
TEST-UNEXPECTED-FAIL | chrome://mochikit/content/browser/browser/components/wintaskbar/test/browser_taskbar_preview.js | Got expected number of previews - Got 2, expected 1
masayuki%d-toybox.com
http://tinderbox.mozilla.org/showlog.cgi?log=Firefox/1281942695.1281944078.30516.gz
Rev3 WINNT 6.1 mozilla-central opt test mochitest-other on 2010/08/16 00:11:35

s: talos-r3-w7-026
TEST-UNEXPECTED-FAIL | chrome://mochikit/content/browser/browser/base/content/test/browser_bug380960.js | tab removed after at most 1750 ms - Got [object XULElement], expected null
TEST-UNEXPECTED-FAIL | chrome://mochikit/content/browser/browser/base/content/test/browser_bug380960.js | Found an unexpected tab at the end of test run: about:blank
TEST-UNEXPECTED-FAIL | chrome://mochikit/content/browser/browser/components/wintaskbar/test/browser_taskbar_preview.js | Browser has one preview per tab - Got 2, expected 1
TEST-UNEXPECTED-FAIL | chrome://mochikit/content/browser/browser/components/wintaskbar/test/browser_taskbar_preview.js | Browser starts with one preview - Got 2, expected 1
TEST-UNEXPECTED-FAIL | chrome://mochikit/content/browser/browser/components/wintaskbar/test/browser_taskbar_preview.js | Browser has one preview per tab - Got 5, expected 4
TEST-UNEXPECTED-FAIL | chrome://mochikit/content/browser/browser/components/wintaskbar/test/browser_taskbar_preview.js | Correct number of previews after adding - Got 5, expected 4
TEST-UNEXPECTED-FAIL | chrome://mochikit/content/browser/browser/components/wintaskbar/test/browser_taskbar_preview.js | Browser has one preview per tab - Got 5, expected 4
TEST-UNEXPECTED-FAIL | chrome://mochikit/content/browser/browser/components/wintaskbar/test/browser_taskbar_preview.js | Previews are unchanged when disabling - Got 5, expected 4
TEST-UNEXPECTED-FAIL | chrome://mochikit/content/browser/browser/components/wintaskbar/test/browser_taskbar_preview.js | Browser has one preview per tab - Got 5, expected 4
TEST-UNEXPECTED-FAIL | chrome://mochikit/content/browser/browser/components/wintaskbar/test/browser_taskbar_preview.js | Previews are unchanged when re-enabling - Got 5, expected 4
TEST-UNEXPECTED-FAIL | chrome://mochikit/content/browser/browser/components/wintaskbar/test/browser_taskbar_preview.js | Browser has one preview per tab - Got 4, expected 3
TEST-UNEXPECTED-FAIL | chrome://mochikit/content/browser/browser/components/wintaskbar/test/browser_taskbar_preview.js | Expected number of previews after closing selected tab via controller - Got 4, expected 3
TEST-UNEXPECTED-FAIL | chrome://mochikit/content/browser/browser/components/wintaskbar/test/browser_taskbar_preview.js | Browser has one preview per tab - Got 3, expected 2
TEST-UNEXPECTED-FAIL | chrome://mochikit/content/browser/browser/components/wintaskbar/test/browser_taskbar_preview.js | Expected number of previews after closing unselected via browser - Got 3, expected 2
TEST-UNEXPECTED-FAIL | chrome://mochikit/content/browser/browser/components/wintaskbar/test/browser_taskbar_preview.js | Browser has one preview per tab - Got 2, expected 1
TEST-UNEXPECTED-FAIL | chrome://mochikit/content/browser/browser/components/wintaskbar/test/browser_taskbar_preview.js | Expected number of previews after closing selected tab via browser - Got 2, expected 1
TEST-UNEXPECTED-FAIL | chrome://mochikit/content/browser/browser/components/wintaskbar/test/browser_taskbar_preview.js | Browser has one preview per tab - Got 3, expected 2
TEST-UNEXPECTED-FAIL | chrome://mochikit/content/browser/browser/components/wintaskbar/test/browser_taskbar_preview.js | Got expected number of previews - Got 3, expected 2
TEST-UNEXPECTED-FAIL | chrome://mochikit/content/browser/browser/components/wintaskbar/test/browser_taskbar_preview.js | Browser has one preview per tab - Got 2, expected 1
TEST-UNEXPECTED-FAIL | chrome://mochikit/content/browser/browser/components/wintaskbar/test/browser_taskbar_preview.js | Got expected number of previews - Got 2, expected 1
masayuki%d-toybox.com
http://tinderbox.mozilla.org/showlog.cgi?log=Firefox/1281948098.1281948901.20059.gz
Rev3 MacOSX Snow Leopard 10.6.2 mozilla-central opt test mochitest-other on 2010/08/16 01:41:38

s: talos-r3-snow-030
13038 ERROR TEST-UNEXPECTED-FAIL | chrome://mochikit/content/chrome/widget/tests/test_imestate.html | [SimpleTest/SimpleTest.js, window.onerror] An error occurred - uncaught exception: [Exception... "Component returned failure code: 0x80570016 (NS_ERROR_XPC_GS_RETURNED_FAILURE) [nsIJSCID.getService]"  nsresult: "0x80570016 (NS_ERROR_XPC_GS_RETURNED_FAILURE)"  location: "JS frame :: chrome://mochikit/content/chrome/widget/tests/test_imestate.html :: runTestPasswordFieldOnDialog :: line 905"  data: no] at :0
TEST-UNEXPECTED-FAIL | chrome://mochikit/content/browser/browser/base/content/test/browser_bug380960.js | tab removed after at most 1750 ms - Got [object XULElement], expected null
TEST-UNEXPECTED-FAIL | chrome://mochikit/content/browser/browser/base/content/test/browser_bug380960.js | Found an unexpected tab at the end of test run: about:blank
dbaron%dbaron.org
http://tinderbox.mozilla.org/showlog.cgi?log=Firefox/1281962388.1281964429.11818.gz
Rev3 WINNT 6.1 mozilla-central opt test mochitest-other on 2010/08/16 05:39:48

s: talos-r3-w7-019
TEST-UNEXPECTED-FAIL | chrome://mochikit/content/browser/browser/base/content/test/browser_bug380960.js | tab removed after at most 1750 ms - Got [object XULElement], expected null
TEST-UNEXPECTED-FAIL | chrome://mochikit/content/browser/browser/base/content/test/browser_bug380960.js | Found an unexpected tab at the end of test run: about:blank
TEST-UNEXPECTED-FAIL | chrome://mochikit/content/browser/browser/components/wintaskbar/test/browser_taskbar_preview.js | Browser has one preview per tab - Got 2, expected 1
TEST-UNEXPECTED-FAIL | chrome://mochikit/content/browser/browser/components/wintaskbar/test/browser_taskbar_preview.js | Browser starts with one preview - Got 2, expected 1
TEST-UNEXPECTED-FAIL | chrome://mochikit/content/browser/browser/components/wintaskbar/test/browser_taskbar_preview.js | Browser has one preview per tab - Got 5, expected 4
TEST-UNEXPECTED-FAIL | chrome://mochikit/content/browser/browser/components/wintaskbar/test/browser_taskbar_preview.js | Correct number of previews after adding - Got 5, expected 4
TEST-UNEXPECTED-FAIL | chrome://mochikit/content/browser/browser/components/wintaskbar/test/browser_taskbar_preview.js | Browser has one preview per tab - Got 5, expected 4
TEST-UNEXPECTED-FAIL | chrome://mochikit/content/browser/browser/components/wintaskbar/test/browser_taskbar_preview.js | Previews are unchanged when disabling - Got 5, expected 4
TEST-UNEXPECTED-FAIL | chrome://mochikit/content/browser/browser/components/wintaskbar/test/browser_taskbar_preview.js | Browser has one preview per tab - Got 5, expected 4
TEST-UNEXPECTED-FAIL | chrome://mochikit/content/browser/browser/components/wintaskbar/test/browser_taskbar_preview.js | Previews are unchanged when re-enabling - Got 5, expected 4
TEST-UNEXPECTED-FAIL | chrome://mochikit/content/browser/browser/components/wintaskbar/test/browser_taskbar_preview.js | Browser has one preview per tab - Got 4, expected 3
TEST-UNEXPECTED-FAIL | chrome://mochikit/content/browser/browser/components/wintaskbar/test/browser_taskbar_preview.js | Expected number of previews after closing selected tab via controller - Got 4, expected 3
TEST-UNEXPECTED-FAIL | chrome://mochikit/content/browser/browser/components/wintaskbar/test/browser_taskbar_preview.js | Browser has one preview per tab - Got 3, expected 2
TEST-UNEXPECTED-FAIL | chrome://mochikit/content/browser/browser/components/wintaskbar/test/browser_taskbar_preview.js | Expected number of previews after closing unselected via browser - Got 3, expected 2
TEST-UNEXPECTED-FAIL | chrome://mochikit/content/browser/browser/components/wintaskbar/test/browser_taskbar_preview.js | Browser has one preview per tab - Got 2, expected 1
TEST-UNEXPECTED-FAIL | chrome://mochikit/content/browser/browser/components/wintaskbar/test/browser_taskbar_preview.js | Expected number of previews after closing selected tab via browser - Got 2, expected 1
TEST-UNEXPECTED-FAIL | chrome://mochikit/content/browser/browser/components/wintaskbar/test/browser_taskbar_preview.js | Browser has one preview per tab - Got 3, expected 2
TEST-UNEXPECTED-FAIL | chrome://mochikit/content/browser/browser/components/wintaskbar/test/browser_taskbar_preview.js | Got expected number of previews - Got 3, expected 2
TEST-UNEXPECTED-FAIL | chrome://mochikit/content/browser/browser/components/wintaskbar/test/browser_taskbar_preview.js | Browser has one preview per tab - Got 2, expected 1
TEST-UNEXPECTED-FAIL | chrome://mochikit/content/browser/browser/components/wintaskbar/test/browser_taskbar_preview.js | Got expected number of previews - Got 2, expected 1
TEST-UNEXPECTED-FAIL | chrome://mochikit/content/browser/toolkit/mozapps/extensions/test/browser/browser_bug577990.js | Timed out
TEST-UNEXPECTED-FAIL | chrome://mochikit/content/browser/toolkit/mozapps/extensions/test/browser/browser_bug577990.js | Found a tab after previous test timed out: about:addons
TEST-UNEXPECTED-FAIL | chrome://mochikit/content/browser/toolkit/mozapps/extensions/test/browser/browser_uninstalling.js | Timed out
TEST-UNEXPECTED-FAIL | chrome://mochikit/content/browser/toolkit/mozapps/extensions/test/browser/browser_uninstalling.js | Found a tab after previous test timed out: about:addons
philringnalda%gmail.com
http://tinderbox.mozilla.org/showlog.cgi?log=Electrolysis/1281962076.1281962872.4285.gz
Rev3 MacOSX Snow Leopard 10.6.2 electrolysis opt test mochitest-other on 2010/08/16 05:34:36

s: talos-r3-snow-039
TEST-UNEXPECTED-FAIL | chrome://mochikit/content/browser/browser/base/content/test/browser_bug380960.js | tab removed after at most 1750 ms - Got [object XULElement], expected null
TEST-UNEXPECTED-FAIL | chrome://mochikit/content/browser/browser/base/content/test/browser_bug380960.js | Found an unexpected tab at the end of test run: about:blank
philringnalda%gmail.com
http://tinderbox.mozilla.org/showlog.cgi?log=Firefox/1281981801.1281982589.31085.gz
Rev3 MacOSX Snow Leopard 10.6.2 mozilla-central opt test mochitest-other on 2010/08/16 11:03:21

s: talos-r3-snow-015
TEST-UNEXPECTED-FAIL | chrome://mochikit/content/browser/browser/base/content/test/browser_bug380960.js | tab removed after at most 1750 ms - Got [object XULElement], expected null
TEST-UNEXPECTED-FAIL | chrome://mochikit/content/browser/browser/base/content/test/browser_bug380960.js | Found an unexpected tab at the end of test run: about:blank
philringnalda%gmail.com
http://tinderbox.mozilla.org/showlog.cgi?log=Firefox/1281982127.1281983783.4607.gz
Rev3 MacOSX Snow Leopard 10.6.2 mozilla-central debug test mochitest-other on 2010/08/16 11:08:47

s: talos-r3-snow-046
TEST-UNEXPECTED-FAIL | chrome://mochikit/content/browser/browser/base/content/test/browser_bug380960.js | tab removed after at most 1750 ms - Got [object XULElement @ 0x117821360 (native @ 0x117283dd0)], expected null
TEST-UNEXPECTED-FAIL | chrome://mochikit/content/browser/browser/base/content/test/browser_bug380960.js | Found an unexpected tab at the end of test run: about:blank
philringnalda%gmail.com
http://tinderbox.mozilla.org/showlog.cgi?log=Firefox/1281993747.1281995152.27338.gz
Rev3 WINNT 6.1 mozilla-central opt test mochitest-other on 2010/08/16 14:22:27

s: talos-r3-w7-021
TEST-UNEXPECTED-FAIL | chrome://mochikit/content/browser/browser/base/content/test/browser_bug380960.js | tab removed after at most 1750 ms - Got [object XULElement], expected null
TEST-UNEXPECTED-FAIL | chrome://mochikit/content/browser/browser/base/content/test/browser_bug380960.js | Found an unexpected tab at the end of test run: about:blank
TEST-UNEXPECTED-FAIL | chrome://mochikit/content/browser/browser/components/wintaskbar/test/browser_taskbar_preview.js | Browser has one preview per tab - Got 2, expected 1
TEST-UNEXPECTED-FAIL | chrome://mochikit/content/browser/browser/components/wintaskbar/test/browser_taskbar_preview.js | Browser starts with one preview - Got 2, expected 1
TEST-UNEXPECTED-FAIL | chrome://mochikit/content/browser/browser/components/wintaskbar/test/browser_taskbar_preview.js | Browser has one preview per tab - Got 5, expected 4
TEST-UNEXPECTED-FAIL | chrome://mochikit/content/browser/browser/components/wintaskbar/test/browser_taskbar_preview.js | Correct number of previews after adding - Got 5, expected 4
TEST-UNEXPECTED-FAIL | chrome://mochikit/content/browser/browser/components/wintaskbar/test/browser_taskbar_preview.js | Browser has one preview per tab - Got 5, expected 4
TEST-UNEXPECTED-FAIL | chrome://mochikit/content/browser/browser/components/wintaskbar/test/browser_taskbar_preview.js | Previews are unchanged when disabling - Got 5, expected 4
TEST-UNEXPECTED-FAIL | chrome://mochikit/content/browser/browser/components/wintaskbar/test/browser_taskbar_preview.js | Browser has one preview per tab - Got 5, expected 4
TEST-UNEXPECTED-FAIL | chrome://mochikit/content/browser/browser/components/wintaskbar/test/browser_taskbar_preview.js | Previews are unchanged when re-enabling - Got 5, expected 4
TEST-UNEXPECTED-FAIL | chrome://mochikit/content/browser/browser/components/wintaskbar/test/browser_taskbar_preview.js | Browser has one preview per tab - Got 4, expected 3
TEST-UNEXPECTED-FAIL | chrome://mochikit/content/browser/browser/components/wintaskbar/test/browser_taskbar_preview.js | Expected number of previews after closing selected tab via controller - Got 4, expected 3
TEST-UNEXPECTED-FAIL | chrome://mochikit/content/browser/browser/components/wintaskbar/test/browser_taskbar_preview.js | Browser has one preview per tab - Got 3, expected 2
TEST-UNEXPECTED-FAIL | chrome://mochikit/content/browser/browser/components/wintaskbar/test/browser_taskbar_preview.js | Expected number of previews after closing unselected via browser - Got 3, expected 2
TEST-UNEXPECTED-FAIL | chrome://mochikit/content/browser/browser/components/wintaskbar/test/browser_taskbar_preview.js | Browser has one preview per tab - Got 2, expected 1
TEST-UNEXPECTED-FAIL | chrome://mochikit/content/browser/browser/components/wintaskbar/test/browser_taskbar_preview.js | Expected number of previews after closing selected tab via browser - Got 2, expected 1
TEST-UNEXPECTED-FAIL | chrome://mochikit/content/browser/browser/components/wintaskbar/test/browser_taskbar_preview.js | Browser has one preview per tab - Got 3, expected 2
TEST-UNEXPECTED-FAIL | chrome://mochikit/content/browser/browser/components/wintaskbar/test/browser_taskbar_preview.js | Got expected number of previews - Got 3, expected 2
TEST-UNEXPECTED-FAIL | chrome://mochikit/content/browser/browser/components/wintaskbar/test/browser_taskbar_preview.js | Browser has one preview per tab - Got 2, expected 1
TEST-UNEXPECTED-FAIL | chrome://mochikit/content/browser/browser/components/wintaskbar/test/browser_taskbar_preview.js | Got expected number of previews - Got 2, expected 1

http://tinderbox.mozilla.org/showlog.cgi?log=Firefox/1281997486.1281999192.15968.gz
Rev3 MacOSX Snow Leopard 10.6.2 mozilla-central debug test mochitest-other on 2010/08/16 15:24:46

s: talos-r3-snow-025
TEST-UNEXPECTED-FAIL | chrome://mochikit/content/browser/browser/base/content/test/browser_bug380960.js | tab removed after at most 1750 ms - Got [object XULElement @ 0x1173c2c50 (native @ 0x11725a2a0)], expected null
TEST-UNEXPECTED-FAIL | chrome://mochikit/content/browser/browser/base/content/test/browser_bug380960.js | Found an unexpected tab at the end of test run: about:blank
ehsan%mozilla.com
http://tinderbox.mozilla.org/showlog.cgi?log=Firefox/1281997486.1281999192.15968.gz
Rev3 MacOSX Snow Leopard 10.6.2 mozilla-central debug test mochitest-other on 2010/08/16 15:24:46

s: talos-r3-snow-025
TEST-UNEXPECTED-FAIL | chrome://mochikit/content/browser/browser/base/content/test/browser_bug380960.js | tab removed after at most 1750 ms - Got [object XULElement @ 0x1173c2c50 (native @ 0x11725a2a0)], expected null
TEST-UNEXPECTED-FAIL | chrome://mochikit/content/browser/browser/base/content/test/browser_bug380960.js | Found an unexpected tab at the end of test run: about:blank
jmuizelaar%mozilla.com
http://tinderbox.mozilla.org/showlog.cgi?log=Firefox/1281997486.1281999192.15968.gz
Rev3 MacOSX Snow Leopard 10.6.2 mozilla-central debug test mochitest-other on 2010/08/16 15:24:46

s: talos-r3-snow-025
TEST-UNEXPECTED-FAIL | chrome://mochikit/content/browser/browser/base/content/test/browser_bug380960.js | tab removed after at most 1750 ms - Got [object XULElement @ 0x1173c2c50 (native @ 0x11725a2a0)], expected null
TEST-UNEXPECTED-FAIL | chrome://mochikit/content/browser/browser/base/content/test/browser_bug380960.js | Found an unexpected tab at the end of test run: about:blank
philringnalda%gmail.com
http://tinderbox.mozilla.org/showlog.cgi?log=Firefox/1281997486.1281999192.15968.gz
Rev3 MacOSX Snow Leopard 10.6.2 mozilla-central debug test mochitest-other on 2010/08/16 15:24:46

s: talos-r3-snow-025
TEST-UNEXPECTED-FAIL | chrome://mochikit/content/browser/browser/base/content/test/browser_bug380960.js | tab removed after at most 1750 ms - Got [object XULElement @ 0x1173c2c50 (native @ 0x11725a2a0)], expected null
TEST-UNEXPECTED-FAIL | chrome://mochikit/content/browser/browser/base/content/test/browser_bug380960.js | Found an unexpected tab at the end of test run: about:blank
philringnalda%gmail.com
http://tinderbox.mozilla.org/showlog.cgi?log=Firefox/1281999723.1282001550.27012.gz
Rev3 MacOSX Snow Leopard 10.6.2 mozilla-central debug test mochitest-other on 2010/08/16 16:02:03

s: talos-r3-snow-023
TEST-UNEXPECTED-FAIL | chrome://mochikit/content/browser/browser/base/content/test/browser_bug380960.js | tab removed after at most 1750 ms - Got [object XULElement @ 0x1177ba490 (native @ 0x117301640)], expected null
TEST-UNEXPECTED-FAIL | chrome://mochikit/content/browser/browser/base/content/test/browser_bug380960.js | Found an unexpected tab at the end of test run: about:blank
gavin%gavinsharp.com
http://tinderbox.mozilla.org/showlog.cgi?log=Firefox/1282008360.1282009262.31104.gz
Rev3 MacOSX Snow Leopard 10.6.2 mozilla-central opt test mochitest-other on 2010/08/16 18:26:00

s: talos-r3-snow-044
TEST-UNEXPECTED-FAIL | chrome://mochikit/content/browser/browser/base/content/test/browser_bug380960.js | tab removed after at most 1750 ms - Got [object XULElement], expected null
TEST-UNEXPECTED-FAIL | chrome://mochikit/content/browser/browser/base/content/test/browser_bug380960.js | Found an unexpected tab at the end of test run: about:blank
philringnalda%gmail.com
http://tinderbox.mozilla.org/showlog.cgi?log=TraceMonkey/1281998861.1281999642.18262.gz
Rev3 MacOSX Leopard 10.5.8 tracemonkey opt test mochitest-other on 2010/08/16 15:47:41

s: talos-r3-leopard-020
TEST-UNEXPECTED-FAIL | chrome://mochikit/content/browser/browser/base/content/test/browser_bug380960.js | tab removed after at most 1750 ms - Got [object XULElement], expected null
TEST-UNEXPECTED-FAIL | chrome://mochikit/content/browser/browser/base/content/test/browser_bug380960.js | Found an unexpected tab at the end of test run: about:blank
dougt
http://tinderbox.mozilla.org/showlog.cgi?log=Electrolysis/1282010527.1282011401.9661.gz
Rev3 MacOSX Snow Leopard 10.6.2 electrolysis opt test mochitest-other on 2010/08/16 19:02:07

s: talos-r3-snow-010
TEST-UNEXPECTED-FAIL | chrome://mochikit/content/browser/browser/base/content/test/browser_bug380960.js | tab removed after at most 1750 ms - Got [object XULElement], expected null
TEST-UNEXPECTED-FAIL | chrome://mochikit/content/browser/browser/base/content/test/browser_bug380960.js | Found an unexpected tab at the end of test run: about:blank
philringnalda%gmail.com
http://tinderbox.mozilla.org/showlog.cgi?log=Firefox/1282013355.1282014743.25280.gz
Rev3 WINNT 6.1 mozilla-central opt test mochitest-other on 2010/08/16 19:49:15

s: talos-r3-w7-025
TEST-UNEXPECTED-FAIL | chrome://mochikit/content/browser/browser/base/content/test/browser_bug380960.js | tab removed after at most 1750 ms - Got [object XULElement], expected null
TEST-UNEXPECTED-FAIL | chrome://mochikit/content/browser/browser/base/content/test/browser_bug380960.js | Found an unexpected tab at the end of test run: about:blank
TEST-UNEXPECTED-FAIL | chrome://mochikit/content/browser/browser/components/wintaskbar/test/browser_taskbar_preview.js | Browser has one preview per tab - Got 2, expected 1
TEST-UNEXPECTED-FAIL | chrome://mochikit/content/browser/browser/components/wintaskbar/test/browser_taskbar_preview.js | Browser starts with one preview - Got 2, expected 1
TEST-UNEXPECTED-FAIL | chrome://mochikit/content/browser/browser/components/wintaskbar/test/browser_taskbar_preview.js | Browser has one preview per tab - Got 5, expected 4
TEST-UNEXPECTED-FAIL | chrome://mochikit/content/browser/browser/components/wintaskbar/test/browser_taskbar_preview.js | Correct number of previews after adding - Got 5, expected 4
TEST-UNEXPECTED-FAIL | chrome://mochikit/content/browser/browser/components/wintaskbar/test/browser_taskbar_preview.js | Browser has one preview per tab - Got 5, expected 4
TEST-UNEXPECTED-FAIL | chrome://mochikit/content/browser/browser/components/wintaskbar/test/browser_taskbar_preview.js | Previews are unchanged when disabling - Got 5, expected 4
TEST-UNEXPECTED-FAIL | chrome://mochikit/content/browser/browser/components/wintaskbar/test/browser_taskbar_preview.js | Browser has one preview per tab - Got 5, expected 4
TEST-UNEXPECTED-FAIL | chrome://mochikit/content/browser/browser/components/wintaskbar/test/browser_taskbar_preview.js | Previews are unchanged when re-enabling - Got 5, expected 4
TEST-UNEXPECTED-FAIL | chrome://mochikit/content/browser/browser/components/wintaskbar/test/browser_taskbar_preview.js | Browser has one preview per tab - Got 4, expected 3
TEST-UNEXPECTED-FAIL | chrome://mochikit/content/browser/browser/components/wintaskbar/test/browser_taskbar_preview.js | Expected number of previews after closing selected tab via controller - Got 4, expected 3
TEST-UNEXPECTED-FAIL | chrome://mochikit/content/browser/browser/components/wintaskbar/test/browser_taskbar_preview.js | Browser has one preview per tab - Got 3, expected 2
TEST-UNEXPECTED-FAIL | chrome://mochikit/content/browser/browser/components/wintaskbar/test/browser_taskbar_preview.js | Expected number of previews after closing unselected via browser - Got 3, expected 2
TEST-UNEXPECTED-FAIL | chrome://mochikit/content/browser/browser/components/wintaskbar/test/browser_taskbar_preview.js | Browser has one preview per tab - Got 2, expected 1
TEST-UNEXPECTED-FAIL | chrome://mochikit/content/browser/browser/components/wintaskbar/test/browser_taskbar_preview.js | Expected number of previews after closing selected tab via browser - Got 2, expected 1
TEST-UNEXPECTED-FAIL | chrome://mochikit/content/browser/browser/components/wintaskbar/test/browser_taskbar_preview.js | Browser has one preview per tab - Got 3, expected 2
TEST-UNEXPECTED-FAIL | chrome://mochikit/content/browser/browser/components/wintaskbar/test/browser_taskbar_preview.js | Got expected number of previews - Got 3, expected 2
TEST-UNEXPECTED-FAIL | chrome://mochikit/content/browser/browser/components/wintaskbar/test/browser_taskbar_preview.js | Browser has one preview per tab - Got 2, expected 1
TEST-UNEXPECTED-FAIL | chrome://mochikit/content/browser/browser/components/wintaskbar/test/browser_taskbar_preview.js | Got expected number of previews - Got 2, expected 1
philringnalda%gmail.com
http://tinderbox.mozilla.org/showlog.cgi?log=Firefox/1282018496.1282019346.14615.gz
Rev3 MacOSX Snow Leopard 10.6.2 mozilla-central opt test mochitest-other on 2010/08/16 21:14:56

s: talos-r3-snow-025
TEST-UNEXPECTED-FAIL | chrome://mochikit/content/browser/browser/base/content/test/browser_bug380960.js | tab removed after at most 1750 ms - Got [object XULElement], expected null
TEST-UNEXPECTED-FAIL | chrome://mochikit/content/browser/browser/base/content/test/browser_bug380960.js | Found an unexpected tab at the end of test run: about:blank
philringnalda%gmail.com
http://tinderbox.mozilla.org/showlog.cgi?log=Firefox/1282023413.1282025162.9826.gz
Rev3 MacOSX Snow Leopard 10.6.2 mozilla-central debug test mochitest-other on 2010/08/16 22:36:53

s: talos-r3-snow-012
TEST-UNEXPECTED-FAIL | chrome://mochikit/content/browser/browser/base/content/test/browser_bug380960.js | tab removed after at most 1750 ms - Got [object XULElement @ 0x1179e01e0 (native @ 0x10fef9560)], expected null
TEST-UNEXPECTED-FAIL | chrome://mochikit/content/browser/browser/base/content/test/browser_bug380960.js | Found an unexpected tab at the end of test run: about:blank
philringnalda%gmail.com
http://tinderbox.mozilla.org/showlog.cgi?log=Firefox/1282024757.1282026442.16227.gz
Rev3 MacOSX Leopard 10.5.8 mozilla-central debug test mochitest-other on 2010/08/16 22:59:17

s: talos-r3-leopard-003
TEST-UNEXPECTED-FAIL | chrome://mochikit/content/browser/browser/base/content/test/browser_bug380960.js | tab removed after at most 1750 ms - Got [object XULElement @ 0x1e4bed40 (native @ 0x1dfa8410)], expected null
TEST-UNEXPECTED-FAIL | chrome://mochikit/content/browser/browser/base/content/test/browser_bug380960.js | Found an unexpected tab at the end of test run: about:blank
gavin%gavinsharp.com
http://tinderbox.mozilla.org/showlog.cgi?log=MozillaTry/1282027888.1282030414.1309.gz
Rev3 MacOSX Snow Leopard 10.6.2 tryserver debug test mochitest-other on 2010/08/16 23:51:28

s: talos-r3-snow-036
TEST-UNEXPECTED-FAIL | chrome://mochikit/content/browser/browser/base/content/test/browser_bug380960.js | tab removed after at most 1750 ms - Got [object XULElement @ 0x117a3f6b0 (native @ 0x11745daa0)], expected null
TEST-UNEXPECTED-FAIL | chrome://mochikit/content/browser/browser/base/content/test/browser_bug380960.js | Found an unexpected tab at the end of test run: about:blank
TEST-UNEXPECTED-FAIL | chrome://mochikit/content/browser/toolkit/mozapps/extensions/test/xpinstall/browser_relative.js | Timed out
TEST-UNEXPECTED-FAIL | chrome://mochikit/content/browser/toolkit/mozapps/extensions/test/xpinstall/browser_relative.js | Found a tab after previous test timed out: http://example.com/browser/toolkit/mozapps/extensions/test/xpinstall/installtrigger.html?%7B%22Unsigned%20XPI%22%3A%7B%22URL%22%3A%22unsigned.xpi%22%2C%22IconURL%22%3A%22icon.png%22%7D%7D
beltzner%mozilla.com
http://tinderbox.mozilla.org/showlog.cgi?log=Firefox/1282026211.1282027914.22661.gz
Rev3 MacOSX Leopard 10.5.8 mozilla-central debug test mochitest-other on 2010/08/16 23:23:31

s: talos-r3-leopard-045
TEST-UNEXPECTED-FAIL | chrome://mochikit/content/browser/browser/base/content/test/browser_bug380960.js | tab removed after at most 1750 ms - Got [object XULElement @ 0x1dcbe510 (native @ 0x1d7a7c00)], expected null
TEST-UNEXPECTED-FAIL | chrome://mochikit/content/browser/browser/base/content/test/browser_bug380960.js | Found an unexpected tab at the end of test run: about:blank
Olli.Pettay%gmail.com
http://tinderbox.mozilla.org/showlog.cgi?log=Firefox/1282057683.1282058492.21440.gz
Rev3 MacOSX Snow Leopard 10.6.2 mozilla-central opt test mochitest-other on 2010/08/17 08:08:03

s: talos-r3-snow-048
TEST-UNEXPECTED-FAIL | chrome://mochikit/content/browser/browser/base/content/test/browser_bug380960.js | tab removed after at most 1750 ms - Got [object XULElement], expected null
TEST-UNEXPECTED-FAIL | chrome://mochikit/content/browser/browser/base/content/test/browser_bug380960.js | Found an unexpected tab at the end of test run: about:blank
Olli.Pettay%gmail.com
http://tinderbox.mozilla.org/showlog.cgi?log=Firefox/1282069654.1282070715.11439.gz
Rev3 MacOSX Snow Leopard 10.6.2 mozilla-central opt test mochitest-other on 2010/08/17 11:27:34

s: talos-r3-snow-038
TEST-UNEXPECTED-FAIL | chrome://mochikit/content/browser/browser/base/content/test/browser_bug380960.js | tab removed after at most 1750 ms - Got [object XULElement], expected null
TEST-UNEXPECTED-FAIL | chrome://mochikit/content/browser/browser/base/content/test/browser_bug380960.js | Found an unexpected tab at the end of test run: about:blank
philringnalda%gmail.com
http://tinderbox.mozilla.org/showlog.cgi?log=TraceMonkey/1282072642.1282073428.25241.gz
Rev3 MacOSX Snow Leopard 10.6.2 tracemonkey opt test mochitest-other on 2010/08/17 12:17:22

s: talos-r3-snow-035
TEST-UNEXPECTED-FAIL | chrome://mochikit/content/browser/browser/base/content/test/browser_bug380960.js | tab removed after at most 1750 ms - Got [object XULElement], expected null
TEST-UNEXPECTED-FAIL | chrome://mochikit/content/browser/browser/base/content/test/browser_bug380960.js | Found an unexpected tab at the end of test run: about:blank
philringnalda%gmail.com
http://tinderbox.mozilla.org/showlog.cgi?log=TraceMonkey/1282078574.1282080181.26129.gz
Rev3 MacOSX Leopard 10.5.8 tracemonkey debug test mochitest-other on 2010/08/17 13:56:14

s: talos-r3-leopard-032
TEST-UNEXPECTED-FAIL | chrome://mochikit/content/browser/browser/base/content/test/browser_bug380960.js | tab removed after at most 1750 ms - Got [object XULElement @ 0x1e0a5340 (native @ 0x1dc91bf0)], expected null
TEST-UNEXPECTED-FAIL | chrome://mochikit/content/browser/browser/base/content/test/browser_bug380960.js | Found an unexpected tab at the end of test run: about:blank
philringnalda%gmail.com
http://tinderbox.mozilla.org/showlog.cgi?log=TraceMonkey/1282089201.1282090000.10695.gz
Rev3 MacOSX Snow Leopard 10.6.2 tracemonkey opt test mochitest-other on 2010/08/17 16:53:21

s: talos-r3-snow-045
TEST-UNEXPECTED-FAIL | chrome://mochikit/content/browser/browser/base/content/test/browser_bug380960.js | tab removed after at most 1750 ms - Got [object XULElement], expected null
TEST-UNEXPECTED-FAIL | chrome://mochikit/content/browser/browser/base/content/test/browser_bug380960.js | Found an unexpected tab at the end of test run: about:blank
ehsan%mozilla.com
http://tinderbox.mozilla.org/showlog.cgi?log=Firefox/1282089303.1282090923.15524.gz
Rev3 WINNT 6.1 mozilla-central opt test mochitest-other on 2010/08/17 16:55:03

s: talos-r3-w7-043
TEST-UNEXPECTED-FAIL | chrome://mochikit/content/browser/browser/base/content/test/browser_bug380960.js | tab removed after at most 1750 ms - Got [object XULElement], expected null
TEST-UNEXPECTED-FAIL | chrome://mochikit/content/browser/browser/base/content/test/browser_bug380960.js | Found an unexpected tab at the end of test run: about:blank
TEST-UNEXPECTED-FAIL | chrome://mochikit/content/browser/browser/components/wintaskbar/test/browser_taskbar_preview.js | Browser has one preview per tab - Got 2, expected 1
TEST-UNEXPECTED-FAIL | chrome://mochikit/content/browser/browser/components/wintaskbar/test/browser_taskbar_preview.js | Browser starts with one preview - Got 2, expected 1
TEST-UNEXPECTED-FAIL | chrome://mochikit/content/browser/browser/components/wintaskbar/test/browser_taskbar_preview.js | Browser has one preview per tab - Got 5, expected 4
TEST-UNEXPECTED-FAIL | chrome://mochikit/content/browser/browser/components/wintaskbar/test/browser_taskbar_preview.js | Correct number of previews after adding - Got 5, expected 4
TEST-UNEXPECTED-FAIL | chrome://mochikit/content/browser/browser/components/wintaskbar/test/browser_taskbar_preview.js | Browser has one preview per tab - Got 5, expected 4
TEST-UNEXPECTED-FAIL | chrome://mochikit/content/browser/browser/components/wintaskbar/test/browser_taskbar_preview.js | Previews are unchanged when disabling - Got 5, expected 4
TEST-UNEXPECTED-FAIL | chrome://mochikit/content/browser/browser/components/wintaskbar/test/browser_taskbar_preview.js | Browser has one preview per tab - Got 5, expected 4
TEST-UNEXPECTED-FAIL | chrome://mochikit/content/browser/browser/components/wintaskbar/test/browser_taskbar_preview.js | Previews are unchanged when re-enabling - Got 5, expected 4
TEST-UNEXPECTED-FAIL | chrome://mochikit/content/browser/browser/components/wintaskbar/test/browser_taskbar_preview.js | Browser has one preview per tab - Got 4, expected 3
TEST-UNEXPECTED-FAIL | chrome://mochikit/content/browser/browser/components/wintaskbar/test/browser_taskbar_preview.js | Expected number of previews after closing selected tab via controller - Got 4, expected 3
TEST-UNEXPECTED-FAIL | chrome://mochikit/content/browser/browser/components/wintaskbar/test/browser_taskbar_preview.js | Browser has one preview per tab - Got 3, expected 2
TEST-UNEXPECTED-FAIL | chrome://mochikit/content/browser/browser/components/wintaskbar/test/browser_taskbar_preview.js | Expected number of previews after closing unselected via browser - Got 3, expected 2
TEST-UNEXPECTED-FAIL | chrome://mochikit/content/browser/browser/components/wintaskbar/test/browser_taskbar_preview.js | Browser has one preview per tab - Got 2, expected 1
TEST-UNEXPECTED-FAIL | chrome://mochikit/content/browser/browser/components/wintaskbar/test/browser_taskbar_preview.js | Expected number of previews after closing selected tab via browser - Got 2, expected 1
TEST-UNEXPECTED-FAIL | chrome://mochikit/content/browser/browser/components/wintaskbar/test/browser_taskbar_preview.js | Browser has one preview per tab - Got 3, expected 2
TEST-UNEXPECTED-FAIL | chrome://mochikit/content/browser/browser/components/wintaskbar/test/browser_taskbar_preview.js | Got expected number of previews - Got 3, expected 2
TEST-UNEXPECTED-FAIL | chrome://mochikit/content/browser/browser/components/wintaskbar/test/browser_taskbar_preview.js | Browser has one preview per tab - Got 2, expected 1
TEST-UNEXPECTED-FAIL | chrome://mochikit/content/browser/browser/components/wintaskbar/test/browser_taskbar_preview.js | Got expected number of previews - Got 2, expected 1
TEST-UNEXPECTED-FAIL | chrome://mochikit/content/browser/toolkit/mozapps/extensions/test/browser/browser_bug557956.js | Timed out
TEST-UNEXPECTED-FAIL | chrome://mochikit/content/browser/toolkit/mozapps/extensions/test/browser/browser_bug562890.js | Timed out
TEST-UNEXPECTED-FAIL | chrome://mochikit/content/browser/toolkit/mozapps/extensions/test/browser/browser_bug562890.js | Found a tab after previous test timed out: about:addons
TEST-UNEXPECTED-FAIL | chrome://mochikit/content/browser/toolkit/mozapps/extensions/test/browser/browser_recentupdates.js | Should get expected item based on recenty of update - Got addon2@tests.mozilla.org, expected addon1@tests.mozilla.org
TEST-UNEXPECTED-FAIL | chrome://mochikit/content/browser/toolkit/mozapps/extensions/test/browser/browser_recentupdates.js | Should be expecting more items - Didn't expect 0, but got it
TEST-UNEXPECTED-FAIL | chrome://mochikit/content/browser/toolkit/mozapps/extensions/test/browser/browser_recentupdates.js | Should get expected item based on recenty of update - Got addon1@tests.mozilla.org, expected undefined
TEST-UNEXPECTED-FAIL | chrome://mochikit/content/browser/toolkit/mozapps/extensions/test/browser/browser_recentupdates.js | Release notes toggle should be visible for addon with release notes - Got false, expected true
TEST-UNEXPECTED-FAIL | chrome://mochikit/content/browser/toolkit/mozapps/extensions/test/browser/browser_recentupdates.js | Should be expecting more items - Didn't expect 0, but got it
TEST-UNEXPECTED-FAIL | chrome://mochikit/content/browser/toolkit/mozapps/extensions/test/browser/browser_recentupdates.js | Should get expected item based on recenty of update - Got addon1@tests.mozilla.org, expected undefined
TEST-UNEXPECTED-FAIL | chrome://mochikit/content/browser/toolkit/mozapps/extensions/test/browser/browser_searching.js | Name in detail view should be correct - Got Addon2, expected PASS - c
TEST-UNEXPECTED-FAIL | chrome://mochikit/content/browser/toolkit/mozapps/extensions/test/browser/browser_searching.js | Version in detail view should be correct - Got 1.0, expected 2.0
TEST-UNEXPECTED-FAIL | chrome://mochikit/content/browser/toolkit/mozapps/extensions/test/browser/browser_searching.js | Name in detail view should be correct - Got Addon1, expected PASS - f
TEST-UNEXPECTED-FAIL | chrome://mochikit/content/browser/toolkit/mozapps/extensions/test/browser/browser_sorting.js | Should have seen the right order - Got ["test2@tests.mozilla.org", "addon1@tests.mozilla.org", "addon2@tests.mozilla.org", "addon3@tests.mozilla.org", "addon4@tests.mozilla.org", "addon5@tests.mozilla.org", "addon6@tests.mozilla.org", "addon7@tests.mozilla.org", "addon8@tests.mozilla.org", "addon9@tests.mozilla.org", "test4@tests.mozilla.org", "test3@tests.mozilla.org", "test5@tests.mozilla.org", "test1@tests.mozilla.org"], expected ["test2@tests.mozilla.org", "test4@tests.mozilla.org", "test3@tests.mozilla.org", "test5@tests.mozilla.org", "test1@tests.mozilla.org"]
TEST-UNEXPECTED-FAIL | chrome://mochikit/content/browser/toolkit/mozapps/extensions/test/browser/browser_sorting.js | Should have seen the right order - Got ["addon1@tests.mozilla.org", "addon2@tests.mozilla.org", "addon3@tests.mozilla.org", "addon4@tests.mozilla.org", "addon5@tests.mozilla.org", "addon6@tests.mozilla.org", "addon7@tests.mozilla.org", "addon8@tests.mozilla.org", "addon9@tests.mozilla.org", "test2@tests.mozilla.org", "test3@tests.mozilla.org", "test5@tests.mozilla.org", "test1@tests.mozilla.org", "test4@tests.mozilla.org"], expected ["test2@tests.mozilla.org", "test3@tests.mozilla.org", "test5@tests.mozilla.org", "test1@tests.mozilla.org", "test4@tests.mozilla.org"]
TEST-UNEXPECTED-FAIL | chrome://mochikit/content/browser/toolkit/mozapps/extensions/test/browser/browser_sorting.js | Should have seen the right order - Got ["test4@tests.mozilla.org", "test1@tests.mozilla.org", "test5@tests.mozilla.org", "test3@tests.mozilla.org", "test2@tests.mozilla.org", "addon9@tests.mozilla.org", "addon8@tests.mozilla.org", "addon7@tests.mozilla.org", "addon6@tests.mozilla.org", "addon5@tests.mozilla.org", "addon4@tests.mozilla.org", "addon3@tests.mozilla.org", "addon2@tests.mozilla.org", "addon1@tests.mozilla.org"], expected ["test4@tests.mozilla.org", "test1@tests.mozilla.org", "test5@tests.mozilla.org", "test3@tests.mozilla.org", "test2@tests.mozilla.org"]
TEST-UNEXPECTED-FAIL | chrome://mochikit/content/browser/toolkit/mozapps/extensions/test/browser/browser_sorting.js | Should have seen the right order - Got ["test5@tests.mozilla.org", "addon9@tests.mozilla.org", "addon8@tests.mozilla.org", "addon6@tests.mozilla.org", "addon7@tests.mozilla.org", "addon3@tests.mozilla.org", "addon2@tests.mozilla.org", "addon5@tests.mozilla.org", "addon1@tests.mozilla.org", "addon4@tests.mozilla.org", "test3@tests.mozilla.org", "test1@tests.mozilla.org", "test2@tests.mozilla.org", "test4@tests.mozilla.org"], expected ["test5@tests.mozilla.org", "test3@tests.mozilla.org", "test1@tests.mozilla.org", "test2@tests.mozilla.org", "test4@tests.mozilla.org"]
TEST-UNEXPECTED-FAIL | chrome://mochikit/content/browser/toolkit/mozapps/extensions/test/browser/browser_sorting.js | Should have seen the right order - Got ["test2@tests.mozilla.org", "addon1@tests.mozilla.org", "addon2@tests.mozilla.org", "addon3@tests.mozilla.org", "addon4@tests.mozilla.org", "addon5@tests.mozilla.org", "addon6@tests.mozilla.org", "addon7@tests.mozilla.org", "addon8@tests.mozilla.org", "addon9@tests.mozilla.org", "test4@tests.mozilla.org", "test3@tests.mozilla.org", "test5@tests.mozilla.org", "test1@tests.mozilla.org"], expected ["test2@tests.mozilla.org", "test4@tests.mozilla.org", "test3@tests.mozilla.org", "test5@tests.mozilla.org", "test1@tests.mozilla.org"]
TEST-UNEXPECTED-FAIL | chrome://mochikit/content/browser/toolkit/mozapps/extensions/test/browser/browser_uninstalling.js | Add-on should require a restart to uninstall
TEST-UNEXPECTED-FAIL | chrome://mochikit/content/browser/toolkit/mozapps/extensions/test/browser/browser_uninstalling.js | Add-on should be pending uninstall
TEST-UNEXPECTED-FAIL | chrome://mochikit/content/browser/toolkit/mozapps/extensions/test/browser/browser_uninstalling.js | Restart button should not be hidden
TEST-UNEXPECTED-FAIL | chrome://mochikit/content/browser/toolkit/mozapps/extensions/test/browser/browser_uninstalling.js | Add-on should be active
TEST-UNEXPECTED-FAIL | chrome://mochikit/content/browser/toolkit/mozapps/extensions/test/browser/browser_uninstalling.js | Add-on should be active
TEST-UNEXPECTED-FAIL | chrome://mochikit/content/browser/toolkit/mozapps/extensions/test/browser/browser_uninstalling.js | Add-on should be active
TEST-UNEXPECTED-FAIL | chrome://mochikit/content/browser/toolkit/mozapps/extensions/test/browser/browser_uninstalling.js | Add-on should require a restart to uninstall
TEST-UNEXPECTED-FAIL | chrome://mochikit/content/browser/toolkit/mozapps/extensions/test/browser/browser_uninstalling.js | Add-on should be pending uninstall
TEST-UNEXPECTED-FAIL | chrome://mochikit/content/browser/toolkit/mozapps/extensions/test/browser/browser_uninstalling.js | Add-on should be active
TEST-UNEXPECTED-FAIL | chrome://mochikit/content/browser/toolkit/mozapps/extensions/test/browser/browser_uninstalling.js | Add-on should be active
TEST-UNEXPECTED-FAIL | chrome://mochikit/content/browser/toolkit/mozapps/extensions/test/browser/browser_uninstalling.js | Add-on should be active
TEST-UNEXPECTED-FAIL | chrome://mochikit/content/browser/toolkit/mozapps/extensions/test/browser/browser_uninstalling.js | Add-on should require a restart to uninstall
TEST-UNEXPECTED-FAIL | chrome://mochikit/content/browser/toolkit/mozapps/extensions/test/browser/browser_uninstalling.js | Add-on should be pending uninstall
TEST-UNEXPECTED-FAIL | chrome://mochikit/content/browser/toolkit/mozapps/extensions/test/browser/browser_uninstalling.js | Restart button should not be hidden
TEST-UNEXPECTED-FAIL | chrome://mochikit/content/browser/toolkit/mozapps/extensions/test/browser/browser_uninstalling.js | Add-on should be active
TEST-UNEXPECTED-FAIL | chrome://mochikit/content/browser/toolkit/mozapps/extensions/test/browser/browser_uninstalling.js | Add-on should be active
TEST-UNEXPECTED-FAIL | chrome://mochikit/content/browser/toolkit/mozapps/extensions/test/browser/browser_uninstalling.js | Add-on should be active
TEST-UNEXPECTED-FAIL | chrome://mochikit/content/browser/toolkit/mozapps/extensions/test/browser/browser_uninstalling.js | Add-on should require a restart to uninstall
TEST-UNEXPECTED-FAIL | chrome://mochikit/content/browser/toolkit/mozapps/extensions/test/browser/browser_uninstalling.js | Add-on should be pending uninstall
TEST-UNEXPECTED-FAIL | chrome://mochikit/content/browser/toolkit/mozapps/extensions/test/browser/browser_uninstalling.js | Restart button should not be hidden
TEST-UNEXPECTED-FAIL | chrome://mochikit/content/browser/toolkit/mozapps/extensions/test/browser/browser_uninstalling.js | Add-on should be uninstalling - Got installed, expected uninstalled
TEST-UNEXPECTED-FAIL | chrome://mochikit/content/browser/toolkit/mozapps/extensions/test/browser/browser_uninstalling.js | Add-on should be pending uninstall
TEST-UNEXPECTED-FAIL | chrome://mochikit/content/browser/toolkit/mozapps/extensions/test/browser/browser_uninstalling.js | Should have a restart button - Didn't expect null, but got it
TEST-UNEXPECTED-FAIL | chrome://mochikit/content/browser/toolkit/mozapps/extensions/test/browser/browser_uninstalling.js | Timed out
TEST-UNEXPECTED-FAIL | chrome://mochikit/content/browser/toolkit/mozapps/extensions/test/browser/browser_uninstalling.js | Found a tab after previous test timed out: about:addons
philringnalda%gmail.com
http://tinderbox.mozilla.org/showlog.cgi?log=Firefox/1282091855.1282094292.31753.gz
Rev3 WINNT 6.1 mozilla-central opt test mochitest-other on 2010/08/17 17:37:35

s: talos-r3-w7-037
TEST-UNEXPECTED-FAIL | chrome://mochikit/content/browser/browser/base/content/test/browser_bug380960.js | tab removed after at most 1750 ms - Got [object XULElement], expected null
TEST-UNEXPECTED-FAIL | chrome://mochikit/content/browser/browser/base/content/test/browser_bug380960.js | Found an unexpected tab at the end of test run: about:blank
TEST-UNEXPECTED-FAIL | chrome://mochikit/content/browser/browser/components/places/tests/perf/browser_ui_history_sidebar.js | Timed out
TEST-UNEXPECTED-FAIL | chrome://mochikit/content/browser/browser/components/places/tests/perf/browser_ui_history_sidebar_2.js | Timed out
TEST-UNEXPECTED-FAIL | chrome://mochikit/content/browser/browser/components/places/tests/perf/browser_ui_history_sidebar_3.js | Timed out
TEST-UNEXPECTED-FAIL | chrome://mochikit/content/browser/browser/components/wintaskbar/test/browser_taskbar_preview.js | Browser has one preview per tab - Got 2, expected 1
TEST-UNEXPECTED-FAIL | chrome://mochikit/content/browser/browser/components/wintaskbar/test/browser_taskbar_preview.js | Browser starts with one preview - Got 2, expected 1
TEST-UNEXPECTED-FAIL | chrome://mochikit/content/browser/browser/components/wintaskbar/test/browser_taskbar_preview.js | Browser has one preview per tab - Got 5, expected 4
TEST-UNEXPECTED-FAIL | chrome://mochikit/content/browser/browser/components/wintaskbar/test/browser_taskbar_preview.js | Correct number of previews after adding - Got 5, expected 4
TEST-UNEXPECTED-FAIL | chrome://mochikit/content/browser/browser/components/wintaskbar/test/browser_taskbar_preview.js | Browser has one preview per tab - Got 5, expected 4
TEST-UNEXPECTED-FAIL | chrome://mochikit/content/browser/browser/components/wintaskbar/test/browser_taskbar_preview.js | Previews are unchanged when disabling - Got 5, expected 4
TEST-UNEXPECTED-FAIL | chrome://mochikit/content/browser/browser/components/wintaskbar/test/browser_taskbar_preview.js | Browser has one preview per tab - Got 5, expected 4
TEST-UNEXPECTED-FAIL | chrome://mochikit/content/browser/browser/components/wintaskbar/test/browser_taskbar_preview.js | Previews are unchanged when re-enabling - Got 5, expected 4
TEST-UNEXPECTED-FAIL | chrome://mochikit/content/browser/browser/components/wintaskbar/test/browser_taskbar_preview.js | Browser has one preview per tab - Got 4, expected 3
TEST-UNEXPECTED-FAIL | chrome://mochikit/content/browser/browser/components/wintaskbar/test/browser_taskbar_preview.js | Expected number of previews after closing selected tab via controller - Got 4, expected 3
TEST-UNEXPECTED-FAIL | chrome://mochikit/content/browser/browser/components/wintaskbar/test/browser_taskbar_preview.js | Browser has one preview per tab - Got 3, expected 2
TEST-UNEXPECTED-FAIL | chrome://mochikit/content/browser/browser/components/wintaskbar/test/browser_taskbar_preview.js | Expected number of previews after closing unselected via browser - Got 3, expected 2
TEST-UNEXPECTED-FAIL | chrome://mochikit/content/browser/browser/components/wintaskbar/test/browser_taskbar_preview.js | Browser has one preview per tab - Got 2, expected 1
TEST-UNEXPECTED-FAIL | chrome://mochikit/content/browser/browser/components/wintaskbar/test/browser_taskbar_preview.js | Expected number of previews after closing selected tab via browser - Got 2, expected 1
TEST-UNEXPECTED-FAIL | chrome://mochikit/content/browser/browser/components/wintaskbar/test/browser_taskbar_preview.js | Browser has one preview per tab - Got 3, expected 2
TEST-UNEXPECTED-FAIL | chrome://mochikit/content/browser/browser/components/wintaskbar/test/browser_taskbar_preview.js | Got expected number of previews - Got 3, expected 2
TEST-UNEXPECTED-FAIL | chrome://mochikit/content/browser/browser/components/wintaskbar/test/browser_taskbar_preview.js | Browser has one preview per tab - Got 2, expected 1
TEST-UNEXPECTED-FAIL | chrome://mochikit/content/browser/browser/components/wintaskbar/test/browser_taskbar_preview.js | Got expected number of previews - Got 2, expected 1
bobbyholley%gmail.com
http://tinderbox.mozilla.org/showlog.cgi?log=MozillaTry/1282092508.1282093465.27122.gz
Rev3 MacOSX Leopard 10.5.8 tryserver opt test mochitest-other on 2010/08/17 17:48:28

s: talos-r3-leopard-026
TEST-UNEXPECTED-FAIL | chrome://mochikit/content/browser/browser/base/content/test/browser_bug380960.js | tab removed after at most 1750 ms - Got [object XULElement], expected null
TEST-UNEXPECTED-FAIL | chrome://mochikit/content/browser/browser/base/content/test/browser_bug380960.js | Found an unexpected tab at the end of test run: about:blank
rstrong%mozilla.com
http://tinderbox.mozilla.org/showlog.cgi?log=Firefox/1282097080.1282098841.22743.gz
Rev3 MacOSX Snow Leopard 10.6.2 mozilla-central debug test mochitest-other on 2010/08/17 19:04:40

s: talos-r3-snow-041
TEST-UNEXPECTED-FAIL | chrome://mochikit/content/browser/browser/base/content/test/browser_bug380960.js | tab removed after at most 1750 ms - Got [object XULElement @ 0x117b9c250 (native @ 0x11762cd60)], expected null
TEST-UNEXPECTED-FAIL | chrome://mochikit/content/browser/browser/base/content/test/browser_bug380960.js | Found an unexpected tab at the end of test run: about:blank
philringnalda%gmail.com
http://tinderbox.mozilla.org/showlog.cgi?log=Firefox/1282105884.1282107544.30644.gz
Rev3 MacOSX Snow Leopard 10.6.2 mozilla-central debug test mochitest-other on 2010/08/17 21:31:24

s: talos-r3-snow-023
TEST-UNEXPECTED-FAIL | chrome://mochikit/content/browser/browser/base/content/test/browser_bug380960.js | tab removed after at most 1750 ms - Got [object XULElement @ 0x117d40bd0 (native @ 0x1173de320)], expected null
TEST-UNEXPECTED-FAIL | chrome://mochikit/content/browser/browser/base/content/test/browser_bug380960.js | Found an unexpected tab at the end of test run: about:blank
philringnalda%gmail.com
http://tinderbox.mozilla.org/showlog.cgi?log=Firefox/1282107014.1282107828.31792.gz
Rev3 MacOSX Leopard 10.5.8 mozilla-central opt test mochitest-other on 2010/08/17 21:50:14

s: talos-r3-leopard-021
TEST-UNEXPECTED-FAIL | chrome://mochikit/content/browser/browser/base/content/test/browser_bug380960.js | tab removed after at most 1750 ms - Got [object XULElement], expected null
TEST-UNEXPECTED-FAIL | chrome://mochikit/content/browser/browser/base/content/test/browser_bug380960.js | Found an unexpected tab at the end of test run: about:blank
philringnalda%gmail.com
http://tinderbox.mozilla.org/showlog.cgi?log=Firefox/1282115597.1282116299.2282.gz
Rev3 MacOSX Leopard 10.5.8 mozilla-central opt test mochitest-other on 2010/08/18 00:13:17

s: talos-r3-leopard-037
TEST-UNEXPECTED-FAIL | chrome://mochikit/content/browser/browser/base/content/test/browser_bug380960.js | tab removed after at most 1750 ms - Got [object XULElement], expected null
TEST-UNEXPECTED-FAIL | chrome://mochikit/content/browser/browser/base/content/test/browser_bug380960.js | Found an unexpected tab at the end of test run: about:blank
dao%mozilla.com
http://tinderbox.mozilla.org/showlog.cgi?log=Firefox/1282134963.1282135743.6718.gz
Rev3 MacOSX Leopard 10.5.8 mozilla-central opt test mochitest-other on 2010/08/18 05:36:03

s: talos-r3-leopard-050
TEST-UNEXPECTED-FAIL | chrome://mochikit/content/browser/browser/base/content/test/browser_bug380960.js | tab removed after at most 1750 ms - Got [object XULElement], expected null
TEST-UNEXPECTED-FAIL | chrome://mochikit/content/browser/browser/base/content/test/browser_bug380960.js | Found an unexpected tab at the end of test run: about:blank
dao%mozilla.com
http://tinderbox.mozilla.org/showlog.cgi?log=Firefox/1282139196.1282139991.26991.gz
Rev3 MacOSX Snow Leopard 10.6.2 mozilla-central opt test mochitest-other on 2010/08/18 06:46:36

s: talos-r3-snow-037
TEST-UNEXPECTED-FAIL | chrome://mochikit/content/browser/browser/base/content/test/browser_bug380960.js | tab removed after at most 1750 ms - Got [object XULElement], expected null
TEST-UNEXPECTED-FAIL | chrome://mochikit/content/browser/browser/base/content/test/browser_bug380960.js | Found an unexpected tab at the end of test run: about:blank
philringnalda%gmail.com
http://tinderbox.mozilla.org/showlog.cgi?log=Firefox/1282146257.1282147120.30481.gz
Rev3 MacOSX Leopard 10.5.8 mozilla-central opt test mochitest-other on 2010/08/18 08:44:17

s: talos-r3-leopard-023
TEST-UNEXPECTED-FAIL | chrome://mochikit/content/browser/browser/base/content/test/browser_bug380960.js | tab removed after at most 1750 ms - Got [object XULElement], expected null
TEST-UNEXPECTED-FAIL | chrome://mochikit/content/browser/browser/base/content/test/browser_bug380960.js | Found an unexpected tab at the end of test run: about:blank
philringnalda%gmail.com
http://tinderbox.mozilla.org/showlog.cgi?log=TraceMonkey/1282144432.1282146756.28558.gz
Rev3 MacOSX Leopard 10.5.8 tracemonkey debug test mochitest-other on 2010/08/18 08:13:52

s: talos-r3-leopard-025
TEST-UNEXPECTED-FAIL | chrome://mochikit/content/browser/browser/base/content/test/browser_bug380960.js | tab removed after at most 1750 ms - Got [object XULElement @ 0x1dcb2d10 (native @ 0x1d891710)], expected null
TEST-UNEXPECTED-FAIL | chrome://mochikit/content/browser/browser/base/content/test/browser_bug380960.js | Found an unexpected tab at the end of test run: about:blank
philringnalda%gmail.com
http://tinderbox.mozilla.org/showlog.cgi?log=Firefox/1282176514.1282177293.30307.gz
Rev3 MacOSX Snow Leopard 10.6.2 mozilla-central opt test mochitest-other on 2010/08/18 17:08:34

s: talos-r3-snow-025
TEST-UNEXPECTED-FAIL | chrome://mochikit/content/browser/browser/base/content/test/browser_bug380960.js | tab removed after at most 1750 ms - Got [object XULElement], expected null
TEST-UNEXPECTED-FAIL | chrome://mochikit/content/browser/browser/base/content/test/browser_bug380960.js | Found an unexpected tab at the end of test run: about:blank
philringnalda%gmail.com
http://tinderbox.mozilla.org/showlog.cgi?log=Firefox/1282174935.1282175368.21207.gz
Rev3 MacOSX Leopard 10.5.8 mozilla-central opt test mochitest-other on 2010/08/18 16:42:15

s: talos-r3-leopard-032
TEST-UNEXPECTED-FAIL | chrome://mochikit/content/browser/browser/base/content/test/browser_bug380960.js | tab removed after at most 1750 ms - Got [object XULElement], expected null
TEST-UNEXPECTED-FAIL | chrome://mochikit/content/browser/browser/base/content/test/browser_bug380960.js | Found an unexpected tab at the end of test run: about:blank
TEST-UNEXPECTED-FAIL | chrome://mochikit/content/browser/browser/base/content/test/browser_bug419612.js | Exited with code -6 during test run
mwu%mozilla.com
http://tinderbox.mozilla.org/showlog.cgi?log=Firefox/1282199897.1282201587.6727.gz
Rev3 MacOSX Snow Leopard 10.6.2 mozilla-central debug test mochitest-other on 2010/08/18 23:38:17

s: talos-r3-snow-029
TEST-UNEXPECTED-FAIL | chrome://mochikit/content/browser/browser/base/content/test/browser_bug380960.js | tab removed after at most 1750 ms - Got [object XULElement @ 0x117e3cb80 (native @ 0x116cce420)], expected null
TEST-UNEXPECTED-FAIL | chrome://mochikit/content/browser/browser/base/content/test/browser_bug380960.js | Found an unexpected tab at the end of test run: about:blank
philringnalda%gmail.com
http://tinderbox.mozilla.org/showlog.cgi?log=Firefox/1282226599.1282228523.18548.gz
Rev3 WINNT 6.1 mozilla-central opt test mochitest-other on 2010/08/19 07:03:19

s: talos-r3-w7-021
TEST-UNEXPECTED-FAIL | chrome://mochikit/content/browser/browser/base/content/test/browser_bug380960.js | tab removed after at most 1750 ms - Got [object XULElement], expected null
TEST-UNEXPECTED-FAIL | chrome://mochikit/content/browser/browser/base/content/test/browser_bug380960.js | Found an unexpected tab at the end of test run: about:blank
TEST-UNEXPECTED-FAIL | chrome://mochikit/content/browser/browser/components/wintaskbar/test/browser_taskbar_preview.js | Browser has one preview per tab - Got 2, expected 1
TEST-UNEXPECTED-FAIL | chrome://mochikit/content/browser/browser/components/wintaskbar/test/browser_taskbar_preview.js | Browser starts with one preview - Got 2, expected 1
TEST-UNEXPECTED-FAIL | chrome://mochikit/content/browser/browser/components/wintaskbar/test/browser_taskbar_preview.js | Browser has one preview per tab - Got 5, expected 4
TEST-UNEXPECTED-FAIL | chrome://mochikit/content/browser/browser/components/wintaskbar/test/browser_taskbar_preview.js | Correct number of previews after adding - Got 5, expected 4
TEST-UNEXPECTED-FAIL | chrome://mochikit/content/browser/browser/components/wintaskbar/test/browser_taskbar_preview.js | Browser has one preview per tab - Got 5, expected 4
TEST-UNEXPECTED-FAIL | chrome://mochikit/content/browser/browser/components/wintaskbar/test/browser_taskbar_preview.js | Previews are unchanged when disabling - Got 5, expected 4
TEST-UNEXPECTED-FAIL | chrome://mochikit/content/browser/browser/components/wintaskbar/test/browser_taskbar_preview.js | Browser has one preview per tab - Got 5, expected 4
TEST-UNEXPECTED-FAIL | chrome://mochikit/content/browser/browser/components/wintaskbar/test/browser_taskbar_preview.js | Previews are unchanged when re-enabling - Got 5, expected 4
TEST-UNEXPECTED-FAIL | chrome://mochikit/content/browser/browser/components/wintaskbar/test/browser_taskbar_preview.js | Browser has one preview per tab - Got 4, expected 3
TEST-UNEXPECTED-FAIL | chrome://mochikit/content/browser/browser/components/wintaskbar/test/browser_taskbar_preview.js | Expected number of previews after closing selected tab via controller - Got 4, expected 3
TEST-UNEXPECTED-FAIL | chrome://mochikit/content/browser/browser/components/wintaskbar/test/browser_taskbar_preview.js | Browser has one preview per tab - Got 3, expected 2
TEST-UNEXPECTED-FAIL | chrome://mochikit/content/browser/browser/components/wintaskbar/test/browser_taskbar_preview.js | Expected number of previews after closing unselected via browser - Got 3, expected 2
TEST-UNEXPECTED-FAIL | chrome://mochikit/content/browser/browser/components/wintaskbar/test/browser_taskbar_preview.js | Browser has one preview per tab - Got 2, expected 1
TEST-UNEXPECTED-FAIL | chrome://mochikit/content/browser/browser/components/wintaskbar/test/browser_taskbar_preview.js | Expected number of previews after closing selected tab via browser - Got 2, expected 1
TEST-UNEXPECTED-FAIL | chrome://mochikit/content/browser/browser/components/wintaskbar/test/browser_taskbar_preview.js | Browser has one preview per tab - Got 3, expected 2
TEST-UNEXPECTED-FAIL | chrome://mochikit/content/browser/browser/components/wintaskbar/test/browser_taskbar_preview.js | Got expected number of previews - Got 3, expected 2
TEST-UNEXPECTED-FAIL | chrome://mochikit/content/browser/browser/components/wintaskbar/test/browser_taskbar_preview.js | Browser has one preview per tab - Got 2, expected 1
TEST-UNEXPECTED-FAIL | chrome://mochikit/content/browser/browser/components/wintaskbar/test/browser_taskbar_preview.js | Got expected number of previews - Got 2, expected 1
dbaron%dbaron.org
http://tinderbox.mozilla.org/showlog.cgi?log=Firefox/1282228481.1282230298.26175.gz
Rev3 WINNT 6.1 mozilla-central opt test mochitest-other on 2010/08/19 07:34:41

s: talos-r3-w7-028
TEST-UNEXPECTED-FAIL | chrome://mochikit/content/browser/browser/base/content/test/browser_bug380960.js | tab removed after at most 1750 ms - Got [object XULElement], expected null
TEST-UNEXPECTED-FAIL | chrome://mochikit/content/browser/browser/base/content/test/browser_bug380960.js | Found an unexpected tab at the end of test run: about:blank
TEST-UNEXPECTED-FAIL | chrome://mochikit/content/browser/browser/components/wintaskbar/test/browser_taskbar_preview.js | Browser has one preview per tab - Got 2, expected 1
TEST-UNEXPECTED-FAIL | chrome://mochikit/content/browser/browser/components/wintaskbar/test/browser_taskbar_preview.js | Browser starts with one preview - Got 2, expected 1
TEST-UNEXPECTED-FAIL | chrome://mochikit/content/browser/browser/components/wintaskbar/test/browser_taskbar_preview.js | Browser has one preview per tab - Got 5, expected 4
TEST-UNEXPECTED-FAIL | chrome://mochikit/content/browser/browser/components/wintaskbar/test/browser_taskbar_preview.js | Correct number of previews after adding - Got 5, expected 4
TEST-UNEXPECTED-FAIL | chrome://mochikit/content/browser/browser/components/wintaskbar/test/browser_taskbar_preview.js | Browser has one preview per tab - Got 5, expected 4
TEST-UNEXPECTED-FAIL | chrome://mochikit/content/browser/browser/components/wintaskbar/test/browser_taskbar_preview.js | Previews are unchanged when disabling - Got 5, expected 4
TEST-UNEXPECTED-FAIL | chrome://mochikit/content/browser/browser/components/wintaskbar/test/browser_taskbar_preview.js | Browser has one preview per tab - Got 5, expected 4
TEST-UNEXPECTED-FAIL | chrome://mochikit/content/browser/browser/components/wintaskbar/test/browser_taskbar_preview.js | Previews are unchanged when re-enabling - Got 5, expected 4
TEST-UNEXPECTED-FAIL | chrome://mochikit/content/browser/browser/components/wintaskbar/test/browser_taskbar_preview.js | Browser has one preview per tab - Got 4, expected 3
TEST-UNEXPECTED-FAIL | chrome://mochikit/content/browser/browser/components/wintaskbar/test/browser_taskbar_preview.js | Expected number of previews after closing selected tab via controller - Got 4, expected 3
TEST-UNEXPECTED-FAIL | chrome://mochikit/content/browser/browser/components/wintaskbar/test/browser_taskbar_preview.js | Browser has one preview per tab - Got 3, expected 2
TEST-UNEXPECTED-FAIL | chrome://mochikit/content/browser/browser/components/wintaskbar/test/browser_taskbar_preview.js | Expected number of previews after closing unselected via browser - Got 3, expected 2
TEST-UNEXPECTED-FAIL | chrome://mochikit/content/browser/browser/components/wintaskbar/test/browser_taskbar_preview.js | Browser has one preview per tab - Got 2, expected 1
TEST-UNEXPECTED-FAIL | chrome://mochikit/content/browser/browser/components/wintaskbar/test/browser_taskbar_preview.js | Expected number of previews after closing selected tab via browser - Got 2, expected 1
TEST-UNEXPECTED-FAIL | chrome://mochikit/content/browser/browser/components/wintaskbar/test/browser_taskbar_preview.js | Browser has one preview per tab - Got 3, expected 2
TEST-UNEXPECTED-FAIL | chrome://mochikit/content/browser/browser/components/wintaskbar/test/browser_taskbar_preview.js | Got expected number of previews - Got 3, expected 2
TEST-UNEXPECTED-FAIL | chrome://mochikit/content/browser/browser/components/wintaskbar/test/browser_taskbar_preview.js | Browser has one preview per tab - Got 2, expected 1
TEST-UNEXPECTED-FAIL | chrome://mochikit/content/browser/browser/components/wintaskbar/test/browser_taskbar_preview.js | Got expected number of previews - Got 2, expected 1
philringnalda%gmail.com
http://tinderbox.mozilla.org/showlog.cgi?log=Firefox/1282228481.1282230298.26175.gz
Rev3 WINNT 6.1 mozilla-central opt test mochitest-other on 2010/08/19 07:34:41

s: talos-r3-w7-028
TEST-UNEXPECTED-FAIL | chrome://mochikit/content/browser/browser/base/content/test/browser_bug380960.js | tab removed after at most 1750 ms - Got [object XULElement], expected null
TEST-UNEXPECTED-FAIL | chrome://mochikit/content/browser/browser/base/content/test/browser_bug380960.js | Found an unexpected tab at the end of test run: about:blank
TEST-UNEXPECTED-FAIL | chrome://mochikit/content/browser/browser/components/wintaskbar/test/browser_taskbar_preview.js | Browser has one preview per tab - Got 2, expected 1
TEST-UNEXPECTED-FAIL | chrome://mochikit/content/browser/browser/components/wintaskbar/test/browser_taskbar_preview.js | Browser starts with one preview - Got 2, expected 1
TEST-UNEXPECTED-FAIL | chrome://mochikit/content/browser/browser/components/wintaskbar/test/browser_taskbar_preview.js | Browser has one preview per tab - Got 5, expected 4
TEST-UNEXPECTED-FAIL | chrome://mochikit/content/browser/browser/components/wintaskbar/test/browser_taskbar_preview.js | Correct number of previews after adding - Got 5, expected 4
TEST-UNEXPECTED-FAIL | chrome://mochikit/content/browser/browser/components/wintaskbar/test/browser_taskbar_preview.js | Browser has one preview per tab - Got 5, expected 4
TEST-UNEXPECTED-FAIL | chrome://mochikit/content/browser/browser/components/wintaskbar/test/browser_taskbar_preview.js | Previews are unchanged when disabling - Got 5, expected 4
TEST-UNEXPECTED-FAIL | chrome://mochikit/content/browser/browser/components/wintaskbar/test/browser_taskbar_preview.js | Browser has one preview per tab - Got 5, expected 4
TEST-UNEXPECTED-FAIL | chrome://mochikit/content/browser/browser/components/wintaskbar/test/browser_taskbar_preview.js | Previews are unchanged when re-enabling - Got 5, expected 4
TEST-UNEXPECTED-FAIL | chrome://mochikit/content/browser/browser/components/wintaskbar/test/browser_taskbar_preview.js | Browser has one preview per tab - Got 4, expected 3
TEST-UNEXPECTED-FAIL | chrome://mochikit/content/browser/browser/components/wintaskbar/test/browser_taskbar_preview.js | Expected number of previews after closing selected tab via controller - Got 4, expected 3
TEST-UNEXPECTED-FAIL | chrome://mochikit/content/browser/browser/components/wintaskbar/test/browser_taskbar_preview.js | Browser has one preview per tab - Got 3, expected 2
TEST-UNEXPECTED-FAIL | chrome://mochikit/content/browser/browser/components/wintaskbar/test/browser_taskbar_preview.js | Expected number of previews after closing unselected via browser - Got 3, expected 2
TEST-UNEXPECTED-FAIL | chrome://mochikit/content/browser/browser/components/wintaskbar/test/browser_taskbar_preview.js | Browser has one preview per tab - Got 2, expected 1
TEST-UNEXPECTED-FAIL | chrome://mochikit/content/browser/browser/components/wintaskbar/test/browser_taskbar_preview.js | Expected number of previews after closing selected tab via browser - Got 2, expected 1
TEST-UNEXPECTED-FAIL | chrome://mochikit/content/browser/browser/components/wintaskbar/test/browser_taskbar_preview.js | Browser has one preview per tab - Got 3, expected 2
TEST-UNEXPECTED-FAIL | chrome://mochikit/content/browser/browser/components/wintaskbar/test/browser_taskbar_preview.js | Got expected number of previews - Got 3, expected 2
TEST-UNEXPECTED-FAIL | chrome://mochikit/content/browser/browser/components/wintaskbar/test/browser_taskbar_preview.js | Browser has one preview per tab - Got 2, expected 1
TEST-UNEXPECTED-FAIL | chrome://mochikit/content/browser/browser/components/wintaskbar/test/browser_taskbar_preview.js | Got expected number of previews - Got 2, expected 1
mounir.lamouri%gmail.com
http://tinderbox.mozilla.org/showlog.cgi?log=MozillaTry/1282191603.1282193303.5659.gz
Rev3 MacOSX Snow Leopard 10.6.2 tryserver debug test mochitest-other on 2010/08/18 21:20:03

s: talos-r3-snow-022
TEST-UNEXPECTED-FAIL | chrome://mochikit/content/browser/browser/base/content/test/browser_bug380960.js | tab removed after at most 1750 ms - Got [object XULElement @ 0x1179b3710 (native @ 0x1174f6560)], expected null
TEST-UNEXPECTED-FAIL | chrome://mochikit/content/browser/browser/base/content/test/browser_bug380960.js | Found an unexpected tab at the end of test run: about:blank
mounir.lamouri%gmail.com
http://tinderbox.mozilla.org/showlog.cgi?log=MozillaTry/1282197270.1282198058.24094.gz
Rev3 MacOSX Leopard 10.5.8 tryserver opt test mochitest-other on 2010/08/18 22:54:30

s: talos-r3-leopard-012
TEST-UNEXPECTED-FAIL | chrome://mochikit/content/browser/browser/base/content/test/browser_bug380960.js | tab removed after at most 1750 ms - Got [object XULElement], expected null
TEST-UNEXPECTED-FAIL | chrome://mochikit/content/browser/browser/base/content/test/browser_bug380960.js | Found an unexpected tab at the end of test run: about:blank
philringnalda%gmail.com
http://tinderbox.mozilla.org/showlog.cgi?log=Firefox/1282252356.1282254152.8023.gz
Rev3 MacOSX Snow Leopard 10.6.2 mozilla-central debug test mochitest-other on 2010/08/19 14:12:36

s: talos-r3-snow-012
TEST-UNEXPECTED-FAIL | chrome://mochikit/content/browser/browser/base/content/test/browser_bug380960.js | tab removed after at most 1750 ms - Got [object XULElement @ 0x1182a2700 (native @ 0x117dd9ff0)], expected null
TEST-UNEXPECTED-FAIL | chrome://mochikit/content/browser/browser/base/content/test/browser_bug380960.js | Found an unexpected tab at the end of test run: about:blank
cjones
http://tinderbox.mozilla.org/showlog.cgi?log=Firefox/1282252356.1282254152.8023.gz
Rev3 MacOSX Snow Leopard 10.6.2 mozilla-central debug test mochitest-other on 2010/08/19 14:12:36

s: talos-r3-snow-012
TEST-UNEXPECTED-FAIL | chrome://mochikit/content/browser/browser/base/content/test/browser_bug380960.js | tab removed after at most 1750 ms - Got [object XULElement @ 0x1182a2700 (native @ 0x117dd9ff0)], expected null
TEST-UNEXPECTED-FAIL | chrome://mochikit/content/browser/browser/base/content/test/browser_bug380960.js | Found an unexpected tab at the end of test run: about:blank
philringnalda%gmail.com
http://tinderbox.mozilla.org/showlog.cgi?log=TraceMonkey/1282271633.1282273584.28717.gz
Rev3 WINNT 6.1 tracemonkey opt test mochitest-other on 2010/08/19 19:33:53

s: talos-r3-w7-012
TEST-UNEXPECTED-FAIL | chrome://mochikit/content/browser/browser/base/content/test/browser_bug380960.js | tab removed after at most 1750 ms - Got [object XULElement], expected null
TEST-UNEXPECTED-FAIL | chrome://mochikit/content/browser/browser/base/content/test/browser_bug380960.js | Found an unexpected tab at the end of test run: about:blank
TEST-UNEXPECTED-FAIL | chrome://mochikit/content/browser/browser/components/wintaskbar/test/browser_taskbar_preview.js | Browser has one preview per tab - Got 2, expected 1
TEST-UNEXPECTED-FAIL | chrome://mochikit/content/browser/browser/components/wintaskbar/test/browser_taskbar_preview.js | Browser starts with one preview - Got 2, expected 1
TEST-UNEXPECTED-FAIL | chrome://mochikit/content/browser/browser/components/wintaskbar/test/browser_taskbar_preview.js | Browser has one preview per tab - Got 5, expected 4
TEST-UNEXPECTED-FAIL | chrome://mochikit/content/browser/browser/components/wintaskbar/test/browser_taskbar_preview.js | Correct number of previews after adding - Got 5, expected 4
TEST-UNEXPECTED-FAIL | chrome://mochikit/content/browser/browser/components/wintaskbar/test/browser_taskbar_preview.js | Browser has one preview per tab - Got 5, expected 4
TEST-UNEXPECTED-FAIL | chrome://mochikit/content/browser/browser/components/wintaskbar/test/browser_taskbar_preview.js | Previews are unchanged when disabling - Got 5, expected 4
TEST-UNEXPECTED-FAIL | chrome://mochikit/content/browser/browser/components/wintaskbar/test/browser_taskbar_preview.js | Browser has one preview per tab - Got 5, expected 4
TEST-UNEXPECTED-FAIL | chrome://mochikit/content/browser/browser/components/wintaskbar/test/browser_taskbar_preview.js | Previews are unchanged when re-enabling - Got 5, expected 4
TEST-UNEXPECTED-FAIL | chrome://mochikit/content/browser/browser/components/wintaskbar/test/browser_taskbar_preview.js | Browser has one preview per tab - Got 4, expected 3
TEST-UNEXPECTED-FAIL | chrome://mochikit/content/browser/browser/components/wintaskbar/test/browser_taskbar_preview.js | Expected number of previews after closing selected tab via controller - Got 4, expected 3
TEST-UNEXPECTED-FAIL | chrome://mochikit/content/browser/browser/components/wintaskbar/test/browser_taskbar_preview.js | Browser has one preview per tab - Got 3, expected 2
TEST-UNEXPECTED-FAIL | chrome://mochikit/content/browser/browser/components/wintaskbar/test/browser_taskbar_preview.js | Expected number of previews after closing unselected via browser - Got 3, expected 2
TEST-UNEXPECTED-FAIL | chrome://mochikit/content/browser/browser/components/wintaskbar/test/browser_taskbar_preview.js | Browser has one preview per tab - Got 2, expected 1
TEST-UNEXPECTED-FAIL | chrome://mochikit/content/browser/browser/components/wintaskbar/test/browser_taskbar_preview.js | Expected number of previews after closing selected tab via browser - Got 2, expected 1
TEST-UNEXPECTED-FAIL | chrome://mochikit/content/browser/browser/components/wintaskbar/test/browser_taskbar_preview.js | Browser has one preview per tab - Got 3, expected 2
TEST-UNEXPECTED-FAIL | chrome://mochikit/content/browser/browser/components/wintaskbar/test/browser_taskbar_preview.js | Got expected number of previews - Got 3, expected 2
TEST-UNEXPECTED-FAIL | chrome://mochikit/content/browser/browser/components/wintaskbar/test/browser_taskbar_preview.js | Browser has one preview per tab - Got 2, expected 1
TEST-UNEXPECTED-FAIL | chrome://mochikit/content/browser/browser/components/wintaskbar/test/browser_taskbar_preview.js | Got expected number of previews - Got 2, expected 1
philringnalda%gmail.com
http://tinderbox.mozilla.org/showlog.cgi?log=TraceMonkey/1282267746.1282269437.9901.gz
Rev3 MacOSX Snow Leopard 10.6.2 tracemonkey debug test mochitest-other on 2010/08/19 18:29:06

s: talos-r3-snow-055
TEST-UNEXPECTED-FAIL | chrome://mochikit/content/browser/browser/base/content/test/browser_bug380960.js | tab removed after at most 1750 ms - Got [object XULElement @ 0x110c5e100 (native @ 0x1108debe0)], expected null
TEST-UNEXPECTED-FAIL | chrome://mochikit/content/browser/browser/base/content/test/browser_bug380960.js | Found an unexpected tab at the end of test run: about:blank
dao%mozilla.com
http://tinderbox.mozilla.org/showlog.cgi?log=Firefox/1282292651.1282294328.16067.gz
Rev3 MacOSX Snow Leopard 10.6.2 mozilla-central debug test mochitest-other on 2010/08/20 01:24:11

s: talos-r3-snow-036
TEST-UNEXPECTED-FAIL | chrome://mochikit/content/browser/browser/base/content/test/browser_bug380960.js | tab removed after at most 1750 ms - Got [object XULElement @ 0x117e9bb00 (native @ 0x1178f4550)], expected null
TEST-UNEXPECTED-FAIL | chrome://mochikit/content/browser/browser/base/content/test/browser_bug380960.js | Found an unexpected tab at the end of test run: about:blank
dao%mozilla.com
http://tinderbox.mozilla.org/showlog.cgi?log=Firefox/1282293350.1282294099.15093.gz
Rev3 MacOSX Leopard 10.5.8 mozilla-central opt test mochitest-other on 2010/08/20 01:35:50

s: talos-r3-leopard-037
TEST-UNEXPECTED-FAIL | chrome://mochikit/content/browser/browser/base/content/test/browser_bug380960.js | tab removed after at most 1750 ms - Got [object XULElement], expected null
TEST-UNEXPECTED-FAIL | chrome://mochikit/content/browser/browser/base/content/test/browser_bug380960.js | Found an unexpected tab at the end of test run: about:blank
dao%mozilla.com
http://tinderbox.mozilla.org/showlog.cgi?log=Firefox/1282304041.1282305847.17020.gz
Rev3 MacOSX Snow Leopard 10.6.2 mozilla-central debug test mochitest-other on 2010/08/20 04:34:01

s: talos-r3-snow-014
TEST-UNEXPECTED-FAIL | chrome://mochikit/content/browser/browser/base/content/test/browser_bug380960.js | tab removed after at most 1750 ms - Got [object XULElement @ 0x1181c34e0 (native @ 0x117cccc70)], expected null
TEST-UNEXPECTED-FAIL | chrome://mochikit/content/browser/browser/base/content/test/browser_bug380960.js | Found an unexpected tab at the end of test run: about:blank
philringnalda%gmail.com
http://tinderbox.mozilla.org/showlog.cgi?log=Firefox/1282311361.1282312988.21917.gz
Rev3 MacOSX Snow Leopard 10.6.2 mozilla-central debug test mochitest-other on 2010/08/20 06:36:01

s: talos-r3-snow-006
TEST-UNEXPECTED-FAIL | chrome://mochikit/content/browser/browser/base/content/test/browser_bug380960.js | tab removed after at most 1750 ms - Got [object XULElement @ 0x117f186b0 (native @ 0x1176cfec0)], expected null
TEST-UNEXPECTED-FAIL | chrome://mochikit/content/browser/browser/base/content/test/browser_bug380960.js | Found an unexpected tab at the end of test run: about:blank
545 ERROR TEST-UNEXPECTED-FAIL | /tests/modules/plugin/test/test_streamatclose.html | NPP_URLNotify should be called if streams are active at NPP_Destroy
philringnalda%gmail.com
http://tinderbox.mozilla.org/showlog.cgi?log=Firefox/1282294953.1282296550.26657.gz
Rev3 MacOSX Leopard 10.5.8 mozilla-central debug test mochitest-other on 2010/08/20 02:02:33

s: talos-r3-leopard-044
TEST-UNEXPECTED-FAIL | chrome://mochikit/content/browser/browser/base/content/test/browser_bug380960.js | tab removed after at most 1750 ms - Got [object XULElement @ 0x1e0cd900 (native @ 0x1dca4da0)], expected null
TEST-UNEXPECTED-FAIL | chrome://mochikit/content/browser/browser/base/content/test/browser_bug380960.js | Found an unexpected tab at the end of test run: about:blank
philringnalda%gmail.com
http://tinderbox.mozilla.org/showlog.cgi?log=Firefox/1282300333.1282301169.20259.gz
Rev3 MacOSX Snow Leopard 10.6.2 mozilla-central opt test mochitest-other on 2010/08/20 03:32:13

s: talos-r3-snow-017
TEST-UNEXPECTED-FAIL | chrome://mochikit/content/browser/browser/base/content/test/browser_bug380960.js | got the close event syncronously
TEST-UNEXPECTED-FAIL | chrome://mochikit/content/browser/browser/base/content/test/browser_bug380960.js | Timed out
TEST-UNEXPECTED-FAIL | chrome://mochikit/content/browser/browser/base/content/test/browser_bug380960.js | Found a tab after previous test timed out: about:blank
And note that comment 133 was from after db6e503fec9f which fixed that happening every time.
philringnalda%gmail.com
http://tinderbox.mozilla.org/showlog.cgi?log=Firefox/1282319153.1282319867.25820.gz
Rev3 MacOSX Leopard 10.5.8 mozilla-central opt test mochitest-other on 2010/08/20 08:45:53

s: talos-r3-leopard-023
TEST-UNEXPECTED-FAIL | chrome://mochikit/content/browser/browser/base/content/test/browser_bug380960.js | got the close event syncronously
TEST-UNEXPECTED-FAIL | chrome://mochikit/content/browser/browser/base/content/test/browser_bug380960.js | Timed out
TEST-UNEXPECTED-FAIL | chrome://mochikit/content/browser/browser/base/content/test/browser_bug380960.js | Found a tab after previous test timed out: about:blank
philringnalda%gmail.com
http://tinderbox.mozilla.org/showlog.cgi?log=Firefox/1282330928.1282331654.9297.gz
Rev3 MacOSX Leopard 10.5.8 mozilla-central opt test mochitest-other on 2010/08/20 12:02:08

s: talos-r3-leopard-006
TEST-UNEXPECTED-FAIL | chrome://mochikit/content/browser/browser/base/content/test/browser_bug380960.js | tab removed after at most 1750 ms - Got [object XULElement], expected null
TEST-UNEXPECTED-FAIL | chrome://mochikit/content/browser/browser/base/content/test/browser_bug380960.js | Found an unexpected tab at the end of test run: about:blank
philringnalda%gmail.com
http://tinderbox.mozilla.org/showlog.cgi?log=Firefox/1282331289.1282332063.11404.gz
Rev3 MacOSX Leopard 10.5.8 mozilla-central opt test mochitest-other on 2010/08/20 12:08:09

s: talos-r3-leopard-044
TEST-UNEXPECTED-FAIL | chrome://mochikit/content/browser/browser/base/content/test/browser_bug380960.js | tab removed after at most 1750 ms - Got [object XULElement], expected null
TEST-UNEXPECTED-FAIL | chrome://mochikit/content/browser/browser/base/content/test/browser_bug380960.js | Found an unexpected tab at the end of test run: about:blank
bobbyholley%gmail.com
http://tinderbox.mozilla.org/showlog.cgi?log=Birch/1282331717.1282333341.16155.gz
Rev3 MacOSX Leopard 10.5.8 birch debug test mochitest-other on 2010/08/20 12:15:17

s: talos-r3-leopard-005
TEST-UNEXPECTED-FAIL | chrome://mochikit/content/browser/browser/base/content/test/browser_bug380960.js | tab removed after at most 1750 ms - Got [object XULElement @ 0x1ecc7610 (native @ 0x1e7a1fe0)], expected null
TEST-UNEXPECTED-FAIL | chrome://mochikit/content/browser/browser/base/content/test/browser_bug380960.js | Found an unexpected tab at the end of test run: about:blank
bobbyholley%gmail.com
http://tinderbox.mozilla.org/showlog.cgi?log=Birch/1282331717.1282333341.16155.gz
Rev3 MacOSX Leopard 10.5.8 birch debug test mochitest-other on 2010/08/20 12:15:17

s: talos-r3-leopard-005
TEST-UNEXPECTED-FAIL | chrome://mochikit/content/browser/browser/base/content/test/browser_bug380960.js | tab removed after at most 1750 ms - Got [object XULElement @ 0x1ecc7610 (native @ 0x1e7a1fe0)], expected null
TEST-UNEXPECTED-FAIL | chrome://mochikit/content/browser/browser/base/content/test/browser_bug380960.js | Found an unexpected tab at the end of test run: about:blank
bobbyholley%gmail.com
http://tinderbox.mozilla.org/showlog.cgi?log=Birch/1282331237.1282332091.11455.gz
Rev3 MacOSX Snow Leopard 10.6.2 birch opt test mochitest-other on 2010/08/20 12:07:17

s: talos-r3-snow-035
TEST-UNEXPECTED-FAIL | chrome://mochikit/content/browser/browser/base/content/test/browser_bug380960.js | got the close event syncronously
TEST-UNEXPECTED-FAIL | chrome://mochikit/content/browser/browser/base/content/test/browser_bug380960.js | Timed out
TEST-UNEXPECTED-FAIL | chrome://mochikit/content/browser/browser/base/content/test/browser_bug380960.js | Found a tab after previous test timed out: about:blank
cjones
http://tinderbox.mozilla.org/showlog.cgi?log=Firefox/1282335910.1282337557.2075.gz
Rev3 MacOSX Leopard 10.5.8 mozilla-central debug test mochitest-other on 2010/08/20 13:25:10

s: talos-r3-leopard-025
TEST-UNEXPECTED-FAIL | chrome://mochikit/content/browser/browser/base/content/test/browser_bug380960.js | tab removed after at most 1750 ms - Got [object XULElement @ 0x1e3c8880 (native @ 0x1dfa31f0)], expected null
TEST-UNEXPECTED-FAIL | chrome://mochikit/content/browser/browser/base/content/test/browser_bug380960.js | Found an unexpected tab at the end of test run: about:blank
philringnalda%gmail.com
http://tinderbox.mozilla.org/showlog.cgi?log=Firefox/1282336175.1282338189.5055.gz
Rev3 MacOSX Snow Leopard 10.6.2 mozilla-central debug test mochitest-other on 2010/08/20 13:29:35

s: talos-r3-snow-050
TEST-UNEXPECTED-FAIL | chrome://mochikit/content/browser/browser/base/content/test/browser_bug380960.js | tab removed after at most 1750 ms - Got [object XULElement @ 0x11802d670 (native @ 0x117929c90)], expected null
TEST-UNEXPECTED-FAIL | chrome://mochikit/content/browser/browser/base/content/test/browser_bug380960.js | tab removed after at most 1750 ms - Got [object XULElement @ 0x11802d670 (native @ 0x117929c90)], expected null
TEST-UNEXPECTED-FAIL | chrome://mochikit/content/browser/browser/base/content/test/browser_bug380960.js | Found an unexpected tab at the end of test run: about:blank
TEST-UNEXPECTED-FAIL | chrome://mochikit/content/browser/browser/base/content/test/browser_bug380960.js | Found an unexpected tab at the end of test run: about:blank
philringnalda%gmail.com
http://tinderbox.mozilla.org/showlog.cgi?log=TraceMonkey/1282309889.1282311453.14672.gz
Rev3 WINNT 6.1 tracemonkey opt test mochitest-other on 2010/08/20 06:11:29

s: talos-r3-w7-037
TEST-UNEXPECTED-FAIL | chrome://mochikit/content/browser/browser/base/content/test/browser_bug380960.js | tab removed after at most 1750 ms - Got [object XULElement], expected null
TEST-UNEXPECTED-FAIL | chrome://mochikit/content/browser/browser/base/content/test/browser_bug380960.js | Found an unexpected tab at the end of test run: about:blank
TEST-UNEXPECTED-FAIL | chrome://mochikit/content/browser/browser/components/wintaskbar/test/browser_taskbar_preview.js | Browser has one preview per tab - Got 2, expected 1
TEST-UNEXPECTED-FAIL | chrome://mochikit/content/browser/browser/components/wintaskbar/test/browser_taskbar_preview.js | Browser starts with one preview - Got 2, expected 1
TEST-UNEXPECTED-FAIL | chrome://mochikit/content/browser/browser/components/wintaskbar/test/browser_taskbar_preview.js | Browser has one preview per tab - Got 5, expected 4
TEST-UNEXPECTED-FAIL | chrome://mochikit/content/browser/browser/components/wintaskbar/test/browser_taskbar_preview.js | Correct number of previews after adding - Got 5, expected 4
TEST-UNEXPECTED-FAIL | chrome://mochikit/content/browser/browser/components/wintaskbar/test/browser_taskbar_preview.js | Browser has one preview per tab - Got 5, expected 4
TEST-UNEXPECTED-FAIL | chrome://mochikit/content/browser/browser/components/wintaskbar/test/browser_taskbar_preview.js | Previews are unchanged when disabling - Got 5, expected 4
TEST-UNEXPECTED-FAIL | chrome://mochikit/content/browser/browser/components/wintaskbar/test/browser_taskbar_preview.js | Browser has one preview per tab - Got 5, expected 4
TEST-UNEXPECTED-FAIL | chrome://mochikit/content/browser/browser/components/wintaskbar/test/browser_taskbar_preview.js | Previews are unchanged when re-enabling - Got 5, expected 4
TEST-UNEXPECTED-FAIL | chrome://mochikit/content/browser/browser/components/wintaskbar/test/browser_taskbar_preview.js | Browser has one preview per tab - Got 4, expected 3
TEST-UNEXPECTED-FAIL | chrome://mochikit/content/browser/browser/components/wintaskbar/test/browser_taskbar_preview.js | Expected number of previews after closing selected tab via controller - Got 4, expected 3
TEST-UNEXPECTED-FAIL | chrome://mochikit/content/browser/browser/components/wintaskbar/test/browser_taskbar_preview.js | Browser has one preview per tab - Got 3, expected 2
TEST-UNEXPECTED-FAIL | chrome://mochikit/content/browser/browser/components/wintaskbar/test/browser_taskbar_preview.js | Expected number of previews after closing unselected via browser - Got 3, expected 2
TEST-UNEXPECTED-FAIL | chrome://mochikit/content/browser/browser/components/wintaskbar/test/browser_taskbar_preview.js | Browser has one preview per tab - Got 2, expected 1
TEST-UNEXPECTED-FAIL | chrome://mochikit/content/browser/browser/components/wintaskbar/test/browser_taskbar_preview.js | Expected number of previews after closing selected tab via browser - Got 2, expected 1
TEST-UNEXPECTED-FAIL | chrome://mochikit/content/browser/browser/components/wintaskbar/test/browser_taskbar_preview.js | Browser has one preview per tab - Got 3, expected 2
TEST-UNEXPECTED-FAIL | chrome://mochikit/content/browser/browser/components/wintaskbar/test/browser_taskbar_preview.js | Got expected number of previews - Got 3, expected 2
TEST-UNEXPECTED-FAIL | chrome://mochikit/content/browser/browser/components/wintaskbar/test/browser_taskbar_preview.js | Browser has one preview per tab - Got 2, expected 1
TEST-UNEXPECTED-FAIL | chrome://mochikit/content/browser/browser/components/wintaskbar/test/browser_taskbar_preview.js | Got expected number of previews - Got 2, expected 1
bobbyholley%gmail.com
http://tinderbox.mozilla.org/showlog.cgi?log=MozillaTry/1282335157.1282336863.30947.gz
Rev3 MacOSX Snow Leopard 10.6.2 tryserver debug test mochitest-other on 2010/08/20 13:12:37

s: talos-r3-snow-049
TEST-UNEXPECTED-FAIL | chrome://mochikit/content/browser/browser/base/content/test/browser_bug380960.js | tab removed after at most 1750 ms - Got [object XULElement @ 0x11801f520 (native @ 0x117954130)], expected null
TEST-UNEXPECTED-FAIL | chrome://mochikit/content/browser/browser/base/content/test/browser_bug380960.js | Found an unexpected tab at the end of test run: about:blank
bobbyholley%gmail.com
http://tinderbox.mozilla.org/showlog.cgi?log=MozillaTry/1282335157.1282336863.30947.gz
Rev3 MacOSX Snow Leopard 10.6.2 tryserver debug test mochitest-other on 2010/08/20 13:12:37

s: talos-r3-snow-049
TEST-UNEXPECTED-FAIL | chrome://mochikit/content/browser/browser/base/content/test/browser_bug380960.js | tab removed after at most 1750 ms - Got [object XULElement @ 0x11801f520 (native @ 0x117954130)], expected null
TEST-UNEXPECTED-FAIL | chrome://mochikit/content/browser/browser/base/content/test/browser_bug380960.js | Found an unexpected tab at the end of test run: about:blank
philringnalda%gmail.com
http://tinderbox.mozilla.org/showlog.cgi?log=Electrolysis/1282307319.1282308107.30470.gz
Rev3 MacOSX Snow Leopard 10.6.2 electrolysis opt test mochitest-other on 2010/08/20 05:28:39

s: talos-r3-snow-044
TEST-UNEXPECTED-FAIL | chrome://mochikit/content/browser/browser/base/content/test/browser_bug380960.js | tab removed after at most 1750 ms - Got [object XULElement], expected null
TEST-UNEXPECTED-FAIL | chrome://mochikit/content/browser/browser/base/content/test/browser_bug380960.js | Found an unexpected tab at the end of test run: about:blank
dmandelin%mozilla.com
http://tinderbox.mozilla.org/showlog.cgi?log=Jaegermonkey/1282336923.1282338576.6664.gz
Rev3 MacOSX Snow Leopard 10.6.2 jaegermonkey debug test mochitest-other on 2010/08/20 13:42:03

s: talos-r3-snow-015
TEST-UNEXPECTED-FAIL | chrome://mochikit/content/browser/browser/base/content/test/browser_bug380960.js | tab removed after at most 1750 ms - Got [object XULElement @ 0x117ec17c0 (native @ 0x11798c4b0)], expected null
TEST-UNEXPECTED-FAIL | chrome://mochikit/content/browser/browser/base/content/test/browser_bug380960.js | Found an unexpected tab at the end of test run: about:blank
dmandelin%mozilla.com
http://tinderbox.mozilla.org/showlog.cgi?log=Jaegermonkey/1282341050.1282341947.22358.gz
Rev3 MacOSX Snow Leopard 10.6.2 jaegermonkey opt test mochitest-other on 2010/08/20 14:50:50

s: talos-r3-snow-035
TEST-UNEXPECTED-FAIL | chrome://mochikit/content/browser/browser/base/content/test/browser_bug380960.js | got the close event syncronously
TEST-UNEXPECTED-FAIL | chrome://mochikit/content/browser/browser/base/content/test/browser_bug380960.js | Timed out
TEST-UNEXPECTED-FAIL | chrome://mochikit/content/browser/browser/base/content/test/browser_bug380960.js | Found a tab after previous test timed out: about:blank
mwu%mozilla.com
http://tinderbox.mozilla.org/showlog.cgi?log=Firefox/1282351383.1282352126.2341.gz
Rev3 MacOSX Leopard 10.5.8 mozilla-central opt test mochitest-other on 2010/08/20 17:43:03

s: talos-r3-leopard-045
TEST-UNEXPECTED-FAIL | chrome://mochikit/content/browser/browser/base/content/test/browser_bug380960.js | tab removed after at most 1750 ms - Got [object XULElement], expected null
TEST-UNEXPECTED-FAIL | chrome://mochikit/content/browser/browser/base/content/test/browser_bug380960.js | Found an unexpected tab at the end of test run: about:blank
mwu%mozilla.com
http://tinderbox.mozilla.org/showlog.cgi?log=Firefox/1282351003.1282352689.4525.gz
Rev3 MacOSX Snow Leopard 10.6.2 mozilla-central debug test mochitest-other on 2010/08/20 17:36:43

s: talos-r3-snow-016
TEST-UNEXPECTED-FAIL | chrome://mochikit/content/browser/browser/base/content/test/browser_bug380960.js | tab removed after at most 1750 ms - Got [object XULElement @ 0x1182c8120 (native @ 0x117d1fd20)], expected null
TEST-UNEXPECTED-FAIL | chrome://mochikit/content/browser/browser/base/content/test/browser_bug380960.js | Found an unexpected tab at the end of test run: about:blank
ehsan%mozilla.com
http://tinderbox.mozilla.org/showlog.cgi?log=Firefox/1282357881.1282358614.32094.gz
Rev3 MacOSX Leopard 10.5.8 mozilla-central opt test mochitest-other on 2010/08/20 19:31:21

s: talos-r3-leopard-033
TEST-UNEXPECTED-FAIL | chrome://mochikit/content/browser/browser/base/content/test/browser_bug380960.js | tab removed after at most 1750 ms - Got [object XULElement], expected null
TEST-UNEXPECTED-FAIL | chrome://mochikit/content/browser/browser/base/content/test/browser_bug380960.js | Found an unexpected tab at the end of test run: about:blank
mounir.lamouri%gmail.com
http://tinderbox.mozilla.org/showlog.cgi?log=Firefox/1282409359.1282411053.15046.gz
Rev3 MacOSX Snow Leopard 10.6.2 mozilla-central debug test mochitest-other on 2010/08/21 09:49:19

s: talos-r3-snow-010
TEST-UNEXPECTED-FAIL | chrome://mochikit/content/browser/browser/base/content/test/browser_bug380960.js | tab removed after at most 1750 ms - Got [object XULElement @ 0x1186b3b20 (native @ 0x117e836c0)], expected null
TEST-UNEXPECTED-FAIL | chrome://mochikit/content/browser/browser/base/content/test/browser_bug380960.js | Found an unexpected tab at the end of test run: about:blank
philringnalda%gmail.com
http://tinderbox.mozilla.org/showlog.cgi?log=TraceMonkey/1282389357.1282390069.15460.gz
Rev3 MacOSX Leopard 10.5.8 tracemonkey opt test mochitest-other on 2010/08/21 04:15:57

s: talos-r3-leopard-046
TEST-UNEXPECTED-FAIL | chrome://mochikit/content/browser/browser/base/content/test/browser_bug380960.js | got the close event syncronously
TEST-UNEXPECTED-FAIL | chrome://mochikit/content/browser/browser/base/content/test/browser_bug380960.js | Timed out
TEST-UNEXPECTED-FAIL | chrome://mochikit/content/browser/browser/base/content/test/browser_bug380960.js | Found a tab after previous test timed out: about:blank
philringnalda%gmail.com
http://tinderbox.mozilla.org/showlog.cgi?log=Electrolysis/1282398925.1282399981.3108.gz
Rev3 MacOSX Leopard 10.5.8 electrolysis opt test mochitest-other on 2010/08/21 06:55:25

s: talos-r3-leopard-007
TEST-UNEXPECTED-FAIL | chrome://mochikit/content/browser/browser/base/content/test/browser_bug380960.js | got the close event syncronously
TEST-UNEXPECTED-FAIL | chrome://mochikit/content/browser/browser/base/content/test/browser_bug380960.js | Timed out
TEST-UNEXPECTED-FAIL | chrome://mochikit/content/browser/browser/base/content/test/browser_bug380960.js | Found a tab after previous test timed out: about:blank
philringnalda%gmail.com
http://tinderbox.mozilla.org/showlog.cgi?log=Firefox/1282419697.1282420440.22884.gz
Rev3 MacOSX Leopard 10.5.8 mozilla-central opt test mochitest-other on 2010/08/21 12:41:37

s: talos-r3-leopard-013
TEST-UNEXPECTED-FAIL | chrome://mochikit/content/browser/browser/base/content/test/browser_bug380960.js | got the close event syncronously
TEST-UNEXPECTED-FAIL | chrome://mochikit/content/browser/browser/base/content/test/browser_bug380960.js | Timed out
TEST-UNEXPECTED-FAIL | chrome://mochikit/content/browser/browser/base/content/test/browser_bug380960.js | Found a tab after previous test timed out: about:blank
philringnalda%gmail.com
http://tinderbox.mozilla.org/showlog.cgi?log=Firefox/1282419511.1282420388.22441.gz
Rev3 MacOSX Snow Leopard 10.6.2 mozilla-central opt test mochitest-other on 2010/08/21 12:38:31

s: talos-r3-snow-030
TEST-UNEXPECTED-FAIL | chrome://mochikit/content/browser/browser/base/content/test/browser_bug380960.js | got the close event syncronously
TEST-UNEXPECTED-FAIL | chrome://mochikit/content/browser/browser/base/content/test/browser_bug380960.js | Timed out
TEST-UNEXPECTED-FAIL | chrome://mochikit/content/browser/browser/base/content/test/browser_bug380960.js | Found a tab after previous test timed out: about:blank
edilee%mozilla.com
http://tinderbox.mozilla.org/showlog.cgi?log=Maple/1282357741.1282359693.4901.gz
Rev3 MacOSX Snow Leopard 10.6.2 maple debug test mochitest-other on 2010/08/20 19:29:01

s: talos-r3-snow-023
TEST-UNEXPECTED-FAIL | chrome://mochikit/content/browser/browser/base/content/test/browser_bug380960.js | tab removed after at most 1750 ms - Got [object XULElement @ 0x117c654c0 (native @ 0x1176353d0)], expected null
TEST-UNEXPECTED-FAIL | chrome://mochikit/content/browser/browser/base/content/test/browser_bug380960.js | Found an unexpected tab at the end of test run: about:blank
mounir.lamouri%gmail.com
http://tinderbox.mozilla.org/showlog.cgi?log=MozillaTry/1282432303.1282433969.19343.gz
Rev3 MacOSX Leopard 10.5.8 tryserver debug test mochitest-other on 2010/08/21 16:11:43

s: talos-r3-leopard-032
TEST-UNEXPECTED-FAIL | chrome://mochikit/content/browser/browser/base/content/test/browser_bug380960.js | tab removed after at most 1750 ms - Got [object XULElement @ 0x1e7c2cd0 (native @ 0x1e39d900)], expected null
TEST-UNEXPECTED-FAIL | chrome://mochikit/content/browser/browser/base/content/test/browser_bug380960.js | Found an unexpected tab at the end of test run: about:blank
philringnalda%gmail.com
http://tinderbox.mozilla.org/showlog.cgi?log=Electrolysis/1282429131.1282431083.7079.gz
Rev3 WINNT 6.1 electrolysis opt test mochitest-other on 2010/08/21 15:18:51

s: talos-r3-w7-021
TEST-UNEXPECTED-FAIL | chrome://mochikit/content/browser/browser/base/content/test/browser_bug380960.js | tab removed after at most 1750 ms - Got [object XULElement], expected null
TEST-UNEXPECTED-FAIL | chrome://mochikit/content/browser/browser/base/content/test/browser_bug380960.js | Found an unexpected tab at the end of test run: about:blank
TEST-UNEXPECTED-FAIL | chrome://mochikit/content/browser/browser/components/wintaskbar/test/browser_taskbar_preview.js | Browser has one preview per tab - Got 2, expected 1
TEST-UNEXPECTED-FAIL | chrome://mochikit/content/browser/browser/components/wintaskbar/test/browser_taskbar_preview.js | Browser starts with one preview - Got 2, expected 1
TEST-UNEXPECTED-FAIL | chrome://mochikit/content/browser/browser/components/wintaskbar/test/browser_taskbar_preview.js | Browser has one preview per tab - Got 5, expected 4
TEST-UNEXPECTED-FAIL | chrome://mochikit/content/browser/browser/components/wintaskbar/test/browser_taskbar_preview.js | Correct number of previews after adding - Got 5, expected 4
TEST-UNEXPECTED-FAIL | chrome://mochikit/content/browser/browser/components/wintaskbar/test/browser_taskbar_preview.js | Browser has one preview per tab - Got 5, expected 4
TEST-UNEXPECTED-FAIL | chrome://mochikit/content/browser/browser/components/wintaskbar/test/browser_taskbar_preview.js | Previews are unchanged when disabling - Got 5, expected 4
TEST-UNEXPECTED-FAIL | chrome://mochikit/content/browser/browser/components/wintaskbar/test/browser_taskbar_preview.js | Browser has one preview per tab - Got 5, expected 4
TEST-UNEXPECTED-FAIL | chrome://mochikit/content/browser/browser/components/wintaskbar/test/browser_taskbar_preview.js | Previews are unchanged when re-enabling - Got 5, expected 4
TEST-UNEXPECTED-FAIL | chrome://mochikit/content/browser/browser/components/wintaskbar/test/browser_taskbar_preview.js | Browser has one preview per tab - Got 4, expected 3
TEST-UNEXPECTED-FAIL | chrome://mochikit/content/browser/browser/components/wintaskbar/test/browser_taskbar_preview.js | Expected number of previews after closing selected tab via controller - Got 4, expected 3
TEST-UNEXPECTED-FAIL | chrome://mochikit/content/browser/browser/components/wintaskbar/test/browser_taskbar_preview.js | Browser has one preview per tab - Got 3, expected 2
TEST-UNEXPECTED-FAIL | chrome://mochikit/content/browser/browser/components/wintaskbar/test/browser_taskbar_preview.js | Expected number of previews after closing unselected via browser - Got 3, expected 2
TEST-UNEXPECTED-FAIL | chrome://mochikit/content/browser/browser/components/wintaskbar/test/browser_taskbar_preview.js | Browser has one preview per tab - Got 2, expected 1
TEST-UNEXPECTED-FAIL | chrome://mochikit/content/browser/browser/components/wintaskbar/test/browser_taskbar_preview.js | Expected number of previews after closing selected tab via browser - Got 2, expected 1
TEST-UNEXPECTED-FAIL | chrome://mochikit/content/browser/browser/components/wintaskbar/test/browser_taskbar_preview.js | Browser has one preview per tab - Got 3, expected 2
TEST-UNEXPECTED-FAIL | chrome://mochikit/content/browser/browser/components/wintaskbar/test/browser_taskbar_preview.js | Got expected number of previews - Got 3, expected 2
TEST-UNEXPECTED-FAIL | chrome://mochikit/content/browser/browser/components/wintaskbar/test/browser_taskbar_preview.js | Browser has one preview per tab - Got 2, expected 1
TEST-UNEXPECTED-FAIL | chrome://mochikit/content/browser/browser/components/wintaskbar/test/browser_taskbar_preview.js | Got expected number of previews - Got 2, expected 1
philringnalda%gmail.com
http://tinderbox.mozilla.org/showlog.cgi?log=Firefox/1282433791.1282434652.22205.gz
Rev3 MacOSX Snow Leopard 10.6.2 mozilla-central opt test mochitest-other on 2010/08/21 16:36:31

s: talos-r3-snow-044
TEST-UNEXPECTED-FAIL | chrome://mochikit/content/browser/browser/base/content/test/browser_bug380960.js | got the close event syncronously
TEST-UNEXPECTED-FAIL | chrome://mochikit/content/browser/browser/base/content/test/browser_bug380960.js | Timed out
TEST-UNEXPECTED-FAIL | chrome://mochikit/content/browser/browser/base/content/test/browser_bug380960.js | Found a tab after previous test timed out: about:blank
mounir.lamouri%gmail.com
http://tinderbox.mozilla.org/showlog.cgi?log=MozillaTry/1282429383.1282430172.3516.gz
Rev3 MacOSX Leopard 10.5.8 tryserver opt test mochitest-other on 2010/08/21 15:23:03

s: talos-r3-leopard-047
TEST-UNEXPECTED-FAIL | chrome://mochikit/content/browser/browser/base/content/test/browser_bug380960.js | tab removed after at most 1750 ms - Got [object XULElement], expected null
TEST-UNEXPECTED-FAIL | chrome://mochikit/content/browser/browser/base/content/test/browser_bug380960.js | Found an unexpected tab at the end of test run: about:blank
mounir.lamouri%gmail.com
http://tinderbox.mozilla.org/showlog.cgi?log=MozillaTry/1282441883.1282443649.29602.gz
Rev3 MacOSX Leopard 10.5.8 tryserver debug test mochitest-other on 2010/08/21 18:51:23

s: talos-r3-leopard-037
TEST-UNEXPECTED-FAIL | chrome://mochikit/content/browser/browser/base/content/test/browser_bug380960.js | tab removed after at most 1750 ms - Got [object XULElement @ 0x1e7c2750 (native @ 0x1e39d2a0)], expected null
TEST-UNEXPECTED-FAIL | chrome://mochikit/content/browser/browser/base/content/test/browser_bug380960.js | Found an unexpected tab at the end of test run: about:blank
tnikkel%gmail.com
http://tinderbox.mozilla.org/showlog.cgi?log=Firefox/1282443270.1282444579.1340.gz
Rev3 WINNT 6.1 mozilla-central opt test mochitest-other on 2010/08/21 19:14:30

s: talos-r3-w7-038
TEST-UNEXPECTED-FAIL | chrome://mochikit/content/browser/browser/base/content/test/browser_bug380960.js | tab removed after at most 1750 ms - Got [object XULElement], expected null
TEST-UNEXPECTED-FAIL | chrome://mochikit/content/browser/browser/base/content/test/browser_bug380960.js | Found an unexpected tab at the end of test run: about:blank
TEST-UNEXPECTED-FAIL | chrome://mochikit/content/browser/browser/components/wintaskbar/test/browser_taskbar_preview.js | Browser has one preview per tab - Got 2, expected 1
TEST-UNEXPECTED-FAIL | chrome://mochikit/content/browser/browser/components/wintaskbar/test/browser_taskbar_preview.js | Browser starts with one preview - Got 2, expected 1
TEST-UNEXPECTED-FAIL | chrome://mochikit/content/browser/browser/components/wintaskbar/test/browser_taskbar_preview.js | Browser has one preview per tab - Got 5, expected 4
TEST-UNEXPECTED-FAIL | chrome://mochikit/content/browser/browser/components/wintaskbar/test/browser_taskbar_preview.js | Correct number of previews after adding - Got 5, expected 4
TEST-UNEXPECTED-FAIL | chrome://mochikit/content/browser/browser/components/wintaskbar/test/browser_taskbar_preview.js | Browser has one preview per tab - Got 5, expected 4
TEST-UNEXPECTED-FAIL | chrome://mochikit/content/browser/browser/components/wintaskbar/test/browser_taskbar_preview.js | Previews are unchanged when disabling - Got 5, expected 4
TEST-UNEXPECTED-FAIL | chrome://mochikit/content/browser/browser/components/wintaskbar/test/browser_taskbar_preview.js | Browser has one preview per tab - Got 5, expected 4
TEST-UNEXPECTED-FAIL | chrome://mochikit/content/browser/browser/components/wintaskbar/test/browser_taskbar_preview.js | Previews are unchanged when re-enabling - Got 5, expected 4
TEST-UNEXPECTED-FAIL | chrome://mochikit/content/browser/browser/components/wintaskbar/test/browser_taskbar_preview.js | Browser has one preview per tab - Got 4, expected 3
TEST-UNEXPECTED-FAIL | chrome://mochikit/content/browser/browser/components/wintaskbar/test/browser_taskbar_preview.js | Expected number of previews after closing selected tab via controller - Got 4, expected 3
TEST-UNEXPECTED-FAIL | chrome://mochikit/content/browser/browser/components/wintaskbar/test/browser_taskbar_preview.js | Browser has one preview per tab - Got 3, expected 2
TEST-UNEXPECTED-FAIL | chrome://mochikit/content/browser/browser/components/wintaskbar/test/browser_taskbar_preview.js | Expected number of previews after closing unselected via browser - Got 3, expected 2
TEST-UNEXPECTED-FAIL | chrome://mochikit/content/browser/browser/components/wintaskbar/test/browser_taskbar_preview.js | Browser has one preview per tab - Got 2, expected 1
TEST-UNEXPECTED-FAIL | chrome://mochikit/content/browser/browser/components/wintaskbar/test/browser_taskbar_preview.js | Expected number of previews after closing selected tab via browser - Got 2, expected 1
TEST-UNEXPECTED-FAIL | chrome://mochikit/content/browser/browser/components/wintaskbar/test/browser_taskbar_preview.js | Browser has one preview per tab - Got 3, expected 2
TEST-UNEXPECTED-FAIL | chrome://mochikit/content/browser/browser/components/wintaskbar/test/browser_taskbar_preview.js | Got expected number of previews - Got 3, expected 2
TEST-UNEXPECTED-FAIL | chrome://mochikit/content/browser/browser/components/wintaskbar/test/browser_taskbar_preview.js | Browser has one preview per tab - Got 2, expected 1
TEST-UNEXPECTED-FAIL | chrome://mochikit/content/browser/browser/components/wintaskbar/test/browser_taskbar_preview.js | Got expected number of previews - Got 2, expected 1
philringnalda%gmail.com
http://tinderbox.mozilla.org/showlog.cgi?log=Firefox/1282443270.1282444579.1340.gz
Rev3 WINNT 6.1 mozilla-central opt test mochitest-other on 2010/08/21 19:14:30

s: talos-r3-w7-038
TEST-UNEXPECTED-FAIL | chrome://mochikit/content/browser/browser/base/content/test/browser_bug380960.js | tab removed after at most 1750 ms - Got [object XULElement], expected null
TEST-UNEXPECTED-FAIL | chrome://mochikit/content/browser/browser/base/content/test/browser_bug380960.js | Found an unexpected tab at the end of test run: about:blank
TEST-UNEXPECTED-FAIL | chrome://mochikit/content/browser/browser/components/wintaskbar/test/browser_taskbar_preview.js | Browser has one preview per tab - Got 2, expected 1
TEST-UNEXPECTED-FAIL | chrome://mochikit/content/browser/browser/components/wintaskbar/test/browser_taskbar_preview.js | Browser starts with one preview - Got 2, expected 1
TEST-UNEXPECTED-FAIL | chrome://mochikit/content/browser/browser/components/wintaskbar/test/browser_taskbar_preview.js | Browser has one preview per tab - Got 5, expected 4
TEST-UNEXPECTED-FAIL | chrome://mochikit/content/browser/browser/components/wintaskbar/test/browser_taskbar_preview.js | Correct number of previews after adding - Got 5, expected 4
TEST-UNEXPECTED-FAIL | chrome://mochikit/content/browser/browser/components/wintaskbar/test/browser_taskbar_preview.js | Browser has one preview per tab - Got 5, expected 4
TEST-UNEXPECTED-FAIL | chrome://mochikit/content/browser/browser/components/wintaskbar/test/browser_taskbar_preview.js | Previews are unchanged when disabling - Got 5, expected 4
TEST-UNEXPECTED-FAIL | chrome://mochikit/content/browser/browser/components/wintaskbar/test/browser_taskbar_preview.js | Browser has one preview per tab - Got 5, expected 4
TEST-UNEXPECTED-FAIL | chrome://mochikit/content/browser/browser/components/wintaskbar/test/browser_taskbar_preview.js | Previews are unchanged when re-enabling - Got 5, expected 4
TEST-UNEXPECTED-FAIL | chrome://mochikit/content/browser/browser/components/wintaskbar/test/browser_taskbar_preview.js | Browser has one preview per tab - Got 4, expected 3
TEST-UNEXPECTED-FAIL | chrome://mochikit/content/browser/browser/components/wintaskbar/test/browser_taskbar_preview.js | Expected number of previews after closing selected tab via controller - Got 4, expected 3
TEST-UNEXPECTED-FAIL | chrome://mochikit/content/browser/browser/components/wintaskbar/test/browser_taskbar_preview.js | Browser has one preview per tab - Got 3, expected 2
TEST-UNEXPECTED-FAIL | chrome://mochikit/content/browser/browser/components/wintaskbar/test/browser_taskbar_preview.js | Expected number of previews after closing unselected via browser - Got 3, expected 2
TEST-UNEXPECTED-FAIL | chrome://mochikit/content/browser/browser/components/wintaskbar/test/browser_taskbar_preview.js | Browser has one preview per tab - Got 2, expected 1
TEST-UNEXPECTED-FAIL | chrome://mochikit/content/browser/browser/components/wintaskbar/test/browser_taskbar_preview.js | Expected number of previews after closing selected tab via browser - Got 2, expected 1
TEST-UNEXPECTED-FAIL | chrome://mochikit/content/browser/browser/components/wintaskbar/test/browser_taskbar_preview.js | Browser has one preview per tab - Got 3, expected 2
TEST-UNEXPECTED-FAIL | chrome://mochikit/content/browser/browser/components/wintaskbar/test/browser_taskbar_preview.js | Got expected number of previews - Got 3, expected 2
TEST-UNEXPECTED-FAIL | chrome://mochikit/content/browser/browser/components/wintaskbar/test/browser_taskbar_preview.js | Browser has one preview per tab - Got 2, expected 1
TEST-UNEXPECTED-FAIL | chrome://mochikit/content/browser/browser/components/wintaskbar/test/browser_taskbar_preview.js | Got expected number of previews - Got 2, expected 1
tnikkel%gmail.com
http://tinderbox.mozilla.org/showlog.cgi?log=Firefox/1282445241.1282446858.10972.gz
Rev3 MacOSX Leopard 10.5.8 mozilla-central debug test mochitest-other on 2010/08/21 19:47:21

s: talos-r3-leopard-032
TEST-UNEXPECTED-FAIL | chrome://mochikit/content/browser/browser/base/content/test/browser_bug380960.js | tab removed after at most 1750 ms - Got [object XULElement @ 0x1e7c2f20 (native @ 0x1e39d920)], expected null
TEST-UNEXPECTED-FAIL | chrome://mochikit/content/browser/browser/base/content/test/browser_bug380960.js | Found an unexpected tab at the end of test run: about:blank
philringnalda%gmail.com
http://tinderbox.mozilla.org/showlog.cgi?log=Firefox/1282458727.1282460483.1688.gz
Rev3 MacOSX Leopard 10.5.8 mozilla-central debug test mochitest-other on 2010/08/21 23:32:07

s: talos-r3-leopard-011
TEST-UNEXPECTED-FAIL | chrome://mochikit/content/browser/browser/base/content/test/browser_bug380960.js | tab removed after at most 1750 ms - Got [object XULElement @ 0x1e8c2540 (native @ 0x1e49ce70)], expected null
TEST-UNEXPECTED-FAIL | chrome://mochikit/content/browser/browser/base/content/test/browser_bug380960.js | Found an unexpected tab at the end of test run: about:blank
philringnalda%gmail.com
http://tinderbox.mozilla.org/showlog.cgi?log=Firefox/1282458837.1282460596.2002.gz
Rev3 MacOSX Snow Leopard 10.6.2 mozilla-central debug test mochitest-other on 2010/08/21 23:33:57

s: talos-r3-snow-020
TEST-UNEXPECTED-FAIL | chrome://mochikit/content/browser/browser/base/content/test/browser_bug380960.js | tab removed after at most 1750 ms - Got [object XULElement @ 0x118173240 (native @ 0x117c64280)], expected null
TEST-UNEXPECTED-FAIL | chrome://mochikit/content/browser/browser/base/content/test/browser_bug380960.js | Found an unexpected tab at the end of test run: about:blank
tnikkel%gmail.com
http://tinderbox.mozilla.org/showlog.cgi?log=Firefox/1282461787.1282463426.13908.gz
Rev3 MacOSX Leopard 10.5.8 mozilla-central debug test mochitest-other on 2010/08/22 00:23:07

s: talos-r3-leopard-008
TEST-UNEXPECTED-FAIL | chrome://mochikit/content/browser/browser/base/content/test/browser_bug380960.js | tab removed after at most 1750 ms - Got [object XULElement @ 0x1e8c2dd0 (native @ 0x1e49d5a0)], expected null
TEST-UNEXPECTED-FAIL | chrome://mochikit/content/browser/browser/base/content/test/browser_bug380960.js | Found an unexpected tab at the end of test run: about:blank
tnikkel%gmail.com
http://tinderbox.mozilla.org/showlog.cgi?log=Firefox/1282463193.1282464960.20196.gz
Rev3 WINNT 6.1 mozilla-central opt test mochitest-other on 2010/08/22 00:46:33

s: talos-r3-w7-006
TEST-UNEXPECTED-FAIL | chrome://mochikit/content/browser/browser/base/content/test/browser_bug380960.js | tab removed after at most 1750 ms - Got [object XULElement], expected null
TEST-UNEXPECTED-FAIL | chrome://mochikit/content/browser/browser/base/content/test/browser_bug380960.js | Found an unexpected tab at the end of test run: about:blank
TEST-UNEXPECTED-FAIL | chrome://mochikit/content/browser/browser/components/wintaskbar/test/browser_taskbar_preview.js | Browser has one preview per tab - Got 2, expected 1
TEST-UNEXPECTED-FAIL | chrome://mochikit/content/browser/browser/components/wintaskbar/test/browser_taskbar_preview.js | Browser starts with one preview - Got 2, expected 1
TEST-UNEXPECTED-FAIL | chrome://mochikit/content/browser/browser/components/wintaskbar/test/browser_taskbar_preview.js | Browser has one preview per tab - Got 5, expected 4
TEST-UNEXPECTED-FAIL | chrome://mochikit/content/browser/browser/components/wintaskbar/test/browser_taskbar_preview.js | Correct number of previews after adding - Got 5, expected 4
TEST-UNEXPECTED-FAIL | chrome://mochikit/content/browser/browser/components/wintaskbar/test/browser_taskbar_preview.js | Browser has one preview per tab - Got 5, expected 4
TEST-UNEXPECTED-FAIL | chrome://mochikit/content/browser/browser/components/wintaskbar/test/browser_taskbar_preview.js | Previews are unchanged when disabling - Got 5, expected 4
TEST-UNEXPECTED-FAIL | chrome://mochikit/content/browser/browser/components/wintaskbar/test/browser_taskbar_preview.js | Browser has one preview per tab - Got 5, expected 4
TEST-UNEXPECTED-FAIL | chrome://mochikit/content/browser/browser/components/wintaskbar/test/browser_taskbar_preview.js | Previews are unchanged when re-enabling - Got 5, expected 4
TEST-UNEXPECTED-FAIL | chrome://mochikit/content/browser/browser/components/wintaskbar/test/browser_taskbar_preview.js | Browser has one preview per tab - Got 4, expected 3
TEST-UNEXPECTED-FAIL | chrome://mochikit/content/browser/browser/components/wintaskbar/test/browser_taskbar_preview.js | Expected number of previews after closing selected tab via controller - Got 4, expected 3
TEST-UNEXPECTED-FAIL | chrome://mochikit/content/browser/browser/components/wintaskbar/test/browser_taskbar_preview.js | Browser has one preview per tab - Got 3, expected 2
TEST-UNEXPECTED-FAIL | chrome://mochikit/content/browser/browser/components/wintaskbar/test/browser_taskbar_preview.js | Expected number of previews after closing unselected via browser - Got 3, expected 2
TEST-UNEXPECTED-FAIL | chrome://mochikit/content/browser/browser/components/wintaskbar/test/browser_taskbar_preview.js | Browser has one preview per tab - Got 2, expected 1
TEST-UNEXPECTED-FAIL | chrome://mochikit/content/browser/browser/components/wintaskbar/test/browser_taskbar_preview.js | Expected number of previews after closing selected tab via browser - Got 2, expected 1
TEST-UNEXPECTED-FAIL | chrome://mochikit/content/browser/browser/components/wintaskbar/test/browser_taskbar_preview.js | Browser has one preview per tab - Got 3, expected 2
TEST-UNEXPECTED-FAIL | chrome://mochikit/content/browser/browser/components/wintaskbar/test/browser_taskbar_preview.js | Got expected number of previews - Got 3, expected 2
TEST-UNEXPECTED-FAIL | chrome://mochikit/content/browser/browser/components/wintaskbar/test/browser_taskbar_preview.js | Browser has one preview per tab - Got 2, expected 1
TEST-UNEXPECTED-FAIL | chrome://mochikit/content/browser/browser/components/wintaskbar/test/browser_taskbar_preview.js | Got expected number of previews - Got 2, expected 1
TEST-UNEXPECTED-FAIL | chrome://mochikit/content/browser/toolkit/mozapps/extensions/test/xpinstall/browser_whitelist5.js | Timed out
TEST-UNEXPECTED-FAIL | chrome://mochikit/content/browser/toolkit/mozapps/extensions/test/xpinstall/browser_whitelist5.js | Found a tab after previous test timed out: about:blank
TEST-UNEXPECTED-FAIL | chrome://mochikit/content/browser/toolkit/mozapps/extensions/test/xpinstall/browser_whitelist6.js | Timed out
TEST-UNEXPECTED-FAIL | chrome://mochikit/content/browser/toolkit/mozapps/extensions/test/xpinstall/browser_whitelist6.js | Found a tab after previous test timed out: about:blank
TEST-UNEXPECTED-FAIL | chrome://mochikit/content/browser/toolkit/mozapps/plugins/tests/browser_bug435788.js | Should have been a successful install - Got Failed, expected Installed
TEST-UNEXPECTED-FAIL | chrome://mochikit/content/browser/toolkit/mozapps/plugins/tests/browser_bug435788.js | Should have been a successful install - Got Failed, expected Installed
jmaher%mozilla.com
http://tinderbox.mozilla.org/showlog.cgi?log=MozillaTry/1282418513.1282420190.21606.gz
Rev3 MacOSX Leopard 10.5.8 tryserver debug test mochitest-other on 2010/08/21 12:21:53

s: talos-r3-leopard-044
TEST-UNEXPECTED-FAIL | chrome://mochikit/content/browser/browser/base/content/test/browser_bug380960.js | tab removed after at most 1750 ms - Got [object XULElement @ 0x1e0c28b0 (native @ 0x1dc9d4e0)], expected null
TEST-UNEXPECTED-FAIL | chrome://mochikit/content/browser/browser/base/content/test/browser_bug380960.js | Found an unexpected tab at the end of test run: about:blank
khuey
http://tinderbox.mozilla.org/showlog.cgi?log=Firefox/1282491505.1282492281.30177.gz
Rev3 MacOSX Snow Leopard 10.6.2 mozilla-central opt test mochitest-other on 2010/08/22 08:38:25

s: talos-r3-snow-052
TEST-UNEXPECTED-FAIL | chrome://mochikit/content/browser/browser/base/content/test/browser_bug380960.js | tab removed after at most 1750 ms - Got [object XULElement], expected null
TEST-UNEXPECTED-FAIL | chrome://mochikit/content/browser/browser/base/content/test/browser_bug380960.js | Found an unexpected tab at the end of test run: about:blank
philringnalda%gmail.com
http://tinderbox.mozilla.org/showlog.cgi?log=Firefox/1282483921.1282484654.28175.gz
Rev3 MacOSX Leopard 10.5.8 mozilla-central opt test mochitest-other on 2010/08/22 06:32:01

s: talos-r3-leopard-022
TEST-UNEXPECTED-FAIL | chrome://mochikit/content/browser/browser/base/content/test/browser_bug380960.js | got the close event syncronously
TEST-UNEXPECTED-FAIL | chrome://mochikit/content/browser/browser/base/content/test/browser_bug380960.js | Timed out
TEST-UNEXPECTED-FAIL | chrome://mochikit/content/browser/browser/base/content/test/browser_bug380960.js | Found a tab after previous test timed out: about:blank
mounir.lamouri%gmail.com
http://tinderbox.mozilla.org/showlog.cgi?log=Firefox/1282499842.1282500678.31080.gz
Rev3 MacOSX Snow Leopard 10.6.2 mozilla-central opt test mochitest-other on 2010/08/22 10:57:22

s: talos-r3-snow-035
TEST-UNEXPECTED-FAIL | chrome://mochikit/content/browser/browser/base/content/test/browser_bug380960.js | tab removed after at most 1750 ms - Got [object XULElement], expected null
TEST-UNEXPECTED-FAIL | chrome://mochikit/content/browser/browser/base/content/test/browser_bug380960.js | tab removed after at most 1750 ms - Got [object XULElement], expected null
TEST-UNEXPECTED-FAIL | chrome://mochikit/content/browser/browser/base/content/test/browser_bug380960.js | Found an unexpected tab at the end of test run: about:blank
TEST-UNEXPECTED-FAIL | chrome://mochikit/content/browser/browser/base/content/test/browser_bug380960.js | Found an unexpected tab at the end of test run: about:blank
philringnalda%gmail.com
http://tinderbox.mozilla.org/showlog.cgi?log=Firefox/1282499842.1282500678.31080.gz
Rev3 MacOSX Snow Leopard 10.6.2 mozilla-central opt test mochitest-other on 2010/08/22 10:57:22

s: talos-r3-snow-035
TEST-UNEXPECTED-FAIL | chrome://mochikit/content/browser/browser/base/content/test/browser_bug380960.js | tab removed after at most 1750 ms - Got [object XULElement], expected null
TEST-UNEXPECTED-FAIL | chrome://mochikit/content/browser/browser/base/content/test/browser_bug380960.js | tab removed after at most 1750 ms - Got [object XULElement], expected null
TEST-UNEXPECTED-FAIL | chrome://mochikit/content/browser/browser/base/content/test/browser_bug380960.js | Found an unexpected tab at the end of test run: about:blank
TEST-UNEXPECTED-FAIL | chrome://mochikit/content/browser/browser/base/content/test/browser_bug380960.js | Found an unexpected tab at the end of test run: about:blank
josh%joshmatthews.net
http://tinderbox.mozilla.org/showlog.cgi?log=Firefox/1282499842.1282500678.31080.gz
Rev3 MacOSX Snow Leopard 10.6.2 mozilla-central opt test mochitest-other on 2010/08/22 10:57:22

s: talos-r3-snow-035
TEST-UNEXPECTED-FAIL | chrome://mochikit/content/browser/browser/base/content/test/browser_bug380960.js | tab removed after at most 1750 ms - Got [object XULElement], expected null
TEST-UNEXPECTED-FAIL | chrome://mochikit/content/browser/browser/base/content/test/browser_bug380960.js | tab removed after at most 1750 ms - Got [object XULElement], expected null
TEST-UNEXPECTED-FAIL | chrome://mochikit/content/browser/browser/base/content/test/browser_bug380960.js | Found an unexpected tab at the end of test run: about:blank
TEST-UNEXPECTED-FAIL | chrome://mochikit/content/browser/browser/base/content/test/browser_bug380960.js | Found an unexpected tab at the end of test run: about:blank
josh%joshmatthews.net
http://tinderbox.mozilla.org/showlog.cgi?log=Electrolysis/1282479731.1282480508.7646.gz
Rev3 MacOSX Snow Leopard 10.6.2 electrolysis opt test mochitest-other on 2010/08/22 05:22:11

s: talos-r3-snow-052
TEST-UNEXPECTED-FAIL | chrome://mochikit/content/browser/browser/base/content/test/browser_bug380960.js | tab removed after at most 1750 ms - Got [object XULElement], expected null
TEST-UNEXPECTED-FAIL | chrome://mochikit/content/browser/browser/base/content/test/browser_bug380960.js | Found an unexpected tab at the end of test run: about:blank
mounir.lamouri%gmail.com
http://tinderbox.mozilla.org/showlog.cgi?log=Firefox/1282503104.1282504802.17260.gz
Rev3 MacOSX Snow Leopard 10.6.2 mozilla-central debug test mochitest-other on 2010/08/22 11:51:44

s: talos-r3-snow-026
TEST-UNEXPECTED-FAIL | chrome://mochikit/content/browser/browser/base/content/test/browser_bug380960.js | tab removed after at most 1750 ms - Got [object XULElement @ 0x117ecbe70 (native @ 0x11797d190)], expected null
TEST-UNEXPECTED-FAIL | chrome://mochikit/content/browser/browser/base/content/test/browser_bug380960.js | Found an unexpected tab at the end of test run: about:blank
philringnalda%gmail.com
http://tinderbox.mozilla.org/showlog.cgi?log=Firefox/1282503104.1282504802.17260.gz
Rev3 MacOSX Snow Leopard 10.6.2 mozilla-central debug test mochitest-other on 2010/08/22 11:51:44

s: talos-r3-snow-026
TEST-UNEXPECTED-FAIL | chrome://mochikit/content/browser/browser/base/content/test/browser_bug380960.js | tab removed after at most 1750 ms - Got [object XULElement @ 0x117ecbe70 (native @ 0x11797d190)], expected null
TEST-UNEXPECTED-FAIL | chrome://mochikit/content/browser/browser/base/content/test/browser_bug380960.js | Found an unexpected tab at the end of test run: about:blank
jmaher%mozilla.com
http://tinderbox.mozilla.org/showlog.cgi?log=MozillaTry/1282516249.1282517090.31993.gz
Rev3 MacOSX Snow Leopard 10.6.2 tryserver opt test mochitest-other on 2010/08/22 15:30:49

s: talos-r3-snow-038
TEST-UNEXPECTED-FAIL | chrome://mochikit/content/browser/browser/base/content/test/browser_bug380960.js | got the close event syncronously
TEST-UNEXPECTED-FAIL | chrome://mochikit/content/browser/browser/base/content/test/browser_bug380960.js | Timed out
TEST-UNEXPECTED-FAIL | chrome://mochikit/content/browser/browser/base/content/test/browser_bug380960.js | Found a tab after previous test timed out: about:blank
ehsan%mozilla.com
http://tinderbox.mozilla.org/showlog.cgi?log=Firefox/1282525086.1282525894.1436.gz
Rev3 MacOSX Snow Leopard 10.6.2 mozilla-central opt test mochitest-other on 2010/08/22 17:58:06

s: talos-r3-snow-023
TEST-UNEXPECTED-FAIL | chrome://mochikit/content/browser/browser/base/content/test/browser_bug380960.js | tab removed after at most 1750 ms - Got [object XULElement], expected null
TEST-UNEXPECTED-FAIL | chrome://mochikit/content/browser/browser/base/content/test/browser_bug380960.js | Found an unexpected tab at the end of test run: about:blank
philringnalda%gmail.com
http://tinderbox.mozilla.org/showlog.cgi?log=Firefox/1282525086.1282525894.1436.gz
Rev3 MacOSX Snow Leopard 10.6.2 mozilla-central opt test mochitest-other on 2010/08/22 17:58:06

s: talos-r3-snow-023
TEST-UNEXPECTED-FAIL | chrome://mochikit/content/browser/browser/base/content/test/browser_bug380960.js | tab removed after at most 1750 ms - Got [object XULElement], expected null
TEST-UNEXPECTED-FAIL | chrome://mochikit/content/browser/browser/base/content/test/browser_bug380960.js | Found an unexpected tab at the end of test run: about:blank
philringnalda%gmail.com
http://tinderbox.mozilla.org/showlog.cgi?log=Firefox/1282525027.1282526698.5117.gz
Rev3 MacOSX Leopard 10.5.8 mozilla-central debug test mochitest-other on 2010/08/22 17:57:07

s: talos-r3-leopard-006
TEST-UNEXPECTED-FAIL | chrome://mochikit/content/browser/browser/base/content/test/browser_bug380960.js | tab removed after at most 1750 ms - Got [object XULElement @ 0x1ecc3530 (native @ 0x1e89df30)], expected null
TEST-UNEXPECTED-FAIL | chrome://mochikit/content/browser/browser/base/content/test/browser_bug380960.js | Found an unexpected tab at the end of test run: about:blank
philringnalda%gmail.com
http://tinderbox.mozilla.org/showlog.cgi?log=Firefox/1282533307.1282535068.8792.gz
Rev3 MacOSX Snow Leopard 10.6.2 mozilla-central debug test mochitest-other on 2010/08/22 20:15:07

s: talos-r3-snow-003
TEST-UNEXPECTED-FAIL | chrome://mochikit/content/browser/browser/base/content/test/browser_bug380960.js | tab removed after at most 1750 ms - Got [object XULElement @ 0x11839cc70 (native @ 0x117a68d10)], expected null
TEST-UNEXPECTED-FAIL | chrome://mochikit/content/browser/browser/base/content/test/browser_bug380960.js | Found an unexpected tab at the end of test run: about:blank
karlt+%karlt.net
http://tinderbox.mozilla.org/showlog.cgi?log=Firefox/1282533307.1282535068.8792.gz
Rev3 MacOSX Snow Leopard 10.6.2 mozilla-central debug test mochitest-other on 2010/08/22 20:15:07

s: talos-r3-snow-003
TEST-UNEXPECTED-FAIL | chrome://mochikit/content/browser/browser/base/content/test/browser_bug380960.js | tab removed after at most 1750 ms - Got [object XULElement @ 0x11839cc70 (native @ 0x117a68d10)], expected null
TEST-UNEXPECTED-FAIL | chrome://mochikit/content/browser/browser/base/content/test/browser_bug380960.js | Found an unexpected tab at the end of test run: about:blank
philringnalda%gmail.com
http://tinderbox.mozilla.org/showlog.cgi?log=Firefox/1282533402.1282535242.9415.gz
Rev3 WINNT 6.1 mozilla-central opt test mochitest-other on 2010/08/22 20:16:42

s: talos-r3-w7-047
TEST-UNEXPECTED-FAIL | chrome://mochikit/content/browser/browser/base/content/test/browser_bug380960.js | tab removed after at most 1750 ms - Got [object XULElement], expected null
TEST-UNEXPECTED-FAIL | chrome://mochikit/content/browser/browser/base/content/test/browser_bug380960.js | Found an unexpected tab at the end of test run: about:blank
TEST-UNEXPECTED-FAIL | chrome://mochikit/content/browser/browser/components/wintaskbar/test/browser_taskbar_preview.js | Browser has one preview per tab - Got 2, expected 1
TEST-UNEXPECTED-FAIL | chrome://mochikit/content/browser/browser/components/wintaskbar/test/browser_taskbar_preview.js | Browser starts with one preview - Got 2, expected 1
TEST-UNEXPECTED-FAIL | chrome://mochikit/content/browser/browser/components/wintaskbar/test/browser_taskbar_preview.js | Browser has one preview per tab - Got 5, expected 4
TEST-UNEXPECTED-FAIL | chrome://mochikit/content/browser/browser/components/wintaskbar/test/browser_taskbar_preview.js | Correct number of previews after adding - Got 5, expected 4
TEST-UNEXPECTED-FAIL | chrome://mochikit/content/browser/browser/components/wintaskbar/test/browser_taskbar_preview.js | Browser has one preview per tab - Got 5, expected 4
TEST-UNEXPECTED-FAIL | chrome://mochikit/content/browser/browser/components/wintaskbar/test/browser_taskbar_preview.js | Previews are unchanged when disabling - Got 5, expected 4
TEST-UNEXPECTED-FAIL | chrome://mochikit/content/browser/browser/components/wintaskbar/test/browser_taskbar_preview.js | Browser has one preview per tab - Got 5, expected 4
TEST-UNEXPECTED-FAIL | chrome://mochikit/content/browser/browser/components/wintaskbar/test/browser_taskbar_preview.js | Previews are unchanged when re-enabling - Got 5, expected 4
TEST-UNEXPECTED-FAIL | chrome://mochikit/content/browser/browser/components/wintaskbar/test/browser_taskbar_preview.js | Browser has one preview per tab - Got 4, expected 3
TEST-UNEXPECTED-FAIL | chrome://mochikit/content/browser/browser/components/wintaskbar/test/browser_taskbar_preview.js | Expected number of previews after closing selected tab via controller - Got 4, expected 3
TEST-UNEXPECTED-FAIL | chrome://mochikit/content/browser/browser/components/wintaskbar/test/browser_taskbar_preview.js | Browser has one preview per tab - Got 3, expected 2
TEST-UNEXPECTED-FAIL | chrome://mochikit/content/browser/browser/components/wintaskbar/test/browser_taskbar_preview.js | Expected number of previews after closing unselected via browser - Got 3, expected 2
TEST-UNEXPECTED-FAIL | chrome://mochikit/content/browser/browser/components/wintaskbar/test/browser_taskbar_preview.js | Browser has one preview per tab - Got 2, expected 1
TEST-UNEXPECTED-FAIL | chrome://mochikit/content/browser/browser/components/wintaskbar/test/browser_taskbar_preview.js | Expected number of previews after closing selected tab via browser - Got 2, expected 1
TEST-UNEXPECTED-FAIL | chrome://mochikit/content/browser/browser/components/wintaskbar/test/browser_taskbar_preview.js | Browser has one preview per tab - Got 3, expected 2
TEST-UNEXPECTED-FAIL | chrome://mochikit/content/browser/browser/components/wintaskbar/test/browser_taskbar_preview.js | Got expected number of previews - Got 3, expected 2
TEST-UNEXPECTED-FAIL | chrome://mochikit/content/browser/browser/components/wintaskbar/test/browser_taskbar_preview.js | Browser has one preview per tab - Got 2, expected 1
TEST-UNEXPECTED-FAIL | chrome://mochikit/content/browser/browser/components/wintaskbar/test/browser_taskbar_preview.js | Got expected number of previews - Got 2, expected 1
philringnalda%gmail.com
http://tinderbox.mozilla.org/showlog.cgi?log=Firefox/1282540288.1282540975.1879.gz
Rev3 MacOSX Leopard 10.5.8 mozilla-central opt test mochitest-other on 2010/08/22 22:11:28

s: talos-r3-leopard-018
TEST-UNEXPECTED-FAIL | chrome://mochikit/content/browser/browser/base/content/test/browser_bug380960.js | tab removed after at most 1750 ms - Got [object XULElement], expected null
TEST-UNEXPECTED-FAIL | chrome://mochikit/content/browser/browser/base/content/test/browser_bug380960.js | Found an unexpected tab at the end of test run: about:blank
tnikkel%gmail.com
http://tinderbox.mozilla.org/showlog.cgi?log=Firefox/1282548059.1282549938.11521.gz
Rev3 WINNT 6.1 mozilla-central opt test mochitest-other on 2010/08/23 00:20:59

s: talos-r3-w7-010
TEST-UNEXPECTED-FAIL | chrome://mochikit/content/browser/browser/base/content/test/browser_bug380960.js | tab removed after at most 1750 ms - Got [object XULElement], expected null
TEST-UNEXPECTED-FAIL | chrome://mochikit/content/browser/browser/base/content/test/browser_bug380960.js | Found an unexpected tab at the end of test run: about:blank
TEST-UNEXPECTED-FAIL | chrome://mochikit/content/browser/browser/components/wintaskbar/test/browser_taskbar_preview.js | Browser has one preview per tab - Got 2, expected 1
TEST-UNEXPECTED-FAIL | chrome://mochikit/content/browser/browser/components/wintaskbar/test/browser_taskbar_preview.js | Browser starts with one preview - Got 2, expected 1
TEST-UNEXPECTED-FAIL | chrome://mochikit/content/browser/browser/components/wintaskbar/test/browser_taskbar_preview.js | Browser has one preview per tab - Got 5, expected 4
TEST-UNEXPECTED-FAIL | chrome://mochikit/content/browser/browser/components/wintaskbar/test/browser_taskbar_preview.js | Correct number of previews after adding - Got 5, expected 4
TEST-UNEXPECTED-FAIL | chrome://mochikit/content/browser/browser/components/wintaskbar/test/browser_taskbar_preview.js | Browser has one preview per tab - Got 5, expected 4
TEST-UNEXPECTED-FAIL | chrome://mochikit/content/browser/browser/components/wintaskbar/test/browser_taskbar_preview.js | Previews are unchanged when disabling - Got 5, expected 4
TEST-UNEXPECTED-FAIL | chrome://mochikit/content/browser/browser/components/wintaskbar/test/browser_taskbar_preview.js | Browser has one preview per tab - Got 5, expected 4
TEST-UNEXPECTED-FAIL | chrome://mochikit/content/browser/browser/components/wintaskbar/test/browser_taskbar_preview.js | Previews are unchanged when re-enabling - Got 5, expected 4
TEST-UNEXPECTED-FAIL | chrome://mochikit/content/browser/browser/components/wintaskbar/test/browser_taskbar_preview.js | Browser has one preview per tab - Got 4, expected 3
TEST-UNEXPECTED-FAIL | chrome://mochikit/content/browser/browser/components/wintaskbar/test/browser_taskbar_preview.js | Expected number of previews after closing selected tab via controller - Got 4, expected 3
TEST-UNEXPECTED-FAIL | chrome://mochikit/content/browser/browser/components/wintaskbar/test/browser_taskbar_preview.js | Browser has one preview per tab - Got 3, expected 2
TEST-UNEXPECTED-FAIL | chrome://mochikit/content/browser/browser/components/wintaskbar/test/browser_taskbar_preview.js | Expected number of previews after closing unselected via browser - Got 3, expected 2
TEST-UNEXPECTED-FAIL | chrome://mochikit/content/browser/browser/components/wintaskbar/test/browser_taskbar_preview.js | Browser has one preview per tab - Got 2, expected 1
TEST-UNEXPECTED-FAIL | chrome://mochikit/content/browser/browser/components/wintaskbar/test/browser_taskbar_preview.js | Expected number of previews after closing selected tab via browser - Got 2, expected 1
TEST-UNEXPECTED-FAIL | chrome://mochikit/content/browser/browser/components/wintaskbar/test/browser_taskbar_preview.js | Browser has one preview per tab - Got 3, expected 2
TEST-UNEXPECTED-FAIL | chrome://mochikit/content/browser/browser/components/wintaskbar/test/browser_taskbar_preview.js | Got expected number of previews - Got 3, expected 2
TEST-UNEXPECTED-FAIL | chrome://mochikit/content/browser/browser/components/wintaskbar/test/browser_taskbar_preview.js | Browser has one preview per tab - Got 2, expected 1
TEST-UNEXPECTED-FAIL | chrome://mochikit/content/browser/browser/components/wintaskbar/test/browser_taskbar_preview.js | Got expected number of previews - Got 2, expected 1
jfkthame%gmail.com
http://tinderbox.mozilla.org/showlog.cgi?log=Firefox/1282558341.1282559392.29007.gz
Rev3 MacOSX Snow Leopard 10.6.2 mozilla-central opt test mochitest-other on 2010/08/23 03:12:21

s: talos-r3-snow-024
TEST-UNEXPECTED-FAIL | chrome://mochikit/content/browser/browser/base/content/test/browser_bug380960.js | got the close event syncronously
TEST-UNEXPECTED-FAIL | chrome://mochikit/content/browser/browser/base/content/test/browser_bug380960.js | Test timed out
TEST-UNEXPECTED-FAIL | chrome://mochikit/content/browser/browser/base/content/test/browser_bug380960.js | Found a tab after previous test timed out: about:blank
jfkthame%gmail.com
http://tinderbox.mozilla.org/showlog.cgi?log=Firefox/1282558674.1282560402.3047.gz
Rev3 MacOSX Snow Leopard 10.6.2 mozilla-central debug test mochitest-other on 2010/08/23 03:17:54

s: talos-r3-snow-018
TEST-UNEXPECTED-FAIL | chrome://mochikit/content/browser/browser/base/content/test/browser_bug380960.js | tab removed after at most 1750 ms - Got [object XULElement @ 0x118710590 (native @ 0x11821ca60)], expected null
TEST-UNEXPECTED-FAIL | chrome://mochikit/content/browser/browser/base/content/test/browser_bug380960.js | Found an unexpected tab at the end of test run: about:blank
jmaher%mozilla.com
http://tinderbox.mozilla.org/showlog.cgi?log=MozillaTry/1282571881.1282573548.15961.gz
Rev3 MacOSX Snow Leopard 10.6.2 tryserver debug test mochitest-other on 2010/08/23 06:58:01

s: talos-r3-snow-049
TEST-UNEXPECTED-FAIL | chrome://mochikit/content/browser/browser/base/content/test/browser_bug380960.js | tab removed after at most 1750 ms - Got [object XULElement @ 0x117f01d70 (native @ 0x117923ba0)], expected null
TEST-UNEXPECTED-FAIL | chrome://mochikit/content/browser/browser/base/content/test/browser_bug380960.js | Found an unexpected tab at the end of test run: about:blank
me%shawnwilsher.com
http://tinderbox.mozilla.org/showlog.cgi?log=MozillaTry/1282585926.1282586738.8271.gz
Rev3 MacOSX Snow Leopard 10.6.2 tryserver opt test mochitest-other on 2010/08/23 10:52:06

s: talos-r3-snow-018
TEST-UNEXPECTED-FAIL | chrome://mochikit/content/browser/browser/base/content/test/browser_bug380960.js | got the close event syncronously
TEST-UNEXPECTED-FAIL | chrome://mochikit/content/browser/browser/base/content/test/browser_bug380960.js | Test timed out
TEST-UNEXPECTED-FAIL | chrome://mochikit/content/browser/browser/base/content/test/browser_bug380960.js | Found a tab after previous test timed out: about:blank
gavin%gavinsharp.com
http://tinderbox.mozilla.org/showlog.cgi?log=Firefox/1282593010.1282593855.10648.gz
Rev3 MacOSX Leopard 10.5.8 mozilla-central opt test mochitest-other on 2010/08/23 12:50:10

s: talos-r3-leopard-004
TEST-UNEXPECTED-FAIL | chrome://mochikit/content/browser/browser/base/content/test/browser_bug380960.js | tab removed after at most 1750 ms - Got [object XULElement], expected null
TEST-UNEXPECTED-FAIL | chrome://mochikit/content/browser/browser/base/content/test/browser_bug380960.js | Found an unexpected tab at the end of test run: about:blank
philringnalda%gmail.com
http://tinderbox.mozilla.org/showlog.cgi?log=Firefox/1282592964.1282594737.14931.gz
Rev3 MacOSX Snow Leopard 10.6.2 mozilla-central debug test mochitest-other on 2010/08/23 12:49:24

s: talos-r3-snow-051
TEST-UNEXPECTED-FAIL | chrome://mochikit/content/browser/browser/base/content/test/browser_bug380960.js | tab removed after at most 1750 ms - Got [object XULElement @ 0x110d34e60 (native @ 0x110595800)], expected null
TEST-UNEXPECTED-FAIL | chrome://mochikit/content/browser/browser/base/content/test/browser_bug380960.js | Found an unexpected tab at the end of test run: about:blank
philringnalda%gmail.com
http://tinderbox.mozilla.org/showlog.cgi?log=Firefox/1282597608.1282598652.691.gz
Rev3 MacOSX Snow Leopard 10.6.2 mozilla-central opt test mochitest-other on 2010/08/23 14:06:48

s: talos-r3-snow-047
TEST-UNEXPECTED-FAIL | chrome://mochikit/content/browser/browser/base/content/test/browser_bug380960.js | tab removed after at most 1750 ms - Got [object XULElement], expected null
TEST-UNEXPECTED-FAIL | chrome://mochikit/content/browser/browser/base/content/test/browser_bug380960.js | Found an unexpected tab at the end of test run: about:blank

http://tinderbox.mozilla.org/showlog.cgi?log=MozillaTry/1282555705.1282557724.18970.gz
Rev3 MacOSX Snow Leopard 10.6.2 tryserver debug test mochitest-other on 2010/08/23 02:28:25

s: talos-r3-snow-041
TEST-UNEXPECTED-FAIL | chrome://mochikit/content/browser/browser/base/content/test/browser_bug380960.js | tab removed after at most 1750 ms - Got [object XULElement @ 0x117cde6e0 (native @ 0x117378cd0)], expected null
TEST-UNEXPECTED-FAIL | chrome://mochikit/content/browser/browser/base/content/test/browser_bug380960.js | Found an unexpected tab at the end of test run: about:blank

http://tinderbox.mozilla.org/showlog.cgi?log=MozillaTry/1282555705.1282557724.18970.gz
Rev3 MacOSX Snow Leopard 10.6.2 tryserver debug test mochitest-other on 2010/08/23 02:28:25

s: talos-r3-snow-041
TEST-UNEXPECTED-FAIL | chrome://mochikit/content/browser/browser/base/content/test/browser_bug380960.js | tab removed after at most 1750 ms - Got [object XULElement @ 0x117cde6e0 (native @ 0x117378cd0)], expected null
TEST-UNEXPECTED-FAIL | chrome://mochikit/content/browser/browser/base/content/test/browser_bug380960.js | Found an unexpected tab at the end of test run: about:blank

http://tinderbox.mozilla.org/showlog.cgi?log=MozillaTry/1282555705.1282557724.18970.gz
Rev3 MacOSX Snow Leopard 10.6.2 tryserver debug test mochitest-other on 2010/08/23 02:28:25

s: talos-r3-snow-041
TEST-UNEXPECTED-FAIL | chrome://mochikit/content/browser/browser/base/content/test/browser_bug380960.js | tab removed after at most 1750 ms - Got [object XULElement @ 0x117cde6e0 (native @ 0x117378cd0)], expected null
TEST-UNEXPECTED-FAIL | chrome://mochikit/content/browser/browser/base/content/test/browser_bug380960.js | Found an unexpected tab at the end of test run: about:blank

http://tinderbox.mozilla.org/showlog.cgi?log=MozillaTry/1282555705.1282557724.18970.gz
Rev3 MacOSX Snow Leopard 10.6.2 tryserver debug test mochitest-other on 2010/08/23 02:28:25

s: talos-r3-snow-041
TEST-UNEXPECTED-FAIL | chrome://mochikit/content/browser/browser/base/content/test/browser_bug380960.js | tab removed after at most 1750 ms - Got [object XULElement @ 0x117cde6e0 (native @ 0x117378cd0)], expected null
TEST-UNEXPECTED-FAIL | chrome://mochikit/content/browser/browser/base/content/test/browser_bug380960.js | Found an unexpected tab at the end of test run: about:blank
philringnalda%gmail.com
http://tinderbox.mozilla.org/showlog.cgi?log=TraceMonkey/1282600796.1282601893.17038.gz
Rev3 MacOSX Snow Leopard 10.6.2 tracemonkey opt test mochitest-other on 2010/08/23 14:59:56

s: talos-r3-snow-050
TEST-UNEXPECTED-FAIL | chrome://mochikit/content/browser/browser/base/content/test/browser_bug380960.js | tab removed after at most 1750 ms - Got [object XULElement], expected null
TEST-UNEXPECTED-FAIL | chrome://mochikit/content/browser/browser/base/content/test/browser_bug380960.js | Found an unexpected tab at the end of test run: about:blank
philringnalda%gmail.com
http://tinderbox.mozilla.org/showlog.cgi?log=Firefox/1282599842.1282601895.17087.gz
Rev3 MacOSX Snow Leopard 10.6.2 mozilla-central debug test mochitest-other on 2010/08/23 14:44:02

s: talos-r3-snow-024
TEST-UNEXPECTED-FAIL | chrome://mochikit/content/browser/browser/base/content/test/browser_bug380960.js | tab removed after at most 1750 ms - Got [object XULElement @ 0x117e0a2b0 (native @ 0x11785c520)], expected null
TEST-UNEXPECTED-FAIL | chrome://mochikit/content/browser/browser/base/content/test/browser_bug380960.js | Found an unexpected tab at the end of test run: about:blank
philringnalda%gmail.com
http://tinderbox.mozilla.org/showlog.cgi?log=Jaegermonkey/1282603465.1282604491.30185.gz
Rev3 MacOSX Snow Leopard 10.6.2 jaegermonkey opt test mochitest-other on 2010/08/23 15:44:25

s: talos-r3-snow-012
TEST-UNEXPECTED-FAIL | chrome://mochikit/content/browser/browser/base/content/test/browser_bug380960.js | got the close event syncronously
TEST-UNEXPECTED-FAIL | chrome://mochikit/content/browser/browser/base/content/test/browser_bug380960.js | Timed out
TEST-UNEXPECTED-FAIL | chrome://mochikit/content/browser/browser/base/content/test/browser_bug380960.js | Found a tab after previous test timed out: about:blank
philringnalda%gmail.com
http://tinderbox.mozilla.org/showlog.cgi?log=TraceMonkey/1282604618.1282605754.3277.gz
Rev3 MacOSX Snow Leopard 10.6.2 tracemonkey opt test mochitest-other on 2010/08/23 16:03:38

s: talos-r3-snow-012
TEST-UNEXPECTED-FAIL | chrome://mochikit/content/browser/browser/base/content/test/browser_bug380960.js | tab removed after at most 1750 ms - Got [object XULElement], expected null
TEST-UNEXPECTED-FAIL | chrome://mochikit/content/browser/browser/base/content/test/browser_bug380960.js | Found an unexpected tab at the end of test run: about:blank
philringnalda%gmail.com
http://tinderbox.mozilla.org/showlog.cgi?log=Firefox/1282606487.1282607531.11428.gz
Rev3 MacOSX Snow Leopard 10.6.2 mozilla-central opt test mochitest-other on 2010/08/23 16:34:47

s: talos-r3-snow-038
TEST-UNEXPECTED-FAIL | chrome://mochikit/content/browser/browser/base/content/test/browser_bug380960.js | got the close event syncronously
TEST-UNEXPECTED-FAIL | chrome://mochikit/content/browser/browser/base/content/test/browser_bug380960.js | Test timed out
TEST-UNEXPECTED-FAIL | chrome://mochikit/content/browser/browser/base/content/test/browser_bug380960.js | Found a tab after previous test timed out: about:blank
philringnalda%gmail.com
http://tinderbox.mozilla.org/showlog.cgi?log=TraceMonkey/1282606391.1282608460.15728.gz
Rev3 MacOSX Snow Leopard 10.6.2 tracemonkey debug test mochitest-other on 2010/08/23 16:33:11

s: talos-r3-snow-033
TEST-UNEXPECTED-FAIL | chrome://mochikit/content/browser/browser/base/content/test/browser_bug380960.js | tab removed after at most 1750 ms - Got [object XULElement @ 0x117c10130 (native @ 0x1173bbe60)], expected null
TEST-UNEXPECTED-FAIL | chrome://mochikit/content/browser/browser/base/content/test/browser_bug380960.js | Found an unexpected tab at the end of test run: about:blank
philringnalda%gmail.com
http://tinderbox.mozilla.org/showlog.cgi?log=TraceMonkey/1282617148.1282618237.27966.gz
Rev3 MacOSX Snow Leopard 10.6.2 tracemonkey opt test mochitest-other on 2010/08/23 19:32:28

s: talos-r3-snow-030
TEST-UNEXPECTED-FAIL | chrome://mochikit/content/browser/browser/base/content/test/browser_bug380960.js | got the close event syncronously
TEST-UNEXPECTED-FAIL | chrome://mochikit/content/browser/browser/base/content/test/browser_bug380960.js | Test timed out
TEST-UNEXPECTED-FAIL | chrome://mochikit/content/browser/browser/base/content/test/browser_bug380960.js | Found a tab after previous test timed out: about:blank
justin.lebar+bug%gmail.com
http://tinderbox.mozilla.org/showlog.cgi?log=Firefox/1282622060.1282623051.17541.gz
Rev3 MacOSX Snow Leopard 10.6.2 mozilla-central opt test mochitest-other on 2010/08/23 20:54:20

s: talos-r3-snow-016
TEST-UNEXPECTED-FAIL | chrome://mochikit/content/browser/browser/base/content/test/browser_bug380960.js | tab removed after at most 1750 ms - Got [object XULElement], expected null
TEST-UNEXPECTED-FAIL | chrome://mochikit/content/browser/browser/base/content/test/browser_bug380960.js | Found an unexpected tab at the end of test run: about:blank
dholbert%mozilla.com
http://tinderbox.mozilla.org/showlog.cgi?log=Firefox/1282622060.1282623051.17541.gz
Rev3 MacOSX Snow Leopard 10.6.2 mozilla-central opt test mochitest-other on 2010/08/23 20:54:20

s: talos-r3-snow-016
TEST-UNEXPECTED-FAIL | chrome://mochikit/content/browser/browser/base/content/test/browser_bug380960.js | tab removed after at most 1750 ms - Got [object XULElement], expected null
TEST-UNEXPECTED-FAIL | chrome://mochikit/content/browser/browser/base/content/test/browser_bug380960.js | Found an unexpected tab at the end of test run: about:blank
mounir.lamouri%gmail.com
http://tinderbox.mozilla.org/showlog.cgi?log=Firefox/1282622247.1282624372.23198.gz
Rev3 MacOSX Snow Leopard 10.6.2 mozilla-central debug test mochitest-other on 2010/08/23 20:57:27

s: talos-r3-snow-054
TEST-UNEXPECTED-FAIL | chrome://mochikit/content/browser/browser/base/content/test/browser_bug380960.js | tab removed after at most 1750 ms - Got [object XULElement @ 0x110dd5f50 (native @ 0x1108104e0)], expected null
TEST-UNEXPECTED-FAIL | chrome://mochikit/content/browser/browser/base/content/test/browser_bug380960.js | Found an unexpected tab at the end of test run: about:blank
mounir.lamouri%gmail.com
http://tinderbox.mozilla.org/showlog.cgi?log=Firefox/1282622080.1282623809.20650.gz
Rev3 MacOSX Leopard 10.5.8 mozilla-central debug test mochitest-other on 2010/08/23 20:54:40

s: talos-r3-leopard-020
TEST-UNEXPECTED-FAIL | chrome://mochikit/content/browser/browser/base/content/test/browser_bug380960.js | tab removed after at most 1750 ms - Got [object XULElement @ 0x1e8c19c0 (native @ 0x1e49e1a0)], expected null
TEST-UNEXPECTED-FAIL | chrome://mochikit/content/browser/browser/base/content/test/browser_bug380960.js | tab removed after at most 1750 ms - Got [object XULElement @ 0x1e8c19c0 (native @ 0x1e49e1a0)], expected null
TEST-UNEXPECTED-FAIL | chrome://mochikit/content/browser/browser/base/content/test/browser_bug380960.js | Found an unexpected tab at the end of test run: about:blank
TEST-UNEXPECTED-FAIL | chrome://mochikit/content/browser/browser/base/content/test/browser_bug380960.js | Found an unexpected tab at the end of test run: about:blank
philringnalda%gmail.com
http://tinderbox.mozilla.org/showlog.cgi?log=Jaegermonkey/1282623238.1282624343.23027.gz
Rev3 MacOSX Snow Leopard 10.6.2 jaegermonkey opt test mochitest-other on 2010/08/23 21:13:58

s: talos-r3-snow-035
TEST-UNEXPECTED-FAIL | chrome://mochikit/content/browser/browser/base/content/test/browser_bug380960.js | tab removed after at most 1750 ms - Got [object XULElement], expected null
TEST-UNEXPECTED-FAIL | chrome://mochikit/content/browser/browser/base/content/test/browser_bug380960.js | Found an unexpected tab at the end of test run: about:blank
philringnalda%gmail.com
http://tinderbox.mozilla.org/showlog.cgi?log=TraceMonkey/1282630587.1282631659.24021.gz
Rev3 MacOSX Leopard 10.5.8 tracemonkey opt test mochitest-other on 2010/08/23 23:16:27

s: talos-r3-leopard-019
TEST-UNEXPECTED-FAIL | chrome://mochikit/content/browser/browser/base/content/test/browser_bug380960.js | got the close event syncronously
TEST-UNEXPECTED-FAIL | chrome://mochikit/content/browser/browser/base/content/test/browser_bug380960.js | Test timed out
TEST-UNEXPECTED-FAIL | chrome://mochikit/content/browser/browser/base/content/test/browser_bug380960.js | Found a tab after previous test timed out: about:blank
mwu%mozilla.com
http://tinderbox.mozilla.org/showlog.cgi?log=Firefox/1282632853.1282634779.6588.gz
Rev3 MacOSX Snow Leopard 10.6.2 mozilla-central debug test mochitest-other on 2010/08/23 23:54:13

s: talos-r3-snow-026
TEST-UNEXPECTED-FAIL | chrome://mochikit/content/browser/browser/base/content/test/browser_bug380960.js | tab removed after at most 1750 ms - Got [object XULElement @ 0x117cb5c20 (native @ 0x117956400)], expected null
TEST-UNEXPECTED-FAIL | chrome://mochikit/content/browser/browser/base/content/test/browser_bug380960.js | Found an unexpected tab at the end of test run: about:blank
philringnalda%gmail.com
http://tinderbox.mozilla.org/showlog.cgi?log=TraceMonkey/1282634545.1282636392.13694.gz
Rev3 MacOSX Snow Leopard 10.6.2 tracemonkey debug test mochitest-other on 2010/08/24 00:22:25

s: talos-r3-snow-044
TEST-UNEXPECTED-FAIL | chrome://mochikit/content/browser/browser/base/content/test/browser_bug380960.js | tab removed after at most 1750 ms - Got [object XULElement @ 0x117fe1c40 (native @ 0x117b0ad50)], expected null
TEST-UNEXPECTED-FAIL | chrome://mochikit/content/browser/browser/base/content/test/browser_bug380960.js | Found an unexpected tab at the end of test run: about:blank
dao%mozilla.com
http://tinderbox.mozilla.org/showlog.cgi?log=Firefox/1282637496.1282639346.27575.gz
Rev3 MacOSX Snow Leopard 10.6.2 mozilla-central debug test mochitest-other on 2010/08/24 01:11:36

s: talos-r3-snow-026
TEST-UNEXPECTED-FAIL | chrome://mochikit/content/browser/browser/base/content/test/browser_bug380960.js | tab removed after at most 1750 ms - Got [object XULElement @ 0x117e71fb0 (native @ 0x117849360)], expected null
TEST-UNEXPECTED-FAIL | chrome://mochikit/content/browser/browser/base/content/test/browser_bug380960.js | Found an unexpected tab at the end of test run: about:blank
cjones
http://tinderbox.mozilla.org/showlog.cgi?log=Firefox/1282637496.1282639346.27575.gz
Rev3 MacOSX Snow Leopard 10.6.2 mozilla-central debug test mochitest-other on 2010/08/24 01:11:36

s: talos-r3-snow-026
TEST-UNEXPECTED-FAIL | chrome://mochikit/content/browser/browser/base/content/test/browser_bug380960.js | tab removed after at most 1750 ms - Got [object XULElement @ 0x117e71fb0 (native @ 0x117849360)], expected null
TEST-UNEXPECTED-FAIL | chrome://mochikit/content/browser/browser/base/content/test/browser_bug380960.js | Found an unexpected tab at the end of test run: about:blank
cjones
http://tinderbox.mozilla.org/showlog.cgi?log=Firefox/1282641626.1282643577.17583.gz
Rev3 WINNT 6.1 mozilla-central opt test mochitest-other on 2010/08/24 02:20:26

s: talos-r3-w7-023
TEST-UNEXPECTED-FAIL | chrome://mochikit/content/browser/browser/base/content/test/browser_bug380960.js | tab removed after at most 1750 ms - Got [object XULElement], expected null
TEST-UNEXPECTED-FAIL | chrome://mochikit/content/browser/browser/base/content/test/browser_bug380960.js | Found an unexpected tab at the end of test run: about:blank
TEST-UNEXPECTED-FAIL | chrome://mochikit/content/browser/browser/components/wintaskbar/test/browser_taskbar_preview.js | Browser has one preview per tab - Got 2, expected 1
TEST-UNEXPECTED-FAIL | chrome://mochikit/content/browser/browser/components/wintaskbar/test/browser_taskbar_preview.js | Browser starts with one preview - Got 2, expected 1
TEST-UNEXPECTED-FAIL | chrome://mochikit/content/browser/browser/components/wintaskbar/test/browser_taskbar_preview.js | Browser has one preview per tab - Got 5, expected 4
TEST-UNEXPECTED-FAIL | chrome://mochikit/content/browser/browser/components/wintaskbar/test/browser_taskbar_preview.js | Correct number of previews after adding - Got 5, expected 4
TEST-UNEXPECTED-FAIL | chrome://mochikit/content/browser/browser/components/wintaskbar/test/browser_taskbar_preview.js | Browser has one preview per tab - Got 5, expected 4
TEST-UNEXPECTED-FAIL | chrome://mochikit/content/browser/browser/components/wintaskbar/test/browser_taskbar_preview.js | Previews are unchanged when disabling - Got 5, expected 4
TEST-UNEXPECTED-FAIL | chrome://mochikit/content/browser/browser/components/wintaskbar/test/browser_taskbar_preview.js | Browser has one preview per tab - Got 5, expected 4
TEST-UNEXPECTED-FAIL | chrome://mochikit/content/browser/browser/components/wintaskbar/test/browser_taskbar_preview.js | Previews are unchanged when re-enabling - Got 5, expected 4
TEST-UNEXPECTED-FAIL | chrome://mochikit/content/browser/browser/components/wintaskbar/test/browser_taskbar_preview.js | Browser has one preview per tab - Got 4, expected 3
TEST-UNEXPECTED-FAIL | chrome://mochikit/content/browser/browser/components/wintaskbar/test/browser_taskbar_preview.js | Expected number of previews after closing selected tab via controller - Got 4, expected 3
TEST-UNEXPECTED-FAIL | chrome://mochikit/content/browser/browser/components/wintaskbar/test/browser_taskbar_preview.js | Browser has one preview per tab - Got 3, expected 2
TEST-UNEXPECTED-FAIL | chrome://mochikit/content/browser/browser/components/wintaskbar/test/browser_taskbar_preview.js | Expected number of previews after closing unselected via browser - Got 3, expected 2
TEST-UNEXPECTED-FAIL | chrome://mochikit/content/browser/browser/components/wintaskbar/test/browser_taskbar_preview.js | Browser has one preview per tab - Got 2, expected 1
TEST-UNEXPECTED-FAIL | chrome://mochikit/content/browser/browser/components/wintaskbar/test/browser_taskbar_preview.js | Expected number of previews after closing selected tab via browser - Got 2, expected 1
TEST-UNEXPECTED-FAIL | chrome://mochikit/content/browser/browser/components/wintaskbar/test/browser_taskbar_preview.js | Browser has one preview per tab - Got 3, expected 2
TEST-UNEXPECTED-FAIL | chrome://mochikit/content/browser/browser/components/wintaskbar/test/browser_taskbar_preview.js | Got expected number of previews - Got 3, expected 2
TEST-UNEXPECTED-FAIL | chrome://mochikit/content/browser/browser/components/wintaskbar/test/browser_taskbar_preview.js | Browser has one preview per tab - Got 2, expected 1
TEST-UNEXPECTED-FAIL | chrome://mochikit/content/browser/browser/components/wintaskbar/test/browser_taskbar_preview.js | Got expected number of previews - Got 2, expected 1
TEST-UNEXPECTED-FAIL | chrome://mochikit/content/browser/toolkit/mozapps/extensions/test/xpinstall/browser_whitelist6.js | Test timed out
TEST-UNEXPECTED-FAIL | chrome://mochikit/content/browser/toolkit/mozapps/extensions/test/xpinstall/browser_whitelist6.js | Found a tab after previous test timed out: about:blank
TEST-UNEXPECTED-FAIL | chrome://mochikit/content/browser/toolkit/mozapps/plugins/tests/browser_bug435788.js | Should have been a successful install - Got Failed, expected Installed
jmaher%mozilla.com
http://tinderbox.mozilla.org/showlog.cgi?log=MozillaTry/1282620439.1282621451.10267.gz
Rev3 MacOSX Snow Leopard 10.6.2 tryserver opt test mochitest-other on 2010/08/23 20:27:19

s: talos-r3-snow-043
TEST-UNEXPECTED-FAIL | chrome://mochikit/content/browser/browser/base/content/test/browser_bug380960.js | tab removed after at most 1750 ms - Got [object XULElement], expected null
TEST-UNEXPECTED-FAIL | chrome://mochikit/content/browser/browser/base/content/test/browser_bug380960.js | Found an unexpected tab at the end of test run: about:blank
david.bolter%gmail.com
http://tinderbox.mozilla.org/showlog.cgi?log=Firefox/1282646784.1282648752.15247.gz
Rev3 WINNT 6.1 mozilla-central opt test mochitest-other on 2010/08/24 03:46:24

s: talos-r3-w7-023
TEST-UNEXPECTED-FAIL | chrome://mochikit/content/browser/browser/base/content/test/browser_bug380960.js | tab removed after at most 1750 ms - Got [object XULElement], expected null
TEST-UNEXPECTED-FAIL | chrome://mochikit/content/browser/browser/base/content/test/browser_bug380960.js | Found an unexpected tab at the end of test run: about:blank
TEST-UNEXPECTED-FAIL | chrome://mochikit/content/browser/browser/components/wintaskbar/test/browser_taskbar_preview.js | Browser has one preview per tab - Got 2, expected 1
TEST-UNEXPECTED-FAIL | chrome://mochikit/content/browser/browser/components/wintaskbar/test/browser_taskbar_preview.js | Browser starts with one preview - Got 2, expected 1
TEST-UNEXPECTED-FAIL | chrome://mochikit/content/browser/browser/components/wintaskbar/test/browser_taskbar_preview.js | Browser has one preview per tab - Got 5, expected 4
TEST-UNEXPECTED-FAIL | chrome://mochikit/content/browser/browser/components/wintaskbar/test/browser_taskbar_preview.js | Correct number of previews after adding - Got 5, expected 4
TEST-UNEXPECTED-FAIL | chrome://mochikit/content/browser/browser/components/wintaskbar/test/browser_taskbar_preview.js | Browser has one preview per tab - Got 5, expected 4
TEST-UNEXPECTED-FAIL | chrome://mochikit/content/browser/browser/components/wintaskbar/test/browser_taskbar_preview.js | Previews are unchanged when disabling - Got 5, expected 4
TEST-UNEXPECTED-FAIL | chrome://mochikit/content/browser/browser/components/wintaskbar/test/browser_taskbar_preview.js | Browser has one preview per tab - Got 5, expected 4
TEST-UNEXPECTED-FAIL | chrome://mochikit/content/browser/browser/components/wintaskbar/test/browser_taskbar_preview.js | Previews are unchanged when re-enabling - Got 5, expected 4
TEST-UNEXPECTED-FAIL | chrome://mochikit/content/browser/browser/components/wintaskbar/test/browser_taskbar_preview.js | Browser has one preview per tab - Got 4, expected 3
TEST-UNEXPECTED-FAIL | chrome://mochikit/content/browser/browser/components/wintaskbar/test/browser_taskbar_preview.js | Expected number of previews after closing selected tab via controller - Got 4, expected 3
TEST-UNEXPECTED-FAIL | chrome://mochikit/content/browser/browser/components/wintaskbar/test/browser_taskbar_preview.js | Browser has one preview per tab - Got 3, expected 2
TEST-UNEXPECTED-FAIL | chrome://mochikit/content/browser/browser/components/wintaskbar/test/browser_taskbar_preview.js | Expected number of previews after closing unselected via browser - Got 3, expected 2
TEST-UNEXPECTED-FAIL | chrome://mochikit/content/browser/browser/components/wintaskbar/test/browser_taskbar_preview.js | Browser has one preview per tab - Got 2, expected 1
TEST-UNEXPECTED-FAIL | chrome://mochikit/content/browser/browser/components/wintaskbar/test/browser_taskbar_preview.js | Expected number of previews after closing selected tab via browser - Got 2, expected 1
TEST-UNEXPECTED-FAIL | chrome://mochikit/content/browser/browser/components/wintaskbar/test/browser_taskbar_preview.js | Browser has one preview per tab - Got 3, expected 2
TEST-UNEXPECTED-FAIL | chrome://mochikit/content/browser/browser/components/wintaskbar/test/browser_taskbar_preview.js | Got expected number of previews - Got 3, expected 2
TEST-UNEXPECTED-FAIL | chrome://mochikit/content/browser/browser/components/wintaskbar/test/browser_taskbar_preview.js | Browser has one preview per tab - Got 2, expected 1
TEST-UNEXPECTED-FAIL | chrome://mochikit/content/browser/browser/components/wintaskbar/test/browser_taskbar_preview.js | Got expected number of previews - Got 2, expected 1
philringnalda%gmail.com
http://tinderbox.mozilla.org/showlog.cgi?log=Firefox/1282658205.1282659809.7796.gz
Rev3 MacOSX Snow Leopard 10.6.2 mozilla-central debug test mochitest-other on 2010/08/24 06:56:45

s: talos-r3-snow-014
TEST-UNEXPECTED-FAIL | chrome://mochikit/content/browser/browser/base/content/test/browser_bug380960.js | tab removed after at most 1750 ms - Got [object XULElement @ 0x119011180 (native @ 0x11814dda0)], expected null
TEST-UNEXPECTED-FAIL | chrome://mochikit/content/browser/browser/base/content/test/browser_bug380960.js | Found an unexpected tab at the end of test run: about:blank
philringnalda%gmail.com
http://tinderbox.mozilla.org/showlog.cgi?log=Firefox/1282659944.1282661568.15247.gz
Rev3 MacOSX Snow Leopard 10.6.2 mozilla-central debug test mochitest-other on 2010/08/24 07:25:44

s: talos-r3-snow-035
TEST-UNEXPECTED-FAIL | chrome://mochikit/content/browser/browser/base/content/test/browser_bug380960.js | tab removed after at most 1750 ms - Got [object XULElement @ 0x1179f70e0 (native @ 0x117455d70)], expected null
TEST-UNEXPECTED-FAIL | chrome://mochikit/content/browser/browser/base/content/test/browser_bug380960.js | Found an unexpected tab at the end of test run: about:blank
philringnalda%gmail.com
http://tinderbox.mozilla.org/showlog.cgi?log=Electrolysis/1282660834.1282661544.15194.gz
Rev3 MacOSX Leopard 10.5.8 electrolysis opt test mochitest-other on 2010/08/24 07:40:34

s: talos-r3-leopard-037
TEST-UNEXPECTED-FAIL | chrome://mochikit/content/browser/browser/base/content/test/browser_bug380960.js | tab removed after at most 1750 ms - Got [object XULElement], expected null
TEST-UNEXPECTED-FAIL | chrome://mochikit/content/browser/browser/base/content/test/browser_bug380960.js | Found an unexpected tab at the end of test run: about:blank
me%shawnwilsher.com
http://tinderbox.mozilla.org/showlog.cgi?log=MozillaTry/1282665161.1282666251.3242.gz
Rev3 MacOSX Snow Leopard 10.6.2 tryserver opt test mochitest-other on 2010/08/24 08:52:41

s: talos-r3-snow-020
TEST-UNEXPECTED-FAIL | chrome://mochikit/content/browser/browser/base/content/test/browser_bug380960.js | got the close event syncronously
TEST-UNEXPECTED-FAIL | chrome://mochikit/content/browser/browser/base/content/test/browser_bug380960.js | Test timed out
TEST-UNEXPECTED-FAIL | chrome://mochikit/content/browser/browser/base/content/test/browser_bug380960.js | Found a tab after previous test timed out: about:blank
philringnalda%gmail.com
http://tinderbox.mozilla.org/showlog.cgi?log=TraceMonkey/1282673265.1282674276.9812.gz
Rev3 MacOSX Leopard 10.5.8 tracemonkey opt test mochitest-other on 2010/08/24 11:07:45

s: talos-r3-leopard-041
TEST-UNEXPECTED-FAIL | chrome://mochikit/content/browser/browser/base/content/test/browser_bug380960.js | got the close event syncronously
TEST-UNEXPECTED-FAIL | chrome://mochikit/content/browser/browser/base/content/test/browser_bug380960.js | Test timed out
TEST-UNEXPECTED-FAIL | chrome://mochikit/content/browser/browser/base/content/test/browser_bug380960.js | Found a tab after previous test timed out: about:blank
philringnalda%gmail.com
http://tinderbox.mozilla.org/showlog.cgi?log=Firefox/1282677441.1282679368.4043.gz
Rev3 MacOSX Leopard 10.5.8 mozilla-central debug test mochitest-other on 2010/08/24 12:17:21

s: talos-r3-leopard-020
TEST-UNEXPECTED-FAIL | chrome://mochikit/content/browser/browser/base/content/test/browser_bug380960.js | tab removed after at most 1750 ms - Got [object XULElement @ 0x1e8c1950 (native @ 0x1e49e2c0)], expected null
TEST-UNEXPECTED-FAIL | chrome://mochikit/content/browser/browser/base/content/test/browser_bug380960.js | Found an unexpected tab at the end of test run: about:blank
me%shawnwilsher.com
http://tinderbox.mozilla.org/showlog.cgi?log=MozillaTry/1282677967.1282679933.6819.gz
Rev3 MacOSX Snow Leopard 10.6.2 tryserver debug test mochitest-other on 2010/08/24 12:26:07

s: talos-r3-snow-050
TEST-UNEXPECTED-FAIL | chrome://mochikit/content/browser/browser/base/content/test/browser_bug380960.js | tab removed after at most 1750 ms - Got [object XULElement @ 0x117dde120 (native @ 0x1174da620)], expected null
TEST-UNEXPECTED-FAIL | chrome://mochikit/content/browser/browser/base/content/test/browser_bug380960.js | Found an unexpected tab at the end of test run: about:blank
philringnalda%gmail.com
http://tinderbox.mozilla.org/showlog.cgi?log=Firefox/1282679801.1282680789.10766.gz
Rev3 MacOSX Leopard 10.5.8 mozilla-central opt test mochitest-other on 2010/08/24 12:56:41

s: talos-r3-leopard-051
TEST-UNEXPECTED-FAIL | chrome://mochikit/content/browser/browser/base/content/test/browser_bug380960.js | tab removed after at most 1750 ms - Got [object XULElement], expected null
TEST-UNEXPECTED-FAIL | chrome://mochikit/content/browser/browser/base/content/test/browser_bug380960.js | Found an unexpected tab at the end of test run: about:blank
dtownsend%oxymoronical.com
http://tinderbox.mozilla.org/showlog.cgi?log=Firefox/1282682649.1282683677.25793.gz
Rev3 MacOSX Snow Leopard 10.6.2 mozilla-central opt test mochitest-other on 2010/08/24 13:44:09

s: talos-r3-snow-038
TEST-UNEXPECTED-FAIL | chrome://mochikit/content/browser/browser/base/content/test/browser_bug380960.js | got the close event syncronously
TEST-UNEXPECTED-FAIL | chrome://mochikit/content/browser/browser/base/content/test/browser_bug380960.js | Test timed out
TEST-UNEXPECTED-FAIL | chrome://mochikit/content/browser/browser/base/content/test/browser_bug380960.js | Found a tab after previous test timed out: about:blank
philringnalda%gmail.com
http://tinderbox.mozilla.org/showlog.cgi?log=Firefox/1282682649.1282683677.25793.gz
Rev3 MacOSX Snow Leopard 10.6.2 mozilla-central opt test mochitest-other on 2010/08/24 13:44:09

s: talos-r3-snow-038
TEST-UNEXPECTED-FAIL | chrome://mochikit/content/browser/browser/base/content/test/browser_bug380960.js | got the close event syncronously
TEST-UNEXPECTED-FAIL | chrome://mochikit/content/browser/browser/base/content/test/browser_bug380960.js | Test timed out
TEST-UNEXPECTED-FAIL | chrome://mochikit/content/browser/browser/base/content/test/browser_bug380960.js | Found a tab after previous test timed out: about:blank
philringnalda%gmail.com
http://tinderbox.mozilla.org/showlog.cgi?log=Firefox/1282691316.1282692170.3499.gz
Rev3 MacOSX Leopard 10.5.8 mozilla-central opt test mochitest-other on 2010/08/24 16:08:36

s: talos-r3-leopard-034
TEST-UNEXPECTED-FAIL | chrome://mochikit/content/browser/browser/base/content/test/browser_bug380960.js | tab removed after at most 1750 ms - Got [object XULElement], expected null
TEST-UNEXPECTED-FAIL | chrome://mochikit/content/browser/browser/base/content/test/browser_bug380960.js | Found an unexpected tab at the end of test run: about:blank
philringnalda%gmail.com
http://tinderbox.mozilla.org/showlog.cgi?log=TraceMonkey/1282698689.1282699461.6253.gz
Rev3 MacOSX Leopard 10.5.8 tracemonkey opt test mochitest-other on 2010/08/24 18:11:29

s: talos-r3-leopard-031
TEST-UNEXPECTED-FAIL | chrome://mochikit/content/browser/browser/base/content/test/browser_bug380960.js | got the close event syncronously
TEST-UNEXPECTED-FAIL | chrome://mochikit/content/browser/browser/base/content/test/browser_bug380960.js | Test timed out
TEST-UNEXPECTED-FAIL | chrome://mochikit/content/browser/browser/base/content/test/browser_bug380960.js | Found a tab after previous test timed out: about:blank
philringnalda%gmail.com
http://tinderbox.mozilla.org/showlog.cgi?log=TraceMonkey/1282692853.1282694557.15237.gz
Rev3 MacOSX Leopard 10.5.8 tracemonkey debug test mochitest-other on 2010/08/24 16:34:13

s: talos-r3-leopard-039
TEST-UNEXPECTED-FAIL | chrome://mochikit/content/browser/browser/base/content/test/browser_bug380960.js | tab removed after at most 1750 ms - Got [object XULElement @ 0x1e8c6b00 (native @ 0x1e3a11e0)], expected null
TEST-UNEXPECTED-FAIL | chrome://mochikit/content/browser/browser/base/content/test/browser_bug380960.js | Found an unexpected tab at the end of test run: about:blank
jmathies%mozilla.com
http://tinderbox.mozilla.org/showlog.cgi?log=Firefox/1282704151.1282704979.31410.gz
Rev3 MacOSX Snow Leopard 10.6.2 mozilla-central opt test mochitest-other on 2010/08/24 19:42:31

s: talos-r3-snow-023
TEST-UNEXPECTED-FAIL | chrome://mochikit/content/browser/browser/base/content/test/browser_bug380960.js | tab removed after at most 1750 ms - Got [object XULElement], expected null
TEST-UNEXPECTED-FAIL | chrome://mochikit/content/browser/browser/base/content/test/browser_bug380960.js | Found an unexpected tab at the end of test run: about:blank
philringnalda%gmail.com
http://tinderbox.mozilla.org/showlog.cgi?log=TraceMonkey/1282708311.1282709307.19687.gz
Rev3 MacOSX Leopard 10.5.8 tracemonkey opt test mochitest-other on 2010/08/24 20:51:51

s: talos-r3-leopard-040
TEST-UNEXPECTED-FAIL | chrome://mochikit/content/browser/browser/base/content/test/browser_bug380960.js | tab removed after at most 1750 ms - Got [object XULElement], expected null
TEST-UNEXPECTED-FAIL | chrome://mochikit/content/browser/browser/base/content/test/browser_bug380960.js | Found an unexpected tab at the end of test run: about:blank
philringnalda%gmail.com
http://tinderbox.mozilla.org/showlog.cgi?log=Jaegermonkey/1282709641.1282710777.26227.gz
Rev3 MacOSX Snow Leopard 10.6.2 jaegermonkey opt test mochitest-other on 2010/08/24 21:14:01

s: talos-r3-snow-051
TEST-UNEXPECTED-FAIL | chrome://mochikit/content/browser/browser/base/content/test/browser_bug380960.js | got the close event syncronously
TEST-UNEXPECTED-FAIL | chrome://mochikit/content/browser/browser/base/content/test/browser_bug380960.js | Test timed out
TEST-UNEXPECTED-FAIL | chrome://mochikit/content/browser/browser/base/content/test/browser_bug380960.js | Found a tab after previous test timed out: about:blank
philringnalda%gmail.com
http://tinderbox.mozilla.org/showlog.cgi?log=Firefox/1282714364.1282715306.14995.gz
Rev3 MacOSX Snow Leopard 10.6.2 mozilla-central opt test mochitest-other on 2010/08/24 22:32:44

s: talos-r3-snow-014
TEST-UNEXPECTED-FAIL | chrome://mochikit/content/browser/browser/base/content/test/browser_bug380960.js | tab removed after at most 1750 ms - Got [object XULElement], expected null
TEST-UNEXPECTED-FAIL | chrome://mochikit/content/browser/browser/base/content/test/browser_bug380960.js | Found an unexpected tab at the end of test run: about:blank
mounir.lamouri%gmail.com
http://tinderbox.mozilla.org/showlog.cgi?log=Firefox/1282714364.1282715306.14995.gz
Rev3 MacOSX Snow Leopard 10.6.2 mozilla-central opt test mochitest-other on 2010/08/24 22:32:44

s: talos-r3-snow-014
TEST-UNEXPECTED-FAIL | chrome://mochikit/content/browser/browser/base/content/test/browser_bug380960.js | tab removed after at most 1750 ms - Got [object XULElement], expected null
TEST-UNEXPECTED-FAIL | chrome://mochikit/content/browser/browser/base/content/test/browser_bug380960.js | Found an unexpected tab at the end of test run: about:blank
dao%mozilla.com
http://tinderbox.mozilla.org/showlog.cgi?log=Firefox/1282731831.1282733268.3542.gz
Rev3 WINNT 6.1 mozilla-central opt test mochitest-other on 2010/08/25 03:23:51

s: talos-r3-w7-046
TEST-UNEXPECTED-FAIL | chrome://mochikit/content/browser/browser/base/content/test/browser_bug380960.js | tab removed after at most 1750 ms - Got [object XULElement], expected null
TEST-UNEXPECTED-FAIL | chrome://mochikit/content/browser/browser/base/content/test/browser_bug380960.js | Found an unexpected tab at the end of test run: about:blank
TEST-UNEXPECTED-FAIL | chrome://mochikit/content/browser/browser/components/wintaskbar/test/browser_taskbar_preview.js | Browser has one preview per tab - Got 2, expected 1
TEST-UNEXPECTED-FAIL | chrome://mochikit/content/browser/browser/components/wintaskbar/test/browser_taskbar_preview.js | Browser starts with one preview - Got 2, expected 1
TEST-UNEXPECTED-FAIL | chrome://mochikit/content/browser/browser/components/wintaskbar/test/browser_taskbar_preview.js | Browser has one preview per tab - Got 5, expected 4
TEST-UNEXPECTED-FAIL | chrome://mochikit/content/browser/browser/components/wintaskbar/test/browser_taskbar_preview.js | Correct number of previews after adding - Got 5, expected 4
TEST-UNEXPECTED-FAIL | chrome://mochikit/content/browser/browser/components/wintaskbar/test/browser_taskbar_preview.js | Browser has one preview per tab - Got 5, expected 4
TEST-UNEXPECTED-FAIL | chrome://mochikit/content/browser/browser/components/wintaskbar/test/browser_taskbar_preview.js | Previews are unchanged when disabling - Got 5, expected 4
TEST-UNEXPECTED-FAIL | chrome://mochikit/content/browser/browser/components/wintaskbar/test/browser_taskbar_preview.js | Browser has one preview per tab - Got 5, expected 4
TEST-UNEXPECTED-FAIL | chrome://mochikit/content/browser/browser/components/wintaskbar/test/browser_taskbar_preview.js | Previews are unchanged when re-enabling - Got 5, expected 4
TEST-UNEXPECTED-FAIL | chrome://mochikit/content/browser/browser/components/wintaskbar/test/browser_taskbar_preview.js | Browser has one preview per tab - Got 4, expected 3
TEST-UNEXPECTED-FAIL | chrome://mochikit/content/browser/browser/components/wintaskbar/test/browser_taskbar_preview.js | Expected number of previews after closing selected tab via controller - Got 4, expected 3
TEST-UNEXPECTED-FAIL | chrome://mochikit/content/browser/browser/components/wintaskbar/test/browser_taskbar_preview.js | Browser has one preview per tab - Got 3, expected 2
TEST-UNEXPECTED-FAIL | chrome://mochikit/content/browser/browser/components/wintaskbar/test/browser_taskbar_preview.js | Expected number of previews after closing unselected via browser - Got 3, expected 2
TEST-UNEXPECTED-FAIL | chrome://mochikit/content/browser/browser/components/wintaskbar/test/browser_taskbar_preview.js | Browser has one preview per tab - Got 2, expected 1
TEST-UNEXPECTED-FAIL | chrome://mochikit/content/browser/browser/components/wintaskbar/test/browser_taskbar_preview.js | Expected number of previews after closing selected tab via browser - Got 2, expected 1
TEST-UNEXPECTED-FAIL | chrome://mochikit/content/browser/browser/components/wintaskbar/test/browser_taskbar_preview.js | Browser has one preview per tab - Got 3, expected 2
TEST-UNEXPECTED-FAIL | chrome://mochikit/content/browser/browser/components/wintaskbar/test/browser_taskbar_preview.js | Got expected number of previews - Got 3, expected 2
TEST-UNEXPECTED-FAIL | chrome://mochikit/content/browser/browser/components/wintaskbar/test/browser_taskbar_preview.js | Browser has one preview per tab - Got 2, expected 1
TEST-UNEXPECTED-FAIL | chrome://mochikit/content/browser/browser/components/wintaskbar/test/browser_taskbar_preview.js | Got expected number of previews - Got 2, expected 1
http://hg.mozilla.org/mozilla-central/rev/7b3f0b986a98
ehsan%mozilla.com
http://tinderbox.mozilla.org/showlog.cgi?log=Firefox/1282756904.1282758633.13675.gz
Rev3 WINNT 6.1 mozilla-central opt test mochitest-other on 2010/08/25 10:21:44

s: talos-r3-w7-006
TEST-UNEXPECTED-FAIL | chrome://mochikit/content/browser/browser/base/content/test/browser_bug380960.js | tab removed after at most 1750 ms - Got [object XULElement], expected null
TEST-UNEXPECTED-FAIL | chrome://mochikit/content/browser/browser/base/content/test/browser_bug380960.js | Found an unexpected tab at the end of test run: about:blank
TEST-UNEXPECTED-FAIL | chrome://mochikit/content/browser/browser/components/wintaskbar/test/browser_taskbar_preview.js | Browser has one preview per tab - Got 2, expected 1
TEST-UNEXPECTED-FAIL | chrome://mochikit/content/browser/browser/components/wintaskbar/test/browser_taskbar_preview.js | Browser starts with one preview - Got 2, expected 1
TEST-UNEXPECTED-FAIL | chrome://mochikit/content/browser/browser/components/wintaskbar/test/browser_taskbar_preview.js | Browser has one preview per tab - Got 5, expected 4
TEST-UNEXPECTED-FAIL | chrome://mochikit/content/browser/browser/components/wintaskbar/test/browser_taskbar_preview.js | Correct number of previews after adding - Got 5, expected 4
TEST-UNEXPECTED-FAIL | chrome://mochikit/content/browser/browser/components/wintaskbar/test/browser_taskbar_preview.js | Browser has one preview per tab - Got 5, expected 4
TEST-UNEXPECTED-FAIL | chrome://mochikit/content/browser/browser/components/wintaskbar/test/browser_taskbar_preview.js | Previews are unchanged when disabling - Got 5, expected 4
TEST-UNEXPECTED-FAIL | chrome://mochikit/content/browser/browser/components/wintaskbar/test/browser_taskbar_preview.js | Browser has one preview per tab - Got 5, expected 4
TEST-UNEXPECTED-FAIL | chrome://mochikit/content/browser/browser/components/wintaskbar/test/browser_taskbar_preview.js | Previews are unchanged when re-enabling - Got 5, expected 4
TEST-UNEXPECTED-FAIL | chrome://mochikit/content/browser/browser/components/wintaskbar/test/browser_taskbar_preview.js | Browser has one preview per tab - Got 4, expected 3
TEST-UNEXPECTED-FAIL | chrome://mochikit/content/browser/browser/components/wintaskbar/test/browser_taskbar_preview.js | Expected number of previews after closing selected tab via controller - Got 4, expected 3
TEST-UNEXPECTED-FAIL | chrome://mochikit/content/browser/browser/components/wintaskbar/test/browser_taskbar_preview.js | Browser has one preview per tab - Got 3, expected 2
TEST-UNEXPECTED-FAIL | chrome://mochikit/content/browser/browser/components/wintaskbar/test/browser_taskbar_preview.js | Expected number of previews after closing unselected via browser - Got 3, expected 2
TEST-UNEXPECTED-FAIL | chrome://mochikit/content/browser/browser/components/wintaskbar/test/browser_taskbar_preview.js | Browser has one preview per tab - Got 2, expected 1
TEST-UNEXPECTED-FAIL | chrome://mochikit/content/browser/browser/components/wintaskbar/test/browser_taskbar_preview.js | Expected number of previews after closing selected tab via browser - Got 2, expected 1
TEST-UNEXPECTED-FAIL | chrome://mochikit/content/browser/browser/components/wintaskbar/test/browser_taskbar_preview.js | Browser has one preview per tab - Got 3, expected 2
TEST-UNEXPECTED-FAIL | chrome://mochikit/content/browser/browser/components/wintaskbar/test/browser_taskbar_preview.js | Got expected number of previews - Got 3, expected 2
TEST-UNEXPECTED-FAIL | chrome://mochikit/content/browser/browser/components/wintaskbar/test/browser_taskbar_preview.js | Browser has one preview per tab - Got 2, expected 1
TEST-UNEXPECTED-FAIL | chrome://mochikit/content/browser/browser/components/wintaskbar/test/browser_taskbar_preview.js | Got expected number of previews - Got 2, expected 1
mounir.lamouri%gmail.com
http://tinderbox.mozilla.org/showlog.cgi?log=MozillaTry/1282743024.1282744173.5522.gz
Rev3 MacOSX Leopard 10.5.8 tryserver opt test mochitest-other on 2010/08/25 06:30:24

s: talos-r3-leopard-013
TEST-UNEXPECTED-FAIL | chrome://mochikit/content/browser/browser/base/content/test/browser_bug380960.js | tab removed after at most 1750 ms - Got [object XULElement], expected null
TEST-UNEXPECTED-FAIL | chrome://mochikit/content/browser/browser/base/content/test/browser_bug380960.js | Found an unexpected tab at the end of test run: about:blank
mounir.lamouri%gmail.com
http://tinderbox.mozilla.org/showlog.cgi?log=MozillaTry/1282743024.1282744173.5522.gz
Rev3 MacOSX Leopard 10.5.8 tryserver opt test mochitest-other on 2010/08/25 06:30:24

s: talos-r3-leopard-013
TEST-UNEXPECTED-FAIL | chrome://mochikit/content/browser/browser/base/content/test/browser_bug380960.js | tab removed after at most 1750 ms - Got [object XULElement], expected null
TEST-UNEXPECTED-FAIL | chrome://mochikit/content/browser/browser/base/content/test/browser_bug380960.js | Found an unexpected tab at the end of test run: about:blank
mounir.lamouri%gmail.com
http://tinderbox.mozilla.org/showlog.cgi?log=MozillaTry/1282736157.1282737150.28006.gz
Rev3 MacOSX Snow Leopard 10.6.2 tryserver opt test mochitest-other on 2010/08/25 04:35:57

s: talos-r3-snow-049
TEST-UNEXPECTED-FAIL | chrome://mochikit/content/browser/browser/base/content/test/browser_bug380960.js | tab removed after at most 1750 ms - Got [object XULElement], expected null
TEST-UNEXPECTED-FAIL | chrome://mochikit/content/browser/browser/base/content/test/browser_bug380960.js | Found an unexpected tab at the end of test run: about:blank
dmandelin%mozilla.com
http://tinderbox.mozilla.org/showlog.cgi?log=Jaegermonkey/1282939679.1282941050.30911.gz
Rev3 MacOSX Snow Leopard 10.6.2 jaegermonkey opt test mochitest-other on 2010/08/27 13:07:59

s: talos-r3-snow-054
TEST-UNEXPECTED-FAIL | chrome://mochikit/content/browser/browser/base/content/test/browser_bug380960.js | tab removed after at most 1750 ms - Got [object XULElement], expected null
TEST-UNEXPECTED-FAIL | chrome://mochikit/content/browser/browser/base/content/test/browser_bug380960.js | Found an unexpected tab at the end of test run: about:blank
dwitte%mozilla.com
http://tinderbox.mozilla.org/showlog.cgi?log=Electrolysis/1282949101.1282951345.12073.gz
Rev3 WINNT 6.1 electrolysis opt test mochitest-other on 2010/08/27 15:45:01

s: talos-r3-w7-010
TEST-UNEXPECTED-FAIL | chrome://mochikit/content/browser/browser/base/content/test/browser_bug380960.js | tab removed after at most 1750 ms - Got [object XULElement], expected null
TEST-UNEXPECTED-FAIL | chrome://mochikit/content/browser/browser/base/content/test/browser_bug380960.js | Found an unexpected tab at the end of test run: about:blank
TEST-UNEXPECTED-FAIL | chrome://mochikit/content/browser/browser/components/wintaskbar/test/browser_taskbar_preview.js | Browser has one preview per tab - Got 2, expected 1
TEST-UNEXPECTED-FAIL | chrome://mochikit/content/browser/browser/components/wintaskbar/test/browser_taskbar_preview.js | Browser starts with one preview - Got 2, expected 1
TEST-UNEXPECTED-FAIL | chrome://mochikit/content/browser/browser/components/wintaskbar/test/browser_taskbar_preview.js | Browser has one preview per tab - Got 5, expected 4
TEST-UNEXPECTED-FAIL | chrome://mochikit/content/browser/browser/components/wintaskbar/test/browser_taskbar_preview.js | Correct number of previews after adding - Got 5, expected 4
TEST-UNEXPECTED-FAIL | chrome://mochikit/content/browser/browser/components/wintaskbar/test/browser_taskbar_preview.js | Browser has one preview per tab - Got 5, expected 4
TEST-UNEXPECTED-FAIL | chrome://mochikit/content/browser/browser/components/wintaskbar/test/browser_taskbar_preview.js | Previews are unchanged when disabling - Got 5, expected 4
TEST-UNEXPECTED-FAIL | chrome://mochikit/content/browser/browser/components/wintaskbar/test/browser_taskbar_preview.js | Browser has one preview per tab - Got 5, expected 4
TEST-UNEXPECTED-FAIL | chrome://mochikit/content/browser/browser/components/wintaskbar/test/browser_taskbar_preview.js | Previews are unchanged when re-enabling - Got 5, expected 4
TEST-UNEXPECTED-FAIL | chrome://mochikit/content/browser/browser/components/wintaskbar/test/browser_taskbar_preview.js | Browser has one preview per tab - Got 4, expected 3
TEST-UNEXPECTED-FAIL | chrome://mochikit/content/browser/browser/components/wintaskbar/test/browser_taskbar_preview.js | Expected number of previews after closing selected tab via controller - Got 4, expected 3
TEST-UNEXPECTED-FAIL | chrome://mochikit/content/browser/browser/components/wintaskbar/test/browser_taskbar_preview.js | Browser has one preview per tab - Got 3, expected 2
TEST-UNEXPECTED-FAIL | chrome://mochikit/content/browser/browser/components/wintaskbar/test/browser_taskbar_preview.js | Expected number of previews after closing unselected via browser - Got 3, expected 2
TEST-UNEXPECTED-FAIL | chrome://mochikit/content/browser/browser/components/wintaskbar/test/browser_taskbar_preview.js | Browser has one preview per tab - Got 2, expected 1
TEST-UNEXPECTED-FAIL | chrome://mochikit/content/browser/browser/components/wintaskbar/test/browser_taskbar_preview.js | Expected number of previews after closing selected tab via browser - Got 2, expected 1
TEST-UNEXPECTED-FAIL | chrome://mochikit/content/browser/browser/components/wintaskbar/test/browser_taskbar_preview.js | Browser has one preview per tab - Got 3, expected 2
TEST-UNEXPECTED-FAIL | chrome://mochikit/content/browser/browser/components/wintaskbar/test/browser_taskbar_preview.js | Got expected number of previews - Got 3, expected 2
TEST-UNEXPECTED-FAIL | chrome://mochikit/content/browser/browser/components/wintaskbar/test/browser_taskbar_preview.js | Browser has one preview per tab - Got 2, expected 1
TEST-UNEXPECTED-FAIL | chrome://mochikit/content/browser/browser/components/wintaskbar/test/browser_taskbar_preview.js | Got expected number of previews - Got 2, expected 1
dwitte%mozilla.com
http://tinderbox.mozilla.org/showlog.cgi?log=Electrolysis/1282980753.1282981538.16067.gz
Rev3 MacOSX Leopard 10.5.8 electrolysis opt test mochitest-other on 2010/08/28 00:32:33

s: talos-r3-leopard-044
TEST-UNEXPECTED-FAIL | chrome://mochikit/content/browser/browser/base/content/test/browser_bug380960.js | tab removed after at most 1750 ms - Got [object XULElement], expected null
TEST-UNEXPECTED-FAIL | chrome://mochikit/content/browser/browser/base/content/test/browser_bug380960.js | Found an unexpected tab at the end of test run: about:blank
dwitte%mozilla.com
http://tinderbox.mozilla.org/showlog.cgi?log=Electrolysis/1283001845.1283002656.29670.gz
Rev3 MacOSX Leopard 10.5.8 electrolysis opt test mochitest-other on 2010/08/28 06:24:05

s: talos-r3-leopard-025
TEST-UNEXPECTED-FAIL | chrome://mochikit/content/browser/browser/base/content/test/browser_bug380960.js | tab removed after at most 1750 ms - Got [object XULElement], expected null
TEST-UNEXPECTED-FAIL | chrome://mochikit/content/browser/browser/base/content/test/browser_bug380960.js | Found an unexpected tab at the end of test run: about:blank
dwitte%mozilla.com
http://tinderbox.mozilla.org/showlog.cgi?log=Electrolysis/1282997438.1282999474.13430.gz
Rev3 WINNT 6.1 electrolysis opt test mochitest-other on 2010/08/28 05:10:38

s: talos-r3-w7-010
TEST-UNEXPECTED-FAIL | chrome://mochikit/content/browser/browser/base/content/test/browser_bug380960.js | tab removed after at most 1750 ms - Got [object XULElement], expected null
TEST-UNEXPECTED-FAIL | chrome://mochikit/content/browser/browser/base/content/test/browser_bug380960.js | Found an unexpected tab at the end of test run: about:blank
TEST-UNEXPECTED-FAIL | chrome://mochikit/content/browser/browser/components/wintaskbar/test/browser_taskbar_preview.js | Browser has one preview per tab - Got 2, expected 1
TEST-UNEXPECTED-FAIL | chrome://mochikit/content/browser/browser/components/wintaskbar/test/browser_taskbar_preview.js | Browser starts with one preview - Got 2, expected 1
TEST-UNEXPECTED-FAIL | chrome://mochikit/content/browser/browser/components/wintaskbar/test/browser_taskbar_preview.js | Browser has one preview per tab - Got 5, expected 4
TEST-UNEXPECTED-FAIL | chrome://mochikit/content/browser/browser/components/wintaskbar/test/browser_taskbar_preview.js | Correct number of previews after adding - Got 5, expected 4
TEST-UNEXPECTED-FAIL | chrome://mochikit/content/browser/browser/components/wintaskbar/test/browser_taskbar_preview.js | Browser has one preview per tab - Got 5, expected 4
TEST-UNEXPECTED-FAIL | chrome://mochikit/content/browser/browser/components/wintaskbar/test/browser_taskbar_preview.js | Previews are unchanged when disabling - Got 5, expected 4
TEST-UNEXPECTED-FAIL | chrome://mochikit/content/browser/browser/components/wintaskbar/test/browser_taskbar_preview.js | Browser has one preview per tab - Got 5, expected 4
TEST-UNEXPECTED-FAIL | chrome://mochikit/content/browser/browser/components/wintaskbar/test/browser_taskbar_preview.js | Previews are unchanged when re-enabling - Got 5, expected 4
TEST-UNEXPECTED-FAIL | chrome://mochikit/content/browser/browser/components/wintaskbar/test/browser_taskbar_preview.js | Browser has one preview per tab - Got 4, expected 3
TEST-UNEXPECTED-FAIL | chrome://mochikit/content/browser/browser/components/wintaskbar/test/browser_taskbar_preview.js | Expected number of previews after closing selected tab via controller - Got 4, expected 3
TEST-UNEXPECTED-FAIL | chrome://mochikit/content/browser/browser/components/wintaskbar/test/browser_taskbar_preview.js | Browser has one preview per tab - Got 3, expected 2
TEST-UNEXPECTED-FAIL | chrome://mochikit/content/browser/browser/components/wintaskbar/test/browser_taskbar_preview.js | Expected number of previews after closing unselected via browser - Got 3, expected 2
TEST-UNEXPECTED-FAIL | chrome://mochikit/content/browser/browser/components/wintaskbar/test/browser_taskbar_preview.js | Browser has one preview per tab - Got 2, expected 1
TEST-UNEXPECTED-FAIL | chrome://mochikit/content/browser/browser/components/wintaskbar/test/browser_taskbar_preview.js | Expected number of previews after closing selected tab via browser - Got 2, expected 1
TEST-UNEXPECTED-FAIL | chrome://mochikit/content/browser/browser/components/wintaskbar/test/browser_taskbar_preview.js | Browser has one preview per tab - Got 3, expected 2
TEST-UNEXPECTED-FAIL | chrome://mochikit/content/browser/browser/components/wintaskbar/test/browser_taskbar_preview.js | Got expected number of previews - Got 3, expected 2
TEST-UNEXPECTED-FAIL | chrome://mochikit/content/browser/browser/components/wintaskbar/test/browser_taskbar_preview.js | Browser has one preview per tab - Got 2, expected 1
TEST-UNEXPECTED-FAIL | chrome://mochikit/content/browser/browser/components/wintaskbar/test/browser_taskbar_preview.js | Got expected number of previews - Got 2, expected 1
We can close this bug. Not going to try to resurrect the parts of this test that have been disabled years ago.

https://hg.mozilla.org/integration/fx-team/rev/570abf3f7383
https://hg.mozilla.org/mozilla-central/rev/570abf3f7383
