http://tbpl.allizom.org/php/getParsedLog.php?id=5994132
Rev3 Fedora 12x64 mozilla-central opt test mochitest-other on 2011-08-16 12:58:41 PDT for push 9967f28c64e1

TEST-PASS | chrome://mochitests/content/browser/browser/components/sessionstore/test/browser/browser_607016.js | sanity check that tab has correct extData
TEST-UNEXPECTED-FAIL | chrome://mochitests/content/browser/browser/components/sessionstore/test/browser/browser_607016.js | sanity check that tab doesn't have extData

http://tbpl.allizom.org/php/getParsedLog.php?id=5994132
Rev3 Fedora 12x64 mozilla-central opt test mochitest-other on 2011-08-16 12:58:41 PDT for push 9967f28c64e1

TEST-PASS | chrome://mochitests/content/browser/browser/components/sessionstore/test/browser/browser_607016.js | sanity check that tab has correct extData
TEST-UNEXPECTED-FAIL | chrome://mochitests/content/browser/browser/components/sessionstore/test/browser/browser_607016.js | sanity check that tab doesn't have extData
ttaubert
http://tinderbox.mozilla.org/showlog.cgi?log=Fx-Team/1313544052.1313545237.17330.gz
Rev3 Fedora 12x64 fx-team opt test mochitest-other on 2011/08/16 18:20:52

s: talos-r3-fed64-039
TEST-UNEXPECTED-FAIL | chrome://mochitests/content/chrome/dom/workers/test/test_fileReadMozSlice.xul | Exited with code 1 during test run
PROCESS-CRASH | chrome://mochitests/content/chrome/dom/workers/test/test_fileReadMozSlice.xul | application crashed (minidump found)
Thread 0 (crashed)
TEST-UNEXPECTED-FAIL | chrome://mochitests/content/browser/browser/components/sessionstore/test/browser/browser_607016.js | sanity check that tab doesn't have extData
robcee
http://tbpl.mozilla.org/php/getParsedLog.php?id=5995994
Rev3 Fedora 12x64 fx-team opt test mochitest-other on 2011-08-16 18:20:52

TEST-UNEXPECTED-FAIL | chrome://mochitests/content/chrome/dom/workers/test/test_fileReadMozSlice.xul | Exited with code 1 during test run
PROCESS-CRASH | chrome://mochitests/content/chrome/dom/workers/test/test_fileReadMozSlice.xul | application crashed (minidump found)
Thread 0 (crashed)
TEST-UNEXPECTED-FAIL | chrome://mochitests/content/browser/browser/components/sessionstore/test/browser/browser_607016.js | sanity check that tab doesn't have extData
mak77%bonardo.net
http://tinderbox.mozilla.org/showlog.cgi?log=Mozilla-Inbound/1313585715.1313587001.14648.gz
Rev3 Fedora 12 mozilla-inbound opt test mochitest-other on 2011/08/17 05:55:15

s: talos-r3-fed-062
TEST-UNEXPECTED-FAIL | chrome://mochitests/content/browser/browser/components/sessionstore/test/browser/browser_607016.js | sanity check that tab doesn't have extData
philor
http://tbpl.mozilla.org/php/getParsedLog.php?id=5999844
Rev3 Fedora 12 mozilla-inbound opt test mochitest-other on 2011-08-17 05:55:15

TEST-UNEXPECTED-FAIL | chrome://mochitests/content/browser/browser/components/sessionstore/test/browser/browser_607016.js | sanity check that tab doesn't have extData
philor
http://tbpl.mozilla.org/php/getParsedLog.php?id=6001809
Rev3 Fedora 12 mozilla-inbound opt test mochitest-other on 2011-08-17 08:57:18

TEST-UNEXPECTED-FAIL | chrome://mochitests/content/browser/browser/components/sessionstore/test/browser/browser_607016.js | sanity check that tab doesn't have extData
philor
http://tbpl.mozilla.org/php/getParsedLog.php?id=6006139
Rev3 Fedora 12x64 mozilla-central opt test mochitest-other on 2011-08-17 13:56:55

TEST-UNEXPECTED-FAIL | chrome://mochitests/content/browser/browser/components/sessionstore/test/browser/browser_607016.js | sanity check that tab doesn't have extData
iann_bugzilla%blueyonder.co.uk
http://tinderbox.mozilla.org/showlog.cgi?log=Firefox/1313614615.1313615912.21272.gz
Rev3 Fedora 12x64 mozilla-central opt test mochitest-other on 2011/08/17 13:56:55

s: talos-r3-fed64-044
TEST-UNEXPECTED-FAIL | chrome://mochitests/content/browser/browser/components/sessionstore/test/browser/browser_607016.js | sanity check that tab doesn't have extData
mak77%bonardo.net
http://tinderbox.mozilla.org/showlog.cgi?log=Firefox/1313674384.1313675647.13818.gz
Rev3 Fedora 12 mozilla-central opt test mochitest-other on 2011/08/18 06:33:04

s: talos-r3-fed-055
TEST-UNEXPECTED-FAIL | chrome://mochitests/content/browser/browser/components/sessionstore/test/browser/browser_607016.js | sanity check that tab doesn't have extData
philor
http://tbpl.mozilla.org/php/getParsedLog.php?id=6015614
Rev3 Fedora 12 mozilla-central opt test mochitest-other on 2011-08-18 04:10:14

10834 ERROR TEST-UNEXPECTED-FAIL | chrome://mochitests/content/chrome/layout/generic/test/test_bug632379.xul | Test timed out.
TEST-UNEXPECTED-FAIL | chrome://mochitests/content/browser/browser/components/sessionstore/test/browser/browser_607016.js | sanity check that tab doesn't have extData
philor
http://tbpl.mozilla.org/php/getParsedLog.php?id=6017124
Rev3 Fedora 12x64 mozilla-inbound opt test mochitest-other on 2011-08-18 07:01:41

TEST-UNEXPECTED-FAIL | chrome://mochitests/content/browser/browser/components/sessionstore/test/browser/browser_607016.js | sanity check that tab doesn't have extData
philor
http://tbpl.mozilla.org/php/getParsedLog.php?id=6016892
Rev3 Fedora 12 mozilla-inbound opt test mochitest-other on 2011-08-18 06:57:01

TEST-UNEXPECTED-FAIL | chrome://mochitests/content/browser/browser/components/sessionstore/test/browser/browser_607016.js | sanity check that tab doesn't have extData
philor
http://tbpl.mozilla.org/php/getParsedLog.php?id=6018780
Rev3 Fedora 12x64 mozilla-inbound opt test mochitest-other on 2011-08-18 06:34:07

TEST-UNEXPECTED-FAIL | chrome://mochitests/content/browser/browser/components/sessionstore/test/browser/browser_607016.js | sanity check that tab doesn't have extData
philor
http://tbpl.mozilla.org/php/getParsedLog.php?id=6019304
Rev3 Fedora 12 mozilla-inbound opt test mochitest-other on 2011-08-18 10:16:15

TEST-UNEXPECTED-FAIL | chrome://mochitests/content/browser/browser/components/sessionstore/test/browser/browser_607016.js | sanity check that tab doesn't have extData
philor
http://tbpl.mozilla.org/php/getParsedLog.php?id=6019325
Rev3 Fedora 12x64 mozilla-inbound opt test mochitest-other on 2011-08-18 10:16:41

TEST-UNEXPECTED-FAIL | chrome://mochitests/content/browser/browser/components/sessionstore/test/browser/browser_607016.js | sanity check that tab doesn't have extData
mbrubeck%mozilla.com
http://tbpl.mozilla.org/php/getParsedLog.php?id=6025195
Rev3 Fedora 12 mozilla-aurora opt test mochitest-other on 2011-08-18 17:48:05

TEST-UNEXPECTED-FAIL | chrome://mochitests/content/browser/browser/components/sessionstore/test/browser/browser_607016.js | sanity check that tab doesn't have extData
mbrubeck%mozilla.com
http://tbpl.mozilla.org/php/getParsedLog.php?id=6024703
Rev3 Fedora 12x64 mozilla-aurora opt test mochitest-other on 2011-08-18 17:06:16

TEST-UNEXPECTED-FAIL | chrome://mochitests/content/browser/browser/components/sessionstore/test/browser/browser_607016.js | sanity check that tab doesn't have extData
jmaher%mozilla.com
http://tbpl.mozilla.org/php/getParsedLog.php?id=6026582
Rev3 Fedora 12x64 try opt test mochitest-other on 2011-08-18 19:47:55

TEST-UNEXPECTED-FAIL | chrome://mochitests/content/browser/browser/components/sessionstore/test/browser/browser_607016.js | sanity check that tab doesn't have extData
jmaher%mozilla.com
http://tbpl.mozilla.org/php/getParsedLog.php?id=6026658
Rev3 Fedora 12 try opt test mochitest-other on 2011-08-18 19:50:26

TEST-UNEXPECTED-FAIL | chrome://mochitests/content/browser/browser/components/sessionstore/test/browser/browser_607016.js | sanity check that tab doesn't have extData
philor
http://tbpl.mozilla.org/php/getParsedLog.php?id=6032438
Rev3 Fedora 12 mozilla-inbound opt test mochitest-other on 2011-08-19 07:19:05

TEST-UNEXPECTED-FAIL | chrome://mochitests/content/browser/browser/components/sessionstore/test/browser/browser_607016.js | sanity check that tab doesn't have extData
philor
http://tbpl.mozilla.org/php/getParsedLog.php?id=6033892
Rev3 Fedora 12x64 mozilla-inbound opt test mochitest-other on 2011-08-19 09:06:41

10853 ERROR TEST-UNEXPECTED-FAIL | chrome://mochitests/content/chrome/layout/generic/test/test_bug632379.xul | Test timed out.
TEST-UNEXPECTED-FAIL | chrome://mochitests/content/browser/browser/components/sessionstore/test/browser/browser_607016.js | sanity check that tab doesn't have extData
ttaubert
http://tinderbox.mozilla.org/showlog.cgi?log=Fx-Team/1313952659.1313954033.11716.gz
Rev3 Fedora 12x64 fx-team opt test mochitest-other on 2011/08/21 11:50:59

s: talos-r3-fed64-052
TEST-UNEXPECTED-FAIL | chrome://mochitests/content/browser/browser/components/sessionstore/test/browser/browser_607016.js | sanity check that tab doesn't have extData
ttaubert
http://tinderbox.mozilla.org/showlog.cgi?log=Fx-Team/1313982536.1313983855.17724.gz
Rev3 Fedora 12x64 fx-team opt test mochitest-other on 2011/08/21 20:08:56

s: talos-r3-fed64-020
TEST-UNEXPECTED-FAIL | chrome://mochitests/content/browser/browser/components/sessionstore/test/browser/browser_607016.js | sanity check that tab doesn't have extData
rnewman%mozilla.com
http://tinderbox.mozilla.org/showlog.cgi?log=Services-Central/1314031024.1314032232.1556.gz
Rev3 Fedora 12 services-central opt test mochitest-other on 2011/08/22 09:37:04

s: talos-r3-fed-005
1762 ERROR TEST-UNEXPECTED-FAIL | chrome://mochitests/content/chrome/content/xul/content/test/test_bug330705-2.xul | The first box element is still focused after blur() has been called on the second box element
TEST-UNEXPECTED-FAIL | chrome://mochitests/content/browser/browser/components/sessionstore/test/browser/browser_607016.js | sanity check that tab doesn't have extData
mbrubeck%mozilla.com
http://tbpl.mozilla.org/php/getParsedLog.php?id=6070314
Rev3 Fedora 12 mozilla-inbound opt test mochitest-other on 2011-08-22 11:36:17

TEST-UNEXPECTED-FAIL | chrome://mochitests/content/browser/browser/components/sessionstore/test/browser/browser_607016.js | sanity check that tab doesn't have extData
philor
http://tbpl.mozilla.org/php/getParsedLog.php?id=6068598
Rev3 Fedora 12x64 mozilla-inbound opt test mochitest-other on 2011-08-22 09:35:02

TEST-UNEXPECTED-FAIL | chrome://mochitests/content/browser/browser/components/sessionstore/test/browser/browser_607016.js | sanity check that tab doesn't have extData
philor
http://tbpl.mozilla.org/php/getParsedLog.php?id=6074387
Rev3 Fedora 12 mozilla-inbound opt test mochitest-other on 2011-08-22 15:19:03

TEST-UNEXPECTED-FAIL | chrome://mochitests/content/browser/browser/components/sessionstore/test/browser/browser_607016.js | sanity check that tab doesn't have extData
philor
http://tbpl.mozilla.org/php/getParsedLog.php?id=6077272
Rev3 Fedora 12 mozilla-inbound opt test mochitest-other on 2011-08-22 17:36:24

9396 ERROR TEST-UNEXPECTED-FAIL | chrome://mochitests/content/chrome/editor/composer/test/test_bug678842.html | Test timed out.
TEST-UNEXPECTED-FAIL | chrome://mochitests/content/browser/browser/components/sessionstore/test/browser/browser_607016.js | sanity check that tab doesn't have extData
TEST-UNEXPECTED-FAIL | chrome://mochitests/content/browser/toolkit/mozapps/extensions/test/browser/browser_updatessl.js | Exited with code 1 during test run
PROCESS-CRASH | chrome://mochitests/content/browser/toolkit/mozapps/extensions/test/browser/browser_updatessl.js | application crashed (minidump found)
Thread 0 (crashed)
philor
http://tbpl.mozilla.org/php/getParsedLog.php?id=6078656
Rev3 Fedora 12x64 mozilla-central opt test mochitest-other on 2011-08-22 19:07:09

TEST-UNEXPECTED-FAIL | chrome://mochitests/content/browser/browser/components/sessionstore/test/browser/browser_607016.js | sanity check that tab doesn't have extData
philor
http://tbpl.mozilla.org/php/getParsedLog.php?id=6088368
Rev3 WINNT 6.1 mozilla-inbound opt test mochitest-other on 2011-08-23 10:37:47

TEST-UNEXPECTED-FAIL | chrome://mochitests/content/browser/browser/components/sessionstore/test/browser/browser_607016.js | sanity check that tab doesn't have extData
mbrubeck%mozilla.com
http://tbpl.mozilla.org/php/getParsedLog.php?id=6089592
Rev3 Fedora 12 mozilla-inbound opt test mochitest-other on 2011-08-23 12:46:00

TEST-UNEXPECTED-FAIL | chrome://mochitests/content/browser/browser/components/sessionstore/test/browser/browser_607016.js | sanity check that tab doesn't have extData
mbrubeck%mozilla.com
http://tbpl.mozilla.org/php/getParsedLog.php?id=6048808
Rev3 Fedora 12 mozilla-aurora opt test mochitest-other on 2011-08-20 05:31:20

TEST-UNEXPECTED-FAIL | chrome://mochitests/content/browser/browser/components/sessionstore/test/browser/browser_607016.js | sanity check that tab doesn't have extData
bmcbride%mozilla.com
http://tinderbox.mozilla.org/showlog.cgi?log=Mozilla-Aurora/1314146471.1314147920.8522.gz
Rev3 WINNT 5.1 mozilla-aurora opt test mochitest-other on 2011/08/23 17:41:11

s: talos-r3-xp-027
TEST-UNEXPECTED-FAIL | chrome://mochitests/content/browser/browser/components/sessionstore/test/browser/browser_607016.js | sanity check that tab doesn't have extData
philor
http://tbpl.mozilla.org/php/getParsedLog.php?id=6102293
Rev3 Fedora 12 jaegermonkey opt test mochitest-other on 2011-08-24 05:16:43

TEST-UNEXPECTED-FAIL | chrome://mochitests/content/browser/browser/components/sessionstore/test/browser/browser_607016.js | sanity check that tab doesn't have extData
TEST-UNEXPECTED-FAIL | chrome://mochitests/content/browser/toolkit/mozapps/extensions/test/browser/browser_select_update.js | Test timed out
TEST-UNEXPECTED-FAIL | chrome://mochitests/content/browser/toolkit/mozapps/extensions/test/browser/browser_select_update.js | Found a  after previous test timed out
philor
http://tbpl.mozilla.org/php/getParsedLog.php?id=6094078
Rev3 WINNT 5.1 mozilla-aurora opt test mochitest-other on 2011-08-23 17:41:11

TEST-UNEXPECTED-FAIL | chrome://mochitests/content/browser/browser/components/sessionstore/test/browser/browser_607016.js | sanity check that tab doesn't have extData
mats
http://tbpl.mozilla.org/php/getParsedLog.php?id=6107562
Rev3 Fedora 12 try opt test mochitest-other on 2011-08-24 12:03:25

TEST-UNEXPECTED-FAIL | chrome://mochitests/content/browser/browser/components/sessionstore/test/browser/browser_607016.js | sanity check that tab doesn't have extData
philor
http://tbpl.mozilla.org/php/getParsedLog.php?id=6111800
Rev3 Fedora 12 mozilla-inbound opt test mochitest-other on 2011-08-24 17:10:06

TEST-UNEXPECTED-FAIL | chrome://mochitests/content/browser/browser/components/sessionstore/test/browser/browser_607016.js | sanity check that tab doesn't have extData
khuey
http://tbpl.mozilla.org/php/getParsedLog.php?id=6107454
Rev3 Fedora 12x64 build-system opt test mochitest-other on 2011-08-24 11:56:16

TEST-UNEXPECTED-FAIL | chrome://mochitests/content/browser/browser/components/sessionstore/test/browser/browser_607016.js | sanity check that tab doesn't have extData
philor
http://tbpl.mozilla.org/php/getParsedLog.php?id=6119850
Rev3 Fedora 12x64 mozilla-inbound opt test mochitest-other on 2011-08-25 04:56:57

TEST-UNEXPECTED-FAIL | chrome://mochitests/content/browser/browser/components/sessionstore/test/browser/browser_607016.js | sanity check that tab doesn't have extData
philor
http://tbpl.mozilla.org/php/getParsedLog.php?id=6124100
Rev3 Fedora 12 mozilla-inbound opt test mochitest-other on 2011-08-25 09:10:00

TEST-UNEXPECTED-FAIL | chrome://mochitests/content/browser/browser/components/sessionstore/test/browser/browser_607016.js | sanity check that tab doesn't have extData
philor
http://tbpl.mozilla.org/php/getParsedLog.php?id=6124642
Rev3 Fedora 12x64 mozilla-inbound opt test mochitest-other on 2011-08-25 10:01:18

TEST-UNEXPECTED-FAIL | chrome://mochitests/content/browser/browser/components/sessionstore/test/browser/browser_607016.js | sanity check that tab doesn't have extData
philor
http://tbpl.mozilla.org/php/getParsedLog.php?id=6117104
Rev3 Fedora 12 jaegermonkey opt test mochitest-other on 2011-08-25 01:18:13

TEST-UNEXPECTED-FAIL | chrome://mochitests/content/browser/browser/components/sessionstore/test/browser/browser_607016.js | sanity check that tab doesn't have extData
philor
http://tbpl.mozilla.org/php/getParsedLog.php?id=6126664
Rev3 Fedora 12 mozilla-inbound opt test mochitest-other on 2011-08-25 12:43:19

TEST-UNEXPECTED-FAIL | chrome://mochitests/content/browser/browser/components/sessionstore/test/browser/browser_607016.js | sanity check that tab doesn't have extData
TEST-UNEXPECTED-FAIL | chrome://mochitests/content/browser/toolkit/mozapps/extensions/test/browser/browser_updatessl.js | Exited with code 1 during test run
PROCESS-CRASH | chrome://mochitests/content/browser/toolkit/mozapps/extensions/test/browser/browser_updatessl.js | application crashed (minidump found)
Thread 0 (crashed)
Doug Sherk
http://tinderbox.mozilla.org/showlog.cgi?log=Mozilla-Inbound/1314301399.1314302611.15758.gz
Rev3 Fedora 12 mozilla-inbound opt test mochitest-other on 2011/08/25 12:43:19

s: talos-r3-fed-043
TEST-UNEXPECTED-FAIL | chrome://mochitests/content/browser/browser/components/sessionstore/test/browser/browser_607016.js | sanity check that tab doesn't have extData
TEST-UNEXPECTED-FAIL | chrome://mochitests/content/browser/toolkit/mozapps/extensions/test/browser/browser_updatessl.js | Exited with code 1 during test run
PROCESS-CRASH | chrome://mochitests/content/browser/toolkit/mozapps/extensions/test/browser/browser_updatessl.js | application crashed (minidump found)
Thread 0 (crashed)
mfinkle%mozilla.com
http://tbpl.mozilla.org/php/getParsedLog.php?id=6128545
Rev3 Fedora 12 mozilla-central opt test mochitest-other on 2011-08-25 14:47:04

TEST-UNEXPECTED-FAIL | chrome://mochitests/content/browser/browser/components/sessionstore/test/browser/browser_607016.js | sanity check that tab doesn't have extData
bill%wg9s.com
http://tinderbox.mozilla.org/showlog.cgi?log=Firefox/1314308824.1314310078.7411.gz
Rev3 Fedora 12 mozilla-central opt test mochitest-other on 2011/08/25 14:47:04

s: talos-r3-fed-040
TEST-UNEXPECTED-FAIL | chrome://mochitests/content/browser/browser/components/sessionstore/test/browser/browser_607016.js | sanity check that tab doesn't have extData
philor
http://tbpl.mozilla.org/php/getParsedLog.php?id=6131835
Rev3 Fedora 12 mozilla-central opt test mochitest-other on 2011-08-25 19:15:11

TEST-UNEXPECTED-FAIL | chrome://mochitests/content/browser/browser/components/sessionstore/test/browser/browser_607016.js | sanity check that tab doesn't have extData
dao
http://tinderbox.mozilla.org/showlog.cgi?log=Firefox/1314324911.1314326166.24701.gz
Rev3 Fedora 12 mozilla-central opt test mochitest-other on 2011/08/25 19:15:11

s: talos-r3-fed-003
TEST-UNEXPECTED-FAIL | chrome://mochitests/content/browser/browser/components/sessionstore/test/browser/browser_607016.js | sanity check that tab doesn't have extData
philor
http://tbpl.mozilla.org/php/getParsedLog.php?id=6133477
Rev3 Fedora 12 build-system opt test mochitest-other on 2011-08-25 21:27:20

TEST-UNEXPECTED-FAIL | chrome://mochitests/content/browser/browser/components/sessionstore/test/browser/browser_607016.js | sanity check that tab doesn't have extData
philor
http://tbpl.mozilla.org/php/getParsedLog.php?id=6126173
Rev3 Fedora 12x64 fx-team opt test mochitest-other on 2011-08-25 12:18:35

TEST-UNEXPECTED-FAIL | chrome://mochitests/content/browser/browser/components/sessionstore/test/browser/browser_607016.js | sanity check that tab doesn't have extData
edmorley
http://tbpl.mozilla.org/php/getParsedLog.php?id=6130418
Rev3 Fedora 12x64 try opt test mochitest-other on 2011-08-25 17:14:25

TEST-UNEXPECTED-FAIL | chrome://mochitests/content/browser/browser/components/sessionstore/test/browser/browser_607016.js | sanity check that tab doesn't have extData
philor
http://tbpl.mozilla.org/php/getParsedLog.php?id=6143490
Rev3 Fedora 12x64 mozilla-central opt test mochitest-other on 2011-08-26 11:40:50

TEST-UNEXPECTED-FAIL | chrome://mochitests/content/browser/browser/components/sessionstore/test/browser/browser_607016.js | sanity check that tab doesn't have extData
philipp%weitershausen.de
http://tbpl.mozilla.org/php/getParsedLog.php?id=6143446
Rev3 Fedora 12 services-central opt test mochitest-other on 2011-08-26 11:41:04

TEST-UNEXPECTED-FAIL | Shutdown | Exited with code 1 during test run
PROCESS-CRASH | Shutdown | application crashed (minidump found)
TEST-UNEXPECTED-FAIL | chrome://mochitests/content/browser/browser/components/sessionstore/test/browser/browser_607016.js | sanity check that tab doesn't have extData
TEST-UNEXPECTED-FAIL | chrome://mochitests/content/browser/browser/devtools/webconsole/test/browser/browser_webconsole_bug_595934_message_categories.js | test #5: error category 'malformed-xml' - Got XPConnect JavaScript, expected malformed-xml
TEST-UNEXPECTED-FAIL | chrome://mochitests/content/browser/browser/devtools/webconsole/test/browser/browser_webconsole_bug_595934_message_categories.js | chrome://browser/content/tabbrowser.xml:430; [Exception... "Component returned failure code: 0x80040111 (NS_ERROR_NOT_AVAILABLE) [nsIHttpChannel.isNoStoreResponse]"  nsresult: "0x80040111 (NS_ERROR_NOT_AVAILABLE)"  location: "JS frame :: chrome://browser/content/tabview.js :: ThumbnailStorage_onStateChange :: line 7717"  data: no]
bmcbride%mozilla.com
http://tinderbox.mozilla.org/showlog.cgi?log=Firefox/1314384050.1314385243.32365.gz
Rev3 Fedora 12x64 mozilla-central opt test mochitest-other on 2011/08/26 11:40:50

s: talos-r3-fed64-008
TEST-UNEXPECTED-FAIL | chrome://mochitests/content/browser/browser/components/sessionstore/test/browser/browser_607016.js | sanity check that tab doesn't have extData
philor
http://tbpl.mozilla.org/php/getParsedLog.php?id=6146051
Rev3 Fedora 12x64 mozilla-inbound opt test mochitest-other on 2011-08-26 13:54:45

TEST-UNEXPECTED-FAIL | chrome://mochitests/content/browser/browser/components/sessionstore/test/browser/browser_607016.js | sanity check that tab doesn't have extData
mbrubeck%mozilla.com
http://tbpl.mozilla.org/php/getParsedLog.php?id=6149121
Rev3 Fedora 12x64 mozilla-inbound opt test mochitest-other on 2011-08-26 16:10:38

TEST-UNEXPECTED-FAIL | chrome://mochitests/content/browser/browser/components/sessionstore/test/browser/browser_607016.js | sanity check that tab doesn't have extData
philor
http://tbpl.mozilla.org/php/getParsedLog.php?id=6149868
Rev3 Fedora 12 mozilla-inbound opt test mochitest-other on 2011-08-26 16:55:13

TEST-UNEXPECTED-FAIL | chrome://mochitests/content/browser/browser/components/sessionstore/test/browser/browser_607016.js | sanity check that tab doesn't have extData
philor
http://tbpl.mozilla.org/php/getParsedLog.php?id=6161385
Rev3 Fedora 12x64 mozilla-aurora opt test mochitest-other on 2011-08-28 05:13:22

TEST-UNEXPECTED-FAIL | chrome://mochitests/content/browser/browser/components/sessionstore/test/browser/browser_607016.js | sanity check that tab doesn't have extData
nnethercote
http://tbpl.mozilla.org/php/getParsedLog.php?id=6168963
Rev3 Fedora 12 try opt test mochitest-other on 2011-08-29 03:11:08

TEST-UNEXPECTED-FAIL | chrome://mochitests/content/browser/browser/components/sessionstore/test/browser/browser_607016.js | sanity check that tab doesn't have extData
philor
http://tbpl.mozilla.org/php/getParsedLog.php?id=6170855
Rev3 Fedora 12 mozilla-inbound opt test mochitest-other on 2011-08-29 05:30:16

TEST-UNEXPECTED-FAIL | chrome://mochitests/content/browser/browser/components/sessionstore/test/browser/browser_607016.js | sanity check that tab doesn't have extData
philor
http://tbpl.mozilla.org/php/getParsedLog.php?id=6173515
Rev3 Fedora 12 mozilla-aurora opt test mochitest-other on 2011-08-29 08:31:43

TEST-UNEXPECTED-FAIL | chrome://mochitests/content/browser/browser/components/sessionstore/test/browser/browser_607016.js | sanity check that tab doesn't have extData
philor
http://tbpl.mozilla.org/php/getParsedLog.php?id=6177956
Rev3 Fedora 12x64 jaegermonkey opt test mochitest-other on 2011-08-29 13:50:34

TEST-UNEXPECTED-FAIL | chrome://mochitests/content/browser/browser/components/sessionstore/test/browser/browser_607016.js | sanity check that tab doesn't have extData
philor
http://tbpl.mozilla.org/php/getParsedLog.php?id=6177897
Rev3 Fedora 12 jaegermonkey opt test mochitest-other on 2011-08-29 13:47:56

TEST-UNEXPECTED-FAIL | chrome://mochitests/content/browser/browser/components/sessionstore/test/browser/browser_607016.js | sanity check that tab doesn't have extData
edmorley
http://tbpl.mozilla.org/php/getParsedLog.php?id=6178436
Rev3 Fedora 12 mozilla-central opt test mochitest-other on 2011-08-29 14:12:55

TEST-UNEXPECTED-FAIL | chrome://mochitests/content/browser/browser/components/sessionstore/test/browser/browser_607016.js | sanity check that tab doesn't have extData
TEST-UNEXPECTED-FAIL | chrome://mochitests/content/browser/content/html/document/test/browser_bug592641.js | Title should be correct on load #1
TEST-UNEXPECTED-FAIL | chrome://mochitests/content/browser/content/html/document/test/browser_bug592641.js | Title should be correct on load #2
TEST-UNEXPECTED-FAIL | chrome://mochitests/content/browser/toolkit/mozapps/extensions/test/browser/browser_select_confirm.js | Test timed out
TEST-UNEXPECTED-FAIL | chrome://mochitests/content/browser/toolkit/mozapps/extensions/test/browser/browser_select_confirm.js | Found a  after previous test timed out
bill%wg9s.com
http://tinderbox.mozilla.org/showlog.cgi?log=Firefox/1314652375.1314653674.22879.gz
Rev3 Fedora 12 mozilla-central opt test mochitest-other on 2011/08/29 14:12:55

s: talos-r3-fed-032
TEST-UNEXPECTED-FAIL | chrome://mochitests/content/browser/browser/components/sessionstore/test/browser/browser_607016.js | sanity check that tab doesn't have extData
TEST-UNEXPECTED-FAIL | chrome://mochitests/content/browser/content/html/document/test/browser_bug592641.js | Title should be correct on load #1
TEST-UNEXPECTED-FAIL | chrome://mochitests/content/browser/content/html/document/test/browser_bug592641.js | Title should be correct on load #2
TEST-UNEXPECTED-FAIL | chrome://mochitests/content/browser/toolkit/mozapps/extensions/test/browser/browser_select_confirm.js | Test timed out
TEST-UNEXPECTED-FAIL | chrome://mochitests/content/browser/toolkit/mozapps/extensions/test/browser/browser_select_confirm.js | Found a  after previous test timed out
philor
http://tbpl.mozilla.org/php/getParsedLog.php?id=6182395
Rev3 Fedora 12 mozilla-inbound opt test mochitest-other on 2011-08-29 17:43:09

1763 ERROR TEST-UNEXPECTED-FAIL | chrome://mochitests/content/chrome/content/xul/content/test/test_bug330705-2.xul | The first box element is still focused after blur() has been called on the second box element
TEST-UNEXPECTED-FAIL | chrome://mochitests/content/browser/browser/components/sessionstore/test/browser/browser_607016.js | sanity check that tab doesn't have extData
philor
http://tbpl.mozilla.org/php/getParsedLog.php?id=6184016
Rev3 Fedora 12 mozilla-inbound opt test mochitest-other on 2011-08-29 19:50:48

TEST-UNEXPECTED-FAIL | chrome://mochitests/content/browser/browser/components/sessionstore/test/browser/browser_607016.js | sanity check that tab doesn't have extData
TEST-UNEXPECTED-FAIL | chrome://mochitests/content/browser/toolkit/mozapps/extensions/test/browser/browser_select_update.js | Test timed out
TEST-UNEXPECTED-FAIL | chrome://mochitests/content/browser/toolkit/mozapps/extensions/test/browser/browser_select_update.js | Found a  after previous test timed out
robcee
http://tbpl.mozilla.org/php/getParsedLog.php?id=6189762
Rev3 Fedora 12x64 try opt test mochitest-other on 2011-08-30 06:50:34

TEST-UNEXPECTED-FAIL | chrome://mochitests/content/browser/browser/components/sessionstore/test/browser/browser_607016.js | sanity check that tab doesn't have extData
philor
http://tbpl.mozilla.org/php/getParsedLog.php?id=6201913
Rev3 Fedora 12 mozilla-aurora opt test mochitest-other on 2011-08-30 18:07:19

TEST-UNEXPECTED-FAIL | chrome://mochitests/content/browser/browser/components/sessionstore/test/browser/browser_607016.js | sanity check that tab doesn't have extData
Ms2ger%gmail.com
http://tbpl.mozilla.org/php/getParsedLog.php?id=6202796
Rev3 Fedora 12 try opt test mochitest-other on 2011-08-30 18:50:59

TEST-UNEXPECTED-FAIL | chrome://mochitests/content/browser/browser/components/sessionstore/test/browser/browser_607016.js | sanity check that tab doesn't have extData
mak77%bonardo.net
http://tinderbox.mozilla.org/showlog.cgi?log=Mozilla-Inbound/1314782561.1314783806.11495.gz
Rev3 Fedora 12x64 mozilla-inbound opt test mochitest-other on 2011/08/31 02:22:41

s: talos-r3-fed64-017
TEST-UNEXPECTED-FAIL | chrome://mochitests/content/browser/browser/components/sessionstore/test/browser/browser_607016.js | sanity check that tab doesn't have extData
philor
https://tbpl.mozilla.org/php/getParsedLog.php?id=6207139
Rev3 Fedora 12x64 mozilla-inbound opt test mochitest-other on 2011-08-31 02:22:41

TEST-UNEXPECTED-FAIL | chrome://mochitests/content/browser/browser/components/sessionstore/test/browser/browser_607016.js | sanity check that tab doesn't have extData
jdm
https://tbpl.mozilla.org/php/getParsedLog.php?id=6216144
Rev3 Fedora 12 mozilla-central opt test mochitest-other on 2011-08-31 12:23:19

TEST-UNEXPECTED-FAIL | chrome://mochitests/content/browser/browser/components/sessionstore/test/browser/browser_607016.js | sanity check that tab doesn't have extData
philipp%weitershausen.de
http://tbpl.mozilla.org/php/getParsedLog.php?id=6216144
Rev3 Fedora 12 mozilla-central opt test mochitest-other on 2011-08-31 12:23:19

TEST-UNEXPECTED-FAIL | chrome://mochitests/content/browser/browser/components/sessionstore/test/browser/browser_607016.js | sanity check that tab doesn't have extData
philor
https://tbpl.mozilla.org/php/getParsedLog.php?id=6218728
Rev3 Fedora 12 mozilla-central opt test mochitest-other on 2011-08-31 15:09:01

TEST-UNEXPECTED-FAIL | chrome://mochitests/content/browser/browser/components/sessionstore/test/browser/browser_607016.js | sanity check that tab doesn't have extData
bill%wg9s.com
https://tbpl.mozilla.org/php/getParsedLog.php?id=6218728
Rev3 Fedora 12 mozilla-central opt test mochitest-other on 2011-08-31 15:09:01

TEST-UNEXPECTED-FAIL | chrome://mochitests/content/browser/browser/components/sessionstore/test/browser/browser_607016.js | sanity check that tab doesn't have extData
philor
https://tbpl.mozilla.org/php/getParsedLog.php?id=6201913
Rev3 Fedora 12 mozilla-aurora opt test mochitest-other on 2011-08-30 18:07:19

TEST-UNEXPECTED-FAIL | chrome://mochitests/content/browser/browser/components/sessionstore/test/browser/browser_607016.js | sanity check that tab doesn't have extData
edmorley
https://tbpl.mozilla.org/php/getParsedLog.php?id=6227290
Rev3 Fedora 12 mozilla-central opt test mochitest-other on 2011-09-01 04:35:03

TEST-UNEXPECTED-FAIL | chrome://mochitests/content/browser/browser/components/sessionstore/test/browser/browser_607016.js | sanity check that tab doesn't have extData
edmorley
https://tbpl.mozilla.org/php/getParsedLog.php?id=6236055
Rev3 Fedora 12 mozilla-inbound opt test mochitest-other on 2011-09-01 14:48:03

TEST-UNEXPECTED-FAIL | chrome://mochitests/content/browser/browser/components/sessionstore/test/browser/browser_607016.js | sanity check that tab doesn't have extData
philor
https://tbpl.mozilla.org/php/getParsedLog.php?id=6236055
Rev3 Fedora 12 mozilla-inbound opt test mochitest-other on 2011-09-01 14:48:03

TEST-UNEXPECTED-FAIL | chrome://mochitests/content/browser/browser/components/sessionstore/test/browser/browser_607016.js | sanity check that tab doesn't have extData
philor
https://tbpl.mozilla.org/php/getParsedLog.php?id=6239721
Rev3 Fedora 12x64 mozilla-inbound opt test mochitest-other on 2011-09-01 19:52:31

TEST-UNEXPECTED-FAIL | chrome://mochitests/content/browser/browser/components/sessionstore/test/browser/browser_607016.js | sanity check that tab doesn't have extData
TEST-UNEXPECTED-FAIL | chrome://mochitests/content/browser/toolkit/mozapps/extensions/test/browser/browser_select_update.js | Test timed out
TEST-UNEXPECTED-FAIL | chrome://mochitests/content/browser/toolkit/mozapps/extensions/test/browser/browser_select_update.js | Found a  after previous test timed out
edmorley
https://tbpl.mozilla.org/php/getParsedLog.php?id=6227946
Rev3 Fedora 12 mozilla-aurora opt test mochitest-other on 2011-09-01 05:22:18

TEST-UNEXPECTED-FAIL | chrome://mochitests/content/browser/browser/components/sessionstore/test/browser/browser_607016.js | sanity check that tab doesn't have extData
TEST-UNEXPECTED-FAIL | chrome://mochitests/content/browser/toolkit/mozapps/extensions/test/browser/browser_select_confirm.js | Test timed out
TEST-UNEXPECTED-FAIL | chrome://mochitests/content/browser/toolkit/mozapps/extensions/test/browser/browser_select_confirm.js | Found a  after previous test timed out
ehsan
https://tbpl.mozilla.org/php/getParsedLog.php?id=6243104
Rev3 Fedora 12x64 mozilla-inbound opt test mochitest-other on 2011-09-02 04:32:56

TEST-UNEXPECTED-FAIL | chrome://mochitests/content/browser/browser/components/sessionstore/test/browser/browser_607016.js | sanity check that tab doesn't have extData
philor
https://tbpl.mozilla.org/php/getParsedLog.php?id=6246849
Rev3 Fedora 12 mozilla-inbound opt test mochitest-other on 2011-09-02 08:38:42

TEST-UNEXPECTED-FAIL | chrome://mochitests/content/browser/browser/components/sessionstore/test/browser/browser_607016.js | sanity check that tab doesn't have extData
philor
https://tbpl.mozilla.org/php/getParsedLog.php?id=6248608
Rev3 Fedora 12x64 mozilla-inbound opt test mochitest-other on 2011-09-02 10:10:58

TEST-UNEXPECTED-FAIL | chrome://mochitests/content/browser/browser/components/sessionstore/test/browser/browser_607016.js | sanity check that tab doesn't have extData
edmorley
https://tbpl.mozilla.org/php/getParsedLog.php?id=6257091
Rev3 Fedora 12 mozilla-inbound opt test mochitest-other on 2011-09-02 17:57:57

TEST-UNEXPECTED-FAIL | chrome://mochitests/content/browser/browser/components/sessionstore/test/browser/browser_607016.js | sanity check that tab doesn't have extData
TEST-UNEXPECTED-FAIL | chrome://mochitests/content/browser/toolkit/mozapps/extensions/test/browser/browser_installssl.js | Exited with code 1 during test run
PROCESS-CRASH | chrome://mochitests/content/browser/toolkit/mozapps/extensions/test/browser/browser_installssl.js | application crashed (minidump found)
Thread 0 (crashed)
bill%wg9s.com
https://tbpl.mozilla.org/php/getParsedLog.php?id=6260762
Rev3 Fedora 12x64 mozilla-central opt test mochitest-other on 2011-09-03 03:08:33

TEST-UNEXPECTED-FAIL | chrome://mochitests/content/browser/browser/components/sessionstore/test/browser/browser_607016.js | sanity check that tab doesn't have extData
edmorley
https://tbpl.mozilla.org/php/getParsedLog.php?id=6263191
Rev3 Fedora 12 mozilla-inbound opt test mochitest-other on 2011-09-03 05:19:26

TEST-UNEXPECTED-FAIL | chrome://mochitests/content/browser/browser/components/sessionstore/test/browser/browser_607016.js | sanity check that tab doesn't have extData
TEST-UNEXPECTED-FAIL | chrome://mochitests/content/browser/browser/devtools/webconsole/test/browser/browser_webconsole_bug_595934_message_categories.js | test #5: error category 'malformed-xml' - Got XPConnect JavaScript, expected malformed-xml
TEST-UNEXPECTED-FAIL | chrome://mochitests/content/browser/browser/devtools/webconsole/test/browser/browser_webconsole_bug_595934_message_categories.js | chrome://browser/content/tabbrowser.xml:430; [Exception... "Component returned failure code: 0x80040111 (NS_ERROR_NOT_AVAILABLE) [nsIHttpChannel.isNoStoreResponse]"  nsresult: "0x80040111 (NS_ERROR_NOT_AVAILABLE)"  location: "JS frame :: chrome://browser/content/tabview.js :: ThumbnailStorage_onStateChange :: line 7719"  data: no]
TEST-UNEXPECTED-FAIL | chrome://mochitests/content/browser/toolkit/mozapps/extensions/test/browser/browser_select_update.js | Test timed out
TEST-UNEXPECTED-FAIL | chrome://mochitests/content/browser/toolkit/mozapps/extensions/test/browser/browser_select_update.js | Found a  after previous test timed out
m_kato%ga2.so-net.ne.jp
https://tbpl.mozilla.org/php/getParsedLog.php?id=6263706
Rev3 Fedora 12 mozilla-inbound opt test mochitest-other on 2011-09-03 07:05:13

TEST-UNEXPECTED-FAIL | chrome://mochitests/content/browser/browser/components/sessionstore/test/browser/browser_607016.js | sanity check that tab doesn't have extData
TEST-UNEXPECTED-FAIL | chrome://mochitests/content/browser/toolkit/mozapps/extensions/test/browser/browser_select_confirm.js | Test timed out
TEST-UNEXPECTED-FAIL | chrome://mochitests/content/browser/toolkit/mozapps/extensions/test/browser/browser_select_confirm.js | Found a  after previous test timed out
philor
https://tbpl.mozilla.org/php/getParsedLog.php?id=6262063
Rev3 Fedora 12x64 mozilla-inbound opt test mochitest-other on 2011-09-03 04:57:21

TEST-UNEXPECTED-FAIL | chrome://mochitests/content/browser/browser/components/sessionstore/test/browser/browser_607016.js | sanity check that tab doesn't have extData
edmorley
https://tbpl.mozilla.org/php/getParsedLog.php?id=6271902
Rev3 Fedora 12 mozilla-inbound opt test mochitest-other on 2011-09-04 10:21:28

TEST-UNEXPECTED-FAIL | chrome://mochitests/content/browser/browser/components/sessionstore/test/browser/browser_607016.js | sanity check that tab doesn't have extData
edmorley
https://tbpl.mozilla.org/php/getParsedLog.php?id=6273406
Rev3 Fedora 12x64 mozilla-central opt test mochitest-other on 2011-09-04 13:52:06

TEST-UNEXPECTED-FAIL | chrome://mochitests/content/browser/browser/components/sessionstore/test/browser/browser_607016.js | sanity check that tab doesn't have extData
nnethercote
http://tinderbox.mozilla.org/showlog.cgi?log=Mozilla-Inbound/1315202010.1315203231.24871.gz
Rev3 Fedora 12x64 mozilla-inbound opt test mochitest-other on 2011/09/04 22:53:30

s: talos-r3-fed64-023
TEST-UNEXPECTED-FAIL | chrome://mochitests/content/browser/browser/components/sessionstore/test/browser/browser_607016.js | sanity check that tab doesn't have extData
edmorley
https://tbpl.mozilla.org/php/getParsedLog.php?id=6278534
Rev3 Fedora 12 mozilla-central opt test mochitest-other on 2011-09-05 04:10:43

TEST-UNEXPECTED-FAIL | chrome://mochitests/content/browser/browser/components/sessionstore/test/browser/browser_607016.js | sanity check that tab doesn't have extData
bill%wg9s.com
https://tbpl.mozilla.org/php/getParsedLog.php?id=6278534
Rev3 Fedora 12 mozilla-central opt test mochitest-other on 2011-09-05 04:10:43

TEST-UNEXPECTED-FAIL | chrome://mochitests/content/browser/browser/components/sessionstore/test/browser/browser_607016.js | sanity check that tab doesn't have extData
mfinkle%mozilla.com
https://tbpl.mozilla.org/php/getParsedLog.php?id=6280917
Rev3 Fedora 12 mozilla-inbound opt test mochitest-other on 2011-09-05 08:03:35

TEST-UNEXPECTED-FAIL | chrome://mochitests/content/browser/browser/components/sessionstore/test/browser/browser_607016.js | sanity check that tab doesn't have extData
khuey
https://tbpl.mozilla.org/php/getParsedLog.php?id=6288432
Rev3 Fedora 12x64 mozilla-central opt test mochitest-other on 2011-09-06 04:03:15

TEST-UNEXPECTED-FAIL | chrome://mochitests/content/browser/browser/components/sessionstore/test/browser/browser_607016.js | sanity check that tab doesn't have extData
khuey
https://tbpl.mozilla.org/php/getParsedLog.php?id=6288434
Rev3 Fedora 12 mozilla-central opt test mochitest-other on 2011-09-06 04:07:16

TEST-UNEXPECTED-FAIL | chrome://mochitests/content/browser/browser/components/sessionstore/test/browser/browser_607016.js | sanity check that tab doesn't have extData
philor
https://tbpl.mozilla.org/php/getParsedLog.php?id=6293656
Rev3 Fedora 12x64 mozilla-central opt test mochitest-other on 2011-09-06 10:28:18

TEST-UNEXPECTED-FAIL | chrome://mochitests/content/browser/browser/components/sessionstore/test/browser/browser_607016.js | sanity check that tab doesn't have extData
philor
https://tbpl.mozilla.org/php/getParsedLog.php?id=6294715
Rev3 Fedora 12x64 mozilla-inbound opt test mochitest-other on 2011-09-06 11:35:06

TEST-UNEXPECTED-FAIL | chrome://mochitests/content/browser/browser/components/sessionstore/test/browser/browser_607016.js | sanity check that tab doesn't have extData
mbrubeck%mozilla.com
http://tinderbox.mozilla.org/showlog.cgi?log=Mozilla-Aurora/1314972259.1314973522.4228.gz
Rev3 Fedora 12x64 mozilla-aurora opt test mochitest-other on 2011/09/02 07:04:19

s: talos-r3-fed64-044
TEST-UNEXPECTED-FAIL | chrome://mochitests/content/browser/browser/components/sessionstore/test/browser/browser_607016.js | sanity check that tab doesn't have extData
mbrubeck%mozilla.com
https://tbpl.mozilla.org/php/getParsedLog.php?id=6300540
Rev3 Fedora 12 mozilla-central opt test mochitest-other on 2011-09-06 16:53:54

TEST-UNEXPECTED-FAIL | chrome://mochitests/content/browser/browser/components/sessionstore/test/browser/browser_607016.js | sanity check that tab doesn't have extData
bill%wg9s.com
https://tbpl.mozilla.org/php/getParsedLog.php?id=6300540
Rev3 Fedora 12 mozilla-central opt test mochitest-other on 2011-09-06 16:53:54

TEST-UNEXPECTED-FAIL | chrome://mochitests/content/browser/browser/components/sessionstore/test/browser/browser_607016.js | sanity check that tab doesn't have extData
philor
https://tbpl.mozilla.org/php/getParsedLog.php?id=6303757
Rev3 Fedora 12x64 mozilla-inbound opt test mochitest-other on 2011-09-06 20:32:18

11080 ERROR TEST-UNEXPECTED-FAIL | chrome://mochitests/content/chrome/layout/generic/test/test_bug632379.xul | Test timed out.
TEST-UNEXPECTED-FAIL | chrome://mochitests/content/browser/browser/components/sessionstore/test/browser/browser_607016.js | sanity check that tab doesn't have extData
philor
https://tbpl.mozilla.org/php/getParsedLog.php?id=6306065
Rev3 Fedora 12 mozilla-central opt test mochitest-other on 2011-09-06 22:59:10

TEST-UNEXPECTED-FAIL | chrome://mochitests/content/browser/browser/components/sessionstore/test/browser/browser_607016.js | sanity check that tab doesn't have extData
Unfocused
https://tbpl.mozilla.org/php/getParsedLog.php?id=6305086
Rev3 Fedora 12 mozilla-aurora opt test mochitest-other on 2011-09-06 22:00:48

TEST-UNEXPECTED-FAIL | chrome://mochitests/content/browser/browser/components/sessionstore/test/browser/browser_607016.js | sanity check that tab doesn't have extData
TEST-UNEXPECTED-FAIL | chrome://mochitests/content/browser/browser/devtools/webconsole/test/browser/browser_webconsole_bug_595934_message_categories.js | test #5: error category 'malformed-xml' - Got XPConnect JavaScript, expected malformed-xml
TEST-UNEXPECTED-FAIL | chrome://mochitests/content/browser/browser/devtools/webconsole/test/browser/browser_webconsole_bug_595934_message_categories.js | chrome://browser/content/tabbrowser.xml:430; [Exception... "Component returned failure code: 0x80040111 (NS_ERROR_NOT_AVAILABLE) [nsIHttpChannel.isNoStoreResponse]"  nsresult: "0x80040111 (NS_ERROR_NOT_AVAILABLE)"  location: "JS frame :: chrome://browser/content/tabview.js :: ThumbnailStorage_onStateChange :: line 7673"  data: no]
mounir
https://tbpl.mozilla.org/php/getParsedLog.php?id=6310391
Rev3 Fedora 12x64 mozilla-inbound opt test mochitest-other on 2011-09-07 05:32:57

TEST-UNEXPECTED-FAIL | chrome://mochitests/content/browser/browser/components/sessionstore/test/browser/browser_607016.js | sanity check that tab doesn't have extData
philor
https://tbpl.mozilla.org/php/getParsedLog.php?id=6323952
Rev3 WINNT 6.1 mozilla-inbound opt test mochitest-other on 2011-09-07 20:03:02

TEST-UNEXPECTED-FAIL | chrome://mochitests/content/browser/browser/components/sessionstore/test/browser/browser_607016.js | sanity check that tab doesn't have extData
ttaubert
http://tinderbox.mozilla.org/showlog.cgi?log=Fx-Team/1315477182.1315478494.17149.gz
Rev3 Fedora 12 fx-team opt test mochitest-other on 2011/09/08 03:19:42

s: talos-r3-fed-063
TEST-UNEXPECTED-FAIL | chrome://mochitests/content/browser/browser/components/sessionstore/test/browser/browser_607016.js | sanity check that tab doesn't have extData
bill%wg9s.com
https://tbpl.mozilla.org/php/getParsedLog.php?id=6346766
Rev3 Fedora 12 mozilla-central opt test mochitest-other on 2011-09-09 03:49:08

TEST-UNEXPECTED-FAIL | chrome://mochitests/content/browser/browser/components/sessionstore/test/browser/browser_607016.js | sanity check that tab doesn't have extData
ttaubert
http://tinderbox.mozilla.org/showlog.cgi?log=Fx-Team/1315484888.1315486168.15983.gz
Rev3 Fedora 12 fx-team opt test mochitest-other on 2011/09/08 05:28:08

s: talos-r3-fed-061
TEST-UNEXPECTED-FAIL | chrome://mochitests/content/browser/browser/components/sessionstore/test/browser/browser_607016.js | sanity check that tab doesn't have extData
mfinkle%mozilla.com
https://tbpl.mozilla.org/php/getParsedLog.php?id=6347686
Rev3 Fedora 12x64 mozilla-aurora opt test mochitest-other on 2011-09-09 05:14:59

TEST-UNEXPECTED-FAIL | chrome://mochitests/content/browser/browser/components/sessionstore/test/browser/browser_607016.js | sanity check that tab doesn't have extData
ttaubert
http://tinderbox.mozilla.org/showlog.cgi?log=Fx-Team/1315580703.1315582385.10200.gz
Rev3 WINNT 6.1 fx-team opt test mochitest-other on 2011/09/09 08:05:03

s: talos-r3-w7-008
TEST-UNEXPECTED-FAIL | chrome://mochitests/content/browser/browser/components/sessionstore/test/browser/browser_607016.js | sanity check that tab doesn't have extData
philor
https://tbpl.mozilla.org/php/getParsedLog.php?id=6356437
Rev3 Fedora 12x64 mozilla-inbound opt test mochitest-other on 2011-09-09 16:43:11

TEST-UNEXPECTED-FAIL | chrome://mochitests/content/browser/browser/components/sessionstore/test/browser/browser_607016.js | sanity check that tab doesn't have extData
philor
https://tbpl.mozilla.org/php/getParsedLog.php?id=6359454
Rev3 Fedora 12x64 mozilla-inbound opt test mochitest-other on 2011-09-09 20:16:39

TEST-UNEXPECTED-FAIL | chrome://mochitests/content/browser/browser/components/sessionstore/test/browser/browser_607016.js | sanity check that tab doesn't have extData
graememcc_firefox%graeme-online.co.uk
https://tbpl.mozilla.org/php/getParsedLog.php?id=6362476
Rev3 Fedora 12x64 mozilla-inbound opt test mochitest-other on 2011-09-10 03:17:12

TEST-UNEXPECTED-FAIL | chrome://mochitests/content/browser/browser/components/sessionstore/test/browser/browser_607016.js | sanity check that tab doesn't have extData
philor
https://tbpl.mozilla.org/php/getParsedLog.php?id=6361051
Rev3 Fedora 12 mozilla-aurora opt test mochitest-other on 2011-09-09 23:02:25

TEST-UNEXPECTED-FAIL | chrome://mochitests/content/browser/browser/components/sessionstore/test/browser/browser_607016.js | sanity check that tab doesn't have extData
philor
https://tbpl.mozilla.org/php/getParsedLog.php?id=6373540
Rev3 Fedora 12 mozilla-inbound opt test mochitest-other on 2011-09-11 21:44:56

TEST-UNEXPECTED-FAIL | chrome://mochitests/content/browser/browser/components/sessionstore/test/browser/browser_607016.js | sanity check that tab doesn't have extData
ehsan
https://tbpl.mozilla.org/php/getParsedLog.php?id=6376896
Rev3 Fedora 12 mozilla-inbound opt test mochitest-other on 2011-09-12 07:47:14

TEST-UNEXPECTED-FAIL | chrome://mochitests/content/browser/browser/components/sessionstore/test/browser/browser_607016.js | sanity check that tab doesn't have extData
ehsan
https://tbpl.mozilla.org/php/getParsedLog.php?id=6378011
Rev3 Fedora 12 mozilla-inbound opt test mochitest-other on 2011-09-12 10:01:47

TEST-UNEXPECTED-FAIL | chrome://mochitests/content/browser/browser/components/sessionstore/test/browser/browser_607016.js | sanity check that tab doesn't have extData
philor
https://tbpl.mozilla.org/php/getParsedLog.php?id=6376920
Rev3 Fedora 12x64 mozilla-aurora opt test mochitest-other on 2011-09-12 07:48:04

TEST-UNEXPECTED-FAIL | chrome://mochitests/content/browser/browser/components/sessionstore/test/browser/browser_607016.js | sanity check that tab doesn't have extData
philor
https://tbpl.mozilla.org/php/getParsedLog.php?id=6382434
Rev3 WINNT 6.1 mozilla-inbound opt test mochitest-other on 2011-09-12 17:54:53

TEST-UNEXPECTED-FAIL | chrome://mochitests/content/browser/browser/components/sessionstore/test/browser/browser_607016.js | sanity check that tab doesn't have extData
bill%wg9s.com
https://tbpl.mozilla.org/php/getParsedLog.php?id=6385064&tree=Firefox
Rev3 Fedora 12x64 mozilla-central opt test mochitest-other on 2011-09-13 03:59:27

11081 ERROR TEST-UNEXPECTED-FAIL | chrome://mochitests/content/chrome/layout/generic/test/test_bug632379.xul | Test timed out.
TEST-UNEXPECTED-FAIL | chrome://mochitests/content/browser/browser/components/sessionstore/test/browser/browser_607016.js | sanity check that tab doesn't have extData
philor
http://tinderbox.mozilla.org/showlog.cgi?log=Ionmonkey/1315871613.1315873014.25073.gz
Rev3 Fedora 12 ionmonkey opt test mochitest-other on 2011/09/12 16:53:33

s: talos-r3-fed-034
TEST-UNEXPECTED-FAIL | chrome://mochitests/content/browser/browser/components/sessionstore/test/browser/browser_607016.js | sanity check that tab doesn't have extData
TEST-UNEXPECTED-FAIL | chrome://mochitests/content/browser/toolkit/mozapps/extensions/test/browser/browser_select_confirm.js | Test timed out
TEST-UNEXPECTED-FAIL | chrome://mochitests/content/browser/toolkit/mozapps/extensions/test/browser/browser_select_confirm.js | Found a  after previous test timed out
philor
https://tbpl.mozilla.org/php/getParsedLog.php?id=6389080&tree=Mozilla-Inbound
Rev3 Fedora 12x64 mozilla-inbound opt test mochitest-other on 2011-09-13 13:16:02

TEST-UNEXPECTED-FAIL | chrome://mochitests/content/browser/browser/components/sessionstore/test/browser/browser_607016.js | sanity check that tab doesn't have extData
18043 ERROR TEST-UNEXPECTED-PASS | chrome://mochitests/content/a11y/accessible/tree/test_cssoverflow.html | Focus should be fired against new link accessible! - [xpconnect wrapped (nsISupports, nsIAccessible, nsIAccessNode)] should not equal [xpconnect wrapped (nsISupports, nsIAccessible, nsIAccessNode)]
edmorley
https://tbpl.mozilla.org/php/getParsedLog.php?id=6393266&tree=Try
Rev3 Fedora 12x64 try opt test mochitest-other on 2011-09-13 21:06:58

TEST-UNEXPECTED-FAIL | chrome://mochitests/content/browser/browser/components/sessionstore/test/browser/browser_607016.js | sanity check that tab doesn't have extData
mbrubeck%mozilla.com
https://tbpl.mozilla.org/php/getParsedLog.php?id=6396227&tree=Mozilla-Aurora
Rev3 Fedora 12 mozilla-aurora opt test mochitest-other on 2011-09-14 05:16:14

TEST-UNEXPECTED-FAIL | chrome://mochitests/content/browser/browser/components/sessionstore/test/browser/browser_607016.js | sanity check that tab doesn't have extData
philor
https://tbpl.mozilla.org/php/getParsedLog.php?id=6403173&tree=Firefox
Rev3 Fedora 12 mozilla-central opt test mochitest-other on 2011-09-14 14:43:36

TEST-UNEXPECTED-FAIL | chrome://mochitests/content/browser/browser/components/sessionstore/test/browser/browser_607016.js | sanity check that tab doesn't have extData
philor
https://tbpl.mozilla.org/php/getParsedLog.php?id=6403501&tree=Mozilla-Inbound
Rev3 Fedora 12 mozilla-inbound opt test mochitest-other on 2011-09-14 15:02:12

TEST-UNEXPECTED-FAIL | chrome://mochitests/content/browser/browser/components/sessionstore/test/browser/browser_607016.js | sanity check that tab doesn't have extData
bill%wg9s.com
https://tbpl.mozilla.org/php/getParsedLog.php?id=6403601&tree=Firefox
Rev3 WINNT 6.1 mozilla-central opt test mochitest-other on 2011-09-14 15:03:50

TEST-UNEXPECTED-FAIL | chrome://mochitests/content/browser/browser/components/sessionstore/test/browser/browser_607016.js | sanity check that tab doesn't have extData
mbrubeck%mozilla.com
https://tbpl.mozilla.org/php/getParsedLog.php?id=6407238&tree=Mozilla-Inbound
Rev3 WINNT 6.1 mozilla-inbound opt test mochitest-other on 2011-09-14 20:10:54

TEST-UNEXPECTED-FAIL | chrome://mochitests/content/browser/browser/components/sessionstore/test/browser/browser_607016.js | sanity check that tab doesn't have extData
philor
https://tbpl.mozilla.org/php/getParsedLog.php?id=6406859&tree=Mozilla-Inbound
Rev3 Fedora 12 mozilla-inbound opt test mochitest-other on 2011-09-14 18:45:49

TEST-UNEXPECTED-FAIL | chrome://mochitests/content/browser/browser/components/sessionstore/test/browser/browser_607016.js | sanity check that tab doesn't have extData
TEST-UNEXPECTED-FAIL | chrome://mochitests/content/browser/toolkit/mozapps/extensions/test/browser/browser_select_update.js | Test timed out
TEST-UNEXPECTED-FAIL | chrome://mochitests/content/browser/toolkit/mozapps/extensions/test/browser/browser_select_update.js | Found a  after previous test timed out
msucan
https://tbpl.mozilla.org/php/getParsedLog.php?id=6412854&tree=Fx-Team
Rev3 Fedora 12x64 fx-team opt test mochitest-other on 2011-09-15 09:24:56

TEST-UNEXPECTED-FAIL | chrome://mochitests/content/browser/browser/components/sessionstore/test/browser/browser_607016.js | sanity check that tab doesn't have extData
philor
https://tbpl.mozilla.org/php/getParsedLog.php?id=6420532&tree=Mozilla-Inbound
Rev3 Fedora 12 mozilla-inbound opt test mochitest-other on 2011-09-15 22:59:17

TEST-UNEXPECTED-FAIL | chrome://mochitests/content/browser/browser/components/sessionstore/test/browser/browser_607016.js | sanity check that tab doesn't have extData
edmorley
https://tbpl.mozilla.org/php/getParsedLog.php?id=6432699&tree=Mozilla-Inbound
Rev3 Fedora 12 mozilla-inbound opt test mochitest-other on 2011-09-17 01:07:57

TEST-UNEXPECTED-FAIL | chrome://mochitests/content/browser/browser/components/sessionstore/test/browser/browser_607016.js | sanity check that tab doesn't have extData
bill%wg9s.com
https://tbpl.mozilla.org/php/getParsedLog.php?id=6440869&tree=Firefox
Rev3 WINNT 6.1 x64 mozilla-central opt test mochitest-other on 2011-09-18 03:51:48

TEST-UNEXPECTED-FAIL | chrome://mochitests/content/browser/browser/components/sessionstore/test/browser/browser_607016.js | sanity check that tab doesn't have extData
bill%wg9s.com
https://tbpl.mozilla.org/php/getParsedLog.php?id=6440948&tree=Firefox
Rev3 Fedora 12 mozilla-central opt test mochitest-other on 2011-09-18 04:02:41

TEST-UNEXPECTED-FAIL | chrome://mochitests/content/browser/browser/components/sessionstore/test/browser/browser_607016.js | sanity check that tab doesn't have extData
edmorley
https://tbpl.mozilla.org/php/getParsedLog.php?id=6437837&tree=Mozilla-Inbound
Rev3 Fedora 12 mozilla-inbound opt test mochitest-other on 2011-09-17 13:00:04

TEST-UNEXPECTED-FAIL | chrome://mochitests/content/browser/browser/components/sessionstore/test/browser/browser_607016.js | sanity check that tab doesn't have extData
TEST-UNEXPECTED-FAIL | chrome://mochitests/content/browser/toolkit/mozapps/extensions/test/browser/browser_updatessl.js | Exited with code 1 during test run
PROCESS-CRASH | chrome://mochitests/content/browser/toolkit/mozapps/extensions/test/browser/browser_updatessl.js | application crashed (minidump found)
Thread 0 (crashed)
edmorley
https://tbpl.mozilla.org/php/getParsedLog.php?id=6447013&tree=Mozilla-Inbound
Rev3 WINNT 6.1 mozilla-inbound opt test mochitest-other on 2011-09-18 20:48:56

TEST-UNEXPECTED-FAIL | chrome://mochitests/content/browser/browser/components/sessionstore/test/browser/browser_607016.js | sanity check that tab doesn't have extData
edmorley
https://tbpl.mozilla.org/php/getParsedLog.php?id=6449704&tree=Mozilla-Inbound
Rev3 Fedora 12 mozilla-inbound opt test mochitest-other on 2011-09-19 05:27:35

TEST-UNEXPECTED-FAIL | chrome://mochitests/content/browser/browser/components/sessionstore/test/browser/browser_607016.js | sanity check that tab doesn't have extData
edmorley
https://tbpl.mozilla.org/php/getParsedLog.php?id=6452577&tree=Mozilla-Inbound
Rev3 Fedora 12 mozilla-inbound opt test mochitest-other on 2011-09-19 10:58:02

TEST-UNEXPECTED-FAIL | chrome://mochitests/content/browser/browser/components/sessionstore/test/browser/browser_607016.js | sanity check that tab doesn't have extData
edmorley
https://tbpl.mozilla.org/php/getParsedLog.php?id=6451885&tree=Mozilla-Inbound
Rev3 Fedora 12x64 mozilla-inbound opt test mochitest-other on 2011-09-19 10:00:05

TEST-UNEXPECTED-FAIL | chrome://mochitests/content/browser/browser/components/sessionstore/test/browser/browser_607016.js | sanity check that tab doesn't have extData
edmorley
https://tbpl.mozilla.org/php/getParsedLog.php?id=6453917&tree=Mozilla-Inbound
Rev3 Fedora 12 mozilla-inbound opt test mochitest-other on 2011-09-19 13:03:26

TEST-UNEXPECTED-FAIL | chrome://mochitests/content/browser/browser/components/sessionstore/test/browser/browser_607016.js | sanity check that tab doesn't have extData
edmorley
https://tbpl.mozilla.org/php/getParsedLog.php?id=6454467&tree=Firefox
Rev3 Fedora 12 mozilla-central opt test mochitest-other on 2011-09-19 13:33:51

TEST-UNEXPECTED-FAIL | chrome://mochitests/content/browser/browser/components/sessionstore/test/browser/browser_607016.js | sanity check that tab doesn't have extData
edmorley
https://tbpl.mozilla.org/php/getParsedLog.php?id=6454580&tree=Mozilla-Inbound
Rev3 Fedora 12x64 mozilla-inbound opt test mochitest-other on 2011-09-19 13:41:05

TEST-UNEXPECTED-FAIL | chrome://mochitests/content/browser/browser/components/sessionstore/test/browser/browser_607016.js | sanity check that tab doesn't have extData
m_kato%ga2.so-net.ne.jp
https://tbpl.mozilla.org/php/getParsedLog.php?id=6461360&tree=Mozilla-Inbound
Rev3 Fedora 12 mozilla-inbound opt test mochitest-other on 2011-09-19 22:24:20

TEST-UNEXPECTED-FAIL | chrome://mochitests/content/browser/browser/components/sessionstore/test/browser/browser_607016.js | sanity check that tab doesn't have extData
m_kato%ga2.so-net.ne.jp
https://tbpl.mozilla.org/php/getParsedLog.php?id=6462921&tree=Mozilla-Inbound
Rev3 Fedora 12x64 mozilla-inbound opt test mochitest-other on 2011-09-20 01:18:03

TEST-UNEXPECTED-FAIL | chrome://mochitests/content/browser/browser/components/sessionstore/test/browser/browser_607016.js | sanity check that tab doesn't have extData
edmorley
https://tbpl.mozilla.org/php/getParsedLog.php?id=6463653&tree=Mozilla-Inbound
Rev3 Fedora 12x64 mozilla-inbound opt test mochitest-other on 2011-09-20 02:45:05

TEST-UNEXPECTED-FAIL | chrome://mochitests/content/browser/browser/components/sessionstore/test/browser/browser_607016.js | sanity check that tab doesn't have extData
edmorley
https://tbpl.mozilla.org/php/getParsedLog.php?id=6464709&tree=Mozilla-Inbound
Rev3 Fedora 12 mozilla-inbound opt test mochitest-other on 2011-09-20 04:48:19

TEST-UNEXPECTED-FAIL | chrome://mochitests/content/browser/browser/components/sessionstore/test/browser/browser_607016.js | sanity check that tab doesn't have extData
robcee
https://tbpl.mozilla.org/php/getParsedLog.php?id=6464952&tree=Fx-Team
Rev3 Fedora 12 fx-team opt test mochitest-other on 2011-09-20 04:58:05

TEST-UNEXPECTED-FAIL | chrome://mochitests/content/browser/browser/components/sessionstore/test/browser/browser_607016.js | sanity check that tab doesn't have extData
graememcc_firefox%graeme-online.co.uk
https://tbpl.mozilla.org/php/getParsedLog.php?id=6468337&tree=Mozilla-Inbound
Rev3 Fedora 12x64 mozilla-inbound opt test mochitest-other on 2011-09-20 09:54:03

TEST-UNEXPECTED-FAIL | chrome://mochitests/content/browser/browser/components/sessionstore/test/browser/browser_607016.js | sanity check that tab doesn't have extData
mbrubeck%mozilla.com
https://tbpl.mozilla.org/php/getParsedLog.php?id=6471696&tree=Firefox
Rev3 Fedora 12x64 mozilla-central opt test mochitest-other on 2011-09-20 13:08:00

TEST-UNEXPECTED-FAIL | chrome://mochitests/content/browser/browser/components/sessionstore/test/browser/browser_607016.js | sanity check that tab doesn't have extData
mbrubeck%mozilla.com
https://tbpl.mozilla.org/php/getParsedLog.php?id=6474001&tree=Mozilla-Inbound
Rev3 Fedora 12x64 mozilla-inbound opt test mochitest-other on 2011-09-20 15:41:38

TEST-UNEXPECTED-FAIL | chrome://mochitests/content/browser/browser/components/sessionstore/test/browser/browser_607016.js | sanity check that tab doesn't have extData
mak77%bonardo.net
https://tbpl.mozilla.org/php/getParsedLog.php?id=6477930&tree=Mozilla-Inbound
Rev3 Fedora 12x64 mozilla-inbound opt test mochitest-other on 2011-09-20 20:24:57

TEST-UNEXPECTED-FAIL | chrome://mochitests/content/browser/browser/components/sessionstore/test/browser/browser_607016.js | sanity check that tab doesn't have extData
mbrubeck%mozilla.com
https://tbpl.mozilla.org/php/getParsedLog.php?id=6495052&tree=Mozilla-Inbound
Rev3 Fedora 12x64 mozilla-inbound opt test mochitest-other on 2011-09-21 20:56:55

TEST-UNEXPECTED-FAIL | chrome://mochitests/content/browser/browser/components/sessionstore/test/browser/browser_607016.js | sanity check that tab doesn't have extData
edmorley
https://tbpl.mozilla.org/php/getParsedLog.php?id=6499107&tree=Mozilla-Inbound
Rev3 Fedora 12x64 mozilla-inbound opt test mochitest-other on 2011-09-22 05:07:16

TEST-UNEXPECTED-FAIL | chrome://mochitests/content/browser/browser/components/sessionstore/test/browser/browser_607016.js | sanity check that tab doesn't have extData

http://tinderbox.mozilla.org/showlog.cgi?log=Build-System/1316628049.1316629298.2557.gz
Rev3 Fedora 12x64 build-system opt test mochitest-other on 2011/09/21 11:00:49

s: talos-r3-fed64-058
TEST-UNEXPECTED-FAIL | chrome://mochitests/content/browser/browser/components/sessionstore/test/browser/browser_607016.js | sanity check that tab doesn't have extData
edmorley
https://tbpl.mozilla.org/php/getParsedLog.php?id=6504726&tree=Mozilla-Inbound
Rev3 Fedora 12x64 mozilla-inbound opt test mochitest-other on 2011-09-22 11:57:55

TEST-UNEXPECTED-FAIL | chrome://mochitests/content/browser/browser/components/sessionstore/test/browser/browser_607016.js | sanity check that tab doesn't have extData
edmorley
https://tbpl.mozilla.org/php/getParsedLog.php?id=6505879&tree=Mozilla-Inbound
Rev3 Fedora 12x64 mozilla-inbound opt test mochitest-other on 2011-09-22 13:22:51

TEST-UNEXPECTED-FAIL | chrome://mochitests/content/browser/browser/components/sessionstore/test/browser/browser_607016.js | sanity check that tab doesn't have extData
edmorley
https://tbpl.mozilla.org/php/getParsedLog.php?id=6509870&tree=Mozilla-Inbound
Rev3 Fedora 12x64 mozilla-inbound opt test mochitest-other on 2011-09-22 17:35:27

TEST-UNEXPECTED-FAIL | chrome://mochitests/content/browser/browser/components/sessionstore/test/browser/browser_607016.js | sanity check that tab doesn't have extData
ehsan
https://tbpl.mozilla.org/php/getParsedLog.php?id=6512339&tree=Firefox
Rev3 Fedora 12 mozilla-central opt test mochitest-other on 2011-09-22 20:01:14

TEST-UNEXPECTED-FAIL | chrome://mochitests/content/browser/browser/components/sessionstore/test/browser/browser_607016.js | sanity check that tab doesn't have extData
honzab.moz%firemni.cz
https://tbpl.mozilla.org/php/getParsedLog.php?id=6516262&tree=Mozilla-Inbound
Rev3 Fedora 12x64 mozilla-inbound opt test mochitest-other on 2011-09-23 02:43:06

TEST-UNEXPECTED-FAIL | chrome://mochitests/content/browser/browser/components/sessionstore/test/browser/browser_607016.js | sanity check that tab doesn't have extData
robcee
https://tbpl.mozilla.org/php/getParsedLog.php?id=6505462&tree=Fx-Team
Rev3 Fedora 12x64 fx-team opt test mochitest-other on 2011-09-22 12:53:42

TEST-UNEXPECTED-FAIL | chrome://mochitests/content/browser/browser/components/sessionstore/test/browser/browser_607016.js | sanity check that tab doesn't have extData
jwatt
https://tbpl.mozilla.org/php/getParsedLog.php?id=6517919&tree=Mozilla-Aurora
Rev3 Fedora 12x64 mozilla-aurora opt test mochitest-other on 2011-09-23 05:27:15

TEST-UNEXPECTED-FAIL | chrome://mochitests/content/browser/browser/components/sessionstore/test/browser/browser_607016.js | sanity check that tab doesn't have extData
mbrubeck%mozilla.com
https://tbpl.mozilla.org/php/getParsedLog.php?id=6524013&tree=Mozilla-Inbound
Rev3 Fedora 12 mozilla-inbound opt test mochitest-other on 2011-09-23 12:36:03

TEST-UNEXPECTED-FAIL | chrome://mochitests/content/browser/browser/components/sessionstore/test/browser/browser_607016.js | sanity check that tab doesn't have extData
robcee
https://tbpl.mozilla.org/php/getParsedLog.php?id=6524923&tree=Fx-Team
Rev3 Fedora 12x64 fx-team opt test mochitest-other on 2011-09-23 13:33:51

TEST-UNEXPECTED-FAIL | chrome://mochitests/content/browser/browser/components/sessionstore/test/browser/browser_607016.js | sanity check that tab doesn't have extData
graememcc_firefox%graeme-online.co.uk
https://tbpl.mozilla.org/php/getParsedLog.php?id=6525284&tree=Mozilla-Inbound
Rev3 Fedora 12x64 mozilla-inbound opt test mochitest-other on 2011-09-23 13:42:32

TEST-UNEXPECTED-FAIL | chrome://mochitests/content/browser/browser/components/sessionstore/test/browser/browser_607016.js | sanity check that tab doesn't have extData
mbrubeck%mozilla.com
https://tbpl.mozilla.org/php/getParsedLog.php?id=6525688&tree=Mozilla-Inbound
Rev3 Fedora 12x64 mozilla-inbound opt test mochitest-other on 2011-09-23 13:51:26

TEST-UNEXPECTED-FAIL | chrome://mochitests/content/browser/browser/components/sessionstore/test/browser/browser_607016.js | sanity check that tab doesn't have extData
TEST-UNEXPECTED-FAIL | chrome://mochitests/content/browser/toolkit/mozapps/extensions/test/browser/browser_select_update.js | Test timed out
TEST-UNEXPECTED-FAIL | chrome://mochitests/content/browser/toolkit/mozapps/extensions/test/browser/browser_select_update.js | Found a  after previous test timed out
edmorley
https://tbpl.mozilla.org/php/getParsedLog.php?id=6529798&tree=Firefox
Rev3 Fedora 12x64 mozilla-central opt test mochitest-other on 2011-09-23 19:24:58

TEST-UNEXPECTED-FAIL | chrome://mochitests/content/browser/browser/components/sessionstore/test/browser/browser_607016.js | sanity check that tab doesn't have extData
edmorley
https://tbpl.mozilla.org/php/getParsedLog.php?id=6529794&tree=Mozilla-Inbound
Rev3 Fedora 12x64 mozilla-inbound opt test mochitest-other on 2011-09-23 19:22:59

TEST-UNEXPECTED-FAIL | chrome://mochitests/content/browser/browser/components/sessionstore/test/browser/browser_607016.js | sanity check that tab doesn't have extData
dao
https://tbpl.mozilla.org/php/getParsedLog.php?id=6533374&tree=Mozilla-Inbound
Rev3 Fedora 12x64 mozilla-inbound opt test mochitest-other on 2011-09-24 04:45:14

TEST-UNEXPECTED-FAIL | chrome://mochitests/content/browser/browser/components/sessionstore/test/browser/browser_607016.js | sanity check that tab doesn't have extData
edmorley
https://tbpl.mozilla.org/php/getParsedLog.php?id=6536586&tree=Mozilla-Inbound
Rev3 Fedora 12x64 mozilla-inbound opt test mochitest-other on 2011-09-24 09:40:56

TEST-UNEXPECTED-FAIL | chrome://mochitests/content/browser/browser/components/sessionstore/test/browser/browser_607016.js | sanity check that tab doesn't have extData
edmorley
https://tbpl.mozilla.org/php/getParsedLog.php?id=6537148&tree=Try
Rev3 Fedora 12x64 try opt test mochitest-other on 2011-09-24 10:37:47

TEST-UNEXPECTED-FAIL | chrome://mochitests/content/browser/browser/components/sessionstore/test/browser/browser_607016.js | sanity check that tab doesn't have extData
edmorley
https://tbpl.mozilla.org/php/getParsedLog.php?id=6539694&tree=Mozilla-Inbound
Rev3 Fedora 12 mozilla-inbound opt test mochitest-other on 2011-09-24 15:07:14

TEST-UNEXPECTED-FAIL | chrome://mochitests/content/browser/browser/components/sessionstore/test/browser/browser_607016.js | sanity check that tab doesn't have extData
ttaubert
https://tbpl.mozilla.org/php/getParsedLog.php?id=6553310&tree=Fx-Team
Rev3 Fedora 12x64 fx-team opt test mochitest-other on 2011-09-26 09:05:45

TEST-UNEXPECTED-FAIL | chrome://mochitests/content/browser/browser/components/sessionstore/test/browser/browser_607016.js | sanity check that tab doesn't have extData
mbrubeck%mozilla.com
https://tbpl.mozilla.org/php/getParsedLog.php?id=6551022&tree=Mozilla-Aurora
Rev3 Fedora 12x64 mozilla-aurora opt test mochitest-other on 2011-09-26 05:09:01

TEST-UNEXPECTED-FAIL | chrome://mochitests/content/browser/browser/components/sessionstore/test/browser/browser_607016.js | sanity check that tab doesn't have extData
mbrubeck%mozilla.com
https://tbpl.mozilla.org/php/getParsedLog.php?id=6558930&tree=Firefox
Rev3 Fedora 12x64 mozilla-central opt test mochitest-other on 2011-09-26 15:24:49

TEST-UNEXPECTED-FAIL | chrome://mochitests/content/browser/browser/components/sessionstore/test/browser/browser_607016.js | sanity check that tab doesn't have extData
edmorley
https://tbpl.mozilla.org/php/getParsedLog.php?id=6549829&tree=Try
Rev3 Fedora 12x64 try opt test mochitest-other on 2011-09-26 03:11:26

TEST-UNEXPECTED-FAIL | chrome://mochitests/content/browser/browser/components/sessionstore/test/browser/browser_607016.js | sanity check that tab doesn't have extData
mbrubeck%mozilla.com
https://tbpl.mozilla.org/php/getParsedLog.php?id=6561740&tree=Mozilla-Inbound
Rev3 Fedora 12 mozilla-inbound opt test mochitest-other on 2011-09-26 17:49:04

TEST-UNEXPECTED-FAIL | chrome://mochitests/content/browser/browser/components/sessionstore/test/browser/browser_607016.js | sanity check that tab doesn't have extData
ttaubert
https://tbpl.mozilla.org/php/getParsedLog.php?id=6563613&tree=Fx-Team
Rev3 Fedora 12x64 fx-team opt test mochitest-other on 2011-09-26 19:33:06

TEST-UNEXPECTED-FAIL | chrome://mochitests/content/browser/browser/components/sessionstore/test/browser/browser_607016.js | sanity check that tab doesn't have extData
philor
https://tbpl.mozilla.org/php/getParsedLog.php?id=6566791&tree=Firefox
Rev3 Fedora 12 mozilla-central opt test mochitest-other on 2011-09-26 23:04:37

TEST-UNEXPECTED-FAIL | chrome://mochitests/content/browser/browser/components/sessionstore/test/browser/browser_607016.js | sanity check that tab doesn't have extData
Ms2ger%gmail.com
https://tbpl.mozilla.org/php/getParsedLog.php?id=6568502&tree=Mozilla-Inbound
Rev3 Fedora 12x64 mozilla-inbound opt test mochitest-other on 2011-09-27 02:01:17

TEST-UNEXPECTED-FAIL | chrome://mochitests/content/browser/browser/components/sessionstore/test/browser/browser_607016.js | sanity check that tab doesn't have extData
philor
https://tbpl.mozilla.org/php/getParsedLog.php?id=6572447&tree=Mozilla-Inbound
Rev3 Fedora 12x64 mozilla-inbound opt test mochitest-other on 2011-09-27 06:22:01

TEST-UNEXPECTED-FAIL | chrome://mochitests/content/browser/browser/components/sessionstore/test/browser/browser_607016.js | sanity check that tab doesn't have extData
philor
https://tbpl.mozilla.org/php/getParsedLog.php?id=6572816&tree=Mozilla-Inbound
Rev3 Fedora 12 mozilla-inbound opt test mochitest-other on 2011-09-27 06:38:06

TEST-UNEXPECTED-FAIL | chrome://mochitests/content/browser/browser/components/sessionstore/test/browser/browser_607016.js | sanity check that tab doesn't have extData
philor
https://tbpl.mozilla.org/php/getParsedLog.php?id=6574456&tree=Mozilla-Inbound
Rev3 Fedora 12 mozilla-inbound opt test mochitest-other on 2011-09-27 08:23:08

TEST-UNEXPECTED-FAIL | chrome://mochitests/content/browser/browser/components/sessionstore/test/browser/browser_607016.js | sanity check that tab doesn't have extData
philor
https://tbpl.mozilla.org/php/getParsedLog.php?id=6579562&tree=Mozilla-Inbound
Rev3 Fedora 12x64 mozilla-inbound opt test mochitest-other on 2011-09-27 14:29:00

TEST-UNEXPECTED-FAIL | chrome://mochitests/content/browser/browser/components/sessionstore/test/browser/browser_607016.js | sanity check that tab doesn't have extData
philor
https://tbpl.mozilla.org/php/getParsedLog.php?id=6579148&tree=Mozilla-Inbound
Rev3 Fedora 12 mozilla-inbound opt test mochitest-other on 2011-09-27 14:03:34

TEST-UNEXPECTED-FAIL | chrome://mochitests/content/browser/browser/components/sessionstore/test/browser/browser_607016.js | sanity check that tab doesn't have extData
mbrubeck%mozilla.com
https://tbpl.mozilla.org/php/getParsedLog.php?id=6581445&tree=Mozilla-Beta
Rev3 Fedora 12 mozilla-beta opt test mochitest-other on 2011-09-27 16:05:40

TEST-UNEXPECTED-FAIL | chrome://mochitests/content/browser/browser/components/sessionstore/test/browser/browser_607016.js | sanity check that tab doesn't have extData
TEST-UNEXPECTED-FAIL | chrome://mochitests/content/browser/browser/devtools/webconsole/test/browser/browser_webconsole_bug_595934_message_categories.js | test #5: error category 'malformed-xml' - Got XPConnect JavaScript, expected malformed-xml
TEST-UNEXPECTED-FAIL | chrome://mochitests/content/browser/browser/devtools/webconsole/test/browser/browser_webconsole_bug_595934_message_categories.js | chrome://browser/content/tabbrowser.xml:430; [Exception... "Component returned failure code: 0x80040111 (NS_ERROR_NOT_AVAILABLE) [nsIHttpChannel.isNoStoreResponse]"  nsresult: "0x80040111 (NS_ERROR_NOT_AVAILABLE)"  location: "JS frame :: chrome://browser/content/tabview.js :: ThumbnailStorage_onStateChange :: line 7673"  data: no]
edmorley
https://tbpl.mozilla.org/php/getParsedLog.php?id=6586620&tree=Try
Rev3 Fedora 12 try opt test mochitest-other on 2011-09-27 22:50:02

TEST-UNEXPECTED-FAIL | chrome://mochitests/content/browser/browser/components/sessionstore/test/browser/browser_607016.js | sanity check that tab doesn't have extData
mats
https://tbpl.mozilla.org/php/getParsedLog.php?id=6589782&tree=Mozilla-Inbound
Rev3 Fedora 12 mozilla-inbound opt test mochitest-other on 2011-09-28 04:10:55

TEST-UNEXPECTED-FAIL | chrome://mochitests/content/browser/browser/components/sessionstore/test/browser/browser_607016.js | sanity check that tab doesn't have extData
edmorley
https://tbpl.mozilla.org/php/getParsedLog.php?id=6594119&tree=Firefox
Rev3 Fedora 12x64 mozilla-central opt test mochitest-other on 2011-09-28 09:11:47

TEST-UNEXPECTED-FAIL | chrome://mochitests/content/browser/browser/components/sessionstore/test/browser/browser_607016.js | sanity check that tab doesn't have extData
TEST-UNEXPECTED-FAIL | chrome://mochitests/content/browser/toolkit/mozapps/extensions/test/browser/browser_select_update.js | Test timed out
TEST-UNEXPECTED-FAIL | chrome://mochitests/content/browser/toolkit/mozapps/extensions/test/browser/browser_select_update.js | Found a  after previous test timed out
philipp%weitershausen.de
https://tbpl.mozilla.org/php/getParsedLog.php?id=6577815&tree=Services-Central
Rev3 Fedora 12x64 services-central opt test mochitest-other on 2011-09-27 12:31:27

TEST-UNEXPECTED-FAIL | chrome://mochitests/content/browser/browser/components/sessionstore/test/browser/browser_607016.js | sanity check that tab doesn't have extData
TEST-UNEXPECTED-FAIL | chrome://mochitests/content/browser/toolkit/mozapps/extensions/test/browser/browser_select_confirm.js | Test timed out
TEST-UNEXPECTED-FAIL | chrome://mochitests/content/browser/toolkit/mozapps/extensions/test/browser/browser_select_confirm.js | Found a  after previous test timed out
robcee
https://tbpl.mozilla.org/php/getParsedLog.php?id=6594230&tree=Fx-Team
Rev3 Fedora 12x64 fx-team opt test mochitest-other on 2011-09-28 10:17:46

TEST-UNEXPECTED-FAIL | chrome://mochitests/content/browser/browser/components/sessionstore/test/browser/browser_607016.js | sanity check that tab doesn't have extData
philor
https://tbpl.mozilla.org/php/getParsedLog.php?id=6597857&tree=Mozilla-Inbound
Rev3 Fedora 12 mozilla-inbound opt test mochitest-other on 2011-09-28 14:49:12

TEST-UNEXPECTED-FAIL | chrome://mochitests/content/browser/browser/components/sessionstore/test/browser/browser_607016.js | sanity check that tab doesn't have extData
mbrubeck%mozilla.com
https://tbpl.mozilla.org/php/getParsedLog.php?id=6598187&tree=Mozilla-Inbound
Rev3 Fedora 12x64 mozilla-inbound opt test mochitest-other on 2011-09-28 15:25:20

TEST-UNEXPECTED-FAIL | chrome://mochitests/content/browser/browser/components/sessionstore/test/browser/browser_607016.js | sanity check that tab doesn't have extData
mbrubeck%mozilla.com
https://tbpl.mozilla.org/php/getParsedLog.php?id=6599987&tree=Mozilla-Inbound
Rev3 Fedora 12x64 mozilla-inbound opt test mochitest-other on 2011-09-28 17:12:03

TEST-UNEXPECTED-FAIL | chrome://mochitests/content/browser/browser/components/sessionstore/test/browser/browser_607016.js | sanity check that tab doesn't have extData
mwu%mozilla.com
https://tbpl.mozilla.org/php/getParsedLog.php?id=6604848&tree=Mozilla-Inbound
Rev3 Fedora 12x64 mozilla-inbound opt test mochitest-other on 2011-09-29 00:13:20

TEST-UNEXPECTED-FAIL | chrome://mochitests/content/browser/browser/components/sessionstore/test/browser/browser_607016.js | sanity check that tab doesn't have extData
philor
https://tbpl.mozilla.org/php/getParsedLog.php?id=6608072&tree=Mozilla-Inbound
Rev3 Fedora 12x64 mozilla-inbound opt test mochitest-other on 2011-09-29 07:14:03

TEST-UNEXPECTED-FAIL | chrome://mochitests/content/browser/browser/components/sessionstore/test/browser/browser_607016.js | sanity check that tab doesn't have extData
ehsan
https://tbpl.mozilla.org/php/getParsedLog.php?id=6609479&tree=Mozilla-Inbound
Rev3 Fedora 12x64 mozilla-inbound opt test mochitest-other on 2011-09-29 08:51:44

TEST-UNEXPECTED-FAIL | chrome://mochitests/content/browser/browser/components/sessionstore/test/browser/browser_607016.js | sanity check that tab doesn't have extData
mbrubeck%mozilla.com
https://tbpl.mozilla.org/php/getParsedLog.php?id=6596812&tree=Mozilla-Aurora
Rev3 Fedora 12x64 mozilla-aurora opt test mochitest-other on 2011-09-28 13:37:55

TEST-UNEXPECTED-FAIL | chrome://mochitests/content/browser/browser/components/sessionstore/test/browser/browser_607016.js | sanity check that tab doesn't have extData
philor
https://tbpl.mozilla.org/php/getParsedLog.php?id=6619628&tree=Mozilla-Inbound
Rev3 Fedora 12 mozilla-inbound opt test mochitest-other on 2011-09-29 19:31:33

TEST-UNEXPECTED-FAIL | chrome://mochitests/content/browser/browser/components/sessionstore/test/browser/browser_607016.js | sanity check that tab doesn't have extData
TEST-UNEXPECTED-FAIL | chrome://mochitests/content/browser/toolkit/mozapps/extensions/test/xpinstall/browser_bug638292.js | Exception thrown - [Exception... "Component returned failure code: 0x8000ffff (NS_ERROR_UNEXPECTED) [nsIPrefBranch2.getBoolPref]"  nsresult: "0x8000ffff (NS_ERROR_UNEXPECTED)"  location: "JS frame :: chrome://mochitests/content/browser/toolkit/mozapps/extensions/test/xpinstall/browser_bug638292.js :: test :: line 11"  data: no]
mbrubeck%mozilla.com
https://tbpl.mozilla.org/php/getParsedLog.php?id=6619628&tree=Mozilla-Inbound
Rev3 Fedora 12 mozilla-inbound opt test mochitest-other on 2011-09-29 19:31:33

TEST-UNEXPECTED-FAIL | chrome://mochitests/content/browser/browser/components/sessionstore/test/browser/browser_607016.js | sanity check that tab doesn't have extData
TEST-UNEXPECTED-FAIL | chrome://mochitests/content/browser/toolkit/mozapps/extensions/test/xpinstall/browser_bug638292.js | Exception thrown - [Exception... "Component returned failure code: 0x8000ffff (NS_ERROR_UNEXPECTED) [nsIPrefBranch2.getBoolPref]"  nsresult: "0x8000ffff (NS_ERROR_UNEXPECTED)"  location: "JS frame :: chrome://mochitests/content/browser/toolkit/mozapps/extensions/test/xpinstall/browser_bug638292.js :: test :: line 11"  data: no]
philor
https://tbpl.mozilla.org/php/getParsedLog.php?id=6622204&tree=Mozilla-Inbound
Rev3 Fedora 12x64 mozilla-inbound opt test mochitest-other on 2011-09-30 00:11:38

TEST-UNEXPECTED-FAIL | chrome://mochitests/content/browser/browser/components/sessionstore/test/browser/browser_607016.js | sanity check that tab doesn't have extData
masayuki%d-toybox.com
https://tbpl.mozilla.org/php/getParsedLog.php?id=6622204&tree=Mozilla-Inbound
Rev3 Fedora 12x64 mozilla-inbound opt test mochitest-other on 2011-09-30 00:11:38

TEST-UNEXPECTED-FAIL | chrome://mochitests/content/browser/browser/components/sessionstore/test/browser/browser_607016.js | sanity check that tab doesn't have extData
mbrubeck
https://tbpl.mozilla.org/php/getParsedLog.php?id=6623916&tree=Mozilla-Inbound
Rev3 Fedora 12x64 mozilla-inbound opt test mochitest-other on 2011-09-30 03:30:45

TEST-UNEXPECTED-FAIL | chrome://mochitests/content/browser/browser/components/sessionstore/test/browser/browser_607016.js | sanity check that tab doesn't have extData
jwalker%mozilla.com
https://tbpl.mozilla.org/php/getParsedLog.php?id=6625729&tree=Try
Rev3 Fedora 12x64 try opt test mochitest-other on 2011-09-30 06:44:14

TEST-UNEXPECTED-FAIL | chrome://mochitests/content/browser/browser/components/sessionstore/test/browser/browser_607016.js | sanity check that tab doesn't have extData
mbrubeck%mozilla.com
https://tbpl.mozilla.org/php/getParsedLog.php?id=6629414&tree=Mozilla-Inbound
Rev3 Fedora 12x64 mozilla-inbound opt test mochitest-other on 2011-09-30 13:41:06

TEST-UNEXPECTED-FAIL | chrome://mochitests/content/browser/browser/base/content/test/browser_page_style_menu.js | link 15 with rel="alternate stylesheet" and media="screen foo" shows up in page style menu
TEST-UNEXPECTED-FAIL | chrome://mochitests/content/browser/browser/base/content/test/browser_page_style_menu.js | link 16 with rel="alternate stylesheet" and media="all screen" shows up in page style menu
TEST-UNEXPECTED-FAIL | chrome://mochitests/content/browser/browser/base/content/test/browser_page_style_menu.js | link 17 with rel="alternate stylesheet" and media="foo bar" shows up in page style menu
TEST-UNEXPECTED-FAIL | chrome://mochitests/content/browser/browser/base/content/test/browser_page_style_menu.js | link 20 with rel="alternate stylesheet" and media="all  screen" shows up in page style menu
TEST-UNEXPECTED-FAIL | chrome://mochitests/content/browser/browser/base/content/test/browser_page_style_menu.js | all valid links found - Got 18, expected 14
TEST-UNEXPECTED-FAIL | chrome://mochitests/content/browser/browser/components/sessionstore/test/browser/browser_607016.js | sanity check that tab doesn't have extData
philor
https://tbpl.mozilla.org/php/getParsedLog.php?id=6630426&tree=Mozilla-Inbound
Rev3 Fedora 12x64 mozilla-inbound opt test mochitest-other on 2011-09-30 14:51:50

TEST-UNEXPECTED-FAIL | chrome://mochitests/content/browser/browser/base/content/test/browser_page_style_menu.js | link 15 with rel="alternate stylesheet" and media="screen foo" shows up in page style menu
TEST-UNEXPECTED-FAIL | chrome://mochitests/content/browser/browser/base/content/test/browser_page_style_menu.js | link 16 with rel="alternate stylesheet" and media="all screen" shows up in page style menu
TEST-UNEXPECTED-FAIL | chrome://mochitests/content/browser/browser/base/content/test/browser_page_style_menu.js | link 17 with rel="alternate stylesheet" and media="foo bar" shows up in page style menu
TEST-UNEXPECTED-FAIL | chrome://mochitests/content/browser/browser/base/content/test/browser_page_style_menu.js | link 20 with rel="alternate stylesheet" and media="all  screen" shows up in page style menu
TEST-UNEXPECTED-FAIL | chrome://mochitests/content/browser/browser/base/content/test/browser_page_style_menu.js | all valid links found - Got 18, expected 14
TEST-UNEXPECTED-FAIL | chrome://mochitests/content/browser/browser/components/sessionstore/test/browser/browser_607016.js | sanity check that tab doesn't have extData
mbrubeck%mozilla.com
https://tbpl.mozilla.org/php/getParsedLog.php?id=6632194&tree=Mozilla-Inbound
Rev3 Fedora 12 mozilla-inbound opt test mochitest-other on 2011-09-30 16:45:51

TEST-UNEXPECTED-FAIL | chrome://mochitests/content/browser/browser/components/sessionstore/test/browser/browser_607016.js | sanity check that tab doesn't have extData
joshmoz
https://tbpl.mozilla.org/php/getParsedLog.php?id=6634069&tree=Firefox
Rev3 Fedora 12x64 mozilla-central opt test mochitest-other on 2011-09-30 19:52:53

TEST-UNEXPECTED-FAIL | chrome://mochitests/content/browser/browser/components/sessionstore/test/browser/browser_607016.js | sanity check that tab doesn't have extData
philor
https://tbpl.mozilla.org/php/getParsedLog.php?id=6635952&tree=Firefox
Rev3 Fedora 12x64 mozilla-central opt test mochitest-other on 2011-09-30 23:22:26

TEST-UNEXPECTED-FAIL | chrome://mochitests/content/browser/browser/components/sessionstore/test/browser/browser_607016.js | sanity check that tab doesn't have extData
Ms2ger%gmail.com
https://tbpl.mozilla.org/php/getParsedLog.php?id=6640047&tree=Try
Rev3 Fedora 12 try opt test mochitest-other on 2011-10-01 10:14:05

1788 ERROR TEST-UNEXPECTED-FAIL | chrome://mochitests/content/chrome/content/xul/content/test/test_bug330705-2.xul | The first box element is still focused after blur() has been called on the second box element
TEST-UNEXPECTED-FAIL | chrome://mochitests/content/browser/browser/components/sessionstore/test/browser/browser_607016.js | sanity check that tab doesn't have extData
philor
https://tbpl.mozilla.org/php/getParsedLog.php?id=6641254&tree=Mozilla-Inbound
Rev3 Fedora 12 mozilla-inbound opt test mochitest-other on 2011-10-01 13:43:54

TEST-UNEXPECTED-FAIL | chrome://mochitests/content/browser/browser/components/sessionstore/test/browser/browser_607016.js | sanity check that tab doesn't have extData
philor
https://tbpl.mozilla.org/php/getParsedLog.php?id=6641347&tree=Mozilla-Inbound
Rev3 Fedora 12x64 mozilla-inbound opt test mochitest-other on 2011-10-01 14:02:26

TEST-UNEXPECTED-FAIL | chrome://mochitests/content/browser/browser/components/sessionstore/test/browser/browser_607016.js | sanity check that tab doesn't have extData
mbrubeck
https://tbpl.mozilla.org/php/getParsedLog.php?id=6645581&tree=Mozilla-Inbound
Rev3 Fedora 12 mozilla-inbound opt test mochitest-other on 2011-10-02 04:56:36

TEST-UNEXPECTED-FAIL | chrome://mochitests/content/browser/browser/components/sessionstore/test/browser/browser_607016.js | sanity check that tab doesn't have extData
philor
https://tbpl.mozilla.org/php/getParsedLog.php?id=6659223&tree=Mozilla-Inbound
Rev3 Fedora 12x64 mozilla-inbound opt test mochitest-other on 2011-10-03 14:23:54

TEST-UNEXPECTED-FAIL | chrome://mochitests/content/browser/browser/components/sessionstore/test/browser/browser_607016.js | sanity check that tab doesn't have extData
mbrubeck%mozilla.com
https://tbpl.mozilla.org/php/getParsedLog.php?id=6660237&tree=Try
Rev3 WINNT 6.1 try opt test mochitest-other on 2011-10-03 15:31:41

TEST-UNEXPECTED-FAIL | chrome://mochitests/content/browser/browser/components/sessionstore/test/browser/browser_607016.js | sanity check that tab doesn't have extData
philor
https://tbpl.mozilla.org/php/getParsedLog.php?id=6662301&tree=Firefox
Rev3 Fedora 12 mozilla-central opt test mochitest-other on 2011-10-03 17:45:38

TEST-UNEXPECTED-FAIL | chrome://mochitests/content/browser/browser/components/sessionstore/test/browser/browser_607016.js | sanity check that tab doesn't have extData
philor
https://tbpl.mozilla.org/php/getParsedLog.php?id=6663574&tree=Firefox
Rev3 Fedora 12 mozilla-central opt test mochitest-other on 2011-10-03 19:05:09

TEST-UNEXPECTED-FAIL | chrome://mochitests/content/browser/browser/components/sessionstore/test/browser/browser_607016.js | sanity check that tab doesn't have extData
philor
https://tbpl.mozilla.org/php/getParsedLog.php?id=6663574&tree=Firefox
Rev3 Fedora 12 mozilla-central opt test mochitest-other on 2011-10-03 19:05:09

TEST-UNEXPECTED-FAIL | chrome://mochitests/content/browser/browser/components/sessionstore/test/browser/browser_607016.js | sanity check that tab doesn't have extData
philor
https://tbpl.mozilla.org/php/getParsedLog.php?id=6662365&tree=Fx-Team
Rev3 Fedora 12x64 fx-team opt test mochitest-other on 2011-10-03 17:46:06

TEST-UNEXPECTED-FAIL | chrome://mochitests/content/browser/browser/components/sessionstore/test/browser/browser_607016.js | sanity check that tab doesn't have extData
philor
https://tbpl.mozilla.org/php/getParsedLog.php?id=6671462&tree=Firefox
Rev3 Fedora 12 mozilla-central opt test mochitest-other on 2011-10-04 07:42:07

TEST-UNEXPECTED-FAIL | chrome://mochitests/content/browser/browser/components/sessionstore/test/browser/browser_607016.js | sanity check that tab doesn't have extData
philor
https://tbpl.mozilla.org/php/getParsedLog.php?id=6671612&tree=Mozilla-Inbound
Rev3 Fedora 12x64 mozilla-inbound opt test mochitest-other on 2011-10-04 07:56:10

TEST-UNEXPECTED-FAIL | chrome://mochitests/content/browser/browser/components/sessionstore/test/browser/browser_607016.js | sanity check that tab doesn't have extData
mbrubeck%mozilla.com
https://tbpl.mozilla.org/php/getParsedLog.php?id=6673448&tree=Mozilla-Beta
Rev3 Fedora 12x64 mozilla-beta opt test mochitest-other on 2011-10-04 11:14:30

TEST-UNEXPECTED-FAIL | chrome://mochitests/content/browser/browser/components/sessionstore/test/browser/browser_607016.js | sanity check that tab doesn't have extData
edmorley
https://tbpl.mozilla.org/php/getParsedLog.php?id=6658865&tree=Try
Rev3 Fedora 12x64 try opt test mochitest-other on 2011-10-03 13:55:56

TEST-UNEXPECTED-FAIL | chrome://mochitests/content/browser/browser/components/sessionstore/test/browser/browser_607016.js | sanity check that tab doesn't have extData
philor
https://tbpl.mozilla.org/php/getParsedLog.php?id=6678999&tree=Mozilla-Inbound
Rev3 Fedora 12 mozilla-inbound opt test mochitest-other on 2011-10-04 18:07:27

TEST-UNEXPECTED-FAIL | chrome://mochitests/content/browser/browser/components/sessionstore/test/browser/browser_607016.js | sanity check that tab doesn't have extData
mak77%bonardo.net
https://tbpl.mozilla.org/php/getParsedLog.php?id=6683900&tree=Mozilla-Inbound
Rev3 Fedora 12x64 mozilla-inbound opt test mochitest-other on 2011-10-05 04:50:55

TEST-UNEXPECTED-FAIL | chrome://mochitests/content/browser/browser/components/sessionstore/test/browser/browser_607016.js | sanity check that tab doesn't have extData
philor
https://tbpl.mozilla.org/php/getParsedLog.php?id=6688218&tree=Mozilla-Inbound
Rev3 Fedora 12x64 mozilla-inbound opt test mochitest-other on 2011-10-05 11:49:53

TEST-UNEXPECTED-FAIL | chrome://mochitests/content/browser/browser/components/sessionstore/test/browser/browser_607016.js | sanity check that tab doesn't have extData
jmaher%mozilla.com
https://tbpl.mozilla.org/php/getParsedLog.php?id=6690649&tree=Try
Rev3 Fedora 12 try opt test mochitest-other on 2011-10-05 14:46:59

TEST-UNEXPECTED-FAIL | chrome://mochitests/content/browser/browser/components/sessionstore/test/browser/browser_607016.js | sanity check that tab doesn't have extData
philor
https://tbpl.mozilla.org/php/getParsedLog.php?id=6690635&tree=Mozilla-Inbound
Rev3 Fedora 12 mozilla-inbound opt test mochitest-other on 2011-10-05 14:44:06

TEST-UNEXPECTED-FAIL | chrome://mochitests/content/browser/browser/components/sessionstore/test/browser/browser_607016.js | sanity check that tab doesn't have extData
jfkthame%gmail.com
https://tbpl.mozilla.org/php/getParsedLog.php?id=6707599&tree=Mozilla-Inbound
Rev3 Fedora 12x64 mozilla-inbound opt test mochitest-other on 2011-10-06 11:04:28

TEST-UNEXPECTED-FAIL | chrome://mochitests/content/browser/browser/components/sessionstore/test/browser/browser_607016.js | sanity check that tab doesn't have extData
mbrubeck%mozilla.com
https://tbpl.mozilla.org/php/getParsedLog.php?id=6708747&tree=Mozilla-Inbound
Rev3 Fedora 12 mozilla-inbound opt test mochitest-other on 2011-10-06 11:45:53

TEST-UNEXPECTED-FAIL | chrome://mochitests/content/browser/browser/components/sessionstore/test/browser/browser_607016.js | sanity check that tab doesn't have extData
mbrubeck%mozilla.com
https://tbpl.mozilla.org/php/getParsedLog.php?id=6716608&tree=Mozilla-Aurora
Rev3 WINNT 5.1 mozilla-aurora pgo test mochitest-other on 2011-10-06 19:17:14

TEST-UNEXPECTED-FAIL | chrome://mochitests/content/browser/browser/components/sessionstore/test/browser/browser_607016.js | sanity check that tab doesn't have extData
Ms2ger%gmail.com
https://tbpl.mozilla.org/php/getParsedLog.php?id=6721823&tree=Firefox
Rev3 Fedora 12x64 mozilla-central pgo test mochitest-other on 2011-10-07 00:58:09

TEST-UNEXPECTED-FAIL | chrome://mochitests/content/browser/browser/components/sessionstore/test/browser/browser_607016.js | sanity check that tab doesn't have extData
philor
https://tbpl.mozilla.org/php/getParsedLog.php?id=6725713&tree=Mozilla-Inbound
Rev3 Fedora 12x64 mozilla-inbound opt test mochitest-other on 2011-10-07 06:33:38

TEST-UNEXPECTED-FAIL | chrome://mochitests/content/browser/browser/components/sessionstore/test/browser/browser_607016.js | sanity check that tab doesn't have extData
philor
https://tbpl.mozilla.org/php/getParsedLog.php?id=6725978&tree=Mozilla-Inbound
Rev3 Fedora 12x64 mozilla-inbound pgo test mochitest-other on 2011-10-07 06:54:23

TEST-UNEXPECTED-FAIL | chrome://mochitests/content/browser/browser/components/sessionstore/test/browser/browser_607016.js | sanity check that tab doesn't have extData
philor
https://tbpl.mozilla.org/php/getParsedLog.php?id=6687801&tree=Try
Rev3 Fedora 12x64 try opt test mochitest-other on 2011-10-05 11:25:30

TEST-UNEXPECTED-FAIL | chrome://mochitests/content/browser/browser/components/sessionstore/test/browser/browser_607016.js | sanity check that tab doesn't have extData
mbrubeck%mozilla.com
https://tbpl.mozilla.org/php/getParsedLog.php?id=6723817&tree=Mozilla-Beta
Rev3 Fedora 12x64 mozilla-beta pgo test mochitest-other on 2011-10-07 04:34:27

TEST-UNEXPECTED-FAIL | chrome://mochitests/content/browser/browser/components/sessionstore/test/browser/browser_607016.js | sanity check that tab doesn't have extData
mak77%bonardo.net
https://tbpl.mozilla.org/php/getParsedLog.php?id=6741057&tree=Mozilla-Inbound
Rev3 Fedora 12x64 mozilla-inbound pgo test mochitest-other on 2011-10-07 23:49:50

TEST-UNEXPECTED-FAIL | chrome://mochitests/content/browser/browser/components/sessionstore/test/browser/browser_607016.js | sanity check that tab doesn't have extData
ttaubert
https://tbpl.mozilla.org/php/getParsedLog.php?id=6747508&tree=Mozilla-Aurora
Rev3 Fedora 12 mozilla-aurora opt test mochitest-other on 2011-10-08 08:32:59

TEST-UNEXPECTED-FAIL | chrome://mochitests/content/browser/browser/components/sessionstore/test/browser/browser_607016.js | sanity check that tab doesn't have extData
TEST-UNEXPECTED-FAIL | chrome://mochitests/content/browser/browser/devtools/webconsole/test/browser/browser_webconsole_bug_595934_message_categories.js | Test timed out
bill%wg9s.com
https://tbpl.mozilla.org/php/getParsedLog.php?id=6747790&tree=Firefox
Rev3 Fedora 12 mozilla-central pgo test mochitest-other on 2011-10-08 08:57:54

TEST-UNEXPECTED-FAIL | chrome://mochitests/content/browser/browser/components/sessionstore/test/browser/browser_607016.js | sanity check that tab doesn't have extData
ttaubert
https://tbpl.mozilla.org/php/getParsedLog.php?id=6749518&tree=Mozilla-Beta
Rev3 Fedora 12x64 mozilla-beta pgo test mochitest-other on 2011-10-08 12:34:49

TEST-UNEXPECTED-FAIL | chrome://mochitests/content/browser/browser/components/sessionstore/test/browser/browser_607016.js | sanity check that tab doesn't have extData
philor
https://tbpl.mozilla.org/php/getParsedLog.php?id=6751381&tree=Mozilla-Inbound
Rev3 Fedora 12 mozilla-inbound pgo test mochitest-other on 2011-10-08 16:50:04

12259 ERROR TEST-UNEXPECTED-FAIL | chrome://mochitests/content/chrome/toolkit/components/aboutmemory/tests/chrome/test_asyncClose_leak.xul | Looking for sqlite-LEAKED reporters - got 0, expected 3
TEST-UNEXPECTED-FAIL | chrome://mochitests/content/browser/browser/components/sessionstore/test/browser/browser_607016.js | sanity check that tab doesn't have extData

https://tbpl.mozilla.org/php/getParsedLog.php?id=6752073&tree=Mozilla-Inbound
Rev3 Fedora 12 mozilla-inbound opt test mochitest-other on 2011-10-08 21:53:27

TEST-UNEXPECTED-FAIL | chrome://mochitests/content/browser/browser/components/sessionstore/test/browser/browser_607016.js | sanity check that tab doesn't have extData
philor
https://tbpl.mozilla.org/php/getParsedLog.php?id=6752073&tree=Mozilla-Inbound
Rev3 Fedora 12 mozilla-inbound opt test mochitest-other on 2011-10-08 21:53:27

TEST-UNEXPECTED-FAIL | chrome://mochitests/content/browser/browser/components/sessionstore/test/browser/browser_607016.js | sanity check that tab doesn't have extData
philor
https://tbpl.mozilla.org/php/getParsedLog.php?id=6671080&tree=Build-System
Rev3 Fedora 12x64 build-system opt test mochitest-other on 2011-10-04 07:12:59

TEST-UNEXPECTED-FAIL | chrome://mochitests/content/browser/browser/components/sessionstore/test/browser/browser_607016.js | sanity check that tab doesn't have extData
philor
https://tbpl.mozilla.org/php/getParsedLog.php?id=6758048&tree=Mozilla-Aurora
Rev3 Fedora 12 mozilla-aurora pgo test mochitest-other on 2011-10-09 13:01:54

TEST-UNEXPECTED-FAIL | chrome://mochitests/content/browser/browser/components/sessionstore/test/browser/browser_607016.js | sanity check that tab doesn't have extData
philor
https://tbpl.mozilla.org/php/getParsedLog.php?id=6759170&tree=Firefox
Rev3 Fedora 12x64 mozilla-central pgo test mochitest-other on 2011-10-09 16:49:04

TEST-UNEXPECTED-FAIL | chrome://mochitests/content/browser/browser/components/sessionstore/test/browser/browser_607016.js | sanity check that tab doesn't have extData
edmorley
https://tbpl.mozilla.org/php/getParsedLog.php?id=6761798&tree=Try
Rev3 Fedora 12x64 try opt test mochitest-other on 2011-10-10 01:50:59

TEST-UNEXPECTED-FAIL | chrome://mochitests/content/browser/browser/components/sessionstore/test/browser/browser_607016.js | sanity check that tab doesn't have extData
philor
https://tbpl.mozilla.org/php/getParsedLog.php?id=6780840&tree=Mozilla-Aurora
Rev3 Fedora 12 mozilla-aurora pgo test mochitest-other on 2011-10-10 22:03:43

TEST-UNEXPECTED-FAIL | chrome://mochitests/content/browser/browser/components/sessionstore/test/browser/browser_607016.js | sanity check that tab doesn't have extData
philor
https://tbpl.mozilla.org/php/getParsedLog.php?id=6789515&tree=Mozilla-Inbound
Rev3 Fedora 12x64 mozilla-inbound pgo test mochitest-other on 2011-10-11 09:08:02

TEST-UNEXPECTED-FAIL | chrome://mochitests/content/browser/browser/components/sessionstore/test/browser/browser_607016.js | sanity check that tab doesn't have extData
bill%wg9s.com
https://tbpl.mozilla.org/php/getParsedLog.php?id=6806044&tree=Firefox
Rev3 Fedora 12x64 mozilla-central pgo test mochitest-other on 2011-10-12 02:29:53

TEST-UNEXPECTED-FAIL | chrome://mochitests/content/browser/browser/components/sessionstore/test/browser/browser_607016.js | sanity check that tab doesn't have extData
mak77%bonardo.net
https://tbpl.mozilla.org/php/getParsedLog.php?id=6805312&tree=Mozilla-Inbound
Rev3 Fedora 12x64 mozilla-inbound opt test mochitest-other on 2011-10-12 01:25:58

TEST-UNEXPECTED-FAIL | chrome://mochitests/content/browser/browser/components/sessionstore/test/browser/browser_607016.js | sanity check that tab doesn't have extData
philor
https://tbpl.mozilla.org/php/getParsedLog.php?id=6808237&tree=Mozilla-Inbound
Rev3 Fedora 12x64 mozilla-inbound pgo test mochitest-other on 2011-10-12 05:03:31

TEST-UNEXPECTED-FAIL | chrome://mochitests/content/browser/browser/components/sessionstore/test/browser/browser_607016.js | sanity check that tab doesn't have extData
TEST-UNEXPECTED-FAIL | chrome://mochitests/content/browser/toolkit/mozapps/extensions/test/browser/browser_select_confirm.js | Test timed out
TEST-UNEXPECTED-FAIL | chrome://mochitests/content/browser/toolkit/mozapps/extensions/test/browser/browser_select_confirm.js | Found a  after previous test timed out
jimm
https://tbpl.mozilla.org/php/getParsedLog.php?id=6812279&tree=Firefox
Rev3 Fedora 12 mozilla-central pgo test mochitest-other on 2011-10-12 09:10:47

TEST-UNEXPECTED-FAIL | chrome://mochitests/content/browser/browser/components/sessionstore/test/browser/browser_607016.js | sanity check that tab doesn't have extData
TEST-UNEXPECTED-FAIL | chrome://mochitests/content/browser/toolkit/mozapps/extensions/test/browser/browser_select_selection.js | Test timed out
TEST-UNEXPECTED-FAIL | chrome://mochitests/content/browser/toolkit/mozapps/extensions/test/browser/browser_select_selection.js | Found a  after previous test timed out
philor
https://tbpl.mozilla.org/php/getParsedLog.php?id=6811500&tree=Mozilla-Beta
Rev3 Fedora 12x64 mozilla-beta pgo test mochitest-other on 2011-10-12 08:28:32

TEST-UNEXPECTED-FAIL | chrome://mochitests/content/browser/browser/components/sessionstore/test/browser/browser_607016.js | sanity check that tab doesn't have extData
philor
https://tbpl.mozilla.org/php/getParsedLog.php?id=6811485&tree=Mozilla-Aurora
Rev3 Fedora 12 mozilla-aurora pgo test mochitest-other on 2011-10-12 08:23:33

TEST-UNEXPECTED-FAIL | chrome://mochitests/content/browser/browser/components/sessionstore/test/browser/browser_607016.js | sanity check that tab doesn't have extData
philor
https://tbpl.mozilla.org/php/getParsedLog.php?id=6813456&tree=Firefox
Rev3 Fedora 12x64 mozilla-central opt test mochitest-other on 2011-10-12 10:18:58

TEST-UNEXPECTED-FAIL | chrome://mochitests/content/browser/browser/components/sessionstore/test/browser/browser_607016.js | sanity check that tab doesn't have extData
philor
https://tbpl.mozilla.org/php/getParsedLog.php?id=6816225&tree=Mozilla-Inbound
Rev3 Fedora 12 mozilla-inbound opt test mochitest-other on 2011-10-12 12:50:47

TEST-UNEXPECTED-FAIL | chrome://mochitests/content/browser/browser/components/sessionstore/test/browser/browser_607016.js | sanity check that tab doesn't have extData
philor
https://tbpl.mozilla.org/php/getParsedLog.php?id=6819698&tree=Mozilla-Inbound
Rev3 Fedora 12 mozilla-inbound pgo test mochitest-other on 2011-10-12 15:57:51

TEST-UNEXPECTED-FAIL | chrome://mochitests/content/browser/browser/components/sessionstore/test/browser/browser_607016.js | sanity check that tab doesn't have extData
philor
https://tbpl.mozilla.org/php/getParsedLog.php?id=6822926&tree=Mozilla-Beta
Rev3 Fedora 12x64 mozilla-beta pgo test mochitest-other on 2011-10-12 18:47:56

TEST-UNEXPECTED-FAIL | chrome://mochitests/content/browser/browser/components/sessionstore/test/browser/browser_607016.js | sanity check that tab doesn't have extData
bill%wg9s.com
https://tbpl.mozilla.org/php/getParsedLog.php?id=6826211&tree=Firefox
Rev3 Fedora 12 mozilla-central pgo test mochitest-other on 2011-10-13 00:52:57

TEST-UNEXPECTED-FAIL | chrome://mochitests/content/browser/browser/components/sessionstore/test/browser/browser_607016.js | sanity check that tab doesn't have extData
mak77%bonardo.net
https://tbpl.mozilla.org/php/getParsedLog.php?id=6829380&tree=Firefox
Rev3 Fedora 12x64 mozilla-central pgo test mochitest-other on 2011-10-13 06:48:51

TEST-UNEXPECTED-FAIL | chrome://mochitests/content/browser/browser/components/sessionstore/test/browser/browser_607016.js | sanity check that tab doesn't have extData
philor
https://tbpl.mozilla.org/php/getParsedLog.php?id=6832797&tree=Mozilla-Inbound
Rev3 Fedora 12x64 mozilla-inbound opt test mochitest-other on 2011-10-13 10:09:11

TEST-UNEXPECTED-FAIL | chrome://mochitests/content/browser/browser/components/sessionstore/test/browser/browser_607016.js | sanity check that tab doesn't have extData
philor
https://tbpl.mozilla.org/php/getParsedLog.php?id=6828070&tree=Mozilla-Aurora
Rev3 Fedora 12x64 mozilla-aurora pgo test mochitest-other on 2011-10-13 05:13:49

TEST-UNEXPECTED-FAIL | chrome://mochitests/content/browser/browser/components/sessionstore/test/browser/browser_607016.js | sanity check that tab doesn't have extData
mats
https://tbpl.mozilla.org/php/getParsedLog.php?id=6842230&tree=Mozilla-Aurora
Rev3 Fedora 12x64 mozilla-aurora pgo test mochitest-other on 2011-10-13 19:07:33

TEST-UNEXPECTED-FAIL | chrome://mochitests/content/browser/browser/components/sessionstore/test/browser/browser_607016.js | sanity check that tab doesn't have extData
mak77%bonardo.net
https://tbpl.mozilla.org/php/getParsedLog.php?id=6847651&tree=Mozilla-Inbound
Rev3 Fedora 12x64 mozilla-inbound opt test mochitest-other on 2011-10-14 00:37:51

TEST-UNEXPECTED-FAIL | chrome://mochitests/content/browser/browser/components/sessionstore/test/browser/browser_607016.js | sanity check that tab doesn't have extData
jacek
https://tbpl.mozilla.org/php/getParsedLog.php?id=6849450&tree=Mozilla-Inbound
Rev3 Fedora 12x64 mozilla-inbound opt test mochitest-other on 2011-10-14 03:36:53

TEST-UNEXPECTED-FAIL | chrome://mochitests/content/browser/browser/components/sessionstore/test/browser/browser_607016.js | sanity check that tab doesn't have extData
mak77%bonardo.net
https://tbpl.mozilla.org/php/getParsedLog.php?id=6849857&tree=Firefox
Rev3 Fedora 12 mozilla-central pgo test mochitest-other on 2011-10-14 04:03:52

TEST-UNEXPECTED-FAIL | chrome://mochitests/content/browser/browser/components/sessionstore/test/browser/browser_607016.js | sanity check that tab doesn't have extData
Enn
https://tbpl.mozilla.org/php/getParsedLog.php?id=6850814&tree=Mozilla-Inbound
Rev3 Fedora 12 mozilla-inbound pgo test mochitest-other on 2011-10-14 04:58:29

TEST-UNEXPECTED-FAIL | chrome://mochitests/content/browser/browser/components/sessionstore/test/browser/browser_607016.js | sanity check that tab doesn't have extData
bholley
https://tbpl.mozilla.org/php/getParsedLog.php?id=6858470&tree=Firefox
Rev3 Fedora 12x64 mozilla-central opt test mochitest-other on 2011-10-14 11:35:21

TEST-UNEXPECTED-FAIL | chrome://mochitests/content/browser/browser/components/sessionstore/test/browser/browser_607016.js | sanity check that tab doesn't have extData
mbrubeck%mozilla.com
https://tbpl.mozilla.org/php/getParsedLog.php?id=6863122&tree=Mozilla-Inbound
Rev3 Fedora 12x64 mozilla-inbound pgo test mochitest-other on 2011-10-14 15:47:20

TEST-UNEXPECTED-FAIL | chrome://mochitests/content/browser/browser/components/sessionstore/test/browser/browser_607016.js | sanity check that tab doesn't have extData
edmorley
https://tbpl.mozilla.org/php/getParsedLog.php?id=6869450&tree=Mozilla-Inbound
Rev3 Fedora 12x64 mozilla-inbound pgo test mochitest-other on 2011-10-15 04:57:02

TEST-UNEXPECTED-FAIL | chrome://mochitests/content/browser/browser/components/sessionstore/test/browser/browser_607016.js | sanity check that tab doesn't have extData
edmorley
https://tbpl.mozilla.org/php/getParsedLog.php?id=6873858&tree=Firefox
Rev3 Fedora 12 mozilla-central pgo test mochitest-other on 2011-10-15 13:26:52

TEST-UNEXPECTED-FAIL | chrome://mochitests/content/browser/browser/components/sessionstore/test/browser/browser_607016.js | sanity check that tab doesn't have extData
mbrubeck%mozilla.com
https://tbpl.mozilla.org/php/getParsedLog.php?id=6876978&tree=Mozilla-Inbound
Rev3 Fedora 12x64 mozilla-inbound pgo test mochitest-other on 2011-10-15 18:50:53

TEST-UNEXPECTED-FAIL | chrome://mochitests/content/browser/browser/components/sessionstore/test/browser/browser_607016.js | sanity check that tab doesn't have extData
mbrubeck%mozilla.com
https://tbpl.mozilla.org/php/getParsedLog.php?id=6876727&tree=Mozilla-Beta
Rev3 Fedora 12 mozilla-beta pgo test mochitest-other on 2011-10-15 18:33:47

TEST-UNEXPECTED-FAIL | chrome://mochitests/content/browser/browser/components/sessionstore/test/browser/browser_607016.js | sanity check that tab doesn't have extData
philor
https://tbpl.mozilla.org/php/getParsedLog.php?id=6867515&tree=Mozilla-Aurora
Rev3 Fedora 12x64 mozilla-aurora pgo test mochitest-other on 2011-10-15 00:51:09

TEST-UNEXPECTED-FAIL | chrome://mochitests/content/browser/browser/components/sessionstore/test/browser/browser_607016.js | sanity check that tab doesn't have extData
mbrubeck%mozilla.com
https://tbpl.mozilla.org/php/getParsedLog.php?id=6880413&tree=Mozilla-Beta
Rev3 Fedora 12x64 mozilla-beta pgo test mochitest-other on 2011-10-16 06:34:13

TEST-UNEXPECTED-FAIL | chrome://mochitests/content/browser/browser/components/sessionstore/test/browser/browser_607016.js | sanity check that tab doesn't have extData
ehsan
https://tbpl.mozilla.org/php/getParsedLog.php?id=6884194&tree=Firefox
Rev3 Fedora 12 mozilla-central pgo test mochitest-other on 2011-10-16 18:56:16

TEST-UNEXPECTED-FAIL | chrome://mochitests/content/browser/browser/components/sessionstore/test/browser/browser_607016.js | sanity check that tab doesn't have extData
philor
https://tbpl.mozilla.org/php/getParsedLog.php?id=6879895&tree=Mozilla-Aurora
Rev3 Fedora 12 mozilla-aurora pgo test mochitest-other on 2011-10-16 05:15:02

TEST-UNEXPECTED-FAIL | chrome://mochitests/content/browser/browser/components/sessionstore/test/browser/browser_607016.js | sanity check that tab doesn't have extData
philor
https://tbpl.mozilla.org/php/getParsedLog.php?id=6891215&tree=Mozilla-Inbound
Rev3 Fedora 12 mozilla-inbound opt test mochitest-other on 2011-10-17 08:13:04

TEST-UNEXPECTED-FAIL | chrome://mochitests/content/browser/browser/components/sessionstore/test/browser/browser_607016.js | sanity check that tab doesn't have extData
philor
https://tbpl.mozilla.org/php/getParsedLog.php?id=6889759&tree=Mozilla-Inbound
Rev3 Fedora 12x64 mozilla-inbound pgo test mochitest-other on 2011-10-17 06:52:57

TEST-UNEXPECTED-FAIL | chrome://mochitests/content/browser/browser/components/sessionstore/test/browser/browser_607016.js | sanity check that tab doesn't have extData
philor
https://tbpl.mozilla.org/php/getParsedLog.php?id=6888262&tree=Firefox
Rev3 Fedora 12 mozilla-central pgo test mochitest-other on 2011-10-17 04:04:51

TEST-UNEXPECTED-FAIL | chrome://mochitests/content/browser/browser/components/sessionstore/test/browser/browser_607016.js | sanity check that tab doesn't have extData
philor
https://tbpl.mozilla.org/php/getParsedLog.php?id=6888150&tree=Firefox
Rev3 Fedora 12x64 mozilla-central pgo test mochitest-other on 2011-10-17 04:02:18

TEST-UNEXPECTED-FAIL | chrome://mochitests/content/browser/browser/components/sessionstore/test/browser/browser_607016.js | sanity check that tab doesn't have extData
philor
https://tbpl.mozilla.org/php/getParsedLog.php?id=6895447&tree=Mozilla-Inbound
Rev3 Fedora 12 mozilla-inbound opt test mochitest-other on 2011-10-17 13:31:41

TEST-UNEXPECTED-FAIL | chrome://mochitests/content/browser/browser/components/sessionstore/test/browser/browser_607016.js | sanity check that tab doesn't have extData
philor
https://tbpl.mozilla.org/php/getParsedLog.php?id=6900878&tree=Mozilla-Inbound
Rev3 Fedora 12x64 mozilla-inbound pgo test mochitest-other on 2011-10-17 19:06:52

TEST-UNEXPECTED-FAIL | chrome://mochitests/content/browser/browser/components/sessionstore/test/browser/browser_607016.js | sanity check that tab doesn't have extData
bz
https://tbpl.mozilla.org/php/getParsedLog.php?id=6897963&tree=Try
Rev3 Fedora 12 try opt test mochitest-other on 2011-10-17 15:52:42

TEST-UNEXPECTED-FAIL | chrome://mochitests/content/browser/browser/components/sessionstore/test/browser/browser_607016.js | sanity check that tab doesn't have extData
honzab.moz%firemni.cz
https://tbpl.mozilla.org/php/getParsedLog.php?id=6910612&tree=Mozilla-Inbound
Rev3 Fedora 12 mozilla-inbound pgo test mochitest-other on 2011-10-18 08:07:32

12378 ERROR TEST-UNEXPECTED-FAIL | chrome://mochitests/content/chrome/toolkit/components/aboutmemory/tests/chrome/test_asyncClose_leak.xul | Looking for sqlite-LEAKED reporters - got 0, expected 3
TEST-UNEXPECTED-FAIL | chrome://mochitests/content/browser/browser/components/sessionstore/test/browser/browser_607016.js | sanity check that tab doesn't have extData
philor
https://tbpl.mozilla.org/php/getParsedLog.php?id=6908937&tree=Mozilla-Aurora
Rev3 Fedora 12x64 mozilla-aurora pgo test mochitest-other on 2011-10-18 06:49:20

TEST-UNEXPECTED-FAIL | chrome://mochitests/content/browser/browser/components/sessionstore/test/browser/browser_607016.js | sanity check that tab doesn't have extData
philor
https://tbpl.mozilla.org/php/getParsedLog.php?id=6890629&tree=Mozilla-Aurora
Rev3 Fedora 12 mozilla-aurora pgo test mochitest-other on 2011-10-17 06:50:49

TEST-UNEXPECTED-FAIL | chrome://mochitests/content/browser/browser/components/sessionstore/test/browser/browser_607016.js | sanity check that tab doesn't have extData
TEST-UNEXPECTED-FAIL | chrome://mochitests/content/browser/toolkit/mozapps/extensions/test/browser/browser_select_update.js | Test timed out
TEST-UNEXPECTED-FAIL | chrome://mochitests/content/browser/toolkit/mozapps/extensions/test/browser/browser_select_update.js | Found a  after previous test timed out
philor
https://tbpl.mozilla.org/php/getParsedLog.php?id=6889755&tree=Mozilla-Aurora
Rev3 Fedora 12x64 mozilla-aurora pgo test mochitest-other on 2011-10-17 06:49:51

TEST-UNEXPECTED-FAIL | chrome://mochitests/content/browser/browser/components/sessionstore/test/browser/browser_607016.js | sanity check that tab doesn't have extData
philor
https://tbpl.mozilla.org/php/getParsedLog.php?id=6918685&tree=Mozilla-Beta
Rev3 Fedora 12 mozilla-beta pgo test mochitest-other on 2011-10-18 14:51:30

TEST-UNEXPECTED-FAIL | chrome://mochitests/content/browser/browser/components/sessionstore/test/browser/browser_607016.js | sanity check that tab doesn't have extData
TEST-UNEXPECTED-FAIL | chrome://mochitests/content/browser/toolkit/mozapps/extensions/test/browser/browser_select_update.js | Test timed out
TEST-UNEXPECTED-FAIL | chrome://mochitests/content/browser/toolkit/mozapps/extensions/test/browser/browser_select_update.js | Found a  after previous test timed out
philor
https://tbpl.mozilla.org/php/getParsedLog.php?id=6910860&tree=Fx-Team
Rev3 Fedora 12x64 fx-team opt test mochitest-other on 2011-10-18 08:14:05

TEST-UNEXPECTED-FAIL | chrome://mochitests/content/browser/browser/components/sessionstore/test/browser/browser_607016.js | sanity check that tab doesn't have extData
St8
https://tbpl.mozilla.org/php/getParsedLog.php?id=6920253&tree=Try
Rev3 Fedora 12x64 try opt test mochitest-other on 2011-10-18 17:05:11

TEST-UNEXPECTED-FAIL | chrome://mochitests/content/browser/browser/components/sessionstore/test/browser/browser_607016.js | sanity check that tab doesn't have extData
mak77%bonardo.net
https://tbpl.mozilla.org/php/getParsedLog.php?id=6927803&tree=Mozilla-Inbound
Rev3 Fedora 12x64 mozilla-inbound pgo test mochitest-other on 2011-10-19 01:41:48

TEST-UNEXPECTED-FAIL | chrome://mochitests/content/browser/browser/components/sessionstore/test/browser/browser_607016.js | sanity check that tab doesn't have extData
mbrubeck%mozilla.com
https://tbpl.mozilla.org/php/getParsedLog.php?id=6927001&tree=Mozilla-Aurora
Rev3 Fedora 12x64 mozilla-aurora pgo test mochitest-other on 2011-10-19 00:51:50

TEST-UNEXPECTED-FAIL | chrome://mochitests/content/browser/browser/components/sessionstore/test/browser/browser_607016.js | sanity check that tab doesn't have extData
mbrubeck%mozilla.com
https://tbpl.mozilla.org/php/getParsedLog.php?id=6930756&tree=Mozilla-Aurora
Rev3 Fedora 12 mozilla-aurora pgo test mochitest-other on 2011-10-19 05:17:00

TEST-UNEXPECTED-FAIL | chrome://mochitests/content/browser/browser/components/sessionstore/test/browser/browser_607016.js | sanity check that tab doesn't have extData
mak77%bonardo.net
https://tbpl.mozilla.org/php/getParsedLog.php?id=6932541&tree=Firefox
Rev3 Fedora 12 mozilla-central pgo test mochitest-other on 2011-10-19 07:03:31

TEST-UNEXPECTED-FAIL | chrome://mochitests/content/browser/browser/components/sessionstore/test/browser/browser_607016.js | sanity check that tab doesn't have extData
philor
https://tbpl.mozilla.org/php/getParsedLog.php?id=6947849&tree=Mozilla-Inbound
Rev3 WINNT 5.1 mozilla-inbound opt test mochitest-other on 2011-10-20 03:31:29

TEST-UNEXPECTED-FAIL | chrome://mochitests/content/browser/browser/components/sessionstore/test/browser/browser_607016.js | sanity check that tab doesn't have extData
philor
https://tbpl.mozilla.org/php/getParsedLog.php?id=6956180&tree=Mozilla-Inbound
Rev3 Fedora 12x64 mozilla-inbound pgo test mochitest-other on 2011-10-20 13:16:48

TEST-UNEXPECTED-FAIL | chrome://mochitests/content/browser/browser/components/sessionstore/test/browser/browser_607016.js | sanity check that tab doesn't have extData
philor
https://tbpl.mozilla.org/php/getParsedLog.php?id=6950454&tree=Mozilla-Beta
Rev3 Fedora 12 mozilla-beta pgo test mochitest-other on 2011-10-20 07:08:19

TEST-UNEXPECTED-FAIL | chrome://mochitests/content/browser/browser/components/sessionstore/test/browser/browser_607016.js | sanity check that tab doesn't have extData
philor
https://tbpl.mozilla.org/php/getParsedLog.php?id=6961667&tree=Mozilla-Aurora
Rev3 Fedora 12x64 mozilla-aurora pgo test mochitest-other on 2011-10-20 19:48:30

TEST-UNEXPECTED-FAIL | chrome://mochitests/content/browser/browser/components/sessionstore/test/browser/browser_607016.js | sanity check that tab doesn't have extData
mak77%bonardo.net
https://tbpl.mozilla.org/php/getParsedLog.php?id=6966432&tree=Mozilla-Inbound
Rev3 Fedora 12x64 mozilla-inbound opt test mochitest-other on 2011-10-21 03:39:52

TEST-UNEXPECTED-FAIL | chrome://mochitests/content/browser/browser/components/sessionstore/test/browser/browser_607016.js | sanity check that tab doesn't have extData
bill%wg9s.com
https://tbpl.mozilla.org/php/getParsedLog.php?id=6966789&tree=Firefox
Rev3 Fedora 12 mozilla-central pgo test mochitest-other on 2011-10-21 04:04:53

TEST-UNEXPECTED-FAIL | chrome://mochitests/content/browser/browser/components/sessionstore/test/browser/browser_607016.js | sanity check that tab doesn't have extData
mak77%bonardo.net
https://tbpl.mozilla.org/php/getParsedLog.php?id=6967056&tree=Mozilla-Inbound
Rev3 Fedora 12x64 mozilla-inbound pgo test mochitest-other on 2011-10-21 04:56:14

TEST-UNEXPECTED-FAIL | chrome://mochitests/content/browser/browser/components/sessionstore/test/browser/browser_607016.js | sanity check that tab doesn't have extData
hsivonen%iki.fi
https://tbpl.mozilla.org/php/getParsedLog.php?id=6967333&tree=Mozilla-Aurora
Rev3 Fedora 12x64 mozilla-aurora pgo test mochitest-other on 2011-10-21 05:13:02

TEST-UNEXPECTED-FAIL | chrome://mochitests/content/browser/browser/components/sessionstore/test/browser/browser_607016.js | sanity check that tab doesn't have extData
philor
https://tbpl.mozilla.org/php/getParsedLog.php?id=6970415&tree=Firefox
Rev3 Fedora 12 mozilla-central opt test mochitest-other on 2011-10-21 09:16:40

TEST-UNEXPECTED-FAIL | chrome://mochitests/content/browser/browser/components/sessionstore/test/browser/browser_607016.js | sanity check that tab doesn't have extData
Created attachment 568720
Patch v0.1 (debug)

Just adding an info(tabstate) to figure out what's in the current state that shouldn't be.
philor
https://tbpl.mozilla.org/php/getParsedLog.php?id=6975309&tree=Mozilla-Aurora
Rev3 Fedora 12x64 mozilla-aurora pgo test mochitest-other on 2011-10-21 14:46:03

TEST-UNEXPECTED-FAIL | chrome://mochitests/content/browser/browser/components/sessionstore/test/browser/browser_607016.js | sanity check that tab doesn't have extData
https://tbpl.mozilla.org/php/getParsedLog.php?id=6977616&tree=Fx-Team#error0

TEST-UNEXPECTED-FAIL | chrome://mochitests/content/browser/browser/components/sessionstore/test/browser/browser_607016.js | sanity check that tab doesn't have extData
Stack trace:
    JS frame :: chrome://mochitests/content/browser/browser/components/sessionstore/test/browser/browser_607016.js :: progressCallback :: line 94
    JS frame :: chrome://mochitests/content/browser/browser/components/sessionstore/test/browser/browser_607016.js :: <TOP_LEVEL> :: line 67
    JS frame :: chrome://browser/content/tabbrowser.xml :: <TOP_LEVEL> :: line 426
    JS frame :: chrome://browser/content/tabbrowser.xml :: _callProgressListeners :: line 423
    JS frame :: chrome://browser/content/tabbrowser.xml :: <TOP_LEVEL> :: line 470
    JS frame :: chrome://browser/content/tabbrowser.xml :: <TOP_LEVEL> :: line 595

TEST-INFO | chrome://mochitests/content/browser/browser/components/sessionstore/test/browser/browser_607016.js | tabState: {"entries":[{"url":"http://example.org#6"}],"hidden":false,"extData":{"tabview-tab":"{\"url\":\"http://example.org/#6\",\"groupID\":62,\"title\":\"http://example.org#6\"}"}}
philor
https://tbpl.mozilla.org/php/getParsedLog.php?id=6983669&tree=Mozilla-Beta
Rev3 Fedora 12 mozilla-beta opt test mochitest-other on 2011-10-22 05:43:02

TEST-UNEXPECTED-FAIL | chrome://mochitests/content/browser/browser/components/sessionstore/test/browser/browser_607016.js | sanity check that tab doesn't have extData
philor
https://tbpl.mozilla.org/php/getParsedLog.php?id=6985353&tree=Mozilla-Inbound
Rev3 Fedora 12x64 mozilla-inbound pgo test mochitest-other on 2011-10-22 07:11:56

TEST-UNEXPECTED-FAIL | chrome://mochitests/content/browser/browser/components/sessionstore/test/browser/browser_607016.js | sanity check that tab doesn't have extData
philor
https://tbpl.mozilla.org/php/getParsedLog.php?id=6986433&tree=Mozilla-Inbound
Rev3 Fedora 12x64 mozilla-inbound opt test mochitest-other on 2011-10-22 08:07:21

TEST-UNEXPECTED-FAIL | chrome://mochitests/content/browser/browser/components/sessionstore/test/browser/browser_607016.js | sanity check that tab doesn't have extData
philor
https://tbpl.mozilla.org/php/getParsedLog.php?id=6986294&tree=Mozilla-Aurora
Rev3 WINNT 5.1 mozilla-aurora opt test mochitest-other on 2011-10-22 08:21:47

TEST-UNEXPECTED-FAIL | chrome://mochitests/content/browser/browser/components/sessionstore/test/browser/browser_607016.js | sanity check that tab doesn't have extData
philor
https://tbpl.mozilla.org/php/getParsedLog.php?id=6986640&tree=Mozilla-Aurora
Rev3 WINNT 6.1 mozilla-aurora pgo test mochitest-other on 2011-10-22 08:40:00

TEST-UNEXPECTED-FAIL | chrome://mochitests/content/browser/browser/components/sessionstore/test/browser/browser_607016.js | sanity check that tab doesn't have extData
https://hg.mozilla.org/mozilla-central/rev/3ea40dce60e8
bill%wg9s.com
https://tbpl.mozilla.org/php/getParsedLog.php?id=6989514&tree=Firefox
Rev3 Fedora 12x64 mozilla-central pgo test mochitest-other on 2011-10-22 13:27:53

TEST-UNEXPECTED-FAIL | chrome://mochitests/content/browser/browser/components/sessionstore/test/browser/browser_607016.js | sanity check that tab doesn't have extData
philor
https://tbpl.mozilla.org/php/getParsedLog.php?id=6991956&tree=Firefox
Rev3 Fedora 12 mozilla-central pgo test mochitest-other on 2011-10-22 18:52:26

TEST-UNEXPECTED-FAIL | chrome://mochitests/content/browser/browser/components/sessionstore/test/browser/browser_607016.js | sanity check that tab doesn't have extData
philor
https://tbpl.mozilla.org/php/getParsedLog.php?id=6996560&tree=Mozilla-Inbound
Rev3 Fedora 12 mozilla-inbound pgo test mochitest-other on 2011-10-23 07:00:19

TEST-UNEXPECTED-FAIL | chrome://mochitests/content/browser/browser/components/sessionstore/test/browser/browser_607016.js | sanity check that tab doesn't have extData
edmorley
https://tbpl.mozilla.org/php/getParsedLog.php?id=7001686&tree=Mozilla-Inbound
Rev3 Fedora 12 mozilla-inbound pgo test mochitest-other on 2011-10-24 01:06:51

TEST-UNEXPECTED-FAIL | chrome://mochitests/content/browser/browser/components/sessionstore/test/browser/browser_607016.js | sanity check that tab doesn't have extData
mbrubeck%mozilla.com
https://tbpl.mozilla.org/php/getParsedLog.php?id=6998578&tree=Mozilla-Aurora
Rev3 Fedora 12x64 mozilla-aurora pgo test mochitest-other on 2011-10-23 12:49:51

TEST-UNEXPECTED-FAIL | chrome://mochitests/content/browser/browser/components/sessionstore/test/browser/browser_607016.js | sanity check that tab doesn't have extData
mbrubeck%mozilla.com
https://tbpl.mozilla.org/php/getParsedLog.php?id=7003136&tree=Mozilla-Aurora
Rev3 Fedora 12 mozilla-aurora pgo test mochitest-other on 2011-10-24 05:15:05

TEST-UNEXPECTED-FAIL | chrome://mochitests/content/browser/browser/components/sessionstore/test/browser/browser_607016.js | sanity check that tab doesn't have extData
mbrubeck%mozilla.com
https://tbpl.mozilla.org/php/getParsedLog.php?id=6999777&tree=Mozilla-Aurora
Rev3 Fedora 12 mozilla-aurora pgo test mochitest-other on 2011-10-23 18:51:10

TEST-UNEXPECTED-FAIL | chrome://mochitests/content/browser/browser/components/sessionstore/test/browser/browser_607016.js | sanity check that tab doesn't have extData
mbrubeck%mozilla.com
https://tbpl.mozilla.org/php/getParsedLog.php?id=6998626&tree=Mozilla-Aurora
Rev3 Fedora 12 mozilla-aurora pgo test mochitest-other on 2011-10-23 12:51:03

TEST-UNEXPECTED-FAIL | chrome://mochitests/content/browser/browser/components/sessionstore/test/browser/browser_607016.js | sanity check that tab doesn't have extData
Created attachment 569143
Patch v0.2 (fix the test)

So it turns out that Panorama had been used on that window and was re-setting data into extdata before we did our check. That's a totally legit case, just not one I was expecting when I wrote the test. So I fixed the test to be more specific for what it's checking - if there is extdata when our defined state didn't expect it, we check more specifically to make sure that we don't have the key that the other tabs should have.
philor
https://tbpl.mozilla.org/php/getParsedLog.php?id=7014772&tree=Mozilla-Aurora
Rev3 Fedora 12x64 mozilla-aurora pgo test mochitest-other on 2011-10-24 20:01:12

TEST-UNEXPECTED-FAIL | chrome://mochitests/content/browser/browser/components/sessionstore/test/browser/browser_607016.js | sanity check that tab doesn't have extData
mak77%bonardo.net
https://tbpl.mozilla.org/php/getParsedLog.php?id=7016900&tree=Mozilla-Inbound
Rev3 Fedora 12x64 mozilla-inbound opt test mochitest-other on 2011-10-24 22:24:35

TEST-UNEXPECTED-FAIL | chrome://mochitests/content/browser/browser/components/sessionstore/test/browser/browser_607016.js | sanity check that tab doesn't have extData
I took the freedom to land the patch since I just saw a couple of these oranges

https://hg.mozilla.org/integration/mozilla-inbound/rev/a414fc0d982b
(sorry for broken chars in name, likely I should have used hgencoding=utf-8 option on the push)
mak77%bonardo.net
https://tbpl.mozilla.org/php/getParsedLog.php?id=7018096&tree=Mozilla-Inbound
Rev3 Fedora 12 mozilla-inbound pgo test mochitest-other on 2011-10-25 01:10:12

TEST-UNEXPECTED-FAIL | chrome://mochitests/content/browser/browser/components/sessionstore/test/browser/browser_607016.js | sanity check that tab doesn't have extData
https://hg.mozilla.org/mozilla-central/rev/a414fc0d982b
philor
https://tbpl.mozilla.org/php/getParsedLog.php?id=7022179&tree=Mozilla-Aurora
Rev3 Fedora 12 mozilla-aurora pgo test mochitest-other on 2011-10-25 07:29:39

TEST-UNEXPECTED-FAIL | chrome://mochitests/content/browser/browser/components/sessionstore/test/browser/browser_607016.js | sanity check that tab doesn't have extData
philor
https://tbpl.mozilla.org/php/getParsedLog.php?id=7055819&tree=Mozilla-Aurora
Rev3 Fedora 12x64 mozilla-aurora pgo test mochitest-other on 2011-10-27 00:49:52

TEST-UNEXPECTED-FAIL | chrome://mochitests/content/browser/browser/components/sessionstore/test/browser/browser_607016.js | sanity check that tab doesn't have extData
philor
https://tbpl.mozilla.org/php/getParsedLog.php?id=7093018&tree=Mozilla-Beta
Rev3 Fedora 12x64 mozilla-beta pgo test mochitest-other on 2011-10-28 18:33:58

TEST-UNEXPECTED-FAIL | chrome://mochitests/content/browser/browser/components/sessionstore/test/browser/browser_607016.js | sanity check that tab doesn't have extData
philor
https://tbpl.mozilla.org/php/getParsedLog.php?id=7106083&tree=Mozilla-Aurora
Rev3 Fedora 12x64 mozilla-aurora pgo test mochitest-other on 2011-10-29 18:51:40

TEST-UNEXPECTED-FAIL | chrome://mochitests/content/browser/browser/components/sessionstore/test/browser/browser_607016.js | sanity check that tab doesn't have extData
TEST-UNEXPECTED-FAIL | chrome://mochitests/content/browser/toolkit/mozapps/extensions/test/browser/browser_select_update.js | Test timed out
TEST-UNEXPECTED-FAIL | chrome://mochitests/content/browser/toolkit/mozapps/extensions/test/browser/browser_select_update.js | Found a  after previous test timed out
philor
https://tbpl.mozilla.org/php/getParsedLog.php?id=7133305&tree=Mozilla-Aurora
Rev3 Fedora 12x64 mozilla-aurora pgo test mochitest-other on 2011-10-31 18:50:00

TEST-UNEXPECTED-FAIL | chrome://mochitests/content/browser/browser/components/sessionstore/test/browser/browser_607016.js | sanity check that tab doesn't have extData
philor
https://tbpl.mozilla.org/php/getParsedLog.php?id=7141651&tree=Mozilla-Aurora
Rev3 WINNT 5.1 mozilla-aurora pgo test mochitest-other on 2011-11-01 06:29:51

TEST-UNEXPECTED-FAIL | chrome://mochitests/content/browser/browser/components/sessionstore/test/browser/browser_607016.js | sanity check that tab doesn't have extData
philor
https://tbpl.mozilla.org/php/getParsedLog.php?id=7148141&tree=Mozilla-Aurora
Rev3 Fedora 12 mozilla-aurora pgo test mochitest-other on 2011-11-01 12:52:22

TEST-UNEXPECTED-FAIL | chrome://mochitests/content/browser/browser/components/sessionstore/test/browser/browser_607016.js | sanity check that tab doesn't have extData
mbrubeck%mozilla.com
https://tbpl.mozilla.org/php/getParsedLog.php?id=7154278&tree=Mozilla-Aurora
Rev3 WINNT 6.1 mozilla-aurora opt test mochitest-other on 2011-11-01 18:44:36

TEST-UNEXPECTED-FAIL | chrome://mochitests/content/browser/browser/components/sessionstore/test/browser/browser_607016.js | sanity check that tab doesn't have extData
philor
https://tbpl.mozilla.org/php/getParsedLog.php?id=7174848&tree=Mozilla-Beta
Rev3 Fedora 12x64 mozilla-beta opt test mochitest-other on 2011-11-02 19:02:49

TEST-UNEXPECTED-FAIL | chrome://mochitests/content/browser/browser/components/sessionstore/test/browser/browser_607016.js | sanity check that tab doesn't have extData
mbrubeck%mozilla.com
https://tbpl.mozilla.org/php/getParsedLog.php?id=7185188&tree=Mozilla-Aurora
Rev3 Fedora 12x64 mozilla-aurora pgo test mochitest-other on 2011-11-03 08:37:20

TEST-UNEXPECTED-FAIL | chrome://mochitests/content/browser/browser/components/sessionstore/test/browser/browser_607016.js | sanity check that tab doesn't have extData
philor
https://tbpl.mozilla.org/php/getParsedLog.php?id=7221855&tree=Mozilla-Aurora
Rev3 Fedora 12 mozilla-aurora pgo test mochitest-other on 2011-11-04 18:56:19

TEST-UNEXPECTED-FAIL | chrome://mochitests/content/browser/browser/components/sessionstore/test/browser/browser_607016.js | sanity check that tab doesn't have extData
philor
https://tbpl.mozilla.org/php/getParsedLog.php?id=7228776&tree=Mozilla-Aurora
Rev3 Fedora 12 mozilla-aurora pgo test mochitest-other on 2011-11-05 06:53:08

TEST-UNEXPECTED-FAIL | chrome://mochitests/content/browser/browser/components/sessionstore/test/browser/browser_607016.js | sanity check that tab doesn't have extData
philor
https://tbpl.mozilla.org/php/getParsedLog.php?id=7224721&tree=Mozilla-Beta
Rev3 Fedora 12x64 mozilla-beta pgo test mochitest-other on 2011-11-05 00:34:03

TEST-UNEXPECTED-FAIL | chrome://mochitests/content/browser/browser/components/sessionstore/test/browser/browser_607016.js | sanity check that tab doesn't have extData
philor
https://tbpl.mozilla.org/php/getParsedLog.php?id=7236967&tree=Mozilla-Aurora
Rev3 Fedora 12x64 mozilla-aurora pgo test mochitest-other on 2011-11-05 18:49:02

TEST-UNEXPECTED-FAIL | chrome://mochitests/content/browser/browser/components/sessionstore/test/browser/browser_607016.js | sanity check that tab doesn't have extData
philor
https://tbpl.mozilla.org/php/getParsedLog.php?id=7266472&tree=Mozilla-Aurora
Rev3 Fedora 12 mozilla-aurora pgo test mochitest-other on 2011-11-07 16:34:21

TEST-UNEXPECTED-FAIL | chrome://mochitests/content/browser/browser/components/sessionstore/test/browser/browser_607016.js | sanity check that tab doesn't have extData
philor
https://tbpl.mozilla.org/php/getParsedLog.php?id=7276091&tree=Mozilla-Aurora
Rev3 Fedora 12 mozilla-aurora pgo test mochitest-other on 2011-11-08 00:15:47

TEST-UNEXPECTED-FAIL | chrome://mochitests/content/browser/browser/components/sessionstore/test/browser/browser_607016.js | sanity check that tab doesn't have extData
philor
https://tbpl.mozilla.org/php/getParsedLog.php?id=7320708&tree=Mozilla-Beta
Rev3 Fedora 12x64 mozilla-beta pgo test mochitest-other on 2011-11-09 17:57:11

TEST-UNEXPECTED-FAIL | chrome://mochitests/content/browser/browser/components/sessionstore/test/browser/browser_607016.js | sanity check that tab doesn't have extData
philor
https://tbpl.mozilla.org/php/getParsedLog.php?id=7420833&tree=Mozilla-Beta
Rev3 Fedora 12x64 mozilla-beta pgo test mochitest-other on 2011-11-15 19:56:59

TEST-UNEXPECTED-FAIL | chrome://mochitests/content/browser/browser/components/sessionstore/test/browser/browser_607016.js | sanity check that tab doesn't have extData
philor
https://tbpl.mozilla.org/php/getParsedLog.php?id=7422626&tree=Mozilla-Beta
Rev3 WINNT 6.1 mozilla-beta pgo test mochitest-other on 2011-11-15 21:19:49

TEST-UNEXPECTED-FAIL | chrome://mochitests/content/browser/browser/components/sessionstore/test/browser/browser_607016.js | sanity check that tab doesn't have extData
philor
https://tbpl.mozilla.org/php/getParsedLog.php?id=7539648&tree=Mozilla-Beta
Rev3 Fedora 12x64 mozilla-beta pgo test mochitest-other on 2011-11-22 16:02:58

TEST-UNEXPECTED-FAIL | chrome://mochitests/content/browser/browser/components/sessionstore/test/browser/browser_607016.js | sanity check that tab doesn't have extData
philor
https://tbpl.mozilla.org/php/getParsedLog.php?id=7541146&tree=Mozilla-Beta
Rev3 Fedora 12x64 mozilla-beta pgo test mochitest-other on 2011-11-22 17:09:08

TEST-UNEXPECTED-FAIL | chrome://mochitests/content/browser/browser/components/sessionstore/test/browser/browser_607016.js | sanity check that tab doesn't have extData
philor
https://tbpl.mozilla.org/php/getParsedLog.php?id=7668411&tree=Mozilla-Beta
Rev3 Fedora 12x64 mozilla-beta pgo test mochitest-other on 2011-11-30 15:49:31

TEST-UNEXPECTED-FAIL | chrome://mochitests/content/browser/browser/components/sessionstore/test/browser/browser_607016.js | sanity check that tab doesn't have extData
https://tbpl.mozilla.org/php/getParsedLog.php?id=7771569&tree=Mozilla-Beta
philor
https://tbpl.mozilla.org/php/getParsedLog.php?id=7785607&tree=Mozilla-Beta
Rev3 Fedora 12 mozilla-beta pgo test mochitest-other on 2011-12-06 19:37:02

TEST-UNEXPECTED-FAIL | chrome://mochitests/content/browser/browser/components/sessionstore/test/browser/browser_607016.js | sanity check that tab doesn't have extData
philor
https://tbpl.mozilla.org/php/getParsedLog.php?id=7822260&tree=Mozilla-Beta
Rev3 Fedora 12x64 mozilla-beta pgo test mochitest-other on 2011-12-08 04:04:03

TEST-UNEXPECTED-FAIL | chrome://mochitests/content/browser/browser/components/sessionstore/test/browser/browser_607016.js | sanity check that tab doesn't have extData
mbrubeck%mozilla.com
https://tbpl.mozilla.org/php/getParsedLog.php?id=7858992&tree=Mozilla-Beta
Rev3 Fedora 12x64 mozilla-beta pgo test mochitest-other on 2011-12-09 11:12:28

TEST-UNEXPECTED-FAIL | chrome://mochitests/content/browser/browser/components/sessionstore/test/browser/browser_607016.js | sanity check that tab doesn't have extData
