Created attachment 578984
log chunk

Noisy, noisy. It's awfully rare to find so much logging that I'm unwilling to paste it all into a comment 0 :)

https://tbpl.mozilla.org/php/getParsedLog.php?id=7746714&tree=Mozilla-Inbound
Rev4 MacOSX Snow Leopard 10.6 mozilla-inbound debug test mochitest-other on 2011-12-04 21:14:52 PST for push 2c4639bc02fe

...
TEST-UNEXPECTED-FAIL | chrome://mochitests/content/browser/browser/components/tabview/test/browser_tabview_bug706430.js | one groupItem - Got 2, expected 1
Stack trace:
    JS frame :: chrome://mochikit/content/browser-test.js :: test_is :: line 402
    JS frame :: chrome://mochitests/content/browser/browser/components/tabview/test/browser_tabview_bug706430.js :: <TOP_LEVEL> :: line 52
    JS frame :: chrome://mochikit/content/browser-test.js :: <TOP_LEVEL> :: line 429

TEST-UNEXPECTED-FAIL | chrome://mochitests/content/browser/browser/components/tabview/test/browser_tabview_bug706430.js | single groupItem has two children - Got 1, expected 2
Stack trace:
    JS frame :: chrome://mochikit/content/browser-test.js :: test_is :: line 402
    JS frame :: chrome://mochitests/content/browser/browser/components/tabview/test/browser_tabview_bug706430.js :: <TOP_LEVEL> :: line 53
    JS frame :: chrome://mochikit/content/browser-test.js :: <TOP_LEVEL> :: line 429
...

Created attachment 578984
log chunk

Noisy, noisy. It's awfully rare to find so much logging that I'm unwilling to paste it all into a comment 0 :)

https://tbpl.mozilla.org/php/getParsedLog.php?id=7746714&tree=Mozilla-Inbound
Rev4 MacOSX Snow Leopard 10.6 mozilla-inbound debug test mochitest-other on 2011-12-04 21:14:52 PST for push 2c4639bc02fe

...
TEST-UNEXPECTED-FAIL | chrome://mochitests/content/browser/browser/components/tabview/test/browser_tabview_bug706430.js | one groupItem - Got 2, expected 1
Stack trace:
    JS frame :: chrome://mochikit/content/browser-test.js :: test_is :: line 402
    JS frame :: chrome://mochitests/content/browser/browser/components/tabview/test/browser_tabview_bug706430.js :: <TOP_LEVEL> :: line 52
    JS frame :: chrome://mochikit/content/browser-test.js :: <TOP_LEVEL> :: line 429

TEST-UNEXPECTED-FAIL | chrome://mochitests/content/browser/browser/components/tabview/test/browser_tabview_bug706430.js | single groupItem has two children - Got 1, expected 2
Stack trace:
    JS frame :: chrome://mochikit/content/browser-test.js :: test_is :: line 402
    JS frame :: chrome://mochitests/content/browser/browser/components/tabview/test/browser_tabview_bug706430.js :: <TOP_LEVEL> :: line 53
    JS frame :: chrome://mochikit/content/browser-test.js :: <TOP_LEVEL> :: line 429
...
mbrubeck%mozilla.com
https://tbpl.mozilla.org/php/getParsedLog.php?id=7754851&tree=Mozilla-Inbound
Rev4 MacOSX Snow Leopard 10.6 mozilla-inbound debug test mochitest-other on 2011-12-05 08:58:23

TEST-UNEXPECTED-FAIL | chrome://mochitests/content/browser/browser/components/tabview/test/browser_tabview_bug706430.js | one groupItem - Got 2, expected 1
TEST-UNEXPECTED-FAIL | chrome://mochitests/content/browser/browser/components/tabview/test/browser_tabview_bug706430.js | single groupItem has two children - Got 1, expected 2
philor
https://tbpl.mozilla.org/php/getParsedLog.php?id=7757017&tree=Services-Central
Rev4 MacOSX Snow Leopard 10.6 services-central debug test mochitest-other on 2011-12-05 11:05:53

TEST-UNEXPECTED-FAIL | chrome://mochitests/content/browser/browser/components/tabview/test/browser_tabview_bug706430.js | one groupItem - Got 2, expected 1
TEST-UNEXPECTED-FAIL | chrome://mochitests/content/browser/browser/components/tabview/test/browser_tabview_bug706430.js | single groupItem has two children - Got 1, expected 2
jwein%mozilla.com
https://tbpl.mozilla.org/php/getParsedLog.php?id=7839867&tree=Try
Rev4 MacOSX Snow Leopard 10.6 try debug test mochitest-other on 2011-12-08 17:00:38

TEST-UNEXPECTED-FAIL | chrome://mochitests/content/browser/browser/components/tabview/test/browser_tabview_bug706430.js | one groupItem - Got 2, expected 1
TEST-UNEXPECTED-FAIL | chrome://mochitests/content/browser/browser/components/tabview/test/browser_tabview_bug706430.js | single groupItem has two children - Got 1, expected 2
Ms2ger%gmail.com
https://tbpl.mozilla.org/php/getParsedLog.php?id=8012356&tree=Firefox
Rev3 WINNT 5.1 mozilla-central opt test mochitest-other on 2011-12-18 00:22:57

TEST-UNEXPECTED-FAIL | chrome://mochitests/content/browser/browser/components/tabview/test/browser_tabview_bug706430.js | one groupItem - Got 2, expected 1
TEST-UNEXPECTED-FAIL | chrome://mochitests/content/browser/browser/components/tabview/test/browser_tabview_bug706430.js | single groupItem has two children - Got 1, expected 2
philor
https://tbpl.mozilla.org/php/getParsedLog.php?id=8019943&tree=Firefox
Rev3 Fedora 12 mozilla-central debug test mochitest-other on 2011-12-18 13:21:12

TEST-UNEXPECTED-FAIL | chrome://mochitests/content/browser/browser/components/tabview/test/browser_tabview_bug706430.js | one groupItem - Got 2, expected 1
TEST-UNEXPECTED-FAIL | chrome://mochitests/content/browser/browser/components/tabview/test/browser_tabview_bug706430.js | single groupItem has two children - Got 1, expected 2
philor
https://tbpl.mozilla.org/php/getParsedLog.php?id=8206845&tree=Mozilla-Inbound
Rev4 MacOSX Snow Leopard 10.6 mozilla-inbound debug test mochitest-other on 2011-12-28 15:18:05

TEST-UNEXPECTED-FAIL | chrome://mochitests/content/browser/browser/components/tabview/test/browser_tabview_bug706430.js | one groupItem - Got 2, expected 1
TEST-UNEXPECTED-FAIL | chrome://mochitests/content/browser/browser/components/tabview/test/browser_tabview_bug706430.js | single groupItem has two children - Got 1, expected 2
philor
https://tbpl.mozilla.org/php/getParsedLog.php?id=8330016&tree=Mozilla-Aurora
Rev3 Fedora 12 mozilla-aurora debug test mochitest-other on 2012-01-04 15:32:08

TEST-UNEXPECTED-FAIL | chrome://mochitests/content/browser/browser/components/sessionstore/test/browser_477657.js | the window was maximized - Got 3, expected 1
TEST-UNEXPECTED-FAIL | chrome://mochitests/content/browser/browser/components/tabview/test/browser_tabview_bug706430.js | one groupItem - Got 2, expected 1
TEST-UNEXPECTED-FAIL | chrome://mochitests/content/browser/browser/components/tabview/test/browser_tabview_bug706430.js | single groupItem has two children - Got 1, expected 2
edmorley
https://tbpl.mozilla.org/php/getParsedLog.php?id=8373438&tree=Mozilla-Inbound
Rev3 Fedora 12 mozilla-inbound debug test mochitest-other on 2012-01-06 04:45:39

TEST-UNEXPECTED-FAIL | chrome://mochitests/content/browser/browser/components/tabview/test/browser_tabview_bug706430.js | one groupItem - Got 2, expected 1
TEST-UNEXPECTED-FAIL | chrome://mochitests/content/browser/browser/components/tabview/test/browser_tabview_bug706430.js | single groupItem has two children - Got 1, expected 2
philor
https://tbpl.mozilla.org/php/getParsedLog.php?id=8375585&tree=Mozilla-Inbound
Rev3 WINNT 6.1 mozilla-inbound debug test mochitest-other on 2012-01-06 06:04:45

TEST-UNEXPECTED-FAIL | chrome://mochitests/content/browser/browser/base/content/test/browser_bug321000.js | Urlbar strips newlines and surrounding whitespace - Got   hello hello     world world  , expected   hello helloworldworld
TEST-UNEXPECTED-FAIL | chrome://mochitests/content/browser/browser/components/tabview/test/browser_tabview_bug706430.js | one groupItem - Got 2, expected 1
TEST-UNEXPECTED-FAIL | chrome://mochitests/content/browser/browser/components/tabview/test/browser_tabview_bug706430.js | single groupItem has two children - Got 1, expected 2
edmorley
https://tbpl.mozilla.org/php/getParsedLog.php?id=8397717&tree=Mozilla-Inbound
Rev3 Fedora 12 mozilla-inbound debug test mochitest-other on 2012-01-07 02:11:29

TEST-UNEXPECTED-FAIL | chrome://mochitests/content/browser/browser/components/tabview/test/browser_tabview_bug706430.js | one groupItem - Got 2, expected 1
TEST-UNEXPECTED-FAIL | chrome://mochitests/content/browser/browser/components/tabview/test/browser_tabview_bug706430.js | single groupItem has two children - Got 1, expected 2
CC'ing test creator.
edmorley
https://tbpl.mozilla.org/php/getParsedLog.php?id=8400311&tree=Mozilla-Inbound
Rev3 Fedora 12 mozilla-inbound debug test mochitest-other on 2012-01-07 05:57:39

TEST-UNEXPECTED-FAIL | chrome://mochitests/content/browser/browser/components/tabview/test/browser_tabview_bug706430.js | one groupItem - Got 2, expected 1
TEST-UNEXPECTED-FAIL | chrome://mochitests/content/browser/browser/components/tabview/test/browser_tabview_bug706430.js | single groupItem has two children - Got 1, expected 2
edmorley
https://tbpl.mozilla.org/php/getParsedLog.php?id=8401704&tree=Mozilla-Inbound
Rev3 Fedora 12 mozilla-inbound debug test mochitest-other on 2012-01-07 07:27:29

TEST-UNEXPECTED-FAIL | chrome://mochitests/content/browser/browser/components/tabview/test/browser_tabview_bug706430.js | one groupItem - Got 2, expected 1
TEST-UNEXPECTED-FAIL | chrome://mochitests/content/browser/browser/components/tabview/test/browser_tabview_bug706430.js | single groupItem has two children - Got 1, expected 2
edmorley
https://tbpl.mozilla.org/php/getParsedLog.php?id=8401458&tree=Mozilla-Aurora
Rev4 MacOSX Snow Leopard 10.6 mozilla-aurora opt test mochitest-other on 2012-01-07 07:31:10

TEST-UNEXPECTED-FAIL | chrome://mochitests/content/browser/browser/components/tabview/test/browser_tabview_bug706430.js | one groupItem - Got 2, expected 1
TEST-UNEXPECTED-FAIL | chrome://mochitests/content/browser/browser/components/tabview/test/browser_tabview_bug706430.js | single groupItem has two children - Got 1, expected 2
edmorley
https://tbpl.mozilla.org/php/getParsedLog.php?id=8404285&tree=Try
Rev3 Fedora 12 try debug test mochitest-other on 2012-01-07 15:29:39

TEST-UNEXPECTED-FAIL | chrome://mochitests/content/browser/browser/components/sessionstore/test/browser_477657.js | the window was explicitly unmaximized - Didn't expect 1, but got it
TEST-UNEXPECTED-FAIL | chrome://mochitests/content/browser/browser/components/tabview/test/browser_tabview_bug706430.js | one groupItem - Got 2, expected 1
TEST-UNEXPECTED-FAIL | chrome://mochitests/content/browser/browser/components/tabview/test/browser_tabview_bug706430.js | single groupItem has two children - Got 1, expected 2
TEST-UNEXPECTED-FAIL | chrome://mochitests/content/browser/browser/devtools/highlighter/test/browser_inspector_highlighter.js | transparent veil box width matches dimensions of element (no zoom) - Got 764, expected 22
TEST-UNEXPECTED-FAIL | chrome://mochitests/content/browser/browser/devtools/highlighter/test/browser_inspector_highlighter.js | transparent veil box height matches dimensions of element (no zoom) - Got 39, expected 22
edmorley
https://tbpl.mozilla.org/php/getParsedLog.php?id=8404933&tree=Mozilla-Inbound
Rev3 Fedora 12 mozilla-inbound debug test mochitest-other on 2012-01-07 16:24:00

TEST-UNEXPECTED-FAIL | chrome://mochitests/content/browser/browser/components/tabview/test/browser_tabview_bug706430.js | one groupItem - Got 2, expected 1
TEST-UNEXPECTED-FAIL | chrome://mochitests/content/browser/browser/components/tabview/test/browser_tabview_bug706430.js | single groupItem has two children - Got 1, expected 2
edmorley
https://tbpl.mozilla.org/php/getParsedLog.php?id=8405124&tree=Try
Rev3 Fedora 12 try debug test mochitest-other on 2012-01-07 16:42:38

TEST-UNEXPECTED-FAIL | chrome://mochitests/content/browser/browser/components/sessionstore/test/browser_477657.js | the window was maximized - Got 3, expected 1
TEST-UNEXPECTED-FAIL | chrome://mochitests/content/browser/browser/components/tabview/test/browser_tabview_bug706430.js | one groupItem - Got 2, expected 1
TEST-UNEXPECTED-FAIL | chrome://mochitests/content/browser/browser/components/tabview/test/browser_tabview_bug706430.js | single groupItem has two children - Got 1, expected 2
jwalden
https://tbpl.mozilla.org/php/getParsedLog.php?id=8422808&tree=Try
Rev3 WINNT 5.1 try debug test mochitest-other on 2012-01-09 10:31:56

TEST-UNEXPECTED-FAIL | chrome://mochitests/content/browser/browser/components/tabview/test/browser_tabview_bug706430.js | one groupItem - Got 2, expected 1
TEST-UNEXPECTED-FAIL | chrome://mochitests/content/browser/browser/components/tabview/test/browser_tabview_bug706430.js | single groupItem has two children - Got 1, expected 2
edmorley
https://tbpl.mozilla.org/php/getParsedLog.php?id=8424711&tree=Mozilla-Inbound
Rev3 Fedora 12 mozilla-inbound debug test mochitest-other on 2012-01-09 11:52:23

TEST-UNEXPECTED-FAIL | chrome://mochitests/content/browser/browser/components/tabview/test/browser_tabview_bug706430.js | one groupItem - Got 2, expected 1
TEST-UNEXPECTED-FAIL | chrome://mochitests/content/browser/browser/components/tabview/test/browser_tabview_bug706430.js | single groupItem has two children - Got 1, expected 2
TEST-UNEXPECTED-FAIL | chrome://mochitests/content/browser/browser/devtools/highlighter/test/browser_inspector_highlighter.js | transparent veil box width matches dimensions of element (no zoom) - Got 764, expected 22
TEST-UNEXPECTED-FAIL | chrome://mochitests/content/browser/browser/devtools/highlighter/test/browser_inspector_highlighter.js | transparent veil box height matches dimensions of element (no zoom) - Got 39, expected 22
edmorley
https://tbpl.mozilla.org/php/getParsedLog.php?id=8429819&tree=Firefox
Rev3 WINNT 5.1 mozilla-central debug test mochitest-other on 2012-01-09 14:47:35

TEST-UNEXPECTED-FAIL | chrome://mochitests/content/browser/browser/components/tabview/test/browser_tabview_bug706430.js | one groupItem - Got 2, expected 1
TEST-UNEXPECTED-FAIL | chrome://mochitests/content/browser/browser/components/tabview/test/browser_tabview_bug706430.js | single groupItem has two children - Got 1, expected 2
edmorley
https://tbpl.mozilla.org/php/getParsedLog.php?id=8434040&tree=Mozilla-Inbound
Rev3 Fedora 12 mozilla-inbound debug test mochitest-other on 2012-01-09 17:28:31

TEST-UNEXPECTED-FAIL | chrome://mochitests/content/browser/browser/components/sessionstore/test/browser_477657.js | the window was explicitly unmaximized - Didn't expect 1, but got it
TEST-UNEXPECTED-FAIL | chrome://mochitests/content/browser/browser/components/tabview/test/browser_tabview_bug706430.js | one groupItem - Got 2, expected 1
TEST-UNEXPECTED-FAIL | chrome://mochitests/content/browser/browser/components/tabview/test/browser_tabview_bug706430.js | single groupItem has two children - Got 1, expected 2
philor
https://tbpl.mozilla.org/php/getParsedLog.php?id=8437972&tree=Mozilla-Inbound
Rev3 Fedora 12x64 mozilla-inbound opt test mochitest-other on 2012-01-09 21:14:39

TEST-UNEXPECTED-FAIL | chrome://mochitests/content/browser/browser/components/tabview/test/browser_tabview_bug706430.js | one groupItem - Got 2, expected 1
TEST-UNEXPECTED-FAIL | chrome://mochitests/content/browser/browser/components/tabview/test/browser_tabview_bug706430.js | single groupItem has two children - Got 1, expected 2
bz
https://tbpl.mozilla.org/php/getParsedLog.php?id=8438563&tree=Try
Rev3 Fedora 12 try debug test mochitest-other on 2012-01-09 21:17:35

TEST-UNEXPECTED-FAIL | chrome://mochitests/content/browser/browser/components/tabview/test/browser_tabview_bug706430.js | one groupItem - Got 2, expected 1
TEST-UNEXPECTED-FAIL | chrome://mochitests/content/browser/browser/components/tabview/test/browser_tabview_bug706430.js | single groupItem has two children - Got 1, expected 2
edmorley
https://tbpl.mozilla.org/php/getParsedLog.php?id=8442889&tree=Firefox
Rev3 WINNT 5.1 mozilla-central debug test mochitest-other on 2012-01-10 02:45:30

TEST-UNEXPECTED-FAIL | chrome://mochitests/content/browser/browser/components/tabview/test/browser_tabview_bug706430.js | one groupItem - Got 2, expected 1
TEST-UNEXPECTED-FAIL | chrome://mochitests/content/browser/browser/components/tabview/test/browser_tabview_bug706430.js | single groupItem has two children - Got 1, expected 2
edmorley
https://tbpl.mozilla.org/php/getParsedLog.php?id=8421082&tree=Try
Rev3 WINNT 6.1 try debug test mochitest-other on 2012-01-09 08:59:56

TEST-UNEXPECTED-FAIL | chrome://mochitests/content/browser/browser/components/tabview/test/browser_tabview_bug706430.js | one groupItem - Got 2, expected 1
TEST-UNEXPECTED-FAIL | chrome://mochitests/content/browser/browser/components/tabview/test/browser_tabview_bug706430.js | single groupItem has two children - Got 1, expected 2
edmorley
https://tbpl.mozilla.org/php/getParsedLog.php?id=8459009&tree=Mozilla-Inbound
Rev3 MacOSX Leopard 10.5.8 mozilla-inbound debug test mochitest-other on 2012-01-10 14:20:24

TEST-UNEXPECTED-FAIL | chrome://mochitests/content/browser/browser/components/tabview/test/browser_tabview_bug706430.js | one groupItem - Got 2, expected 1
TEST-UNEXPECTED-FAIL | chrome://mochitests/content/browser/browser/components/tabview/test/browser_tabview_bug706430.js | single groupItem has two children - Got 1, expected 2
edmorley
https://tbpl.mozilla.org/php/getParsedLog.php?id=8456811&tree=Mozilla-Inbound
Rev3 MacOSX Leopard 10.5.8 mozilla-inbound debug test mochitest-other on 2012-01-10 13:01:43

TEST-UNEXPECTED-FAIL | chrome://mochitests/content/browser/browser/components/tabview/test/browser_tabview_bug706430.js | one groupItem - Got 2, expected 1
TEST-UNEXPECTED-FAIL | chrome://mochitests/content/browser/browser/components/tabview/test/browser_tabview_bug706430.js | single groupItem has two children - Got 1, expected 2
edmorley
https://tbpl.mozilla.org/php/getParsedLog.php?id=8479934&tree=Mozilla-Inbound
Rev4 MacOSX Snow Leopard 10.6 mozilla-inbound debug test mochitest-other on 2012-01-11 06:22:10

TEST-UNEXPECTED-FAIL | chrome://mochitests/content/browser/browser/components/tabview/test/browser_tabview_bug706430.js | one groupItem - Got 2, expected 1
TEST-UNEXPECTED-FAIL | chrome://mochitests/content/browser/browser/components/tabview/test/browser_tabview_bug706430.js | single groupItem has two children - Got 1, expected 2
philor
https://tbpl.mozilla.org/php/getParsedLog.php?id=8496126&tree=Profiling
Rev4 MacOSX Snow Leopard 10.6 profiling debug test mochitest-other on 2012-01-11 17:57:12

TEST-UNEXPECTED-FAIL | chrome://mochitests/content/browser/browser/components/tabview/test/browser_tabview_bug706430.js | one groupItem - Got 2, expected 1
TEST-UNEXPECTED-FAIL | chrome://mochitests/content/browser/browser/components/tabview/test/browser_tabview_bug706430.js | single groupItem has two children - Got 1, expected 2
jwalker%mozilla.com
https://tbpl.mozilla.org/php/getParsedLog.php?id=8497728&tree=Try
Rev4 MacOSX Snow Leopard 10.6 try opt test mochitest-other on 2012-01-11 19:32:07

TEST-UNEXPECTED-FAIL | chrome://mochitests/content/browser/browser/components/tabview/test/browser_tabview_bug706430.js | one groupItem - Got 2, expected 1
TEST-UNEXPECTED-FAIL | chrome://mochitests/content/browser/browser/components/tabview/test/browser_tabview_bug706430.js | single groupItem has two children - Got 1, expected 2
philor
https://tbpl.mozilla.org/php/getParsedLog.php?id=8515264&tree=Mozilla-Inbound
Rev3 MacOSX Leopard 10.5.8 mozilla-inbound debug test mochitest-other on 2012-01-12 12:07:23

TEST-UNEXPECTED-FAIL | chrome://mochitests/content/browser/browser/components/tabview/test/browser_tabview_bug706430.js | one groupItem - Got 2, expected 1
TEST-UNEXPECTED-FAIL | chrome://mochitests/content/browser/browser/components/tabview/test/browser_tabview_bug706430.js | single groupItem has two children - Got 1, expected 2
philor
https://tbpl.mozilla.org/php/getParsedLog.php?id=8554719&tree=Mozilla-Inbound
Rev3 Fedora 12 mozilla-inbound debug test mochitest-other on 2012-01-14 12:46:01

TEST-UNEXPECTED-FAIL | chrome://mochitests/content/browser/browser/components/sessionstore/test/browser_477657.js | the window was explicitly unmaximized - Didn't expect 1, but got it
TEST-UNEXPECTED-FAIL | chrome://mochitests/content/browser/browser/components/tabview/test/browser_tabview_bug706430.js | one groupItem - Got 2, expected 1
TEST-UNEXPECTED-FAIL | chrome://mochitests/content/browser/browser/components/tabview/test/browser_tabview_bug706430.js | single groupItem has two children - Got 1, expected 2
Ms2ger%gmail.com
https://tbpl.mozilla.org/php/getParsedLog.php?id=8561198&tree=Mozilla-Inbound
Rev3 Fedora 12x64 mozilla-inbound opt test mochitest-other on 2012-01-15 01:16:11

TEST-UNEXPECTED-FAIL | chrome://mochitests/content/browser/browser/components/tabview/test/browser_tabview_bug706430.js | one groupItem - Got 2, expected 1
TEST-UNEXPECTED-FAIL | chrome://mochitests/content/browser/browser/components/tabview/test/browser_tabview_bug706430.js | single groupItem has two children - Got 1, expected 2
Ms2ger%gmail.com
https://tbpl.mozilla.org/php/getParsedLog.php?id=8564723&tree=Firefox
Rev4 MacOSX Snow Leopard 10.6 mozilla-central debug test mochitest-other on 2012-01-15 05:31:13

TEST-UNEXPECTED-FAIL | chrome://mochitests/content/browser/browser/components/tabview/test/browser_tabview_bug706430.js | one groupItem - Got 2, expected 1
TEST-UNEXPECTED-FAIL | chrome://mochitests/content/browser/browser/components/tabview/test/browser_tabview_bug706430.js | single groupItem has two children - Got 1, expected 2
ttaubert
https://tbpl.mozilla.org/php/getParsedLog.php?id=8576632&tree=Firefox
Rev4 MacOSX Snow Leopard 10.6 mozilla-central debug test mochitest-other on 2012-01-16 02:48:09

TEST-UNEXPECTED-FAIL | chrome://mochitests/content/browser/browser/components/tabview/test/browser_tabview_bug706430.js | one groupItem - Got 2, expected 1
TEST-UNEXPECTED-FAIL | chrome://mochitests/content/browser/browser/components/tabview/test/browser_tabview_bug706430.js | single groupItem has two children - Got 1, expected 2
philor
https://tbpl.mozilla.org/php/getParsedLog.php?id=8576881&tree=Profiling
Rev4 MacOSX Snow Leopard 10.6 profiling debug test mochitest-other on 2012-01-16 03:11:03

TEST-UNEXPECTED-FAIL | chrome://mochitests/content/browser/browser/components/tabview/test/browser_tabview_bug706430.js | one groupItem - Got 2, expected 1
TEST-UNEXPECTED-FAIL | chrome://mochitests/content/browser/browser/components/tabview/test/browser_tabview_bug706430.js | single groupItem has two children - Got 1, expected 2
philor
https://tbpl.mozilla.org/php/getParsedLog.php?id=8593513&tree=Mozilla-Inbound
Rev3 MacOSX Leopard 10.5.8 mozilla-inbound debug test mochitest-other on 2012-01-16 15:49:09

TEST-UNEXPECTED-FAIL | chrome://mochitests/content/browser/browser/components/tabview/test/browser_tabview_bug706430.js | one groupItem - Got 2, expected 1
TEST-UNEXPECTED-FAIL | chrome://mochitests/content/browser/browser/components/tabview/test/browser_tabview_bug706430.js | single groupItem has two children - Got 1, expected 2
philor
https://tbpl.mozilla.org/php/getParsedLog.php?id=8597713&tree=Mozilla-Inbound
Rev4 MacOSX Snow Leopard 10.6 mozilla-inbound debug test mochitest-other on 2012-01-16 19:32:50

TEST-UNEXPECTED-FAIL | chrome://mochitests/content/browser/browser/components/tabview/test/browser_tabview_bug706430.js | one groupItem - Got 2, expected 1
TEST-UNEXPECTED-FAIL | chrome://mochitests/content/browser/browser/components/tabview/test/browser_tabview_bug706430.js | single groupItem has two children - Got 1, expected 2
bz
https://tbpl.mozilla.org/php/getParsedLog.php?id=8616763&tree=Try
Rev3 Fedora 12 try debug test mochitest-other on 2012-01-17 12:46:37

TEST-UNEXPECTED-FAIL | chrome://mochitests/content/browser/browser/components/sessionstore/test/browser_477657.js | the window was maximized - Got 3, expected 1
TEST-UNEXPECTED-FAIL | chrome://mochitests/content/browser/browser/components/tabview/test/browser_tabview_bug706430.js | one groupItem - Got 2, expected 1
TEST-UNEXPECTED-FAIL | chrome://mochitests/content/browser/browser/components/tabview/test/browser_tabview_bug706430.js | single groupItem has two children - Got 1, expected 2
philor
https://tbpl.mozilla.org/php/getParsedLog.php?id=8632533&tree=Mozilla-Inbound
Rev4 MacOSX Snow Leopard 10.6 mozilla-inbound debug test mochitest-other on 2012-01-18 02:24:10

TEST-UNEXPECTED-FAIL | chrome://mochitests/content/browser/browser/components/tabview/test/browser_tabview_bug706430.js | one groupItem - Got 2, expected 1
TEST-UNEXPECTED-FAIL | chrome://mochitests/content/browser/browser/components/tabview/test/browser_tabview_bug706430.js | single groupItem has two children - Got 1, expected 2
philor
https://tbpl.mozilla.org/php/getParsedLog.php?id=8651899&tree=Mozilla-Inbound
Rev4 MacOSX Snow Leopard 10.6 mozilla-inbound debug test mochitest-other on 2012-01-18 16:19:57

TEST-UNEXPECTED-FAIL | chrome://mochitests/content/browser/browser/components/tabview/test/browser_tabview_bug706430.js | one groupItem - Got 2, expected 1
TEST-UNEXPECTED-FAIL | chrome://mochitests/content/browser/browser/components/tabview/test/browser_tabview_bug706430.js | single groupItem has two children - Got 1, expected 2
philor
https://tbpl.mozilla.org/php/getParsedLog.php?id=8654178&tree=Mozilla-Inbound
Rev4 MacOSX Snow Leopard 10.6 mozilla-inbound debug test mochitest-other on 2012-01-18 17:54:06

TEST-UNEXPECTED-FAIL | chrome://mochitests/content/browser/browser/components/tabview/test/browser_tabview_bug706430.js | one groupItem - Got 2, expected 1
TEST-UNEXPECTED-FAIL | chrome://mochitests/content/browser/browser/components/tabview/test/browser_tabview_bug706430.js | single groupItem has two children - Got 1, expected 2
philor
https://tbpl.mozilla.org/php/getParsedLog.php?id=8655860&tree=Mozilla-Inbound
Rev4 MacOSX Snow Leopard 10.6 mozilla-inbound debug test mochitest-other on 2012-01-18 19:03:09

TEST-UNEXPECTED-FAIL | chrome://mochitests/content/browser/browser/components/tabview/test/browser_tabview_bug706430.js | one groupItem - Got 2, expected 1
TEST-UNEXPECTED-FAIL | chrome://mochitests/content/browser/browser/components/tabview/test/browser_tabview_bug706430.js | single groupItem has two children - Got 1, expected 2
philor
https://tbpl.mozilla.org/php/getParsedLog.php?id=8657633&tree=Mozilla-Inbound
Rev4 MacOSX Snow Leopard 10.6 mozilla-inbound debug test mochitest-other on 2012-01-18 20:23:01

TEST-UNEXPECTED-FAIL | chrome://mochitests/content/browser/browser/components/tabview/test/browser_tabview_bug706430.js | one groupItem - Got 2, expected 1
TEST-UNEXPECTED-FAIL | chrome://mochitests/content/browser/browser/components/tabview/test/browser_tabview_bug706430.js | single groupItem has two children - Got 1, expected 2
philor
https://tbpl.mozilla.org/php/getParsedLog.php?id=8683694&tree=Mozilla-Inbound
Rev4 MacOSX Snow Leopard 10.6 mozilla-inbound debug test mochitest-other on 2012-01-19 17:05:52

TEST-UNEXPECTED-FAIL | chrome://mochitests/content/browser/browser/components/tabview/test/browser_tabview_bug706430.js | one groupItem - Got 2, expected 1
TEST-UNEXPECTED-FAIL | chrome://mochitests/content/browser/browser/components/tabview/test/browser_tabview_bug706430.js | single groupItem has two children - Got 1, expected 2
philor
https://tbpl.mozilla.org/php/getParsedLog.php?id=8685514&tree=Mozilla-Inbound
Rev4 MacOSX Snow Leopard 10.6 mozilla-inbound debug test mochitest-other on 2012-01-19 18:28:02

TEST-UNEXPECTED-FAIL | chrome://mochitests/content/browser/browser/components/tabview/test/browser_tabview_bug706430.js | one groupItem - Got 2, expected 1
TEST-UNEXPECTED-FAIL | chrome://mochitests/content/browser/browser/components/tabview/test/browser_tabview_bug706430.js | single groupItem has two children - Got 1, expected 2
WG9s
https://tbpl.mozilla.org/php/getParsedLog.php?id=8707641&tree=Mozilla-Inbound
Rev4 MacOSX Snow Leopard 10.6 mozilla-inbound opt test mochitest-other on 2012-01-20 14:52:43

TEST-UNEXPECTED-FAIL | chrome://mochitests/content/browser/browser/components/tabview/test/browser_tabview_bug706430.js | one groupItem - Got 2, expected 1
TEST-UNEXPECTED-FAIL | chrome://mochitests/content/browser/browser/components/tabview/test/browser_tabview_bug706430.js | single groupItem has two children - Got 1, expected 2
edmorley
https://tbpl.mozilla.org/php/getParsedLog.php?id=8710339&tree=Mozilla-Inbound
Rev4 MacOSX Snow Leopard 10.6 mozilla-inbound debug test mochitest-other on 2012-01-20 16:16:53

TEST-UNEXPECTED-FAIL | chrome://mochitests/content/browser/browser/components/tabview/test/browser_tabview_bug706430.js | one groupItem - Got 2, expected 1
TEST-UNEXPECTED-FAIL | chrome://mochitests/content/browser/browser/components/tabview/test/browser_tabview_bug706430.js | single groupItem has two children - Got 1, expected 2
philor
https://tbpl.mozilla.org/php/getParsedLog.php?id=8715548&tree=Firefox
Rev4 MacOSX Snow Leopard 10.6 mozilla-central debug test mochitest-other on 2012-01-20 20:56:58

TEST-UNEXPECTED-FAIL | chrome://mochitests/content/browser/browser/components/tabview/test/browser_tabview_bug706430.js | one groupItem - Got 2, expected 1
TEST-UNEXPECTED-FAIL | chrome://mochitests/content/browser/browser/components/tabview/test/browser_tabview_bug706430.js | single groupItem has two children - Got 1, expected 2
Ms2ger%gmail.com
https://tbpl.mozilla.org/php/getParsedLog.php?id=8723817&tree=Try
Rev4 MacOSX Snow Leopard 10.6 try debug test mochitest-other on 2012-01-21 09:12:41

31656 ERROR TEST-UNEXPECTED-FAIL | chrome://mochitests/content/chrome/widget/tests/test_bug343416.xul | We added a listener and it should have been called by now.
TEST-UNEXPECTED-FAIL | chrome://mochitests/content/browser/browser/components/tabview/test/browser_tabview_bug706430.js | one groupItem - Got 2, expected 1
TEST-UNEXPECTED-FAIL | chrome://mochitests/content/browser/browser/components/tabview/test/browser_tabview_bug706430.js | single groupItem has two children - Got 1, expected 2
edmorley
https://tbpl.mozilla.org/php/getParsedLog.php?id=8724638&tree=Firefox
Rev4 MacOSX Snow Leopard 10.6 mozilla-central opt test mochitest-other on 2012-01-21 10:31:44

TEST-UNEXPECTED-FAIL | chrome://mochitests/content/browser/browser/components/tabview/test/browser_tabview_bug706430.js | one groupItem - Got 2, expected 1
TEST-UNEXPECTED-FAIL | chrome://mochitests/content/browser/browser/components/tabview/test/browser_tabview_bug706430.js | single groupItem has two children - Got 1, expected 2
philor
https://tbpl.mozilla.org/php/getParsedLog.php?id=8729375&tree=Try
Rev4 MacOSX Snow Leopard 10.6 try opt test mochitest-other on 2012-01-21 18:27:51

31656 ERROR TEST-UNEXPECTED-FAIL | chrome://mochitests/content/chrome/widget/tests/test_bug343416.xul | We added a listener and it should have been called by now.
TEST-UNEXPECTED-FAIL | chrome://mochitests/content/browser/browser/components/tabview/test/browser_tabview_bug706430.js | one groupItem - Got 2, expected 1
TEST-UNEXPECTED-FAIL | chrome://mochitests/content/browser/browser/components/tabview/test/browser_tabview_bug706430.js | single groupItem has two children - Got 1, expected 2
philor
https://tbpl.mozilla.org/php/getParsedLog.php?id=8743435&tree=Profiling
Rev4 MacOSX Snow Leopard 10.6 profiling debug test mochitest-other on 2012-01-22 09:07:42

TEST-UNEXPECTED-FAIL | chrome://mochitests/content/browser/browser/components/tabview/test/browser_tabview_bug706430.js | one groupItem - Got 2, expected 1
TEST-UNEXPECTED-FAIL | chrome://mochitests/content/browser/browser/components/tabview/test/browser_tabview_bug706430.js | single groupItem has two children - Got 1, expected 2
philor
https://tbpl.mozilla.org/php/getParsedLog.php?id=8746244&tree=Mozilla-Inbound
Rev4 MacOSX Snow Leopard 10.6 mozilla-inbound debug test mochitest-other on 2012-01-22 14:32:50

TEST-UNEXPECTED-FAIL | chrome://mochitests/content/browser/browser/components/tabview/test/browser_tabview_bug706430.js | one groupItem - Got 2, expected 1
TEST-UNEXPECTED-FAIL | chrome://mochitests/content/browser/browser/components/tabview/test/browser_tabview_bug706430.js | single groupItem has two children - Got 1, expected 2
philor
https://tbpl.mozilla.org/php/getParsedLog.php?id=8746958&tree=Mozilla-Inbound
Rev4 MacOSX Snow Leopard 10.6 mozilla-inbound debug test mochitest-other on 2012-01-22 16:36:57

TEST-UNEXPECTED-FAIL | chrome://mochitests/content/browser/browser/components/tabview/test/browser_tabview_bug706430.js | one groupItem - Got 2, expected 1
TEST-UNEXPECTED-FAIL | chrome://mochitests/content/browser/browser/components/tabview/test/browser_tabview_bug706430.js | single groupItem has two children - Got 1, expected 2
philor
https://tbpl.mozilla.org/php/getParsedLog.php?id=8759236&tree=Mozilla-Inbound
Rev4 MacOSX Snow Leopard 10.6 mozilla-inbound debug test mochitest-other on 2012-01-23 08:10:50

TEST-UNEXPECTED-FAIL | chrome://mochitests/content/browser/browser/components/tabview/test/browser_tabview_bug706430.js | one groupItem - Got 2, expected 1
TEST-UNEXPECTED-FAIL | chrome://mochitests/content/browser/browser/components/tabview/test/browser_tabview_bug706430.js | single groupItem has two children - Got 1, expected 2
edmorley
https://tbpl.mozilla.org/php/getParsedLog.php?id=8759236&tree=Mozilla-Inbound
Rev4 MacOSX Snow Leopard 10.6 mozilla-inbound debug test mochitest-other on 2012-01-23 08:10:50

TEST-UNEXPECTED-FAIL | chrome://mochitests/content/browser/browser/components/tabview/test/browser_tabview_bug706430.js | one groupItem - Got 2, expected 1
TEST-UNEXPECTED-FAIL | chrome://mochitests/content/browser/browser/components/tabview/test/browser_tabview_bug706430.js | single groupItem has two children - Got 1, expected 2
philor
https://tbpl.mozilla.org/php/getParsedLog.php?id=8757479&tree=Mozilla-Inbound
Rev4 MacOSX Snow Leopard 10.6 mozilla-inbound opt test mochitest-other on 2012-01-23 07:05:47

TEST-UNEXPECTED-FAIL | chrome://mochitests/content/browser/browser/components/tabview/test/browser_tabview_bug706430.js | one groupItem - Got 2, expected 1
TEST-UNEXPECTED-FAIL | chrome://mochitests/content/browser/browser/components/tabview/test/browser_tabview_bug706430.js | single groupItem has two children - Got 1, expected 2
edmorley
https://tbpl.mozilla.org/php/getParsedLog.php?id=8761927&tree=Mozilla-Inbound
Rev4 MacOSX Snow Leopard 10.6 mozilla-inbound debug test mochitest-other on 2012-01-23 10:22:57

TEST-UNEXPECTED-FAIL | chrome://mochitests/content/browser/browser/components/tabview/test/browser_tabview_bug706430.js | one groupItem - Got 2, expected 1
TEST-UNEXPECTED-FAIL | chrome://mochitests/content/browser/browser/components/tabview/test/browser_tabview_bug706430.js | single groupItem has two children - Got 1, expected 2
philor
https://tbpl.mozilla.org/php/getParsedLog.php?id=8768210&tree=Profiling
Rev4 MacOSX Snow Leopard 10.6 profiling debug test mochitest-other on 2012-01-23 13:49:00

31656 ERROR TEST-UNEXPECTED-FAIL | chrome://mochitests/content/chrome/widget/tests/test_bug343416.xul | We added a listener and it should have been called by now.
TEST-UNEXPECTED-FAIL | chrome://mochitests/content/browser/browser/components/tabview/test/browser_tabview_bug706430.js | one groupItem - Got 2, expected 1
TEST-UNEXPECTED-FAIL | chrome://mochitests/content/browser/browser/components/tabview/test/browser_tabview_bug706430.js | single groupItem has two children - Got 1, expected 2
jwalden
https://tbpl.mozilla.org/php/getParsedLog.php?id=8769949&tree=Mozilla-Inbound
Rev4 MacOSX Snow Leopard 10.6 mozilla-inbound debug test mochitest-other on 2012-01-23 14:55:58

TEST-UNEXPECTED-FAIL | chrome://mochitests/content/browser/browser/components/tabview/test/browser_tabview_bug706430.js | one groupItem - Got 2, expected 1
TEST-UNEXPECTED-FAIL | chrome://mochitests/content/browser/browser/components/tabview/test/browser_tabview_bug706430.js | single groupItem has two children - Got 1, expected 2
philor
https://tbpl.mozilla.org/php/getParsedLog.php?id=8779469&tree=Try
Rev4 MacOSX Snow Leopard 10.6 try opt test mochitest-other on 2012-01-23 21:52:44

TEST-UNEXPECTED-FAIL | chrome://mochitests/content/browser/browser/components/tabview/test/browser_tabview_bug706430.js | one groupItem - Got 2, expected 1
TEST-UNEXPECTED-FAIL | chrome://mochitests/content/browser/browser/components/tabview/test/browser_tabview_bug706430.js | single groupItem has two children - Got 1, expected 2
philor
https://tbpl.mozilla.org/php/getParsedLog.php?id=8796597&tree=Mozilla-Inbound
Rev4 MacOSX Snow Leopard 10.6 mozilla-inbound opt test mochitest-other on 2012-01-24 12:28:09

TEST-UNEXPECTED-FAIL | chrome://mochitests/content/browser/browser/components/tabview/test/browser_tabview_bug706430.js | one groupItem - Got 2, expected 1
TEST-UNEXPECTED-FAIL | chrome://mochitests/content/browser/browser/components/tabview/test/browser_tabview_bug706430.js | single groupItem has two children - Got 1, expected 2
zackw%panix.com
https://tbpl.mozilla.org/php/getParsedLog.php?id=8797281&tree=Try
Rev4 MacOSX Snow Leopard 10.6 try debug test mochitest-other on 2012-01-24 12:29:35

TEST-UNEXPECTED-FAIL | chrome://mochitests/content/browser/browser/components/tabview/test/browser_tabview_bug706430.js | one groupItem - Got 2, expected 1
TEST-UNEXPECTED-FAIL | chrome://mochitests/content/browser/browser/components/tabview/test/browser_tabview_bug706430.js | single groupItem has two children - Got 1, expected 2
mwu%mozilla.com
https://tbpl.mozilla.org/php/getParsedLog.php?id=8830773&tree=Mozilla-Inbound
Rev4 MacOSX Snow Leopard 10.6 mozilla-inbound opt test mochitest-other on 2012-01-25 16:27:41

TEST-UNEXPECTED-FAIL | chrome://mochitests/content/browser/browser/components/tabview/test/browser_tabview_bug706430.js | one groupItem - Got 2, expected 1
TEST-UNEXPECTED-FAIL | chrome://mochitests/content/browser/browser/components/tabview/test/browser_tabview_bug706430.js | single groupItem has two children - Got 1, expected 2
terrence
https://tbpl.mozilla.org/php/getParsedLog.php?id=8833485&tree=Try
Rev4 MacOSX Snow Leopard 10.6 try opt test mochitest-other on 2012-01-25 18:04:40

TEST-UNEXPECTED-FAIL | chrome://mochitests/content/browser/browser/components/tabview/test/browser_tabview_bug706430.js | one groupItem - Got 2, expected 1
TEST-UNEXPECTED-FAIL | chrome://mochitests/content/browser/browser/components/tabview/test/browser_tabview_bug706430.js | single groupItem has two children - Got 1, expected 2
philor
https://tbpl.mozilla.org/php/getParsedLog.php?id=8857939&tree=Mozilla-Inbound
Rev4 MacOSX Snow Leopard 10.6 mozilla-inbound opt test mochitest-other on 2012-01-26 11:51:57

TEST-UNEXPECTED-FAIL | chrome://mochitests/content/browser/browser/components/tabview/test/browser_tabview_bug706430.js | one groupItem - Got 2, expected 1
TEST-UNEXPECTED-FAIL | chrome://mochitests/content/browser/browser/components/tabview/test/browser_tabview_bug706430.js | single groupItem has two children - Got 1, expected 2
ttaubert
https://tbpl.mozilla.org/php/getParsedLog.php?id=8868155&tree=Try
Rev3 MacOSX Leopard 10.5.8 try debug test mochitest-other on 2012-01-26 18:21:09

TEST-UNEXPECTED-FAIL | chrome://mochitests/content/browser/browser/components/tabview/test/browser_tabview_bug706430.js | one groupItem - Got 2, expected 1
TEST-UNEXPECTED-FAIL | chrome://mochitests/content/browser/browser/components/tabview/test/browser_tabview_bug706430.js | single groupItem has two children - Got 1, expected 2
mbrubeck
https://tbpl.mozilla.org/php/getParsedLog.php?id=8884228&tree=Mozilla-Inbound
Rev4 MacOSX Snow Leopard 10.6 mozilla-inbound debug test mochitest-other on 2012-01-27 09:05:54

TEST-UNEXPECTED-FAIL | chrome://mochitests/content/browser/browser/components/tabview/test/browser_tabview_bug706430.js | one groupItem - Got 2, expected 1
TEST-UNEXPECTED-FAIL | chrome://mochitests/content/browser/browser/components/tabview/test/browser_tabview_bug706430.js | single groupItem has two children - Got 1, expected 2
philor
https://tbpl.mozilla.org/php/getParsedLog.php?id=8887978&tree=Mozilla-Inbound
Rev4 MacOSX Snow Leopard 10.6 mozilla-inbound opt test mochitest-other on 2012-01-27 12:15:32

TEST-UNEXPECTED-FAIL | chrome://mochitests/content/browser/browser/components/tabview/test/browser_tabview_bug706430.js | one groupItem - Got 2, expected 1
TEST-UNEXPECTED-FAIL | chrome://mochitests/content/browser/browser/components/tabview/test/browser_tabview_bug706430.js | single groupItem has two children - Got 1, expected 2
jwatt
https://tbpl.mozilla.org/php/getParsedLog.php?id=8907966&tree=Mozilla-Inbound
Rev4 MacOSX Snow Leopard 10.6 mozilla-inbound debug test mochitest-other on 2012-01-28 07:00:04

31693 ERROR TEST-UNEXPECTED-FAIL | chrome://mochitests/content/chrome/widget/tests/test_bug343416.xul | We added a listener and it should have been called by now.
TEST-UNEXPECTED-FAIL | chrome://mochitests/content/browser/browser/components/tabview/test/browser_tabview_bug706430.js | one groupItem - Got 2, expected 1
TEST-UNEXPECTED-FAIL | chrome://mochitests/content/browser/browser/components/tabview/test/browser_tabview_bug706430.js | single groupItem has two children - Got 1, expected 2
philor
https://tbpl.mozilla.org/php/getParsedLog.php?id=8940886&tree=Mozilla-Inbound
Rev4 MacOSX Snow Leopard 10.6 mozilla-inbound opt test mochitest-other on 2012-01-30 07:38:53

TEST-UNEXPECTED-FAIL | chrome://mochitests/content/browser/browser/components/tabview/test/browser_tabview_bug706430.js | one groupItem - Got 2, expected 1
TEST-UNEXPECTED-FAIL | chrome://mochitests/content/browser/browser/components/tabview/test/browser_tabview_bug706430.js | single groupItem has two children - Got 1, expected 2
edmorley
https://tbpl.mozilla.org/php/getParsedLog.php?id=8965643&tree=Mozilla-Inbound
Rev4 MacOSX Snow Leopard 10.6 mozilla-inbound debug test mochitest-other on 2012-01-30 23:17:09

TEST-UNEXPECTED-FAIL | chrome://mochitests/content/browser/browser/components/tabview/test/browser_tabview_bug706430.js | one groupItem - Got 2, expected 1
TEST-UNEXPECTED-FAIL | chrome://mochitests/content/browser/browser/components/tabview/test/browser_tabview_bug706430.js | single groupItem has two children - Got 1, expected 2
Ms2ger%gmail.com
https://tbpl.mozilla.org/php/getParsedLog.php?id=8965643&tree=Mozilla-Inbound
Rev4 MacOSX Snow Leopard 10.6 mozilla-inbound debug test mochitest-other on 2012-01-30 23:17:09

TEST-UNEXPECTED-FAIL | chrome://mochitests/content/browser/browser/components/tabview/test/browser_tabview_bug706430.js | one groupItem - Got 2, expected 1
TEST-UNEXPECTED-FAIL | chrome://mochitests/content/browser/browser/components/tabview/test/browser_tabview_bug706430.js | single groupItem has two children - Got 1, expected 2
mbrubeck
https://tbpl.mozilla.org/php/getParsedLog.php?id=8975742&tree=Firefox
Rev3 Fedora 12 mozilla-central debug test mochitest-other on 2012-01-31 06:15:44

TEST-UNEXPECTED-FAIL | automationutils.processLeakLog() | leaked 16 bytes during test execution
TEST-UNEXPECTED-FAIL | automationutils.processLeakLog() | leaked 1 instance of GenericFactory with size 16 bytes
TEST-UNEXPECTED-FAIL | chrome://mochitests/content/browser/browser/components/tabview/test/browser_tabview_bug706430.js | one groupItem - Got 3, expected 1
TEST-UNEXPECTED-FAIL | chrome://mochitests/content/browser/browser/components/tabview/test/browser_tabview_bug706430.js | single groupItem has two children - Got 0, expected 2
philor
https://tbpl.mozilla.org/php/getParsedLog.php?id=8978912&tree=Mozilla-Inbound
Rev4 MacOSX Snow Leopard 10.6 mozilla-inbound debug test mochitest-other on 2012-01-31 08:31:14

TEST-UNEXPECTED-FAIL | chrome://mochitests/content/browser/browser/components/tabview/test/browser_tabview_bug706430.js | one groupItem - Got 3, expected 1
TEST-UNEXPECTED-FAIL | chrome://mochitests/content/browser/browser/components/tabview/test/browser_tabview_bug706430.js | single groupItem has two children - Got 0, expected 2
mbrubeck
https://tbpl.mozilla.org/php/getParsedLog.php?id=9051562&tree=Mozilla-Beta
Rev3 MacOSX Leopard 10.5.8 mozilla-beta debug test mochitest-other on 2012-02-02 18:25:33

TEST-UNEXPECTED-FAIL | chrome://mochitests/content/browser/browser/components/tabview/test/browser_tabview_bug706430.js | one groupItem - Got 2, expected 1
TEST-UNEXPECTED-FAIL | chrome://mochitests/content/browser/browser/components/tabview/test/browser_tabview_bug706430.js | single groupItem has two children - Got 1, expected 2
mbrubeck
https://tbpl.mozilla.org/php/getParsedLog.php?id=9037406&tree=Mozilla-Aurora
Rev4 MacOSX Snow Leopard 10.6 mozilla-aurora opt test mochitest-other on 2012-02-02 07:55:30

TEST-UNEXPECTED-FAIL | chrome://mochitests/content/browser/browser/components/tabview/test/browser_tabview_bug706430.js | one groupItem - Got 2, expected 1
TEST-UNEXPECTED-FAIL | chrome://mochitests/content/browser/browser/components/tabview/test/browser_tabview_bug706430.js | single groupItem has two children - Got 1, expected 2
philor
https://tbpl.mozilla.org/php/getParsedLog.php?id=9052725&tree=Mozilla-Inbound
Rev4 MacOSX Snow Leopard 10.6 mozilla-inbound debug test mochitest-other on 2012-02-02 19:15:53

TEST-UNEXPECTED-FAIL | chrome://mochitests/content/browser/browser/components/tabview/test/browser_tabview_bug706430.js | one groupItem - Got 3, expected 1
TEST-UNEXPECTED-FAIL | chrome://mochitests/content/browser/browser/components/tabview/test/browser_tabview_bug706430.js | single groupItem has two children - Got 0, expected 2
edmorley
https://tbpl.mozilla.org/php/getParsedLog.php?id=9069761&tree=Mozilla-Inbound
Rev4 MacOSX Snow Leopard 10.6 mozilla-inbound debug test mochitest-other on 2012-02-03 10:20:41

TEST-UNEXPECTED-FAIL | chrome://mochitests/content/browser/browser/components/tabview/test/browser_tabview_bug706430.js | one groupItem - Got 2, expected 1
TEST-UNEXPECTED-FAIL | chrome://mochitests/content/browser/browser/components/tabview/test/browser_tabview_bug706430.js | single groupItem has two children - Got 1, expected 2
terrence
https://tbpl.mozilla.org/php/getParsedLog.php?id=9081661&tree=Try
Rev4 MacOSX Snow Leopard 10.6 try opt test mochitest-other on 2012-02-03 19:26:41

TEST-UNEXPECTED-FAIL | chrome://mochitests/content/browser/browser/components/tabview/test/browser_tabview_bug706430.js | one groupItem - Got 2, expected 1
TEST-UNEXPECTED-FAIL | chrome://mochitests/content/browser/browser/components/tabview/test/browser_tabview_bug706430.js | single groupItem has two children - Got 1, expected 2
jwalker%mozilla.com
https://tbpl.mozilla.org/php/getParsedLog.php?id=9146516&tree=Fx-Team
Rev4 MacOSX Snow Leopard 10.6 fx-team debug test mochitest-other on 2012-02-07 03:39:34

TEST-UNEXPECTED-FAIL | chrome://mochitests/content/browser/browser/components/tabview/test/browser_tabview_bug706430.js | one groupItem - Got 3, expected 1
TEST-UNEXPECTED-FAIL | chrome://mochitests/content/browser/browser/components/tabview/test/browser_tabview_bug706430.js | single groupItem has two children - Got 0, expected 2
edmorley
https://tbpl.mozilla.org/php/getParsedLog.php?id=9177142&tree=Try
Rev4 MacOSX Snow Leopard 10.6 try debug test mochitest-other on 2012-02-08 03:39:48

TEST-UNEXPECTED-FAIL | chrome://mochitests/content/browser/browser/components/tabview/test/browser_tabview_bug706430.js | one groupItem - Got 2, expected 1
TEST-UNEXPECTED-FAIL | chrome://mochitests/content/browser/browser/components/tabview/test/browser_tabview_bug706430.js | single groupItem has two children - Got 1, expected 2
philor
https://tbpl.mozilla.org/php/getParsedLog.php?id=9199018&tree=Mozilla-Inbound
Rev4 MacOSX Snow Leopard 10.6 mozilla-inbound debug test mochitest-other on 2012-02-08 19:56:16

TEST-UNEXPECTED-FAIL | chrome://mochitests/content/browser/browser/components/tabview/test/browser_tabview_bug706430.js | one groupItem - Got 2, expected 1
TEST-UNEXPECTED-FAIL | chrome://mochitests/content/browser/browser/components/tabview/test/browser_tabview_bug706430.js | single groupItem has two children - Got 1, expected 2
philor
https://tbpl.mozilla.org/php/getParsedLog.php?id=9225134&tree=Mozilla-Inbound
Rev3 WINNT 5.1 mozilla-inbound debug test mochitest-other on 2012-02-09 16:43:21

TEST-UNEXPECTED-FAIL | chrome://mochitests/content/browser/browser/components/tabview/test/browser_tabview_bug706430.js | one groupItem - Got 2, expected 1
TEST-UNEXPECTED-FAIL | chrome://mochitests/content/browser/browser/components/tabview/test/browser_tabview_bug706430.js | single groupItem has two children - Got 1, expected 2
jwatt
https://tbpl.mozilla.org/php/getParsedLog.php?id=9228801&tree=Try
Rev3 WINNT 6.1 try debug test mochitest-other on 2012-02-09 19:18:59

TEST-UNEXPECTED-FAIL | chrome://mochitests/content/browser/browser/components/tabview/test/browser_tabview_bug706430.js | one groupItem - Got 2, expected 1
TEST-UNEXPECTED-FAIL | chrome://mochitests/content/browser/browser/components/tabview/test/browser_tabview_bug706430.js | single groupItem has two children - Got 1, expected 2
Olli.Pettay%gmail.com
https://tbpl.mozilla.org/php/getParsedLog.php?id=9234261&tree=Try
Rev3 WINNT 5.1 try debug test mochitest-other on 2012-02-09 23:33:19

TEST-UNEXPECTED-FAIL | chrome://mochitests/content/browser/browser/components/tabview/test/browser_tabview_bug706430.js | one groupItem - Got 2, expected 1
TEST-UNEXPECTED-FAIL | chrome://mochitests/content/browser/browser/components/tabview/test/browser_tabview_bug706430.js | single groupItem has two children - Got 1, expected 2
TEST-UNEXPECTED-FAIL | automationutils.processLeakLog() | leaked 332 bytes during test execution
TEST-UNEXPECTED-FAIL | automationutils.processLeakLog() | leaked 1 instance of CondVar with size 16 bytes
TEST-UNEXPECTED-FAIL | automationutils.processLeakLog() | leaked 1 instance of Mutex with size 12 bytes
TEST-UNEXPECTED-FAIL | automationutils.processLeakLog() | leaked 1 instance of nsCacheEntryHashTable with size 36 bytes
TEST-UNEXPECTED-FAIL | automationutils.processLeakLog() | leaked 1 instance of nsCacheService with size 148 bytes
TEST-UNEXPECTED-FAIL | automationutils.processLeakLog() | leaked 1 instance of nsDiskCacheBinding with size 52 bytes
mbrubeck
https://tbpl.mozilla.org/php/getParsedLog.php?id=9242011&tree=Mozilla-Inbound
Rev3 MacOSX Leopard 10.5.8 mozilla-inbound debug test mochitest-other on 2012-02-10 07:27:10

TEST-UNEXPECTED-FAIL | chrome://mochitests/content/browser/browser/components/tabview/test/browser_tabview_bug706430.js | one groupItem - Got 3, expected 1
TEST-UNEXPECTED-FAIL | chrome://mochitests/content/browser/browser/components/tabview/test/browser_tabview_bug706430.js | single groupItem has two children - Got 0, expected 2
edmorley
https://tbpl.mozilla.org/php/getParsedLog.php?id=9253925&tree=Mozilla-Inbound
Rev3 WINNT 6.1 mozilla-inbound debug test mochitest-other on 2012-02-10 15:50:54

32500 ERROR TEST-UNEXPECTED-FAIL | chrome://mochitests/content/chrome/widget/tests/test_bug343416.xul | We added a listener and it should have been called by now.
TEST-UNEXPECTED-FAIL | chrome://mochitests/content/browser/browser/components/tabview/test/browser_tabview_bug706430.js | one groupItem - Got 2, expected 1
TEST-UNEXPECTED-FAIL | chrome://mochitests/content/browser/browser/components/tabview/test/browser_tabview_bug706430.js | single groupItem has two children - Got 1, expected 2
Aryeh Gregor
https://tbpl.mozilla.org/php/getParsedLog.php?id=9338772&tree=Try
Rev3 WINNT 6.1 try debug test mochitest-other on 2012-02-14 14:44:56

TEST-UNEXPECTED-FAIL | chrome://mochitests/content/browser/browser/components/tabview/test/browser_tabview_bug706430.js | one groupItem - Got 2, expected 1
TEST-UNEXPECTED-FAIL | chrome://mochitests/content/browser/browser/components/tabview/test/browser_tabview_bug706430.js | single groupItem has two children - Got 1, expected 2
jwein%mozilla.com
https://tbpl.mozilla.org/php/getParsedLog.php?id=9366188&tree=Try
Rev3 Fedora 12x64 try debug test mochitest-other on 2012-02-15 13:23:41

TEST-UNEXPECTED-FAIL | chrome://mochitests/content/browser/browser/components/tabview/test/browser_tabview_bug706430.js | one groupItem - Got 2, expected 1
TEST-UNEXPECTED-FAIL | chrome://mochitests/content/browser/browser/components/tabview/test/browser_tabview_bug706430.js | single groupItem has two children - Got 1, expected 2
philor
https://tbpl.mozilla.org/php/getParsedLog.php?id=9373431&tree=Mozilla-Inbound
Rev3 WINNT 6.1 mozilla-inbound debug test mochitest-other on 2012-02-15 18:13:28

TEST-UNEXPECTED-FAIL | chrome://mochitests/content/browser/browser/components/tabview/test/browser_tabview_bug706430.js | one groupItem - Got 3, expected 1
TEST-UNEXPECTED-FAIL | chrome://mochitests/content/browser/browser/components/tabview/test/browser_tabview_bug706430.js | single groupItem has two children - Got 0, expected 2
philor
https://tbpl.mozilla.org/php/getParsedLog.php?id=9374166&tree=Mozilla-Inbound
Rev3 WINNT 6.1 mozilla-inbound debug test mochitest-other on 2012-02-15 18:45:42

TEST-UNEXPECTED-FAIL | chrome://mochitests/content/browser/browser/components/tabview/test/browser_tabview_bug706430.js | one groupItem - Got 3, expected 1
TEST-UNEXPECTED-FAIL | chrome://mochitests/content/browser/browser/components/tabview/test/browser_tabview_bug706430.js | single groupItem has two children - Got 0, expected 2
TEST-UNEXPECTED-FAIL | automationutils.processLeakLog() | leaked 332 bytes during test execution
TEST-UNEXPECTED-FAIL | automationutils.processLeakLog() | leaked 1 instance of CondVar with size 16 bytes
TEST-UNEXPECTED-FAIL | automationutils.processLeakLog() | leaked 1 instance of Mutex with size 12 bytes
TEST-UNEXPECTED-FAIL | automationutils.processLeakLog() | leaked 1 instance of nsCacheEntryHashTable with size 36 bytes
TEST-UNEXPECTED-FAIL | automationutils.processLeakLog() | leaked 1 instance of nsCacheService with size 148 bytes
TEST-UNEXPECTED-FAIL | automationutils.processLeakLog() | leaked 1 instance of nsDiskCacheBinding with size 52 bytes
philor
https://tbpl.mozilla.org/php/getParsedLog.php?id=9422517&tree=Mozilla-Beta
Rev3 Fedora 12 mozilla-beta debug test mochitest-other on 2012-02-17 11:41:38

TEST-UNEXPECTED-FAIL | chrome://mochitests/content/browser/browser/components/tabview/test/browser_tabview_bug706430.js | one groupItem - Got 2, expected 1
TEST-UNEXPECTED-FAIL | chrome://mochitests/content/browser/browser/components/tabview/test/browser_tabview_bug706430.js | single groupItem has two children - Got 1, expected 2
edmorley
https://tbpl.mozilla.org/php/getParsedLog.php?id=9424229&tree=Mozilla-Inbound
Rev3 WINNT 6.1 mozilla-inbound debug test mochitest-other on 2012-02-17 13:11:46

TEST-UNEXPECTED-FAIL | chrome://mochitests/content/browser/browser/components/tabview/test/browser_tabview_bug706430.js | one groupItem - Got 2, expected 1
TEST-UNEXPECTED-FAIL | chrome://mochitests/content/browser/browser/components/tabview/test/browser_tabview_bug706430.js | single groupItem has two children - Got 1, expected 2
TEST-UNEXPECTED-FAIL | automationutils.processLeakLog() | leaked 332 bytes during test execution
TEST-UNEXPECTED-FAIL | automationutils.processLeakLog() | leaked 1 instance of CondVar with size 16 bytes
TEST-UNEXPECTED-FAIL | automationutils.processLeakLog() | leaked 1 instance of Mutex with size 12 bytes
TEST-UNEXPECTED-FAIL | automationutils.processLeakLog() | leaked 1 instance of nsCacheEntryHashTable with size 36 bytes
TEST-UNEXPECTED-FAIL | automationutils.processLeakLog() | leaked 1 instance of nsCacheService with size 148 bytes
TEST-UNEXPECTED-FAIL | automationutils.processLeakLog() | leaked 1 instance of nsDiskCacheBinding with size 52 bytes
edmorley
https://tbpl.mozilla.org/php/getParsedLog.php?id=9426915&tree=Mozilla-Inbound
Rev3 MacOSX Leopard 10.5.8 mozilla-inbound debug test mochitest-other on 2012-02-17 15:11:55

TEST-UNEXPECTED-FAIL | chrome://mochitests/content/browser/browser/components/tabview/test/browser_tabview_bug706430.js | one groupItem - Got 2, expected 1
TEST-UNEXPECTED-FAIL | chrome://mochitests/content/browser/browser/components/tabview/test/browser_tabview_bug706430.js | single groupItem has two children - Got 1, expected 2
roc%ocallahan.org
https://tbpl.mozilla.org/php/getParsedLog.php?id=9451648&tree=Mozilla-Inbound
Rev3 WINNT 6.1 mozilla-inbound debug test mochitest-other on 2012-02-18 23:05:39

TEST-UNEXPECTED-FAIL | chrome://mochitests/content/browser/browser/components/tabview/test/browser_tabview_bug706430.js | one groupItem - Got 2, expected 1
TEST-UNEXPECTED-FAIL | chrome://mochitests/content/browser/browser/components/tabview/test/browser_tabview_bug706430.js | single groupItem has two children - Got 1, expected 2
TEST-UNEXPECTED-FAIL | automationutils.processLeakLog() | leaked 332 bytes during test execution
TEST-UNEXPECTED-FAIL | automationutils.processLeakLog() | leaked 1 instance of CondVar with size 16 bytes
TEST-UNEXPECTED-FAIL | automationutils.processLeakLog() | leaked 1 instance of Mutex with size 12 bytes
TEST-UNEXPECTED-FAIL | automationutils.processLeakLog() | leaked 1 instance of nsCacheEntryHashTable with size 36 bytes
TEST-UNEXPECTED-FAIL | automationutils.processLeakLog() | leaked 1 instance of nsCacheService with size 148 bytes
TEST-UNEXPECTED-FAIL | automationutils.processLeakLog() | leaked 1 instance of nsDiskCacheBinding with size 52 bytes
edmorley
https://tbpl.mozilla.org/php/getParsedLog.php?id=9458074&tree=Firefox
Rev3 WINNT 6.1 mozilla-central debug test mochitest-other on 2012-02-19 09:41:42

TEST-UNEXPECTED-FAIL | chrome://mochitests/content/browser/browser/components/tabview/test/browser_tabview_bug706430.js | one groupItem - Got 2, expected 1
TEST-UNEXPECTED-FAIL | chrome://mochitests/content/browser/browser/components/tabview/test/browser_tabview_bug706430.js | single groupItem has two children - Got 1, expected 2
edmorley
https://tbpl.mozilla.org/php/getParsedLog.php?id=9477208&tree=Mozilla-Inbound
Rev3 WINNT 6.1 mozilla-inbound debug test mochitest-other on 2012-02-20 12:06:38

TEST-UNEXPECTED-FAIL | chrome://mochitests/content/browser/browser/components/tabview/test/browser_tabview_bug706430.js | one groupItem - Got 2, expected 1
TEST-UNEXPECTED-FAIL | chrome://mochitests/content/browser/browser/components/tabview/test/browser_tabview_bug706430.js | single groupItem has two children - Got 1, expected 2
philor
https://tbpl.mozilla.org/php/getParsedLog.php?id=9494593&tree=Mozilla-Inbound
Rev3 Fedora 12 mozilla-inbound opt test mochitest-other on 2012-02-21 07:39:45

TEST-UNEXPECTED-FAIL | chrome://mochitests/content/browser/browser/components/tabview/test/browser_tabview_bug706430.js | one groupItem - Got 2, expected 1
TEST-UNEXPECTED-FAIL | chrome://mochitests/content/browser/browser/components/tabview/test/browser_tabview_bug706430.js | single groupItem has two children - Got 1, expected 2
edmorley
https://tbpl.mozilla.org/php/getParsedLog.php?id=9494593&tree=Mozilla-Inbound
Rev3 Fedora 12 mozilla-inbound opt test mochitest-other on 2012-02-21 07:39:45

TEST-UNEXPECTED-FAIL | chrome://mochitests/content/browser/browser/components/tabview/test/browser_tabview_bug706430.js | one groupItem - Got 2, expected 1
TEST-UNEXPECTED-FAIL | chrome://mochitests/content/browser/browser/components/tabview/test/browser_tabview_bug706430.js | single groupItem has two children - Got 1, expected 2
philor
https://tbpl.mozilla.org/php/getParsedLog.php?id=9510183&tree=Maple
Rev3 WINNT 6.1 maple debug test mochitest-other on 2012-02-21 17:17:26

TEST-UNEXPECTED-FAIL | chrome://mochitests/content/browser/browser/components/tabview/test/browser_tabview_bug706430.js | one groupItem - Got 2, expected 1
TEST-UNEXPECTED-FAIL | chrome://mochitests/content/browser/browser/components/tabview/test/browser_tabview_bug706430.js | single groupItem has two children - Got 1, expected 2
mbrubeck
https://tbpl.mozilla.org/php/getParsedLog.php?id=9526287&tree=Mozilla-Aurora
Rev4 MacOSX Snow Leopard 10.6 mozilla-aurora debug test mochitest-other on 2012-02-22 05:22:52

TEST-UNEXPECTED-FAIL | chrome://mochitests/content/browser/browser/components/tabview/test/browser_tabview_bug706430.js | one groupItem - Got 2, expected 1
TEST-UNEXPECTED-FAIL | chrome://mochitests/content/browser/browser/components/tabview/test/browser_tabview_bug706430.js | single groupItem has two children - Got 1, expected 2
edmorley
https://tbpl.mozilla.org/php/getParsedLog.php?id=9563148&tree=Mozilla-Inbound
Rev3 WINNT 6.1 mozilla-inbound debug test mochitest-other on 2012-02-23 07:23:28

TEST-UNEXPECTED-FAIL | chrome://mochitests/content/browser/browser/components/tabview/test/browser_tabview_bug706430.js | one groupItem - Got 2, expected 1
TEST-UNEXPECTED-FAIL | chrome://mochitests/content/browser/browser/components/tabview/test/browser_tabview_bug706430.js | single groupItem has two children - Got 1, expected 2
philor
https://tbpl.mozilla.org/php/getParsedLog.php?id=9563148&tree=Mozilla-Inbound
Rev3 WINNT 6.1 mozilla-inbound debug test mochitest-other on 2012-02-23 07:23:28

TEST-UNEXPECTED-FAIL | chrome://mochitests/content/browser/browser/components/tabview/test/browser_tabview_bug706430.js | one groupItem - Got 2, expected 1
TEST-UNEXPECTED-FAIL | chrome://mochitests/content/browser/browser/components/tabview/test/browser_tabview_bug706430.js | single groupItem has two children - Got 1, expected 2
MattN
https://tbpl.mozilla.org/php/getParsedLog.php?id=9584146&tree=Mozilla-Aurora
Rev4 MacOSX Snow Leopard 10.6 mozilla-aurora debug test mochitest-other on 2012-02-23 19:19:27

31705 ERROR TEST-UNEXPECTED-FAIL | chrome://mochitests/content/chrome/widget/tests/test_bug343416.xul | We added a listener and it should have been called by now.
TEST-UNEXPECTED-FAIL | chrome://mochitests/content/browser/browser/components/tabview/test/browser_tabview_bug706430.js | one groupItem - Got 2, expected 1
TEST-UNEXPECTED-FAIL | chrome://mochitests/content/browser/browser/components/tabview/test/browser_tabview_bug706430.js | single groupItem has two children - Got 1, expected 2
philor
https://tbpl.mozilla.org/php/getParsedLog.php?id=9598495&tree=Mozilla-Aurora
Rev3 MacOSX Leopard 10.5.8 mozilla-aurora opt test mochitest-other on 2012-02-24 07:47:34

TEST-UNEXPECTED-FAIL | chrome://mochitests/content/browser/browser/components/tabview/test/browser_tabview_bug706430.js | one groupItem - Got 2, expected 1
TEST-UNEXPECTED-FAIL | chrome://mochitests/content/browser/browser/components/tabview/test/browser_tabview_bug706430.js | single groupItem has two children - Got 1, expected 2
philor
https://tbpl.mozilla.org/php/getParsedLog.php?id=9613870&tree=Mozilla-Inbound
Rev3 MacOSX Leopard 10.5.8 mozilla-inbound debug test mochitest-other on 2012-02-24 17:10:35

TEST-UNEXPECTED-FAIL | chrome://mochitests/content/browser/browser/components/tabview/test/browser_tabview_bug706430.js | one groupItem - Got 2, expected 1
TEST-UNEXPECTED-FAIL | chrome://mochitests/content/browser/browser/components/tabview/test/browser_tabview_bug706430.js | single groupItem has two children - Got 1, expected 2
philor
https://tbpl.mozilla.org/php/getParsedLog.php?id=9626448&tree=Mozilla-Aurora
Rev4 MacOSX Snow Leopard 10.6 mozilla-aurora opt test mochitest-other on 2012-02-25 07:39:37

TEST-UNEXPECTED-FAIL | chrome://mochitests/content/browser/browser/components/tabview/test/browser_tabview_bug706430.js | one groupItem - Got 2, expected 1
TEST-UNEXPECTED-FAIL | chrome://mochitests/content/browser/browser/components/tabview/test/browser_tabview_bug706430.js | single groupItem has two children - Got 1, expected 2
nnethercote
https://tbpl.mozilla.org/php/getParsedLog.php?id=9648267&tree=Try
Rev3 WINNT 6.1 try debug test mochitest-other on 2012-02-26 20:14:46

TEST-UNEXPECTED-FAIL | chrome://mochitests/content/browser/browser/components/tabview/test/browser_tabview_bug706430.js | one groupItem - Got 2, expected 1
TEST-UNEXPECTED-FAIL | chrome://mochitests/content/browser/browser/components/tabview/test/browser_tabview_bug706430.js | single groupItem has two children - Got 1, expected 2
ttaubert
https://tbpl.mozilla.org/php/getParsedLog.php?id=9643427&tree=Fx-Team
Rev3 Fedora 12x64 fx-team debug test mochitest-other on 2012-02-26 13:59:46

TEST-UNEXPECTED-FAIL | chrome://mochitests/content/browser/browser/components/tabview/test/browser_tabview_bug706430.js | one groupItem - Got 2, expected 1
TEST-UNEXPECTED-FAIL | chrome://mochitests/content/browser/browser/components/tabview/test/browser_tabview_bug706430.js | single groupItem has two children - Got 1, expected 2
philor
https://tbpl.mozilla.org/php/getParsedLog.php?id=9650810&tree=Mozilla-Inbound
Rev3 WINNT 6.1 mozilla-inbound debug test mochitest-other on 2012-02-26 23:15:10

TEST-UNEXPECTED-FAIL | chrome://mochitests/content/browser/browser/components/tabview/test/browser_tabview_bug706430.js | one groupItem - Got 2, expected 1
TEST-UNEXPECTED-FAIL | chrome://mochitests/content/browser/browser/components/tabview/test/browser_tabview_bug706430.js | single groupItem has two children - Got 1, expected 2
philor
https://tbpl.mozilla.org/php/getParsedLog.php?id=9656619&tree=Mozilla-Inbound
Rev3 WINNT 6.1 mozilla-inbound debug test mochitest-other on 2012-02-27 06:34:22

TEST-UNEXPECTED-FAIL | chrome://mochitests/content/browser/browser/components/tabview/test/browser_tabview_bug706430.js | one groupItem - Got 2, expected 1
TEST-UNEXPECTED-FAIL | chrome://mochitests/content/browser/browser/components/tabview/test/browser_tabview_bug706430.js | single groupItem has two children - Got 1, expected 2
philor
https://tbpl.mozilla.org/php/getParsedLog.php?id=9657846&tree=Mozilla-Aurora
Rev4 MacOSX Snow Leopard 10.6 mozilla-aurora opt test mochitest-other on 2012-02-27 07:32:20

31705 ERROR TEST-UNEXPECTED-FAIL | chrome://mochitests/content/chrome/widget/tests/test_bug343416.xul | We added a listener and it should have been called by now.
TEST-UNEXPECTED-FAIL | chrome://mochitests/content/browser/browser/components/tabview/test/browser_tabview_bug706430.js | one groupItem - Got 2, expected 1
TEST-UNEXPECTED-FAIL | chrome://mochitests/content/browser/browser/components/tabview/test/browser_tabview_bug706430.js | single groupItem has two children - Got 1, expected 2
philor
https://tbpl.mozilla.org/php/getParsedLog.php?id=9667516&tree=Mozilla-Beta
Rev3 Fedora 12 mozilla-beta debug test mochitest-other on 2012-02-27 13:59:25

TEST-UNEXPECTED-FAIL | chrome://mochitests/content/browser/browser/components/tabview/test/browser_tabview_bug706430.js | one groupItem - Got 2, expected 1
TEST-UNEXPECTED-FAIL | chrome://mochitests/content/browser/browser/components/tabview/test/browser_tabview_bug706430.js | single groupItem has two children - Got 1, expected 2
philor
https://tbpl.mozilla.org/php/getParsedLog.php?id=9696101&tree=Mozilla-Inbound
Rev3 Fedora 12 mozilla-inbound debug test mochitest-other on 2012-02-28 11:18:19

TEST-UNEXPECTED-FAIL | chrome://mochitests/content/browser/browser/components/tabview/test/browser_tabview_bug706430.js | one groupItem - Got 2, expected 1
TEST-UNEXPECTED-FAIL | chrome://mochitests/content/browser/browser/components/tabview/test/browser_tabview_bug706430.js | single groupItem has two children - Got 1, expected 2
wesj
https://tbpl.mozilla.org/php/getParsedLog.php?id=9758106&tree=Try
Rev3 Fedora 12x64 try debug test mochitest-other on 2012-03-01 16:06:35

TEST-UNEXPECTED-FAIL | chrome://mochitests/content/browser/browser/components/tabview/test/browser_tabview_bug706430.js | one groupItem - Got 2, expected 1
TEST-UNEXPECTED-FAIL | chrome://mochitests/content/browser/browser/components/tabview/test/browser_tabview_bug706430.js | single groupItem has two children - Got 1, expected 2
mbrubeck
https://tbpl.mozilla.org/php/getParsedLog.php?id=9776261&tree=Firefox
Rev3 WINNT 6.1 mozilla-central debug test mochitest-other on 2012-03-02 08:05:30

TEST-UNEXPECTED-FAIL | chrome://mochitests/content/browser/browser/components/tabview/test/browser_tabview_bug706430.js | one groupItem - Got 3, expected 1
TEST-UNEXPECTED-FAIL | chrome://mochitests/content/browser/browser/components/tabview/test/browser_tabview_bug706430.js | single groupItem has two children - Got 0, expected 2
ryanvm%gmail.com
https://tbpl.mozilla.org/php/getParsedLog.php?id=9795928&tree=Mozilla-Inbound
Rev3 WINNT 5.1 mozilla-inbound debug test mochitest-other on 2012-03-03 04:40:48

TEST-UNEXPECTED-FAIL | chrome://mochitests/content/browser/browser/components/tabview/test/browser_tabview_bug706430.js | one groupItem - Got 3, expected 1
TEST-UNEXPECTED-FAIL | chrome://mochitests/content/browser/browser/components/tabview/test/browser_tabview_bug706430.js | single groupItem has two children - Got 0, expected 2
TEST-UNEXPECTED-FAIL | automationutils.processLeakLog() | leaked 332 bytes during test execution
TEST-UNEXPECTED-FAIL | automationutils.processLeakLog() | leaked 1 instance of CondVar with size 16 bytes
TEST-UNEXPECTED-FAIL | automationutils.processLeakLog() | leaked 1 instance of Mutex with size 12 bytes
TEST-UNEXPECTED-FAIL | automationutils.processLeakLog() | leaked 1 instance of nsCacheEntryHashTable with size 36 bytes
TEST-UNEXPECTED-FAIL | automationutils.processLeakLog() | leaked 1 instance of nsCacheService with size 148 bytes
TEST-UNEXPECTED-FAIL | automationutils.processLeakLog() | leaked 1 instance of nsDiskCacheBinding with size 52 bytes
ryanvm%gmail.com
https://tbpl.mozilla.org/php/getParsedLog.php?id=9797552&tree=Mozilla-Inbound
Rev3 Fedora 12 mozilla-inbound debug test mochitest-other on 2012-03-03 06:12:32

TEST-UNEXPECTED-FAIL | chrome://mochitests/content/browser/browser/components/tabview/test/browser_tabview_bug706430.js | one groupItem - Got 2, expected 1
TEST-UNEXPECTED-FAIL | chrome://mochitests/content/browser/browser/components/tabview/test/browser_tabview_bug706430.js | single groupItem has two children - Got 1, expected 2
ryanvm%gmail.com
https://tbpl.mozilla.org/php/getParsedLog.php?id=9798351&tree=Mozilla-Inbound
Rev3 WINNT 6.1 mozilla-inbound debug test mochitest-other on 2012-03-03 06:55:45

TEST-UNEXPECTED-FAIL | chrome://mochitests/content/browser/browser/components/tabview/test/browser_tabview_bug706430.js | one groupItem - Got 3, expected 1
TEST-UNEXPECTED-FAIL | chrome://mochitests/content/browser/browser/components/tabview/test/browser_tabview_bug706430.js | single groupItem has two children - Got 0, expected 2
philor
https://tbpl.mozilla.org/php/getParsedLog.php?id=9801565&tree=Mozilla-Inbound
Rev3 Fedora 12 mozilla-inbound debug test mochitest-other on 2012-03-03 13:56:34

TEST-UNEXPECTED-FAIL | chrome://mochitests/content/browser/browser/components/tabview/test/browser_tabview_bug706430.js | one groupItem - Got 2, expected 1
TEST-UNEXPECTED-FAIL | chrome://mochitests/content/browser/browser/components/tabview/test/browser_tabview_bug706430.js | single groupItem has two children - Got 1, expected 2
edmorley
https://tbpl.mozilla.org/php/getParsedLog.php?id=9808804&tree=Firefox
Rev3 Fedora 12 mozilla-central opt test mochitest-other on 2012-03-04 07:11:56

TEST-UNEXPECTED-FAIL | chrome://mochitests/content/browser/browser/components/tabview/test/browser_tabview_bug706430.js | one groupItem - Got 2, expected 1
TEST-UNEXPECTED-FAIL | chrome://mochitests/content/browser/browser/components/tabview/test/browser_tabview_bug706430.js | single groupItem has two children - Got 1, expected 2
philor
https://tbpl.mozilla.org/php/getParsedLog.php?id=9813482&tree=Fx-Team
Rev3 WINNT 6.1 fx-team debug test mochitest-other on 2012-03-04 14:49:42

TEST-UNEXPECTED-FAIL | chrome://mochitests/content/browser/browser/components/tabview/test/browser_tabview_bug706430.js | one groupItem - Got 2, expected 1
TEST-UNEXPECTED-FAIL | chrome://mochitests/content/browser/browser/components/tabview/test/browser_tabview_bug706430.js | single groupItem has two children - Got 1, expected 2
philor
https://tbpl.mozilla.org/php/getParsedLog.php?id=9836788&tree=Mozilla-Beta
Rev3 MacOSX Leopard 10.5.8 mozilla-beta debug test mochitest-other on 2012-03-05 16:48:33

TEST-UNEXPECTED-FAIL | chrome://mochitests/content/browser/browser/components/tabview/test/browser_tabview_bug706430.js | one groupItem - Got 2, expected 1
TEST-UNEXPECTED-FAIL | chrome://mochitests/content/browser/browser/components/tabview/test/browser_tabview_bug706430.js | single groupItem has two children - Got 1, expected 2
msucan
https://tbpl.mozilla.org/php/getParsedLog.php?id=9830454&tree=Try
Rev3 Fedora 12 try debug test mochitest-other on 2012-03-05 12:50:35

TEST-UNEXPECTED-FAIL | chrome://mochitests/content/browser/browser/components/tabview/test/browser_tabview_bug706430.js | one groupItem - Got 2, expected 1
TEST-UNEXPECTED-FAIL | chrome://mochitests/content/browser/browser/components/tabview/test/browser_tabview_bug706430.js | single groupItem has two children - Got 1, expected 2
mbrubeck
https://tbpl.mozilla.org/php/getParsedLog.php?id=9863500&tree=Mozilla-Inbound
Rev3 WINNT 6.1 mozilla-inbound debug test mochitest-other on 2012-03-06 14:05:32

TEST-UNEXPECTED-FAIL | chrome://mochitests/content/browser/browser/components/tabview/test/browser_tabview_bug706430.js | one groupItem - Got 2, expected 1
TEST-UNEXPECTED-FAIL | chrome://mochitests/content/browser/browser/components/tabview/test/browser_tabview_bug706430.js | single groupItem has two children - Got 1, expected 2
TEST-UNEXPECTED-FAIL | automationutils.processLeakLog() | leaked 332 bytes during test execution
TEST-UNEXPECTED-FAIL | automationutils.processLeakLog() | leaked 1 instance of CondVar with size 16 bytes
TEST-UNEXPECTED-FAIL | automationutils.processLeakLog() | leaked 1 instance of Mutex with size 12 bytes
TEST-UNEXPECTED-FAIL | automationutils.processLeakLog() | leaked 1 instance of nsCacheEntryHashTable with size 36 bytes
TEST-UNEXPECTED-FAIL | automationutils.processLeakLog() | leaked 1 instance of nsCacheService with size 148 bytes
TEST-UNEXPECTED-FAIL | automationutils.processLeakLog() | leaked 1 instance of nsDiskCacheBinding with size 52 bytes
mbrubeck
https://tbpl.mozilla.org/php/getParsedLog.php?id=9863499&tree=Mozilla-Inbound
Rev3 Fedora 12 mozilla-inbound opt test mochitest-other on 2012-03-06 14:30:59

TEST-UNEXPECTED-FAIL | chrome://mochitests/content/browser/browser/components/tabview/test/browser_tabview_bug706430.js | one groupItem - Got 3, expected 1
TEST-UNEXPECTED-FAIL | chrome://mochitests/content/browser/browser/components/tabview/test/browser_tabview_bug706430.js | single groupItem has two children - Got 0, expected 2
philor
https://tbpl.mozilla.org/php/getParsedLog.php?id=9868115&tree=Mozilla-Inbound
Rev3 Fedora 12 mozilla-inbound opt test mochitest-other on 2012-03-06 17:22:13

TEST-UNEXPECTED-FAIL | chrome://mochitests/content/browser/browser/components/tabview/test/browser_tabview_bug706430.js | one groupItem - Got 2, expected 1
TEST-UNEXPECTED-FAIL | chrome://mochitests/content/browser/browser/components/tabview/test/browser_tabview_bug706430.js | single groupItem has two children - Got 1, expected 2
TEST-UNEXPECTED-FAIL | chrome://mochitests/content/browser/toolkit/components/startup/tests/browser/browser_bug537449.js | an unexpected uncaught JS exception reported through window.onerror - uncaught exception: [Exception... "Component returned failure code: 0x80004005 (NS_ERROR_FAILURE) [nsITypeAheadFind.setDocShell]"  nsresult: "0x80004005 (NS_ERROR_FAILURE)"  location: "JS frame :: chrome://browser/content/tabbrowser.xml :: updateCurrentBrowser :: line 905"  data: no] at :0
TEST-UNEXPECTED-FAIL | chrome://mochitests/content/browser/toolkit/components/startup/tests/browser/browser_bug537449.js | an unexpected uncaught JS exception reported through window.onerror - uncaught exception: [Exception... "Component returned failure code: 0x80004005 (NS_ERROR_FAILURE) [nsITypeAheadFind.setDocShell]"  nsresult: "0x80004005 (NS_ERROR_FAILURE)"  location: "JS frame :: chrome://global/content/bindings/browser.xml :: onPageHide :: line 599"  data: no] at :0
darktrojan
https://tbpl.mozilla.org/php/getParsedLog.php?id=9871244&tree=Mozilla-Inbound
Rev4 MacOSX Snow Leopard 10.6 mozilla-inbound debug test mochitest-other on 2012-03-06 18:32:42

TEST-UNEXPECTED-FAIL | chrome://mochitests/content/browser/browser/components/tabview/test/browser_tabview_bug706430.js | one groupItem - Got 2, expected 1
TEST-UNEXPECTED-FAIL | chrome://mochitests/content/browser/browser/components/tabview/test/browser_tabview_bug706430.js | single groupItem has two children - Got 1, expected 2
philor
https://tbpl.mozilla.org/php/getParsedLog.php?id=9871765&tree=Mozilla-Inbound
Rev4 MacOSX Snow Leopard 10.6 mozilla-inbound debug test mochitest-other on 2012-03-06 18:52:29

TEST-UNEXPECTED-FAIL | chrome://mochitests/content/browser/browser/components/tabview/test/browser_tabview_bug706430.js | one groupItem - Got 2, expected 1
TEST-UNEXPECTED-FAIL | chrome://mochitests/content/browser/browser/components/tabview/test/browser_tabview_bug706430.js | single groupItem has two children - Got 1, expected 2
ttaubert
https://tbpl.mozilla.org/php/getParsedLog.php?id=9879530&tree=Fx-Team
Rev3 WINNT 5.1 fx-team opt test mochitest-other on 2012-03-07 04:23:43

TEST-UNEXPECTED-FAIL | chrome://mochitests/content/browser/browser/components/tabview/test/browser_tabview_bug706430.js | one groupItem - Got 2, expected 1
TEST-UNEXPECTED-FAIL | chrome://mochitests/content/browser/browser/components/tabview/test/browser_tabview_bug706430.js | single groupItem has two children - Got 1, expected 2
philor
https://tbpl.mozilla.org/php/getParsedLog.php?id=9880589&tree=Mozilla-Inbound
Rev3 Fedora 12x64 mozilla-inbound debug test mochitest-other on 2012-03-07 04:55:32

TEST-UNEXPECTED-FAIL | chrome://mochitests/content/browser/browser/components/tabview/test/browser_tabview_bug706430.js | one groupItem - Got 3, expected 1
TEST-UNEXPECTED-FAIL | chrome://mochitests/content/browser/browser/components/tabview/test/browser_tabview_bug706430.js | single groupItem has two children - Got 0, expected 2
philor
https://tbpl.mozilla.org/php/getParsedLog.php?id=9890846&tree=Services-Central
Rev3 Fedora 12 services-central debug test mochitest-other on 2012-03-07 12:32:24

TEST-UNEXPECTED-FAIL | chrome://mochitests/content/browser/browser/components/tabview/test/browser_tabview_bug706430.js | one groupItem - Got 2, expected 1
TEST-UNEXPECTED-FAIL | chrome://mochitests/content/browser/browser/components/tabview/test/browser_tabview_bug706430.js | single groupItem has two children - Got 1, expected 2
ryanvm%gmail.com
https://tbpl.mozilla.org/php/getParsedLog.php?id=9894572&tree=Mozilla-Inbound
Rev4 MacOSX Snow Leopard 10.6 mozilla-inbound debug test mochitest-other on 2012-03-07 15:33:34

TEST-UNEXPECTED-FAIL | chrome://mochitests/content/browser/browser/components/tabview/test/browser_tabview_bug706430.js | one groupItem - Got 2, expected 1
TEST-UNEXPECTED-FAIL | chrome://mochitests/content/browser/browser/components/tabview/test/browser_tabview_bug706430.js | single groupItem has two children - Got 1, expected 2
philor
https://tbpl.mozilla.org/php/getParsedLog.php?id=9897998&tree=Mozilla-Inbound
Rev3 WINNT 6.1 mozilla-inbound debug test mochitest-other on 2012-03-07 17:11:20

TEST-UNEXPECTED-FAIL | chrome://mochitests/content/browser/browser/components/tabview/test/browser_tabview_bug706430.js | one groupItem - Got 2, expected 1
TEST-UNEXPECTED-FAIL | chrome://mochitests/content/browser/browser/components/tabview/test/browser_tabview_bug706430.js | single groupItem has two children - Got 1, expected 2
TEST-UNEXPECTED-FAIL | chrome://mochitests/content/browser/browser/devtools/debugger/test/browser_dbg_select-line.js | Test timed out
TEST-UNEXPECTED-FAIL | chrome://mochitests/content/browser/browser/devtools/debugger/test/browser_dbg_select-line.js | Found a tab after previous test timed out: http://example.com/browser/browser/devtools/debugger/test/browser_dbg_script-switching.html
TEST-UNEXPECTED-FAIL | ShutdownLeaks | leaked 135 DOMWindow(s) and 2 DocShell(s) until shutdown
philor
https://tbpl.mozilla.org/php/getParsedLog.php?id=9900485&tree=Mozilla-Inbound
Rev3 MacOSX Leopard 10.5.8 mozilla-inbound debug test mochitest-other on 2012-03-07 19:19:41

35486 ERROR TEST-UNEXPECTED-FAIL | chrome://mochitests/content/chrome/widget/tests/test_native_mouse_mac.xul | Test timed out.
35489 ERROR TEST-UNEXPECTED-FAIL | chrome://mochitests/content/chrome/widget/tests/test_platform_colors.xul | received event I didn't expect: {"type":"mouseout","target":"window","screenX":410,"screenY":180}
TEST-UNEXPECTED-FAIL | chrome://mochitests/content/browser/browser/components/tabview/test/browser_tabview_bug706430.js | one groupItem - Got 2, expected 1
TEST-UNEXPECTED-FAIL | chrome://mochitests/content/browser/browser/components/tabview/test/browser_tabview_bug706430.js | single groupItem has two children - Got 1, expected 2
philor
https://tbpl.mozilla.org/php/getParsedLog.php?id=9901165&tree=Mozilla-Inbound
Rev4 MacOSX Snow Leopard 10.6 mozilla-inbound debug test mochitest-other on 2012-03-07 19:50:22

31956 ERROR TEST-UNEXPECTED-FAIL | chrome://mochitests/content/chrome/widget/tests/test_bug596600.xul | box shouldn't be hovered
35525 ERROR TEST-UNEXPECTED-FAIL | chrome://mochitests/content/chrome/widget/tests/test_native_mouse_mac.xul | Test timed out.
35528 ERROR TEST-UNEXPECTED-FAIL | chrome://mochitests/content/chrome/widget/tests/test_platform_colors.xul | received event I didn't expect: {"type":"mouseout","target":"window","screenX":410,"screenY":180}
TEST-UNEXPECTED-FAIL | chrome://mochitests/content/browser/browser/components/tabview/test/browser_tabview_bug706430.js | one groupItem - Got 2, expected 1
TEST-UNEXPECTED-FAIL | chrome://mochitests/content/browser/browser/components/tabview/test/browser_tabview_bug706430.js | single groupItem has two children - Got 1, expected 2
Ms2ger%gmail.com
https://tbpl.mozilla.org/php/getParsedLog.php?id=9890526&tree=Try
Rev3 Fedora 12 try debug test mochitest-other on 2012-03-07 12:18:21

TEST-UNEXPECTED-FAIL | chrome://mochitests/content/browser/browser/components/tabview/test/browser_tabview_bug706430.js | one groupItem - Got 2, expected 1
TEST-UNEXPECTED-FAIL | chrome://mochitests/content/browser/browser/components/tabview/test/browser_tabview_bug706430.js | single groupItem has two children - Got 1, expected 2
philor
https://tbpl.mozilla.org/php/getParsedLog.php?id=9887454&tree=Fx-Team
Rev3 WINNT 5.1 fx-team debug test mochitest-other on 2012-03-07 10:02:27

TEST-UNEXPECTED-FAIL | chrome://mochitests/content/browser/browser/components/tabview/test/browser_tabview_bug706430.js | one groupItem - Got 3, expected 1
TEST-UNEXPECTED-FAIL | chrome://mochitests/content/browser/browser/components/tabview/test/browser_tabview_bug706430.js | single groupItem has two children - Got 0, expected 2
philor
https://tbpl.mozilla.org/php/getParsedLog.php?id=9912662&tree=Mozilla-Inbound
Rev3 Fedora 12 mozilla-inbound debug test mochitest-other on 2012-03-08 08:37:38

TEST-UNEXPECTED-FAIL | chrome://mochitests/content/browser/browser/components/tabview/test/browser_tabview_bug706430.js | one groupItem - Got 3, expected 1
TEST-UNEXPECTED-FAIL | chrome://mochitests/content/browser/browser/components/tabview/test/browser_tabview_bug706430.js | single groupItem has two children - Got 0, expected 2
edmorley
https://tbpl.mozilla.org/php/getParsedLog.php?id=9919390&tree=Mozilla-Inbound
Rev3 Fedora 12 mozilla-inbound debug test mochitest-other on 2012-03-08 12:38:19

TEST-UNEXPECTED-FAIL | chrome://mochitests/content/browser/browser/components/tabview/test/browser_tabview_bug706430.js | one groupItem - Got 2, expected 1
TEST-UNEXPECTED-FAIL | chrome://mochitests/content/browser/browser/components/tabview/test/browser_tabview_bug706430.js | single groupItem has two children - Got 1, expected 2
ryanvm%gmail.com
https://tbpl.mozilla.org/php/getParsedLog.php?id=9922401&tree=Mozilla-Inbound
Rev3 Fedora 12 mozilla-inbound debug test mochitest-other on 2012-03-08 14:42:09

TEST-UNEXPECTED-FAIL | chrome://mochitests/content/browser/browser/components/tabview/test/browser_tabview_bug706430.js | one groupItem - Got 2, expected 1
TEST-UNEXPECTED-FAIL | chrome://mochitests/content/browser/browser/components/tabview/test/browser_tabview_bug706430.js | single groupItem has two children - Got 1, expected 2
ryanvm%gmail.com
https://tbpl.mozilla.org/php/getParsedLog.php?id=9923173&tree=Mozilla-Inbound
Rev3 Fedora 12 mozilla-inbound debug test mochitest-other on 2012-03-08 15:10:25

TEST-UNEXPECTED-FAIL | chrome://mochitests/content/browser/browser/components/tabview/test/browser_tabview_bug706430.js | one groupItem - Got 3, expected 1
TEST-UNEXPECTED-FAIL | chrome://mochitests/content/browser/browser/components/tabview/test/browser_tabview_bug706430.js | single groupItem has two children - Got 0, expected 2
philor
https://tbpl.mozilla.org/php/getParsedLog.php?id=9926294&tree=Mozilla-Inbound
Rev3 WINNT 6.1 mozilla-inbound debug test mochitest-other on 2012-03-08 17:02:06

TEST-UNEXPECTED-FAIL | chrome://mochitests/content/browser/browser/components/tabview/test/browser_tabview_bug706430.js | one groupItem - Got 3, expected 1
TEST-UNEXPECTED-FAIL | chrome://mochitests/content/browser/browser/components/tabview/test/browser_tabview_bug706430.js | single groupItem has two children - Got 0, expected 2
philor
https://tbpl.mozilla.org/php/getParsedLog.php?id=9927603&tree=Mozilla-Inbound
Rev3 WINNT 6.1 mozilla-inbound debug test mochitest-other on 2012-03-08 17:53:49

13156 ERROR TEST-UNEXPECTED-FAIL | chrome://mochitests/content/chrome/layout/xul/test/test_bug159346.xul | scrollbar didn't change curpos by mousemove after cursor is back on the scrollbar button #3
TEST-UNEXPECTED-FAIL | chrome://mochitests/content/browser/browser/components/tabview/test/browser_tabview_bug706430.js | one groupItem - Got 2, expected 1
TEST-UNEXPECTED-FAIL | chrome://mochitests/content/browser/browser/components/tabview/test/browser_tabview_bug706430.js | single groupItem has two children - Got 1, expected 2
ryanvm%gmail.com
https://tbpl.mozilla.org/php/getParsedLog.php?id=9958035&tree=Mozilla-Inbound
Rev3 WINNT 6.1 mozilla-inbound debug test mochitest-other on 2012-03-09 16:58:19

TEST-UNEXPECTED-FAIL | chrome://mochitests/content/browser/browser/components/tabview/test/browser_tabview_bug706430.js | one groupItem - Got 2, expected 1
TEST-UNEXPECTED-FAIL | chrome://mochitests/content/browser/browser/components/tabview/test/browser_tabview_bug706430.js | single groupItem has two children - Got 1, expected 2
billm
https://tbpl.mozilla.org/php/getParsedLog.php?id=9961685&tree=Try
Rev3 WINNT 6.1 try debug test mochitest-other on 2012-03-09 20:14:46

TEST-UNEXPECTED-FAIL | chrome://mochitests/content/browser/browser/components/tabview/test/browser_tabview_bug706430.js | one groupItem - Got 2, expected 1
TEST-UNEXPECTED-FAIL | chrome://mochitests/content/browser/browser/components/tabview/test/browser_tabview_bug706430.js | single groupItem has two children - Got 1, expected 2
philor
https://tbpl.mozilla.org/php/getParsedLog.php?id=9923984&tree=Services-Central
Rev3 Fedora 12 services-central debug test mochitest-other on 2012-03-08 15:42:32

TEST-UNEXPECTED-FAIL | automationutils.processLeakLog() | leaked 16 bytes during test execution
TEST-UNEXPECTED-FAIL | automationutils.processLeakLog() | leaked 1 instance of GenericFactory with size 16 bytes
TEST-UNEXPECTED-FAIL | chrome://mochitests/content/browser/browser/components/tabview/test/browser_tabview_bug706430.js | one groupItem - Got 3, expected 1
TEST-UNEXPECTED-FAIL | chrome://mochitests/content/browser/browser/components/tabview/test/browser_tabview_bug706430.js | single groupItem has two children - Got 0, expected 2
philor
https://tbpl.mozilla.org/php/getParsedLog.php?id=9962243&tree=Mozilla-Inbound
Rev3 Fedora 12 mozilla-inbound opt test mochitest-other on 2012-03-09 21:34:25

TEST-UNEXPECTED-FAIL | chrome://mochitests/content/browser/browser/components/tabview/test/browser_tabview_bug706430.js | one groupItem - Got 2, expected 1
TEST-UNEXPECTED-FAIL | chrome://mochitests/content/browser/browser/components/tabview/test/browser_tabview_bug706430.js | single groupItem has two children - Got 1, expected 2
philor
https://tbpl.mozilla.org/php/getParsedLog.php?id=9961913&tree=Mozilla-Inbound
Rev3 Fedora 12 mozilla-inbound debug test mochitest-other on 2012-03-09 20:45:44

TEST-UNEXPECTED-FAIL | chrome://mochitests/content/browser/browser/components/tabview/test/browser_tabview_bug706430.js | one groupItem - Got 2, expected 1
TEST-UNEXPECTED-FAIL | chrome://mochitests/content/browser/browser/components/tabview/test/browser_tabview_bug706430.js | single groupItem has two children - Got 1, expected 2
mak77%bonardo.net
https://tbpl.mozilla.org/php/getParsedLog.php?id=9964855&tree=Firefox
Rev3 Fedora 12 mozilla-central debug test mochitest-other on 2012-03-10 00:35:43

TEST-UNEXPECTED-FAIL | chrome://mochitests/content/browser/browser/components/tabview/test/browser_tabview_bug706430.js | one groupItem - Got 3, expected 1
TEST-UNEXPECTED-FAIL | chrome://mochitests/content/browser/browser/components/tabview/test/browser_tabview_bug706430.js | single groupItem has two children - Got 0, expected 2
ryanvm%gmail.com
https://tbpl.mozilla.org/php/getParsedLog.php?id=9982301&tree=Mozilla-Inbound
Rev3 WINNT 6.1 mozilla-inbound debug test mochitest-other on 2012-03-10 18:53:19

TEST-UNEXPECTED-FAIL | chrome://mochitests/content/browser/browser/components/tabview/test/browser_tabview_bug706430.js | one groupItem - Got 2, expected 1
TEST-UNEXPECTED-FAIL | chrome://mochitests/content/browser/browser/components/tabview/test/browser_tabview_bug706430.js | single groupItem has two children - Got 1, expected 2
philor
https://tbpl.mozilla.org/php/getParsedLog.php?id=9979181&tree=Services-Central
Rev3 Fedora 12 services-central pgo test mochitest-other on 2012-03-10 14:47:41

TEST-UNEXPECTED-FAIL | chrome://mochitests/content/browser/browser/components/tabview/test/browser_tabview_bug706430.js | one groupItem - Got 2, expected 1
TEST-UNEXPECTED-FAIL | chrome://mochitests/content/browser/browser/components/tabview/test/browser_tabview_bug706430.js | single groupItem has two children - Got 1, expected 2
ttaubert
https://tbpl.mozilla.org/php/getParsedLog.php?id=9989068&tree=Try
Rev3 Fedora 12 try opt test mochitest-other on 2012-03-11 12:01:51

TEST-UNEXPECTED-FAIL | chrome://mochitests/content/browser/browser/components/tabview/test/browser_tabview_bug706430.js | one groupItem - Got 2, expected 1
TEST-UNEXPECTED-FAIL | chrome://mochitests/content/browser/browser/components/tabview/test/browser_tabview_bug706430.js | single groupItem has two children - Got 1, expected 2

https://tbpl.mozilla.org/php/getParsedLog.php?id=9986383&tree=Try
Rev3 MacOSX Leopard 10.5.8 try debug test mochitest-other on 2012-03-11 06:19:23

TEST-UNEXPECTED-FAIL | chrome://mochitests/content/browser/browser/components/tabview/test/browser_tabview_bug706430.js | one groupItem - Got 2, expected 1
TEST-UNEXPECTED-FAIL | chrome://mochitests/content/browser/browser/components/tabview/test/browser_tabview_bug706430.js | single groupItem has two children - Got 1, expected 2
kaie
https://tbpl.mozilla.org/php/getParsedLog.php?id=9986383&tree=Try
Rev3 MacOSX Leopard 10.5.8 try debug test mochitest-other on 2012-03-11 06:19:23

TEST-UNEXPECTED-FAIL | chrome://mochitests/content/browser/browser/components/tabview/test/browser_tabview_bug706430.js | one groupItem - Got 2, expected 1
TEST-UNEXPECTED-FAIL | chrome://mochitests/content/browser/browser/components/tabview/test/browser_tabview_bug706430.js | single groupItem has two children - Got 1, expected 2
ttaubert
https://tbpl.mozilla.org/php/getParsedLog.php?id=9997976&tree=Fx-Team
Rev3 WINNT 6.1 fx-team debug test mochitest-other on 2012-03-12 03:37:48

TEST-UNEXPECTED-FAIL | chrome://mochitests/content/browser/browser/components/tabview/test/browser_tabview_bug706430.js | one groupItem - Got 3, expected 1
TEST-UNEXPECTED-FAIL | chrome://mochitests/content/browser/browser/components/tabview/test/browser_tabview_bug706430.js | single groupItem has two children - Got 0, expected 2
TEST-UNEXPECTED-FAIL | automationutils.processLeakLog() | leaked 332 bytes during test execution
TEST-UNEXPECTED-FAIL | automationutils.processLeakLog() | leaked 1 instance of CondVar with size 16 bytes
TEST-UNEXPECTED-FAIL | automationutils.processLeakLog() | leaked 1 instance of Mutex with size 12 bytes
TEST-UNEXPECTED-FAIL | automationutils.processLeakLog() | leaked 1 instance of nsCacheEntryHashTable with size 36 bytes
TEST-UNEXPECTED-FAIL | automationutils.processLeakLog() | leaked 1 instance of nsCacheService with size 148 bytes
TEST-UNEXPECTED-FAIL | automationutils.processLeakLog() | leaked 1 instance of nsDiskCacheBinding with size 52 bytes
edmorley
https://tbpl.mozilla.org/php/getParsedLog.php?id=9997801&tree=Mozilla-Inbound
Rev3 Fedora 12 mozilla-inbound pgo test mochitest-other on 2012-03-12 03:52:40

TEST-UNEXPECTED-FAIL | chrome://mochitests/content/browser/browser/components/tabview/test/browser_tabview_bug706430.js | one groupItem - Got 2, expected 1
TEST-UNEXPECTED-FAIL | chrome://mochitests/content/browser/browser/components/tabview/test/browser_tabview_bug706430.js | single groupItem has two children - Got 1, expected 2
TEST-UNEXPECTED-FAIL | chrome://mochitests/content/browser/browser/devtools/debugger/test/browser_dbg_select-line.js | The correct script was loaded initially.
TEST-UNEXPECTED-FAIL | chrome://mochitests/content/browser/browser/devtools/debugger/test/browser_dbg_select-line.js | The correct line is selected. - Got 0, expected 5
TEST-UNEXPECTED-FAIL | chrome://mochitests/content/browser/browser/devtools/debugger/test/browser_dbg_select-line.js | The first script is displayed.
TEST-UNEXPECTED-FAIL | chrome://mochitests/content/browser/browser/devtools/debugger/test/browser_dbg_select-line.js | The correct line is selected. - Got 0, expected 4
philor
https://tbpl.mozilla.org/php/getParsedLog.php?id=10009095&tree=Mozilla-Inbound
Rev3 Fedora 12 mozilla-inbound debug test mochitest-other on 2012-03-12 12:27:54

13078 ERROR TEST-UNEXPECTED-FAIL | chrome://mochitests/content/chrome/layout/xul/test/test_bug159346.xul | scrollbar didn't change curpos by mousemove after cursor is back on the scrollbar button #3
TEST-UNEXPECTED-FAIL | chrome://mochitests/content/browser/browser/components/tabview/test/browser_tabview_bug706430.js | one groupItem - Got 2, expected 1
TEST-UNEXPECTED-FAIL | chrome://mochitests/content/browser/browser/components/tabview/test/browser_tabview_bug706430.js | single groupItem has two children - Got 1, expected 2
philor
https://tbpl.mozilla.org/php/getParsedLog.php?id=10023143&tree=Mozilla-Inbound
Rev3 WINNT 6.1 mozilla-inbound debug test mochitest-other on 2012-03-12 21:07:47

TEST-UNEXPECTED-FAIL | chrome://mochitests/content/browser/browser/components/tabview/test/browser_tabview_bug706430.js | one groupItem - Got 2, expected 1
TEST-UNEXPECTED-FAIL | chrome://mochitests/content/browser/browser/components/tabview/test/browser_tabview_bug706430.js | single groupItem has two children - Got 1, expected 2
billm
https://tbpl.mozilla.org/php/getParsedLog.php?id=10023363&tree=Try
Rev3 WINNT 6.1 try debug test mochitest-other on 2012-03-12 21:17:15

TEST-UNEXPECTED-FAIL | chrome://mochitests/content/browser/browser/components/tabview/test/browser_tabview_bug706430.js | one groupItem - Got 2, expected 1
TEST-UNEXPECTED-FAIL | chrome://mochitests/content/browser/browser/components/tabview/test/browser_tabview_bug706430.js | single groupItem has two children - Got 1, expected 2
philor
https://tbpl.mozilla.org/php/getParsedLog.php?id=10023377&tree=Mozilla-Inbound
Rev3 WINNT 6.1 mozilla-inbound debug test mochitest-other on 2012-03-12 21:19:20

TEST-UNEXPECTED-FAIL | chrome://mochitests/content/browser/browser/components/tabview/test/browser_tabview_bug706430.js | one groupItem - Got 2, expected 1
TEST-UNEXPECTED-FAIL | chrome://mochitests/content/browser/browser/components/tabview/test/browser_tabview_bug706430.js | single groupItem has two children - Got 1, expected 2
TEST-UNEXPECTED-FAIL | automationutils.processLeakLog() | leaked 1573383 bytes during test execution
TEST-UNEXPECTED-FAIL | automationutils.processLeakLog() | leaked 1 instance of AsyncStatement with size 48 bytes
TEST-UNEXPECTED-FAIL | automationutils.processLeakLog() | leaked 1562 instances of AtomImpl with size 24 bytes each (37488 bytes total)
TEST-UNEXPECTED-FAIL | automationutils.processLeakLog() | leaked 1 instance of BackstagePass with size 24 bytes
TEST-UNEXPECTED-FAIL | automationutils.processLeakLog() | leaked 1 instance of CalculateFrecencyFunction with size 12 bytes
TEST-UNEXPECTED-FAIL | automationutils.processLeakLog() | leaked 324 instances of CompositeDataSourceImpl with size 64 bytes each (20736 bytes total)
dholbert
https://tbpl.mozilla.org/php/getParsedLog.php?id=10025916&tree=Mozilla-Inbound
Rev3 WINNT 6.1 mozilla-inbound debug test mochitest-other on 2012-03-13 00:21:19

TEST-UNEXPECTED-FAIL | chrome://mochitests/content/browser/browser/components/tabview/test/browser_tabview_bug706430.js | one groupItem - Got 2, expected 1
TEST-UNEXPECTED-FAIL | chrome://mochitests/content/browser/browser/components/tabview/test/browser_tabview_bug706430.js | single groupItem has two children - Got 1, expected 2
mak77%bonardo.net
https://tbpl.mozilla.org/php/getParsedLog.php?id=10029962&tree=Mozilla-Inbound
Rev3 Fedora 12 mozilla-inbound pgo test mochitest-other on 2012-03-13 05:02:14

TEST-UNEXPECTED-FAIL | chrome://mochitests/content/browser/browser/components/tabview/test/browser_tabview_bug706430.js | one groupItem - Got 2, expected 1
TEST-UNEXPECTED-FAIL | chrome://mochitests/content/browser/browser/components/tabview/test/browser_tabview_bug706430.js | single groupItem has two children - Got 1, expected 2
philor
https://tbpl.mozilla.org/php/getParsedLog.php?id=10034744&tree=Mozilla-Inbound
Rev3 WINNT 6.1 mozilla-inbound debug test mochitest-other on 2012-03-13 08:36:19

TEST-UNEXPECTED-FAIL | chrome://mochitests/content/browser/browser/components/tabview/test/browser_tabview_bug706430.js | one groupItem - Got 3, expected 1
TEST-UNEXPECTED-FAIL | chrome://mochitests/content/browser/browser/components/tabview/test/browser_tabview_bug706430.js | single groupItem has two children - Got 0, expected 2
philor
https://tbpl.mozilla.org/php/getParsedLog.php?id=10038272&tree=Mozilla-Inbound
Rev3 Fedora 12 mozilla-inbound debug test mochitest-other on 2012-03-13 10:49:13

TEST-UNEXPECTED-FAIL | chrome://mochitests/content/browser/browser/components/tabview/test/browser_tabview_bug706430.js | one groupItem - Got 2, expected 1
TEST-UNEXPECTED-FAIL | chrome://mochitests/content/browser/browser/components/tabview/test/browser_tabview_bug706430.js | single groupItem has two children - Got 1, expected 2
sgautherie
https://tbpl.mozilla.org/php/getParsedLog.php?id=10038075&tree=Firefox
Rev4 MacOSX Snow Leopard 10.6 mozilla-central debug test mochitest-other on 2012-03-13 10:42:28

35539 ERROR TEST-UNEXPECTED-FAIL | chrome://mochitests/content/chrome/widget/tests/test_native_mouse_mac.xul | Test timed out.
35542 ERROR TEST-UNEXPECTED-FAIL | chrome://mochitests/content/chrome/widget/tests/test_platform_colors.xul | received event I didn't expect: {"type":"mouseout","target":"window","screenX":410,"screenY":180}
TEST-UNEXPECTED-FAIL | chrome://mochitests/content/browser/browser/components/tabview/test/browser_tabview_bug706430.js | one groupItem - Got 2, expected 1
TEST-UNEXPECTED-FAIL | chrome://mochitests/content/browser/browser/components/tabview/test/browser_tabview_bug706430.js | single groupItem has two children - Got 1, expected 2
philor
https://tbpl.mozilla.org/php/getParsedLog.php?id=10040849&tree=Firefox
Rev3 WINNT 5.1 mozilla-central debug test mochitest-other on 2012-03-13 12:34:08

TEST-UNEXPECTED-FAIL | chrome://mochitests/content/browser/browser/components/tabview/test/browser_tabview_bug706430.js | one groupItem - Got 2, expected 1
TEST-UNEXPECTED-FAIL | chrome://mochitests/content/browser/browser/components/tabview/test/browser_tabview_bug706430.js | single groupItem has two children - Got 1, expected 2
jacek
https://tbpl.mozilla.org/php/getParsedLog.php?id=10060064&tree=Mozilla-Inbound
Rev3 Fedora 12 mozilla-inbound debug test mochitest-other on 2012-03-14 05:49:17

TEST-UNEXPECTED-FAIL | chrome://mochitests/content/browser/browser/components/tabview/test/browser_tabview_bug706430.js | one groupItem - Got 2, expected 1
TEST-UNEXPECTED-FAIL | chrome://mochitests/content/browser/browser/components/tabview/test/browser_tabview_bug706430.js | single groupItem has two children - Got 1, expected 2
edmorley
https://tbpl.mozilla.org/php/getParsedLog.php?id=10067256&tree=Mozilla-Inbound
Rev3 Fedora 12 mozilla-inbound debug test mochitest-other on 2012-03-14 11:25:00

13079 ERROR TEST-UNEXPECTED-FAIL | chrome://mochitests/content/chrome/layout/xul/test/test_bug159346.xul | scrollbar didn't change curpos by mousemove after cursor is back on the scrollbar button #3
TEST-UNEXPECTED-FAIL | chrome://mochitests/content/browser/browser/components/tabview/test/browser_tabview_bug706430.js | one groupItem - Got 2, expected 1
TEST-UNEXPECTED-FAIL | chrome://mochitests/content/browser/browser/components/tabview/test/browser_tabview_bug706430.js | single groupItem has two children - Got 1, expected 2
terrence
https://tbpl.mozilla.org/php/getParsedLog.php?id=10072742&tree=Try
Rev3 Fedora 12x64 try debug test mochitest-other on 2012-03-14 14:45:49

TEST-UNEXPECTED-FAIL | chrome://mochitests/content/browser/browser/components/tabview/test/browser_tabview_bug706430.js | one groupItem - Got 2, expected 1
TEST-UNEXPECTED-FAIL | chrome://mochitests/content/browser/browser/components/tabview/test/browser_tabview_bug706430.js | single groupItem has two children - Got 1, expected 2
philor
https://tbpl.mozilla.org/php/getParsedLog.php?id=10074583&tree=Mozilla-Aurora
Rev3 Fedora 12 mozilla-aurora debug test mochitest-other on 2012-03-14 15:34:03

13079 ERROR TEST-UNEXPECTED-FAIL | chrome://mochitests/content/chrome/layout/xul/test/test_bug159346.xul | scrollbar didn't change curpos by mousemove after cursor is back on the scrollbar button #3
TEST-UNEXPECTED-FAIL | chrome://mochitests/content/browser/browser/components/tabview/test/browser_tabview_bug706430.js | one groupItem - Got 2, expected 1
TEST-UNEXPECTED-FAIL | chrome://mochitests/content/browser/browser/components/tabview/test/browser_tabview_bug706430.js | single groupItem has two children - Got 1, expected 2
edmorley
https://tbpl.mozilla.org/php/getParsedLog.php?id=10092614&tree=Mozilla-Inbound
Rev3 Fedora 12 mozilla-inbound debug test mochitest-other on 2012-03-15 05:28:34

TEST-UNEXPECTED-FAIL | chrome://mochitests/content/browser/browser/components/tabview/test/browser_tabview_bug706430.js | one groupItem - Got 2, expected 1
TEST-UNEXPECTED-FAIL | chrome://mochitests/content/browser/browser/components/tabview/test/browser_tabview_bug706430.js | single groupItem has two children - Got 1, expected 2
philor
https://tbpl.mozilla.org/php/getParsedLog.php?id=10096791&tree=Mozilla-Inbound
Rev3 MacOSX Leopard 10.5.8 mozilla-inbound debug test mochitest-other on 2012-03-15 09:22:25

TEST-UNEXPECTED-FAIL | chrome://mochitests/content/browser/browser/components/tabview/test/browser_tabview_bug706430.js | one groupItem - Got 2, expected 1
TEST-UNEXPECTED-FAIL | chrome://mochitests/content/browser/browser/components/tabview/test/browser_tabview_bug706430.js | single groupItem has two children - Got 1, expected 2
TEST-UNEXPECTED-FAIL | automationutils.processLeakLog() | leaked 36820 bytes during test execution
TEST-UNEXPECTED-FAIL | automationutils.processLeakLog() | leaked 1 instance of BackstagePass with size 24 bytes
TEST-UNEXPECTED-FAIL | automationutils.processLeakLog() | leaked 2 instances of Mutex with size 12 bytes each (24 bytes total)
TEST-UNEXPECTED-FAIL | automationutils.processLeakLog() | leaked 9 instances of ProxyListener with size 16 bytes each (144 bytes total)
TEST-UNEXPECTED-FAIL | automationutils.processLeakLog() | leaked 1 instance of ReentrantMonitor with size 16 bytes
TEST-UNEXPECTED-FAIL | automationutils.processLeakLog() | leaked 1 instance of SharedScriptableHelperForJSIID with size 12 bytes
philor
https://tbpl.mozilla.org/php/getParsedLog.php?id=10100663&tree=Mozilla-Inbound
Rev3 WINNT 5.1 mozilla-inbound debug test mochitest-other on 2012-03-15 12:02:31

TEST-UNEXPECTED-FAIL | chrome://mochitests/content/browser/browser/components/tabview/test/browser_tabview_bug706430.js | one groupItem - Got 2, expected 1
TEST-UNEXPECTED-FAIL | chrome://mochitests/content/browser/browser/components/tabview/test/browser_tabview_bug706430.js | single groupItem has two children - Got 1, expected 2
philor
https://tbpl.mozilla.org/php/getParsedLog.php?id=10103973&tree=Mozilla-Inbound
Rev3 WINNT 6.1 mozilla-inbound debug test mochitest-other on 2012-03-15 14:11:06

TEST-UNEXPECTED-FAIL | chrome://mochitests/content/browser/browser/components/tabview/test/browser_tabview_bug706430.js | one groupItem - Got 2, expected 1
TEST-UNEXPECTED-FAIL | chrome://mochitests/content/browser/browser/components/tabview/test/browser_tabview_bug706430.js | single groupItem has two children - Got 1, expected 2
philor
https://tbpl.mozilla.org/php/getParsedLog.php?id=10109794&tree=Mozilla-Aurora
Rev3 WINNT 6.1 mozilla-aurora debug test mochitest-other on 2012-03-15 17:32:50

TEST-UNEXPECTED-FAIL | chrome://mochitests/content/browser/browser/components/tabview/test/browser_tabview_bug706430.js | one groupItem - Got 2, expected 1
TEST-UNEXPECTED-FAIL | chrome://mochitests/content/browser/browser/components/tabview/test/browser_tabview_bug706430.js | single groupItem has two children - Got 1, expected 2
ttaubert
https://tbpl.mozilla.org/php/getParsedLog.php?id=10116416&tree=Fx-Team
Rev3 Fedora 12 fx-team debug test mochitest-other on 2012-03-15 22:01:55

12611 ERROR TEST-UNEXPECTED-FAIL | chrome://mochitests/content/chrome/layout/style/test/chrome/test_hover.html | Test timed out.
13973 ERROR TEST-UNEXPECTED-FAIL | chrome://mochitests/content/chrome/toolkit/content/tests/chrome/test_bug437844.xul | :hover does not apply - got rgb(0, 255, 0), expected transparent
TEST-UNEXPECTED-FAIL | chrome://mochitests/content/browser/browser/components/tabview/test/browser_tabview_bug706430.js | one groupItem - Got 2, expected 1
TEST-UNEXPECTED-FAIL | chrome://mochitests/content/browser/browser/components/tabview/test/browser_tabview_bug706430.js | single groupItem has two children - Got 1, expected 2
philor
https://tbpl.mozilla.org/php/getParsedLog.php?id=10129828&tree=Mozilla-Inbound
Rev4 MacOSX Snow Leopard 10.6 mozilla-inbound debug test mochitest-other on 2012-03-16 11:27:22

TEST-UNEXPECTED-FAIL | chrome://mochitests/content/browser/browser/components/tabview/test/browser_tabview_bug706430.js | one groupItem - Got 2, expected 1
TEST-UNEXPECTED-FAIL | chrome://mochitests/content/browser/browser/components/tabview/test/browser_tabview_bug706430.js | single groupItem has two children - Got 1, expected 2
Ms2ger%gmail.com
https://tbpl.mozilla.org/php/getParsedLog.php?id=10129841&tree=Try
Rev3 Fedora 12 try debug test mochitest-other on 2012-03-16 11:23:50

TEST-UNEXPECTED-FAIL | chrome://mochitests/content/browser/browser/components/tabview/test/browser_tabview_bug706430.js | one groupItem - Got 2, expected 1
TEST-UNEXPECTED-FAIL | chrome://mochitests/content/browser/browser/components/tabview/test/browser_tabview_bug706430.js | single groupItem has two children - Got 1, expected 2
bholley
https://tbpl.mozilla.org/php/getParsedLog.php?id=10129950&tree=Try
Rev3 Fedora 12 try debug test mochitest-other on 2012-03-16 11:26:42

TEST-UNEXPECTED-FAIL | chrome://mochitests/content/browser/browser/components/tabview/test/browser_tabview_bug600645.js | The app tab icon has the right tab reference - Got [object XULElement @ 0xbd3b508 (native @ 0xb2d6450)], expected [object XULElement @ 0xbc1bd48 (native @ 0xb7e53e0)]
TEST-UNEXPECTED-FAIL | chrome://mochitests/content/browser/browser/components/tabview/test/browser_tabview_bug600645.js | The icon url starts with moz-anno:favicon so the default fav icon would be displayed
TEST-UNEXPECTED-FAIL | chrome://mochitests/content/browser/browser/components/tabview/test/browser_tabview_bug706430.js | one groupItem - Got 2, expected 1
TEST-UNEXPECTED-FAIL | chrome://mochitests/content/browser/browser/components/tabview/test/browser_tabview_bug706430.js | single groupItem has two children - Got 1, expected 2
fyan%mozilla.com
https://tbpl.mozilla.org/php/getParsedLog.php?id=10130862&tree=Fx-Team
Rev3 Fedora 12x64 fx-team debug test mochitest-other on 2012-03-16 12:14:50

TEST-UNEXPECTED-FAIL | chrome://mochitests/content/browser/browser/components/tabview/test/browser_tabview_bug706430.js | one groupItem - Got 2, expected 1
TEST-UNEXPECTED-FAIL | chrome://mochitests/content/browser/browser/components/tabview/test/browser_tabview_bug706430.js | single groupItem has two children - Got 1, expected 2
khuey
https://tbpl.mozilla.org/php/getParsedLog.php?id=10151964&tree=Try
Rev3 Fedora 12x64 try debug test mochitest-other on 2012-03-17 10:34:19

TEST-UNEXPECTED-FAIL | chrome://mochitests/content/browser/browser/components/tabview/test/browser_tabview_bug706430.js | one groupItem - Got 2, expected 1
TEST-UNEXPECTED-FAIL | chrome://mochitests/content/browser/browser/components/tabview/test/browser_tabview_bug706430.js | single groupItem has two children - Got 1, expected 2
philor
https://tbpl.mozilla.org/php/getParsedLog.php?id=10158988&tree=Mozilla-Inbound
Rev4 MacOSX Snow Leopard 10.6 mozilla-inbound debug test mochitest-other on 2012-03-17 20:46:22

TEST-UNEXPECTED-FAIL | chrome://mochitests/content/browser/browser/components/tabview/test/browser_tabview_bug706430.js | one groupItem - Got 2, expected 1
TEST-UNEXPECTED-FAIL | chrome://mochitests/content/browser/browser/components/tabview/test/browser_tabview_bug706430.js | single groupItem has two children - Got 1, expected 2
TEST-UNEXPECTED-FAIL | automationutils.processLeakLog() | leaked 68496 bytes during test execution
TEST-UNEXPECTED-FAIL | automationutils.processLeakLog() | leaked 1 instance of BackstagePass with size 48 bytes
TEST-UNEXPECTED-FAIL | automationutils.processLeakLog() | leaked 2 instances of Mutex with size 24 bytes each (48 bytes total)
TEST-UNEXPECTED-FAIL | automationutils.processLeakLog() | leaked 8 instances of ProxyListener with size 32 bytes each (256 bytes total)
TEST-UNEXPECTED-FAIL | automationutils.processLeakLog() | leaked 1 instance of ReentrantMonitor with size 32 bytes
TEST-UNEXPECTED-FAIL | automationutils.processLeakLog() | leaked 1 instance of SharedScriptableHelperForJSIID with size 24 bytes
philor
https://tbpl.mozilla.org/php/getParsedLog.php?id=10140160&tree=Services-Central
Rev3 Fedora 12x64 services-central debug test mochitest-other on 2012-03-16 18:01:22

TEST-UNEXPECTED-FAIL | chrome://mochitests/content/browser/browser/components/tabview/test/browser_tabview_bug706430.js | one groupItem - Got 2, expected 1
TEST-UNEXPECTED-FAIL | chrome://mochitests/content/browser/browser/components/tabview/test/browser_tabview_bug706430.js | single groupItem has two children - Got 1, expected 2
philor
https://tbpl.mozilla.org/php/getParsedLog.php?id=10140160&tree=Services-Central
Rev3 Fedora 12x64 services-central debug test mochitest-other on 2012-03-16 18:01:22

TEST-UNEXPECTED-FAIL | chrome://mochitests/content/browser/browser/components/tabview/test/browser_tabview_bug706430.js | one groupItem - Got 2, expected 1
TEST-UNEXPECTED-FAIL | chrome://mochitests/content/browser/browser/components/tabview/test/browser_tabview_bug706430.js | single groupItem has two children - Got 1, expected 2
past
https://tbpl.mozilla.org/php/getParsedLog.php?id=10160877&tree=Fx-Team
Rev4 MacOSX Snow Leopard 10.6 fx-team debug test mochitest-other on 2012-03-18 01:51:32

TEST-UNEXPECTED-FAIL | chrome://mochitests/content/browser/browser/components/tabview/test/browser_tabview_bug706430.js | one groupItem - Got 2, expected 1
TEST-UNEXPECTED-FAIL | chrome://mochitests/content/browser/browser/components/tabview/test/browser_tabview_bug706430.js | single groupItem has two children - Got 1, expected 2
ryanvm%gmail.com
https://tbpl.mozilla.org/php/getParsedLog.php?id=10164828&tree=Mozilla-Inbound
Rev3 MacOSX Leopard 10.5.8 mozilla-inbound debug test mochitest-other on 2012-03-18 07:40:21

TEST-UNEXPECTED-FAIL | chrome://mochitests/content/browser/browser/components/tabview/test/browser_tabview_bug706430.js | one groupItem - Got 2, expected 1
TEST-UNEXPECTED-FAIL | chrome://mochitests/content/browser/browser/components/tabview/test/browser_tabview_bug706430.js | single groupItem has two children - Got 1, expected 2
TEST-UNEXPECTED-FAIL | automationutils.processLeakLog() | leaked 35584 bytes during test execution
TEST-UNEXPECTED-FAIL | automationutils.processLeakLog() | leaked 1 instance of BackstagePass with size 24 bytes
TEST-UNEXPECTED-FAIL | automationutils.processLeakLog() | leaked 2 instances of Mutex with size 12 bytes each (24 bytes total)
TEST-UNEXPECTED-FAIL | automationutils.processLeakLog() | leaked 8 instances of ProxyListener with size 16 bytes each (128 bytes total)
TEST-UNEXPECTED-FAIL | automationutils.processLeakLog() | leaked 1 instance of ReentrantMonitor with size 16 bytes
TEST-UNEXPECTED-FAIL | automationutils.processLeakLog() | leaked 1 instance of SharedScriptableHelperForJSIID with size 12 bytes
ttaubert
https://tbpl.mozilla.org/php/getParsedLog.php?id=10165746&tree=Try
Rev3 Fedora 12 try debug test mochitest-other on 2012-03-18 09:45:25

13085 ERROR TEST-UNEXPECTED-FAIL | chrome://mochitests/content/chrome/layout/xul/test/test_bug159346.xul | scrollbar didn't change curpos by mousemove after cursor is back on the scrollbar button #3
TEST-UNEXPECTED-FAIL | chrome://mochitests/content/browser/browser/components/tabview/test/browser_tabview_bug706430.js | one groupItem - Got 2, expected 1
TEST-UNEXPECTED-FAIL | chrome://mochitests/content/browser/browser/components/tabview/test/browser_tabview_bug706430.js | single groupItem has two children - Got 1, expected 2
philor
https://tbpl.mozilla.org/php/getParsedLog.php?id=10168867&tree=Firefox
Rev4 MacOSX Snow Leopard 10.6 mozilla-central debug test mochitest-other on 2012-03-18 15:29:28

TEST-UNEXPECTED-FAIL | chrome://mochitests/content/browser/browser/components/tabview/test/browser_tabview_bug706430.js | one groupItem - Got 2, expected 1
TEST-UNEXPECTED-FAIL | chrome://mochitests/content/browser/browser/components/tabview/test/browser_tabview_bug706430.js | single groupItem has two children - Got 1, expected 2
TEST-UNEXPECTED-FAIL | automationutils.processLeakLog() | leaked 58256 bytes during test execution
TEST-UNEXPECTED-FAIL | automationutils.processLeakLog() | leaked 1 instance of BackstagePass with size 48 bytes
TEST-UNEXPECTED-FAIL | automationutils.processLeakLog() | leaked 2 instances of Mutex with size 24 bytes each (48 bytes total)
TEST-UNEXPECTED-FAIL | automationutils.processLeakLog() | leaked 3 instances of ProxyListener with size 32 bytes each (96 bytes total)
TEST-UNEXPECTED-FAIL | automationutils.processLeakLog() | leaked 1 instance of ReentrantMonitor with size 32 bytes
TEST-UNEXPECTED-FAIL | automationutils.processLeakLog() | leaked 1 instance of SharedScriptableHelperForJSIID with size 24 bytes
ttaubert
https://tbpl.mozilla.org/php/getParsedLog.php?id=10175357&tree=Try
Rev4 MacOSX Snow Leopard 10.6 try debug test mochitest-other on 2012-03-19 02:57:21

TEST-UNEXPECTED-FAIL | chrome://mochitests/content/browser/browser/components/tabview/test/browser_tabview_bug706430.js | one groupItem - Got 2, expected 1
TEST-UNEXPECTED-FAIL | chrome://mochitests/content/browser/browser/components/tabview/test/browser_tabview_bug706430.js | single groupItem has two children - Got 1, expected 2
jgilbert
https://tbpl.mozilla.org/php/getParsedLog.php?id=10176059&tree=Try
Rev3 WINNT 5.1 try debug test mochitest-other on 2012-03-19 03:25:41

TEST-UNEXPECTED-FAIL | chrome://mochitests/content/browser/browser/components/tabview/test/browser_tabview_bug706430.js | one groupItem - Got 2, expected 1
TEST-UNEXPECTED-FAIL | chrome://mochitests/content/browser/browser/components/tabview/test/browser_tabview_bug706430.js | single groupItem has two children - Got 1, expected 2
ttaubert
https://tbpl.mozilla.org/php/getParsedLog.php?id=10179806&tree=Try
Rev3 Fedora 12x64 try debug test mochitest-other on 2012-03-19 07:39:23

TEST-UNEXPECTED-FAIL | chrome://mochitests/content/browser/browser/components/tabview/test/browser_tabview_bug706430.js | one groupItem - Got 2, expected 1
TEST-UNEXPECTED-FAIL | chrome://mochitests/content/browser/browser/components/tabview/test/browser_tabview_bug706430.js | single groupItem has two children - Got 1, expected 2
philor
https://tbpl.mozilla.org/php/getParsedLog.php?id=10181390&tree=Mozilla-Inbound
Rev4 MacOSX Snow Leopard 10.6 mozilla-inbound debug test mochitest-other on 2012-03-19 08:35:24

35608 ERROR TEST-UNEXPECTED-FAIL | chrome://mochitests/content/chrome/widget/tests/test_native_mouse_mac.xul | Test timed out.
35611 ERROR TEST-UNEXPECTED-FAIL | chrome://mochitests/content/chrome/widget/tests/test_platform_colors.xul | received event I didn't expect: {"type":"mouseout","target":"window","screenX":410,"screenY":180}
TEST-UNEXPECTED-FAIL | chrome://mochitests/content/browser/browser/components/tabview/test/browser_tabview_bug706430.js | one groupItem - Got 2, expected 1
TEST-UNEXPECTED-FAIL | chrome://mochitests/content/browser/browser/components/tabview/test/browser_tabview_bug706430.js | single groupItem has two children - Got 1, expected 2
philor
https://tbpl.mozilla.org/php/getParsedLog.php?id=10185041&tree=Mozilla-Inbound
Rev3 Fedora 12 mozilla-inbound debug test mochitest-other on 2012-03-19 11:32:24

TEST-UNEXPECTED-FAIL | chrome://mochitests/content/browser/browser/components/tabview/test/browser_tabview_bug706430.js | one groupItem - Got 3, expected 1
TEST-UNEXPECTED-FAIL | chrome://mochitests/content/browser/browser/components/tabview/test/browser_tabview_bug706430.js | single groupItem has two children - Got 0, expected 2
TEST-UNEXPECTED-FAIL | automationutils.processLeakLog() | leaked 34448 bytes during test execution
TEST-UNEXPECTED-FAIL | automationutils.processLeakLog() | leaked 1 instance of BackstagePass with size 24 bytes
TEST-UNEXPECTED-FAIL | automationutils.processLeakLog() | leaked 2 instances of Mutex with size 12 bytes each (24 bytes total)
TEST-UNEXPECTED-FAIL | automationutils.processLeakLog() | leaked 7 instances of ProxyListener with size 16 bytes each (112 bytes total)
TEST-UNEXPECTED-FAIL | automationutils.processLeakLog() | leaked 1 instance of ReentrantMonitor with size 16 bytes
TEST-UNEXPECTED-FAIL | automationutils.processLeakLog() | leaked 1 instance of SharedScriptableHelperForJSIID with size 12 bytes
sgautherie
https://tbpl.mozilla.org/php/getParsedLog.php?id=10190242&tree=Try
Rev3 Fedora 12x64 try debug test mochitest-other on 2012-03-19 13:55:46

TEST-UNEXPECTED-FAIL | chrome://mochitests/content/browser/browser/components/tabview/test/browser_tabview_bug706430.js | one groupItem - Got 2, expected 1
TEST-UNEXPECTED-FAIL | chrome://mochitests/content/browser/browser/components/tabview/test/browser_tabview_bug706430.js | single groupItem has two children - Got 1, expected 2
philor
https://tbpl.mozilla.org/php/getParsedLog.php?id=10190668&tree=Firefox
Rev4 MacOSX Snow Leopard 10.6 mozilla-central debug test mochitest-other on 2012-03-19 14:03:14

32039 ERROR TEST-UNEXPECTED-FAIL | chrome://mochitests/content/chrome/widget/tests/test_bug596600.xul | box shouldn't be hovered
TEST-UNEXPECTED-FAIL | chrome://mochitests/content/browser/browser/components/tabview/test/browser_tabview_bug706430.js | one groupItem - Got 2, expected 1
TEST-UNEXPECTED-FAIL | chrome://mochitests/content/browser/browser/components/tabview/test/browser_tabview_bug706430.js | single groupItem has two children - Got 1, expected 2
terrence
https://tbpl.mozilla.org/php/getParsedLog.php?id=10197314&tree=Try
Rev4 MacOSX Snow Leopard 10.6 try debug test mochitest-other on 2012-03-19 17:57:30

TEST-UNEXPECTED-FAIL | chrome://mochitests/content/browser/browser/components/tabview/test/browser_tabview_bug706430.js | one groupItem - Got 2, expected 1
TEST-UNEXPECTED-FAIL | chrome://mochitests/content/browser/browser/components/tabview/test/browser_tabview_bug706430.js | single groupItem has two children - Got 1, expected 2
ttaubert
https://tbpl.mozilla.org/php/getParsedLog.php?id=10207279&tree=Fx-Team
Rev3 Fedora 12 fx-team debug test mochitest-other on 2012-03-20 01:58:25

TEST-UNEXPECTED-FAIL | chrome://mochitests/content/browser/browser/components/tabview/test/browser_tabview_bug706430.js | one groupItem - Got 3, expected 1
TEST-UNEXPECTED-FAIL | chrome://mochitests/content/browser/browser/components/tabview/test/browser_tabview_bug706430.js | single groupItem has two children - Got 0, expected 2
ttaubert
https://tbpl.mozilla.org/php/getParsedLog.php?id=10209245&tree=Fx-Team
Rev3 WINNT 6.1 fx-team debug test mochitest-other on 2012-03-20 03:47:24

13225 ERROR TEST-UNEXPECTED-FAIL | chrome://mochitests/content/chrome/layout/xul/test/test_bug159346.xul | scrollbar didn't change curpos by mousemove after cursor is back on the scrollbar button #3
TEST-UNEXPECTED-FAIL | chrome://mochitests/content/browser/browser/components/tabview/test/browser_tabview_bug706430.js | one groupItem - Got 2, expected 1
TEST-UNEXPECTED-FAIL | chrome://mochitests/content/browser/browser/components/tabview/test/browser_tabview_bug706430.js | single groupItem has two children - Got 1, expected 2
jwatt
https://tbpl.mozilla.org/php/getParsedLog.php?id=10211363&tree=Mozilla-Inbound
Rev3 Fedora 12 mozilla-inbound debug test mochitest-other on 2012-03-20 05:10:26

13149 ERROR TEST-UNEXPECTED-FAIL | chrome://mochitests/content/chrome/layout/xul/test/test_bug159346.xul | scrollbar didn't change curpos by mousemove after cursor is back on the scrollbar button #3
TEST-UNEXPECTED-FAIL | chrome://mochitests/content/browser/browser/components/tabview/test/browser_tabview_bug706430.js | one groupItem - Got 2, expected 1
TEST-UNEXPECTED-FAIL | chrome://mochitests/content/browser/browser/components/tabview/test/browser_tabview_bug706430.js | single groupItem has two children - Got 1, expected 2
ttaubert
https://tbpl.mozilla.org/php/getParsedLog.php?id=10212323&tree=Fx-Team
Rev3 Fedora 12 fx-team debug test mochitest-other on 2012-03-20 05:55:41

13149 ERROR TEST-UNEXPECTED-FAIL | chrome://mochitests/content/chrome/layout/xul/test/test_bug159346.xul | scrollbar didn't change curpos by mousemove after cursor is back on the scrollbar button #3
TEST-UNEXPECTED-FAIL | chrome://mochitests/content/browser/browser/components/tabview/test/browser_tabview_bug706430.js | one groupItem - Got 2, expected 1
TEST-UNEXPECTED-FAIL | chrome://mochitests/content/browser/browser/components/tabview/test/browser_tabview_bug706430.js | single groupItem has two children - Got 1, expected 2
sgautherie
https://tbpl.mozilla.org/php/getParsedLog.php?id=10212792&tree=Try
Rev3 Fedora 12 try debug test mochitest-other on 2012-03-20 06:17:24

12678 ERROR TEST-UNEXPECTED-FAIL | chrome://mochitests/content/chrome/layout/style/test/chrome/test_hover.html | Test timed out.
14040 ERROR TEST-UNEXPECTED-FAIL | chrome://mochitests/content/chrome/toolkit/content/tests/chrome/test_bug437844.xul | :hover does not apply - got rgb(0, 255, 0), expected transparent
TEST-UNEXPECTED-FAIL | chrome://mochitests/content/browser/browser/components/tabview/test/browser_tabview_bug706430.js | one groupItem - Got 3, expected 1
TEST-UNEXPECTED-FAIL | chrome://mochitests/content/browser/browser/components/tabview/test/browser_tabview_bug706430.js | single groupItem has two children - Got 0, expected 2
TEST-UNEXPECTED-FAIL | automationutils.processLeakLog() | leaked 34448 bytes during test execution
TEST-UNEXPECTED-FAIL | automationutils.processLeakLog() | leaked 1 instance of BackstagePass with size 24 bytes
TEST-UNEXPECTED-FAIL | automationutils.processLeakLog() | leaked 2 instances of Mutex with size 12 bytes each (24 bytes total)
TEST-UNEXPECTED-FAIL | automationutils.processLeakLog() | leaked 7 instances of ProxyListener with size 16 bytes each (112 bytes total)
TEST-UNEXPECTED-FAIL | automationutils.processLeakLog() | leaked 1 instance of ReentrantMonitor with size 16 bytes
TEST-UNEXPECTED-FAIL | automationutils.processLeakLog() | leaked 1 instance of SharedScriptableHelperForJSIID with size 12 bytes
philor
https://tbpl.mozilla.org/php/getParsedLog.php?id=10214569&tree=Mozilla-Inbound
Rev3 Fedora 12x64 mozilla-inbound debug test mochitest-other on 2012-03-20 08:39:26

TEST-UNEXPECTED-FAIL | chrome://mochitests/content/browser/browser/components/tabview/test/browser_tabview_bug706430.js | one groupItem - Got 2, expected 1
TEST-UNEXPECTED-FAIL | chrome://mochitests/content/browser/browser/components/tabview/test/browser_tabview_bug706430.js | single groupItem has two children - Got 1, expected 2
mbrubeck
https://tbpl.mozilla.org/php/getParsedLog.php?id=10192909&tree=Try
Rev4 MacOSX Snow Leopard 10.6 try debug test mochitest-other on 2012-03-19 15:26:29

TEST-UNEXPECTED-FAIL | chrome://mochitests/content/browser/browser/components/tabview/test/browser_tabview_bug706430.js | one groupItem - Got 2, expected 1
TEST-UNEXPECTED-FAIL | chrome://mochitests/content/browser/browser/components/tabview/test/browser_tabview_bug706430.js | single groupItem has two children - Got 1, expected 2
mbrubeck
https://tbpl.mozilla.org/php/getParsedLog.php?id=10223020&tree=Firefox
Rev3 Fedora 12x64 mozilla-central debug test mochitest-other on 2012-03-20 14:02:22

TEST-UNEXPECTED-FAIL | chrome://mochitests/content/browser/browser/components/tabview/test/browser_tabview_bug706430.js | one groupItem - Got 2, expected 1
TEST-UNEXPECTED-FAIL | chrome://mochitests/content/browser/browser/components/tabview/test/browser_tabview_bug706430.js | single groupItem has two children - Got 1, expected 2
mbrubeck
https://tbpl.mozilla.org/php/getParsedLog.php?id=10229569&tree=Mozilla-Inbound
Rev4 MacOSX Snow Leopard 10.6 mozilla-inbound debug test mochitest-other on 2012-03-20 18:36:23

TEST-UNEXPECTED-FAIL | chrome://mochitests/content/browser/browser/components/tabview/test/browser_tabview_bug706430.js | one groupItem - Got 2, expected 1
TEST-UNEXPECTED-FAIL | chrome://mochitests/content/browser/browser/components/tabview/test/browser_tabview_bug706430.js | single groupItem has two children - Got 1, expected 2
jgilbert
https://tbpl.mozilla.org/php/getParsedLog.php?id=10211327&tree=Try
Rev4 MacOSX Snow Leopard 10.6 try debug test mochitest-other on 2012-03-20 05:18:08

TEST-UNEXPECTED-FAIL | chrome://mochitests/content/browser/browser/components/tabview/test/browser_tabview_bug706430.js | one groupItem - Got 2, expected 1
TEST-UNEXPECTED-FAIL | chrome://mochitests/content/browser/browser/components/tabview/test/browser_tabview_bug706430.js | single groupItem has two children - Got 1, expected 2
mak77%bonardo.net
https://tbpl.mozilla.org/php/getParsedLog.php?id=10238696&tree=Mozilla-Inbound
Rev3 Fedora 12x64 mozilla-inbound debug test mochitest-other on 2012-03-21 04:24:39

TEST-UNEXPECTED-FAIL | chrome://mochitests/content/browser/browser/components/tabview/test/browser_tabview_bug706430.js | one groupItem - Got 2, expected 1
TEST-UNEXPECTED-FAIL | chrome://mochitests/content/browser/browser/components/tabview/test/browser_tabview_bug706430.js | single groupItem has two children - Got 1, expected 2
philor
https://tbpl.mozilla.org/php/getParsedLog.php?id=10241587&tree=Mozilla-Inbound
Rev3 Fedora 12 mozilla-inbound debug test mochitest-other on 2012-03-21 06:04:48

TEST-UNEXPECTED-FAIL | chrome://mochitests/content/browser/browser/components/tabview/test/browser_tabview_bug706430.js | one groupItem - Got 3, expected 1
TEST-UNEXPECTED-FAIL | chrome://mochitests/content/browser/browser/components/tabview/test/browser_tabview_bug706430.js | single groupItem has two children - Got 0, expected 2
cjones
https://tbpl.mozilla.org/php/getParsedLog.php?id=10233720&tree=Try
Rev4 MacOSX Snow Leopard 10.6 try debug test mochitest-other on 2012-03-20 22:37:28

TEST-UNEXPECTED-FAIL | chrome://mochitests/content/browser/browser/components/tabview/test/browser_tabview_bug706430.js | one groupItem - Got 2, expected 1
TEST-UNEXPECTED-FAIL | chrome://mochitests/content/browser/browser/components/tabview/test/browser_tabview_bug706430.js | single groupItem has two children - Got 1, expected 2
philor
https://tbpl.mozilla.org/php/getParsedLog.php?id=10247141&tree=Mozilla-Inbound
Rev3 Fedora 12x64 mozilla-inbound pgo test mochitest-other on 2012-03-21 10:17:59

TEST-UNEXPECTED-FAIL | chrome://mochitests/content/browser/browser/components/tabview/test/browser_tabview_bug706430.js | one groupItem - Got 2, expected 1
TEST-UNEXPECTED-FAIL | chrome://mochitests/content/browser/browser/components/tabview/test/browser_tabview_bug706430.js | single groupItem has two children - Got 1, expected 2
mbrubeck
https://tbpl.mozilla.org/php/getParsedLog.php?id=10254486&tree=Mozilla-Inbound
Rev3 WINNT 6.1 mozilla-inbound debug test mochitest-other on 2012-03-21 14:07:49

TEST-UNEXPECTED-FAIL | chrome://mochitests/content/browser/browser/components/tabview/test/browser_tabview_bug706430.js | one groupItem - Got 2, expected 1
TEST-UNEXPECTED-FAIL | chrome://mochitests/content/browser/browser/components/tabview/test/browser_tabview_bug706430.js | single groupItem has two children - Got 1, expected 2
mbrubeck
https://tbpl.mozilla.org/php/getParsedLog.php?id=10250864&tree=Mozilla-Inbound
Rev3 Fedora 12 mozilla-inbound debug test mochitest-other on 2012-03-21 12:06:02

TEST-UNEXPECTED-FAIL | chrome://mochitests/content/browser/browser/components/tabview/test/browser_tabview_bug706430.js | one groupItem - Got 3, expected 1
TEST-UNEXPECTED-FAIL | chrome://mochitests/content/browser/browser/components/tabview/test/browser_tabview_bug706430.js | single groupItem has two children - Got 0, expected 2
philor
https://tbpl.mozilla.org/php/getParsedLog.php?id=10252366&tree=Mozilla-Inbound
Rev3 WINNT 5.1 mozilla-inbound debug test mochitest-other on 2012-03-21 12:55:05

TEST-UNEXPECTED-FAIL | chrome://mochitests/content/browser/browser/components/tabview/test/browser_tabview_bug706430.js | one groupItem - Got 3, expected 1
TEST-UNEXPECTED-FAIL | chrome://mochitests/content/browser/browser/components/tabview/test/browser_tabview_bug706430.js | single groupItem has two children - Got 0, expected 2
ryanvm%gmail.com
https://tbpl.mozilla.org/php/getParsedLog.php?id=10259331&tree=Mozilla-Inbound
Rev3 WINNT 5.1 mozilla-inbound debug test mochitest-other on 2012-03-21 16:54:26

13158 ERROR TEST-UNEXPECTED-FAIL | chrome://mochitests/content/chrome/layout/xul/test/test_bug159346.xul | scrollbar didn't change curpos by mousemove after cursor is back on the scrollbar button #3
TEST-UNEXPECTED-FAIL | chrome://mochitests/content/browser/browser/components/tabview/test/browser_tabview_bug706430.js | one groupItem - Got 3, expected 1
TEST-UNEXPECTED-FAIL | chrome://mochitests/content/browser/browser/components/tabview/test/browser_tabview_bug706430.js | single groupItem has two children - Got 0, expected 2
TEST-UNEXPECTED-FAIL | automationutils.processLeakLog() | leaked 448 bytes during test execution
TEST-UNEXPECTED-FAIL | automationutils.processLeakLog() | leaked 1 instance of CondVar with size 16 bytes
TEST-UNEXPECTED-FAIL | automationutils.processLeakLog() | leaked 1 instance of Mutex with size 12 bytes
TEST-UNEXPECTED-FAIL | automationutils.processLeakLog() | leaked 1 instance of nsCacheEntryHashTable with size 36 bytes
TEST-UNEXPECTED-FAIL | automationutils.processLeakLog() | leaked 1 instance of nsCacheService with size 148 bytes
TEST-UNEXPECTED-FAIL | automationutils.processLeakLog() | leaked 2 instances of nsDiskCacheBinding with size 52 bytes each (104 bytes total)
philor
https://tbpl.mozilla.org/php/getParsedLog.php?id=10264948&tree=Mozilla-Aurora
Rev4 MacOSX Snow Leopard 10.6 mozilla-aurora debug test mochitest-other on 2012-03-21 20:20:33

TEST-UNEXPECTED-FAIL | chrome://mochitests/content/browser/browser/components/tabview/test/browser_tabview_bug706430.js | one groupItem - Got 2, expected 1
TEST-UNEXPECTED-FAIL | chrome://mochitests/content/browser/browser/components/tabview/test/browser_tabview_bug706430.js | single groupItem has two children - Got 1, expected 2
philor
https://tbpl.mozilla.org/php/getParsedLog.php?id=10266397&tree=Mozilla-Inbound
Rev3 WINNT 6.1 mozilla-inbound debug test mochitest-other on 2012-03-21 21:07:26

TEST-UNEXPECTED-FAIL | chrome://mochitests/content/browser/browser/components/tabview/test/browser_tabview_bug706430.js | one groupItem - Got 2, expected 1
TEST-UNEXPECTED-FAIL | chrome://mochitests/content/browser/browser/components/tabview/test/browser_tabview_bug706430.js | single groupItem has two children - Got 1, expected 2
jwein%mozilla.com
https://tbpl.mozilla.org/php/getParsedLog.php?id=10272548&tree=Try
Rev3 WINNT 6.1 try debug test mochitest-other on 2012-03-22 01:47:49

TEST-UNEXPECTED-FAIL | chrome://mochitests/content/browser/browser/components/tabview/test/browser_tabview_bug706430.js | one groupItem - Got 2, expected 1
TEST-UNEXPECTED-FAIL | chrome://mochitests/content/browser/browser/components/tabview/test/browser_tabview_bug706430.js | single groupItem has two children - Got 1, expected 2
mak77%bonardo.net
https://tbpl.mozilla.org/php/getParsedLog.php?id=10276508&tree=Mozilla-Inbound
Rev3 Fedora 12 mozilla-inbound debug test mochitest-other on 2012-03-22 05:27:09

13207 ERROR TEST-UNEXPECTED-FAIL | chrome://mochitests/content/chrome/layout/xul/test/test_bug159346.xul | scrollbar didn't change curpos by mousemove after cursor is back on the scrollbar button #3
TEST-UNEXPECTED-FAIL | chrome://mochitests/content/browser/browser/components/tabview/test/browser_tabview_bug706430.js | one groupItem - Got 3, expected 1
TEST-UNEXPECTED-FAIL | chrome://mochitests/content/browser/browser/components/tabview/test/browser_tabview_bug706430.js | single groupItem has two children - Got 0, expected 2
TEST-UNEXPECTED-FAIL | automationutils.processLeakLog() | leaked 401895 bytes during test execution
TEST-UNEXPECTED-FAIL | automationutils.processLeakLog() | leaked 202 instances of AtomImpl with size 24 bytes each (4848 bytes total)
TEST-UNEXPECTED-FAIL | automationutils.processLeakLog() | leaked 1 instance of BackstagePass with size 24 bytes
TEST-UNEXPECTED-FAIL | automationutils.processLeakLog() | leaked 8 instances of DOMCSSDeclarationImpl with size 12 bytes each (96 bytes total)
TEST-UNEXPECTED-FAIL | automationutils.processLeakLog() | leaked 8 instances of DOMCSSStyleRule with size 24 bytes each (192 bytes total)
TEST-UNEXPECTED-FAIL | automationutils.processLeakLog() | leaked 1 instance of DR_State with size 32 bytes
mak77%bonardo.net
https://tbpl.mozilla.org/php/getParsedLog.php?id=10277542&tree=Mozilla-Inbound
Rev3 Fedora 12x64 mozilla-inbound pgo test mochitest-other on 2012-03-22 06:53:30

TEST-UNEXPECTED-FAIL | chrome://mochitests/content/browser/browser/components/tabview/test/browser_tabview_bug706430.js | one groupItem - Got 2, expected 1
TEST-UNEXPECTED-FAIL | chrome://mochitests/content/browser/browser/components/tabview/test/browser_tabview_bug706430.js | single groupItem has two children - Got 1, expected 2
philor
https://tbpl.mozilla.org/php/getParsedLog.php?id=10269312&tree=Mozilla-Inbound
Rev3 WINNT 6.1 mozilla-inbound debug test mochitest-other on 2012-03-21 23:19:42

TEST-UNEXPECTED-FAIL | chrome://mochitests/content/browser/browser/components/tabview/test/browser_tabview_bug706430.js | one groupItem - Got 2, expected 1
TEST-UNEXPECTED-FAIL | chrome://mochitests/content/browser/browser/components/tabview/test/browser_tabview_bug706430.js | single groupItem has two children - Got 1, expected 2
philor
https://tbpl.mozilla.org/php/getParsedLog.php?id=10271373&tree=Mozilla-Inbound
Rev3 Fedora 12x64 mozilla-inbound debug test mochitest-other on 2012-03-22 01:09:36

TEST-UNEXPECTED-FAIL | chrome://mochitests/content/browser/browser/components/tabview/test/browser_tabview_bug706430.js | one groupItem - Got 2, expected 1
TEST-UNEXPECTED-FAIL | chrome://mochitests/content/browser/browser/components/tabview/test/browser_tabview_bug706430.js | single groupItem has two children - Got 1, expected 2
ttaubert
https://tbpl.mozilla.org/php/getParsedLog.php?id=10285905&tree=Firefox
Rev3 Fedora 12 mozilla-central debug test mochitest-other on 2012-03-22 10:34:25

TEST-UNEXPECTED-FAIL | chrome://mochitests/content/browser/browser/components/tabview/test/browser_tabview_bug706430.js | one groupItem - Got 2, expected 1
TEST-UNEXPECTED-FAIL | chrome://mochitests/content/browser/browser/components/tabview/test/browser_tabview_bug706430.js | single groupItem has two children - Got 1, expected 2
TEST-UNEXPECTED-FAIL | automationutils.processLeakLog() | leaked 33512 bytes during test execution
TEST-UNEXPECTED-FAIL | automationutils.processLeakLog() | leaked 1 instance of BackstagePass with size 24 bytes
TEST-UNEXPECTED-FAIL | automationutils.processLeakLog() | leaked 2 instances of Mutex with size 12 bytes each (24 bytes total)
TEST-UNEXPECTED-FAIL | automationutils.processLeakLog() | leaked 6 instances of ProxyListener with size 16 bytes each (96 bytes total)
TEST-UNEXPECTED-FAIL | automationutils.processLeakLog() | leaked 1 instance of ReentrantMonitor with size 16 bytes
TEST-UNEXPECTED-FAIL | automationutils.processLeakLog() | leaked 1 instance of SharedScriptableHelperForJSIID with size 12 bytes
ttaubert
https://tbpl.mozilla.org/php/getParsedLog.php?id=10285979&tree=Firefox
Rev3 Fedora 12x64 mozilla-central debug test mochitest-other on 2012-03-22 10:46:17

TEST-UNEXPECTED-FAIL | chrome://mochitests/content/browser/browser/components/tabview/test/browser_tabview_bug706430.js | one groupItem - Got 2, expected 1
TEST-UNEXPECTED-FAIL | chrome://mochitests/content/browser/browser/components/tabview/test/browser_tabview_bug706430.js | single groupItem has two children - Got 1, expected 2
froydnj
https://tbpl.mozilla.org/php/getParsedLog.php?id=10288672&tree=Mozilla-Inbound
Rev3 Fedora 12 mozilla-inbound debug test mochitest-other on 2012-03-22 12:06:29

13207 ERROR TEST-UNEXPECTED-FAIL | chrome://mochitests/content/chrome/layout/xul/test/test_bug159346.xul | scrollbar didn't change curpos by mousemove after cursor is back on the scrollbar button #3
TEST-UNEXPECTED-FAIL | chrome://mochitests/content/browser/browser/components/tabview/test/browser_tabview_bug706430.js | one groupItem - Got 2, expected 1
TEST-UNEXPECTED-FAIL | chrome://mochitests/content/browser/browser/components/tabview/test/browser_tabview_bug706430.js | single groupItem has two children - Got 1, expected 2
TEST-UNEXPECTED-FAIL | automationutils.processLeakLog() | leaked 28968 bytes during test execution
TEST-UNEXPECTED-FAIL | automationutils.processLeakLog() | leaked 1 instance of BackstagePass with size 24 bytes
TEST-UNEXPECTED-FAIL | automationutils.processLeakLog() | leaked 2 instances of Mutex with size 12 bytes each (24 bytes total)
TEST-UNEXPECTED-FAIL | automationutils.processLeakLog() | leaked 2 instances of ProxyListener with size 16 bytes each (32 bytes total)
TEST-UNEXPECTED-FAIL | automationutils.processLeakLog() | leaked 1 instance of ReentrantMonitor with size 16 bytes
TEST-UNEXPECTED-FAIL | automationutils.processLeakLog() | leaked 1 instance of SharedScriptableHelperForJSIID with size 12 bytes
sworkman
https://tbpl.mozilla.org/php/getParsedLog.php?id=10285669&tree=Try
Rev3 Fedora 12 try opt test mochitest-other on 2012-03-22 10:53:25

TEST-UNEXPECTED-FAIL | chrome://mochitests/content/browser/browser/components/tabview/test/browser_tabview_bug706430.js | one groupItem - Got 2, expected 1
TEST-UNEXPECTED-FAIL | chrome://mochitests/content/browser/browser/components/tabview/test/browser_tabview_bug706430.js | single groupItem has two children - Got 1, expected 2
ryanvm%gmail.com
https://tbpl.mozilla.org/php/getParsedLog.php?id=10292015&tree=Mozilla-Inbound
Rev3 Fedora 12 mozilla-inbound debug test mochitest-other on 2012-03-22 13:51:00

12737 ERROR TEST-UNEXPECTED-FAIL | chrome://mochitests/content/chrome/layout/style/test/chrome/test_hover.html | Test timed out.
14104 ERROR TEST-UNEXPECTED-FAIL | chrome://mochitests/content/chrome/toolkit/content/tests/chrome/test_bug437844.xul | :hover does not apply - got rgb(0, 255, 0), expected transparent
TEST-UNEXPECTED-FAIL | chrome://mochitests/content/browser/browser/components/tabview/test/browser_tabview_bug706430.js | one groupItem - Got 3, expected 1
TEST-UNEXPECTED-FAIL | chrome://mochitests/content/browser/browser/components/tabview/test/browser_tabview_bug706430.js | single groupItem has two children - Got 0, expected 2
:emk
https://tbpl.mozilla.org/php/getParsedLog.php?id=10284312&tree=Try
Rev4 MacOSX Snow Leopard 10.6 try debug test mochitest-other on 2012-03-22 09:57:52

TEST-UNEXPECTED-FAIL | chrome://mochitests/content/browser/browser/components/tabview/test/browser_tabview_bug706430.js | one groupItem - Got 2, expected 1
TEST-UNEXPECTED-FAIL | chrome://mochitests/content/browser/browser/components/tabview/test/browser_tabview_bug706430.js | single groupItem has two children - Got 1, expected 2
:emk
https://tbpl.mozilla.org/php/getParsedLog.php?id=10285885&tree=Try
Rev3 WINNT 6.1 try debug test mochitest-other on 2012-03-22 10:29:16

TEST-UNEXPECTED-FAIL | chrome://mochitests/content/browser/browser/components/tabview/test/browser_tabview_bug706430.js | one groupItem - Got 2, expected 1
TEST-UNEXPECTED-FAIL | chrome://mochitests/content/browser/browser/components/tabview/test/browser_tabview_bug706430.js | single groupItem has two children - Got 1, expected 2
philor
https://tbpl.mozilla.org/php/getParsedLog.php?id=10293765&tree=Mozilla-Inbound
Rev3 WINNT 5.1 mozilla-inbound debug test mochitest-other on 2012-03-22 14:46:20

TEST-UNEXPECTED-FAIL | chrome://mochitests/content/browser/browser/components/tabview/test/browser_tabview_bug706430.js | one groupItem - Got 2, expected 1
TEST-UNEXPECTED-FAIL | chrome://mochitests/content/browser/browser/components/tabview/test/browser_tabview_bug706430.js | single groupItem has two children - Got 1, expected 2
philor
https://tbpl.mozilla.org/php/getParsedLog.php?id=10300275&tree=Mozilla-Inbound
Rev3 Fedora 12x64 mozilla-inbound debug test mochitest-other on 2012-03-22 18:29:06

TEST-UNEXPECTED-FAIL | chrome://mochitests/content/browser/browser/components/tabview/test/browser_tabview_bug706430.js | one groupItem - Got 2, expected 1
TEST-UNEXPECTED-FAIL | chrome://mochitests/content/browser/browser/components/tabview/test/browser_tabview_bug706430.js | single groupItem has two children - Got 1, expected 2
Ms2ger%gmail.com
https://tbpl.mozilla.org/php/getParsedLog.php?id=10316801&tree=Try
Rev4 MacOSX Snow Leopard 10.6 try debug test mochitest-other on 2012-03-23 07:17:39

TEST-UNEXPECTED-FAIL | chrome://mochitests/content/browser/browser/components/tabview/test/browser_tabview_bug706430.js | one groupItem - Got 2, expected 1
TEST-UNEXPECTED-FAIL | chrome://mochitests/content/browser/browser/components/tabview/test/browser_tabview_bug706430.js | single groupItem has two children - Got 1, expected 2
jwir3
https://tbpl.mozilla.org/php/getParsedLog.php?id=10328183&tree=Try
Rev3 Fedora 12x64 try debug test mochitest-other on 2012-03-23 14:18:37

TEST-UNEXPECTED-FAIL | chrome://mochitests/content/browser/browser/components/tabview/test/browser_tabview_bug706430.js | one groupItem - Got 2, expected 1
TEST-UNEXPECTED-FAIL | chrome://mochitests/content/browser/browser/components/tabview/test/browser_tabview_bug706430.js | single groupItem has two children - Got 1, expected 2
4572 ERROR TEST-UNEXPECTED-FAIL | chrome://mochitests/content/a11y/accessible/events/test_focus_menu.xul | Test timed out.
ryanvm%gmail.com
https://tbpl.mozilla.org/php/getParsedLog.php?id=10331904&tree=Mozilla-Inbound
Rev3 WINNT 5.1 mozilla-inbound debug test mochitest-other on 2012-03-23 16:06:53

13162 ERROR TEST-UNEXPECTED-FAIL | chrome://mochitests/content/chrome/layout/xul/test/test_bug159346.xul | scrollbar didn't change curpos by mousemove after cursor is back on the scrollbar button #3
TEST-UNEXPECTED-FAIL | chrome://mochitests/content/browser/browser/components/tabview/test/browser_tabview_bug706430.js | one groupItem - Got 2, expected 1
TEST-UNEXPECTED-FAIL | chrome://mochitests/content/browser/browser/components/tabview/test/browser_tabview_bug706430.js | single groupItem has two children - Got 1, expected 2
TEST-UNEXPECTED-FAIL | ShutdownLeaks | leaked 123 DOMWindow(s) and 2 DocShell(s) until shutdown
philor
https://tbpl.mozilla.org/php/getParsedLog.php?id=10341269&tree=Mozilla-Inbound
Rev3 Fedora 12x64 mozilla-inbound debug test mochitest-other on 2012-03-23 22:09:39

TEST-UNEXPECTED-FAIL | chrome://mochitests/content/browser/browser/components/tabview/test/browser_tabview_bug706430.js | one groupItem - Got 2, expected 1
TEST-UNEXPECTED-FAIL | chrome://mochitests/content/browser/browser/components/tabview/test/browser_tabview_bug706430.js | single groupItem has two children - Got 1, expected 2
ttaubert
https://tbpl.mozilla.org/php/getParsedLog.php?id=10341453&tree=Try
Rev3 WINNT 6.1 try debug test mochitest-other on 2012-03-23 22:11:57

TEST-UNEXPECTED-FAIL | chrome://mochitests/content/browser/browser/components/tabview/test/browser_tabview_bug706430.js | one groupItem - Got 3, expected 1
TEST-UNEXPECTED-FAIL | chrome://mochitests/content/browser/browser/components/tabview/test/browser_tabview_bug706430.js | single groupItem has two children - Got 0, expected 2
ryanvm%gmail.com
https://tbpl.mozilla.org/php/getParsedLog.php?id=10353428&tree=Mozilla-Inbound
Rev3 Fedora 12 mozilla-inbound debug test mochitest-other on 2012-03-24 19:28:29

TEST-UNEXPECTED-FAIL | chrome://mochitests/content/browser/browser/components/tabview/test/browser_tabview_bug706430.js | one groupItem - Got 2, expected 1
TEST-UNEXPECTED-FAIL | chrome://mochitests/content/browser/browser/components/tabview/test/browser_tabview_bug706430.js | single groupItem has two children - Got 1, expected 2
philor
https://tbpl.mozilla.org/php/getParsedLog.php?id=10360369&tree=Mozilla-Aurora
Rev3 WINNT 5.1 mozilla-aurora pgo test mochitest-other on 2012-03-25 13:43:49

TEST-UNEXPECTED-FAIL | chrome://mochitests/content/browser/browser/components/tabview/test/browser_tabview_bug706430.js | one groupItem - Got 2, expected 1
TEST-UNEXPECTED-FAIL | chrome://mochitests/content/browser/browser/components/tabview/test/browser_tabview_bug706430.js | single groupItem has two children - Got 1, expected 2
philor
https://tbpl.mozilla.org/php/getParsedLog.php?id=10365982&tree=Mozilla-Inbound
Rev3 Fedora 12 mozilla-inbound debug test mochitest-other on 2012-03-25 22:00:25

TEST-UNEXPECTED-FAIL | chrome://mochitests/content/browser/browser/components/tabview/test/browser_tabview_bug706430.js | one groupItem - Got 2, expected 1
TEST-UNEXPECTED-FAIL | chrome://mochitests/content/browser/browser/components/tabview/test/browser_tabview_bug706430.js | single groupItem has two children - Got 1, expected 2
Ms2ger%gmail.com
https://tbpl.mozilla.org/php/getParsedLog.php?id=10367862&tree=Firefox
Rev3 Fedora 12x64 mozilla-central debug test mochitest-other on 2012-03-26 00:56:02

TEST-UNEXPECTED-FAIL | chrome://mochitests/content/browser/browser/components/tabview/test/browser_tabview_bug706430.js | one groupItem - Got 2, expected 1
TEST-UNEXPECTED-FAIL | chrome://mochitests/content/browser/browser/components/tabview/test/browser_tabview_bug706430.js | single groupItem has two children - Got 1, expected 2
Will be fixed by bug 739171.
edmorley
https://tbpl.mozilla.org/php/getParsedLog.php?id=10371456&tree=Mozilla-Inbound
Rev3 Fedora 12x64 mozilla-inbound debug test mochitest-other on 2012-03-26 05:33:28

TEST-UNEXPECTED-FAIL | chrome://mochitests/content/browser/browser/components/tabview/test/browser_tabview_bug706430.js | one groupItem - Got 2, expected 1
TEST-UNEXPECTED-FAIL | chrome://mochitests/content/browser/browser/components/tabview/test/browser_tabview_bug706430.js | single groupItem has two children - Got 1, expected 2
froydnj
https://tbpl.mozilla.org/php/getParsedLog.php?id=10375348&tree=Mozilla-Inbound
Rev3 Fedora 12 mozilla-inbound debug test mochitest-other on 2012-03-26 09:39:02

13226 ERROR TEST-UNEXPECTED-FAIL | chrome://mochitests/content/chrome/layout/xul/test/test_bug159346.xul | scrollbar didn't change curpos by mousemove after cursor is back on the scrollbar button #3
TEST-UNEXPECTED-FAIL | chrome://mochitests/content/browser/browser/components/tabview/test/browser_tabview_bug706430.js | one groupItem - Got 2, expected 1
TEST-UNEXPECTED-FAIL | chrome://mochitests/content/browser/browser/components/tabview/test/browser_tabview_bug706430.js | single groupItem has two children - Got 1, expected 2
mbrubeck
https://tbpl.mozilla.org/php/getParsedLog.php?id=10378631&tree=Mozilla-Inbound
Rev3 Fedora 12 mozilla-inbound debug test mochitest-other on 2012-03-26 11:43:54

13225 ERROR TEST-UNEXPECTED-FAIL | chrome://mochitests/content/chrome/layout/xul/test/test_bug159346.xul | scrollbar didn't change curpos by mousemove after cursor is back on the scrollbar button #3
TEST-UNEXPECTED-FAIL | chrome://mochitests/content/browser/browser/components/tabview/test/browser_tabview_bug706430.js | one groupItem - Got 2, expected 1
TEST-UNEXPECTED-FAIL | chrome://mochitests/content/browser/browser/components/tabview/test/browser_tabview_bug706430.js | single groupItem has two children - Got 1, expected 2
TEST-UNEXPECTED-FAIL | automationutils.processLeakLog() | leaked 33512 bytes during test execution
TEST-UNEXPECTED-FAIL | automationutils.processLeakLog() | leaked 1 instance of BackstagePass with size 24 bytes
TEST-UNEXPECTED-FAIL | automationutils.processLeakLog() | leaked 2 instances of Mutex with size 12 bytes each (24 bytes total)
TEST-UNEXPECTED-FAIL | automationutils.processLeakLog() | leaked 6 instances of ProxyListener with size 16 bytes each (96 bytes total)
TEST-UNEXPECTED-FAIL | automationutils.processLeakLog() | leaked 1 instance of ReentrantMonitor with size 16 bytes
TEST-UNEXPECTED-FAIL | automationutils.processLeakLog() | leaked 1 instance of SharedScriptableHelperForJSIID with size 12 bytes
froydnj
https://tbpl.mozilla.org/php/getParsedLog.php?id=10382590&tree=Mozilla-Inbound
Rev3 WINNT 6.1 mozilla-inbound debug test mochitest-other on 2012-03-26 14:05:23

TEST-UNEXPECTED-FAIL | chrome://mochitests/content/browser/browser/components/tabview/test/browser_tabview_bug706430.js | one groupItem - Got 2, expected 1
TEST-UNEXPECTED-FAIL | chrome://mochitests/content/browser/browser/components/tabview/test/browser_tabview_bug706430.js | single groupItem has two children - Got 1, expected 2
philor
https://tbpl.mozilla.org/php/getParsedLog.php?id=10383599&tree=Mozilla-Inbound
Rev4 MacOSX Snow Leopard 10.6 mozilla-inbound debug test mochitest-other on 2012-03-26 14:46:40

TEST-UNEXPECTED-FAIL | chrome://mochitests/content/browser/browser/components/tabview/test/browser_tabview_bug706430.js | one groupItem - Got 2, expected 1
TEST-UNEXPECTED-FAIL | chrome://mochitests/content/browser/browser/components/tabview/test/browser_tabview_bug706430.js | single groupItem has two children - Got 1, expected 2
philor
https://tbpl.mozilla.org/php/getParsedLog.php?id=10385667&tree=Mozilla-Aurora
Rev3 Fedora 12 mozilla-aurora debug test mochitest-other on 2012-03-26 15:49:39

TEST-UNEXPECTED-FAIL | chrome://mochitests/content/browser/browser/components/tabview/test/browser_tabview_bug706430.js | one groupItem - Got 2, expected 1
TEST-UNEXPECTED-FAIL | chrome://mochitests/content/browser/browser/components/tabview/test/browser_tabview_bug706430.js | single groupItem has two children - Got 1, expected 2
smontagu
https://tbpl.mozilla.org/php/getParsedLog.php?id=10341533&tree=Try
Rev3 WINNT 6.1 try debug test mochitest-other on 2012-03-23 22:20:02

TEST-UNEXPECTED-FAIL | chrome://mochitests/content/browser/browser/components/tabview/test/browser_tabview_bug706430.js | one groupItem - Got 2, expected 1
TEST-UNEXPECTED-FAIL | chrome://mochitests/content/browser/browser/components/tabview/test/browser_tabview_bug706430.js | single groupItem has two children - Got 1, expected 2
roc%ocallahan.org
https://tbpl.mozilla.org/php/getParsedLog.php?id=10387552&tree=Mozilla-Aurora
Rev3 Fedora 12 mozilla-aurora debug test mochitest-other on 2012-03-26 16:54:21

TEST-UNEXPECTED-FAIL | chrome://mochitests/content/browser/browser/components/tabview/test/browser_tabview_bug706430.js | one groupItem - Got 2, expected 1
TEST-UNEXPECTED-FAIL | chrome://mochitests/content/browser/browser/components/tabview/test/browser_tabview_bug706430.js | single groupItem has two children - Got 1, expected 2
froydnj
https://tbpl.mozilla.org/php/getParsedLog.php?id=10407638&tree=Mozilla-Inbound
Rev4 MacOSX Snow Leopard 10.6 mozilla-inbound debug test mochitest-other on 2012-03-27 08:39:31

13233 ERROR TEST-UNEXPECTED-FAIL | chrome://mochitests/content/chrome/toolkit/components/places/tests/chrome/test_favicon_annotations.xul | an unexpected uncaught JS exception reported through window.onerror - test is not defined at chrome://mochitests/content/chrome/toolkit/components/places/tests/chrome/test_favicon_annotations.xul:1
13234 ERROR TEST-UNEXPECTED-FAIL | chrome://mochitests/content/chrome/toolkit/components/places/tests/chrome/test_favicon_annotations.xul | Test timed out.
TEST-UNEXPECTED-FAIL | chrome://mochitests/content/browser/browser/components/tabview/test/browser_tabview_bug706430.js | one groupItem - Got 2, expected 1
TEST-UNEXPECTED-FAIL | chrome://mochitests/content/browser/browser/components/tabview/test/browser_tabview_bug706430.js | single groupItem has two children - Got 1, expected 2
froydnj
https://tbpl.mozilla.org/php/getParsedLog.php?id=10412062&tree=Mozilla-Inbound
Rev3 WINNT 5.1 mozilla-inbound debug test mochitest-other on 2012-03-27 11:38:47

TEST-UNEXPECTED-FAIL | chrome://mochitests/content/browser/browser/components/tabview/test/browser_tabview_bug706430.js | one groupItem - Got 2, expected 1
TEST-UNEXPECTED-FAIL | chrome://mochitests/content/browser/browser/components/tabview/test/browser_tabview_bug706430.js | single groupItem has two children - Got 1, expected 2
jacek
https://tbpl.mozilla.org/php/getParsedLog.php?id=10431703&tree=Mozilla-Inbound
Rev3 WINNT 6.1 mozilla-inbound debug test mochitest-other on 2012-03-28 01:06:32

TEST-UNEXPECTED-FAIL | chrome://mochitests/content/browser/browser/components/tabview/test/browser_tabview_bug706430.js | one groupItem - Got 2, expected 1
TEST-UNEXPECTED-FAIL | chrome://mochitests/content/browser/browser/components/tabview/test/browser_tabview_bug706430.js | single groupItem has two children - Got 1, expected 2
philor
https://tbpl.mozilla.org/php/getParsedLog.php?id=10444243&tree=Mozilla-Inbound
Rev3 Fedora 12x64 mozilla-inbound opt test mochitest-other on 2012-03-28 10:41:46

TEST-UNEXPECTED-FAIL | chrome://mochitests/content/browser/browser/components/tabview/test/browser_tabview_bug706430.js | one groupItem - Got 3, expected 1
TEST-UNEXPECTED-FAIL | chrome://mochitests/content/browser/browser/components/tabview/test/browser_tabview_bug706430.js | single groupItem has two children - Got 0, expected 2
philor
https://tbpl.mozilla.org/php/getParsedLog.php?id=10450339&tree=Mozilla-Inbound
Rev3 WINNT 5.1 mozilla-inbound debug test mochitest-other on 2012-03-28 13:50:44

TEST-UNEXPECTED-FAIL | chrome://mochitests/content/browser/browser/components/tabview/test/browser_tabview_bug706430.js | one groupItem - Got 2, expected 1
TEST-UNEXPECTED-FAIL | chrome://mochitests/content/browser/browser/components/tabview/test/browser_tabview_bug706430.js | single groupItem has two children - Got 1, expected 2
philor
https://tbpl.mozilla.org/php/getParsedLog.php?id=10452034&tree=Mozilla-Inbound
Rev3 Fedora 12x64 mozilla-inbound debug test mochitest-other on 2012-03-28 15:04:40

TEST-UNEXPECTED-FAIL | chrome://mochitests/content/browser/browser/components/tabview/test/browser_tabview_bug706430.js | one groupItem - Got 3, expected 1
TEST-UNEXPECTED-FAIL | chrome://mochitests/content/browser/browser/components/tabview/test/browser_tabview_bug706430.js | single groupItem has two children - Got 0, expected 2
WG9s
https://tbpl.mozilla.org/php/getParsedLog.php?id=10454742&tree=Firefox
Rev3 WINNT 5.1 mozilla-central debug test mochitest-other on 2012-03-28 16:33:32

TEST-UNEXPECTED-FAIL | chrome://mochitests/content/browser/browser/components/tabview/test/browser_tabview_bug706430.js | one groupItem - Got 2, expected 1
TEST-UNEXPECTED-FAIL | chrome://mochitests/content/browser/browser/components/tabview/test/browser_tabview_bug706430.js | single groupItem has two children - Got 1, expected 2
philor
https://tbpl.mozilla.org/php/getParsedLog.php?id=10458759&tree=Mozilla-Inbound
Rev4 MacOSX Snow Leopard 10.6 mozilla-inbound debug test mochitest-other on 2012-03-28 20:25:32

TEST-UNEXPECTED-FAIL | chrome://mochitests/content/browser/browser/components/tabview/test/browser_tabview_bug706430.js | one groupItem - Got 2, expected 1
TEST-UNEXPECTED-FAIL | chrome://mochitests/content/browser/browser/components/tabview/test/browser_tabview_bug706430.js | single groupItem has two children - Got 1, expected 2
Fixed by bug 739171.
philor
https://tbpl.mozilla.org/php/getParsedLog.php?id=10500546&tree=Mozilla-Aurora
Rev3 Fedora 12 mozilla-aurora debug test mochitest-other on 2012-03-30 05:06:33

13080 ERROR TEST-UNEXPECTED-FAIL | chrome://mochitests/content/chrome/layout/xul/test/test_bug159346.xul | scrollbar didn't change curpos by mousemove after cursor is back on the scrollbar button #3
TEST-UNEXPECTED-FAIL | chrome://mochitests/content/browser/browser/components/tabview/test/browser_tabview_bug706430.js | one groupItem - Got 2, expected 1
TEST-UNEXPECTED-FAIL | chrome://mochitests/content/browser/browser/components/tabview/test/browser_tabview_bug706430.js | single groupItem has two children - Got 1, expected 2
philor
https://tbpl.mozilla.org/php/getParsedLog.php?id=10494330&tree=Mozilla-Aurora
Rev3 Fedora 12 mozilla-aurora debug test mochitest-other on 2012-03-29 23:37:34

13079 ERROR TEST-UNEXPECTED-FAIL | chrome://mochitests/content/chrome/layout/xul/test/test_bug159346.xul | scrollbar didn't change curpos by mousemove after cursor is back on the scrollbar button #3
TEST-UNEXPECTED-FAIL | chrome://mochitests/content/browser/browser/components/tabview/test/browser_tabview_bug706430.js | one groupItem - Got 3, expected 1
TEST-UNEXPECTED-FAIL | chrome://mochitests/content/browser/browser/components/tabview/test/browser_tabview_bug706430.js | single groupItem has two children - Got 0, expected 2
jfkthame
https://tbpl.mozilla.org/php/getParsedLog.php?id=10503781&tree=Mozilla-Aurora
Rev3 Fedora 12 mozilla-aurora debug test mochitest-other on 2012-03-30 07:50:41

TEST-UNEXPECTED-FAIL | chrome://mochitests/content/browser/browser/components/tabview/test/browser_tabview_bug706430.js | one groupItem - Got 2, expected 1
TEST-UNEXPECTED-FAIL | chrome://mochitests/content/browser/browser/components/tabview/test/browser_tabview_bug706430.js | single groupItem has two children - Got 1, expected 2
TEST-UNEXPECTED-FAIL | automationutils.processLeakLog() | leaked 398639 bytes during test execution
TEST-UNEXPECTED-FAIL | automationutils.processLeakLog() | leaked 202 instances of AtomImpl with size 24 bytes each (4848 bytes total)
TEST-UNEXPECTED-FAIL | automationutils.processLeakLog() | leaked 1 instance of BackstagePass with size 24 bytes
TEST-UNEXPECTED-FAIL | automationutils.processLeakLog() | leaked 8 instances of DOMCSSDeclarationImpl with size 12 bytes each (96 bytes total)
TEST-UNEXPECTED-FAIL | automationutils.processLeakLog() | leaked 8 instances of DOMCSSStyleRule with size 24 bytes each (192 bytes total)
TEST-UNEXPECTED-FAIL | automationutils.processLeakLog() | leaked 1 instance of DR_State with size 32 bytes
philor
https://tbpl.mozilla.org/php/getParsedLog.php?id=10495751&tree=Mozilla-Beta
Rev4 MacOSX Snow Leopard 10.6 mozilla-beta debug test mochitest-other on 2012-03-30 01:19:35

TEST-UNEXPECTED-FAIL | chrome://mochitests/content/browser/browser/components/tabview/test/browser_tabview_bug706430.js | one groupItem - Got 3, expected 1
TEST-UNEXPECTED-FAIL | chrome://mochitests/content/browser/browser/components/tabview/test/browser_tabview_bug706430.js | single groupItem has two children - Got 0, expected 2
edmorley
https://tbpl.mozilla.org/php/getParsedLog.php?id=10526259&tree=Mozilla-Aurora
Rev3 Fedora 12 mozilla-aurora debug test mochitest-other on 2012-03-31 01:12:09

13079 ERROR TEST-UNEXPECTED-FAIL | chrome://mochitests/content/chrome/layout/xul/test/test_bug159346.xul | scrollbar didn't change curpos by mousemove after cursor is back on the scrollbar button #3
TEST-UNEXPECTED-FAIL | chrome://mochitests/content/browser/browser/components/tabview/test/browser_tabview_bug706430.js | one groupItem - Got 2, expected 1
TEST-UNEXPECTED-FAIL | chrome://mochitests/content/browser/browser/components/tabview/test/browser_tabview_bug706430.js | single groupItem has two children - Got 1, expected 2
philor
https://tbpl.mozilla.org/php/getParsedLog.php?id=10586804&tree=Mozilla-Release
Rev4 MacOSX Snow Leopard 10.6 mozilla-release debug test mochitest-other on 2012-04-02 19:41:44

TEST-UNEXPECTED-FAIL | chrome://mochitests/content/browser/browser/components/tabview/test/browser_tabview_bug706430.js | one groupItem - Got 2, expected 1
TEST-UNEXPECTED-FAIL | chrome://mochitests/content/browser/browser/components/tabview/test/browser_tabview_bug706430.js | single groupItem has two children - Got 1, expected 2
843 ERROR TEST-UNEXPECTED-FAIL | /tests/dom/plugins/test/test_streamatclose.html | NPP_URLNotify should be called if streams are active at NPP_Destroy
MattN
https://tbpl.mozilla.org/php/getParsedLog.php?id=10608578&tree=Mozilla-Aurora
Rev3 Fedora 12x64 mozilla-aurora debug test mochitest-other on 2012-04-03 12:57:56

TEST-UNEXPECTED-FAIL | chrome://mochitests/content/browser/browser/components/tabview/test/browser_tabview_bug706430.js | one groupItem - Got 2, expected 1
TEST-UNEXPECTED-FAIL | chrome://mochitests/content/browser/browser/components/tabview/test/browser_tabview_bug706430.js | single groupItem has two children - Got 1, expected 2
philor
https://tbpl.mozilla.org/php/getParsedLog.php?id=10611727&tree=Mozilla-Aurora
Rev3 Fedora 12 mozilla-aurora debug test mochitest-other on 2012-04-03 14:38:13

TEST-UNEXPECTED-FAIL | chrome://mochitests/content/browser/browser/components/tabview/test/browser_tabview_bug706430.js | one groupItem - Got 2, expected 1
TEST-UNEXPECTED-FAIL | chrome://mochitests/content/browser/browser/components/tabview/test/browser_tabview_bug706430.js | single groupItem has two children - Got 1, expected 2
philor
https://tbpl.mozilla.org/php/getParsedLog.php?id=10610993&tree=Mozilla-Aurora
Rev3 Fedora 12 mozilla-aurora debug test mochitest-other on 2012-04-03 14:13:12

TEST-UNEXPECTED-FAIL | chrome://mochitests/content/browser/browser/components/tabview/test/browser_tabview_bug706430.js | one groupItem - Got 2, expected 1
TEST-UNEXPECTED-FAIL | chrome://mochitests/content/browser/browser/components/tabview/test/browser_tabview_bug706430.js | single groupItem has two children - Got 1, expected 2
mbrubeck
https://tbpl.mozilla.org/php/getParsedLog.php?id=10712715&tree=Mozilla-Aurora
Rev4 MacOSX Snow Leopard 10.6 mozilla-aurora debug test mochitest-other on 2012-04-06 15:58:31

TEST-UNEXPECTED-FAIL | chrome://mochitests/content/browser/browser/components/tabview/test/browser_tabview_bug706430.js | one groupItem - Got 2, expected 1
TEST-UNEXPECTED-FAIL | chrome://mochitests/content/browser/browser/components/tabview/test/browser_tabview_bug706430.js | single groupItem has two children - Got 1, expected 2
philor
https://tbpl.mozilla.org/php/getParsedLog.php?id=10775950&tree=Mozilla-Aurora
Rev4 MacOSX Snow Leopard 10.6 mozilla-aurora opt test mochitest-other on 2012-04-10 08:15:02

TEST-UNEXPECTED-FAIL | chrome://mochitests/content/browser/browser/components/tabview/test/browser_tabview_bug706430.js | one groupItem - Got 2, expected 1
TEST-UNEXPECTED-FAIL | chrome://mochitests/content/browser/browser/components/tabview/test/browser_tabview_bug706430.js | single groupItem has two children - Got 1, expected 2
m_kato%ga2.so-net.ne.jp
https://tbpl.mozilla.org/php/getParsedLog.php?id=10808611&tree=Mozilla-Aurora
Rev4 MacOSX Snow Leopard 10.6 mozilla-aurora debug test mochitest-other on 2012-04-11 04:19:39

TEST-UNEXPECTED-FAIL | chrome://mochitests/content/browser/browser/components/tabview/test/browser_tabview_bug706430.js | one groupItem - Got 2, expected 1
TEST-UNEXPECTED-FAIL | chrome://mochitests/content/browser/browser/components/tabview/test/browser_tabview_bug706430.js | single groupItem has two children - Got 1, expected 2
philor
https://tbpl.mozilla.org/php/getParsedLog.php?id=10881280&tree=Mozilla-Aurora
Rev3 Fedora 12 mozilla-aurora debug test mochitest-other on 2012-04-13 10:39:14

TEST-UNEXPECTED-FAIL | chrome://mochitests/content/browser/browser/components/tabview/test/browser_tabview_bug706430.js | one groupItem - Got 2, expected 1
TEST-UNEXPECTED-FAIL | chrome://mochitests/content/browser/browser/components/tabview/test/browser_tabview_bug706430.js | single groupItem has two children - Got 1, expected 2
jwein%mozilla.com
https://tbpl.mozilla.org/php/getParsedLog.php?id=10953418&tree=Mozilla-Aurora
Rev4 MacOSX Snow Leopard 10.6 mozilla-aurora debug test mochitest-other on 2012-04-16 15:34:12

TEST-UNEXPECTED-FAIL | chrome://mochitests/content/browser/browser/components/tabview/test/browser_tabview_bug706430.js | one groupItem - Got 2, expected 1
TEST-UNEXPECTED-FAIL | chrome://mochitests/content/browser/browser/components/tabview/test/browser_tabview_bug706430.js | single groupItem has two children - Got 1, expected 2
philor
https://tbpl.mozilla.org/php/getParsedLog.php?id=11006933&tree=Mozilla-Aurora
Rev4 MacOSX Snow Leopard 10.6 mozilla-aurora opt test mochitest-other on 2012-04-18 07:32:55
slave: talos-r4-snow-042

TEST-UNEXPECTED-FAIL | chrome://mochitests/content/browser/browser/components/tabview/test/browser_tabview_bug706430.js | one groupItem - Got 2, expected 1
TEST-UNEXPECTED-FAIL | chrome://mochitests/content/browser/browser/components/tabview/test/browser_tabview_bug706430.js | single groupItem has two children - Got 1, expected 2
philor
https://tbpl.mozilla.org/php/getParsedLog.php?id=11174399&tree=Mozilla-Beta
Rev3 Fedora 12x64 mozilla-beta pgo test mochitest-other on 2012-04-24 16:45:05
slave: talos-r3-fed64-006

TEST-UNEXPECTED-FAIL | chrome://mochitests/content/chrome/toolkit/components/aboutmemory/tests/test_memoryReporters.xul | Exited with code 1 during test run
PROCESS-CRASH | chrome://mochitests/content/chrome/toolkit/components/aboutmemory/tests/test_memoryReporters.xul | application crashed (minidump found)
Thread 0 (crashed)
TEST-UNEXPECTED-FAIL | chrome://mochitests/content/browser/browser/components/tabview/test/browser_tabview_bug706430.js | one groupItem - Got 3, expected 1
TEST-UNEXPECTED-FAIL | chrome://mochitests/content/browser/browser/components/tabview/test/browser_tabview_bug706430.js | single groupItem has two children - Got 0, expected 2
philor
https://tbpl.mozilla.org/php/getParsedLog.php?id=11538583&tree=Mozilla-Beta
Rev4 MacOSX Snow Leopard 10.6 mozilla-beta debug test mochitest-other on 2012-05-07 10:58:07
slave: talos-r4-snow-063

TEST-UNEXPECTED-FAIL | chrome://mochitests/content/browser/browser/components/tabview/test/browser_tabview_bug706430.js | one groupItem - Got 2, expected 1
TEST-UNEXPECTED-FAIL | chrome://mochitests/content/browser/browser/components/tabview/test/browser_tabview_bug706430.js | single groupItem has two children - Got 1, expected 2
philor
https://tbpl.mozilla.org/php/getParsedLog.php?id=11577281&tree=Mozilla-Beta
Rev3 Fedora 12 mozilla-beta debug test mochitest-other on 2012-05-08 11:15:24
slave: talos-r3-fed-030

TEST-UNEXPECTED-FAIL | chrome://mochitests/content/browser/browser/components/tabview/test/browser_tabview_bug706430.js | one groupItem - Got 3, expected 1
TEST-UNEXPECTED-FAIL | chrome://mochitests/content/browser/browser/components/tabview/test/browser_tabview_bug706430.js | single groupItem has two children - Got 0, expected 2
philor
https://tbpl.mozilla.org/php/getParsedLog.php?id=11740891&tree=Mozilla-Beta
Rev3 Fedora 12 mozilla-beta debug test mochitest-other on 2012-05-14 16:03:06
slave: talos-r3-fed-052

TEST-UNEXPECTED-FAIL | chrome://mochitests/content/browser/browser/components/tabview/test/browser_tabview_bug706430.js | one groupItem - Got 2, expected 1
TEST-UNEXPECTED-FAIL | chrome://mochitests/content/browser/browser/components/tabview/test/browser_tabview_bug706430.js | single groupItem has two children - Got 1, expected 2
philor
https://tbpl.mozilla.org/php/getParsedLog.php?id=11733248&tree=Mozilla-Beta
Rev4 MacOSX Snow Leopard 10.6 mozilla-beta debug test mochitest-other on 2012-05-14 12:20:39
slave: talos-r4-snow-035

TEST-UNEXPECTED-FAIL | chrome://mochitests/content/browser/browser/components/tabview/test/browser_tabview_bug706430.js | one groupItem - Got 3, expected 1
TEST-UNEXPECTED-FAIL | chrome://mochitests/content/browser/browser/components/tabview/test/browser_tabview_bug706430.js | single groupItem has two children - Got 0, expected 2
philor
https://tbpl.mozilla.org/php/getParsedLog.php?id=12046381&tree=Mozilla-Beta
Rev3 WINNT 6.1 mozilla-beta debug test mochitest-other on 2012-05-24 17:16:35
slave: talos-r3-w7-012

TEST-UNEXPECTED-FAIL | chrome://mochitests/content/browser/browser/components/tabview/test/browser_tabview_bug706430.js | one groupItem - Got 2, expected 1
TEST-UNEXPECTED-FAIL | chrome://mochitests/content/browser/browser/components/tabview/test/browser_tabview_bug706430.js | single groupItem has two children - Got 1, expected 2
philor
https://tbpl.mozilla.org/php/getParsedLog.php?id=12186313&tree=Try
Rev3 Fedora 12x64 try opt test mochitest-other on 2012-05-30 00:05:02
slave: talos-r3-fed64-066

TEST-UNEXPECTED-FAIL | chrome://mochitests/content/browser/browser/components/tabview/test/browser_tabview_bug706430.js | one groupItem - Got 2, expected 1
TEST-UNEXPECTED-FAIL | chrome://mochitests/content/browser/browser/components/tabview/test/browser_tabview_bug706430.js | single groupItem has two children - Got 1, expected 2
philor
https://tbpl.mozilla.org/php/getParsedLog.php?id=12293767&tree=Mozilla-Beta
Rev3 Fedora 12 mozilla-beta debug test mochitest-other on 2012-06-01 17:01:06
slave: talos-r3-fed-067

TEST-UNEXPECTED-FAIL | chrome://mochitests/content/browser/browser/components/tabview/test/browser_tabview_bug706430.js | one groupItem - Got 2, expected 1
TEST-UNEXPECTED-FAIL | chrome://mochitests/content/browser/browser/components/tabview/test/browser_tabview_bug706430.js | single groupItem has two children - Got 1, expected 2
log: https://treeherder.mozilla.org/logviewer.html#?repo=mozilla-inbound&job_id=7250170
repository: mozilla-inbound
start_time: 2015-03-05T06:20:20
who: tomcat[at]mozilla[dot]com
machine: talos-mtnlion-r5-005
buildname: Rev5 MacOSX Mountain Lion 10.8 mozilla-inbound debug test mochitest-devtools-chrome-2
revision: e4215563652d

TEST-UNEXPECTED-FAIL | leakcheck | default process: 3969435 bytes leaked (AnimationTimeline, AsyncLatencyLogger, AsyncStatement, AtomImpl, Attr, ...)
