Rev4 MacOSX Snow Leopard 10.6 mozilla-inbound debug test mochitest-other on 2012-09-05 19:20:23 PDT for push 35e518505ef2

slave: talos-r4-snow-047

https://tbpl.mozilla.org/php/getParsedLog.php?id=15002207&tree=Mozilla-Inbound

{
TEST-INFO | chrome://mochitests/content/browser/browser/components/sessionstore/test/browser_586068-cascaded_restore.js | Console message: [JavaScript Error: "The character encoding of the HTML document was not declared. The document will render with garbled text in some browser configurations if the document contains characters from outside the US-ASCII range. The character encoding of the page must be declared in the document or in the transfer protocol." {file: "http://example.org/#5" line: 0}]
TEST-PASS | chrome://mochitests/content/browser/browser/components/sessionstore/test/browser_586068-cascaded_restore.js | test_restore_apptabs_ondemand: load came from selected tab
WARNING: NS_ENSURE_TRUE(imageSize.width > 0 && imageSize.height > 0) failed: file ../../../layout/base/nsLayoutUtils.cpp, line 3848
TEST-UNEXPECTED-FAIL | chrome://mochitests/content/browser/browser/components/sessionstore/test/browser_586068-cascaded_restore.js | an unexpected uncaught JS exception reported through window.onerror - NS_ERROR_FAILURE: Failure at chrome://browser/content/browser.js:4567
Stack trace:
    JS frame :: chrome://mochikit/content/tests/SimpleTest/SimpleTest.js :: simpletestOnerror :: line 980

JavaScript error: chrome://browser/content/browser.js, line 4567: NS_ERROR_FAILURE: Failure
TEST-INFO | chrome://mochitests/content/browser/browser/components/sessionstore/test/browser_586068-cascaded_restore.js | Console message: [JavaScript Error: "NS_ERROR_FAILURE: Failure" {file: "chrome://browser/content/browser.js" line: 4567}]
WARNING: NS_ENSURE_TRUE(mMutable) failed: file ../../../../netwerk/base/src/nsSimpleURI.cpp, line 273
WARNING: NS_ENSURE_TRUE(mMutable) failed: file ../../../../netwerk/base/src/nsSimpleURI.cpp, line 273
++DOMWINDOW == 34 (0x14b645890) [serial = 4161] [outer = 0x14e88d1b0]
WARNING: NS_ENSURE_TRUE(mMutable) failed: file ../../../../netwerk/base/src/nsSimpleURI.cpp, line 273
WARNING: NS_ENSURE_TRUE(mMutable) failed: file ../../../../netwerk/base/src/nsSimpleURI.cpp, line 273
INFO TEST-END | chrome://mochitests/content/browser/browser/components/sessionstore/test/browser_586068-cascaded_restore.js | finished in 42115ms
}

Rev4 MacOSX Snow Leopard 10.6 mozilla-inbound debug test mochitest-other on 2012-09-05 19:20:23 PDT for push 35e518505ef2

slave: talos-r4-snow-047

https://tbpl.mozilla.org/php/getParsedLog.php?id=15002207&tree=Mozilla-Inbound

{
TEST-INFO | chrome://mochitests/content/browser/browser/components/sessionstore/test/browser_586068-cascaded_restore.js | Console message: [JavaScript Error: "The character encoding of the HTML document was not declared. The document will render with garbled text in some browser configurations if the document contains characters from outside the US-ASCII range. The character encoding of the page must be declared in the document or in the transfer protocol." {file: "http://example.org/#5" line: 0}]
TEST-PASS | chrome://mochitests/content/browser/browser/components/sessionstore/test/browser_586068-cascaded_restore.js | test_restore_apptabs_ondemand: load came from selected tab
WARNING: NS_ENSURE_TRUE(imageSize.width > 0 && imageSize.height > 0) failed: file ../../../layout/base/nsLayoutUtils.cpp, line 3848
TEST-UNEXPECTED-FAIL | chrome://mochitests/content/browser/browser/components/sessionstore/test/browser_586068-cascaded_restore.js | an unexpected uncaught JS exception reported through window.onerror - NS_ERROR_FAILURE: Failure at chrome://browser/content/browser.js:4567
Stack trace:
    JS frame :: chrome://mochikit/content/tests/SimpleTest/SimpleTest.js :: simpletestOnerror :: line 980

JavaScript error: chrome://browser/content/browser.js, line 4567: NS_ERROR_FAILURE: Failure
TEST-INFO | chrome://mochitests/content/browser/browser/components/sessionstore/test/browser_586068-cascaded_restore.js | Console message: [JavaScript Error: "NS_ERROR_FAILURE: Failure" {file: "chrome://browser/content/browser.js" line: 4567}]
WARNING: NS_ENSURE_TRUE(mMutable) failed: file ../../../../netwerk/base/src/nsSimpleURI.cpp, line 273
WARNING: NS_ENSURE_TRUE(mMutable) failed: file ../../../../netwerk/base/src/nsSimpleURI.cpp, line 273
++DOMWINDOW == 34 (0x14b645890) [serial = 4161] [outer = 0x14e88d1b0]
WARNING: NS_ENSURE_TRUE(mMutable) failed: file ../../../../netwerk/base/src/nsSimpleURI.cpp, line 273
WARNING: NS_ENSURE_TRUE(mMutable) failed: file ../../../../netwerk/base/src/nsSimpleURI.cpp, line 273
INFO TEST-END | chrome://mochitests/content/browser/browser/components/sessionstore/test/browser_586068-cascaded_restore.js | finished in 42115ms
}
edmorley
https://tbpl.mozilla.org/php/getParsedLog.php?id=15015785&tree=Mozilla-Inbound
Rev3 WINNT 6.1 mozilla-inbound debug test mochitest-other on 2012-09-06 05:19:33
slave: talos-r3-w7-004

TEST-UNEXPECTED-FAIL | chrome://mochitests/content/browser/browser/components/sessionstore/test/browser_586068-cascaded_restore.js | an unexpected uncaught JS exception reported through window.onerror - NS_ERROR_FAILURE: Failure at chrome://browser/content/browser.js:4519
philor
https://tbpl.mozilla.org/php/getParsedLog.php?id=15041395&tree=Mozilla-Inbound
Rev3 Fedora 12x64 mozilla-inbound debug test mochitest-other on 2012-09-06 22:56:43
slave: talos-r3-fed64-071

TEST-UNEXPECTED-FAIL | chrome://mochitests/content/browser/browser/components/sessionstore/test/browser_586068-cascaded_restore.js | an unexpected uncaught JS exception reported through window.onerror - NS_ERROR_FAILURE: Failure at chrome://browser/content/browser.js:4533
edmorley
https://tbpl.mozilla.org/php/getParsedLog.php?id=15044073&tree=Mozilla-Inbound
Rev3 WINNT 6.1 mozilla-inbound debug test mochitest-other on 2012-09-07 01:26:26
slave: talos-r3-w7-095

TEST-UNEXPECTED-FAIL | chrome://mochitests/content/browser/browser/components/sessionstore/test/browser_586068-cascaded_restore.js | an unexpected uncaught JS exception reported through window.onerror - NS_ERROR_FAILURE: Failure at chrome://browser/content/browser.js:4533
edmorley
https://tbpl.mozilla.org/php/getParsedLog.php?id=15045528&tree=Mozilla-Inbound
Rev3 WINNT 6.1 mozilla-inbound debug test mochitest-other on 2012-09-07 03:07:41
slave: talos-r3-w7-097

TEST-UNEXPECTED-FAIL | chrome://mochitests/content/browser/browser/components/sessionstore/test/browser_586068-cascaded_restore.js | an unexpected uncaught JS exception reported through window.onerror - NS_ERROR_FAILURE: Failure at chrome://browser/content/browser.js:4533
ryanvm%gmail.com
https://tbpl.mozilla.org/php/getParsedLog.php?id=15058836&tree=Mozilla-Inbound
Rev3 WINNT 6.1 mozilla-inbound debug test mochitest-other on 2012-09-07 13:54:15
slave: talos-r3-w7-023

TEST-UNEXPECTED-FAIL | chrome://mochitests/content/browser/browser/components/sessionstore/test/browser_586068-cascaded_restore.js | an unexpected uncaught JS exception reported through window.onerror - NS_ERROR_FAILURE: Failure at chrome://browser/content/browser.js:4535
RyanVM
https://tbpl.mozilla.org/php/getParsedLog.php?id=15059275&tree=Mozilla-Inbound
Rev3 WINNT 6.1 mozilla-inbound debug test mochitest-other on 2012-09-07 14:09:35
slave: talos-r3-w7-052

TEST-UNEXPECTED-FAIL | chrome://mochitests/content/browser/browser/components/sessionstore/test/browser_586068-cascaded_restore.js | an unexpected uncaught JS exception reported through window.onerror - NS_ERROR_FAILURE: Failure at chrome://browser/content/browser.js:4535
RyanVM
https://tbpl.mozilla.org/php/getParsedLog.php?id=15059680&tree=Mozilla-Inbound
Rev3 WINNT 6.1 mozilla-inbound debug test mochitest-other on 2012-09-07 14:26:59
slave: talos-r3-w7-019

TEST-UNEXPECTED-FAIL | chrome://mochitests/content/browser/browser/components/sessionstore/test/browser_586068-cascaded_restore.js | an unexpected uncaught JS exception reported through window.onerror - NS_ERROR_FAILURE: Failure at chrome://browser/content/browser.js:4535
RyanVM
https://tbpl.mozilla.org/php/getParsedLog.php?id=15064941&tree=Mozilla-Inbound
Rev3 WINNT 6.1 mozilla-inbound debug test mochitest-other on 2012-09-07 17:22:10
slave: talos-r3-w7-039

TEST-UNEXPECTED-FAIL | chrome://mochitests/content/browser/browser/components/sessionstore/test/browser_586068-cascaded_restore.js | an unexpected uncaught JS exception reported through window.onerror - NS_ERROR_FAILURE: Failure at chrome://browser/content/browser.js:4535
philor
https://tbpl.mozilla.org/php/getParsedLog.php?id=15069291&tree=Mozilla-Inbound
Rev4 MacOSX Lion 10.7 mozilla-inbound debug test mochitest-other on 2012-09-07 21:38:11
slave: talos-r4-lion-045

TEST-UNEXPECTED-FAIL | chrome://mochitests/content/browser/browser/components/sessionstore/test/browser_586068-cascaded_restore.js | an unexpected uncaught JS exception reported through window.onerror - NS_ERROR_FAILURE: Failure at chrome://browser/content/browser.js:4583
ryanvm%gmail.com
https://tbpl.mozilla.org/php/getParsedLog.php?id=15073139&tree=Mozilla-Inbound
Rev4 MacOSX Snow Leopard 10.6 mozilla-inbound debug test mochitest-other on 2012-09-08 04:44:30
slave: talos-r4-snow-082

TEST-UNEXPECTED-FAIL | chrome://mochitests/content/browser/browser/components/sessionstore/test/browser_586068-cascaded_restore.js | an unexpected uncaught JS exception reported through window.onerror - NS_ERROR_FAILURE: Failure at chrome://browser/content/browser.js:4583
ryanvm%gmail.com
https://tbpl.mozilla.org/php/getParsedLog.php?id=15079653&tree=Mozilla-Inbound
Rev4 MacOSX Snow Leopard 10.6 mozilla-inbound debug test mochitest-other on 2012-09-08 14:29:29
slave: talos-r4-snow-005

TEST-UNEXPECTED-FAIL | chrome://mochitests/content/browser/browser/components/sessionstore/test/browser_586068-cascaded_restore.js | an unexpected uncaught JS exception reported through window.onerror - NS_ERROR_FAILURE: Failure at chrome://browser/content/browser.js:4583
philor
https://tbpl.mozilla.org/php/getParsedLog.php?id=15079653&tree=Mozilla-Inbound
Rev4 MacOSX Snow Leopard 10.6 mozilla-inbound debug test mochitest-other on 2012-09-08 14:29:29
slave: talos-r4-snow-005

TEST-UNEXPECTED-FAIL | chrome://mochitests/content/browser/browser/components/sessionstore/test/browser_586068-cascaded_restore.js | an unexpected uncaught JS exception reported through window.onerror - NS_ERROR_FAILURE: Failure at chrome://browser/content/browser.js:4583
philor
https://tbpl.mozilla.org/php/getParsedLog.php?id=15081526&tree=Mozilla-Inbound
Rev4 MacOSX Snow Leopard 10.6 mozilla-inbound debug test mochitest-other on 2012-09-08 19:16:23
slave: talos-r4-snow-084

TEST-UNEXPECTED-FAIL | chrome://mochitests/content/browser/browser/components/sessionstore/test/browser_586068-cascaded_restore.js | an unexpected uncaught JS exception reported through window.onerror - NS_ERROR_FAILURE: Failure at chrome://browser/content/browser.js:4583
graememcc_firefox%graeme-online.co.uk
https://tbpl.mozilla.org/php/getParsedLog.php?id=15084149&tree=Mozilla-Inbound
Rev5 MacOSX Mountain Lion 10.8 mozilla-inbound debug test mochitest-other on 2012-09-09 04:32:25
slave: talos-mtnlion-r5-076

TEST-UNEXPECTED-FAIL | chrome://mochitests/content/browser/browser/components/sessionstore/test/browser_586068-cascaded_restore.js | an unexpected uncaught JS exception reported through window.onerror - NS_ERROR_FAILURE: Failure at chrome://browser/content/browser.js:4583
edmorley
https://tbpl.mozilla.org/php/getParsedLog.php?id=15103079&tree=Mozilla-Inbound
Rev4 MacOSX Snow Leopard 10.6 mozilla-inbound debug test mochitest-other on 2012-09-10 07:43:33
slave: talos-r4-snow-017

TEST-UNEXPECTED-FAIL | chrome://mochitests/content/browser/browser/components/sessionstore/test/browser_586068-cascaded_restore.js | an unexpected uncaught JS exception reported through window.onerror - NS_ERROR_FAILURE: Failure at chrome://browser/content/browser.js:4583
philor
https://tbpl.mozilla.org/php/getParsedLog.php?id=15111886&tree=Firefox
Rev4 MacOSX Snow Leopard 10.6 mozilla-central debug test mochitest-other on 2012-09-10 14:07:23
slave: talos-r4-snow-080

TEST-UNEXPECTED-FAIL | chrome://mochitests/content/browser/browser/components/privatebrowsing/test/browser/browser_privatebrowsing_cookieacceptdialog.js | an unexpected uncaught JS exception reported through window.onerror - NS_ERROR_FAILURE: Failure at chrome://browser/content/browser.js:6722
TEST-UNEXPECTED-FAIL | chrome://mochitests/content/browser/browser/components/sessionstore/test/browser_586068-cascaded_restore.js | an unexpected uncaught JS exception reported through window.onerror - NS_ERROR_FAILURE: Failure at chrome://browser/content/browser.js:4583
ryanvm%gmail.com
https://tbpl.mozilla.org/php/getParsedLog.php?id=15112060&tree=Mozilla-Inbound
Rev3 WINNT 6.1 mozilla-inbound debug test mochitest-other on 2012-09-10 13:54:27
slave: talos-r3-w7-040

firefox!mozilla::detail::GuardObjectNotificTEST-UNEXPECTED-FAIL | chrome://mochitests/content/browser/browser/components/sessionstore/test/browser_586068-cascaded_restore.js | an unexpected uncaught JS exception reported through window.onerror - NS_ERROR_FAILURE: Failure at chrome://browser/content/browser.js:4535
philor
https://tbpl.mozilla.org/php/getParsedLog.php?id=15119393&tree=Mozilla-Inbound
Rev4 MacOSX Lion 10.7 mozilla-inbound debug test mochitest-other on 2012-09-10 18:33:43
slave: talos-r4-lion-070

TEST-UNEXPECTED-FAIL | chrome://mochitests/content/browser/browser/components/sessionstore/test/browser_586068-cascaded_restore.js | an unexpected uncaught JS exception reported through window.onerror - NS_ERROR_FAILURE: Failure at chrome://browser/content/browser.js:4583
philor
https://tbpl.mozilla.org/php/getParsedLog.php?id=15133242&tree=Mozilla-Inbound
Rev3 WINNT 6.1 mozilla-inbound debug test mochitest-other on 2012-09-11 07:22:23
slave: talos-r3-w7-035

firefox!mozilla::detail::GuardObjectNotificTEST-UNEXPECTED-FAIL | chrome://mochitests/content/browser/browser/components/sessionstore/test/browser_586068-cascaded_restore.js | an unexpected uncaught JS exception reported through window.onerror - NS_ERROR_FAILURE: Failure at chrome://browser/content/browser.js:4535
philor
https://tbpl.mozilla.org/php/getParsedLog.php?id=15148540&tree=Mozilla-Inbound
Rev4 MacOSX Lion 10.7 mozilla-inbound debug test mochitest-other on 2012-09-11 17:56:29
slave: talos-r4-lion-037

TEST-UNEXPECTED-FAIL | chrome://mochitests/content/browser/browser/components/sessionstore/test/browser_586068-cascaded_restore.js | an unexpected uncaught JS exception reported through window.onerror - NS_ERROR_FAILURE: Failure at chrome://browser/content/browser.js:4583
philor
https://tbpl.mozilla.org/php/getParsedLog.php?id=15149946&tree=Firefox
Rev4 MacOSX Snow Leopard 10.6 mozilla-central debug test mochitest-other on 2012-09-11 19:12:31
slave: talos-r4-snow-050

TEST-UNEXPECTED-FAIL | chrome://mochitests/content/browser/browser/components/sessionstore/test/browser_586068-cascaded_restore.js | an unexpected uncaught JS exception reported through window.onerror - NS_ERROR_FAILURE: Failure at chrome://browser/content/browser.js:4583
philor
https://tbpl.mozilla.org/php/getParsedLog.php?id=15163275&tree=Mozilla-Inbound
Rev4 MacOSX Lion 10.7 mozilla-inbound debug test mochitest-other on 2012-09-12 07:27:54
slave: talos-r4-lion-084

TEST-UNEXPECTED-FAIL | chrome://mochitests/content/browser/browser/components/sessionstore/test/browser_586068-cascaded_restore.js | an unexpected uncaught JS exception reported through window.onerror - NS_ERROR_FAILURE: Failure at chrome://browser/content/browser.js:4586
philor
https://tbpl.mozilla.org/php/getParsedLog.php?id=15163727&tree=Mozilla-Inbound
Rev4 MacOSX Lion 10.7 mozilla-inbound debug test mochitest-other on 2012-09-12 07:55:10
slave: talos-r4-lion-042

TEST-UNEXPECTED-FAIL | chrome://mochitests/content/browser/browser/components/sessionstore/test/browser_586068-cascaded_restore.js | an unexpected uncaught JS exception reported through window.onerror - NS_ERROR_FAILURE: Failure at chrome://browser/content/browser.js:4586
philor
https://tbpl.mozilla.org/php/getParsedLog.php?id=15169779&tree=Mozilla-Inbound
Rev4 MacOSX Lion 10.7 mozilla-inbound debug test mochitest-other on 2012-09-12 11:49:33
slave: talos-r4-lion-046

TEST-UNEXPECTED-FAIL | chrome://mochitests/content/browser/browser/components/sessionstore/test/browser_586068-cascaded_restore.js | an unexpected uncaught JS exception reported through window.onerror - NS_ERROR_FAILURE: Failure at chrome://browser/content/browser.js:4586
philor
https://tbpl.mozilla.org/php/getParsedLog.php?id=15177923&tree=Services-Central
Rev4 MacOSX Lion 10.7 services-central debug test mochitest-other on 2012-09-12 17:40:17
slave: talos-r4-lion-084

TEST-UNEXPECTED-FAIL | chrome://mochitests/content/browser/browser/components/sessionstore/test/browser_586068-cascaded_restore.js | an unexpected uncaught JS exception reported through window.onerror - NS_ERROR_FAILURE: Failure at chrome://browser/content/browser.js:4584
philor
https://tbpl.mozilla.org/php/getParsedLog.php?id=15182122&tree=Mozilla-Inbound
Rev4 MacOSX Lion 10.7 mozilla-inbound debug test mochitest-other on 2012-09-12 21:05:35
slave: talos-r4-lion-033

TEST-UNEXPECTED-FAIL | chrome://mochitests/content/browser/browser/base/content/test/browser_overflowScroll.js | an unexpected uncaught JS exception reported through window.onerror - TypeError: aTab.linkedBrowser is null at chrome://browser/content/browser.js:4587
TEST-UNEXPECTED-FAIL | chrome://mochitests/content/browser/browser/components/sessionstore/test/browser_586068-cascaded_restore.js | an unexpected uncaught JS exception reported through window.onerror - NS_ERROR_FAILURE: Failure at chrome://browser/content/browser.js:4583
philor
https://tbpl.mozilla.org/php/getParsedLog.php?id=15181097&tree=Mozilla-Inbound
Rev4 MacOSX Snow Leopard 10.6 mozilla-inbound debug test mochitest-other on 2012-09-12 20:25:18
slave: talos-r4-snow-043

TEST-UNEXPECTED-FAIL | chrome://mochitests/content/browser/browser/components/sessionstore/test/browser_586068-cascaded_restore.js | an unexpected uncaught JS exception reported through window.onerror - NS_ERROR_FAILURE: Failure at chrome://browser/content/browser.js:4583
edmorley
https://tbpl.mozilla.org/php/getParsedLog.php?id=15188394&tree=Mozilla-Inbound
Rev4 MacOSX Snow Leopard 10.6 mozilla-inbound debug test mochitest-other on 2012-09-13 04:29:16
slave: talos-r4-snow-077

TEST-UNEXPECTED-FAIL | chrome://mochitests/content/browser/browser/components/sessionstore/test/browser_586068-cascaded_restore.js | an unexpected uncaught JS exception reported through window.onerror - NS_ERROR_FAILURE: Failure at chrome://browser/content/browser.js:4583
philor
https://tbpl.mozilla.org/php/getParsedLog.php?id=15192160&tree=Mozilla-Inbound
Rev4 MacOSX Snow Leopard 10.6 mozilla-inbound debug test mochitest-other on 2012-09-13 08:14:16
slave: talos-r4-snow-028

TEST-UNEXPECTED-FAIL | chrome://mochitests/content/browser/browser/components/sessionstore/test/browser_586068-cascaded_restore.js | an unexpected uncaught JS exception reported through window.onerror - NS_ERROR_FAILURE: Failure at chrome://browser/content/browser.js:4586
philor
https://tbpl.mozilla.org/php/getParsedLog.php?id=15196219&tree=Mozilla-Inbound
Rev4 MacOSX Snow Leopard 10.6 mozilla-inbound debug test mochitest-other on 2012-09-13 11:05:44
slave: talos-r4-snow-078

TEST-UNEXPECTED-FAIL | chrome://mochitests/content/browser/browser/components/sessionstore/test/browser_586068-cascaded_restore.js | an unexpected uncaught JS exception reported through window.onerror - NS_ERROR_FAILURE: Failure at chrome://browser/content/browser.js:4586
philor
https://tbpl.mozilla.org/php/getParsedLog.php?id=15200499&tree=Mozilla-Inbound
Rev4 MacOSX Lion 10.7 mozilla-inbound debug test mochitest-other on 2012-09-13 13:41:39
slave: talos-r4-lion-023

TEST-UNEXPECTED-FAIL | chrome://mochitests/content/browser/browser/components/sessionstore/test/browser_586068-cascaded_restore.js | an unexpected uncaught JS exception reported through window.onerror - NS_ERROR_FAILURE: Failure at chrome://browser/content/browser.js:4586
ryanvm%gmail.com
https://tbpl.mozilla.org/php/getParsedLog.php?id=15202141&tree=Mozilla-Inbound
Rev4 MacOSX Lion 10.7 mozilla-inbound debug test mochitest-other on 2012-09-13 14:43:13
slave: talos-r4-lion-016

TEST-UNEXPECTED-FAIL | chrome://mochitests/content/browser/browser/components/sessionstore/test/browser_586068-cascaded_restore.js | an unexpected uncaught JS exception reported through window.onerror - NS_ERROR_FAILURE: Failure at chrome://browser/content/browser.js:4586
philor
https://tbpl.mozilla.org/php/getParsedLog.php?id=15208296&tree=Firefox
Rev4 MacOSX Snow Leopard 10.6 mozilla-central debug test mochitest-other on 2012-09-13 19:27:09
slave: talos-r4-snow-055

TEST-UNEXPECTED-FAIL | chrome://mochitests/content/browser/browser/components/sessionstore/test/browser_586068-cascaded_restore.js | an unexpected uncaught JS exception reported through window.onerror - NS_ERROR_FAILURE: Failure at chrome://browser/content/browser.js:4592
jonco
https://tbpl.mozilla.org/php/getParsedLog.php?id=15213191&tree=Mozilla-Inbound
Rev4 MacOSX Snow Leopard 10.6 mozilla-inbound debug test mochitest-other on 2012-09-14 01:35:35
slave: talos-r4-snow-020

TEST-UNEXPECTED-FAIL | chrome://mochitests/content/browser/browser/components/sessionstore/test/browser_586068-cascaded_restore.js | an unexpected uncaught JS exception reported through window.onerror - NS_ERROR_FAILURE: Failure at chrome://browser/content/browser.js:4592
graememcc_firefox%graeme-online.co.uk
https://tbpl.mozilla.org/php/getParsedLog.php?id=15217493&tree=Firefox
Rev4 MacOSX Lion 10.7 mozilla-central debug test mochitest-other on 2012-09-14 05:02:23
slave: talos-r4-lion-041

TEST-UNEXPECTED-FAIL | chrome://mochitests/content/browser/browser/components/sessionstore/test/browser_586068-cascaded_restore.js | an unexpected uncaught JS exception reported through window.onerror - NS_ERROR_FAILURE: Failure at chrome://browser/content/browser.js:4592
edmorley
https://tbpl.mozilla.org/php/getParsedLog.php?id=15217667&tree=Mozilla-Inbound
Rev4 MacOSX Snow Leopard 10.6 mozilla-inbound debug test mochitest-other on 2012-09-14 05:25:15
slave: talos-r4-snow-028

TEST-UNEXPECTED-FAIL | chrome://mochitests/content/browser/browser/components/sessionstore/test/browser_586068-cascaded_restore.js | an unexpected uncaught JS exception reported through window.onerror - NS_ERROR_FAILURE: Failure at chrome://browser/content/browser.js:4592
ttaubert
https://tbpl.mozilla.org/php/getParsedLog.php?id=15220191&tree=Try
Rev4 MacOSX Snow Leopard 10.6 try debug test mochitest-other on 2012-09-14 07:33:52
slave: talos-r4-snow-007

TEST-UNEXPECTED-FAIL | chrome://mochitests/content/browser/browser/components/sessionstore/test/browser_586068-cascaded_restore.js | an unexpected uncaught JS exception reported through window.onerror - NS_ERROR_FAILURE: Failure at chrome://browser/content/browser.js:4580
TEST-UNEXPECTED-FAIL | chrome://mochitests/content/browser/browser/base/content/test/browser_aboutSyncProgress.js | leaked until shutdown [nsGlobalWindow #48 about:sync-progress]
https://tbpl.mozilla.org/php/getParsedLog.php?id=15223414&tree=Firefox
ttaubert
https://tbpl.mozilla.org/php/getParsedLog.php?id=15224840&tree=Firefox
Rev3 WINNT 6.1 mozilla-central debug test mochitest-other on 2012-09-14 11:09:27
slave: talos-r3-w7-099

TEST-UNEXPECTED-FAIL | chrome://mochitests/content/browser/browser/components/sessionstore/test/browser_586068-cascaded_restore.js | an unexpected uncaught JS exception reported through window.onerror - NS_ERROR_FAILURE: Failure at chrome://browser/content/browser.js:4544
RyanVM
https://tbpl.mozilla.org/php/getParsedLog.php?id=15225690&tree=Mozilla-Inbound
Rev5 MacOSX Mountain Lion 10.8 mozilla-inbound debug test mochitest-other on 2012-09-14 12:16:30
slave: talos-mtnlion-r5-040

TEST-UNEXPECTED-FAIL | chrome://mochitests/content/browser/browser/components/sessionstore/test/browser_586068-cascaded_restore.js | an unexpected uncaught JS exception reported through window.onerror - NS_ERROR_FAILURE: Failure at chrome://browser/content/browser.js:4592
https://tbpl.mozilla.org/php/getParsedLog.php?id=15227428&tree=Mozilla-Inbound
philor
https://tbpl.mozilla.org/php/getParsedLog.php?id=15229249&tree=Mozilla-Inbound
Rev4 MacOSX Snow Leopard 10.6 mozilla-inbound debug test mochitest-other on 2012-09-14 14:01:56
slave: talos-r4-snow-018

TEST-UNEXPECTED-FAIL | chrome://mochitests/content/browser/browser/components/sessionstore/test/browser_586068-cascaded_restore.js | an unexpected uncaught JS exception reported through window.onerror - NS_ERROR_FAILURE: Failure at chrome://browser/content/browser.js:4592
philor
https://tbpl.mozilla.org/php/getParsedLog.php?id=15229523&tree=Mozilla-Inbound
Rev5 MacOSX Mountain Lion 10.8 mozilla-inbound debug test mochitest-other on 2012-09-14 14:23:03
slave: talos-mtnlion-r5-016

TEST-UNEXPECTED-FAIL | chrome://mochitests/content/browser/browser/components/sessionstore/test/browser_586068-cascaded_restore.js | an unexpected uncaught JS exception reported through window.onerror - NS_ERROR_FAILURE: Failure at chrome://browser/content/browser.js:4592
RyanVM
https://tbpl.mozilla.org/php/getParsedLog.php?id=15231198&tree=Mozilla-Inbound
Rev4 MacOSX Snow Leopard 10.6 mozilla-inbound debug test mochitest-other on 2012-09-14 15:03:34
slave: talos-r4-snow-037

TEST-UNEXPECTED-FAIL | chrome://mochitests/content/browser/browser/components/sessionstore/test/browser_586068-cascaded_restore.js | an unexpected uncaught JS exception reported through window.onerror - NS_ERROR_FAILURE: Failure at chrome://browser/content/browser.js:4592
RyanVM
https://tbpl.mozilla.org/php/getParsedLog.php?id=15233323&tree=Mozilla-Inbound
Rev4 MacOSX Snow Leopard 10.6 mozilla-inbound debug test mochitest-other on 2012-09-14 16:21:19
slave: talos-r4-snow-007

TEST-UNEXPECTED-FAIL | chrome://mochitests/content/browser/browser/components/sessionstore/test/browser_586068-cascaded_restore.js | an unexpected uncaught JS exception reported through window.onerror - NS_ERROR_FAILURE: Failure at chrome://browser/content/browser.js:4592
RyanVM
https://tbpl.mozilla.org/php/getParsedLog.php?id=15231615&tree=Mozilla-Inbound
Rev4 MacOSX Snow Leopard 10.6 mozilla-inbound debug test mochitest-other on 2012-09-14 15:22:40
slave: talos-r4-snow-008

TEST-UNEXPECTED-FAIL | chrome://mochitests/content/browser/browser/components/sessionstore/test/browser_586068-cascaded_restore.js | an unexpected uncaught JS exception reported through window.onerror - NS_ERROR_FAILURE: Failure at chrome://browser/content/browser.js:4592
RyanVM
https://tbpl.mozilla.org/php/getParsedLog.php?id=15231845&tree=Mozilla-Inbound
Rev3 WINNT 6.1 mozilla-inbound debug test mochitest-other on 2012-09-14 15:10:13
slave: talos-r3-w7-091

TEST-UNEXPECTED-FAIL | chrome://mochitests/content/browser/browser/components/sessionstore/test/browser_586068-cascaded_restore.js | an unexpected uncaught JS exception reported through window.onerror - NS_ERROR_FAILURE: Failure at chrome://browser/content/browser.js:4544
RyanVM
https://tbpl.mozilla.org/php/getParsedLog.php?id=15234356&tree=Mozilla-Inbound
Rev4 MacOSX Snow Leopard 10.6 mozilla-inbound debug test mochitest-other on 2012-09-14 17:04:25
slave: talos-r4-snow-061

TEST-UNEXPECTED-FAIL | chrome://mochitests/content/browser/browser/components/sessionstore/test/browser_586068-cascaded_restore.js | an unexpected uncaught JS exception reported through window.onerror - NS_ERROR_FAILURE: Failure at chrome://browser/content/browser.js:4592
RyanVM
https://tbpl.mozilla.org/php/getParsedLog.php?id=15236134&tree=Firefox
Rev4 MacOSX Snow Leopard 10.6 mozilla-central debug test mochitest-other on 2012-09-14 18:30:21
slave: talos-r4-snow-045

TEST-UNEXPECTED-FAIL | chrome://mochitests/content/browser/browser/components/sessionstore/test/browser_586068-cascaded_restore.js | an unexpected uncaught JS exception reported through window.onerror - NS_ERROR_FAILURE: Failure at chrome://browser/content/browser.js:4592
RyanVM
https://tbpl.mozilla.org/php/getParsedLog.php?id=15236220&tree=Mozilla-Inbound
Rev5 MacOSX Mountain Lion 10.8 mozilla-inbound debug test mochitest-other on 2012-09-14 18:46:23
slave: talos-mtnlion-r5-012

TEST-UNEXPECTED-FAIL | chrome://mochitests/content/browser/browser/components/sessionstore/test/browser_586068-cascaded_restore.js | an unexpected uncaught JS exception reported through window.onerror - NS_ERROR_FAILURE: Failure at chrome://browser/content/browser.js:4592
TEST-UNEXPECTED-FAIL | automationutils.processLeakLog() | leaked 8171 bytes during test execution
TEST-UNEXPECTED-FAIL | automationutils.processLeakLog() | leaked 4 instances of AtomImpl with size 40 bytes each (160 bytes total)
TEST-UNEXPECTED-FAIL | automationutils.processLeakLog() | leaked 1 instance of MemoryReporter_StorageSQLite with size 24 bytes
TEST-UNEXPECTED-FAIL | automationutils.processLeakLog() | leaked 8 instances of Mutex with size 24 bytes each (192 bytes total)
TEST-UNEXPECTED-FAIL | automationutils.processLeakLog() | leaked 1 instance of QuotaCallback with size 24 bytes
TEST-UNEXPECTED-FAIL | automationutils.processLeakLog() | leaked 4 instances of QuotaCallbackData with size 16 bytes each (64 bytes total)
https://tbpl.mozilla.org/php/getParsedLog.php?id=15229151&tree=Fx-Team
ryanvm%gmail.com
https://tbpl.mozilla.org/php/getParsedLog.php?id=15237848&tree=Mozilla-Inbound
Rev3 WINNT 6.1 mozilla-inbound debug test mochitest-other on 2012-09-14 20:32:04
slave: talos-r3-w7-095

xul!JSD_JSDContextForJSContext+0x0TEST-UNEXPECTED-FAIL | chrome://mochitests/content/browser/browser/components/sessionstore/test/browser_586068-cascaded_restore.js | an unexpected uncaught JS exception reported through window.onerror - NS_ERROR_FAILURE: Failure at chrome://browser/content/browser.js:4544
TEST-UNEXPECTED-FAIL | chrome://mochitests/content/browser/browser/devtools/debugger/test/browser_dbg_createRemote.js | Test timed out
TEST-UNEXPECTED-FAIL | chrome://mochitests/content/browser/browser/devtools/debugger/test/browser_dbg_createRemote.js | Found a  after previous test timed out
TEST-UNEXPECTED-FAIL | automationutils.processLeakLog() | leaked 1352 bytes during test execution
TEST-UNEXPECTED-FAIL | automationutils.processLeakLog() | leaked 6 instances of Mutex with size 12 bytes each (72 bytes total)
TEST-UNEXPECTED-FAIL | automationutils.processLeakLog() | leaked 3 instances of ReentrantMonitor with size 16 bytes each (48 bytes total)
TEST-UNEXPECTED-FAIL | automationutils.processLeakLog() | leaked 2 instances of nsAStreamCopier with size 76 bytes each (152 bytes total)
TEST-UNEXPECTED-FAIL | automationutils.processLeakLog() | leaked 1 instance of nsDNSRecord with size 32 bytes
TEST-UNEXPECTED-FAIL | automationutils.processLeakLog() | leaked 1 instance of nsHostRecord with size 68 bytes
ryanvm%gmail.com
https://tbpl.mozilla.org/php/getParsedLog.php?id=15237918&tree=Mozilla-Inbound
Rev3 Fedora 12x64 mozilla-inbound debug test mochitest-other on 2012-09-14 21:18:17
slave: talos-r3-fed64-060

TEST-UNEXPECTED-FAIL | chrome://mochitests/content/browser/browser/components/sessionstore/test/browser_586068-cascaded_restore.js | an unexpected uncaught JS exception reported through window.onerror - NS_ERROR_FAILURE: Failure at chrome://browser/content/browser.js:4544
ryanvm%gmail.com
https://tbpl.mozilla.org/php/getParsedLog.php?id=15242679&tree=Firefox
Rev4 MacOSX Snow Leopard 10.6 mozilla-central debug test mochitest-other on 2012-09-15 06:56:18
slave: talos-r4-snow-029

27978 ERROR TEST-UNEXPECTED-PASS | chrome://mochitests/content/chrome/toolkit/identity/tests/chrome/test_sandbox.xul | Check ogg was not loaded - -1 should equal -1
TEST-UNEXPECTED-FAIL | chrome://mochitests/content/browser/browser/components/sessionstore/test/browser_586068-cascaded_restore.js | an unexpected uncaught JS exception reported through window.onerror - NS_ERROR_FAILURE: Failure at chrome://browser/content/browser.js:4592
ryanvm%gmail.com
https://tbpl.mozilla.org/php/getParsedLog.php?id=15244736&tree=Mozilla-Inbound
Rev4 MacOSX Snow Leopard 10.6 mozilla-inbound debug test mochitest-other on 2012-09-15 10:49:35
slave: talos-r4-snow-034

TEST-UNEXPECTED-FAIL | chrome://mochitests/content/browser/browser/components/sessionstore/test/browser_586068-cascaded_restore.js | an unexpected uncaught JS exception reported through window.onerror - NS_ERROR_FAILURE: Failure at chrome://browser/content/browser.js:4592
philor
https://tbpl.mozilla.org/php/getParsedLog.php?id=15244736&tree=Mozilla-Inbound
Rev4 MacOSX Snow Leopard 10.6 mozilla-inbound debug test mochitest-other on 2012-09-15 10:49:35
slave: talos-r4-snow-034

TEST-UNEXPECTED-FAIL | chrome://mochitests/content/browser/browser/components/sessionstore/test/browser_586068-cascaded_restore.js | an unexpected uncaught JS exception reported through window.onerror - NS_ERROR_FAILURE: Failure at chrome://browser/content/browser.js:4592
philor
https://tbpl.mozilla.org/php/getParsedLog.php?id=15245864&tree=Mozilla-Inbound
Rev4 MacOSX Snow Leopard 10.6 mozilla-inbound debug test mochitest-other on 2012-09-15 13:07:19
slave: talos-r4-snow-076

TEST-UNEXPECTED-FAIL | chrome://mochitests/content/browser/browser/components/sessionstore/test/browser_586068-cascaded_restore.js | an unexpected uncaught JS exception reported through window.onerror - NS_ERROR_FAILURE: Failure at chrome://browser/content/browser.js:4592
philor
https://tbpl.mozilla.org/php/getParsedLog.php?id=15245804&tree=Mozilla-Inbound
Rev3 WINNT 6.1 mozilla-inbound debug test mochitest-other on 2012-09-15 12:35:34
slave: talos-r3-w7-085

TEST-UNEXPECTED-FAIL | automationutils.processLeakLog() | leaked 16 bytes during test execution
TEST-UNEXPECTED-FAIL | automationutils.processLeakLog() | leaked 1 instance of GenericFactory with size 16 bytes
xul!JSD_JSDContextForJSContext+0x0TEST-UNEXPECTED-FAIL | chrome://mochitests/content/browser/browser/components/sessionstore/test/browser_586068-cascaded_restore.js | an unexpected uncaught JS exception reported through window.onerror - NS_ERROR_FAILURE: Failure at chrome://browser/content/browser.js:4544
ryanvm%gmail.com
https://tbpl.mozilla.org/php/getParsedLog.php?id=15247098&tree=Mozilla-Inbound
Rev4 MacOSX Snow Leopard 10.6 mozilla-inbound debug test mochitest-other on 2012-09-15 15:15:20
slave: talos-r4-snow-040

TEST-UNEXPECTED-FAIL | chrome://mochitests/content/browser/browser/components/sessionstore/test/browser_586068-cascaded_restore.js | an unexpected uncaught JS exception reported through window.onerror - NS_ERROR_FAILURE: Failure at chrome://browser/content/browser.js:4592
philor
https://tbpl.mozilla.org/php/getParsedLog.php?id=15247308&tree=Mozilla-Inbound
Rev3 WINNT 6.1 mozilla-inbound debug test mochitest-other on 2012-09-15 15:42:12
slave: talos-r3-w7-032

xul!JSD_JSDContextForJSContext+0x0TEST-UNEXPECTED-FAIL | chrome://mochitests/content/browser/browser/components/sessionstore/test/browser_586068-cascaded_restore.js | an unexpected uncaught JS exception reported through window.onerror - NS_ERROR_FAILURE: Failure at chrome://browser/content/browser.js:4544
philor
https://tbpl.mozilla.org/php/getParsedLog.php?id=15249298&tree=Firefox
Rev4 MacOSX Snow Leopard 10.6 mozilla-central debug test mochitest-other on 2012-09-15 20:26:18
slave: talos-r4-snow-042

27976 ERROR TEST-UNEXPECTED-PASS | chrome://mochitests/content/chrome/toolkit/identity/tests/chrome/test_sandbox.xul | Check webm was not loaded - -1 should equal -1
27977 ERROR TEST-UNEXPECTED-PASS | chrome://mochitests/content/chrome/toolkit/identity/tests/chrome/test_sandbox.xul | Check ogg was not loaded - -1 should equal -1
TEST-UNEXPECTED-FAIL | chrome://mochitests/content/browser/browser/components/sessionstore/test/browser_586068-cascaded_restore.js | an unexpected uncaught JS exception reported through window.onerror - NS_ERROR_FAILURE: Failure at chrome://browser/content/browser.js:4592
philor
https://tbpl.mozilla.org/php/getParsedLog.php?id=15249194&tree=Firefox
Rev5 MacOSX Mountain Lion 10.8 mozilla-central debug test mochitest-other on 2012-09-15 20:26:29
slave: talos-mtnlion-r5-043

TEST-UNEXPECTED-FAIL | chrome://mochitests/content/browser/browser/components/sessionstore/test/browser_586068-cascaded_restore.js | an unexpected uncaught JS exception reported through window.onerror - NS_ERROR_FAILURE: Failure at chrome://browser/content/browser.js:4592
philor
https://tbpl.mozilla.org/php/getParsedLog.php?id=15255101&tree=Mozilla-Inbound
Rev5 MacOSX Mountain Lion 10.8 mozilla-inbound debug test mochitest-other on 2012-09-16 10:34:29
slave: talos-mtnlion-r5-038

TEST-UNEXPECTED-FAIL | chrome://mochitests/content/browser/browser/components/sessionstore/test/browser_586068-cascaded_restore.js | an unexpected uncaught JS exception reported through window.onerror - NS_ERROR_FAILURE: Failure at chrome://browser/content/browser.js:4592
ttaubert
https://tbpl.mozilla.org/php/getParsedLog.php?id=15255604&tree=Fx-Team
Rev5 MacOSX Mountain Lion 10.8 fx-team debug test mochitest-other on 2012-09-16 11:54:29
slave: talos-mtnlion-r5-005

TEST-UNEXPECTED-FAIL | chrome://mochitests/content/browser/browser/components/sessionstore/test/browser_586068-cascaded_restore.js | an unexpected uncaught JS exception reported through window.onerror - NS_ERROR_FAILURE: Failure at chrome://browser/content/browser.js:4592
philor
https://tbpl.mozilla.org/php/getParsedLog.php?id=15255165&tree=Mozilla-Inbound
Rev3 WINNT 6.1 mozilla-inbound debug test mochitest-other on 2012-09-16 10:07:28
slave: talos-r3-w7-068

xul!JSD_JSDContextForJSContext+0x0TEST-UNEXPECTED-FAIL | chrome://mochitests/content/browser/browser/components/sessionstore/test/browser_586068-cascaded_restore.js | an unexpected uncaught JS exception reported through window.onerror - NS_ERROR_FAILURE: Failure at chrome://browser/content/browser.js:4544
4251 ERROR TEST-UNEXPECTED-FAIL | chrome://mochitests/content/a11y/accessible/events/test_focus_contextmenu.xul | test with ID = ' 'item2.1'  'escape ' key' failed. There is unexpected focus event.
philor
https://tbpl.mozilla.org/php/getParsedLog.php?id=15258264&tree=Mozilla-Inbound
Rev4 MacOSX Snow Leopard 10.6 mozilla-inbound debug test mochitest-other on 2012-09-16 14:39:18
slave: talos-r4-snow-053

TEST-UNEXPECTED-FAIL | chrome://mochitests/content/browser/browser/components/sessionstore/test/browser_586068-cascaded_restore.js | an unexpected uncaught JS exception reported through window.onerror - NS_ERROR_FAILURE: Failure at chrome://browser/content/browser.js:4592
philor
https://tbpl.mozilla.org/php/getParsedLog.php?id=15260039&tree=Mozilla-Inbound
Rev4 MacOSX Snow Leopard 10.6 mozilla-inbound debug test mochitest-other on 2012-09-16 16:32:18
slave: talos-r4-snow-076

TEST-UNEXPECTED-FAIL | chrome://mochitests/content/browser/browser/components/sessionstore/test/browser_586068-cascaded_restore.js | an unexpected uncaught JS exception reported through window.onerror - NS_ERROR_FAILURE: Failure at chrome://browser/content/browser.js:4592
philor
https://tbpl.mozilla.org/php/getParsedLog.php?id=15260998&tree=Mozilla-Inbound
Rev4 MacOSX Snow Leopard 10.6 mozilla-inbound debug test mochitest-other on 2012-09-16 18:25:19
slave: talos-r4-snow-066

TEST-UNEXPECTED-FAIL | chrome://mochitests/content/browser/browser/components/sessionstore/test/browser_586068-cascaded_restore.js | an unexpected uncaught JS exception reported through window.onerror - NS_ERROR_FAILURE: Failure at chrome://browser/content/browser.js:4592
philor
https://tbpl.mozilla.org/php/getParsedLog.php?id=15262186&tree=Mozilla-Inbound
Rev3 WINNT 6.1 mozilla-inbound debug test mochitest-other on 2012-09-16 19:51:10
slave: talos-r3-w7-052

xul!JSD_TEST-UNEXPECTED-FAIL | chrome://mochitests/content/browser/browser/components/sessionstore/test/browser_586068-cascaded_restore.js | an unexpected uncaught JS exception reported through window.onerror - NS_ERROR_FAILURE: Failure at chrome://browser/content/browser.js:4544
http://ftp.mozilla.org/pub/mozilla.org/firefox/tinderbox-builds/mozilla-inbound-win32-debug/1347843962/mozilla-inbound_win7-debug_test-mochitest-other-bm23-tests1-windows-build1766.txt.gz
philor
https://tbpl.mozilla.org/php/getParsedLog.php?id=15262865&tree=Mozilla-Inbound
Rev3 WINNT 6.1 mozilla-inbound debug test mochitest-other on 2012-09-16 20:39:30
slave: talos-r3-w7-078

xul!JSD_TEST-UNEXPECTED-FAIL | chrome://mochitests/content/browser/browser/components/sessionstore/test/browser_586068-cascaded_restore.js | an unexpected uncaught JS exception reported through window.onerror - NS_ERROR_FAILURE: Failure at chrome://browser/content/browser.js:4544
TEST-UNEXPECTED-FAIL | chrome://mochitests/content/browser/browser/devtools/debugger/test/browser_dbg_createRemote.js | Should be paused after an interrupt request. - Got false, expected true
TEST-UNEXPECTED-FAIL | chrome://mochitests/content/browser/browser/devtools/debugger/test/browser_dbg_createRemote.js | Should have one frame in the stack. - Got 0, expected 1
TEST-UNEXPECTED-FAIL | automationutils.processLeakLog() | leaked 1352 bytes during test execution
TEST-UNEXPECTED-FAIL | automationutils.processLeakLog() | leaked 6 instances of Mutex with size 12 bytes each (72 bytes total)
TEST-UNEXPECTED-FAIL | automationutils.processLeakLog() | leaked 3 instances of ReentrantMonitor with size 16 bytes each (48 bytes total)
TEST-UNEXPECTED-FAIL | automationutils.processLeakLog() | leaked 2 instances of nsAStreamCopier with size 76 bytes each (152 bytes total)
TEST-UNEXPECTED-FAIL | automationutils.processLeakLog() | leaked 1 instance of nsDNSRecord with size 32 bytes
TEST-UNEXPECTED-FAIL | automationutils.processLeakLog() | leaked 1 instance of nsHostRecord with size 68 bytes
https://tbpl.mozilla.org/php/getParsedLog.php?id=15263083&tree=Mozilla-Inbound
philor
https://tbpl.mozilla.org/php/getParsedLog.php?id=15264340&tree=Mozilla-Inbound
Rev5 MacOSX Mountain Lion 10.8 mozilla-inbound debug test mochitest-other on 2012-09-16 23:05:28
slave: talos-mtnlion-r5-067

TEST-UNEXPECTED-FAIL | chrome://mochitests/content/browser/browser/components/sessionstore/test/browser_586068-cascaded_restore.js | an unexpected uncaught JS exception reported through window.onerror - NS_ERROR_FAILURE: Failure at chrome://browser/content/browser.js:4592
TEST-UNEXPECTED-FAIL | automationutils.processLeakLog() | leaked 8171 bytes during test execution
TEST-UNEXPECTED-FAIL | automationutils.processLeakLog() | leaked 4 instances of AtomImpl with size 40 bytes each (160 bytes total)
TEST-UNEXPECTED-FAIL | automationutils.processLeakLog() | leaked 1 instance of MemoryReporter_StorageSQLite with size 24 bytes
TEST-UNEXPECTED-FAIL | automationutils.processLeakLog() | leaked 8 instances of Mutex with size 24 bytes each (192 bytes total)
TEST-UNEXPECTED-FAIL | automationutils.processLeakLog() | leaked 1 instance of QuotaCallback with size 24 bytes
TEST-UNEXPECTED-FAIL | automationutils.processLeakLog() | leaked 4 instances of QuotaCallbackData with size 16 bytes each (64 bytes total)
https://tbpl.mozilla.org/php/getParsedLog.php?id=15264434&tree=Mozilla-Inbound
philor
https://tbpl.mozilla.org/php/getParsedLog.php?id=15264740&tree=Mozilla-Inbound
Rev4 MacOSX Snow Leopard 10.6 mozilla-inbound debug test mochitest-other on 2012-09-16 23:05:18
slave: talos-r4-snow-015

TEST-UNEXPECTED-FAIL | chrome://mochitests/content/browser/browser/components/sessionstore/test/browser_586068-cascaded_restore.js | an unexpected uncaught JS exception reported through window.onerror - NS_ERROR_FAILURE: Failure at chrome://browser/content/browser.js:4592
philor
https://tbpl.mozilla.org/php/getParsedLog.php?id=15264941&tree=Mozilla-Inbound
Rev4 MacOSX Snow Leopard 10.6 mozilla-inbound debug test mochitest-other on 2012-09-16 23:16:35
slave: talos-r4-snow-023

TEST-UNEXPECTED-FAIL | chrome://mochitests/content/browser/browser/components/sessionstore/test/browser_586068-cascaded_restore.js | an unexpected uncaught JS exception reported through window.onerror - NS_ERROR_FAILURE: Failure at chrome://browser/content/browser.js:4592
Ms2ger%gmail.com
https://tbpl.mozilla.org/php/getParsedLog.php?id=15257825&tree=Try
Rev4 MacOSX Lion 10.7 try debug test mochitest-other on 2012-09-16 13:53:18
slave: talos-r4-lion-052

TEST-UNEXPECTED-FAIL | chrome://mochitests/content/browser/browser/components/sessionstore/test/browser_586068-cascaded_restore.js | an unexpected uncaught JS exception reported through window.onerror - NS_ERROR_FAILURE: Failure at chrome://browser/content/browser.js:4592
philor
https://tbpl.mozilla.org/php/getParsedLog.php?id=15265407&tree=Mozilla-Inbound
Rev3 WINNT 6.1 mozilla-inbound debug test mochitest-other on 2012-09-16 23:38:57
slave: talos-r3-w7-096

xul!JSD_TEST-UNEXPECTED-FAIL | chrome://mochitests/content/browser/browser/components/sessionstore/test/browser_586068-cascaded_restore.js | an unexpected uncaught JS exception reported through window.onerror - NS_ERROR_FAILURE: Failure at chrome://browser/content/browser.js:4544
edmorley
https://tbpl.mozilla.org/php/getParsedLog.php?id=15265853&tree=Mozilla-Inbound
Rev3 WINNT 6.1 mozilla-inbound debug test mochitest-other on 2012-09-17 00:44:11
slave: talos-r3-w7-062

xul!JSD_JSDContextForJSContext+0x0TEST-UNEXPECTED-FAIL | chrome://mochitests/content/browser/browser/components/sessionstore/test/browser_586068-cascaded_restore.js | an unexpected uncaught JS exception reported through window.onerror - NS_ERROR_FAILURE: Failure at chrome://browser/content/browser.js:4544
edmorley
https://tbpl.mozilla.org/php/getParsedLog.php?id=15267978&tree=Mozilla-Inbound
Rev4 MacOSX Snow Leopard 10.6 mozilla-inbound debug test mochitest-other on 2012-09-17 03:06:42
slave: talos-r4-snow-057

TEST-UNEXPECTED-FAIL | chrome://mochitests/content/browser/browser/components/sessionstore/test/browser_586068-cascaded_restore.js | an unexpected uncaught JS exception reported through window.onerror - NS_ERROR_FAILURE: Failure at chrome://browser/content/browser.js:4592
edmorley
https://tbpl.mozilla.org/php/getParsedLog.php?id=15268927&tree=Mozilla-Inbound
Rev3 WINNT 6.1 mozilla-inbound debug test mochitest-other on 2012-09-17 03:39:22
slave: talos-r3-w7-049

TEST-UNEXPECTED-FAIL | chrome://mochitests/content/browser/browser/components/sessionstore/test/browser_586068-cascaded_restore.js | an unexpected uncaught JS exception reported through window.onerror - NS_ERROR_FAILURE: Failure at chrome://browser/content/browser.js:4544
edmorley
https://tbpl.mozilla.org/php/getParsedLog.php?id=15268941&tree=Mozilla-Inbound
Rev3 WINNT 6.1 mozilla-inbound debug test mochitest-other on 2012-09-17 03:41:00
slave: talos-r3-w7-033

xul!JSD_TEST-UNEXPECTED-FAIL | chrome://mochitests/content/browser/browser/components/sessionstore/test/browser_586068-cascaded_restore.js | an unexpected uncaught JS exception reported through window.onerror - NS_ERROR_FAILURE: Failure at chrome://browser/content/browser.js:4544
TEST-UNEXPECTED-FAIL | chrome://mochitests/content/browser/browser/devtools/debugger/test/browser_dbg_createRemote.js | Test timed out
TEST-UNEXPECTED-FAIL | chrome://mochitests/content/browser/browser/devtools/debugger/test/browser_dbg_createRemote.js | Found a  after previous test timed out
TEST-UNEXPECTED-FAIL | automationutils.processLeakLog() | leaked 1352 bytes during test execution
TEST-UNEXPECTED-FAIL | automationutils.processLeakLog() | leaked 6 instances of Mutex with size 12 bytes each (72 bytes total)
TEST-UNEXPECTED-FAIL | automationutils.processLeakLog() | leaked 3 instances of ReentrantMonitor with size 16 bytes each (48 bytes total)
TEST-UNEXPECTED-FAIL | automationutils.processLeakLog() | leaked 2 instances of nsAStreamCopier with size 76 bytes each (152 bytes total)
TEST-UNEXPECTED-FAIL | automationutils.processLeakLog() | leaked 1 instance of nsDNSRecord with size 32 bytes
TEST-UNEXPECTED-FAIL | automationutils.processLeakLog() | leaked 1 instance of nsHostRecord with size 68 bytes
4251 ERROR TEST-UNEXPECTED-FAIL | chrome://mochitests/content/a11y/accessible/events/test_focus_contextmenu.xul | test with ID = ' 'item2.1'  'escape ' key' failed. There is unexpected focus event.
Something caused this to spike recently, it's now the #1 toporange.

http://brasstacks.mozilla.com/orangefactor/?display=Bug&bugid=789003&startday=2012-09-06&endday=2012-09-17&tree=trunk
edmorley
https://tbpl.mozilla.org/php/getParsedLog.php?id=15270662&tree=Mozilla-Inbound
Rev3 WINNT 6.1 mozilla-inbound debug test mochitest-other on 2012-09-17 05:19:19
slave: talos-r3-w7-096

xul!JSD_JSDContextForJSContext+0x0TEST-UNEXPECTED-FAIL | chrome://mochitests/content/browser/browser/components/sessionstore/test/browser_586068-cascaded_restore.js | an unexpected uncaught JS exception reported through window.onerror - NS_ERROR_FAILURE: Failure at chrome://browser/content/browser.js:4544
edmorley
https://tbpl.mozilla.org/php/getParsedLog.php?id=15270948&tree=Mozilla-Inbound
Rev3 WINNT 6.1 mozilla-inbound debug test mochitest-other on 2012-09-17 05:40:16
slave: talos-r3-w7-051

fiTEST-UNEXPECTED-FAIL | chrome://mochitests/content/browser/browser/components/sessionstore/test/browser_586068-cascaded_restore.js | an unexpected uncaught JS exception reported through window.onerror - NS_ERROR_FAILURE: Failure at chrome://browser/content/browser.js:4544
edmorley
https://tbpl.mozilla.org/php/getParsedLog.php?id=15271439&tree=Mozilla-Inbound
Rev5 MacOSX Mountain Lion 10.8 mozilla-inbound debug test mochitest-other on 2012-09-17 06:42:27
slave: talos-mtnlion-r5-009

TEST-UNEXPECTED-FAIL | chrome://mochitests/content/browser/browser/components/sessionstore/test/browser_586068-cascaded_restore.js | an unexpected uncaught JS exception reported through window.onerror - NS_ERROR_FAILURE: Failure at chrome://browser/content/browser.js:4592
edmorley
https://tbpl.mozilla.org/php/getParsedLog.php?id=15271667&tree=Mozilla-Inbound
Rev4 MacOSX Snow Leopard 10.6 mozilla-inbound debug test mochitest-other on 2012-09-17 06:42:17
slave: talos-r4-snow-006

TEST-UNEXPECTED-FAIL | chrome://mochitests/content/browser/browser/components/sessionstore/test/browser_586068-cascaded_restore.js | an unexpected uncaught JS exception reported through window.onerror - NS_ERROR_FAILURE: Failure at chrome://browser/content/browser.js:4592
edmorley
https://tbpl.mozilla.org/php/getParsedLog.php?id=15271732&tree=Mozilla-Inbound
Rev5 MacOSX Mountain Lion 10.8 mozilla-inbound debug test mochitest-other on 2012-09-17 06:59:21
slave: talos-mtnlion-r5-053

TEST-UNEXPECTED-FAIL | chrome://mochitests/content/browser/browser/components/sessionstore/test/browser_586068-cascaded_restore.js | an unexpected uncaught JS exception reported through window.onerror - NS_ERROR_FAILURE: Failure at chrome://browser/content/browser.js:4592
graememcc_firefox%graeme-online.co.uk
https://tbpl.mozilla.org/php/getParsedLog.php?id=15272902&tree=Mozilla-Inbound
Rev5 MacOSX Mountain Lion 10.8 mozilla-inbound debug test mochitest-other on 2012-09-17 07:42:27
slave: talos-mtnlion-r5-037

TEST-UNEXPECTED-FAIL | chrome://mochitests/content/browser/browser/components/sessionstore/test/browser_586068-cascaded_restore.js | an unexpected uncaught JS exception reported through window.onerror - NS_ERROR_FAILURE: Failure at chrome://browser/content/browser.js:4592
TEST-UNEXPECTED-FAIL | automationutils.processLeakLog() | leaked 8171 bytes during test execution
TEST-UNEXPECTED-FAIL | automationutils.processLeakLog() | leaked 4 instances of AtomImpl with size 40 bytes each (160 bytes total)
TEST-UNEXPECTED-FAIL | automationutils.processLeakLog() | leaked 1 instance of MemoryReporter_StorageSQLite with size 24 bytes
TEST-UNEXPECTED-FAIL | automationutils.processLeakLog() | leaked 8 instances of Mutex with size 24 bytes each (192 bytes total)
TEST-UNEXPECTED-FAIL | automationutils.processLeakLog() | leaked 1 instance of QuotaCallback with size 24 bytes
TEST-UNEXPECTED-FAIL | automationutils.processLeakLog() | leaked 4 instances of QuotaCallbackData with size 16 bytes each (64 bytes total)
https://tbpl.mozilla.org/php/getParsedLog.php?id=15273840&tree=Mozilla-Inbound
edmorley
https://tbpl.mozilla.org/php/getParsedLog.php?id=15271899&tree=Mozilla-Inbound
Rev5 MacOSX Mountain Lion 10.8 mozilla-inbound debug test mochitest-other on 2012-09-17 07:07:33
slave: talos-mtnlion-r5-008

TEST-UNEXPECTED-FAIL | chrome://mochitests/content/browser/browser/components/sessionstore/test/browser_586068-cascaded_restore.js | an unexpected uncaught JS exception reported through window.onerror - NS_ERROR_FAILURE: Failure at chrome://browser/content/browser.js:4592
edmorley
https://tbpl.mozilla.org/php/getParsedLog.php?id=15271920&tree=Mozilla-Inbound
Rev5 MacOSX Mountain Lion 10.8 mozilla-inbound debug test mochitest-other on 2012-09-17 07:07:33
slave: talos-mtnlion-r5-041

TEST-UNEXPECTED-FAIL | chrome://mochitests/content/browser/browser/components/sessionstore/test/browser_586068-cascaded_restore.js | an unexpected uncaught JS exception reported through window.onerror - NS_ERROR_FAILURE: Failure at chrome://browser/content/browser.js:4592
philor
https://tbpl.mozilla.org/php/getParsedLog.php?id=15274560&tree=Mozilla-Inbound
Rev3 WINNT 6.1 mozilla-inbound debug test mochitest-other on 2012-09-17 08:00:16
slave: talos-r3-w7-045

fiTEST-UNEXPECTED-FAIL | chrome://mochitests/content/browser/browser/components/sessionstore/test/browser_586068-cascaded_restore.js | an unexpected uncaught JS exception reported through window.onerror - NS_ERROR_FAILURE: Failure at chrome://browser/content/browser.js:4544
TEST-UNEXPECTED-FAIL | chrome://mochitests/content/browser/browser/devtools/debugger/test/browser_dbg_createRemote.js | Test timed out
TEST-UNEXPECTED-FAIL | chrome://mochitests/content/browser/browser/devtools/debugger/test/browser_dbg_createRemote.js | Found a  after previous test timed out
TEST-UNEXPECTED-FAIL | automationutils.processLeakLog() | leaked 1352 bytes during test execution
TEST-UNEXPECTED-FAIL | automationutils.processLeakLog() | leaked 6 instances of Mutex with size 12 bytes each (72 bytes total)
TEST-UNEXPECTED-FAIL | automationutils.processLeakLog() | leaked 3 instances of ReentrantMonitor with size 16 bytes each (48 bytes total)
TEST-UNEXPECTED-FAIL | automationutils.processLeakLog() | leaked 2 instances of nsAStreamCopier with size 76 bytes each (152 bytes total)
TEST-UNEXPECTED-FAIL | automationutils.processLeakLog() | leaked 1 instance of nsDNSRecord with size 32 bytes
TEST-UNEXPECTED-FAIL | automationutils.processLeakLog() | leaked 1 instance of nsHostRecord with size 68 bytes
philor
https://tbpl.mozilla.org/php/getParsedLog.php?id=15274470&tree=Mozilla-Inbound
Rev3 WINNT 5.1 mozilla-inbound debug test mochitest-other on 2012-09-17 08:00:51
slave: talos-r3-xp-043

TEST-UNEXPECTED-FAIL | chrome://mochitests/content/browser/browser/components/sessionstore/test/browser_586068-cascaded_restore.js | an unexpected uncaught JS exception reported through window.onerror - NS_ERROR_FAILURE: Failure at chrome://browser/content/browser.js:4544
philor
https://tbpl.mozilla.org/php/getParsedLog.php?id=15275454&tree=Mozilla-Inbound
Rev5 MacOSX Mountain Lion 10.8 mozilla-inbound debug test mochitest-other on 2012-09-17 09:08:22
slave: talos-mtnlion-r5-075

TEST-UNEXPECTED-FAIL | chrome://mochitests/content/browser/browser/components/sessionstore/test/browser_586068-cascaded_restore.js | an unexpected uncaught JS exception reported through window.onerror - NS_ERROR_FAILURE: Failure at chrome://browser/content/browser.js:4592
TEST-UNEXPECTED-FAIL | automationutils.processLeakLog() | leaked 8171 bytes during test execution
TEST-UNEXPECTED-FAIL | automationutils.processLeakLog() | leaked 4 instances of AtomImpl with size 40 bytes each (160 bytes total)
TEST-UNEXPECTED-FAIL | automationutils.processLeakLog() | leaked 1 instance of MemoryReporter_StorageSQLite with size 24 bytes
TEST-UNEXPECTED-FAIL | automationutils.processLeakLog() | leaked 8 instances of Mutex with size 24 bytes each (192 bytes total)
TEST-UNEXPECTED-FAIL | automationutils.processLeakLog() | leaked 1 instance of QuotaCallback with size 24 bytes
TEST-UNEXPECTED-FAIL | automationutils.processLeakLog() | leaked 4 instances of QuotaCallbackData with size 16 bytes each (64 bytes total)
graememcc_firefox%graeme-online.co.uk
https://tbpl.mozilla.org/php/getParsedLog.php?id=15274470&tree=Mozilla-Inbound
Rev3 WINNT 5.1 mozilla-inbound debug test mochitest-other on 2012-09-17 08:00:51
slave: talos-r3-xp-043

TEST-UNEXPECTED-FAIL | chrome://mochitests/content/browser/browser/components/sessionstore/test/browser_586068-cascaded_restore.js | an unexpected uncaught JS exception reported through window.onerror - NS_ERROR_FAILURE: Failure at chrome://browser/content/browser.js:4544
philor
https://tbpl.mozilla.org/php/getParsedLog.php?id=15275808&tree=Mozilla-Inbound
Rev5 MacOSX Mountain Lion 10.8 mozilla-inbound debug test mochitest-other on 2012-09-17 09:21:29
slave: talos-mtnlion-r5-026

TEST-UNEXPECTED-FAIL | chrome://mochitests/content/browser/browser/components/sessionstore/test/browser_586068-cascaded_restore.js | an unexpected uncaught JS exception reported through window.onerror - NS_ERROR_FAILURE: Failure at chrome://browser/content/browser.js:4592
terrence
https://tbpl.mozilla.org/php/getParsedLog.php?id=15234876&tree=Try
Rev4 MacOSX Lion 10.7 try debug test mochitest-other on 2012-09-14 17:19:03
slave: talos-r4-lion-064

TEST-UNEXPECTED-FAIL | chrome://mochitests/content/browser/browser/components/sessionstore/test/browser_586068-cascaded_restore.js | an unexpected uncaught JS exception reported through window.onerror - NS_ERROR_FAILURE: Failure at chrome://browser/content/browser.js:4586
edmorley
https://tbpl.mozilla.org/php/getParsedLog.php?id=15277620&tree=Mozilla-Inbound
Rev4 MacOSX Lion 10.7 mozilla-inbound debug test mochitest-other on 2012-09-17 09:56:47
slave: talos-r4-lion-045

TEST-UNEXPECTED-FAIL | chrome://mochitests/content/browser/browser/components/sessionstore/test/browser_586068-cascaded_restore.js | an unexpected uncaught JS exception reported through window.onerror - NS_ERROR_FAILURE: Failure at chrome://browser/content/browser.js:4586
edmorley
https://tbpl.mozilla.org/php/getParsedLog.php?id=15277620&tree=Mozilla-Inbound
Rev4 MacOSX Lion 10.7 mozilla-inbound debug test mochitest-other on 2012-09-17 09:56:47
slave: talos-r4-lion-045

TEST-UNEXPECTED-FAIL | chrome://mochitests/content/browser/browser/components/sessionstore/test/browser_586068-cascaded_restore.js | an unexpected uncaught JS exception reported through window.onerror - NS_ERROR_FAILURE: Failure at chrome://browser/content/browser.js:4586
philor
https://tbpl.mozilla.org/php/getParsedLog.php?id=15277602&tree=Mozilla-Inbound
Rev3 WINNT 6.1 mozilla-inbound debug test mochitest-other on 2012-09-17 09:41:32
slave: talos-r3-w7-092

fiTEST-UNEXPECTED-FAIL | chrome://mochitests/content/browser/browser/components/sessionstore/test/browser_586068-cascaded_restore.js | an unexpected uncaught JS exception reported through window.onerror - NS_ERROR_FAILURE: Failure at chrome://browser/content/browser.js:4544
TEST-UNEXPECTED-FAIL | chrome://mochitests/content/browser/browser/devtools/debugger/test/browser_dbg_createRemote.js | Test timed out
TEST-UNEXPECTED-FAIL | chrome://mochitests/content/browser/browser/devtools/debugger/test/browser_dbg_createRemote.js | Found a  after previous test timed out
TEST-UNEXPECTED-FAIL | automationutils.processLeakLog() | leaked 1352 bytes during test execution
TEST-UNEXPECTED-FAIL | automationutils.processLeakLog() | leaked 6 instances of Mutex with size 12 bytes each (72 bytes total)
TEST-UNEXPECTED-FAIL | automationutils.processLeakLog() | leaked 3 instances of ReentrantMonitor with size 16 bytes each (48 bytes total)
TEST-UNEXPECTED-FAIL | automationutils.processLeakLog() | leaked 2 instances of nsAStreamCopier with size 76 bytes each (152 bytes total)
TEST-UNEXPECTED-FAIL | automationutils.processLeakLog() | leaked 1 instance of nsDNSRecord with size 32 bytes
TEST-UNEXPECTED-FAIL | automationutils.processLeakLog() | leaked 1 instance of nsHostRecord with size 68 bytes
philor
https://tbpl.mozilla.org/php/getParsedLog.php?id=15278232&tree=Mozilla-Inbound
Rev4 MacOSX Snow Leopard 10.6 mozilla-inbound debug test mochitest-other on 2012-09-17 10:28:03
slave: talos-r4-snow-068

TEST-UNEXPECTED-FAIL | chrome://mochitests/content/browser/browser/components/sessionstore/test/browser_586068-cascaded_restore.js | an unexpected uncaught JS exception reported through window.onerror - NS_ERROR_FAILURE: Failure at chrome://browser/content/browser.js:4586
philor
https://tbpl.mozilla.org/php/getParsedLog.php?id=15279330&tree=Mozilla-Inbound
Rev4 MacOSX Snow Leopard 10.6 mozilla-inbound debug test mochitest-other on 2012-09-17 11:04:26
slave: talos-r4-snow-061

TEST-UNEXPECTED-FAIL | chrome://mochitests/content/browser/browser/components/sessionstore/test/browser_586068-cascaded_restore.js | an unexpected uncaught JS exception reported through window.onerror - NS_ERROR_FAILURE: Failure at chrome://browser/content/browser.js:4586
philor
https://tbpl.mozilla.org/php/getParsedLog.php?id=15279967&tree=Mozilla-Inbound
Rev4 MacOSX Snow Leopard 10.6 mozilla-inbound debug test mochitest-other on 2012-09-17 11:22:17
slave: talos-r4-snow-025

TEST-UNEXPECTED-FAIL | chrome://mochitests/content/browser/browser/components/sessionstore/test/browser_586068-cascaded_restore.js | an unexpected uncaught JS exception reported through window.onerror - NS_ERROR_FAILURE: Failure at chrome://browser/content/browser.js:4586
philor
https://tbpl.mozilla.org/php/getParsedLog.php?id=15279691&tree=Mozilla-Inbound
Rev4 MacOSX Snow Leopard 10.6 mozilla-inbound debug test mochitest-other on 2012-09-17 11:15:23
slave: talos-r4-snow-019

TEST-UNEXPECTED-FAIL | chrome://mochitests/content/browser/browser/components/sessionstore/test/browser_586068-cascaded_restore.js | an unexpected uncaught JS exception reported through window.onerror - NS_ERROR_FAILURE: Failure at chrome://browser/content/browser.js:4586
ttaubert
https://tbpl.mozilla.org/php/getParsedLog.php?id=15275349&tree=Fx-Team
Rev4 MacOSX Snow Leopard 10.6 fx-team debug test mochitest-other on 2012-09-17 08:49:07
slave: talos-r4-snow-062

TEST-UNEXPECTED-FAIL | chrome://mochitests/content/browser/browser/components/sessionstore/test/browser_586068-cascaded_restore.js | an unexpected uncaught JS exception reported through window.onerror - NS_ERROR_FAILURE: Failure at chrome://browser/content/browser.js:4592
ttaubert
https://tbpl.mozilla.org/php/getParsedLog.php?id=15277431&tree=Fx-Team
Rev4 MacOSX Snow Leopard 10.6 fx-team debug test mochitest-other on 2012-09-17 10:00:19
slave: talos-r4-snow-037

28019 ERROR TEST-UNEXPECTED-PASS | chrome://mochitests/content/chrome/toolkit/identity/tests/chrome/test_sandbox.xul | Check ogg was not loaded - -1 should equal -1
TEST-UNEXPECTED-FAIL | chrome://mochitests/content/browser/browser/components/sessionstore/test/browser_586068-cascaded_restore.js | an unexpected uncaught JS exception reported through window.onerror - NS_ERROR_FAILURE: Failure at chrome://browser/content/browser.js:4592
philor
https://tbpl.mozilla.org/php/getParsedLog.php?id=15281273&tree=Mozilla-Inbound
Rev5 MacOSX Mountain Lion 10.8 mozilla-inbound debug test mochitest-other on 2012-09-17 12:22:32
slave: talos-mtnlion-r5-047

TEST-UNEXPECTED-FAIL | chrome://mochitests/content/browser/browser/components/sessionstore/test/browser_586068-cascaded_restore.js | an unexpected uncaught JS exception reported through window.onerror - NS_ERROR_FAILURE: Failure at chrome://browser/content/browser.js:4586
philor
https://tbpl.mozilla.org/php/getParsedLog.php?id=15281369&tree=Mozilla-Inbound
Rev4 MacOSX Snow Leopard 10.6 mozilla-inbound debug test mochitest-other on 2012-09-17 12:11:37
slave: talos-r4-snow-043

TEST-UNEXPECTED-FAIL | chrome://mochitests/content/browser/browser/components/sessionstore/test/browser_586068-cascaded_restore.js | an unexpected uncaught JS exception reported through window.onerror - NS_ERROR_FAILURE: Failure at chrome://browser/content/browser.js:4586
philor
https://tbpl.mozilla.org/php/getParsedLog.php?id=15280937&tree=Mozilla-Inbound
Rev4 MacOSX Snow Leopard 10.6 mozilla-inbound debug test mochitest-other on 2012-09-17 11:55:42
slave: talos-r4-snow-050

TEST-UNEXPECTED-FAIL | chrome://mochitests/content/browser/browser/components/sessionstore/test/browser_586068-cascaded_restore.js | an unexpected uncaught JS exception reported through window.onerror - NS_ERROR_FAILURE: Failure at chrome://browser/content/browser.js:4586
philor
https://tbpl.mozilla.org/php/getParsedLog.php?id=15280804&tree=Mozilla-Inbound
Rev4 MacOSX Snow Leopard 10.6 mozilla-inbound debug test mochitest-other on 2012-09-17 11:53:08
slave: talos-r4-snow-004

TEST-UNEXPECTED-FAIL | chrome://mochitests/content/browser/browser/components/sessionstore/test/browser_586068-cascaded_restore.js | an unexpected uncaught JS exception reported through window.onerror - NS_ERROR_FAILURE: Failure at chrome://browser/content/browser.js:4586
philor
https://tbpl.mozilla.org/php/getParsedLog.php?id=15281767&tree=Mozilla-Inbound
Rev4 MacOSX Snow Leopard 10.6 mozilla-inbound debug test mochitest-other on 2012-09-17 12:23:51
slave: talos-r4-snow-012

TEST-UNEXPECTED-FAIL | chrome://mochitests/content/browser/browser/components/sessionstore/test/browser_586068-cascaded_restore.js | an unexpected uncaught JS exception reported through window.onerror - NS_ERROR_FAILURE: Failure at chrome://browser/content/browser.js:4586
edmorley
https://tbpl.mozilla.org/php/getParsedLog.php?id=15282785&tree=Firefox
Rev4 MacOSX Snow Leopard 10.6 mozilla-central debug test mochitest-other on 2012-09-17 12:57:43
slave: talos-r4-snow-070

TEST-UNEXPECTED-FAIL | chrome://mochitests/content/browser/browser/components/sessionstore/test/browser_586068-cascaded_restore.js | an unexpected uncaught JS exception reported through window.onerror - NS_ERROR_FAILURE: Failure at chrome://browser/content/browser.js:4586
philor
https://tbpl.mozilla.org/php/getParsedLog.php?id=15283265&tree=Mozilla-Inbound
Rev4 MacOSX Snow Leopard 10.6 mozilla-inbound debug test mochitest-other on 2012-09-17 13:22:56
slave: talos-r4-snow-084

TEST-UNEXPECTED-FAIL | chrome://mochitests/content/browser/browser/components/sessionstore/test/browser_586068-cascaded_restore.js | an unexpected uncaught JS exception reported through window.onerror - NS_ERROR_FAILURE: Failure at chrome://browser/content/browser.js:4586
philor
https://tbpl.mozilla.org/php/getParsedLog.php?id=15284575&tree=Mozilla-Inbound
Rev5 MacOSX Mountain Lion 10.8 mozilla-inbound debug test mochitest-other on 2012-09-17 14:33:25
slave: talos-mtnlion-r5-058

TEST-UNEXPECTED-FAIL | chrome://mochitests/content/browser/browser/components/sessionstore/test/browser_586068-cascaded_restore.js | an unexpected uncaught JS exception reported through window.onerror - NS_ERROR_FAILURE: Failure at chrome://browser/content/browser.js:4586
philor
https://tbpl.mozilla.org/php/getParsedLog.php?id=15285358&tree=Mozilla-Inbound
Rev4 MacOSX Snow Leopard 10.6 mozilla-inbound debug test mochitest-other on 2012-09-17 14:47:18
slave: talos-r4-snow-035

TEST-UNEXPECTED-FAIL | chrome://mochitests/content/browser/browser/components/sessionstore/test/browser_586068-cascaded_restore.js | an unexpected uncaught JS exception reported through window.onerror - NS_ERROR_FAILURE: Failure at chrome://browser/content/browser.js:4586
philor
https://tbpl.mozilla.org/php/getParsedLog.php?id=15284922&tree=Mozilla-Inbound
Rev4 MacOSX Lion 10.7 mozilla-inbound debug test mochitest-other on 2012-09-17 14:19:11
slave: talos-r4-lion-011

28182 ERROR TEST-UNEXPECTED-FAIL | chrome://mochitests/content/chrome/toolkit/mozapps/downloads/tests/chrome/test_destinationURI_annotation.xul | file destination was set correctly
28183 ERROR TEST-UNEXPECTED-FAIL | chrome://mochitests/content/chrome/toolkit/mozapps/downloads/tests/chrome/test_destinationURI_annotation.xul | file name was set correctly
TEST-UNEXPECTED-FAIL | chrome://mochitests/content/browser/browser/components/sessionstore/test/browser_586068-cascaded_restore.js | an unexpected uncaught JS exception reported through window.onerror - NS_ERROR_FAILURE: Failure at chrome://browser/content/browser.js:4586
ryanvm%gmail.com
https://tbpl.mozilla.org/php/getParsedLog.php?id=15285625&tree=Mozilla-Inbound
Rev3 Fedora 12x64 mozilla-inbound debug test mochitest-other on 2012-09-17 15:02:48
slave: talos-r3-fed64-011

TEST-UNEXPECTED-FAIL | chrome://mochitests/content/browser/browser/components/sessionstore/test/browser_586068-cascaded_restore.js | an unexpected uncaught JS exception reported through window.onerror - NS_ERROR_FAILURE: Failure at chrome://browser/content/browser.js:4538
ryanvm%gmail.com
https://tbpl.mozilla.org/php/getParsedLog.php?id=15286729&tree=Mozilla-Inbound
Rev4 MacOSX Snow Leopard 10.6 mozilla-inbound debug test mochitest-other on 2012-09-17 15:28:59
slave: talos-r4-snow-018

TEST-UNEXPECTED-FAIL | chrome://mochitests/content/browser/browser/components/sessionstore/test/browser_586068-cascaded_restore.js | an unexpected uncaught JS exception reported through window.onerror - NS_ERROR_FAILURE: Failure at chrome://browser/content/browser.js:4586
ryanvm%gmail.com
https://tbpl.mozilla.org/php/getParsedLog.php?id=15287159&tree=Mozilla-Inbound
Rev3 WINNT 6.1 mozilla-inbound debug test mochitest-other on 2012-09-17 15:19:47
slave: talos-r3-w7-041

TEST-UNEXPECTED-FAIL | chrome://mochitests/content/browser/browser/components/sessionstore/test/browser_586068-cascaded_restore.js | an unexpected uncaught JS exception reported through window.onerror - NS_ERROR_FAILURE: Failure at chrome://browser/content/browser.js:4538
ryanvm%gmail.com
https://tbpl.mozilla.org/php/getParsedLog.php?id=15287679&tree=Mozilla-Inbound
Rev4 MacOSX Snow Leopard 10.6 mozilla-inbound debug test mochitest-other on 2012-09-17 15:57:42
slave: talos-r4-snow-034

TEST-UNEXPECTED-FAIL | chrome://mochitests/content/browser/browser/components/sessionstore/test/browser_586068-cascaded_restore.js | an unexpected uncaught JS exception reported through window.onerror - NS_ERROR_FAILURE: Failure at chrome://browser/content/browser.js:4586
ryanvm%gmail.com
https://tbpl.mozilla.org/php/getParsedLog.php?id=15290848&tree=Mozilla-Inbound
Rev5 MacOSX Mountain Lion 10.8 mozilla-inbound debug test mochitest-other on 2012-09-17 17:53:21
slave: talos-mtnlion-r5-085

TEST-UNEXPECTED-FAIL | chrome://mochitests/content/browser/browser/components/sessionstore/test/browser_586068-cascaded_restore.js | an unexpected uncaught JS exception reported through window.onerror - NS_ERROR_FAILURE: Failure at chrome://browser/content/browser.js:4586
philor
https://tbpl.mozilla.org/php/getParsedLog.php?id=15291234&tree=Mozilla-Inbound
Rev4 MacOSX Snow Leopard 10.6 mozilla-inbound debug test mochitest-other on 2012-09-17 17:53:14
slave: talos-r4-snow-019

TEST-UNEXPECTED-FAIL | chrome://mochitests/content/browser/browser/components/sessionstore/test/browser_586068-cascaded_restore.js | an unexpected uncaught JS exception reported through window.onerror - NS_ERROR_FAILURE: Failure at chrome://browser/content/browser.js:4586
philor
https://tbpl.mozilla.org/php/getParsedLog.php?id=15292047&tree=Mozilla-Inbound
Rev5 MacOSX Mountain Lion 10.8 mozilla-inbound debug test mochitest-other on 2012-09-17 18:33:20
slave: talos-mtnlion-r5-005

TEST-UNEXPECTED-FAIL | chrome://mochitests/content/browser/browser/components/sessionstore/test/browser_586068-cascaded_restore.js | an unexpected uncaught JS exception reported through window.onerror - NS_ERROR_FAILURE: Failure at chrome://browser/content/browser.js:4586
philor
https://tbpl.mozilla.org/php/getParsedLog.php?id=15292772&tree=Mozilla-Inbound
Rev4 MacOSX Snow Leopard 10.6 mozilla-inbound debug test mochitest-other on 2012-09-17 18:45:04
slave: talos-r4-snow-057

TEST-UNEXPECTED-FAIL | chrome://mochitests/content/browser/browser/components/sessionstore/test/browser_586068-cascaded_restore.js | an unexpected uncaught JS exception reported through window.onerror - NS_ERROR_FAILURE: Failure at chrome://browser/content/browser.js:4586
philor
https://tbpl.mozilla.org/php/getParsedLog.php?id=15293238&tree=Mozilla-Inbound
Rev3 Fedora 12x64 mozilla-inbound debug test mochitest-other on 2012-09-17 19:10:11
slave: talos-r3-fed64-034

TEST-UNEXPECTED-FAIL | chrome://mochitests/content/browser/browser/components/sessionstore/test/browser_586068-cascaded_restore.js | an unexpected uncaught JS exception reported through window.onerror - NS_ERROR_FAILURE: Failure at chrome://browser/content/browser.js:4538
philor
https://tbpl.mozilla.org/php/getParsedLog.php?id=15295075&tree=Mozilla-Inbound
Rev4 MacOSX Snow Leopard 10.6 mozilla-inbound debug test mochitest-other on 2012-09-17 20:22:12
slave: talos-r4-snow-012

TEST-UNEXPECTED-FAIL | chrome://mochitests/content/browser/browser/components/sessionstore/test/browser_586068-cascaded_restore.js | an unexpected uncaught JS exception reported through window.onerror - NS_ERROR_FAILURE: Failure at chrome://browser/content/browser.js:4586
philor
https://tbpl.mozilla.org/php/getParsedLog.php?id=15295544&tree=Mozilla-Inbound
Rev4 MacOSX Snow Leopard 10.6 mozilla-inbound debug test mochitest-other on 2012-09-17 20:42:19
slave: talos-r4-snow-082

TEST-UNEXPECTED-FAIL | chrome://mochitests/content/browser/browser/components/sessionstore/test/browser_586068-cascaded_restore.js | an unexpected uncaught JS exception reported through window.onerror - NS_ERROR_FAILURE: Failure at chrome://browser/content/browser.js:4586
philor
https://tbpl.mozilla.org/php/getParsedLog.php?id=15295155&tree=Mozilla-Inbound
Rev5 MacOSX Mountain Lion 10.8 mozilla-inbound debug test mochitest-other on 2012-09-17 20:42:15
slave: talos-mtnlion-r5-040

TEST-UNEXPECTED-FAIL | chrome://mochitests/content/browser/browser/components/sessionstore/test/browser_586068-cascaded_restore.js | an unexpected uncaught JS exception reported through window.onerror - NS_ERROR_FAILURE: Failure at chrome://browser/content/browser.js:4586
hobophobe
https://tbpl.mozilla.org/php/getParsedLog.php?id=15292121&tree=Try
Rev4 MacOSX Snow Leopard 10.6 try debug test mochitest-other on 2012-09-17 18:19:41
slave: talos-r4-snow-082

TEST-UNEXPECTED-FAIL | chrome://mochitests/content/browser/browser/components/sessionstore/test/browser_586068-cascaded_restore.js | an unexpected uncaught JS exception reported through window.onerror - NS_ERROR_FAILURE: Failure at chrome://browser/content/browser.js:4586
philor
https://tbpl.mozilla.org/php/getParsedLog.php?id=15296172&tree=Mozilla-Inbound
Rev4 MacOSX Lion 10.7 mozilla-inbound debug test mochitest-other on 2012-09-17 21:06:33
slave: talos-r4-lion-060

TEST-UNEXPECTED-FAIL | chrome://mochitests/content/browser/browser/components/sessionstore/test/browser_586068-cascaded_restore.js | an unexpected uncaught JS exception reported through window.onerror - NS_ERROR_FAILURE: Failure at chrome://browser/content/browser.js:4586
philor
https://tbpl.mozilla.org/php/getParsedLog.php?id=15296867&tree=Mozilla-Inbound
Rev3 WINNT 6.1 mozilla-inbound debug test mochitest-other on 2012-09-17 21:22:41
slave: talos-r3-w7-024

xul!TEST-UNEXPECTED-FAIL | chrome://mochitests/content/browser/browser/components/sessionstore/test/browser_586068-cascaded_restore.js | an unexpected uncaught JS exception reported through window.onerror - NS_ERROR_FAILURE: Failure at chrome://browser/content/browser.js:4538
ttaubert
https://tbpl.mozilla.org/php/getParsedLog.php?id=15297975&tree=Fx-Team
Rev4 MacOSX Snow Leopard 10.6 fx-team debug test mochitest-other on 2012-09-17 23:06:21
slave: talos-r4-snow-064

TEST-UNEXPECTED-FAIL | chrome://mochitests/content/browser/browser/components/sessionstore/test/browser_586068-cascaded_restore.js | an unexpected uncaught JS exception reported through window.onerror - NS_ERROR_FAILURE: Failure at chrome://browser/content/browser.js:4592
graememcc_firefox%graeme-online.co.uk
https://tbpl.mozilla.org/php/getParsedLog.php?id=15295321&tree=Mozilla-Inbound
Rev3 WINNT 6.1 mozilla-inbound debug test mochitest-other on 2012-09-17 20:10:08
slave: talos-r3-w7-087

xul!TEST-UNEXPECTED-FAIL | chrome://mochitests/content/browser/browser/components/sessionstore/test/browser_586068-cascaded_restore.js | an unexpected uncaught JS exception reported through window.onerror - NS_ERROR_FAILURE: Failure at chrome://browser/content/browser.js:4538
TEST-UNEXPECTED-FAIL | chrome://mochitests/content/browser/browser/devtools/debugger/test/browser_dbg_createRemote.js | Test timed out
TEST-UNEXPECTED-FAIL | chrome://mochitests/content/browser/browser/devtools/debugger/test/browser_dbg_createRemote.js | Found a  after previous test timed out
TEST-UNEXPECTED-FAIL | automationutils.processLeakLog() | leaked 1352 bytes during test execution
TEST-UNEXPECTED-FAIL | automationutils.processLeakLog() | leaked 6 instances of Mutex with size 12 bytes each (72 bytes total)
TEST-UNEXPECTED-FAIL | automationutils.processLeakLog() | leaked 3 instances of ReentrantMonitor with size 16 bytes each (48 bytes total)
TEST-UNEXPECTED-FAIL | automationutils.processLeakLog() | leaked 2 instances of nsAStreamCopier with size 76 bytes each (152 bytes total)
TEST-UNEXPECTED-FAIL | automationutils.processLeakLog() | leaked 1 instance of nsDNSRecord with size 32 bytes
TEST-UNEXPECTED-FAIL | automationutils.processLeakLog() | leaked 1 instance of nsHostRecord with size 68 bytes
ttaubert
https://tbpl.mozilla.org/php/getParsedLog.php?id=15298811&tree=Fx-Team
Rev4 MacOSX Snow Leopard 10.6 fx-team debug test mochitest-other on 2012-09-18 00:40:18
slave: talos-r4-snow-053

TEST-UNEXPECTED-FAIL | chrome://mochitests/content/browser/browser/components/sessionstore/test/browser_586068-cascaded_restore.js | an unexpected uncaught JS exception reported through window.onerror - NS_ERROR_FAILURE: Failure at chrome://browser/content/browser.js:4592
bholley
https://tbpl.mozilla.org/php/getParsedLog.php?id=15285337&tree=Try
Rev3 WINNT 6.1 try debug test mochitest-other on 2012-09-17 14:17:14
slave: talos-r3-w7-088

xul!JSD_TEST-UNEXPECTED-FAIL | chrome://mochitests/content/browser/browser/components/sessionstore/test/browser_586068-cascaded_restore.js | an unexpected uncaught JS exception reported through window.onerror - NS_ERROR_FAILURE: Failure at chrome://browser/content/browser.js:4544
ttaubert
https://tbpl.mozilla.org/php/getParsedLog.php?id=15300114&tree=Try
Rev5 MacOSX Mountain Lion 10.8 try debug test mochitest-other on 2012-09-18 02:39:29
slave: talos-mtnlion-r5-082

TEST-UNEXPECTED-FAIL | chrome://mochitests/content/browser/browser/components/sessionstore/test/browser_586068-cascaded_restore.js | an unexpected uncaught JS exception reported through window.onerror - NS_ERROR_FAILURE: Failure at chrome://browser/content/browser.js:4592
ttaubert
https://tbpl.mozilla.org/php/getParsedLog.php?id=15300217&tree=Fx-Team
Rev4 MacOSX Snow Leopard 10.6 fx-team debug test mochitest-other on 2012-09-18 02:31:18
slave: talos-r4-snow-075

TEST-UNEXPECTED-FAIL | chrome://mochitests/content/browser/browser/components/sessionstore/test/browser_586068-cascaded_restore.js | an unexpected uncaught JS exception reported through window.onerror - NS_ERROR_FAILURE: Failure at chrome://browser/content/browser.js:4592
ttaubert
https://tbpl.mozilla.org/php/getParsedLog.php?id=15300040&tree=Fx-Team
Rev3 Fedora 12x64 fx-team debug test mochitest-other on 2012-09-18 02:30:19
slave: talos-r3-fed64-042

TEST-UNEXPECTED-FAIL | chrome://mochitests/content/browser/browser/components/sessionstore/test/browser_586068-cascaded_restore.js | an unexpected uncaught JS exception reported through window.onerror - NS_ERROR_FAILURE: Failure at chrome://browser/content/browser.js:4544
graememcc_firefox%graeme-online.co.uk
https://tbpl.mozilla.org/php/getParsedLog.php?id=15306128&tree=Mozilla-Inbound
Rev3 WINNT 6.1 mozilla-inbound debug test mochitest-other on 2012-09-18 06:06:33
slave: talos-r3-w7-042

xul!TEST-UNEXPECTED-FAIL | chrome://mochitests/content/browser/browser/components/sessionstore/test/browser_586068-cascaded_restore.js | an unexpected uncaught JS exception reported through window.onerror - NS_ERROR_FAILURE: Failure at chrome://browser/content/browser.js:4538
philor
https://tbpl.mozilla.org/php/getParsedLog.php?id=15306880&tree=Mozilla-Inbound
Rev5 MacOSX Mountain Lion 10.8 mozilla-inbound debug test mochitest-other on 2012-09-18 07:08:23
slave: talos-mtnlion-r5-045

TEST-UNEXPECTED-FAIL | chrome://mochitests/content/browser/browser/components/sessionstore/test/browser_586068-cascaded_restore.js | an unexpected uncaught JS exception reported through window.onerror - NS_ERROR_FAILURE: Failure at chrome://browser/content/browser.js:4586
graememcc_firefox%graeme-online.co.uk
https://tbpl.mozilla.org/php/getParsedLog.php?id=15307496&tree=Mozilla-Inbound
Rev3 WINNT 6.1 mozilla-inbound debug test mochitest-other on 2012-09-18 06:50:22
slave: talos-r3-w7-066

xul!TEST-UNEXPECTED-FAIL | chrome://mochitests/content/browser/browser/components/sessionstore/test/browser_586068-cascaded_restore.js | an unexpected uncaught JS exception reported through window.onerror - NS_ERROR_FAILURE: Failure at chrome://browser/content/browser.js:4538
4251 ERROR TEST-UNEXPECTED-FAIL | chrome://mochitests/content/a11y/accessible/events/test_focus_contextmenu.xul | test with ID = ' 'item2.1'  'escape ' key' failed. There is unexpected focus event.
graememcc_firefox%graeme-online.co.uk
https://tbpl.mozilla.org/php/getParsedLog.php?id=15308751&tree=Mozilla-Inbound
Rev5 MacOSX Mountain Lion 10.8 mozilla-inbound debug test mochitest-other on 2012-09-18 08:09:17
slave: talos-mtnlion-r5-020

TEST-UNEXPECTED-FAIL | chrome://mochitests/content/browser/browser/components/sessionstore/test/browser_586068-cascaded_restore.js | an unexpected uncaught JS exception reported through window.onerror - NS_ERROR_FAILURE: Failure at chrome://browser/content/browser.js:4586
Ms2ger%gmail.com
https://tbpl.mozilla.org/php/getParsedLog.php?id=15308145&tree=Try
Rev5 MacOSX Mountain Lion 10.8 try debug test mochitest-other on 2012-09-18 07:48:45
slave: talos-mtnlion-r5-016

TEST-UNEXPECTED-FAIL | chrome://mochitests/content/browser/browser/components/sessionstore/test/browser_586068-cascaded_restore.js | an unexpected uncaught JS exception reported through window.onerror - NS_ERROR_FAILURE: Failure at chrome://browser/content/browser.js:4592
philor
https://tbpl.mozilla.org/php/getParsedLog.php?id=15310271&tree=Mozilla-Inbound
Rev3 WINNT 6.1 mozilla-inbound debug test mochitest-other on 2012-09-18 08:32:10
slave: talos-r3-w7-060

xul!TEST-UNEXPECTED-FAIL | chrome://mochitests/content/browser/browser/components/sessionstore/test/browser_586068-cascaded_restore.js | an unexpected uncaught JS exception reported through window.onerror - NS_ERROR_FAILURE: Failure at chrome://browser/content/browser.js:4538
hobophobe
https://tbpl.mozilla.org/php/getParsedLog.php?id=15297247&tree=Try
Rev3 WINNT 6.1 try debug test mochitest-other on 2012-09-17 21:45:34
slave: talos-r3-w7-042

fiTEST-UNEXPECTED-FAIL | chrome://mochitests/content/browser/browser/components/sessionstore/test/browser_586068-cascaded_restore.js | an unexpected uncaught JS exception reported through window.onerror - NS_ERROR_FAILURE: Failure at chrome://browser/content/browser.js:4538
philor
https://tbpl.mozilla.org/php/getParsedLog.php?id=15316158&tree=Mozilla-Inbound
Rev4 MacOSX Snow Leopard 10.6 mozilla-inbound debug test mochitest-other on 2012-09-18 12:32:30
slave: talos-r4-snow-080

TEST-UNEXPECTED-FAIL | chrome://mochitests/content/browser/browser/components/sessionstore/test/browser_586068-cascaded_restore.js | an unexpected uncaught JS exception reported through window.onerror - NS_ERROR_FAILURE: Failure at chrome://browser/content/browser.js:4586
philor
https://tbpl.mozilla.org/php/getParsedLog.php?id=15316339&tree=Mozilla-Inbound
Rev3 WINNT 6.1 mozilla-inbound debug test mochitest-other on 2012-09-18 12:16:02
slave: talos-r3-w7-061

xul!TEST-UNEXPECTED-FAIL | chrome://mochitests/content/browser/browser/components/sessionstore/test/browser_586068-cascaded_restore.js | an unexpected uncaught JS exception reported through window.onerror - NS_ERROR_FAILURE: Failure at chrome://browser/content/browser.js:4538
philor
https://tbpl.mozilla.org/php/getParsedLog.php?id=15316552&tree=Mozilla-Inbound
Rev5 MacOSX Mountain Lion 10.8 mozilla-inbound debug test mochitest-other on 2012-09-18 13:01:33
slave: talos-mtnlion-r5-011

TEST-UNEXPECTED-FAIL | chrome://mochitests/content/browser/browser/components/sessionstore/test/browser_586068-cascaded_restore.js | an unexpected uncaught JS exception reported through window.onerror - NS_ERROR_FAILURE: Failure at chrome://browser/content/browser.js:4586
philor
https://tbpl.mozilla.org/php/getParsedLog.php?id=15316438&tree=Mozilla-Inbound
Rev5 MacOSX Mountain Lion 10.8 mozilla-inbound debug test mochitest-other on 2012-09-18 12:57:38
slave: talos-mtnlion-r5-087

TEST-UNEXPECTED-FAIL | chrome://mochitests/content/browser/browser/components/sessionstore/test/browser_586068-cascaded_restore.js | an unexpected uncaught JS exception reported through window.onerror - NS_ERROR_FAILURE: Failure at chrome://browser/content/browser.js:4586
philor
https://tbpl.mozilla.org/php/getParsedLog.php?id=15318135&tree=Mozilla-Inbound
Rev5 MacOSX Mountain Lion 10.8 mozilla-inbound debug test mochitest-other on 2012-09-18 13:50:15
slave: talos-mtnlion-r5-062

TEST-UNEXPECTED-FAIL | chrome://mochitests/content/browser/browser/components/sessionstore/test/browser_586068-cascaded_restore.js | an unexpected uncaught JS exception reported through window.onerror - NS_ERROR_FAILURE: Failure at chrome://browser/content/browser.js:4586
philor
https://tbpl.mozilla.org/php/getParsedLog.php?id=15318874&tree=Mozilla-Inbound
Rev4 MacOSX Snow Leopard 10.6 mozilla-inbound debug test mochitest-other on 2012-09-18 13:57:26
slave: talos-r4-snow-050

TEST-UNEXPECTED-FAIL | chrome://mochitests/content/browser/browser/components/sessionstore/test/browser_586068-cascaded_restore.js | an unexpected uncaught JS exception reported through window.onerror - NS_ERROR_FAILURE: Failure at chrome://browser/content/browser.js:4586
philor
https://tbpl.mozilla.org/php/getParsedLog.php?id=15319073&tree=Mozilla-Inbound
Rev3 WINNT 6.1 mozilla-inbound debug test mochitest-other on 2012-09-18 13:41:37
slave: talos-r3-w7-031

xul!TEST-UNEXPECTED-FAIL | chrome://mochitests/content/browser/browser/components/sessionstore/test/browser_586068-cascaded_restore.js | an unexpected uncaught JS exception reported through window.onerror - NS_ERROR_FAILURE: Failure at chrome://browser/content/browser.js:4538
philor
https://tbpl.mozilla.org/php/getParsedLog.php?id=15318896&tree=Services-Central
Rev4 MacOSX Lion 10.7 services-central debug test mochitest-other on 2012-09-18 13:48:49
slave: talos-r4-lion-015

TEST-UNEXPECTED-FAIL | chrome://mochitests/content/browser/browser/components/sessionstore/test/browser_586068-cascaded_restore.js | an unexpected uncaught JS exception reported through window.onerror - NS_ERROR_FAILURE: Failure at chrome://browser/content/browser.js:4587
philor
https://tbpl.mozilla.org/php/getParsedLog.php?id=15319737&tree=Mozilla-Inbound
Rev4 MacOSX Snow Leopard 10.6 mozilla-inbound debug test mochitest-other on 2012-09-18 14:25:44
slave: talos-r4-snow-072

TEST-UNEXPECTED-FAIL | chrome://mochitests/content/browser/browser/components/sessionstore/test/browser_586068-cascaded_restore.js | an unexpected uncaught JS exception reported through window.onerror - NS_ERROR_FAILURE: Failure at chrome://browser/content/browser.js:4586
WG9s
https://tbpl.mozilla.org/php/getParsedLog.php?id=15320266&tree=Mozilla-Inbound
Rev5 MacOSX Mountain Lion 10.8 mozilla-inbound debug test mochitest-other on 2012-09-18 14:57:39
slave: talos-mtnlion-r5-028

TEST-UNEXPECTED-FAIL | chrome://mochitests/content/browser/browser/components/sessionstore/test/browser_586068-cascaded_restore.js | an unexpected uncaught JS exception reported through window.onerror - NS_ERROR_FAILURE: Failure at chrome://browser/content/browser.js:4586
philor
https://tbpl.mozilla.org/php/getParsedLog.php?id=15322206&tree=Mozilla-Inbound
Rev5 MacOSX Mountain Lion 10.8 mozilla-inbound debug test mochitest-other on 2012-09-18 16:00:27
slave: talos-mtnlion-r5-064

TEST-UNEXPECTED-FAIL | chrome://mochitests/content/browser/browser/components/sessionstore/test/browser_586068-cascaded_restore.js | an unexpected uncaught JS exception reported through window.onerror - NS_ERROR_FAILURE: Failure at chrome://browser/content/browser.js:4586
philor
https://tbpl.mozilla.org/php/getParsedLog.php?id=15321680&tree=Mozilla-Inbound
Rev3 WINNT 6.1 mozilla-inbound debug test mochitest-other on 2012-09-18 15:04:29
slave: talos-r3-w7-099

xul!TEST-UNEXPECTED-FAIL | chrome://mochitests/content/browser/browser/components/sessionstore/test/browser_586068-cascaded_restore.js | an unexpected uncaught JS exception reported through window.onerror - NS_ERROR_FAILURE: Failure at chrome://browser/content/browser.js:4538
TEST-UNEXPECTED-FAIL | chrome://mochitests/content/browser/toolkit/content/tests/browser/browser_Troubleshoot.js | Exception thrown at resource://gre/modules/Troubleshoot.jsm:299 - SyntaxError: missing ; before statement
philor
https://tbpl.mozilla.org/php/getParsedLog.php?id=15322781&tree=Mozilla-Inbound
Rev4 MacOSX Snow Leopard 10.6 mozilla-inbound debug test mochitest-other on 2012-09-18 16:03:22
slave: talos-r4-snow-075

TEST-UNEXPECTED-FAIL | chrome://mochitests/content/browser/browser/components/sessionstore/test/browser_586068-cascaded_restore.js | an unexpected uncaught JS exception reported through window.onerror - NS_ERROR_FAILURE: Failure at chrome://browser/content/browser.js:4586
philor
https://tbpl.mozilla.org/php/getParsedLog.php?id=15323438&tree=Mozilla-Inbound
Rev4 MacOSX Lion 10.7 mozilla-inbound debug test mochitest-other on 2012-09-18 16:15:28
slave: talos-r4-lion-021

TEST-UNEXPECTED-FAIL | chrome://mochitests/content/browser/browser/components/sessionstore/test/browser_586068-cascaded_restore.js | an unexpected uncaught JS exception reported through window.onerror - NS_ERROR_FAILURE: Failure at chrome://browser/content/browser.js:4586
philor
https://tbpl.mozilla.org/php/getParsedLog.php?id=15323764&tree=Mozilla-Inbound
Rev4 MacOSX Snow Leopard 10.6 mozilla-inbound debug test mochitest-other on 2012-09-18 16:36:50
slave: talos-r4-snow-031

TEST-UNEXPECTED-FAIL | chrome://mochitests/content/browser/browser/components/sessionstore/test/browser_586068-cascaded_restore.js | an unexpected uncaught JS exception reported through window.onerror - NS_ERROR_FAILURE: Failure at chrome://browser/content/browser.js:4586
philor
https://tbpl.mozilla.org/php/getParsedLog.php?id=15324702&tree=Mozilla-Inbound
Rev3 Fedora 12x64 mozilla-inbound debug test mochitest-other on 2012-09-18 17:14:56
slave: talos-r3-fed64-018

TEST-UNEXPECTED-FAIL | chrome://mochitests/content/browser/browser/components/sessionstore/test/browser_586068-cascaded_restore.js | an unexpected uncaught JS exception reported through window.onerror - NS_ERROR_FAILURE: Failure at chrome://browser/content/browser.js:4538
philor
https://tbpl.mozilla.org/php/getParsedLog.php?id=15325866&tree=Mozilla-Inbound
Rev3 WINNT 6.1 mozilla-inbound debug test mochitest-other on 2012-09-18 17:29:07
slave: talos-r3-w7-039

xul!TEST-UNEXPECTED-FAIL | chrome://mochitests/content/browser/browser/components/sessionstore/test/browser_586068-cascaded_restore.js | an unexpected uncaught JS exception reported through window.onerror - NS_ERROR_FAILURE: Failure at chrome://browser/content/browser.js:4538
philor
https://tbpl.mozilla.org/php/getParsedLog.php?id=15325643&tree=Mozilla-Inbound
Rev3 WINNT 6.1 mozilla-inbound debug test mochitest-other on 2012-09-18 17:19:33
slave: talos-r3-w7-007

xul!TEST-UNEXPECTED-FAIL | chrome://mochitests/content/browser/browser/components/sessionstore/test/browser_586068-cascaded_restore.js | an unexpected uncaught JS exception reported through window.onerror - NS_ERROR_FAILURE: Failure at chrome://browser/content/browser.js:4538
TEST-UNEXPECTED-FAIL | chrome://mochitests/content/browser/browser/devtools/debugger/test/browser_dbg_createRemote.js | Test timed out
TEST-UNEXPECTED-FAIL | chrome://mochitests/content/browser/browser/devtools/debugger/test/browser_dbg_createRemote.js | Found a  after previous test timed out
TEST-UNEXPECTED-FAIL | chrome://mochitests/content/browser/browser/devtools/debugger/test/browser_dbg_createRemote.js | leaked until shutdown [nsGlobalWindow #7217 about:blank]
TEST-UNEXPECTED-FAIL | chrome://mochitests/content/browser/browser/devtools/debugger/test/browser_dbg_createRemote.js | leaked until shutdown [nsGlobalWindow #7218 about:blank]
TEST-UNEXPECTED-FAIL | automationutils.processLeakLog() | leaked 470139 bytes during test execution
TEST-UNEXPECTED-FAIL | automationutils.processLeakLog() | leaked 212 instances of AtomImpl with size 24 bytes each (5088 bytes total)
TEST-UNEXPECTED-FAIL | automationutils.processLeakLog() | leaked 1 instance of BackstagePass with size 24 bytes
TEST-UNEXPECTED-FAIL | automationutils.processLeakLog() | leaked 1 instance of BodyRule with size 16 bytes
TEST-UNEXPECTED-FAIL | automationutils.processLeakLog() | leaked 8 instances of DOMCSSDeclarationImpl with size 20 bytes each (160 bytes total)
TEST-UNEXPECTED-FAIL | automationutils.processLeakLog() | leaked 8 instances of DOMCSSStyleRule with size 32 bytes each (256 bytes total)
philor
https://tbpl.mozilla.org/php/getParsedLog.php?id=15327477&tree=Mozilla-Inbound
Rev4 MacOSX Snow Leopard 10.6 mozilla-inbound debug test mochitest-other on 2012-09-18 18:53:04
slave: talos-r4-snow-033

TEST-UNEXPECTED-FAIL | chrome://mochitests/content/browser/browser/components/sessionstore/test/browser_586068-cascaded_restore.js | an unexpected uncaught JS exception reported through window.onerror - NS_ERROR_FAILURE: Failure at chrome://browser/content/browser.js:4586
philor
https://tbpl.mozilla.org/php/getParsedLog.php?id=15329130&tree=Mozilla-Inbound
Rev3 Fedora 12x64 mozilla-inbound debug test mochitest-other on 2012-09-18 20:10:06
slave: talos-r3-fed64-004

TEST-UNEXPECTED-FAIL | chrome://mochitests/content/browser/browser/components/sessionstore/test/browser_586068-cascaded_restore.js | an unexpected uncaught JS exception reported through window.onerror - NS_ERROR_FAILURE: Failure at chrome://browser/content/browser.js:4538
Ms2ger%gmail.com
https://tbpl.mozilla.org/php/getParsedLog.php?id=15332842&tree=Mozilla-Inbound
Rev4 MacOSX Snow Leopard 10.6 mozilla-inbound debug test mochitest-other on 2012-09-18 23:27:19
slave: talos-r4-snow-038

TEST-UNEXPECTED-FAIL | chrome://mochitests/content/browser/browser/components/sessionstore/test/browser_586068-cascaded_restore.js | an unexpected uncaught JS exception reported through window.onerror - NS_ERROR_FAILURE: Failure at chrome://browser/content/browser.js:4586
Ms2ger%gmail.com
https://tbpl.mozilla.org/php/getParsedLog.php?id=15335649&tree=Mozilla-Inbound
Rev5 MacOSX Mountain Lion 10.8 mozilla-inbound debug test mochitest-other on 2012-09-19 02:16:33
slave: talos-mtnlion-r5-047

TEST-UNEXPECTED-FAIL | chrome://mochitests/content/browser/browser/components/sessionstore/test/browser_586068-cascaded_restore.js | an unexpected uncaught JS exception reported through window.onerror - NS_ERROR_FAILURE: Failure at chrome://browser/content/browser.js:4586
Ms2ger%gmail.com
https://tbpl.mozilla.org/php/getParsedLog.php?id=15334599&tree=Firefox
Rev3 WINNT 6.1 mozilla-central debug test mochitest-other on 2012-09-19 00:52:15
slave: talos-r3-w7-044

xul!TEST-UNEXPECTED-FAIL | chrome://mochitests/content/browser/browser/components/sessionstore/test/browser_586068-cascaded_restore.js | an unexpected uncaught JS exception reported through window.onerror - NS_ERROR_FAILURE: Failure at chrome://browser/content/browser.js:4538
TEST-UNEXPECTED-FAIL | chrome://mochitests/content/browser/browser/devtools/debugger/test/browser_dbg_createRemote.js | Test timed out
TEST-UNEXPECTED-FAIL | chrome://mochitests/content/browser/browser/devtools/debugger/test/browser_dbg_createRemote.js | Found a  after previous test timed out
TEST-UNEXPECTED-FAIL | automationutils.processLeakLog() | leaked 1352 bytes during test execution
TEST-UNEXPECTED-FAIL | automationutils.processLeakLog() | leaked 6 instances of Mutex with size 12 bytes each (72 bytes total)
TEST-UNEXPECTED-FAIL | automationutils.processLeakLog() | leaked 3 instances of ReentrantMonitor with size 16 bytes each (48 bytes total)
TEST-UNEXPECTED-FAIL | automationutils.processLeakLog() | leaked 2 instances of nsAStreamCopier with size 76 bytes each (152 bytes total)
TEST-UNEXPECTED-FAIL | automationutils.processLeakLog() | leaked 1 instance of nsDNSRecord with size 32 bytes
TEST-UNEXPECTED-FAIL | automationutils.processLeakLog() | leaked 1 instance of nsHostRecord with size 68 bytes
graememcc_firefox%graeme-online.co.uk
https://tbpl.mozilla.org/php/getParsedLog.php?id=15338470&tree=Mozilla-Inbound
Rev4 MacOSX Snow Leopard 10.6 mozilla-inbound debug test mochitest-other on 2012-09-19 03:59:35
slave: talos-r4-snow-017

TEST-UNEXPECTED-FAIL | chrome://mochitests/content/browser/browser/components/sessionstore/test/browser_586068-cascaded_restore.js | an unexpected uncaught JS exception reported through window.onerror - NS_ERROR_FAILURE: Failure at chrome://browser/content/browser.js:4586
graememcc_firefox%graeme-online.co.uk
https://tbpl.mozilla.org/php/getParsedLog.php?id=15338646&tree=Mozilla-Inbound
Rev5 MacOSX Mountain Lion 10.8 mozilla-inbound debug test mochitest-other on 2012-09-19 04:18:30
slave: talos-mtnlion-r5-043

TEST-UNEXPECTED-FAIL | chrome://mochitests/content/browser/browser/components/sessionstore/test/browser_586068-cascaded_restore.js | an unexpected uncaught JS exception reported through window.onerror - NS_ERROR_FAILURE: Failure at chrome://browser/content/browser.js:4586
ttaubert
https://tbpl.mozilla.org/php/getParsedLog.php?id=15338352&tree=Try
Rev4 MacOSX Snow Leopard 10.6 try debug test mochitest-other on 2012-09-19 03:55:25
slave: talos-r4-snow-051

TEST-UNEXPECTED-FAIL | chrome://mochitests/content/browser/browser/components/sessionstore/test/browser_586068-cascaded_restore.js | an unexpected uncaught JS exception reported through window.onerror - NS_ERROR_FAILURE: Failure at chrome://browser/content/browser.js:4586
graememcc_firefox%graeme-online.co.uk
https://tbpl.mozilla.org/php/getParsedLog.php?id=15340564&tree=Mozilla-Inbound
Rev3 Fedora 12x64 mozilla-inbound debug test mochitest-other on 2012-09-19 05:28:12
slave: talos-r3-fed64-055

TEST-UNEXPECTED-FAIL | chrome://mochitests/content/browser/browser/components/sessionstore/test/browser_586068-cascaded_restore.js | an unexpected uncaught JS exception reported through window.onerror - NS_ERROR_FAILURE: Failure at chrome://browser/content/browser.js:4538
bbondy
https://tbpl.mozilla.org/php/getParsedLog.php?id=15331018&tree=Try
Rev4 MacOSX Lion 10.7 try debug test mochitest-other on 2012-09-18 21:10:52
slave: talos-r4-lion-054

TEST-UNEXPECTED-FAIL | chrome://mochitests/content/browser/browser/components/sessionstore/test/browser_586068-cascaded_restore.js | an unexpected uncaught JS exception reported through window.onerror - NS_ERROR_FAILURE: Failure at chrome://browser/content/browser.js:4586
ttaubert
https://tbpl.mozilla.org/php/getParsedLog.php?id=15344045&tree=Try
Rev4 MacOSX Snow Leopard 10.6 try debug test mochitest-other on 2012-09-19 07:23:57
slave: talos-r4-snow-023

TEST-UNEXPECTED-FAIL | chrome://mochitests/content/browser/browser/components/sessionstore/test/browser_586068-cascaded_restore.js | an unexpected uncaught JS exception reported through window.onerror - NS_ERROR_FAILURE: Failure at chrome://browser/content/browser.js:4586
ttaubert
https://tbpl.mozilla.org/php/getParsedLog.php?id=15345412&tree=Fx-Team
Rev4 MacOSX Snow Leopard 10.6 fx-team debug test mochitest-other on 2012-09-19 08:06:35
slave: talos-r4-snow-011

TEST-UNEXPECTED-FAIL | chrome://mochitests/content/browser/browser/components/sessionstore/test/browser_586068-cascaded_restore.js | an unexpected uncaught JS exception reported through window.onerror - NS_ERROR_FAILURE: Failure at chrome://browser/content/browser.js:4583
philor
https://tbpl.mozilla.org/php/getParsedLog.php?id=15345257&tree=Mozilla-Inbound
Rev3 WINNT 6.1 mozilla-inbound debug test mochitest-other on 2012-09-19 07:39:19
slave: talos-r3-w7-061

firefox!mozillTEST-UNEXPECTED-FAIL | chrome://mochitests/content/browser/browser/components/sessionstore/test/browser_586068-cascaded_restore.js | an unexpected uncaught JS exception reported through window.onerror - NS_ERROR_FAILURE: Failure at chrome://browser/content/browser.js:4538
4251 ERROR TEST-UNEXPECTED-FAIL | chrome://mochitests/content/a11y/accessible/events/test_focus_contextmenu.xul | test with ID = ' 'item2.1'  'escape ' key' failed. There is unexpected focus event.
philor
https://tbpl.mozilla.org/php/getParsedLog.php?id=15345535&tree=Mozilla-Inbound
Rev4 MacOSX Snow Leopard 10.6 mozilla-inbound debug test mochitest-other on 2012-09-19 08:13:34
slave: talos-r4-snow-032

TEST-UNEXPECTED-FAIL | chrome://mochitests/content/browser/browser/components/sessionstore/test/browser_586068-cascaded_restore.js | an unexpected uncaught JS exception reported through window.onerror - NS_ERROR_FAILURE: Failure at chrome://browser/content/browser.js:4586
jimm
https://tbpl.mozilla.org/php/getParsedLog.php?id=15343860&tree=Elm
Rev3 WINNT 6.1 elm debug test mochitest-other on 2012-09-19 06:57:08
slave: talos-r3-w7-070

xul!JSD_TEST-UNEXPECTED-FAIL | chrome://mochitests/content/browser/browser/components/sessionstore/test/browser_586068-cascaded_restore.js | an unexpected uncaught JS exception reported through window.onerror - NS_ERROR_FAILURE: Failure at chrome://browser/content/browser.js:4544
philor
https://tbpl.mozilla.org/php/getParsedLog.php?id=15347334&tree=Mozilla-Inbound
Rev4 MacOSX Snow Leopard 10.6 mozilla-inbound debug test mochitest-other on 2012-09-19 09:21:39
slave: talos-r4-snow-069

TEST-UNEXPECTED-FAIL | chrome://mochitests/content/browser/browser/components/sessionstore/test/browser_586068-cascaded_restore.js | an unexpected uncaught JS exception reported through window.onerror - NS_ERROR_FAILURE: Failure at chrome://browser/content/browser.js:4586
philor
https://tbpl.mozilla.org/php/getParsedLog.php?id=15347956&tree=Mozilla-Inbound
Rev4 MacOSX Snow Leopard 10.6 mozilla-inbound debug test mochitest-other on 2012-09-19 09:45:45
slave: talos-r4-snow-024

TEST-UNEXPECTED-FAIL | chrome://mochitests/content/browser/browser/components/sessionstore/test/browser_586068-cascaded_restore.js | an unexpected uncaught JS exception reported through window.onerror - NS_ERROR_FAILURE: Failure at chrome://browser/content/browser.js:4586
philor
https://tbpl.mozilla.org/php/getParsedLog.php?id=15351084&tree=Mozilla-Inbound
Rev4 MacOSX Snow Leopard 10.6 mozilla-inbound debug test mochitest-other on 2012-09-19 11:24:36
slave: talos-r4-snow-068

TEST-UNEXPECTED-FAIL | chrome://mochitests/content/browser/browser/components/sessionstore/test/browser_586068-cascaded_restore.js | an unexpected uncaught JS exception reported through window.onerror - NS_ERROR_FAILURE: Failure at chrome://browser/content/browser.js:4586
philor
https://tbpl.mozilla.org/php/getParsedLog.php?id=15353457&tree=Mozilla-Inbound
Rev3 WINNT 6.1 mozilla-inbound debug test mochitest-other on 2012-09-19 12:31:56
slave: talos-r3-w7-013

TEST-UNEXPECTED-FAIL | automationutils.processLeakLog() | leaked 4 bytes during test execution
TEST-UNEXPECTED-FAIL | automationutils.processLeakLog() | leaked 1 instance of nsTArray_base with size 4 bytes
firefox!mozillTEST-UNEXPECTED-FAIL | chrome://mochitests/content/browser/browser/components/sessionstore/test/browser_586068-cascaded_restore.js | an unexpected uncaught JS exception reported through window.onerror - NS_ERROR_FAILURE: Failure at chrome://browser/content/browser.js:4538
TEST-UNEXPECTED-FAIL | automationutils.processLeakLog() | leaked 4 bytes during test execution
TEST-UNEXPECTED-FAIL | automationutils.processLeakLog() | leaked 1 instance of nsTArray_base with size 4 bytes
TEST-UNEXPECTED-FAIL | automationutils.processLeakLog() | leaked 4 bytes during test execution
TEST-UNEXPECTED-FAIL | automationutils.processLeakLog() | leaked 1 instance of nsTArray_base with size 4 bytes
TEST-UNEXPECTED-FAIL | automationutils.processLeakLog() | leaked 4 bytes during test execution
TEST-UNEXPECTED-FAIL | automationutils.processLeakLog() | leaked 1 instance of nsTArray_base with size 4 bytes
philor
https://tbpl.mozilla.org/php/getParsedLog.php?id=15353370&tree=Mozilla-Inbound
Rev4 MacOSX Snow Leopard 10.6 mozilla-inbound debug test mochitest-other on 2012-09-19 12:45:18
slave: talos-r4-snow-028

TEST-UNEXPECTED-FAIL | automationutils.processLeakLog() | leaked 8 bytes during test execution
TEST-UNEXPECTED-FAIL | automationutils.processLeakLog() | leaked 1 instance of nsTArray_base with size 8 bytes
TEST-UNEXPECTED-FAIL | chrome://mochitests/content/browser/browser/components/sessionstore/test/browser_586068-cascaded_restore.js | an unexpected uncaught JS exception reported through window.onerror - NS_ERROR_FAILURE: Failure at chrome://browser/content/browser.js:4586
TEST-UNEXPECTED-FAIL | automationutils.processLeakLog() | leaked 8 bytes during test execution
TEST-UNEXPECTED-FAIL | automationutils.processLeakLog() | leaked 1 instance of nsTArray_base with size 8 bytes
Assertion failure: !loadGroup && !loadContext, at ../../../../netwerk/protocol/http/../../base/src/PrivateBrowsingChannel.h:38
TEST-UNEXPECTED-FAIL | /tests/dom/plugins/test/test_NPPVpluginWantsAllNetworkStreams.html | Exited with code 1 during test run
PROCESS-CRASH | /tests/dom/plugins/test/test_NPPVpluginWantsAllNetworkStreams.html | application crashed (minidump found)
Thread 0 (crashed)
TEST-UNEXPECTED-FAIL | automationutils.processLeakLog() | missing output line for total leaks!
philor
https://tbpl.mozilla.org/php/getParsedLog.php?id=15357438&tree=Mozilla-Inbound
Rev5 MacOSX Mountain Lion 10.8 mozilla-inbound debug test mochitest-other on 2012-09-19 15:33:33
slave: talos-mtnlion-r5-048

TEST-UNEXPECTED-FAIL | chrome://mochitests/content/browser/browser/components/sessionstore/test/browser_586068-cascaded_restore.js | an unexpected uncaught JS exception reported through window.onerror - NS_ERROR_FAILURE: Failure at chrome://browser/content/browser.js:4586
philor
https://tbpl.mozilla.org/php/getParsedLog.php?id=15357924&tree=Mozilla-Inbound
Rev3 Fedora 12 mozilla-inbound debug test mochitest-other on 2012-09-19 15:26:51
slave: talos-r3-fed-074

TEST-UNEXPECTED-FAIL | chrome://mochitests/content/browser/browser/components/sessionstore/test/browser_586068-cascaded_restore.js | an unexpected uncaught JS exception reported through window.onerror - NS_ERROR_FAILURE: Failure at chrome://browser/content/browser.js:4538
philor
https://tbpl.mozilla.org/php/getParsedLog.php?id=15358030&tree=Mozilla-Inbound
Rev4 MacOSX Lion 10.7 mozilla-inbound debug test mochitest-other on 2012-09-19 15:31:18
slave: talos-r4-lion-023

27991 ERROR TEST-UNEXPECTED-PASS | chrome://mochitests/content/chrome/toolkit/identity/tests/chrome/test_sandbox.xul | Check ogg was not loaded - -1 should equal -1
TEST-UNEXPECTED-FAIL | chrome://mochitests/content/browser/browser/base/content/test/browser_overflowScroll.js | an unexpected uncaught JS exception reported through window.onerror - TypeError: aTab.linkedBrowser is null at chrome://browser/content/browser.js:4590
TEST-UNEXPECTED-FAIL | chrome://mochitests/content/browser/browser/components/sessionstore/test/browser_586068-cascaded_restore.js | an unexpected uncaught JS exception reported through window.onerror - NS_ERROR_FAILURE: Failure at chrome://browser/content/browser.js:4586
philor
https://tbpl.mozilla.org/php/getParsedLog.php?id=15358137&tree=Mozilla-Inbound
Rev3 WINNT 6.1 mozilla-inbound debug test mochitest-other on 2012-09-19 15:18:12
slave: talos-r3-w7-006

firefox!mozillTEST-UNEXPECTED-FAIL | chrome://mochitests/content/browser/browser/components/sessionstore/test/browser_586068-cascaded_restore.js | an unexpected uncaught JS exception reported through window.onerror - NS_ERROR_FAILURE: Failure at chrome://browser/content/browser.js:4538
philor
https://tbpl.mozilla.org/php/getParsedLog.php?id=15359144&tree=Mozilla-Inbound
Rev4 MacOSX Lion 10.7 mozilla-inbound debug test mochitest-other on 2012-09-19 16:23:37
slave: talos-r4-lion-067

TEST-UNEXPECTED-FAIL | chrome://mochitests/content/browser/browser/components/sessionstore/test/browser_586068-cascaded_restore.js | an unexpected uncaught JS exception reported through window.onerror - NS_ERROR_FAILURE: Failure at chrome://browser/content/browser.js:4586
philor
https://tbpl.mozilla.org/php/getParsedLog.php?id=15361029&tree=Mozilla-Inbound
Rev4 MacOSX Snow Leopard 10.6 mozilla-inbound debug test mochitest-other on 2012-09-19 17:45:28
slave: talos-r4-snow-077

TEST-UNEXPECTED-FAIL | chrome://mochitests/content/browser/browser/components/sessionstore/test/browser_586068-cascaded_restore.js | an unexpected uncaught JS exception reported through window.onerror - NS_ERROR_FAILURE: Failure at chrome://browser/content/browser.js:4586
philor
https://tbpl.mozilla.org/php/getParsedLog.php?id=15360811&tree=Mozilla-Inbound
Rev5 MacOSX Mountain Lion 10.8 mozilla-inbound debug test mochitest-other on 2012-09-19 17:45:29
slave: talos-mtnlion-r5-009

TEST-UNEXPECTED-FAIL | chrome://mochitests/content/browser/browser/components/sessionstore/test/browser_586068-cascaded_restore.js | an unexpected uncaught JS exception reported through window.onerror - NS_ERROR_FAILURE: Failure at chrome://browser/content/browser.js:4586
ryanvm%gmail.com
https://tbpl.mozilla.org/php/getParsedLog.php?id=15361029&tree=Mozilla-Inbound
Rev4 MacOSX Snow Leopard 10.6 mozilla-inbound debug test mochitest-other on 2012-09-19 17:45:28
slave: talos-r4-snow-077

TEST-UNEXPECTED-FAIL | chrome://mochitests/content/browser/browser/components/sessionstore/test/browser_586068-cascaded_restore.js | an unexpected uncaught JS exception reported through window.onerror - NS_ERROR_FAILURE: Failure at chrome://browser/content/browser.js:4586
ryanvm%gmail.com
https://tbpl.mozilla.org/php/getParsedLog.php?id=15360811&tree=Mozilla-Inbound
Rev5 MacOSX Mountain Lion 10.8 mozilla-inbound debug test mochitest-other on 2012-09-19 17:45:29
slave: talos-mtnlion-r5-009

TEST-UNEXPECTED-FAIL | chrome://mochitests/content/browser/browser/components/sessionstore/test/browser_586068-cascaded_restore.js | an unexpected uncaught JS exception reported through window.onerror - NS_ERROR_FAILURE: Failure at chrome://browser/content/browser.js:4586
philor
https://tbpl.mozilla.org/php/getParsedLog.php?id=15359650&tree=Mozilla-Inbound
Rev5 MacOSX Mountain Lion 10.8 mozilla-inbound debug test mochitest-other on 2012-09-19 17:08:24
slave: talos-mtnlion-r5-075

TEST-UNEXPECTED-FAIL | chrome://mochitests/content/browser/browser/components/sessionstore/test/browser_586068-cascaded_restore.js | an unexpected uncaught JS exception reported through window.onerror - NS_ERROR_FAILURE: Failure at chrome://browser/content/browser.js:4586
TEST-UNEXPECTED-FAIL | chrome://mochitests/content/browser/browser/components/sessionstore/test/browser_600545.js | an unexpected uncaught JS exception reported through window.onerror - NS_ERROR_FAILURE: Failure at chrome://browser/content/browser.js:4586
philor
https://tbpl.mozilla.org/php/getParsedLog.php?id=15359847&tree=Mozilla-Inbound
Rev4 MacOSX Snow Leopard 10.6 mozilla-inbound debug test mochitest-other on 2012-09-19 17:01:22
slave: talos-r4-snow-080

TEST-UNEXPECTED-FAIL | chrome://mochitests/content/browser/browser/components/sessionstore/test/browser_586068-cascaded_restore.js | an unexpected uncaught JS exception reported through window.onerror - NS_ERROR_FAILURE: Failure at chrome://browser/content/browser.js:4586
philor
https://tbpl.mozilla.org/php/getParsedLog.php?id=15360232&tree=Mozilla-Inbound
Rev3 WINNT 6.1 mozilla-inbound debug test mochitest-other on 2012-09-19 16:49:52
slave: talos-r3-w7-095

firefox!mozillTEST-UNEXPECTED-FAIL | chrome://mochitests/content/browser/browser/components/sessionstore/test/browser_586068-cascaded_restore.js | an unexpected uncaught JS exception reported through window.onerror - NS_ERROR_FAILURE: Failure at chrome://browser/content/browser.js:4538
philor
https://tbpl.mozilla.org/php/getParsedLog.php?id=15359976&tree=Mozilla-Inbound
Rev3 WINNT 6.1 mozilla-inbound debug test mochitest-other on 2012-09-19 16:35:09
slave: talos-r3-w7-063

firefox!mozillTEST-UNEXPECTED-FAIL | chrome://mochitests/content/browser/browser/components/sessionstore/test/browser_586068-cascaded_restore.js | an unexpected uncaught JS exception reported through window.onerror - NS_ERROR_FAILURE: Failure at chrome://browser/content/browser.js:4538
philor
https://tbpl.mozilla.org/php/getParsedLog.php?id=15363044&tree=Mozilla-Inbound
Rev5 MacOSX Mountain Lion 10.8 mozilla-inbound debug test mochitest-other on 2012-09-19 19:24:35
slave: talos-mtnlion-r5-075

TEST-UNEXPECTED-FAIL | chrome://mochitests/content/browser/browser/components/sessionstore/test/browser_586068-cascaded_restore.js | an unexpected uncaught JS exception reported through window.onerror - NS_ERROR_FAILURE: Failure at chrome://browser/content/browser.js:4586
philor
https://tbpl.mozilla.org/php/getParsedLog.php?id=15362547&tree=Mozilla-Inbound
Rev3 WINNT 6.1 mozilla-inbound debug test mochitest-other on 2012-09-19 18:27:05
slave: talos-r3-w7-085

TEST-UNEXPECTED-FAIL | chrome://mochitests/content/browser/browser/components/sessionstore/test/browser_586068-cascaded_restore.js | an unexpected uncaught JS exception reported through window.onerror - NS_ERROR_FAILURE: Failure at chrome://browser/content/browser.js:4538
philor
https://tbpl.mozilla.org/php/getParsedLog.php?id=15362046&tree=Mozilla-Inbound
Rev3 WINNT 6.1 mozilla-inbound debug test mochitest-other on 2012-09-19 18:07:32
slave: talos-r3-w7-091

firefox!mozillTEST-UNEXPECTED-FAIL | chrome://mochitests/content/browser/browser/components/sessionstore/test/browser_586068-cascaded_restore.js | an unexpected uncaught JS exception reported through window.onerror - NS_ERROR_FAILURE: Failure at chrome://browser/content/browser.js:4538
4251 ERROR TEST-UNEXPECTED-FAIL | chrome://mochitests/content/a11y/accessible/events/test_focus_contextmenu.xul | test with ID = ' 'item2.1'  'escape ' key' failed. There is unexpected focus event.
philor
https://tbpl.mozilla.org/php/getParsedLog.php?id=15365017&tree=Mozilla-Inbound
Rev3 WINNT 6.1 mozilla-inbound debug test mochitest-other on 2012-09-19 20:01:31
slave: talos-r3-w7-089

firefox!mozillTEST-UNEXPECTED-FAIL | chrome://mochitests/content/browser/browser/components/sessionstore/test/browser_586068-cascaded_restore.js | an unexpected uncaught JS exception reported through window.onerror - NS_ERROR_FAILURE: Failure at chrome://browser/content/browser.js:4538
philor
https://tbpl.mozilla.org/php/getParsedLog.php?id=15366938&tree=Mozilla-Inbound
Rev3 WINNT 6.1 mozilla-inbound debug test mochitest-other on 2012-09-19 21:16:34
slave: talos-r3-w7-031

firefox!mozillTEST-UNEXPECTED-FAIL | chrome://mochitests/content/browser/browser/components/sessionstore/test/browser_586068-cascaded_restore.js | an unexpected uncaught JS exception reported through window.onerror - NS_ERROR_FAILURE: Failure at chrome://browser/content/browser.js:4538
philor
https://tbpl.mozilla.org/php/getParsedLog.php?id=15367634&tree=Mozilla-Inbound
Rev3 WINNT 6.1 mozilla-inbound debug test mochitest-other on 2012-09-19 21:50:39
slave: talos-r3-w7-047

firefox!mozillTEST-UNEXPECTED-FAIL | chrome://mochitests/content/browser/browser/components/sessionstore/test/browser_586068-cascaded_restore.js | an unexpected uncaught JS exception reported through window.onerror - NS_ERROR_FAILURE: Failure at chrome://browser/content/browser.js:4538
philor
https://tbpl.mozilla.org/php/getParsedLog.php?id=15368627&tree=Mozilla-Inbound
Rev3 Fedora 12x64 mozilla-inbound debug test mochitest-other on 2012-09-19 23:10:29
slave: talos-r3-fed64-052

TEST-UNEXPECTED-FAIL | chrome://mochitests/content/browser/browser/components/sessionstore/test/browser_586068-cascaded_restore.js | an unexpected uncaught JS exception reported through window.onerror - NS_ERROR_FAILURE: Failure at chrome://browser/content/browser.js:4538
philor
https://tbpl.mozilla.org/php/getParsedLog.php?id=15368690&tree=Mozilla-Inbound
Rev4 MacOSX Snow Leopard 10.6 mozilla-inbound debug test mochitest-other on 2012-09-19 23:06:12
slave: talos-r4-snow-007

TEST-UNEXPECTED-FAIL | chrome://mochitests/content/browser/browser/components/sessionstore/test/browser_586068-cascaded_restore.js | an unexpected uncaught JS exception reported through window.onerror - NS_ERROR_FAILURE: Failure at chrome://browser/content/browser.js:4586
philor
https://tbpl.mozilla.org/php/getParsedLog.php?id=15369353&tree=Mozilla-Inbound
Rev3 WINNT 6.1 mozilla-inbound debug test mochitest-other on 2012-09-19 23:04:15
slave: talos-r3-w7-020

firefox!mozillTEST-UNEXPECTED-FAIL | chrome://mochitests/content/browser/browser/components/sessionstore/test/browser_586068-cascaded_restore.js | an unexpected uncaught JS exception reported through window.onerror - NS_ERROR_FAILURE: Failure at chrome://browser/content/browser.js:4538
4251 ERROR TEST-UNEXPECTED-FAIL | chrome://mochitests/content/a11y/accessible/events/test_focus_contextmenu.xul | test with ID = ' 'item2.1'  'escape ' key' failed. There is unexpected focus event.
Ms2ger%gmail.com
https://tbpl.mozilla.org/php/getParsedLog.php?id=15355997&tree=Try
Rev4 MacOSX Snow Leopard 10.6 try debug test mochitest-other on 2012-09-19 14:32:24
slave: talos-r4-snow-022

TEST-UNEXPECTED-FAIL | chrome://mochitests/content/browser/browser/components/sessionstore/test/browser_586068-cascaded_restore.js | an unexpected uncaught JS exception reported through window.onerror - NS_ERROR_FAILURE: Failure at chrome://browser/content/browser.js:4586
past
https://tbpl.mozilla.org/php/getParsedLog.php?id=15370592&tree=Fx-Team
Rev4 MacOSX Snow Leopard 10.6 fx-team debug test mochitest-other on 2012-09-20 00:05:22
slave: talos-r4-snow-012

TEST-UNEXPECTED-FAIL | chrome://mochitests/content/browser/browser/components/sessionstore/test/browser_586068-cascaded_restore.js | an unexpected uncaught JS exception reported through window.onerror - NS_ERROR_FAILURE: Failure at chrome://browser/content/browser.js:4583
Ms2ger%gmail.com
https://tbpl.mozilla.org/php/getParsedLog.php?id=15371171&tree=Mozilla-Inbound
Rev3 WINNT 6.1 mozilla-inbound debug test mochitest-other on 2012-09-20 00:04:32
slave: talos-r3-w7-084

firefox!mozillTEST-UNEXPECTED-FAIL | chrome://mochitests/content/browser/browser/components/sessionstore/test/browser_586068-cascaded_restore.js | an unexpected uncaught JS exception reported through window.onerror - NS_ERROR_FAILURE: Failure at chrome://browser/content/browser.js:4538
Ms2ger%gmail.com
https://tbpl.mozilla.org/php/getParsedLog.php?id=15371643&tree=Firefox
Rev4 MacOSX Snow Leopard 10.6 mozilla-central debug test mochitest-other on 2012-09-20 00:48:40
slave: talos-r4-snow-045

28035 ERROR TEST-UNEXPECTED-PASS | chrome://mochitests/content/chrome/toolkit/identity/tests/chrome/test_sandbox.xul | Check ogg was not loaded - -1 should equal -1
TEST-UNEXPECTED-FAIL | chrome://mochitests/content/browser/browser/components/sessionstore/test/browser_586068-cascaded_restore.js | an unexpected uncaught JS exception reported through window.onerror - NS_ERROR_FAILURE: Failure at chrome://browser/content/browser.js:4586
Ms2ger%gmail.com
https://tbpl.mozilla.org/php/getParsedLog.php?id=15372041&tree=Mozilla-Inbound
Rev4 MacOSX Snow Leopard 10.6 mozilla-inbound debug test mochitest-other on 2012-09-20 01:06:27
slave: talos-r4-snow-084

TEST-UNEXPECTED-FAIL | chrome://mochitests/content/browser/browser/components/sessionstore/test/browser_586068-cascaded_restore.js | an unexpected uncaught JS exception reported through window.onerror - NS_ERROR_FAILURE: Failure at chrome://browser/content/browser.js:4586
https://tbpl.mozilla.org/php/getParsedLog.php?id=15371988&tree=Fx-Team
Ms2ger%gmail.com
https://tbpl.mozilla.org/php/getParsedLog.php?id=15372199&tree=Mozilla-Inbound
Rev4 MacOSX Snow Leopard 10.6 mozilla-inbound debug test mochitest-other on 2012-09-20 01:18:49
slave: talos-r4-snow-065

TEST-UNEXPECTED-FAIL | chrome://mochitests/content/browser/browser/components/sessionstore/test/browser_586068-cascaded_restore.js | an unexpected uncaught JS exception reported through window.onerror - NS_ERROR_FAILURE: Failure at chrome://browser/content/browser.js:4586
Ms2ger%gmail.com
https://tbpl.mozilla.org/php/getParsedLog.php?id=15372383&tree=Firefox
Rev4 MacOSX Snow Leopard 10.6 mozilla-central debug test mochitest-other on 2012-09-20 01:30:25
slave: talos-r4-snow-025

TEST-UNEXPECTED-FAIL | chrome://mochitests/content/browser/browser/components/sessionstore/test/browser_586068-cascaded_restore.js | an unexpected uncaught JS exception reported through window.onerror - NS_ERROR_FAILURE: Failure at chrome://browser/content/browser.js:4586
Ms2ger%gmail.com
https://tbpl.mozilla.org/php/getParsedLog.php?id=15372363&tree=Mozilla-Inbound
Rev3 WINNT 6.1 mozilla-inbound debug test mochitest-other on 2012-09-20 01:04:53
slave: talos-r3-w7-064

firefox!mozillTEST-UNEXPECTED-FAIL | chrome://mochitests/content/browser/browser/components/sessionstore/test/browser_586068-cascaded_restore.js | an unexpected uncaught JS exception reported through window.onerror - NS_ERROR_FAILURE: Failure at chrome://browser/content/browser.js:4538
jimm
https://tbpl.mozilla.org/php/getParsedLog.php?id=15365948&tree=Elm
Rev3 WINNT 6.1 elm debug test mochitest-other on 2012-09-19 20:35:31
slave: talos-r3-w7-029

xul!JSD_TEST-UNEXPECTED-FAIL | chrome://mochitests/content/browser/browser/components/sessionstore/test/browser_586068-cascaded_restore.js | an unexpected uncaught JS exception reported through window.onerror - NS_ERROR_FAILURE: Failure at chrome://browser/content/browser.js:4544
jimm
https://tbpl.mozilla.org/php/getParsedLog.php?id=15361172&tree=Elm
Rev3 WINNT 6.1 elm debug test mochitest-other on 2012-09-19 17:28:28
slave: talos-r3-w7-064

xul!JSD_TEST-UNEXPECTED-FAIL | chrome://mochitests/content/browser/browser/components/sessionstore/test/browser_586068-cascaded_restore.js | an unexpected uncaught JS exception reported through window.onerror - NS_ERROR_FAILURE: Failure at chrome://browser/content/browser.js:4544
https://tbpl.mozilla.org/php/getParsedLog.php?id=15376014&tree=Mozilla-Inbound
https://tbpl.mozilla.org/php/getParsedLog.php?id=15376247&tree=Fx-Team
graememcc_firefox%graeme-online.co.uk
https://tbpl.mozilla.org/php/getParsedLog.php?id=15376726&tree=Mozilla-Inbound
Rev5 MacOSX Mountain Lion 10.8 mozilla-inbound debug test mochitest-other on 2012-09-20 04:51:25
slave: talos-mtnlion-r5-053

TEST-UNEXPECTED-FAIL | chrome://mochitests/content/browser/browser/components/sessionstore/test/browser_586068-cascaded_restore.js | an unexpected uncaught JS exception reported through window.onerror - NS_ERROR_FAILURE: Failure at chrome://browser/content/browser.js:4583
ehsan
https://tbpl.mozilla.org/php/getParsedLog.php?id=15377178&tree=Firefox
Rev4 MacOSX Snow Leopard 10.6 mozilla-central debug test mochitest-other on 2012-09-20 04:54:20
slave: talos-r4-snow-011

TEST-UNEXPECTED-FAIL | chrome://mochitests/content/browser/browser/components/sessionstore/test/browser_586068-cascaded_restore.js | an unexpected uncaught JS exception reported through window.onerror - NS_ERROR_FAILURE: Failure at chrome://browser/content/browser.js:4583
Ms2ger%gmail.com
https://tbpl.mozilla.org/php/getParsedLog.php?id=15377824&tree=Mozilla-Inbound
Rev3 Fedora 12x64 mozilla-inbound debug test mochitest-other on 2012-09-20 05:33:52
slave: talos-r3-fed64-018

TEST-UNEXPECTED-FAIL | chrome://mochitests/content/browser/browser/components/sessionstore/test/browser_586068-cascaded_restore.js | an unexpected uncaught JS exception reported through window.onerror - NS_ERROR_FAILURE: Failure at chrome://browser/content/browser.js:4535
philor
https://tbpl.mozilla.org/php/getParsedLog.php?id=15379232&tree=Mozilla-Inbound
Rev3 WINNT 6.1 mozilla-inbound debug test mochitest-other on 2012-09-20 05:56:13
slave: talos-r3-w7-042

firefox!mozillTEST-UNEXPECTED-FAIL | chrome://mochitests/content/browser/browser/components/sessionstore/test/browser_586068-cascaded_restore.js | an unexpected uncaught JS exception reported through window.onerror - NS_ERROR_FAILURE: Failure at chrome://browser/content/browser.js:4535
4251 ERROR TEST-UNEXPECTED-FAIL | chrome://mochitests/content/a11y/accessible/events/test_focus_contextmenu.xul | test with ID = ' 'item2.1'  'escape ' key' failed. There is unexpected focus event.
philor
https://tbpl.mozilla.org/php/getParsedLog.php?id=15379245&tree=Mozilla-Inbound
Rev5 MacOSX Mountain Lion 10.8 mozilla-inbound debug test mochitest-other on 2012-09-20 06:34:29
slave: talos-mtnlion-r5-082

TEST-UNEXPECTED-FAIL | chrome://mochitests/content/browser/browser/components/sessionstore/test/browser_586068-cascaded_restore.js | an unexpected uncaught JS exception reported through window.onerror - NS_ERROR_FAILURE: Failure at chrome://browser/content/browser.js:4583
philor
https://tbpl.mozilla.org/php/getParsedLog.php?id=15379787&tree=Mozilla-Inbound
Rev5 MacOSX Mountain Lion 10.8 mozilla-inbound debug test mochitest-other on 2012-09-20 06:52:35
slave: talos-mtnlion-r5-024

TEST-UNEXPECTED-FAIL | chrome://mochitests/content/browser/browser/components/sessionstore/test/browser_586068-cascaded_restore.js | an unexpected uncaught JS exception reported through window.onerror - NS_ERROR_FAILURE: Failure at chrome://browser/content/browser.js:4583
philor
https://tbpl.mozilla.org/php/getParsedLog.php?id=15380753&tree=Mozilla-Inbound
Rev3 WINNT 6.1 mozilla-inbound debug test mochitest-other on 2012-09-20 07:02:26
slave: talos-r3-w7-077

firefox!mozillTEST-UNEXPECTED-FAIL | chrome://mochitests/content/browser/browser/components/sessionstore/test/browser_586068-cascaded_restore.js | an unexpected uncaught JS exception reported through window.onerror - NS_ERROR_FAILURE: Failure at chrome://browser/content/browser.js:4535
cjones
https://tbpl.mozilla.org/php/getParsedLog.php?id=15374905&tree=Try
Rev4 MacOSX Snow Leopard 10.6 try debug test mochitest-other on 2012-09-20 03:29:34
slave: talos-r4-snow-028

TEST-UNEXPECTED-FAIL | chrome://mochitests/content/browser/browser/components/sessionstore/test/browser_586068-cascaded_restore.js | an unexpected uncaught JS exception reported through window.onerror - NS_ERROR_FAILURE: Failure at chrome://browser/content/browser.js:4586
philor
https://tbpl.mozilla.org/php/getParsedLog.php?id=15385831&tree=Mozilla-Inbound
Rev5 MacOSX Mountain Lion 10.8 mozilla-inbound debug test mochitest-other on 2012-09-20 11:38:24
slave: talos-mtnlion-r5-061

TEST-UNEXPECTED-FAIL | chrome://mochitests/content/browser/browser/components/sessionstore/test/browser_586068-cascaded_restore.js | an unexpected uncaught JS exception reported through window.onerror - NS_ERROR_FAILURE: Failure at chrome://browser/content/browser.js:4583
cjones
https://tbpl.mozilla.org/php/getParsedLog.php?id=15376667&tree=Try
Rev3 WINNT 6.1 try debug test mochitest-other on 2012-09-20 04:12:36
slave: talos-r3-w7-099

firefox!mozillTEST-UNEXPECTED-FAIL | chrome://mochitests/content/browser/browser/components/sessionstore/test/browser_586068-cascaded_restore.js | an unexpected uncaught JS exception reported through window.onerror - NS_ERROR_FAILURE: Failure at chrome://browser/content/browser.js:4538
philor
https://tbpl.mozilla.org/php/getParsedLog.php?id=15386037&tree=Mozilla-Inbound
Rev3 WINNT 6.1 mozilla-inbound debug test mochitest-other on 2012-09-20 11:08:29
slave: talos-r3-w7-005

firefox!mozillTEST-UNEXPECTED-FAIL | chrome://mochitests/content/browser/browser/components/sessionstore/test/browser_586068-cascaded_restore.js | an unexpected uncaught JS exception reported through window.onerror - NS_ERROR_FAILURE: Failure at chrome://browser/content/browser.js:4535
philor
https://tbpl.mozilla.org/php/getParsedLog.php?id=15386447&tree=Mozilla-Inbound
Rev3 WINNT 6.1 mozilla-inbound debug test mochitest-other on 2012-09-20 11:22:02
slave: talos-r3-w7-083

firefox!mozillTEST-UNEXPECTED-FAIL | chrome://mochitests/content/browser/browser/components/sessionstore/test/browser_586068-cascaded_restore.js | an unexpected uncaught JS exception reported through window.onerror - NS_ERROR_FAILURE: Failure at chrome://browser/content/browser.js:4535
philor
https://tbpl.mozilla.org/php/getParsedLog.php?id=15387499&tree=Mozilla-Inbound
Rev4 MacOSX Snow Leopard 10.6 mozilla-inbound debug test mochitest-other on 2012-09-20 12:18:22
slave: talos-r4-snow-027

TEST-UNEXPECTED-FAIL | chrome://mochitests/content/browser/browser/components/sessionstore/test/browser_586068-cascaded_restore.js | an unexpected uncaught JS exception reported through window.onerror - NS_ERROR_FAILURE: Failure at chrome://browser/content/browser.js:4583
philor
https://tbpl.mozilla.org/php/getParsedLog.php?id=15387864&tree=Mozilla-Inbound
Rev5 MacOSX Mountain Lion 10.8 mozilla-inbound debug test mochitest-other on 2012-09-20 12:43:24
slave: talos-mtnlion-r5-028

TEST-UNEXPECTED-FAIL | chrome://mochitests/content/browser/browser/components/sessionstore/test/browser_586068-cascaded_restore.js | an unexpected uncaught JS exception reported through window.onerror - NS_ERROR_FAILURE: Failure at chrome://browser/content/browser.js:4583
jimm
https://tbpl.mozilla.org/php/getParsedLog.php?id=15385458&tree=Elm
Rev3 WINNT 6.1 elm debug test mochitest-other on 2012-09-20 10:47:21
slave: talos-r3-w7-009

xul!JSD_TEST-UNEXPECTED-FAIL | chrome://mochitests/content/browser/browser/components/sessionstore/test/browser_586068-cascaded_restore.js | an unexpected uncaught JS exception reported through window.onerror - NS_ERROR_FAILURE: Failure at chrome://browser/content/browser.js:4544
TEST-UNEXPECTED-FAIL | chrome://mochitests/content/browser/browser/devtools/debugger/test/browser_dbg_createRemote.js | Should be paused after an interrupt request. - Got false, expected true
TEST-UNEXPECTED-FAIL | chrome://mochitests/content/browser/browser/devtools/debugger/test/browser_dbg_createRemote.js | Should have one frame in the stack. - Got 0, expected 1
TEST-UNEXPECTED-FAIL | automationutils.processLeakLog() | leaked 1352 bytes during test execution
TEST-UNEXPECTED-FAIL | automationutils.processLeakLog() | leaked 6 instances of Mutex with size 12 bytes each (72 bytes total)
TEST-UNEXPECTED-FAIL | automationutils.processLeakLog() | leaked 3 instances of ReentrantMonitor with size 16 bytes each (48 bytes total)
TEST-UNEXPECTED-FAIL | automationutils.processLeakLog() | leaked 2 instances of nsAStreamCopier with size 76 bytes each (152 bytes total)
TEST-UNEXPECTED-FAIL | automationutils.processLeakLog() | leaked 1 instance of nsDNSRecord with size 32 bytes
TEST-UNEXPECTED-FAIL | automationutils.processLeakLog() | leaked 1 instance of nsHostRecord with size 68 bytes
4251 ERROR TEST-UNEXPECTED-FAIL | chrome://mochitests/content/a11y/accessible/events/test_focus_contextmenu.xul | test with ID = ' 'item2.1'  'escape ' key' failed. There is unexpected focus event.
philor
https://tbpl.mozilla.org/php/getParsedLog.php?id=15389152&tree=Mozilla-Inbound
Rev4 MacOSX Snow Leopard 10.6 mozilla-inbound debug test mochitest-other on 2012-09-20 13:06:41
slave: talos-r4-snow-011

TEST-UNEXPECTED-FAIL | chrome://mochitests/content/browser/browser/components/sessionstore/test/browser_586068-cascaded_restore.js | an unexpected uncaught JS exception reported through window.onerror - NS_ERROR_FAILURE: Failure at chrome://browser/content/browser.js:4583
philor
https://tbpl.mozilla.org/php/getParsedLog.php?id=15390556&tree=Mozilla-Inbound
Rev3 WINNT 6.1 mozilla-inbound debug test mochitest-other on 2012-09-20 13:30:30
slave: talos-r3-w7-063

firefox!mozillTEST-UNEXPECTED-FAIL | chrome://mochitests/content/browser/browser/components/sessionstore/test/browser_586068-cascaded_restore.js | an unexpected uncaught JS exception reported through window.onerror - NS_ERROR_FAILURE: Failure at chrome://browser/content/browser.js:4535
philor
https://tbpl.mozilla.org/php/getParsedLog.php?id=15390552&tree=Mozilla-Inbound
Rev3 Fedora 12x64 mozilla-inbound debug test mochitest-other on 2012-09-20 14:02:33
slave: talos-r3-fed64-060

TEST-UNEXPECTED-FAIL | chrome://mochitests/content/browser/browser/components/sessionstore/test/browser_586068-cascaded_restore.js | an unexpected uncaught JS exception reported through window.onerror - NS_ERROR_FAILURE: Failure at chrome://browser/content/browser.js:4535
philor
https://tbpl.mozilla.org/php/getParsedLog.php?id=15392175&tree=Fx-Team
Rev3 WINNT 6.1 fx-team debug test mochitest-other on 2012-09-20 14:32:10
slave: talos-r3-w7-005

kernel32!TEST-UNEXPECTED-FAIL | chrome://mochitests/content/browser/browser/components/sessionstore/test/browser_586068-cascaded_restore.js | an unexpected uncaught JS exception reported through window.onerror - NS_ERROR_FAILURE: Failure at chrome://browser/content/browser.js:4535
philor
https://tbpl.mozilla.org/php/getParsedLog.php?id=15393077&tree=Mozilla-Inbound
Rev3 WINNT 6.1 mozilla-inbound debug test mochitest-other on 2012-09-20 15:03:05
slave: talos-r3-w7-098

TEST-UNEXPECTED-FAIL | chrome://mochitests/content/browser/browser/components/sessionstore/test/browser_586068-cascaded_restore.js | an unexpected uncaught JS exception reported through window.onerror - NS_ERROR_FAILURE: Failure at chrome://browser/content/browser.js:4535
4251 ERROR TEST-UNEXPECTED-FAIL | chrome://mochitests/content/a11y/accessible/events/test_focus_contextmenu.xul | test with ID = ' 'item2.1'  'escape ' key' failed. There is unexpected focus event.
philor
https://tbpl.mozilla.org/php/getParsedLog.php?id=15394151&tree=Mozilla-Inbound
Rev4 MacOSX Snow Leopard 10.6 mozilla-inbound debug test mochitest-other on 2012-09-20 16:01:21
slave: talos-r4-snow-016

TEST-UNEXPECTED-FAIL | chrome://mochitests/content/browser/browser/components/sessionstore/test/browser_586068-cascaded_restore.js | an unexpected uncaught JS exception reported through window.onerror - NS_ERROR_FAILURE: Failure at chrome://browser/content/browser.js:4583
https://tbpl.mozilla.org/php/getParsedLog.php?id=15395171&tree=Mozilla-Inbound
philor
https://tbpl.mozilla.org/php/getParsedLog.php?id=15396200&tree=Mozilla-Inbound
Rev3 Fedora 12x64 mozilla-inbound debug test mochitest-other on 2012-09-20 17:31:09
slave: talos-r3-fed64-022

TEST-UNEXPECTED-FAIL | chrome://mochitests/content/browser/browser/components/sessionstore/test/browser_586068-cascaded_restore.js | an unexpected uncaught JS exception reported through window.onerror - NS_ERROR_FAILURE: Failure at chrome://browser/content/browser.js:4535
ryanvm%gmail.com
https://tbpl.mozilla.org/php/getParsedLog.php?id=15396200&tree=Mozilla-Inbound
Rev3 Fedora 12x64 mozilla-inbound debug test mochitest-other on 2012-09-20 17:31:09
slave: talos-r3-fed64-022

TEST-UNEXPECTED-FAIL | chrome://mochitests/content/browser/browser/components/sessionstore/test/browser_586068-cascaded_restore.js | an unexpected uncaught JS exception reported through window.onerror - NS_ERROR_FAILURE: Failure at chrome://browser/content/browser.js:4535
ryanvm%gmail.com
https://tbpl.mozilla.org/php/getParsedLog.php?id=15396728&tree=Mozilla-Inbound
Rev3 WINNT 6.1 mozilla-inbound debug test mochitest-other on 2012-09-20 17:32:43
slave: talos-r3-w7-091

firefox!mozillTEST-UNEXPECTED-FAIL | chrome://mochitests/content/browser/browser/components/sessionstore/test/browser_586068-cascaded_restore.js | an unexpected uncaught JS exception reported through window.onerror - NS_ERROR_FAILURE: Failure at chrome://browser/content/browser.js:4535
philor
https://tbpl.mozilla.org/php/getParsedLog.php?id=15397649&tree=Mozilla-Inbound
Rev3 WINNT 6.1 mozilla-inbound debug test mochitest-other on 2012-09-20 18:21:16
slave: talos-r3-w7-049

firefox!mozillTEST-UNEXPECTED-FAIL | chrome://mochitests/content/browser/browser/components/sessionstore/test/browser_586068-cascaded_restore.js | an unexpected uncaught JS exception reported through window.onerror - NS_ERROR_FAILURE: Failure at chrome://browser/content/browser.js:4535
philor
https://tbpl.mozilla.org/php/getParsedLog.php?id=15398539&tree=Cedar
Rev4 MacOSX Snow Leopard 10.6 cedar debug test mochitest-other on 2012-09-20 19:34:31
slave: talos-r4-snow-080

28017 ERROR TEST-UNEXPECTED-PASS | chrome://mochitests/content/chrome/toolkit/identity/tests/chrome/test_sandbox.xul | Check ogg was not loaded - -1 should equal -1
TEST-UNEXPECTED-FAIL | chrome://mochitests/content/browser/browser/components/sessionstore/test/browser_586068-cascaded_restore.js | an unexpected uncaught JS exception reported through window.onerror - NS_ERROR_FAILURE: Failure at chrome://browser/content/browser.js:4583
philor
https://tbpl.mozilla.org/php/getParsedLog.php?id=15395795&tree=Cedar
Rev3 WINNT 6.1 cedar debug test mochitest-other on 2012-09-20 16:41:25
slave: talos-r3-w7-020

firefox!mozillTEST-UNEXPECTED-FAIL | chrome://mochitests/content/browser/browser/components/sessionstore/test/browser_586068-cascaded_restore.js | an unexpected uncaught JS exception reported through window.onerror - NS_ERROR_FAILURE: Failure at chrome://browser/content/browser.js:4535
4251 ERROR TEST-UNEXPECTED-FAIL | chrome://mochitests/content/a11y/accessible/events/test_focus_contextmenu.xul | test with ID = ' 'item2.1'  'escape ' key' failed. There is unexpected focus event.
philor
https://tbpl.mozilla.org/php/getParsedLog.php?id=15398971&tree=Firefox
Rev3 WINNT 6.1 mozilla-central debug test mochitest-other on 2012-09-20 19:32:14
slave: talos-r3-w7-070

firefox!mozillTEST-UNEXPECTED-FAIL | chrome://mochitests/content/browser/browser/components/sessionstore/test/browser_586068-cascaded_restore.js | an unexpected uncaught JS exception reported through window.onerror - NS_ERROR_FAILURE: Failure at chrome://browser/content/browser.js:4535
TEST-UNEXPECTED-FAIL | chrome://mochitests/content/browser/browser/devtools/debugger/test/browser_dbg_createRemote.js | Test timed out
TEST-UNEXPECTED-FAIL | chrome://mochitests/content/browser/browser/devtools/debugger/test/browser_dbg_createRemote.js | Found a  after previous test timed out
TEST-UNEXPECTED-FAIL | chrome://mochitests/content/browser/browser/devtools/debugger/test/browser_dbg_createRemote.js | leaked until shutdown [nsGlobalWindow #7315 about:blank]
TEST-UNEXPECTED-FAIL | chrome://mochitests/content/browser/browser/devtools/debugger/test/browser_dbg_createRemote.js | leaked until shutdown [nsGlobalWindow #7316 about:blank]
TEST-UNEXPECTED-FAIL | automationutils.processLeakLog() | leaked 479251 bytes during test execution
TEST-UNEXPECTED-FAIL | automationutils.processLeakLog() | leaked 214 instances of AtomImpl with size 24 bytes each (5136 bytes total)
TEST-UNEXPECTED-FAIL | automationutils.processLeakLog() | leaked 1 instance of BackstagePass with size 24 bytes
TEST-UNEXPECTED-FAIL | automationutils.processLeakLog() | leaked 1 instance of BodyRule with size 16 bytes
TEST-UNEXPECTED-FAIL | automationutils.processLeakLog() | leaked 8 instances of DOMCSSDeclarationImpl with size 20 bytes each (160 bytes total)
TEST-UNEXPECTED-FAIL | automationutils.processLeakLog() | leaked 8 instances of DOMCSSStyleRule with size 32 bytes each (256 bytes total)
philor
https://tbpl.mozilla.org/php/getParsedLog.php?id=15391372&tree=Cedar
Rev4 MacOSX Snow Leopard 10.6 cedar debug test mochitest-other on 2012-09-20 14:22:28
slave: talos-r4-snow-017

TEST-UNEXPECTED-FAIL | chrome://mochitests/content/browser/browser/components/sessionstore/test/browser_586068-cascaded_restore.js | an unexpected uncaught JS exception reported through window.onerror - NS_ERROR_FAILURE: Failure at chrome://browser/content/browser.js:4583
philor
https://tbpl.mozilla.org/php/getParsedLog.php?id=15399226&tree=Cedar
Rev3 WINNT 6.1 cedar debug test mochitest-other on 2012-09-20 19:47:48
slave: talos-r3-w7-071

firefox!mozillTEST-UNEXPECTED-FAIL | chrome://mochitests/content/browser/browser/components/sessionstore/test/browser_586068-cascaded_restore.js | an unexpected uncaught JS exception reported through window.onerror - NS_ERROR_FAILURE: Failure at chrome://browser/content/browser.js:4535
philor
https://tbpl.mozilla.org/php/getParsedLog.php?id=15400325&tree=Mozilla-Inbound
Rev3 WINNT 6.1 mozilla-inbound debug test mochitest-other on 2012-09-20 20:40:45
slave: talos-r3-w7-073

firefox!mozillTEST-UNEXPECTED-FAIL | chrome://mochitests/content/browser/browser/components/sessionstore/test/browser_586068-cascaded_restore.js | an unexpected uncaught JS exception reported through window.onerror - NS_ERROR_FAILURE: Failure at chrome://browser/content/browser.js:4535
ttaubert
https://tbpl.mozilla.org/php/getParsedLog.php?id=15401675&tree=Firefox
Rev3 WINNT 6.1 mozilla-central debug test mochitest-other on 2012-09-20 21:47:30
slave: talos-r3-w7-028

firefox!mozillTEST-UNEXPECTED-FAIL | chrome://mochitests/content/browser/browser/components/sessionstore/test/browser_586068-cascaded_restore.js | an unexpected uncaught JS exception reported through window.onerror - NS_ERROR_FAILURE: Failure at chrome://browser/content/browser.js:4535
philor
https://tbpl.mozilla.org/php/getParsedLog.php?id=15401675&tree=Firefox
Rev3 WINNT 6.1 mozilla-central debug test mochitest-other on 2012-09-20 21:47:30
slave: talos-r3-w7-028

firefox!mozillTEST-UNEXPECTED-FAIL | chrome://mochitests/content/browser/browser/components/sessionstore/test/browser_586068-cascaded_restore.js | an unexpected uncaught JS exception reported through window.onerror - NS_ERROR_FAILURE: Failure at chrome://browser/content/browser.js:4535
https://tbpl.mozilla.org/php/getParsedLog.php?id=15403746&tree=Fx-Team
ryanvm%gmail.com
https://tbpl.mozilla.org/php/getParsedLog.php?id=15370943&tree=Try
Rev5 MacOSX Mountain Lion 10.8 try debug test mochitest-other on 2012-09-20 00:36:14
slave: talos-mtnlion-r5-058

TEST-UNEXPECTED-FAIL | chrome://mochitests/content/browser/browser/components/sessionstore/test/browser_586068-cascaded_restore.js | an unexpected uncaught JS exception reported through window.onerror - NS_ERROR_FAILURE: Failure at chrome://browser/content/browser.js:4586
ttaubert
https://tbpl.mozilla.org/php/getParsedLog.php?id=15406821&tree=Fx-Team
Rev3 WINNT 6.1 fx-team debug test mochitest-other on 2012-09-21 02:06:27
slave: talos-r3-w7-058

firefox!mozillTEST-UNEXPECTED-FAIL | chrome://mochitests/content/browser/browser/components/sessionstore/test/browser_586068-cascaded_restore.js | an unexpected uncaught JS exception reported through window.onerror - NS_ERROR_FAILURE: Failure at chrome://browser/content/browser.js:4535
https://tbpl.mozilla.org/php/getParsedLog.php?id=15410428&tree=Fx-Team
mak77%bonardo.net
https://tbpl.mozilla.org/php/getParsedLog.php?id=15403538&tree=Mozilla-Inbound
Rev3 WINNT 6.1 mozilla-inbound debug test mochitest-other on 2012-09-20 23:21:13
slave: talos-r3-w7-072

firefox!mozillTEST-UNEXPECTED-FAIL | chrome://mochitests/content/browser/browser/components/sessionstore/test/browser_586068-cascaded_restore.js | an unexpected uncaught JS exception reported through window.onerror - NS_ERROR_FAILURE: Failure at chrome://browser/content/browser.js:4546
24920 ERROR TEST-UNEXPECTED-FAIL | chrome://mochitests/content/a11y/accessible/treeupdate/test_imagemap.html | Test timed out.
philor
https://tbpl.mozilla.org/php/getParsedLog.php?id=15410379&tree=Mozilla-Inbound
Rev3 WINNT 5.1 mozilla-inbound debug test mochitest-other on 2012-09-21 04:33:29
slave: talos-r3-xp-064

TEST-UNEXPECTED-FAIL | chrome://mochitests/content/browser/browser/components/sessionstore/test/browser_461743.js | Test timed out
TEST-UNEXPECTED-FAIL | chrome://mochitests/content/browser/browser/components/sessionstore/test/browser_461743.js | Found a tab after previous test timed out: http://mochi.test:8888/browser/browser/components/sessionstore/test/browser_461743_sample.html
TEST-UNEXPECTED-FAIL | chrome://mochitests/content/browser/browser/components/sessionstore/test/browser_461743.js | Found a tab after previous test timed out: http://mochi.test:8888/browser/browser/components/sessionstore/test/browser_461743_sample.html
TEST-UNEXPECTED-FAIL | chrome://mochitests/content/browser/browser/components/sessionstore/test/browser_586068-cascaded_restore.js | an unexpected uncaught JS exception reported through window.onerror - NS_ERROR_FAILURE: Failure at chrome://browser/content/browser.js:4546
philor
https://tbpl.mozilla.org/php/getParsedLog.php?id=15412678&tree=Firefox
Rev4 MacOSX Snow Leopard 10.6 mozilla-central debug test mochitest-other on 2012-09-21 07:20:18
slave: talos-r4-snow-039

TEST-UNEXPECTED-FAIL | chrome://mochitests/content/browser/browser/components/sessionstore/test/browser_586068-cascaded_restore.js | an unexpected uncaught JS exception reported through window.onerror - NS_ERROR_FAILURE: Failure at chrome://browser/content/browser.js:4583
philor
https://tbpl.mozilla.org/php/getParsedLog.php?id=15413601&tree=Firefox
Rev3 WINNT 6.1 mozilla-central debug test mochitest-other on 2012-09-21 07:44:12
slave: talos-r3-w7-014

firefox!mozillTEST-UNEXPECTED-FAIL | chrome://mochitests/content/browser/browser/components/sessionstore/test/browser_586068-cascaded_restore.js | an unexpected uncaught JS exception reported through window.onerror - NS_ERROR_FAILURE: Failure at chrome://browser/content/browser.js:4535
4251 ERROR TEST-UNEXPECTED-FAIL | chrome://mochitests/content/a11y/accessible/events/test_focus_contextmenu.xul | test with ID = ' 'item2.1'  'escape ' key' failed. There is unexpected focus event.
philor
https://tbpl.mozilla.org/php/getParsedLog.php?id=15413290&tree=Firefox
Rev3 WINNT 6.1 mozilla-central debug test mochitest-other on 2012-09-21 07:25:20
slave: talos-r3-w7-037

firefox!mozillTEST-UNEXPECTED-FAIL | chrome://mochitests/content/browser/browser/components/sessionstore/test/browser_586068-cascaded_restore.js | an unexpected uncaught JS exception reported through window.onerror - NS_ERROR_FAILURE: Failure at chrome://browser/content/browser.js:4535
froydnj
https://tbpl.mozilla.org/php/getParsedLog.php?id=15413823&tree=Mozilla-Inbound
Rev4 MacOSX Snow Leopard 10.6 mozilla-inbound debug test mochitest-other on 2012-09-21 08:19:26
slave: talos-r4-snow-067

TEST-UNEXPECTED-FAIL | chrome://mochitests/content/browser/browser/components/sessionstore/test/browser_586068-cascaded_restore.js | an unexpected uncaught JS exception reported through window.onerror - NS_ERROR_FAILURE: Failure at chrome://browser/content/browser.js:4594
philor
https://tbpl.mozilla.org/php/getParsedLog.php?id=15415269&tree=Mozilla-Inbound
Rev4 MacOSX Snow Leopard 10.6 mozilla-inbound debug test mochitest-other on 2012-09-21 09:12:18
slave: talos-r4-snow-037

TEST-UNEXPECTED-FAIL | chrome://mochitests/content/browser/browser/components/sessionstore/test/browser_586068-cascaded_restore.js | an unexpected uncaught JS exception reported through window.onerror - NS_ERROR_FAILURE: Failure at chrome://browser/content/browser.js:4594
philor
https://tbpl.mozilla.org/php/getParsedLog.php?id=15415678&tree=Mozilla-Inbound
Rev3 WINNT 6.1 mozilla-inbound debug test mochitest-other on 2012-09-21 09:04:51
slave: talos-r3-w7-004

firefox!mozillTEST-UNEXPECTED-FAIL | chrome://mochitests/content/browser/browser/components/sessionstore/test/browser_586068-cascaded_restore.js | an unexpected uncaught JS exception reported through window.onerror - NS_ERROR_FAILURE: Failure at chrome://browser/content/browser.js:4546
TEST-UNEXPECTED-FAIL | chrome://mochitests/content/browser/browser/devtools/debugger/test/browser_dbg_createRemote.js | Test timed out
TEST-UNEXPECTED-FAIL | chrome://mochitests/content/browser/browser/devtools/debugger/test/browser_dbg_createRemote.js | Found a  after previous test timed out
TEST-UNEXPECTED-FAIL | chrome://mochitests/content/browser/browser/devtools/debugger/test/browser_dbg_createRemote.js | leaked until shutdown [nsGlobalWindow #7310 about:blank]
TEST-UNEXPECTED-FAIL | chrome://mochitests/content/browser/browser/devtools/debugger/test/browser_dbg_createRemote.js | leaked until shutdown [nsGlobalWindow #7311 about:blank]
TEST-UNEXPECTED-FAIL | automationutils.processLeakLog() | leaked 479119 bytes during test execution
TEST-UNEXPECTED-FAIL | automationutils.processLeakLog() | leaked 214 instances of AtomImpl with size 24 bytes each (5136 bytes total)
TEST-UNEXPECTED-FAIL | automationutils.processLeakLog() | leaked 1 instance of BackstagePass with size 24 bytes
TEST-UNEXPECTED-FAIL | automationutils.processLeakLog() | leaked 1 instance of BodyRule with size 16 bytes
TEST-UNEXPECTED-FAIL | automationutils.processLeakLog() | leaked 8 instances of DOMCSSDeclarationImpl with size 20 bytes each (160 bytes total)
TEST-UNEXPECTED-FAIL | automationutils.processLeakLog() | leaked 8 instances of DOMCSSStyleRule with size 32 bytes each (256 bytes total)
gfritzsche
https://tbpl.mozilla.org/php/getParsedLog.php?id=15415920&tree=Try
Rev3 WINNT 6.1 try debug test mochitest-other on 2012-09-21 09:14:20
slave: talos-r3-w7-068

firefox!mozillTEST-UNEXPECTED-FAIL | chrome://mochitests/content/browser/browser/components/sessionstore/test/browser_586068-cascaded_restore.js | an unexpected uncaught JS exception reported through window.onerror - NS_ERROR_FAILURE: Failure at chrome://browser/content/browser.js:4535
gfritzsche
https://tbpl.mozilla.org/php/getParsedLog.php?id=15415975&tree=Try
Rev3 WINNT 6.1 try debug test mochitest-other on 2012-09-21 09:14:20
slave: talos-r3-w7-039

firefox!mozillTEST-UNEXPECTED-FAIL | chrome://mochitests/content/browser/browser/components/sessionstore/test/browser_586068-cascaded_restore.js | an unexpected uncaught JS exception reported through window.onerror - NS_ERROR_FAILURE: Failure at chrome://browser/content/browser.js:4535
ehsan
https://tbpl.mozilla.org/php/getParsedLog.php?id=15421798&tree=Mozilla-Inbound
Rev4 MacOSX Snow Leopard 10.6 mozilla-inbound debug test mochitest-other on 2012-09-21 12:39:58
slave: talos-r4-snow-015

TEST-UNEXPECTED-FAIL | chrome://mochitests/content/browser/browser/components/sessionstore/test/browser_586068-cascaded_restore.js | an unexpected uncaught JS exception reported through window.onerror - NS_ERROR_FAILURE: Failure at chrome://browser/content/browser.js:4594
ttaubert
https://tbpl.mozilla.org/php/getParsedLog.php?id=15417983&tree=Try
Rev3 WINNT 6.1 try debug test mochitest-other on 2012-09-21 10:24:08
slave: talos-r3-w7-095

firefox!mozillTEST-UNEXPECTED-FAIL | chrome://mochitests/content/browser/browser/components/sessionstore/test/browser_586068-cascaded_restore.js | an unexpected uncaught JS exception reported through window.onerror - NS_ERROR_FAILURE: Failure at chrome://browser/content/browser.js:4535
WG9s
https://tbpl.mozilla.org/php/getParsedLog.php?id=15423527&tree=Firefox
Rev3 WINNT 6.1 mozilla-central debug test mochitest-other on 2012-09-21 13:16:37
slave: talos-r3-w7-035

firefox!mozillTEST-UNEXPECTED-FAIL | chrome://mochitests/content/browser/browser/components/sessionstore/test/browser_586068-cascaded_restore.js | an unexpected uncaught JS exception reported through window.onerror - NS_ERROR_FAILURE: Failure at chrome://browser/content/browser.js:4535
4251 ERROR TEST-UNEXPECTED-FAIL | chrome://mochitests/content/a11y/accessible/events/test_focus_contextmenu.xul | test with ID = ' 'item2.1'  'escape ' key' failed. There is unexpected focus event.
philor
https://tbpl.mozilla.org/php/getParsedLog.php?id=15420259&tree=Mozilla-Inbound
Rev5 MacOSX Mountain Lion 10.8 mozilla-inbound debug test mochitest-other on 2012-09-21 12:15:37
slave: talos-mtnlion-r5-028

TEST-UNEXPECTED-FAIL | chrome://mochitests/content/browser/browser/components/sessionstore/test/browser_586068-cascaded_restore.js | an unexpected uncaught JS exception reported through window.onerror - NS_ERROR_FAILURE: Failure at chrome://browser/content/browser.js:4594
philor
https://tbpl.mozilla.org/php/getParsedLog.php?id=15423671&tree=Mozilla-Inbound
Rev3 Fedora 12x64 mozilla-inbound debug test mochitest-other on 2012-09-21 13:54:45
slave: talos-r3-fed64-025

TEST-UNEXPECTED-FAIL | chrome://mochitests/content/browser/browser/components/sessionstore/test/browser_586068-cascaded_restore.js | an unexpected uncaught JS exception reported through window.onerror - NS_ERROR_FAILURE: Failure at chrome://browser/content/browser.js:4546
https://tbpl.mozilla.org/php/getParsedLog.php?id=15423899&tree=Mozilla-Inbound
philor
https://tbpl.mozilla.org/php/getParsedLog.php?id=15419647&tree=Mozilla-Inbound
Rev3 Fedora 12x64 mozilla-inbound debug test mochitest-other on 2012-09-21 11:47:59
slave: talos-r3-fed64-031

TEST-UNEXPECTED-FAIL | chrome://mochitests/content/browser/browser/components/sessionstore/test/browser_586068-cascaded_restore.js | an unexpected uncaught JS exception reported through window.onerror - NS_ERROR_FAILURE: Failure at chrome://browser/content/browser.js:4546
philor
https://tbpl.mozilla.org/php/getParsedLog.php?id=15422275&tree=Mozilla-Inbound
Rev3 WINNT 6.1 mozilla-inbound debug test mochitest-other on 2012-09-21 12:37:02
slave: talos-r3-w7-085

firefox!mozillTEST-UNEXPECTED-FAIL | chrome://mochitests/content/browser/browser/components/sessionstore/test/browser_586068-cascaded_restore.js | an unexpected uncaught JS exception reported through window.onerror - NS_ERROR_FAILURE: Failure at chrome://browser/content/browser.js:4546
TEST-UNEXPECTED-FAIL | chrome://mochitests/content/browser/browser/devtools/debugger/test/browser_dbg_createRemote.js | Test timed out
TEST-UNEXPECTED-FAIL | chrome://mochitests/content/browser/browser/devtools/debugger/test/browser_dbg_createRemote.js | Found a  after previous test timed out
TEST-UNEXPECTED-FAIL | chrome://mochitests/content/browser/browser/devtools/debugger/test/browser_dbg_createRemote.js | leaked until shutdown [nsGlobalWindow #7293 about:blank]
TEST-UNEXPECTED-FAIL | chrome://mochitests/content/browser/browser/devtools/debugger/test/browser_dbg_createRemote.js | leaked until shutdown [nsGlobalWindow #7294 about:blank]
TEST-UNEXPECTED-FAIL | automationutils.processLeakLog() | leaked 475459 bytes during test execution
TEST-UNEXPECTED-FAIL | automationutils.processLeakLog() | leaked 214 instances of AtomImpl with size 24 bytes each (5136 bytes total)
TEST-UNEXPECTED-FAIL | automationutils.processLeakLog() | leaked 1 instance of BackstagePass with size 24 bytes
TEST-UNEXPECTED-FAIL | automationutils.processLeakLog() | leaked 1 instance of BodyRule with size 16 bytes
TEST-UNEXPECTED-FAIL | automationutils.processLeakLog() | leaked 8 instances of DOMCSSDeclarationImpl with size 20 bytes each (160 bytes total)
TEST-UNEXPECTED-FAIL | automationutils.processLeakLog() | leaked 8 instances of DOMCSSStyleRule with size 32 bytes each (256 bytes total)
philor
https://tbpl.mozilla.org/php/getParsedLog.php?id=15418912&tree=Mozilla-Inbound
Rev4 MacOSX Snow Leopard 10.6 mozilla-inbound debug test mochitest-other on 2012-09-21 11:18:08
slave: talos-r4-snow-053

TEST-UNEXPECTED-FAIL | chrome://mochitests/content/browser/browser/components/sessionstore/test/browser_586068-cascaded_restore.js | an unexpected uncaught JS exception reported through window.onerror - NS_ERROR_FAILURE: Failure at chrome://browser/content/browser.js:4594
philor
https://tbpl.mozilla.org/php/getParsedLog.php?id=15418937&tree=Mozilla-Inbound
Rev3 WINNT 6.1 mozilla-inbound debug test mochitest-other on 2012-09-21 10:57:44
slave: talos-r3-w7-048

firefox!mozillTEST-UNEXPECTED-FAIL | chrome://mochitests/content/browser/browser/components/sessionstore/test/browser_586068-cascaded_restore.js | an unexpected uncaught JS exception reported through window.onerror - NS_ERROR_FAILURE: Failure at chrome://browser/content/browser.js:4546
https://tbpl.mozilla.org/php/getParsedLog.php?id=15424853&tree=Mozilla-Inbound
philor
https://tbpl.mozilla.org/php/getParsedLog.php?id=15425592&tree=Mozilla-Inbound
Rev3 WINNT 6.1 mozilla-inbound debug test mochitest-other on 2012-09-21 14:36:57
slave: talos-r3-w7-015

firefox!mozillTEST-UNEXPECTED-FAIL | chrome://mochitests/content/browser/browser/components/sessionstore/test/browser_586068-cascaded_restore.js | an unexpected uncaught JS exception reported through window.onerror - NS_ERROR_FAILURE: Failure at chrome://browser/content/browser.js:4546
ryanvm%gmail.com
https://tbpl.mozilla.org/php/getParsedLog.php?id=15410493&tree=Try
Rev3 WINNT 6.1 try debug test mochitest-other on 2012-09-21 04:46:28
slave: talos-r3-w7-035

firefox!mozillTEST-UNEXPECTED-FAIL | chrome://mochitests/content/browser/browser/components/sessionstore/test/browser_586068-cascaded_restore.js | an unexpected uncaught JS exception reported through window.onerror - NS_ERROR_FAILURE: Failure at chrome://browser/content/browser.js:4535
ryanvm%gmail.com
https://tbpl.mozilla.org/php/getParsedLog.php?id=15429424&tree=Mozilla-Inbound
Rev5 MacOSX Mountain Lion 10.8 mozilla-inbound debug test mochitest-other on 2012-09-21 17:27:22
slave: talos-mtnlion-r5-021

TEST-UNEXPECTED-FAIL | chrome://mochitests/content/browser/browser/components/sessionstore/test/browser_586068-cascaded_restore.js | an unexpected uncaught JS exception reported through window.onerror - NS_ERROR_FAILURE: Failure at chrome://browser/content/browser.js:4594
philor
https://tbpl.mozilla.org/php/getParsedLog.php?id=15428377&tree=Mozilla-Inbound
Rev5 MacOSX Mountain Lion 10.8 mozilla-inbound debug test mochitest-other on 2012-09-21 16:46:30
slave: talos-mtnlion-r5-050

TEST-UNEXPECTED-FAIL | chrome://mochitests/content/browser/browser/components/sessionstore/test/browser_586068-cascaded_restore.js | an unexpected uncaught JS exception reported through window.onerror - NS_ERROR_FAILURE: Failure at chrome://browser/content/browser.js:4594
philor
https://tbpl.mozilla.org/php/getParsedLog.php?id=15420686&tree=Services-Central
Rev4 MacOSX Snow Leopard 10.6 services-central debug test mochitest-other on 2012-09-21 12:08:43
slave: talos-r4-snow-019

TEST-UNEXPECTED-FAIL | chrome://mochitests/content/browser/browser/components/sessionstore/test/browser_586068-cascaded_restore.js | an unexpected uncaught JS exception reported through window.onerror - NS_ERROR_FAILURE: Failure at chrome://browser/content/browser.js:4584
philor
https://tbpl.mozilla.org/php/getParsedLog.php?id=15423200&tree=Services-Central
Rev3 WINNT 6.1 services-central debug test mochitest-other on 2012-09-21 13:07:25
slave: talos-r3-w7-076

firefox!mozillTEST-UNEXPECTED-FAIL | chrome://mochitests/content/browser/browser/components/sessionstore/test/browser_586068-cascaded_restore.js | an unexpected uncaught JS exception reported through window.onerror - NS_ERROR_FAILURE: Failure at chrome://browser/content/browser.js:4536
philor
https://tbpl.mozilla.org/php/getParsedLog.php?id=15413352&tree=Services-Central
Rev4 MacOSX Snow Leopard 10.6 services-central debug test mochitest-other on 2012-09-21 07:56:12
slave: talos-r4-snow-031

TEST-UNEXPECTED-FAIL | chrome://mochitests/content/browser/browser/components/sessionstore/test/browser_586068-cascaded_restore.js | an unexpected uncaught JS exception reported through window.onerror - NS_ERROR_FAILURE: Failure at chrome://browser/content/browser.js:4584
philor
https://tbpl.mozilla.org/php/getParsedLog.php?id=15432687&tree=Mozilla-Inbound
Rev5 MacOSX Mountain Lion 10.8 mozilla-inbound debug test mochitest-other on 2012-09-21 20:32:28
slave: talos-mtnlion-r5-037

TEST-UNEXPECTED-FAIL | chrome://mochitests/content/browser/browser/components/sessionstore/test/browser_586068-cascaded_restore.js | an unexpected uncaught JS exception reported through window.onerror - NS_ERROR_FAILURE: Failure at chrome://browser/content/browser.js:4594
ryanvm%gmail.com
https://tbpl.mozilla.org/php/getParsedLog.php?id=15435129&tree=Mozilla-Inbound
Rev4 MacOSX Snow Leopard 10.6 mozilla-inbound debug test mochitest-other on 2012-09-21 22:45:18
slave: talos-r4-snow-066

TEST-UNEXPECTED-FAIL | chrome://mochitests/content/browser/browser/components/sessionstore/test/browser_586068-cascaded_restore.js | an unexpected uncaught JS exception reported through window.onerror - NS_ERROR_FAILURE: Failure at chrome://browser/content/browser.js:4594
ryanvm%gmail.com
https://tbpl.mozilla.org/php/getParsedLog.php?id=15435053&tree=Mozilla-Inbound
Rev5 MacOSX Mountain Lion 10.8 mozilla-inbound debug test mochitest-other on 2012-09-21 22:45:32
slave: talos-mtnlion-r5-057

TEST-UNEXPECTED-FAIL | chrome://mochitests/content/browser/browser/components/sessionstore/test/browser_586068-cascaded_restore.js | an unexpected uncaught JS exception reported through window.onerror - NS_ERROR_FAILURE: Failure at chrome://browser/content/browser.js:4594
TEST-UNEXPECTED-FAIL | chrome://mochitests/content/browser/browser/components/tabview/test/browser_tabview_bug648882.js | tabItem is updated only when UI is idle
ryanvm%gmail.com
https://tbpl.mozilla.org/php/getParsedLog.php?id=15442731&tree=Mozilla-Inbound
Rev3 WINNT 6.1 mozilla-inbound debug test mochitest-other on 2012-09-22 06:29:43
slave: talos-r3-w7-026

TEST-UNEXPECTED-FAIL | chrome://mochitests/content/browser/browser/components/sessionstore/test/browser_586068-cascaded_restore.js | an unexpected uncaught JS exception reported through window.onerror - NS_ERROR_FAILURE: Failure at chrome://browser/content/browser.js:4546
24920 ERROR TEST-UNEXPECTED-FAIL | chrome://mochitests/content/a11y/accessible/treeupdate/test_imagemap.html | Test timed out.
ryanvm%gmail.com
https://tbpl.mozilla.org/php/getParsedLog.php?id=15443236&tree=Try
Rev3 WINNT 6.1 try debug test mochitest-other on 2012-09-22 06:57:03
slave: talos-r3-w7-024

firefox!mozillTEST-UNEXPECTED-FAIL | chrome://mochitests/content/browser/browser/components/sessionstore/test/browser_586068-cascaded_restore.js | an unexpected uncaught JS exception reported through window.onerror - NS_ERROR_FAILURE: Failure at chrome://browser/content/browser.js:4546
gphemsley%gmail.com
https://tbpl.mozilla.org/php/getParsedLog.php?id=15398521&tree=Try
Rev3 WINNT 6.1 try debug test mochitest-other on 2012-09-20 19:09:33
slave: talos-r3-w7-061

firefox!mozillTEST-UNEXPECTED-FAIL | chrome://mochitests/content/browser/browser/components/sessionstore/test/browser_586068-cascaded_restore.js | an unexpected uncaught JS exception reported through window.onerror - NS_ERROR_FAILURE: Failure at chrome://browser/content/browser.js:4535
philor
https://tbpl.mozilla.org/php/getParsedLog.php?id=15444375&tree=Fx-Team
Rev3 WINNT 6.1 fx-team debug test mochitest-other on 2012-09-22 08:12:55
slave: talos-r3-w7-026

firefox!mozillTEST-UNEXPECTED-FAIL | chrome://mochitests/content/browser/browser/components/sessionstore/test/browser_586068-cascaded_restore.js | an unexpected uncaught JS exception reported through window.onerror - NS_ERROR_FAILURE: Failure at chrome://browser/content/browser.js:4546
philor
https://tbpl.mozilla.org/php/getParsedLog.php?id=15445425&tree=Mozilla-Inbound
Rev3 WINNT 6.1 mozilla-inbound debug test mochitest-other on 2012-09-22 09:16:19
slave: talos-r3-w7-086

firefox!mozillTEST-UNEXPECTED-FAIL | chrome://mochitests/content/browser/browser/components/sessionstore/test/browser_586068-cascaded_restore.js | an unexpected uncaught JS exception reported through window.onerror - NS_ERROR_FAILURE: Failure at chrome://browser/content/browser.js:4546
4251 ERROR TEST-UNEXPECTED-FAIL | chrome://mochitests/content/a11y/accessible/events/test_focus_contextmenu.xul | test with ID = ' 'item2.1'  'escape ' key' failed. There is unexpected focus event.
philor
https://tbpl.mozilla.org/php/getParsedLog.php?id=15445918&tree=Mozilla-Inbound
Rev5 MacOSX Mountain Lion 10.8 mozilla-inbound debug test mochitest-other on 2012-09-22 10:15:31
slave: talos-mtnlion-r5-042

TEST-UNEXPECTED-FAIL | chrome://mochitests/content/browser/browser/components/sessionstore/test/browser_586068-cascaded_restore.js | an unexpected uncaught JS exception reported through window.onerror - NS_ERROR_FAILURE: Failure at chrome://browser/content/browser.js:4594
philor
https://tbpl.mozilla.org/php/getParsedLog.php?id=15446296&tree=Mozilla-Inbound
Rev3 Fedora 12x64 mozilla-inbound debug test mochitest-other on 2012-09-22 10:25:23
slave: talos-r3-fed64-044

TEST-UNEXPECTED-FAIL | chrome://mochitests/content/browser/browser/components/sessionstore/test/browser_586068-cascaded_restore.js | an unexpected uncaught JS exception reported through window.onerror - NS_ERROR_FAILURE: Failure at chrome://browser/content/browser.js:4546
jimm
https://tbpl.mozilla.org/php/getParsedLog.php?id=15436909&tree=Try
Rev3 WINNT 5.1 try debug test mochitest-other on 2012-09-22 01:23:24
slave: talos-r3-xp-030

TEST-UNEXPECTED-FAIL | chrome://mochitests/content/browser/browser/components/sessionstore/test/browser_586068-cascaded_restore.js | an unexpected uncaught JS exception reported through window.onerror - NS_ERROR_FAILURE: Failure at chrome://browser/content/browser.js:4535
philor
https://tbpl.mozilla.org/php/getParsedLog.php?id=15447008&tree=Mozilla-Inbound
Rev3 WINNT 6.1 mozilla-inbound debug test mochitest-other on 2012-09-22 10:40:14
slave: talos-r3-w7-084

firefox!mozillTEST-UNEXPECTED-FAIL | chrome://mochitests/content/browser/browser/components/sessionstore/test/browser_586068-cascaded_restore.js | an unexpected uncaught JS exception reported through window.onerror - NS_ERROR_FAILURE: Failure at chrome://browser/content/browser.js:4546
4251 ERROR TEST-UNEXPECTED-FAIL | chrome://mochitests/content/a11y/accessible/events/test_focus_contextmenu.xul | test with ID = ' 'item2.1'  'escape ' key' failed. There is unexpected focus event.
philor
https://tbpl.mozilla.org/php/getParsedLog.php?id=15449198&tree=Mozilla-Inbound
Rev3 WINNT 6.1 mozilla-inbound debug test mochitest-other on 2012-09-22 13:25:34
slave: talos-r3-w7-077

firefox!mozillTEST-UNEXPECTED-FAIL | chrome://mochitests/content/browser/browser/components/sessionstore/test/browser_586068-cascaded_restore.js | an unexpected uncaught JS exception reported through window.onerror - NS_ERROR_FAILURE: Failure at chrome://browser/content/browser.js:4546
philor
https://tbpl.mozilla.org/php/getParsedLog.php?id=15449384&tree=Mozilla-Inbound
Rev3 WINNT 6.1 mozilla-inbound debug test mochitest-other on 2012-09-22 13:44:32
slave: talos-r3-w7-089

firefox!mozillTEST-UNEXPECTED-FAIL | chrome://mochitests/content/browser/browser/components/sessionstore/test/browser_586068-cascaded_restore.js | an unexpected uncaught JS exception reported through window.onerror - NS_ERROR_FAILURE: Failure at chrome://browser/content/browser.js:4546
mounir
https://tbpl.mozilla.org/php/getParsedLog.php?id=15442829&tree=Try
Rev4 MacOSX Snow Leopard 10.6 try debug test mochitest-other on 2012-09-22 06:52:58
slave: talos-r4-snow-019

TEST-UNEXPECTED-FAIL | chrome://mochitests/content/browser/browser/components/sessionstore/test/browser_586068-cascaded_restore.js | an unexpected uncaught JS exception reported through window.onerror - NS_ERROR_FAILURE: Failure at chrome://browser/content/browser.js:4594
mounir
https://tbpl.mozilla.org/php/getParsedLog.php?id=15442178&tree=Try
Rev5 MacOSX Mountain Lion 10.8 try debug test mochitest-other on 2012-09-22 06:52:20
slave: talos-mtnlion-r5-013

TEST-UNEXPECTED-FAIL | chrome://mochitests/content/browser/browser/components/sessionstore/test/browser_586068-cascaded_restore.js | an unexpected uncaught JS exception reported through window.onerror - NS_ERROR_FAILURE: Failure at chrome://browser/content/browser.js:4594
mounir
https://tbpl.mozilla.org/php/getParsedLog.php?id=15443358&tree=Try
Rev3 Fedora 12x64 try debug test mochitest-other on 2012-09-22 07:31:16
slave: talos-r3-fed64-057

TEST-UNEXPECTED-FAIL | chrome://mochitests/content/browser/browser/components/sessionstore/test/browser_586068-cascaded_restore.js | an unexpected uncaught JS exception reported through window.onerror - NS_ERROR_FAILURE: Failure at chrome://browser/content/browser.js:4546
cjones
https://tbpl.mozilla.org/php/getParsedLog.php?id=15450544&tree=Try
Rev4 MacOSX Snow Leopard 10.6 try debug test mochitest-other on 2012-09-22 16:18:18
slave: talos-r4-snow-018

TEST-UNEXPECTED-FAIL | chrome://mochitests/content/browser/browser/components/sessionstore/test/browser_586068-cascaded_restore.js | an unexpected uncaught JS exception reported through window.onerror - NS_ERROR_FAILURE: Failure at chrome://browser/content/browser.js:4594
ryanvm%gmail.com
https://tbpl.mozilla.org/php/getParsedLog.php?id=15450830&tree=Firefox
Rev3 WINNT 6.1 mozilla-central debug test mochitest-other on 2012-09-22 16:49:53
slave: talos-r3-w7-031

firefox!mozillTEST-UNEXPECTED-FAIL | chrome://mochitests/content/browser/browser/components/sessionstore/test/browser_586068-cascaded_restore.js | an unexpected uncaught JS exception reported through window.onerror - NS_ERROR_FAILURE: Failure at chrome://browser/content/browser.js:4546
4251 ERROR TEST-UNEXPECTED-FAIL | chrome://mochitests/content/a11y/accessible/events/test_focus_contextmenu.xul | test with ID = ' 'item2.1'  'escape ' key' failed. There is unexpected focus event.
ryanvm%gmail.com
https://tbpl.mozilla.org/php/getParsedLog.php?id=15451517&tree=Mozilla-Inbound
Rev4 MacOSX Snow Leopard 10.6 mozilla-inbound debug test mochitest-other on 2012-09-22 18:11:18
slave: talos-r4-snow-015

28283 ERROR TEST-UNEXPECTED-PASS | chrome://mochitests/content/chrome/toolkit/identity/tests/chrome/test_sandbox.xul | Check webm was not loaded - -1 should equal -1
28284 ERROR TEST-UNEXPECTED-PASS | chrome://mochitests/content/chrome/toolkit/identity/tests/chrome/test_sandbox.xul | Check ogg was not loaded - -1 should equal -1
TEST-UNEXPECTED-FAIL | chrome://mochitests/content/browser/browser/components/sessionstore/test/browser_586068-cascaded_restore.js | an unexpected uncaught JS exception reported through window.onerror - NS_ERROR_FAILURE: Failure at chrome://browser/content/browser.js:4594
philor
https://tbpl.mozilla.org/php/getParsedLog.php?id=15451929&tree=Mozilla-Inbound
Rev3 WINNT 6.1 mozilla-inbound debug test mochitest-other on 2012-09-22 18:31:12
slave: talos-r3-w7-048

firefox!mozillTEST-UNEXPECTED-FAIL | chrome://mochitests/content/browser/browser/components/sessionstore/test/browser_586068-cascaded_restore.js | an unexpected uncaught JS exception reported through window.onerror - NS_ERROR_FAILURE: Failure at chrome://browser/content/browser.js:4546
ryanvm%gmail.com
https://tbpl.mozilla.org/php/getParsedLog.php?id=15451929&tree=Mozilla-Inbound
Rev3 WINNT 6.1 mozilla-inbound debug test mochitest-other on 2012-09-22 18:31:12
slave: talos-r3-w7-048

firefox!mozillTEST-UNEXPECTED-FAIL | chrome://mochitests/content/browser/browser/components/sessionstore/test/browser_586068-cascaded_restore.js | an unexpected uncaught JS exception reported through window.onerror - NS_ERROR_FAILURE: Failure at chrome://browser/content/browser.js:4546
ryanvm%gmail.com
https://tbpl.mozilla.org/php/getParsedLog.php?id=15456404&tree=Firefox
Rev5 MacOSX Mountain Lion 10.8 mozilla-central debug test mochitest-other on 2012-09-23 05:38:27
slave: talos-mtnlion-r5-005

TEST-UNEXPECTED-FAIL | chrome://mochitests/content/browser/browser/components/sessionstore/test/browser_586068-cascaded_restore.js | an unexpected uncaught JS exception reported through window.onerror - NS_ERROR_FAILURE: Failure at chrome://browser/content/browser.js:4594
https://tbpl.mozilla.org/php/getParsedLog.php?id=15459129&tree=Firefox
philor
https://tbpl.mozilla.org/php/getParsedLog.php?id=15459444&tree=Fx-Team
Rev4 MacOSX Snow Leopard 10.6 fx-team debug test mochitest-other on 2012-09-23 09:49:18
slave: talos-r4-snow-064

TEST-UNEXPECTED-FAIL | chrome://mochitests/content/browser/browser/components/sessionstore/test/browser_586068-cascaded_restore.js | an unexpected uncaught JS exception reported through window.onerror - NS_ERROR_FAILURE: Failure at chrome://browser/content/browser.js:4594
philor
https://tbpl.mozilla.org/php/getParsedLog.php?id=15459838&tree=Mozilla-Inbound
Rev5 MacOSX Mountain Lion 10.8 mozilla-inbound debug test mochitest-other on 2012-09-23 10:34:18
slave: talos-mtnlion-r5-085

TEST-UNEXPECTED-FAIL | chrome://mochitests/content/browser/browser/components/sessionstore/test/browser_586068-cascaded_restore.js | an unexpected uncaught JS exception reported through window.onerror - NS_ERROR_FAILURE: Failure at chrome://browser/content/browser.js:4594
philor
https://tbpl.mozilla.org/php/getParsedLog.php?id=15459944&tree=Mozilla-Inbound
Rev3 WINNT 6.1 mozilla-inbound debug test mochitest-other on 2012-09-23 10:08:55
slave: talos-r3-w7-074

TEST-UNEXPECTED-FAIL | chrome://mochitests/content/browser/browser/components/sessionstore/test/browser_586068-cascaded_restore.js | an unexpected uncaught JS exception reported through window.onerror - NS_ERROR_FAILURE: Failure at chrome://browser/content/browser.js:4546
philor
https://tbpl.mozilla.org/php/getParsedLog.php?id=15460865&tree=Mozilla-Inbound
Rev5 MacOSX Mountain Lion 10.8 mozilla-inbound debug test mochitest-other on 2012-09-23 12:26:30
slave: talos-mtnlion-r5-040

TEST-UNEXPECTED-FAIL | chrome://mochitests/content/browser/browser/components/sessionstore/test/browser_586068-cascaded_restore.js | an unexpected uncaught JS exception reported through window.onerror - NS_ERROR_FAILURE: Failure at chrome://browser/content/browser.js:4594
philor
https://tbpl.mozilla.org/php/getParsedLog.php?id=15462682&tree=Mozilla-Inbound
Rev3 WINNT 6.1 mozilla-inbound debug test mochitest-other on 2012-09-23 13:05:27
slave: talos-r3-w7-019

9284 ERROR TEST-UNEXPECTED-FAIL | chrome://mochitests/content/chrome/dom/tests/mochitest/webapps/test_install_errors.xul | an unexpected uncaught JS exception reported through window.onerror - NS_NOINTERFACE: Component returned failure code: 0x80004002 (NS_NOINTERFACE) [nsIFileURL.file] at chrome://mochitests/content/chrome/dom/tests/mochitest/webapps/test_install_errors.xul:159
firefox!mozillTEST-UNEXPECTED-FAIL | chrome://mochitests/content/browser/browser/components/sessionstore/test/browser_586068-cascaded_restore.js | an unexpected uncaught JS exception reported through window.onerror - NS_ERROR_FAILURE: Failure at chrome://browser/content/browser.js:4546
TEST-UNEXPECTED-FAIL | chrome://mochitests/content/browser/browser/devtools/debugger/test/browser_dbg_createRemote.js | Test timed out
TEST-UNEXPECTED-FAIL | chrome://mochitests/content/browser/browser/devtools/debugger/test/browser_dbg_createRemote.js | Found a  after previous test timed out
TEST-UNEXPECTED-FAIL | chrome://mochitests/content/browser/browser/devtools/debugger/test/browser_dbg_globalactor-01.js | Only one connection is established. - Got 2, expected 1
TEST-UNEXPECTED-FAIL | chrome://mochitests/content/browser/browser/devtools/debugger/test/browser_dbg_globalactor-01.js | The test actor exists in the pool. - Didn't expect -1, but got it
TEST-UNEXPECTED-FAIL | chrome://mochitests/content/browser/browser/devtools/debugger/test/browser_dbg_createRemote.js | leaked until shutdown [nsGlobalWindow #7313 about:blank]
TEST-UNEXPECTED-FAIL | chrome://mochitests/content/browser/browser/devtools/debugger/test/browser_dbg_createRemote.js | leaked until shutdown [nsGlobalWindow #7314 about:blank]
TEST-UNEXPECTED-FAIL | automationutils.processLeakLog() | leaked 3836532 bytes during test execution
TEST-UNEXPECTED-FAIL | automationutils.processLeakLog() | leaked 2 instances of AsyncStatement with size 48 bytes each (96 bytes total)
TEST-UNEXPECTED-FAIL | automationutils.processLeakLog() | leaked 2056 instances of AtomImpl with size 24 bytes each (49344 bytes total)
TEST-UNEXPECTED-FAIL | automationutils.processLeakLog() | leaked 1 instance of BackstagePass with size 24 bytes
TEST-UNEXPECTED-FAIL | automationutils.processLeakLog() | leaked 2 instances of BodyRule with size 16 bytes each (32 bytes total)
TEST-UNEXPECTED-FAIL | automationutils.processLeakLog() | leaked 1 instance of CalculateFrecencyFunction with size 12 bytes
24920 ERROR TEST-UNEXPECTED-FAIL | chrome://mochitests/content/a11y/accessible/treeupdate/test_imagemap.html | Test timed out.
We're up to 200 of these a week, so I pushed an ignoreAllUncaughtExceptions() in http://hg.mozilla.org/integration/mozilla-inbound/rev/c671314ef408 assuming that a hypothetical future owner of sessionstore would rather find that he owns a test with two years of added uncaught exceptions than find that he owns an [orange] bug with 20,000 comments.
ryanvm%gmail.com
https://tbpl.mozilla.org/php/getParsedLog.php?id=15463644&tree=Mozilla-Inbound
Rev3 WINNT 6.1 mozilla-inbound debug test mochitest-other on 2012-09-23 14:15:57
slave: talos-r3-w7-052

9284 ERROR TEST-UNEXPECTED-FAIL | chrome://mochitests/content/chrome/dom/tests/mochitest/webapps/test_install_errors.xul | an unexpected uncaught JS exception reported through window.onerror - NS_NOINTERFACE: Component returned failure code: 0x80004002 (NS_NOINTERFACE) [nsIFileURL.file] at chrome://mochitests/content/chrome/dom/tests/mochitest/webapps/test_install_errors.xul:159
firefox!mozillTEST-UNEXPECTED-FAIL | chrome://mochitests/content/browser/browser/components/sessionstore/test/browser_586068-cascaded_restore.js | an unexpected uncaught JS exception reported through window.onerror - NS_ERROR_FAILURE: Failure at chrome://browser/content/browser.js:4546
https://hg.mozilla.org/mozilla-central/rev/c671314ef408
Homie don't think so.
(In reply to Phil Ringnalda (:philor) from comment #318)
> Homie don't think so.

(m-cMerge now sets assignee; suspect a [leave assignee] might be overkill)
And thank you for the ignoreAllUncaughtExceptions() :-D
jimm
https://tbpl.mozilla.org/php/getParsedLog.php?id=15481067&tree=Elm
Rev3 WINNT 6.1 elm debug test mochitest-other on 2012-09-24 05:55:15
slave: talos-r3-w7-098

xul!JSD_TEST-UNEXPECTED-FAIL | chrome://mochitests/content/browser/browser/components/sessionstore/test/browser_586068-cascaded_restore.js | an unexpected uncaught JS exception reported through window.onerror - NS_ERROR_FAILURE: Failure at chrome://browser/content/browser.js:4544
TEST-UNEXPECTED-FAIL | chrome://mochitests/content/browser/browser/devtools/debugger/test/browser_dbg_createRemote.js | Test timed out
TEST-UNEXPECTED-FAIL | chrome://mochitests/content/browser/browser/devtools/debugger/test/browser_dbg_createRemote.js | Found a  after previous test timed out
TEST-UNEXPECTED-FAIL | automationutils.processLeakLog() | leaked 1352 bytes during test execution
TEST-UNEXPECTED-FAIL | automationutils.processLeakLog() | leaked 6 instances of Mutex with size 12 bytes each (72 bytes total)
TEST-UNEXPECTED-FAIL | automationutils.processLeakLog() | leaked 3 instances of ReentrantMonitor with size 16 bytes each (48 bytes total)
TEST-UNEXPECTED-FAIL | automationutils.processLeakLog() | leaked 2 instances of nsAStreamCopier with size 76 bytes each (152 bytes total)
TEST-UNEXPECTED-FAIL | automationutils.processLeakLog() | leaked 1 instance of nsDNSRecord with size 32 bytes
TEST-UNEXPECTED-FAIL | automationutils.processLeakLog() | leaked 1 instance of nsHostRecord with size 68 bytes
jimm
https://tbpl.mozilla.org/php/getParsedLog.php?id=15488184&tree=Elm
Rev3 WINNT 6.1 elm debug test mochitest-other on 2012-09-24 12:09:08
slave: talos-r3-w7-073

xul!JSD_TEST-UNEXPECTED-FAIL | chrome://mochitests/content/browser/browser/components/sessionstore/test/browser_586068-cascaded_restore.js | an unexpected uncaught JS exception reported through window.onerror - NS_ERROR_FAILURE: Failure at chrome://browser/content/browser.js:4544
TEST-UNEXPECTED-FAIL | chrome://mochitests/content/browser/browser/devtools/debugger/test/browser_dbg_createRemote.js | Test timed out
TEST-UNEXPECTED-FAIL | chrome://mochitests/content/browser/browser/devtools/debugger/test/browser_dbg_createRemote.js | Found a  after previous test timed out
TEST-UNEXPECTED-FAIL | automationutils.processLeakLog() | leaked 1352 bytes during test execution
TEST-UNEXPECTED-FAIL | automationutils.processLeakLog() | leaked 6 instances of Mutex with size 12 bytes each (72 bytes total)
TEST-UNEXPECTED-FAIL | automationutils.processLeakLog() | leaked 3 instances of ReentrantMonitor with size 16 bytes each (48 bytes total)
TEST-UNEXPECTED-FAIL | automationutils.processLeakLog() | leaked 2 instances of nsAStreamCopier with size 76 bytes each (152 bytes total)
TEST-UNEXPECTED-FAIL | automationutils.processLeakLog() | leaked 1 instance of nsDNSRecord with size 32 bytes
TEST-UNEXPECTED-FAIL | automationutils.processLeakLog() | leaked 1 instance of nsHostRecord with size 68 bytes
tanvi
https://tbpl.mozilla.org/php/getParsedLog.php?id=15494724&tree=Try
Rev4 MacOSX Snow Leopard 10.6 try debug test mochitest-other on 2012-09-24 15:55:35
slave: talos-r4-snow-068

TEST-UNEXPECTED-FAIL | chrome://mochitests/content/browser/browser/components/sessionstore/test/browser_586068-cascaded_restore.js | an unexpected uncaught JS exception reported through window.onerror - NS_ERROR_FAILURE: Failure at chrome://browser/content/browser.js:4586
jimm
https://tbpl.mozilla.org/php/getParsedLog.php?id=15500271&tree=Elm
Rev3 WINNT 6.1 elm debug test mochitest-other on 2012-09-24 18:39:54
slave: talos-r3-w7-005

xul!JSD_TEST-UNEXPECTED-FAIL | chrome://mochitests/content/browser/browser/components/sessionstore/test/browser_586068-cascaded_restore.js | an unexpected uncaught JS exception reported through window.onerror - NS_ERROR_FAILURE: Failure at chrome://browser/content/browser.js:4544
TEST-UNEXPECTED-FAIL | chrome://mochitests/content/browser/browser/devtools/debugger/test/browser_dbg_createRemote.js | Test timed out
TEST-UNEXPECTED-FAIL | chrome://mochitests/content/browser/browser/devtools/debugger/test/browser_dbg_createRemote.js | Found a  after previous test timed out
TEST-UNEXPECTED-FAIL | automationutils.processLeakLog() | leaked 1352 bytes during test execution
TEST-UNEXPECTED-FAIL | automationutils.processLeakLog() | leaked 6 instances of Mutex with size 12 bytes each (72 bytes total)
TEST-UNEXPECTED-FAIL | automationutils.processLeakLog() | leaked 3 instances of ReentrantMonitor with size 16 bytes each (48 bytes total)
TEST-UNEXPECTED-FAIL | automationutils.processLeakLog() | leaked 2 instances of nsAStreamCopier with size 76 bytes each (152 bytes total)
TEST-UNEXPECTED-FAIL | automationutils.processLeakLog() | leaked 1 instance of nsDNSRecord with size 32 bytes
TEST-UNEXPECTED-FAIL | automationutils.processLeakLog() | leaked 1 instance of nsHostRecord with size 68 bytes
tanvi
https://tbpl.mozilla.org/php/getParsedLog.php?id=15495591&tree=Try
Rev3 WINNT 6.1 try debug test mochitest-other on 2012-09-24 16:02:39
slave: talos-r3-w7-077

TEST-UNEXPECTED-FAIL | chrome://mochitests/content/browser/browser/components/sessionstore/test/browser_586068-cascaded_restore.js | an unexpected uncaught JS exception reported through window.onerror - NS_ERROR_FAILURE: Failure at chrome://browser/content/browser.js:4538
While debugging the JS engine I noticed that in the function countTabs, located at the end of browser_586068-cascaded_restore.js, the expression  window.gBrowser.tabs[i].linkedBrowser  might not be an object which cause a Type error to be raised by  browser.__SS_restoreState  in the next if statement.

I don't know if this is expected but I feel like it might be related.
I'm pretty sure this will be fixed by bug 794436. I think it's the same failure. Would anyone mind if I remove ignoreAllUncaughtExceptions() again to see if that fixed it? I'll of course re-add it if it doesn't.
wfm :-)
Back out:

https://hg.mozilla.org/integration/fx-team/rev/4419d3a40bde
jimm
https://tbpl.mozilla.org/php/getParsedLog.php?id=15566041&tree=Elm
Rev3 WINNT 6.1 elm debug test mochitest-other on 2012-09-26 12:28:36
slave: talos-r3-w7-075

TEST-UNEXPECTED-FAIL | chrome://mochitests/content/browser/browser/components/sessionstore/test/browser_586068-cascaded_restore.js | an unexpected uncaught JS exception reported through window.onerror - NS_ERROR_FAILURE: Failure at chrome://browser/content/browser.js:4544
https://hg.mozilla.org/mozilla-central/rev/4419d3a40bde
Marking as fixed by bug 794436.
