https://tbpl.mozilla.org/php/getParsedLog.php?id=15893606&tree=Firefox
Rev3 WINNT 5.1 mozilla-central pgo test mochitest-other on 2012-10-07 02:44:28 PDT for push ecd4c4304219
slave: talos-r3-xp-020

TEST-START | chrome://mochitests/content/browser/browser/devtools/webconsole/test/browser_webconsole_bug_737873_mixedcontent.js
TEST-INFO | chrome://mochitests/content/browser/browser/devtools/webconsole/test/browser_webconsole_bug_737873_mixedcontent.js | Console message: [JavaScript Warning: "mistyped ; after conditional?" {file: "chrome://mochitests/content/browser/browser/devtools/webconsole/test/browser_webconsole_bug_737873_mixedcontent.js" line: 71 column: 60 source: "== "https://developer.mozilla.org/en/Security/MixedContent");
"}]
TEST-UNEXPECTED-FAIL | chrome://mochitests/content/browser/browser/devtools/webconsole/test/browser_webconsole_bug_737873_mixedcontent.js | Test timed out

(screenshot with the browser incomprehensibly showing styleeditor/test/test_private.html)

INFO TEST-END | chrome://mochitests/content/browser/browser/devtools/webconsole/test/browser_webconsole_bug_737873_mixedcontent.js | finished in 68286ms

https://tbpl.mozilla.org/php/getParsedLog.php?id=15893606&tree=Firefox
Rev3 WINNT 5.1 mozilla-central pgo test mochitest-other on 2012-10-07 02:44:28 PDT for push ecd4c4304219
slave: talos-r3-xp-020

TEST-START | chrome://mochitests/content/browser/browser/devtools/webconsole/test/browser_webconsole_bug_737873_mixedcontent.js
TEST-INFO | chrome://mochitests/content/browser/browser/devtools/webconsole/test/browser_webconsole_bug_737873_mixedcontent.js | Console message: [JavaScript Warning: "mistyped ; after conditional?" {file: "chrome://mochitests/content/browser/browser/devtools/webconsole/test/browser_webconsole_bug_737873_mixedcontent.js" line: 71 column: 60 source: "== "https://developer.mozilla.org/en/Security/MixedContent");
"}]
TEST-UNEXPECTED-FAIL | chrome://mochitests/content/browser/browser/devtools/webconsole/test/browser_webconsole_bug_737873_mixedcontent.js | Test timed out

(screenshot with the browser incomprehensibly showing styleeditor/test/test_private.html)

INFO TEST-END | chrome://mochitests/content/browser/browser/devtools/webconsole/test/browser_webconsole_bug_737873_mixedcontent.js | finished in 68286ms
gavin
https://tbpl.mozilla.org/php/getParsedLog.php?id=15914356&tree=Mozilla-Inbound
Rev3 WINNT 6.1 mozilla-inbound debug test mochitest-other on 2012-10-07 23:16:17
slave: talos-r3-w7-099

TEST-UNEXPECTED-FAIL | chrome://mochitests/content/browser/browser/components/sessionstore/test/browser_586068-reload.js | Test timed out
TEST-UNEXPECTED-FAIL | chrome://mochitests/content/browser/browser/devtools/webconsole/test/browser_webconsole_bug_737873_mixedcontent.js | Timed out while waiting for: mixed content warning displayed successfully
TEST-UNEXPECTED-FAIL | chrome://mochitests/content/browser/image/test/browser/browser_bug666317.js | an unexpected uncaught JS exception reported through window.onerror - NS_ERROR_NOT_AVAILABLE: Component is not available at chrome://mochitests/content/browser/image/test/browser/browser_bug666317.js:27
TEST-UNEXPECTED-FAIL | chrome://mochitests/content/browser/image/test/browser/browser_bug666317.js | Test timed out
TEST-UNEXPECTED-FAIL | chrome://mochitests/content/browser/image/test/browser/browser_bug666317.js | Found a tab after previous test timed out: data:text/html,<html><body><img%20id="testImg"%20src="http://example.com/browser/image/test/browser/big.png"></body></html>
TEST-UNEXPECTED-FAIL | chrome://mochitests/content/browser/toolkit/mozapps/extensions/test/browser-window/browser_dragdrop.js | an unexpected uncaught JS exception reported through window.onerror - NS_ERROR_FAILURE: Component returned failure code: 0x80004005 (NS_ERROR_FAILURE) [nsIZipReader.open] at chrome://mochikit/content/chrome-harness.js:269
TEST-UNEXPECTED-FAIL | chrome://mochitests/content/browser/toolkit/mozapps/extensions/test/browser-window/browser_dragdrop.js | Test timed out
TEST-UNEXPECTED-FAIL | chrome://mochitests/content/browser/toolkit/mozapps/extensions/test/browser-window/browser_dragdrop.js | Found unexpected add-ons manager window still open
TEST-UNEXPECTED-FAIL | chrome://mochitests/content/browser/toolkit/mozapps/extensions/test/browser/browser_dragdrop.js | an unexpected uncaught JS exception reported through window.onerror - NS_ERROR_FAILURE: Component returned failure code: 0x80004005 (NS_ERROR_FAILURE) [nsIZipReader.open] at chrome://mochikit/content/chrome-harness.js:269
TEST-UNEXPECTED-FAIL | chrome://mochitests/content/browser/toolkit/mozapps/extensions/test/browser/browser_dragdrop.js | Test timed out
TEST-UNEXPECTED-FAIL | chrome://mochitests/content/browser/toolkit/mozapps/extensions/test/browser/browser_dragdrop.js | Found a tab after previous test timed out: about:addons
TEST-UNEXPECTED-FAIL | chrome://mochitests/content/browser/toolkit/mozapps/extensions/test/browser/browser_installssl.js | Test timed out
TEST-UNEXPECTED-FAIL | chrome://mochitests/content/browser/toolkit/mozapps/extensions/test/browser/browser_installssl.js | Should not have seen an install of https://nocert.example.com/browser/toolkit/mozapps/extensions/test/browser/addons/browser_installssl.xpi in state 1
TEST-UNEXPECTED-FAIL | chrome://mochitests/content/browser/toolkit/mozapps/extensions/test/browser/browser_installssl.js | Timed out in the middle of downloading https://nocert.example.com/browser/toolkit/mozapps/extensions/test/browser/addons/browser_installssl.xpi
Assertion failure: target, at e:/builds/moz2_slave/m-in-w32-dbg/build/storage/src/mozStorageAsyncStatementExecution.cpp:190
TEST-UNEXPECTED-FAIL | chrome://mochitests/content/browser/toolkit/mozapps/extensions/test/browser/browser_select_compatoverrides.js | Exited with code -2147483645 during test run
PROCESS-CRASH | chrome://mochitests/content/browser/toolkit/mozapps/extensions/test/browser/browser_select_compatoverrides.js | application crashed (minidump found)
TEST-UNEXPECTED-FAIL | automationutils.processLeakLog() | missing output line for total leaks!
jesup
https://tbpl.mozilla.org/php/getParsedLog.php?id=15938945&tree=Mozilla-Inbound
Rev3 WINNT 5.1 mozilla-inbound debug test mochitest-other on 2012-10-08 15:35:03
slave: talos-r3-xp-081

TEST-UNEXPECTED-FAIL | chrome://mochitests/content/browser/browser/devtools/webconsole/test/browser_webconsole_bug_595934_message_categories.js | Timed out while waiting for: test #3 successful finish
TEST-UNEXPECTED-FAIL | chrome://mochitests/content/browser/browser/devtools/webconsole/test/browser_webconsole_bug_737873_mixedcontent.js | Timed out while waiting for: mixed content warning displayed successfully
TEST-UNEXPECTED-FAIL | chrome://mochitests/content/browser/dom/tests/browser/browser_focus_steal_from_chrome.js | Test timed out
TEST-UNEXPECTED-FAIL | chrome://mochitests/content/browser/dom/tests/browser/browser_focus_steal_from_chrome.js | Found a tab after previous test timed out: data:text/html,<body%20onload="setTimeout(function%20()%20{%20document.getElementById('target').select();%20},%2010);"><textarea%20id='target'>textarea</textarea></body>
buildbot.slave.commands.TimeoutError: command timed out: 5400 seconds elapsed, attempting to kill
edmorley
https://tbpl.mozilla.org/php/getParsedLog.php?id=15947977&tree=Mozilla-Inbound
Rev3 WINNT 5.1 mozilla-inbound debug test mochitest-other on 2012-10-09 02:14:29
slave: talos-r3-xp-093

TEST-UNEXPECTED-FAIL | chrome://mochitests/content/browser/browser/devtools/webconsole/test/browser_webconsole_bug_595934_message_categories.js | Timed out while waiting for: test #3 successful finish
TEST-UNEXPECTED-FAIL | chrome://mochitests/content/browser/browser/devtools/webconsole/test/browser_webconsole_bug_737873_mixedcontent.js | Timed out while waiting for: mixed content warning displayed successfully
TEST-UNEXPECTED-FAIL | chrome://mochitests/content/browser/dom/tests/browser/browser_focus_steal_from_chrome.js | Test timed out
TEST-UNEXPECTED-FAIL | chrome://mochitests/content/browser/dom/tests/browser/browser_focus_steal_from_chrome.js | Found a tab after previous test timed out: data:text/html,<body%20onload="setTimeout(function%20()%20{%20document.getElementById('target').select();%20},%2010);"><textarea%20id='target'>textarea</textarea></body>
TEST-UNEXPECTED-FAIL | chrome://mochitests/content/browser/toolkit/components/places/tests/browser/browser_bug399606.js | Test timed out
buildbot.slave.commands.TimeoutError: command timed out: 5400 seconds elapsed, attempting to kill
philor
https://tbpl.mozilla.org/php/getParsedLog.php?id=15963607&tree=Mozilla-Inbound
Rev3 WINNT 5.1 mozilla-inbound debug test mochitest-other on 2012-10-09 12:21:23
slave: talos-r3-xp-091

TEST-UNEXPECTED-FAIL | chrome://mochitests/content/browser/browser/devtools/webconsole/test/browser_webconsole_bug_595934_message_categories.js | Timed out while waiting for: test #3 successful finish
TEST-UNEXPECTED-FAIL | chrome://mochitests/content/browser/browser/devtools/webconsole/test/browser_webconsole_bug_737873_mixedcontent.js | Timed out while waiting for: mixed content warning displayed successfully
TEST-UNEXPECTED-FAIL | chrome://mochitests/content/browser/dom/indexedDB/test/browser_forgetThisSite.js | Test timed out
TEST-UNEXPECTED-FAIL | chrome://mochitests/content/browser/dom/tests/browser/browser_focus_steal_from_chrome.js | Test timed out
TEST-UNEXPECTED-FAIL | chrome://mochitests/content/browser/dom/tests/browser/browser_focus_steal_from_chrome.js | Found a tab after previous test timed out: data:text/html,<body%20onload="setTimeout(function%20()%20{%20document.getElementById('target').focus();%20},%2010);"><label%20id='target'><input></label></body>
TEST-UNEXPECTED-FAIL | chrome://mochitests/content/browser/dom/tests/browser/browser_focus_steal_from_chrome.js | an unexpected uncaught JS exception reported through window.onerror - TypeError: tabs[i].linkedBrowser is null at chrome://mochitests/content/browser/dom/tests/browser/browser_focus_steal_from_chrome.js:111
TEST-UNEXPECTED-FAIL | chrome://mochitests/content/browser/toolkit/components/places/tests/browser/browser_bug399606.js | Test timed out
TEST-UNEXPECTED-FAIL | chrome://mochitests/content/browser/toolkit/components/places/tests/browser/browser_bug399606.js | Found a tab after previous test timed out: http://example.com/tests/toolkit/components/places/tests/browser/399606-window.location.html
TEST-UNEXPECTED-FAIL | chrome://mochitests/content/browser/toolkit/components/places/tests/browser/browser_bug399606.js | an unexpected uncaught JS exception reported through window.onerror - ReferenceError: is is not defined at chrome://mochitests/content/browser/toolkit/components/places/tests/browser/browser_bug399606.js:48
TEST-UNEXPECTED-FAIL | chrome://mochitests/content/browser/toolkit/components/places/tests/browser/browser_bug646422.js | application timed out after 330 seconds with no output
PROCESS-CRASH | chrome://mochitests/content/browser/toolkit/components/places/tests/browser/browser_bug646422.js | application crashed (minidump found)
TEST-UNEXPECTED-FAIL | automationutils.processLeakLog() | missing output line for total leaks!
Assertion failure: !connections[i]->ConnectionReady(), at e:/builds/moz2_slave/m-in-w32-dbg/build/storage/src/mozStorageService.cpp:837
TEST-UNEXPECTED-FAIL | Shutdown | Exited with code -2147483645 during test run
PROCESS-CRASH | Shutdown | application crashed (minidump found)
TEST-UNEXPECTED-FAIL | automationutils.processLeakLog() | missing output line for total leaks!
edmorley
https://tbpl.mozilla.org/php/getParsedLog.php?id=15983287&tree=Mozilla-Inbound
Rev3 WINNT 5.1 mozilla-inbound debug test mochitest-other on 2012-10-10 02:47:46
slave: talos-r3-xp-081

TEST-UNEXPECTED-FAIL | chrome://mochitests/content/browser/browser/devtools/webconsole/test/browser_webconsole_bug_595934_message_categories.js | Timed out while waiting for: test #3 successful finish
TEST-UNEXPECTED-FAIL | chrome://mochitests/content/browser/browser/devtools/webconsole/test/browser_webconsole_bug_737873_mixedcontent.js | Timed out while waiting for: mixed content warning displayed successfully
TEST-UNEXPECTED-FAIL | chrome://mochitests/content/browser/dom/tests/browser/browser_focus_steal_from_chrome.js | Test timed out
TEST-UNEXPECTED-FAIL | chrome://mochitests/content/browser/dom/tests/browser/browser_focus_steal_from_chrome.js | Found a tab after previous test timed out: data:text/html,<body%20onload="setTimeout(function%20()%20{%20document.getElementById('target').focus();%20},%2010);"><textarea%20id='target'>textarea</textarea></body>
buildbot.slave.commands.TimeoutError: command timed out: 5400 seconds elapsed, attempting to kill
jesup
https://tbpl.mozilla.org/php/getParsedLog.php?id=15981060&tree=Mozilla-Aurora
Rev3 WINNT 5.1 mozilla-aurora debug test mochitest-other on 2012-10-09 23:48:38
slave: talos-r3-xp-082

TEST-UNEXPECTED-FAIL | chrome://mochitests/content/browser/browser/devtools/webconsole/test/browser_webconsole_bug_595934_message_categories.js | Timed out while waiting for: test #3 successful finish
TEST-UNEXPECTED-FAIL | chrome://mochitests/content/browser/browser/devtools/webconsole/test/browser_webconsole_bug_737873_mixedcontent.js | Timed out while waiting for: mixed content warning displayed successfully
TEST-UNEXPECTED-FAIL | chrome://mochitests/content/browser/dom/tests/browser/browser_focus_steal_from_chrome.js | Test timed out
TEST-UNEXPECTED-FAIL | chrome://mochitests/content/browser/dom/tests/browser/browser_focus_steal_from_chrome.js | Found a tab after previous test timed out: data:text/html,<body%20onload="setTimeout(function%20()%20{%20document.getElementById('target').select();%20},%2010);"><textarea%20id='target'>textarea</textarea></body>
buildbot.slave.commands.TimeoutError: command timed out: 5400 seconds elapsed, attempting to kill
jesup
https://tbpl.mozilla.org/php/getParsedLog.php?id=15982020&tree=Mozilla-Aurora
Rev3 WINNT 5.1 mozilla-aurora pgo test mochitest-other on 2012-10-10 02:27:31
slave: talos-r3-xp-063

TEST-UNEXPECTED-FAIL | chrome://mochitests/content/browser/browser/devtools/webconsole/test/browser_webconsole_bug_595934_message_categories.js | Timed out while waiting for: test #8 successful finish
TEST-UNEXPECTED-FAIL | chrome://mochitests/content/browser/browser/devtools/webconsole/test/browser_webconsole_bug_595934_message_categories.js | Test timed out
TEST-UNEXPECTED-FAIL | chrome://mochitests/content/browser/browser/devtools/webconsole/test/browser_webconsole_bug_737873_mixedcontent.js | Timed out while waiting for: mixed content warning displayed successfully
ttaubert
https://tbpl.mozilla.org/php/getParsedLog.php?id=15986673&tree=Fx-Team
Rev3 WINNT 5.1 fx-team pgo test mochitest-other on 2012-10-10 06:54:31
slave: talos-r3-xp-082

TEST-UNEXPECTED-FAIL | chrome://mochitests/content/browser/browser/devtools/webconsole/test/browser_webconsole_bug_595934_message_categories.js | Test timed out
TEST-UNEXPECTED-FAIL | chrome://mochitests/content/browser/browser/devtools/webconsole/test/browser_webconsole_bug_597103_deactivateHUDForContext_unfocused_window.js | an unexpected uncaught JS exception reported through window.onerror - ReferenceError: ok is not defined at chrome://mochitests/content/browser/browser/devtools/webconsole/test/head.js:294
TEST-UNEXPECTED-FAIL | chrome://mochitests/content/browser/browser/devtools/webconsole/test/browser_webconsole_bug_737873_mixedcontent.js | Timed out while waiting for: mixed content warning displayed successfully
TEST-UNEXPECTED-FAIL | chrome://mochitests/content/browser/dom/tests/browser/browser_focus_steal_from_chrome.js | Test timed out
TEST-UNEXPECTED-FAIL | chrome://mochitests/content/browser/dom/tests/browser/browser_focus_steal_from_chrome.js | Found a tab after previous test timed out: data:text/html,<body%20onload="setTimeout(function%20()%20{%20%20var%20element%20=%20document.getElementById('target');%20%20var%20event%20=%20document.createEvent('MouseEvent');%20%20event.initMouseEvent('mousedown',%20true,%20true,%20window,%20%20%20%200,%200,%200,%200,%200,%20false,%20false,%20false,%20false,%200,%20element);%20%20element.dispatchEvent(event);%20},%2010);"><button%20id='target'>button</button></body>
TEST-UNEXPECTED-FAIL | chrome://mochitests/content/browser/dom/tests/browser/browser_focus_steal_from_chrome.js | an unexpected uncaught JS exception reported through window.onerror - TypeError: tabs[i].linkedBrowser is null at chrome://mochitests/content/browser/dom/tests/browser/browser_focus_steal_from_chrome.js:111
ttaubert
https://tbpl.mozilla.org/php/getParsedLog.php?id=16003070&tree=Mozilla-Aurora
Rev3 WINNT 5.1 mozilla-aurora pgo test mochitest-other on 2012-10-10 18:55:35
slave: talos-r3-xp-095

TEST-UNEXPECTED-FAIL | chrome://mochitests/content/browser/browser/devtools/webconsole/test/browser_webconsole_bug_595934_message_categories.js | Test timed out
TEST-UNEXPECTED-FAIL | chrome://mochitests/content/browser/browser/devtools/webconsole/test/browser_webconsole_bug_597103_deactivateHUDForContext_unfocused_window.js | an unexpected uncaught JS exception reported through window.onerror - ReferenceError: ok is not defined at chrome://mochitests/content/browser/browser/devtools/webconsole/test/head.js:294
TEST-UNEXPECTED-FAIL | chrome://mochitests/content/browser/browser/devtools/webconsole/test/browser_webconsole_bug_737873_mixedcontent.js | Timed out while waiting for: mixed content warning displayed successfully
TEST-UNEXPECTED-FAIL | chrome://mochitests/content/browser/dom/tests/browser/browser_focus_steal_from_chrome.js | Test timed out
TEST-UNEXPECTED-FAIL | chrome://mochitests/content/browser/dom/tests/browser/browser_focus_steal_from_chrome.js | Found a tab after previous test timed out: data:text/html,<body%20onload="setTimeout(function%20()%20{%20%20var%20element%20=%20document.getElementById('target');%20%20var%20event%20=%20document.createEvent('MouseEvent');%20%20event.initMouseEvent('mousedown',%20true,%20true,%20window,%20%20%20%200,%200,%200,%200,%200,%20false,%20false,%20false,%20false,%200,%20element);%20%20element.dispatchEvent(event);%20},%2010);"><button%20id='target'>button</button></body>
TEST-UNEXPECTED-FAIL | chrome://mochitests/content/browser/dom/tests/browser/browser_focus_steal_from_chrome.js | an unexpected uncaught JS exception reported through window.onerror - TypeError: tabs[i].linkedBrowser is null at chrome://mochitests/content/browser/dom/tests/browser/browser_focus_steal_from_chrome.js:111
9216 ERROR TEST-UNEXPECTED-FAIL | chrome://mochitests/content/a11y/accessible/states/test_link.html | Test timed out.
9220 ERROR TEST-UNEXPECTED-FAIL | chrome://mochitests/content/a11y/accessible/states/test_popup.xul | Can't get accessible for link_traversed
9221 ERROR TEST-UNEXPECTED-FAIL | chrome://mochitests/content/a11y/accessible/states/test_popup.xul | Can't get accessible for link_traversed
9222 ERROR TEST-UNEXPECTED-FAIL | chrome://mochitests/content/a11y/accessible/states/test_popup.xul | wrong state bits for  'link_traversed' !got '0', expected 'traversed'
9223 ERROR TEST-UNEXPECTED-FAIL | chrome://mochitests/content/a11y/accessible/states/test_popup.xul | [SimpleTest.finish()] this test already called finish!
TEST-UNEXPECTED-FAIL | chrome://mochitests/content/a11y/accessible/states/test_popup.xul | application timed out after 330 seconds with no output
remoteFailed: [Failure instance: Traceback from remote host -- Traceback (most recent call last):
ttaubert
https://tbpl.mozilla.org/php/getParsedLog.php?id=16002808&tree=Mozilla-Aurora
Rev3 WINNT 5.1 mozilla-aurora debug test mochitest-other on 2012-10-10 17:37:15
slave: talos-r3-xp-088

TEST-UNEXPECTED-FAIL | chrome://mochitests/content/browser/browser/devtools/webconsole/test/browser_webconsole_bug_595934_message_categories.js | Timed out while waiting for: test #3 successful finish
TEST-UNEXPECTED-FAIL | chrome://mochitests/content/browser/browser/devtools/webconsole/test/browser_webconsole_bug_737873_mixedcontent.js | Timed out while waiting for: mixed content warning displayed successfully
TEST-UNEXPECTED-FAIL | chrome://mochitests/content/browser/dom/indexedDB/test/browser_forgetThisSite.js | Test timed out
TEST-UNEXPECTED-FAIL | chrome://mochitests/content/browser/dom/tests/browser/browser_focus_steal_from_chrome.js | Test timed out
TEST-UNEXPECTED-FAIL | chrome://mochitests/content/browser/dom/tests/browser/browser_focus_steal_from_chrome.js | Found a tab after previous test timed out: data:text/html,<body%20onload="setTimeout(function%20()%20{%20document.getElementById('target').select();%20},%2010);"><textarea%20id='target'>textarea</textarea></body>
TEST-UNEXPECTED-FAIL | chrome://mochitests/content/browser/dom/tests/browser/browser_focus_steal_from_chrome.js | an unexpected uncaught JS exception reported through window.onerror - TypeError: tabs[i].linkedBrowser is null at chrome://mochitests/content/browser/dom/tests/browser/browser_focus_steal_from_chrome.js:111
TEST-UNEXPECTED-FAIL | chrome://mochitests/content/browser/toolkit/components/places/tests/browser/browser_bug399606.js | Test timed out
buildbot.slave.commands.TimeoutError: command timed out: 5400 seconds elapsed, attempting to kill
edmorley
https://tbpl.mozilla.org/php/getParsedLog.php?id=16009981&tree=Mozilla-Inbound
Rev3 WINNT 5.1 mozilla-inbound pgo test mochitest-other on 2012-10-11 02:51:23
slave: talos-r3-xp-094

TEST-UNEXPECTED-FAIL | chrome://mochitests/content/browser/browser/devtools/webconsole/test/browser_webconsole_bug_595934_message_categories.js | Test timed out
TEST-UNEXPECTED-FAIL | chrome://mochitests/content/browser/browser/devtools/webconsole/test/browser_webconsole_bug_595934_message_categories.js | an unexpected uncaught JS exception reported through window.onerror - ReferenceError: info is not defined at chrome://mochitests/content/browser/browser/devtools/webconsole/test/browser_webconsole_bug_595934_message_categories.js:121
TEST-UNEXPECTED-FAIL | chrome://mochitests/content/browser/browser/devtools/webconsole/test/browser_webconsole_bug_597103_deactivateHUDForContext_unfocused_window.js | an unexpected uncaught JS exception reported through window.onerror - ReferenceError: ok is not defined at chrome://mochitests/content/browser/browser/devtools/webconsole/test/head.js:294
TEST-UNEXPECTED-FAIL | chrome://mochitests/content/browser/browser/devtools/webconsole/test/browser_webconsole_bug_737873_mixedcontent.js | Timed out while waiting for: mixed content warning displayed successfully
TEST-UNEXPECTED-FAIL | chrome://mochitests/content/browser/dom/tests/browser/browser_focus_steal_from_chrome.js | Test timed out
TEST-UNEXPECTED-FAIL | chrome://mochitests/content/browser/dom/tests/browser/browser_focus_steal_from_chrome.js | Found a tab after previous test timed out: data:text/html,<body%20onload="setTimeout(function%20()%20{%20document.getElementById('target').select();%20},%2010);"><textarea%20id='target'>textarea</textarea></body>
TEST-UNEXPECTED-FAIL | chrome://mochitests/content/browser/toolkit/components/places/tests/browser/browser_bug399606.js | Test timed out
TEST-UNEXPECTED-FAIL | chrome://mochitests/content/browser/toolkit/mozapps/extensions/test/browser/browser_discovery.js | Test timed out
TEST-UNEXPECTED-FAIL | chrome://mochitests/content/browser/toolkit/mozapps/extensions/test/browser/browser_discovery.js | Found a tab after previous test timed out: about:addons
cjones
https://tbpl.mozilla.org/php/getParsedLog.php?id=16031827&tree=Firefox
Rev3 WINNT 5.1 mozilla-central opt test mochitest-other on 2012-10-11 17:18:30
slave: talos-r3-xp-084

TEST-UNEXPECTED-FAIL | chrome://mochitests/content/browser/browser/devtools/webconsole/test/browser_webconsole_bug_595934_message_categories.js | Test timed out
TEST-UNEXPECTED-FAIL | chrome://mochitests/content/browser/browser/devtools/webconsole/test/browser_webconsole_bug_597103_deactivateHUDForContext_unfocused_window.js | an unexpected uncaught JS exception reported through window.onerror - ReferenceError: ok is not defined at chrome://mochitests/content/browser/browser/devtools/webconsole/test/head.js:294
TEST-UNEXPECTED-FAIL | chrome://mochitests/content/browser/browser/devtools/webconsole/test/browser_webconsole_bug_737873_mixedcontent.js | Timed out while waiting for: mixed content warning displayed successfully
TEST-UNEXPECTED-FAIL | chrome://mochitests/content/browser/dom/tests/browser/browser_focus_steal_from_chrome.js | Test timed out
TEST-UNEXPECTED-FAIL | chrome://mochitests/content/browser/dom/tests/browser/browser_focus_steal_from_chrome.js | Found a tab after previous test timed out: data:text/html,<body%20onload="setTimeout(function%20()%20{%20document.getElementById('target').select();%20},%2010);"><textarea%20id='target'>textarea</textarea></body>
TEST-UNEXPECTED-FAIL | chrome://mochitests/content/browser/dom/tests/browser/browser_focus_steal_from_chrome.js | an unexpected uncaught JS exception reported through window.onerror - TypeError: tabs[i].linkedBrowser is null at chrome://mochitests/content/browser/dom/tests/browser/browser_focus_steal_from_chrome.js:111
TEST-UNEXPECTED-FAIL | chrome://mochitests/content/browser/toolkit/mozapps/extensions/test/browser/browser_discovery.js | Test timed out
TEST-UNEXPECTED-FAIL | chrome://mochitests/content/browser/toolkit/mozapps/extensions/test/browser/browser_discovery.js | Found a tab after previous test timed out: about:addons
TEST-UNEXPECTED-FAIL | chrome://mochitests/content/browser/toolkit/mozapps/extensions/test/browser/browser_discovery.js | an unexpected uncaught JS exception reported through window.onerror - TypeError: browser.removeProgressListener is not a function at chrome://mochitests/content/browser/toolkit/mozapps/extensions/test/browser/browser_discovery.js:174
edmorley
https://tbpl.mozilla.org/php/getParsedLog.php?id=16038230&tree=Firefox
Rev3 Fedora 12 mozilla-central pgo test mochitest-other on 2012-10-12 00:58:30
slave: talos-r3-fed-044

TEST-UNEXPECTED-FAIL | chrome://mochitests/content/browser/browser/devtools/webconsole/test/browser_webconsole_bug_595934_message_categories.js | Timed out while waiting for: test #5 successful finish
TEST-UNEXPECTED-FAIL | chrome://mochitests/content/browser/browser/devtools/webconsole/test/browser_webconsole_bug_595934_message_categories.js | expectUncaughtException was called but no uncaught exception was detected!
TEST-UNEXPECTED-FAIL | chrome://mochitests/content/browser/browser/devtools/webconsole/test/browser_webconsole_bug_737873_mixedcontent.js | Timed out while waiting for: mixed content warning displayed successfully
TEST-UNEXPECTED-FAIL | chrome://mochitests/content/browser/browser/devtools/webconsole/test/browser_webconsole_bug_770099_bad_policyuri.js | Test timed out
TEST-UNEXPECTED-FAIL | chrome://mochitests/content/browser/browser/devtools/webconsole/test/browser_webconsole_bug_770099_violation.js | Test timed out
TEST-UNEXPECTED-FAIL | chrome://mochitests/content/browser/browser/extensions/pdfjs/test/browser_pdfjs_main.js | an unexpected uncaught JS exception reported through window.onerror - TypeError: PDFJS.LogManager is undefined at resource://pdf.js/web/viewer.js:2014
TEST-UNEXPECTED-FAIL | chrome://mochitests/content/browser/browser/extensions/pdfjs/test/browser_pdfjs_main.js | sidebar opens on click
TEST-UNEXPECTED-FAIL | chrome://mochitests/content/browser/content/html/document/test/browser_bug592641.js | Title should be correct on load #2
TEST-UNEXPECTED-FAIL | chrome://mochitests/content/browser/docshell/test/browser/browser_bug92473.js | Exception thrown - [Exception... "Component returned failure code: 0x80004005 (NS_ERROR_FAILURE) [nsIZipReader.open]"  nsresult: "0x80004005 (NS_ERROR_FAILURE)"  location: "JS frame :: chrome://mochikit/content/chrome-harness.js :: extractJarToTmp :: line 269"  data: no]
TEST-UNEXPECTED-FAIL | chrome://mochitests/content/browser/dom/indexedDB/test/browser_forgetThisSite.js | Test timed out
TEST-UNEXPECTED-FAIL | chrome://mochitests/content/browser/dom/indexedDB/test/browser_forgetThisSite.js | Found a tab after previous test timed out: http://mochi.test:8888/browser/dom/indexedDB/test/browser_forgetThisSiteAdd.html
TEST-UNEXPECTED-FAIL | chrome://mochitests/content/browser/dom/indexedDB/test/browser_permissionsPromptAllow.js | Test timed out
TEST-UNEXPECTED-FAIL | chrome://mochitests/content/browser/dom/indexedDB/test/browser_permissionsPromptAllow.js | Found a tab after previous test timed out: http://mochi.test:8888/browser/dom/indexedDB/test/browser_permissionsPrompt.html
TEST-UNEXPECTED-FAIL | chrome://mochitests/content/browser/dom/indexedDB/test/browser_permissionsPromptDeny.js | Test timed out
TEST-UNEXPECTED-FAIL | chrome://mochitests/content/browser/dom/indexedDB/test/browser_permissionsPromptDeny.js | Found a tab after previous test timed out: http://mochi.test:8888/browser/dom/indexedDB/test/browser_permissionsPrompt.html
TEST-UNEXPECTED-FAIL | chrome://mochitests/content/browser/dom/indexedDB/test/browser_privateBrowsing.js | Test timed out
TEST-UNEXPECTED-FAIL | chrome://mochitests/content/browser/dom/indexedDB/test/browser_privateBrowsing.js | Found a tab after previous test timed out: http://mochi.test:8888/browser/dom/indexedDB/test/browser_permissionsPrompt.html
TEST-UNEXPECTED-FAIL | chrome://mochitests/content/browser/dom/indexedDB/test/browser_quotaPromptAllow.js | Test timed out
TEST-UNEXPECTED-FAIL | chrome://mochitests/content/browser/dom/indexedDB/test/browser_quotaPromptAllow.js | Found a tab after previous test timed out: http://bug704464-1.example.com/browser/dom/indexedDB/test/browser_quotaPrompt.html?v=1
TEST-UNEXPECTED-FAIL | chrome://mochitests/content/browser/dom/indexedDB/test/browser_quotaPromptDatabases.js | Test timed out
TEST-UNEXPECTED-FAIL | chrome://mochitests/content/browser/dom/indexedDB/test/browser_quotaPromptDatabases.js | Found a tab after previous test timed out: http://bug704464-3.example.com/browser/dom/indexedDB/test/browser_quotaPromptDatabases.html
TEST-UNEXPECTED-FAIL | chrome://mochitests/content/browser/dom/indexedDB/test/browser_quotaPromptDelete.js | Test timed out
TEST-UNEXPECTED-FAIL | chrome://mochitests/content/browser/dom/indexedDB/test/browser_quotaPromptDelete.js | Found a tab after previous test timed out: http://bug702292.example.com/browser/dom/indexedDB/test/browser_quotaPromptDelete.html
TEST-UNEXPECTED-FAIL | chrome://mochitests/content/browser/dom/indexedDB/test/browser_quotaPromptDeny.js | Test timed out
TEST-UNEXPECTED-FAIL | chrome://mochitests/content/browser/dom/indexedDB/test/browser_quotaPromptDeny.js | Found a tab after previous test timed out: http://bug704464-2.example.com/browser/dom/indexedDB/test/browser_quotaPrompt.html?v=5
TEST-UNEXPECTED-FAIL | chrome://mochitests/content/browser/dom/tests/browser/browser_webapps_permissions.js | an unexpected uncaught JS exception reported through window.onerror - ReferenceError: ok is not defined at chrome://mochitests/content/browser/dom/indexedDB/test/browser_permissionsPromptDeny.js:40
TEST-UNEXPECTED-FAIL | chrome://mochitests/content/browser/dom/tests/browser/browser_webapps_permissions.js | an unexpected uncaught JS exception reported through window.onerror - ReferenceError: ok is not defined at chrome://mochitests/content/browser/dom/indexedDB/test/browser_quotaPromptAllow.js:63
TEST-UNEXPECTED-FAIL | chrome://mochitests/content/browser/dom/tests/browser/browser_webapps_permissions.js | an unexpected uncaught JS exception reported through window.onerror - ReferenceError: ok is not defined at chrome://mochitests/content/browser/dom/indexedDB/test/browser_quotaPromptDatabases.js:64
TEST-UNEXPECTED-FAIL | chrome://mochitests/content/browser/dom/tests/browser/browser_webapps_permissions.js | an unexpected uncaught JS exception reported through window.onerror - ReferenceError: ok is not defined at chrome://mochitests/content/browser/dom/indexedDB/test/browser_quotaPromptDelete.js:87
TEST-UNEXPECTED-FAIL | chrome://mochitests/content/browser/dom/tests/browser/browser_webapps_permissions.js | an unexpected uncaught JS exception reported through window.onerror - ReferenceError: ok is not defined at chrome://mochitests/content/browser/dom/indexedDB/test/browser_quotaPromptDeny.js:69
TEST-UNEXPECTED-FAIL | chrome://mochitests/content/browser/netwerk/test/browser/browser_NetUtil.js | Test timed out
TEST-UNEXPECTED-FAIL | chrome://mochitests/content/browser/toolkit/components/places/tests/browser/browser_colorAnalyzer.js | Test timed out
TEST-UNEXPECTED-FAIL | chrome://mochitests/content/browser/toolkit/components/social/test/browser/browser_frameworker.js | Test timed out
TEST-UNEXPECTED-FAIL | chrome://mochitests/content/browser/toolkit/mozapps/extensions/test/browser-window/browser_bug562797.js | Test timed out
TEST-UNEXPECTED-FAIL | chrome://mochitests/content/browser/toolkit/mozapps/extensions/test/browser-window/browser_bug562797.js | Found unexpected add-ons manager window still open
TEST-UNEXPECTED-FAIL | chrome://mochitests/content/browser/toolkit/mozapps/extensions/test/browser-window/browser_bug567127.js | an unexpected uncaught JS exception reported through window.onerror - NS_ERROR_FAILURE: Component returned failure code: 0x80004005 (NS_ERROR_FAILURE) [nsIZipReader.open] at chrome://mochikit/content/chrome-harness.js:269
TEST-UNEXPECTED-FAIL | chrome://mochitests/content/browser/toolkit/mozapps/extensions/test/browser-window/browser_bug567127.js | Test timed out
TEST-UNEXPECTED-FAIL | chrome://mochitests/content/browser/toolkit/mozapps/extensions/test/browser-window/browser_bug567127.js | Found unexpected add-ons manager window still open
TEST-UNEXPECTED-FAIL | chrome://mochitests/content/browser/toolkit/mozapps/extensions/test/browser-window/browser_bug567137.js | Test timed out
TEST-UNEXPECTED-FAIL | chrome://mochitests/content/browser/toolkit/mozapps/extensions/test/browser-window/browser_bug567137.js | Found a unknown window after previous test timed out
TEST-UNEXPECTED-FAIL | chrome://mochitests/content/browser/toolkit/mozapps/extensions/test/browser-window/browser_discovery.js | Test timed out
TEST-UNEXPECTED-FAIL | chrome://mochitests/content/browser/toolkit/mozapps/extensions/test/browser-window/browser_discovery.js | Found unexpected add-ons manager window still open
TEST-UNEXPECTED-FAIL | chrome://mochitests/content/browser/toolkit/mozapps/extensions/test/browser-window/browser_dragdrop.js | an unexpected uncaught JS exception reported through window.onerror - NS_ERROR_FAILURE: Component returned failure code: 0x80004005 (NS_ERROR_FAILURE) [nsIZipReader.open] at chrome://mochikit/content/chrome-harness.js:269
TEST-UNEXPECTED-FAIL | chrome://mochitests/content/browser/toolkit/mozapps/extensions/test/browser-window/browser_dragdrop.js | Test timed out
TEST-UNEXPECTED-FAIL | chrome://mochitests/content/browser/toolkit/mozapps/extensions/test/browser-window/browser_dragdrop.js | Found unexpected add-ons manager window still open
TEST-UNEXPECTED-FAIL | chrome://mochitests/content/browser/toolkit/mozapps/extensions/test/browser-window/browser_globalinformations.js | Test timed out
TEST-UNEXPECTED-FAIL | chrome://mochitests/content/browser/toolkit/mozapps/extensions/test/browser-window/browser_globalinformations.js | Found unexpected add-ons manager window still open
TEST-UNEXPECTED-FAIL | chrome://mochitests/content/browser/toolkit/mozapps/extensions/test/browser-window/browser_globalinformations.js | Found a tab after previous test timed out: about:blank
TEST-UNEXPECTED-FAIL | chrome://mochitests/content/browser/toolkit/mozapps/extensions/test/browser-window/browser_install.js | Test timed out
TEST-UNEXPECTED-FAIL | chrome://mochitests/content/browser/toolkit/mozapps/extensions/test/browser-window/browser_install.js | Found unexpected add-ons manager window still open
TEST-UNEXPECTED-FAIL | chrome://mochitests/content/browser/toolkit/mozapps/extensions/test/browser-window/browser_install.js | Should not have seen an install of https://example.com/browser/toolkit/mozapps/extensions/test/browser/browser_install1_3.xpi in state 1
TEST-UNEXPECTED-FAIL | chrome://mochitests/content/browser/toolkit/mozapps/extensions/test/browser-window/browser_list.js | Should be nine add-ons installed - Got 10, expected 9
TEST-UNEXPECTED-FAIL | chrome://mochitests/content/browser/toolkit/mozapps/extensions/test/browser-window/browser_list.js | Add-on 1 should be pending disable - Got 0, expected 2
TEST-UNEXPECTED-FAIL | chrome://mochitests/content/browser/toolkit/mozapps/extensions/test/browser-window/browser_list.js | Should be nine add-ons installed - Got 10, expected 9
TEST-UNEXPECTED-FAIL | chrome://mochitests/content/browser/toolkit/mozapps/extensions/test/browser-window/browser_purchase.js | Should be 5 results - Got 4, expected 5
TEST-UNEXPECTED-FAIL | chrome://mochitests/content/browser/toolkit/mozapps/extensions/test/browser-window/browser_purchase.js | Add-on 3 should be in expected position - Got More Expensive Add-on, expected Free Add-on
TEST-UNEXPECTED-FAIL | chrome://mochitests/content/browser/toolkit/mozapps/extensions/test/browser-window/browser_purchase.js | Add-on 3 install button should be visible
TEST-UNEXPECTED-FAIL | chrome://mochitests/content/browser/toolkit/mozapps/extensions/test/browser-window/browser_purchase.js | Add-on 3 purchase button should be hidden
TEST-UNEXPECTED-FAIL | chrome://mochitests/content/browser/toolkit/mozapps/extensions/test/browser-window/browser_purchase.js | Test timed out
TEST-UNEXPECTED-FAIL | chrome://mochitests/content/browser/toolkit/mozapps/extensions/test/browser-window/browser_purchase.js | Found unexpected add-ons manager window still open
TEST-UNEXPECTED-FAIL | chrome://mochitests/content/browser/toolkit/mozapps/extensions/test/browser-window/browser_recentupdates.js | Test timed out
TEST-UNEXPECTED-FAIL | chrome://mochitests/content/browser/toolkit/mozapps/extensions/test/browser-window/browser_recentupdates.js | Found a unknown window after previous test timed out
TEST-UNEXPECTED-FAIL | chrome://mochitests/content/browser/toolkit/mozapps/extensions/test/browser-window/browser_sorting.js | Should have seen the right order - Got ["test2@tests.mozilla.org", "test4@tests.mozilla.org", "test3@tests.mozilla.org", "test5@tests.mozilla.org", "addon1@tests.mozilla.org", "test1@tests.mozilla.org", "test7@tests.mozilla.org", "test8@tests.mozilla.org", "test6@tests.mozilla.org", "test10@tests.mozilla.org", "test9@tests.mozilla.org", "test11@tests.mozilla.org", "test13@tests.mozilla.org", "test12@tests.mozilla.org", "test14@tests.mozilla.org", "test15@tests.mozilla.org", "test17@tests.mozilla.org", "test19@tests.mozilla.org", "test16@tests.mozilla.org", "test20@tests.mozilla.org", "test18@tests.mozilla.org"], expected ["test2@tests.mozilla.org", "test4@tests.mozilla.org", "test3@tests.mozilla.org", "test5@tests.mozilla.org", "test1@tests.mozilla.org", "test7@tests.mozilla.org", "test8@tests.mozilla.org", "test6@tests.mozilla.org", "test10@tests.mozilla.org", "test9@tests.mozilla.org", "test11@tests.mozilla.org", "test13@tests.mozilla.org", "test12@tests.mozilla.org", "test14@tests.mozilla.org", "test15@tests.mozilla.org", "test17@tests.mozilla.org", "test19@tests.mozilla.org", "test16@tests.mozilla.org", "test20@tests.mozilla.org", "test18@tests.mozilla.org"]
TEST-UNEXPECTED-FAIL | chrome://mochitests/content/browser/toolkit/mozapps/extensions/test/browser-window/browser_sorting.js | Should have seen the right order - Got ["test5@tests.mozilla.org", "addon1@tests.mozilla.org", "test3@tests.mozilla.org", "test1@tests.mozilla.org", "test2@tests.mozilla.org", "test4@tests.mozilla.org", "test10@tests.mozilla.org", "test9@tests.mozilla.org", "test8@tests.mozilla.org", "test6@tests.mozilla.org", "test7@tests.mozilla.org", "test12@tests.mozilla.org", "test14@tests.mozilla.org", "test15@tests.mozilla.org", "test13@tests.mozilla.org", "test11@tests.mozilla.org", "test20@tests.mozilla.org", "test17@tests.mozilla.org", "test18@tests.mozilla.org", "test19@tests.mozilla.org", "test16@tests.mozilla.org"], expected ["test5@tests.mozilla.org", "test3@tests.mozilla.org", "test1@tests.mozilla.org", "test2@tests.mozilla.org", "test4@tests.mozilla.org", "test10@tests.mozilla.org", "test9@tests.mozilla.org", "test8@tests.mozilla.org", "test6@tests.mozilla.org", "test7@tests.mozilla.org", "test12@tests.mozilla.org", "test14@tests.mozilla.org", "test15@tests.mozilla.org", "test13@tests.mozilla.org", "test11@tests.mozilla.org", "test20@tests.mozilla.org", "test17@tests.mozilla.org", "test18@tests.mozilla.org", "test19@tests.mozilla.org", "test16@tests.mozilla.org"]
TEST-UNEXPECTED-FAIL | chrome://mochitests/content/browser/toolkit/mozapps/extensions/test/browser-window/browser_sorting.js | Should have seen the right order - Got ["test4@tests.mozilla.org", "test2@tests.mozilla.org", "test1@tests.mozilla.org", "test3@tests.mozilla.org", "addon1@tests.mozilla.org", "test5@tests.mozilla.org", "test7@tests.mozilla.org", "test6@tests.mozilla.org", "test8@tests.mozilla.org", "test9@tests.mozilla.org", "test10@tests.mozilla.org", "test11@tests.mozilla.org", "test13@tests.mozilla.org", "test15@tests.mozilla.org", "test14@tests.mozilla.org", "test12@tests.mozilla.org", "test16@tests.mozilla.org", "test19@tests.mozilla.org", "test18@tests.mozilla.org", "test17@tests.mozilla.org", "test20@tests.mozilla.org"], expected ["test4@tests.mozilla.org", "test2@tests.mozilla.org", "test1@tests.mozilla.org", "test3@tests.mozilla.org", "test5@tests.mozilla.org", "test7@tests.mozilla.org", "test6@tests.mozilla.org", "test8@tests.mozilla.org", "test9@tests.mozilla.org", "test10@tests.mozilla.org", "test11@tests.mozilla.org", "test13@tests.mozilla.org", "test15@tests.mozilla.org", "test14@tests.mozilla.org", "test12@tests.mozilla.org", "test16@tests.mozilla.org", "test19@tests.mozilla.org", "test18@tests.mozilla.org", "test17@tests.mozilla.org", "test20@tests.mozilla.org"]
TEST-UNEXPECTED-FAIL | chrome://mochitests/content/browser/toolkit/mozapps/extensions/test/browser-window/browser_sorting.js | Should have seen the right order - Got ["test2@tests.mozilla.org", "test4@tests.mozilla.org", "test3@tests.mozilla.org", "test5@tests.mozilla.org", "addon1@tests.mozilla.org", "test1@tests.mozilla.org", "test7@tests.mozilla.org", "test8@tests.mozilla.org", "test6@tests.mozilla.org", "test10@tests.mozilla.org", "test9@tests.mozilla.org", "test11@tests.mozilla.org", "test13@tests.mozilla.org", "test12@tests.mozilla.org", "test14@tests.mozilla.org", "test15@tests.mozilla.org", "test17@tests.mozilla.org", "test19@tests.mozilla.org", "test16@tests.mozilla.org", "test20@tests.mozilla.org", "test18@tests.mozilla.org"], expected ["test2@tests.mozilla.org", "test4@tests.mozilla.org", "test3@tests.mozilla.org", "test5@tests.mozilla.org", "test1@tests.mozilla.org", "test7@tests.mozilla.org", "test8@tests.mozilla.org", "test6@tests.mozilla.org", "test10@tests.mozilla.org", "test9@tests.mozilla.org", "test11@tests.mozilla.org", "test13@tests.mozilla.org", "test12@tests.mozilla.org", "test14@tests.mozilla.org", "test15@tests.mozilla.org", "test17@tests.mozilla.org", "test19@tests.mozilla.org", "test16@tests.mozilla.org", "test20@tests.mozilla.org", "test18@tests.mozilla.org"]
TEST-UNEXPECTED-FAIL | chrome://mochitests/content/browser/toolkit/mozapps/extensions/test/browser-window/browser_sorting.js | Should have seen the right order - Got ["test1@tests.mozilla.org", "addon1@tests.mozilla.org", "test5@tests.mozilla.org", "test3@tests.mozilla.org", "test4@tests.mozilla.org", "test2@tests.mozilla.org", "test9@tests.mozilla.org", "test10@tests.mozilla.org", "test6@tests.mozilla.org", "test8@tests.mozilla.org", "test7@tests.mozilla.org", "test15@tests.mozilla.org", "test14@tests.mozilla.org", "test12@tests.mozilla.org", "test13@tests.mozilla.org", "test11@tests.mozilla.org", "test18@tests.mozilla.org", "test20@tests.mozilla.org", "test16@tests.mozilla.org", "test19@tests.mozilla.org", "test17@tests.mozilla.org"], expected ["test1@tests.mozilla.org", "test5@tests.mozilla.org", "test3@tests.mozilla.org", "test4@tests.mozilla.org", "test2@tests.mozilla.org", "test9@tests.mozilla.org", "test10@tests.mozilla.org", "test6@tests.mozilla.org", "test8@tests.mozilla.org", "test7@tests.mozilla.org", "test15@tests.mozilla.org", "test14@tests.mozilla.org", "test12@tests.mozilla.org", "test13@tests.mozilla.org", "test11@tests.mozilla.org", "test18@tests.mozilla.org", "test20@tests.mozilla.org", "test16@tests.mozilla.org", "test19@tests.mozilla.org", "test17@tests.mozilla.org"]
TEST-UNEXPECTED-FAIL | chrome://mochitests/content/browser/toolkit/mozapps/extensions/test/browser-window/browser_uninstalling.js | Add-on should require a restart to uninstall
TEST-UNEXPECTED-FAIL | chrome://mochitests/content/browser/toolkit/mozapps/extensions/test/browser-window/browser_uninstalling.js | Add-on should be pending uninstall
TEST-UNEXPECTED-FAIL | chrome://mochitests/content/browser/toolkit/mozapps/extensions/test/browser-window/browser_uninstalling.js | Restart button should not be hidden
TEST-UNEXPECTED-FAIL | chrome://mochitests/content/browser/toolkit/mozapps/extensions/test/browser-window/browser_uninstalling.js | Add-on should require a restart to uninstall
TEST-UNEXPECTED-FAIL | chrome://mochitests/content/browser/toolkit/mozapps/extensions/test/browser-window/browser_uninstalling.js | Add-on should be pending uninstall
TEST-UNEXPECTED-FAIL | chrome://mochitests/content/browser/toolkit/mozapps/extensions/test/browser-window/browser_uninstalling.js | Add-on should require a restart to uninstall
TEST-UNEXPECTED-FAIL | chrome://mochitests/content/browser/toolkit/mozapps/extensions/test/browser-window/browser_uninstalling.js | Add-on should be pending uninstall
TEST-UNEXPECTED-FAIL | chrome://mochitests/content/browser/toolkit/mozapps/extensions/test/browser-window/browser_uninstalling.js | Restart button should not be hidden
TEST-UNEXPECTED-FAIL | chrome://mochitests/content/browser/toolkit/mozapps/extensions/test/browser-window/browser_uninstalling.js | Add-on should require a restart to uninstall
TEST-UNEXPECTED-FAIL | chrome://mochitests/content/browser/toolkit/mozapps/extensions/test/browser-window/browser_uninstalling.js | Add-on should be pending uninstall
TEST-UNEXPECTED-FAIL | chrome://mochitests/content/browser/toolkit/mozapps/extensions/test/browser-window/browser_uninstalling.js | Restart button should not be hidden
TEST-UNEXPECTED-FAIL | chrome://mochitests/content/browser/toolkit/mozapps/extensions/test/browser-window/browser_uninstalling.js | Add-on should be uninstalling - Got , expected uninstall
TEST-UNEXPECTED-FAIL | chrome://mochitests/content/browser/toolkit/mozapps/extensions/test/browser-window/browser_uninstalling.js | Add-on should be pending uninstall
TEST-UNEXPECTED-FAIL | chrome://mochitests/content/browser/toolkit/mozapps/extensions/test/browser-window/browser_uninstalling.js | Should have found the add-on in the list - Didn't expect null, but got it
TEST-UNEXPECTED-FAIL | chrome://mochitests/content/browser/toolkit/mozapps/extensions/test/browser-window/browser_uninstalling.js | Should have a remove button - Didn't expect null, but got it
TEST-UNEXPECTED-FAIL | chrome://mochitests/content/browser/toolkit/mozapps/extensions/test/browser-window/browser_uninstalling.js | Test timed out
TEST-UNEXPECTED-FAIL | chrome://mochitests/content/browser/toolkit/mozapps/extensions/test/browser-window/browser_uninstalling.js | Found unexpected add-ons manager window still open
TEST-UNEXPECTED-FAIL | chrome://mochitests/content/browser/toolkit/mozapps/extensions/test/browser/browser_about.js | an unexpected uncaught JS exception reported through window.onerror - ReferenceError: is is not defined at chrome://mochitests/content/browser/toolkit/mozapps/extensions/test/browser-window/browser_globalinformations.js:46
TEST-UNEXPECTED-FAIL | chrome://mochitests/content/browser/toolkit/mozapps/extensions/test/browser/browser_bug557956.js | Test timed out
TEST-UNEXPECTED-FAIL | chrome://mochitests/content/browser/toolkit/mozapps/extensions/test/browser/browser_bug557956.js | Found unexpected add-ons compatibility window still open
TEST-UNEXPECTED-FAIL | chrome://mochitests/content/browser/toolkit/mozapps/extensions/test/browser/browser_bug562797.js | Test timed out
TEST-UNEXPECTED-FAIL | chrome://mochitests/content/browser/toolkit/mozapps/extensions/test/browser/browser_bug562797.js | Found a tab after previous test timed out: about:addons
TEST-UNEXPECTED-FAIL | chrome://mochitests/content/browser/toolkit/mozapps/extensions/test/browser/browser_bug562797.js | an unexpected uncaught JS exception reported through window.onerror - ReferenceError: info is not defined at chrome://mochitests/content/browser/toolkit/mozapps/extensions/test/browser/head.js:140
TEST-UNEXPECTED-FAIL | chrome://mochitests/content/browser/toolkit/mozapps/extensions/test/browser/browser_bug567127.js | an unexpected uncaught JS exception reported through window.onerror - NS_ERROR_FAILURE: Component returned failure code: 0x80004005 (NS_ERROR_FAILURE) [nsIZipReader.open] at chrome://mochikit/content/chrome-harness.js:269
TEST-UNEXPECTED-FAIL | chrome://mochitests/content/browser/toolkit/mozapps/extensions/test/browser/browser_bug567127.js | Test timed out
TEST-UNEXPECTED-FAIL | chrome://mochitests/content/browser/toolkit/mozapps/extensions/test/browser/browser_bug567127.js | Found a tab after previous test timed out: about:addons
TEST-UNEXPECTED-FAIL | chrome://mochitests/content/browser/toolkit/mozapps/extensions/test/browser/browser_bug591465.js | 'Enable' should be visible
TEST-UNEXPECTED-FAIL | chrome://mochitests/content/browser/toolkit/mozapps/extensions/test/browser/browser_bug596336.js | Should be one item in the list - Got 10, expected 1
TEST-UNEXPECTED-FAIL | chrome://mochitests/content/browser/toolkit/mozapps/extensions/test/browser/browser_bug596336.js | Should be one item in the list - Got 10, expected 1
TEST-UNEXPECTED-FAIL | chrome://mochitests/content/browser/toolkit/mozapps/extensions/test/browser/browser_bug596336.js | Should be no items in the list - Got 9, expected 0
TEST-UNEXPECTED-FAIL | chrome://mochitests/content/browser/toolkit/mozapps/extensions/test/browser/browser_bug596336.js | Should be one item in the list - Got 10, expected 1
TEST-UNEXPECTED-FAIL | chrome://mochitests/content/browser/toolkit/mozapps/extensions/test/browser/browser_bug596336.js | Should be one item in the list - Got 10, expected 1
TEST-UNEXPECTED-FAIL | chrome://mochitests/content/browser/toolkit/mozapps/extensions/test/browser/browser_bug596336.js | Should be no items in the list - Got 9, expected 0
TEST-UNEXPECTED-FAIL | chrome://mochitests/content/browser/toolkit/mozapps/extensions/test/browser/browser_bug596336.js | Should be one item in the list - Got 10, expected 1
TEST-UNEXPECTED-FAIL | chrome://mochitests/content/browser/toolkit/mozapps/extensions/test/browser/browser_bug596336.js | Should be one item in the list - Got 10, expected 1
TEST-UNEXPECTED-FAIL | chrome://mochitests/content/browser/toolkit/mozapps/extensions/test/browser/browser_bug596336.js | Should be no items in the list - Got 9, expected 0
TEST-UNEXPECTED-FAIL | chrome://mochitests/content/browser/toolkit/mozapps/extensions/test/browser/browser_bug596336.js | Should be one item in the list - Got 10, expected 1
TEST-UNEXPECTED-FAIL | chrome://mochitests/content/browser/toolkit/mozapps/extensions/test/browser/browser_bug596336.js | Should be one item in the list - Got 10, expected 1
TEST-UNEXPECTED-FAIL | chrome://mochitests/content/browser/toolkit/mozapps/extensions/test/browser/browser_bug596336.js | Should be no items in the list - Got 9, expected 0
TEST-UNEXPECTED-FAIL | chrome://mochitests/content/browser/toolkit/mozapps/extensions/test/browser/browser_checkAddonCompatibility.js | extension Addon10 1.0 should be compatible
TEST-UNEXPECTED-FAIL | chrome://mochitests/content/browser/toolkit/mozapps/extensions/test/browser/browser_checkAddonCompatibility.js | extension Addon2 1.0 should be compatible
TEST-UNEXPECTED-FAIL | chrome://mochitests/content/browser/toolkit/mozapps/extensions/test/browser/browser_checkAddonCompatibility.js | extension Addon3 1.0 should be compatible
TEST-UNEXPECTED-FAIL | chrome://mochitests/content/browser/toolkit/mozapps/extensions/test/browser/browser_checkAddonCompatibility.js | extension Addon5 1.0 should be compatible
TEST-UNEXPECTED-FAIL | chrome://mochitests/content/browser/toolkit/mozapps/extensions/test/browser/browser_checkAddonCompatibility.js | extension Addon6 1.0 should be compatible
TEST-UNEXPECTED-FAIL | chrome://mochitests/content/browser/toolkit/mozapps/extensions/test/browser/browser_checkAddonCompatibility.js | extension Addon7 1.0 should be compatible
TEST-UNEXPECTED-FAIL | chrome://mochitests/content/browser/toolkit/mozapps/extensions/test/browser/browser_checkAddonCompatibility.js | extension Addon8 1.0 should be compatible
TEST-UNEXPECTED-FAIL | chrome://mochitests/content/browser/toolkit/mozapps/extensions/test/browser/browser_checkAddonCompatibility.js | extension Addon9 1.0 should be compatible
TEST-UNEXPECTED-FAIL | chrome://mochitests/content/browser/toolkit/mozapps/extensions/test/browser/browser_checkAddonCompatibility.js | As this test failed, test browser_bug557956.js should have failed, too.
TEST-UNEXPECTED-FAIL | chrome://mochitests/content/browser/toolkit/mozapps/extensions/test/browser/browser_details.js | Name should be correct - Got Addon2, expected Test add-on 2
TEST-UNEXPECTED-FAIL | chrome://mochitests/content/browser/toolkit/mozapps/extensions/test/browser/browser_details.js | Version should be correct - Got 1.0, expected 2.2
TEST-UNEXPECTED-FAIL | chrome://mochitests/content/browser/toolkit/mozapps/extensions/test/browser/browser_details.js | Icon should be correct - Got , expected chrome://foo/skin/icon.png
TEST-UNEXPECTED-FAIL | chrome://mochitests/content/browser/toolkit/mozapps/extensions/test/browser/browser_details.js | Creator should not be hidden
TEST-UNEXPECTED-FAIL | chrome://mochitests/content/browser/toolkit/mozapps/extensions/test/browser/browser_details.js | Creator name should not be hidden
TEST-UNEXPECTED-FAIL | chrome://mochitests/content/browser/toolkit/mozapps/extensions/test/browser/browser_details.js | Creator should be correct - Got , expected Mozilla
TEST-UNEXPECTED-FAIL | chrome://mochitests/content/browser/toolkit/mozapps/extensions/test/browser/browser_details.js | Screenshot should be visible
TEST-UNEXPECTED-FAIL | chrome://mochitests/content/browser/toolkit/mozapps/extensions/test/browser/browser_details.js | Should be showing the full sized screenshot - Got , expected chrome://branding/content/about.png
TEST-UNEXPECTED-FAIL | chrome://mochitests/content/browser/toolkit/mozapps/extensions/test/browser/browser_details.js | Screenshot dimensions should be set - Got , expected 200
TEST-UNEXPECTED-FAIL | chrome://mochitests/content/browser/toolkit/mozapps/extensions/test/browser/browser_details.js | Screenshot dimensions should be set - Got , expected 150
TEST-UNEXPECTED-FAIL | chrome://mochitests/content/browser/toolkit/mozapps/extensions/test/browser/browser_details.js | Screenshot should have loading attribute - Got false, expected true
TEST-UNEXPECTED-FAIL | chrome://mochitests/content/browser/toolkit/mozapps/extensions/test/browser/browser_details.js | Description should be correct - Got , expected Short description
TEST-UNEXPECTED-FAIL | chrome://mochitests/content/browser/toolkit/mozapps/extensions/test/browser/browser_details.js | Contributions section should be visible
TEST-UNEXPECTED-FAIL | chrome://mochitests/content/browser/toolkit/mozapps/extensions/test/browser/browser_details.js | Update date should be correct - Got 10/12/2012, expected 08/01/2010
TEST-UNEXPECTED-FAIL | chrome://mochitests/content/browser/toolkit/mozapps/extensions/test/browser/browser_details.js | Updates should be hidden
TEST-UNEXPECTED-FAIL | chrome://mochitests/content/browser/toolkit/mozapps/extensions/test/browser/browser_details.js | Remove button should be hidden
TEST-UNEXPECTED-FAIL | chrome://mochitests/content/browser/toolkit/mozapps/extensions/test/browser/browser_details.js | Warning message should be hidden
TEST-UNEXPECTED-FAIL | chrome://mochitests/content/browser/toolkit/mozapps/extensions/test/browser/browser_details.js | Test timed out
TEST-UNEXPECTED-FAIL | chrome://mochitests/content/browser/toolkit/mozapps/extensions/test/browser/browser_details.js | Found a tab after previous test timed out: about:addons
TEST-UNEXPECTED-FAIL | chrome://mochitests/content/browser/toolkit/mozapps/extensions/test/browser/browser_discovery.js | Test timed out
TEST-UNEXPECTED-FAIL | chrome://mochitests/content/browser/toolkit/mozapps/extensions/test/browser/browser_discovery.js | Found a tab after previous test timed out: about:addons
TEST-UNEXPECTED-FAIL | chrome://mochitests/content/browser/toolkit/mozapps/extensions/test/browser/browser_dragdrop.js | an unexpected uncaught JS exception reported through window.onerror - NS_ERROR_FAILURE: Component returned failure code: 0x80004005 (NS_ERROR_FAILURE) [nsIZipReader.open] at chrome://mochikit/content/chrome-harness.js:269
TEST-UNEXPECTED-FAIL | chrome://mochitests/content/browser/toolkit/mozapps/extensions/test/browser/browser_dragdrop.js | Test timed out
TEST-UNEXPECTED-FAIL | chrome://mochitests/content/browser/toolkit/mozapps/extensions/test/browser/browser_dragdrop.js | Found a tab after previous test timed out: about:addons
TEST-UNEXPECTED-FAIL | chrome://mochitests/content/browser/toolkit/mozapps/extensions/test/browser/browser_globalinformations.js | Test timed out
TEST-UNEXPECTED-FAIL | chrome://mochitests/content/browser/toolkit/mozapps/extensions/test/browser/browser_globalinformations.js | Found a tab after previous test timed out: about:blank
TEST-UNEXPECTED-FAIL | chrome://mochitests/content/browser/toolkit/mozapps/extensions/test/browser/browser_globalinformations.js | Found a tab after previous test timed out: about:addons
TEST-UNEXPECTED-FAIL | chrome://mochitests/content/browser/toolkit/mozapps/extensions/test/browser/browser_globalwarnings.js | Test timed out
TEST-UNEXPECTED-FAIL | chrome://mochitests/content/browser/toolkit/mozapps/extensions/test/browser/browser_globalwarnings.js | Found a tab after previous test timed out: about:blank
TEST-UNEXPECTED-FAIL | chrome://mochitests/content/browser/toolkit/mozapps/extensions/test/browser/browser_hotfix.js | Test timed out
TEST-UNEXPECTED-FAIL | chrome://mochitests/content/browser/toolkit/mozapps/extensions/test/browser/browser_hotfix.js | Should not have seen an install of https://example.com/browser/toolkit/mozapps/extensions/test/browser/signed_hotfix.xpi in state 1
TEST-UNEXPECTED-FAIL | chrome://mochitests/content/browser/toolkit/mozapps/extensions/test/browser/browser_hotfix.js | Should not have seen the download cancelled
TEST-UNEXPECTED-FAIL | chrome://mochitests/content/browser/toolkit/mozapps/extensions/test/browser/browser_inlinesettings.js | Test timed out
TEST-UNEXPECTED-FAIL | chrome://mochitests/content/browser/toolkit/mozapps/extensions/test/browser/browser_inlinesettings.js | Found a tab after previous test timed out: about:blank
TEST-UNEXPECTED-FAIL | chrome://mochitests/content/browser/toolkit/mozapps/extensions/test/browser/browser_install.js | Test timed out
TEST-UNEXPECTED-FAIL | chrome://mochitests/content/browser/toolkit/mozapps/extensions/test/browser/browser_install.js | Found a tab after previous test timed out: about:blank
TEST-UNEXPECTED-FAIL | chrome://mochitests/content/browser/toolkit/mozapps/extensions/test/browser/browser_installssl.js | Test timed out
TEST-UNEXPECTED-FAIL | chrome://mochitests/content/browser/toolkit/mozapps/extensions/test/browser/browser_installssl.js | Should not have seen an install of https://example.com/browser/toolkit/mozapps/extensions/test/browser/addons/browser_installssl.xpi in state 1
TEST-UNEXPECTED-FAIL | chrome://mochitests/content/browser/toolkit/mozapps/extensions/test/browser/browser_installssl.js | Timed out in the middle of downloading https://example.com/browser/toolkit/mozapps/extensions/test/browser/addons/browser_installssl.xpi
TEST-UNEXPECTED-FAIL | chrome://mochitests/content/browser/toolkit/mozapps/extensions/test/browser/browser_list.js | Test timed out
TEST-UNEXPECTED-FAIL | chrome://mochitests/content/browser/toolkit/mozapps/extensions/test/browser/browser_list.js | Found a tab after previous test timed out: about:blank
TEST-UNEXPECTED-FAIL | chrome://mochitests/content/browser/toolkit/mozapps/extensions/test/browser/browser_manualupdates.js | Test timed out
TEST-UNEXPECTED-FAIL | chrome://mochitests/content/browser/toolkit/mozapps/extensions/test/browser/browser_manualupdates.js | Found a tab after previous test timed out: about:blank
TEST-UNEXPECTED-FAIL | chrome://mochitests/content/browser/toolkit/mozapps/extensions/test/browser/browser_newaddon.js | Test timed out
TEST-UNEXPECTED-FAIL | chrome://mochitests/content/browser/toolkit/mozapps/extensions/test/browser/browser_newaddon.js | Found a tab after previous test timed out: about:blank
TEST-UNEXPECTED-FAIL | chrome://mochitests/content/browser/toolkit/mozapps/extensions/test/browser/browser_openDialog.js | an unexpected uncaught JS exception reported through window.onerror - ReferenceError: is is not defined at chrome://mochitests/content/browser/toolkit/mozapps/extensions/test/browser/browser_globalinformations.js:46
TEST-UNEXPECTED-FAIL | chrome://mochitests/content/browser/toolkit/mozapps/extensions/test/browser/browser_purchase.js | Should be 5 results - Got 1, expected 5
TEST-UNEXPECTED-FAIL | chrome://mochitests/content/browser/toolkit/mozapps/extensions/test/browser/browser_purchase.js | Add-on 0 should be in expected position - Got Free Add-on, expected Ludicrously Expensive Add-on
TEST-UNEXPECTED-FAIL | chrome://mochitests/content/browser/toolkit/mozapps/extensions/test/browser/browser_purchase.js | Add-on 0 install button should be hidden
TEST-UNEXPECTED-FAIL | chrome://mochitests/content/browser/toolkit/mozapps/extensions/test/browser/browser_purchase.js | Add-on 0 purchase button should be visible
TEST-UNEXPECTED-FAIL | chrome://mochitests/content/browser/toolkit/mozapps/extensions/test/browser/browser_purchase.js | Add-on 0 should have the right price - Got , expected Purchase for $101
TEST-UNEXPECTED-FAIL | chrome://mochitests/content/browser/toolkit/mozapps/extensions/test/browser/browser_purchase.js | an unexpected uncaught JS exception reported through window.onerror - TypeError: parent is undefined at chrome://mochitests/content/browser/toolkit/mozapps/extensions/test/browser/browser_purchase.js:53
TEST-UNEXPECTED-FAIL | chrome://mochitests/content/browser/toolkit/mozapps/extensions/test/browser/browser_purchase.js | Test timed out
TEST-UNEXPECTED-FAIL | chrome://mochitests/content/browser/toolkit/mozapps/extensions/test/browser/browser_purchase.js | Should not have seen an install of http://example.com/addon1.xpi in state 0
TEST-UNEXPECTED-FAIL | chrome://mochitests/content/browser/toolkit/mozapps/extensions/test/browser/browser_purchase.js | Found a tab after previous test timed out: about:addons
TEST-UNEXPECTED-FAIL | chrome://mochitests/content/browser/toolkit/mozapps/extensions/test/browser/browser_recentupdates.js | Should get expected item based on sort order - Got addon2@tests.mozilla.org, expected addon1@tests.mozilla.org
TEST-UNEXPECTED-FAIL | chrome://mochitests/content/browser/toolkit/mozapps/extensions/test/browser/browser_recentupdates.js | Should be expecting more items - Didn't expect 0, but got it
TEST-UNEXPECTED-FAIL | chrome://mochitests/content/browser/toolkit/mozapps/extensions/test/browser/browser_recentupdates.js | Should get expected item based on sort order - Got addon3@tests.mozilla.org, expected undefined
TEST-UNEXPECTED-FAIL | chrome://mochitests/content/browser/toolkit/mozapps/extensions/test/browser/browser_recentupdates.js | Should be expecting more items - Didn't expect 0, but got it
TEST-UNEXPECTED-FAIL | chrome://mochitests/content/browser/toolkit/mozapps/extensions/test/browser/browser_recentupdates.js | Should get expected item based on sort order - Got addon1@tests.mozilla.org, expected undefined
TEST-UNEXPECTED-FAIL | chrome://mochitests/content/browser/toolkit/mozapps/extensions/test/browser/browser_recentupdates.js | Should be expecting more items - Didn't expect 0, but got it
TEST-UNEXPECTED-FAIL | chrome://mochitests/content/browser/toolkit/mozapps/extensions/test/browser/browser_recentupdates.js | Should get expected item based on sort order - Got addon3@tests.mozilla.org, expected undefined
TEST-UNEXPECTED-FAIL | chrome://mochitests/content/browser/toolkit/mozapps/extensions/test/browser/browser_recentupdates.js | Should be expecting more items - Didn't expect 0, but got it
TEST-UNEXPECTED-FAIL | chrome://mochitests/content/browser/toolkit/mozapps/extensions/test/browser/browser_recentupdates.js | Should get expected item based on sort order - Got addon2@tests.mozilla.org, expected undefined
TEST-UNEXPECTED-FAIL | chrome://mochitests/content/browser/toolkit/mozapps/extensions/test/browser/browser_recentupdates.js | Should get expected item based on sort order - Got addon3@tests.mozilla.org, expected addon1@tests.mozilla.org
TEST-UNEXPECTED-FAIL | chrome://mochitests/content/browser/toolkit/mozapps/extensions/test/browser/browser_recentupdates.js | Should be expecting more items - Didn't expect 0, but got it
TEST-UNEXPECTED-FAIL | chrome://mochitests/content/browser/toolkit/mozapps/extensions/test/browser/browser_recentupdates.js | Should get expected item based on sort order - Got addon2@tests.mozilla.org, expected undefined
TEST-UNEXPECTED-FAIL | chrome://mochitests/content/browser/toolkit/mozapps/extensions/test/browser/browser_recentupdates.js | Should be expecting more items - Didn't expect 0, but got it
TEST-UNEXPECTED-FAIL | chrome://mochitests/content/browser/toolkit/mozapps/extensions/test/browser/browser_recentupdates.js | Should get expected item based on sort order - Got addon1@tests.mozilla.org, expected undefined
TEST-UNEXPECTED-FAIL | chrome://mochitests/content/browser/toolkit/mozapps/extensions/test/browser/browser_recentupdates.js | Should be expecting more items - Didn't expect 0, but got it
TEST-UNEXPECTED-FAIL | chrome://mochitests/content/browser/toolkit/mozapps/extensions/test/browser/browser_recentupdates.js | Should get expected item based on sort order - Got addon3@tests.mozilla.org, expected undefined
TEST-UNEXPECTED-FAIL | chrome://mochitests/content/browser/toolkit/mozapps/extensions/test/browser/browser_recentupdates.js | Should be expecting more items - Didn't expect 0, but got it
TEST-UNEXPECTED-FAIL | chrome://mochitests/content/browser/toolkit/mozapps/extensions/test/browser/browser_recentupdates.js | Should get expected item based on sort order - Got addon2@tests.mozilla.org, expected undefined
TEST-UNEXPECTED-FAIL | chrome://mochitests/content/browser/toolkit/mozapps/extensions/test/browser/browser_select_compatoverrides.js | Should get expected addon - Got addon10@tests.mozilla.org, expected addon1@tests.mozilla.org
TEST-UNEXPECTED-FAIL | chrome://mochitests/content/browser/toolkit/mozapps/extensions/test/browser/browser_select_compatoverrides.js | Test timed out
TEST-UNEXPECTED-FAIL | chrome://mochitests/content/browser/toolkit/mozapps/extensions/test/browser/browser_select_confirm.js | Incompatible list should be hidden
TEST-UNEXPECTED-FAIL | chrome://mochitests/content/browser/toolkit/mozapps/extensions/test/browser/browser_select_confirm.js | Should be two add-ons waiting to be compatible (plus the header) - Got 11, expected 3
TEST-UNEXPECTED-FAIL | chrome://mochitests/content/browser/toolkit/mozapps/extensions/test/browser/browser_select_confirm.js | Should be the right add-on ID - Got addon10@tests.mozilla.org, expected test1@tests.mozilla.org
TEST-UNEXPECTED-FAIL | chrome://mochitests/content/browser/toolkit/mozapps/extensions/test/browser/browser_select_confirm.js | Should be the right add-on name - Got Addon10, expected Test Add-on 1
TEST-UNEXPECTED-FAIL | chrome://mochitests/content/browser/toolkit/mozapps/extensions/test/browser/browser_select_confirm.js | Should be the right add-on ID - Got addon2@tests.mozilla.org, expected test3@tests.mozilla.org
TEST-UNEXPECTED-FAIL | chrome://mochitests/content/browser/toolkit/mozapps/extensions/test/browser/browser_select_confirm.js | Should be the right add-on name - Got Addon2, expected Test Add-on 3
TEST-UNEXPECTED-FAIL | chrome://mochitests/content/browser/toolkit/mozapps/extensions/test/browser/browser_select_confirm.js | Incompatible list should be hidden
TEST-UNEXPECTED-FAIL | chrome://mochitests/content/browser/toolkit/mozapps/extensions/test/browser/browser_select_selection.js | Test timed out
TEST-UNEXPECTED-FAIL | chrome://mochitests/content/browser/toolkit/mozapps/extensions/test/browser/browser_select_selection.js | Found a  after previous test timed out
TEST-UNEXPECTED-FAIL | chrome://mochitests/content/browser/toolkit/mozapps/extensions/test/browser/browser_sorting.js | Should have seen the right order - Got ["addon4@tests.mozilla.org", "test2@tests.mozilla.org", "test4@tests.mozilla.org", "test3@tests.mozilla.org", "test5@tests.mozilla.org", "inlinesettings1@tests.mozilla.org", "test1@tests.mozilla.org", "test7@tests.mozilla.org", "test8@tests.mozilla.org", "test6@tests.mozilla.org", "test10@tests.mozilla.org", "test9@tests.mozilla.org", "test11@tests.mozilla.org", "test13@tests.mozilla.org", "test12@tests.mozilla.org", "test14@tests.mozilla.org", "test15@tests.mozilla.org", "addon10@tests.mozilla.org", "addon2@tests.mozilla.org", "addon3@tests.mozilla.org", "addon5@tests.mozilla.org", "addon6@tests.mozilla.org", "addon7@tests.mozilla.org", "addon8@tests.mozilla.org", "addon9@tests.mozilla.org", "test17@tests.mozilla.org", "test19@tests.mozilla.org", "test16@tests.mozilla.org", "test20@tests.mozilla.org", "test18@tests.mozilla.org"], expected ["test2@tests.mozilla.org", "test4@tests.mozilla.org", "test3@tests.mozilla.org", "test5@tests.mozilla.org", "test1@tests.mozilla.org", "test7@tests.mozilla.org", "test8@tests.mozilla.org", "test6@tests.mozilla.org", "test10@tests.mozilla.org", "test9@tests.mozilla.org", "test11@tests.mozilla.org", "test13@tests.mozilla.org", "test12@tests.mozilla.org", "test14@tests.mozilla.org", "test15@tests.mozilla.org", "test17@tests.mozilla.org", "test19@tests.mozilla.org", "test16@tests.mozilla.org", "test20@tests.mozilla.org", "test18@tests.mozilla.org"]
TEST-UNEXPECTED-FAIL | chrome://mochitests/content/browser/toolkit/mozapps/extensions/test/browser/browser_sorting.js | Should have seen the right order - Got ["test5@tests.mozilla.org", "inlinesettings1@tests.mozilla.org", "addon4@tests.mozilla.org", "test3@tests.mozilla.org", "test1@tests.mozilla.org", "test2@tests.mozilla.org", "test4@tests.mozilla.org", "test10@tests.mozilla.org", "test9@tests.mozilla.org", "test8@tests.mozilla.org", "test6@tests.mozilla.org", "test7@tests.mozilla.org", "test12@tests.mozilla.org", "test14@tests.mozilla.org", "test15@tests.mozilla.org", "test13@tests.mozilla.org", "test11@tests.mozilla.org", "addon10@tests.mozilla.org", "addon8@tests.mozilla.org", "addon9@tests.mozilla.org", "addon2@tests.mozilla.org", "addon3@tests.mozilla.org", "addon5@tests.mozilla.org", "addon6@tests.mozilla.org", "addon7@tests.mozilla.org", "test20@tests.mozilla.org", "test17@tests.mozilla.org", "test18@tests.mozilla.org", "test19@tests.mozilla.org", "test16@tests.mozilla.org"], expected ["test5@tests.mozilla.org", "test3@tests.mozilla.org", "test1@tests.mozilla.org", "test2@tests.mozilla.org", "test4@tests.mozilla.org", "test10@tests.mozilla.org", "test9@tests.mozilla.org", "test8@tests.mozilla.org", "test6@tests.mozilla.org", "test7@tests.mozilla.org", "test12@tests.mozilla.org", "test14@tests.mozilla.org", "test15@tests.mozilla.org", "test13@tests.mozilla.org", "test11@tests.mozilla.org", "test20@tests.mozilla.org", "test17@tests.mozilla.org", "test18@tests.mozilla.org", "test19@tests.mozilla.org", "test16@tests.mozilla.org"]
TEST-UNEXPECTED-FAIL | chrome://mochitests/content/browser/toolkit/mozapps/extensions/test/browser/browser_sorting.js | Should have seen the right order - Got ["test4@tests.mozilla.org", "test2@tests.mozilla.org", "test1@tests.mozilla.org", "test3@tests.mozilla.org", "addon4@tests.mozilla.org", "inlinesettings1@tests.mozilla.org", "test5@tests.mozilla.org", "test7@tests.mozilla.org", "test6@tests.mozilla.org", "test8@tests.mozilla.org", "test9@tests.mozilla.org", "test10@tests.mozilla.org", "test11@tests.mozilla.org", "test13@tests.mozilla.org", "test15@tests.mozilla.org", "test14@tests.mozilla.org", "test12@tests.mozilla.org", "test16@tests.mozilla.org", "test19@tests.mozilla.org", "test18@tests.mozilla.org", "test17@tests.mozilla.org", "test20@tests.mozilla.org", "addon2@tests.mozilla.org", "addon3@tests.mozilla.org", "addon5@tests.mozilla.org", "addon6@tests.mozilla.org", "addon7@tests.mozilla.org", "addon10@tests.mozilla.org", "addon8@tests.mozilla.org", "addon9@tests.mozilla.org"], expected ["test4@tests.mozilla.org", "test2@tests.mozilla.org", "test1@tests.mozilla.org", "test3@tests.mozilla.org", "test5@tests.mozilla.org", "test7@tests.mozilla.org", "test6@tests.mozilla.org", "test8@tests.mozilla.org", "test9@tests.mozilla.org", "test10@tests.mozilla.org", "test11@tests.mozilla.org", "test13@tests.mozilla.org", "test15@tests.mozilla.org", "test14@tests.mozilla.org", "test12@tests.mozilla.org", "test16@tests.mozilla.org", "test19@tests.mozilla.org", "test18@tests.mozilla.org", "test17@tests.mozilla.org", "test20@tests.mozilla.org"]
TEST-UNEXPECTED-FAIL | chrome://mochitests/content/browser/toolkit/mozapps/extensions/test/browser/browser_sorting.js | Should have seen the right order - Got ["addon4@tests.mozilla.org", "test2@tests.mozilla.org", "test4@tests.mozilla.org", "test3@tests.mozilla.org", "test5@tests.mozilla.org", "inlinesettings1@tests.mozilla.org", "test1@tests.mozilla.org", "test7@tests.mozilla.org", "test8@tests.mozilla.org", "test6@tests.mozilla.org", "test10@tests.mozilla.org", "test9@tests.mozilla.org", "test11@tests.mozilla.org", "test13@tests.mozilla.org", "test12@tests.mozilla.org", "test14@tests.mozilla.org", "test15@tests.mozilla.org", "addon10@tests.mozilla.org", "addon2@tests.mozilla.org", "addon3@tests.mozilla.org", "addon5@tests.mozilla.org", "addon6@tests.mozilla.org", "addon7@tests.mozilla.org", "addon8@tests.mozilla.org", "addon9@tests.mozilla.org", "test17@tests.mozilla.org", "test19@tests.mozilla.org", "test16@tests.mozilla.org", "test20@tests.mozilla.org", "test18@tests.mozilla.org"], expected ["test2@tests.mozilla.org", "test4@tests.mozilla.org", "test3@tests.mozilla.org", "test5@tests.mozilla.org", "test1@tests.mozilla.org", "test7@tests.mozilla.org", "test8@tests.mozilla.org", "test6@tests.mozilla.org", "test10@tests.mozilla.org", "test9@tests.mozilla.org", "test11@tests.mozilla.org", "test13@tests.mozilla.org", "test12@tests.mozilla.org", "test14@tests.mozilla.org", "test15@tests.mozilla.org", "test17@tests.mozilla.org", "test19@tests.mozilla.org", "test16@tests.mozilla.org", "test20@tests.mozilla.org", "test18@tests.mozilla.org"]
TEST-UNEXPECTED-FAIL | chrome://mochitests/content/browser/toolkit/mozapps/extensions/test/browser/browser_sorting.js | Should have seen the right order - Got ["test1@tests.mozilla.org", "inlinesettings1@tests.mozilla.org", "test5@tests.mozilla.org", "test3@tests.mozilla.org", "test4@tests.mozilla.org", "test2@tests.mozilla.org", "addon4@tests.mozilla.org", "test9@tests.mozilla.org", "test10@tests.mozilla.org", "test6@tests.mozilla.org", "test8@tests.mozilla.org", "test7@tests.mozilla.org", "test15@tests.mozilla.org", "test14@tests.mozilla.org", "test12@tests.mozilla.org", "test13@tests.mozilla.org", "test11@tests.mozilla.org", "test18@tests.mozilla.org", "test20@tests.mozilla.org", "test16@tests.mozilla.org", "test19@tests.mozilla.org", "test17@tests.mozilla.org", "addon9@tests.mozilla.org", "addon8@tests.mozilla.org", "addon7@tests.mozilla.org", "addon6@tests.mozilla.org", "addon5@tests.mozilla.org", "addon3@tests.mozilla.org", "addon2@tests.mozilla.org", "addon10@tests.mozilla.org"], expected ["test1@tests.mozilla.org", "test5@tests.mozilla.org", "test3@tests.mozilla.org", "test4@tests.mozilla.org", "test2@tests.mozilla.org", "test9@tests.mozilla.org", "test10@tests.mozilla.org", "test6@tests.mozilla.org", "test8@tests.mozilla.org", "test7@tests.mozilla.org", "test15@tests.mozilla.org", "test14@tests.mozilla.org", "test12@tests.mozilla.org", "test13@tests.mozilla.org", "test11@tests.mozilla.org", "test18@tests.mozilla.org", "test20@tests.mozilla.org", "test16@tests.mozilla.org", "test19@tests.mozilla.org", "test17@tests.mozilla.org"]
TEST-UNEXPECTED-FAIL | chrome://mochitests/content/browser/toolkit/mozapps/extensions/test/browser/browser_uninstalling.js | Add-on should be active
TEST-UNEXPECTED-FAIL | chrome://mochitests/content/browser/toolkit/mozapps/extensions/test/browser/browser_uninstalling.js | Add-on should be active
TEST-UNEXPECTED-FAIL | chrome://mochitests/content/browser/toolkit/mozapps/extensions/test/browser/browser_uninstalling.js | Add-on should be active
TEST-UNEXPECTED-FAIL | chrome://mochitests/content/browser/toolkit/mozapps/extensions/test/browser/browser_uninstalling.js | Add-on should be active
TEST-UNEXPECTED-FAIL | chrome://mochitests/content/browser/toolkit/mozapps/extensions/test/browser/browser_uninstalling.js | Add-on should be active
TEST-UNEXPECTED-FAIL | chrome://mochitests/content/browser/toolkit/mozapps/extensions/test/browser/browser_uninstalling.js | Add-on should be active
TEST-UNEXPECTED-FAIL | chrome://mochitests/content/browser/toolkit/mozapps/extensions/test/browser/browser_uninstalling.js | Add-on should be active
TEST-UNEXPECTED-FAIL | chrome://mochitests/content/browser/toolkit/mozapps/extensions/test/browser/browser_uninstalling.js | Add-on should be active
TEST-UNEXPECTED-FAIL | chrome://mochitests/content/browser/toolkit/mozapps/extensions/test/browser/browser_uninstalling.js | Add-on should be active
TEST-UNEXPECTED-FAIL | chrome://mochitests/content/browser/toolkit/mozapps/extensions/test/browser/browser_uninstalling.js | Add-on should be active
TEST-UNEXPECTED-FAIL | chrome://mochitests/content/browser/toolkit/mozapps/extensions/test/browser/browser_uninstalling.js | Add-on should no longer be installed - Got [object Object], expected null
TEST-UNEXPECTED-FAIL | chrome://mochitests/content/browser/toolkit/mozapps/extensions/test/browser/browser_uninstalling.js | Second add-on should no longer be installed - Got [object Object], expected null
TEST-UNEXPECTED-FAIL | chrome://mochitests/content/browser/toolkit/mozapps/extensions/test/browser/browser_uninstalling.js | Should not have found the add-on in the list - Got [object XULElement], expected null
TEST-UNEXPECTED-FAIL | chrome://mochitests/content/browser/toolkit/mozapps/extensions/test/browser/browser_uninstalling.js | Should not have found the second add-on in the list - Got [object XULElement], expected null
TEST-UNEXPECTED-FAIL | chrome://mochitests/content/browser/toolkit/mozapps/extensions/test/browser/browser_uninstalling.js | Add-on should be active
TEST-UNEXPECTED-FAIL | chrome://mochitests/content/browser/toolkit/mozapps/extensions/test/browser/browser_uninstalling.js | Add-on should no longer be installed - Got [object Object], expected null
TEST-UNEXPECTED-FAIL | chrome://mochitests/content/browser/toolkit/mozapps/extensions/test/browser/browser_uninstalling.js | Second add-on should no longer be installed - Got [object Object], expected null
TEST-UNEXPECTED-FAIL | chrome://mochitests/content/browser/toolkit/mozapps/extensions/test/browser/browser_uninstalling.js | Add-on should no longer be installed - Got [object Object], expected null
TEST-UNEXPECTED-FAIL | chrome://mochitests/content/browser/toolkit/mozapps/extensions/test/browser/browser_uninstalling.js | Second add-on should no longer be installed - Got [object Object], expected null
TEST-UNEXPECTED-FAIL | chrome://mochitests/content/browser/toolkit/mozapps/extensions/test/browser/browser_uninstalling.js | Should not have found the add-on in the list - Got [object XULElement], expected null
TEST-UNEXPECTED-FAIL | chrome://mochitests/content/browser/toolkit/mozapps/extensions/test/browser/browser_uninstalling.js | Should not have found the second add-on in the list - Got [object XULElement], expected null
TEST-UNEXPECTED-FAIL | chrome://mochitests/content/browser/toolkit/mozapps/extensions/test/browser/browser_uninstalling.js | Add-on should be active
TEST-UNEXPECTED-FAIL | chrome://mochitests/content/browser/toolkit/mozapps/extensions/test/browser/browser_uninstalling.js | Add-on should no longer be installed - Got [object Object], expected null
TEST-UNEXPECTED-FAIL | chrome://mochitests/content/browser/toolkit/mozapps/extensions/test/browser/browser_uninstalling.js | Second add-on should no longer be installed - Got [object Object], expected null
TEST-UNEXPECTED-FAIL | chrome://mochitests/content/browser/toolkit/mozapps/extensions/test/browser/browser_updateid.js | Should not show the new version in the list - Got [object XULElement], expected null
TEST-UNEXPECTED-FAIL | chrome://mochitests/content/browser/toolkit/mozapps/extensions/test/browser/browser_updateid.js | Should not show the new version in the list - Got [object XULElement], expected null
TEST-UNEXPECTED-FAIL | chrome://mochitests/content/browser/toolkit/mozapps/extensions/test/browser/browser_updatessl.js | Test timed out
TEST-UNEXPECTED-FAIL | chrome://mochitests/content/browser/toolkit/mozapps/extensions/test/xpinstall/browser_httphash.js | Test timed out
TEST-UNEXPECTED-FAIL | chrome://mochitests/content/browser/toolkit/mozapps/extensions/test/xpinstall/browser_httphash.js | Should be no active installs at the end of the test - Got 1, expected 0
TEST-UNEXPECTED-FAIL | chrome://mochitests/content/browser/toolkit/mozapps/extensions/test/xpinstall/browser_httphash.js | Found a tab after previous test timed out: http://example.com/browser/toolkit/mozapps/extensions/test/xpinstall/installtrigger.html?%7B%22Unsigned%20XPI%22%3A%7B%22URL%22%3A%22https%3A%2F%2Fexample.com%2Fbrowser%2Ftoolkit%2Fmozapps%2Fextensions%2Ftest%2Fxpinstall%2FhashRedirect.sjs%3Fsha1%3A3d0dc22e1f394e159b08aaf5f0f97de4d5c65f4f%7Chttp%3A%2F%2Fexample.com%2Fbrowser%2Ftoolkit%2Fmozapps%2Fextensions%2Ftest%2Fxpinstall%2Funsigned.xpi%22%7D%7D
TEST-UNEXPECTED-FAIL | chrome://mochitests/content/browser/toolkit/mozapps/extensions/test/xpinstall/browser_httphash2.js | Test timed out
TEST-UNEXPECTED-FAIL | chrome://mochitests/content/browser/toolkit/mozapps/extensions/test/xpinstall/browser_httphash2.js | Should be no active installs at the end of the test - Got 1, expected 0
TEST-UNEXPECTED-FAIL | chrome://mochitests/content/browser/toolkit/mozapps/extensions/test/xpinstall/browser_httphash2.js | Found a tab after previous test timed out: http://example.com/browser/toolkit/mozapps/extensions/test/xpinstall/installtrigger.html?%7B%22Unsigned%20XPI%22%3A%7B%22URL%22%3A%22https%3A%2F%2Fexample.com%2Fbrowser%2Ftoolkit%2Fmozapps%2Fextensions%2Ftest%2Fxpinstall%2FhashRedirect.sjs%3Fsha1%3Afoobar%7Chttp%3A%2F%2Fexample.com%2Fbrowser%2Ftoolkit%2Fmozapps%2Fextensions%2Ftest%2Fxpinstall%2Funsigned.xpi%22%7D%7D
TEST-UNEXPECTED-FAIL | chrome://mochitests/content/browser/toolkit/mozapps/extensions/test/xpinstall/browser_httphash3.js | Test timed out
TEST-UNEXPECTED-FAIL | chrome://mochitests/content/browser/toolkit/mozapps/extensions/test/xpinstall/browser_httphash3.js | Should be no active installs at the end of the test - Got 1, expected 0
TEST-UNEXPECTED-FAIL | chrome://mochitests/content/browser/toolkit/mozapps/extensions/test/xpinstall/browser_httphash3.js | Found a tab after previous test timed out: http://example.com/browser/toolkit/mozapps/extensions/test/xpinstall/installtrigger.html?%7B%22Unsigned%20XPI%22%3A%7B%22URL%22%3A%22https%3A%2F%2Fexample.com%2Fbrowser%2Ftoolkit%2Fmozapps%2Fextensions%2Ftest%2Fxpinstall%2FhashRedirect.sjs%3Fsha1%3Afoobar%7Chttp%3A%2F%2Fexample.com%2Fbrowser%2Ftoolkit%2Fmozapps%2Fextensions%2Ftest%2Fxpinstall%2Funsigned.xpi%22%2C%22Hash%22%3A%22sha1%3A3d0dc22e1f394e159b08aaf5f0f97de4d5c65f4f%22%7D%7D
TEST-UNEXPECTED-FAIL | chrome://mochitests/content/browser/toolkit/mozapps/extensions/test/xpinstall/browser_httphash5.js | Test timed out
TEST-UNEXPECTED-FAIL | chrome://mochitests/content/browser/toolkit/mozapps/extensions/test/xpinstall/browser_httphash5.js | Should be no active installs at the end of the test - Got 1, expected 0
TEST-UNEXPECTED-FAIL | chrome://mochitests/content/browser/toolkit/mozapps/extensions/test/xpinstall/browser_httphash5.js | Found a tab after previous test timed out: http://example.com/browser/toolkit/mozapps/extensions/test/xpinstall/installtrigger.html?%7B%22Unsigned%20XPI%22%3A%7B%22URL%22%3A%22https%3A%2F%2Fexample.com%2Fbrowser%2Ftoolkit%2Fmozapps%2Fextensions%2Ftest%2Fxpinstall%2FhashRedirect.sjs%3Fsha1%3A3d0dc22e1f394e159b08aaf5f0f97de4d5c65f4f%7Chttps%3A%2F%2Fexample.com%2Fbrowser%2Ftoolkit%2Fmozapps%2Fextensions%2Ftest%2Fxpinstall%2FhashRedirect.sjs%3Fsha1%3Afoobar%7Chttp%3A%2F%2Fexample.com%2Fbrowser%2Ftoolkit%2Fmozapps%2Fextensions%2Ftest%2Fxpinstall%2Funsigned.xpi%22%7D%7D
TEST-UNEXPECTED-FAIL | chrome://mochitests/content/browser/toolkit/mozapps/extensions/test/xpinstall/browser_httphash6.js | application timed out after 330 seconds with no output
PROCESS-CRASH | chrome://mochitests/content/browser/toolkit/mozapps/extensions/test/xpinstall/browser_httphash6.js | application crashed (minidump found)
Thread 0 (crashed)
ttaubert
https://tbpl.mozilla.org/php/getParsedLog.php?id=16095453&tree=Fx-Team
Rev3 WINNT 5.1 fx-team opt test mochitest-other on 2012-10-13 19:21:34
slave: talos-r3-xp-081

TEST-UNEXPECTED-FAIL | chrome://mochitests/content/browser/browser/devtools/webconsole/test/browser_webconsole_bug_595934_message_categories.js | Test timed out
TEST-UNEXPECTED-FAIL | chrome://mochitests/content/browser/browser/devtools/webconsole/test/browser_webconsole_bug_597103_deactivateHUDForContext_unfocused_window.js | an unexpected uncaught JS exception reported through window.onerror - ReferenceError: ok is not defined at chrome://mochitests/content/browser/browser/devtools/webconsole/test/head.js:294
TEST-UNEXPECTED-FAIL | chrome://mochitests/content/browser/browser/devtools/webconsole/test/browser_webconsole_bug_737873_mixedcontent.js | Timed out while waiting for: mixed content warning displayed successfully
TEST-UNEXPECTED-FAIL | chrome://mochitests/content/browser/dom/tests/browser/browser_focus_steal_from_chrome.js | Test timed out
TEST-UNEXPECTED-FAIL | chrome://mochitests/content/browser/dom/tests/browser/browser_focus_steal_from_chrome.js | Found a tab after previous test timed out: data:text/html,<body%20onload="setTimeout(function%20()%20{%20document.getElementById('target').select();%20},%2010);"><textarea%20id='target'>textarea</textarea></body>
TEST-UNEXPECTED-FAIL | chrome://mochitests/content/browser/toolkit/mozapps/extensions/test/browser/browser_discovery.js | Test timed out
TEST-UNEXPECTED-FAIL | chrome://mochitests/content/browser/toolkit/mozapps/extensions/test/browser/browser_discovery.js | Found a tab after previous test timed out: about:addons
ttaubert
https://tbpl.mozilla.org/php/getParsedLog.php?id=16094778&tree=Fx-Team
Rev3 Fedora 12 fx-team pgo test mochitest-other on 2012-10-13 19:01:11
slave: talos-r3-fed-025

TEST-UNEXPECTED-FAIL | chrome://mochitests/content/browser/browser/devtools/webconsole/test/browser_webconsole_bug_595934_message_categories.js | Timed out while waiting for: test #5 successful finish
TEST-UNEXPECTED-FAIL | chrome://mochitests/content/browser/browser/devtools/webconsole/test/browser_webconsole_bug_595934_message_categories.js | expectUncaughtException was called but no uncaught exception was detected!
TEST-UNEXPECTED-FAIL | chrome://mochitests/content/browser/browser/devtools/webconsole/test/browser_webconsole_bug_737873_mixedcontent.js | Timed out while waiting for: mixed content warning displayed successfully
TEST-UNEXPECTED-FAIL | chrome://mochitests/content/browser/browser/devtools/webconsole/test/browser_webconsole_bug_770099_bad_policyuri.js | Test timed out
TEST-UNEXPECTED-FAIL | chrome://mochitests/content/browser/browser/devtools/webconsole/test/browser_webconsole_bug_770099_violation.js | Test timed out
TEST-UNEXPECTED-FAIL | chrome://mochitests/content/browser/browser/extensions/pdfjs/test/browser_pdfjs_main.js | Exited with code 11 during test run
PROCESS-CRASH | chrome://mochitests/content/browser/browser/extensions/pdfjs/test/browser_pdfjs_main.js | application crashed (minidump found)
Thread 235 (crashed)
Ms2ger%gmail.com
https://tbpl.mozilla.org/php/getParsedLog.php?id=16096452&tree=Firefox
Rev3 WINNT 5.1 mozilla-central pgo test mochitest-other on 2012-10-13 20:56:09
slave: talos-r3-xp-085

TEST-UNEXPECTED-FAIL | chrome://mochitests/content/browser/browser/devtools/webconsole/test/browser_webconsole_bug_595934_message_categories.js | Test timed out
TEST-UNEXPECTED-FAIL | chrome://mochitests/content/browser/browser/devtools/webconsole/test/browser_webconsole_bug_597103_deactivateHUDForContext_unfocused_window.js | an unexpected uncaught JS exception reported through window.onerror - ReferenceError: ok is not defined at chrome://mochitests/content/browser/browser/devtools/webconsole/test/head.js:294
TEST-UNEXPECTED-FAIL | chrome://mochitests/content/browser/browser/devtools/webconsole/test/browser_webconsole_bug_737873_mixedcontent.js | Timed out while waiting for: mixed content warning displayed successfully
TEST-UNEXPECTED-FAIL | chrome://mochitests/content/browser/dom/tests/browser/browser_focus_steal_from_chrome.js | Test timed out
TEST-UNEXPECTED-FAIL | chrome://mochitests/content/browser/dom/tests/browser/browser_focus_steal_from_chrome.js | Found a tab after previous test timed out: data:text/html,<body%20onload="setTimeout(function%20()%20{%20document.getElementById('target').focus();%20},%2010);"><textarea%20id='target'>textarea</textarea></body>
TEST-UNEXPECTED-FAIL | chrome://mochitests/content/browser/toolkit/mozapps/extensions/test/browser/browser_discovery.js | Test timed out
TEST-UNEXPECTED-FAIL | chrome://mochitests/content/browser/toolkit/mozapps/extensions/test/browser/browser_discovery.js | Found a tab after previous test timed out: about:addons
Ms2ger%gmail.com
https://tbpl.mozilla.org/php/getParsedLog.php?id=16101114&tree=Firefox
Rev3 WINNT 5.1 mozilla-central pgo test mochitest-other on 2012-10-14 06:04:18
slave: talos-r3-xp-095

TEST-UNEXPECTED-FAIL | chrome://mochitests/content/browser/browser/devtools/webconsole/test/browser_webconsole_bug_595934_message_categories.js | Test timed out
TEST-UNEXPECTED-FAIL | chrome://mochitests/content/browser/browser/devtools/webconsole/test/browser_webconsole_bug_597103_deactivateHUDForContext_unfocused_window.js | an unexpected uncaught JS exception reported through window.onerror - ReferenceError: ok is not defined at chrome://mochitests/content/browser/browser/devtools/webconsole/test/head.js:294
TEST-UNEXPECTED-FAIL | chrome://mochitests/content/browser/browser/devtools/webconsole/test/browser_webconsole_bug_737873_mixedcontent.js | Timed out while waiting for: mixed content warning displayed successfully
TEST-UNEXPECTED-FAIL | chrome://mochitests/content/browser/dom/tests/browser/browser_focus_steal_from_chrome.js | Test timed out
TEST-UNEXPECTED-FAIL | chrome://mochitests/content/browser/dom/tests/browser/browser_focus_steal_from_chrome.js | Found a tab after previous test timed out: data:text/html,<body%20onload="setTimeout(function%20()%20{%20document.getElementById('target').select();%20},%2010);"><textarea%20id='target'>textarea</textarea></body>
TEST-UNEXPECTED-FAIL | chrome://mochitests/content/browser/toolkit/mozapps/extensions/test/browser/browser_discovery.js | Test timed out
TEST-UNEXPECTED-FAIL | chrome://mochitests/content/browser/toolkit/mozapps/extensions/test/browser/browser_discovery.js | Found a tab after previous test timed out: about:addons
ryanvm%gmail.com
https://tbpl.mozilla.org/php/getParsedLog.php?id=16105760&tree=Firefox
Rev3 WINNT 5.1 mozilla-central opt test mochitest-other on 2012-10-14 14:27:28
slave: talos-r3-xp-088

TEST-UNEXPECTED-FAIL | chrome://mochitests/content/browser/browser/devtools/webconsole/test/browser_webconsole_bug_595934_message_categories.js | Timed out while waiting for: test #4 successful finish
TEST-UNEXPECTED-FAIL | chrome://mochitests/content/browser/browser/devtools/webconsole/test/browser_webconsole_bug_737873_mixedcontent.js | Timed out while waiting for: mixed content warning displayed successfully
TEST-UNEXPECTED-FAIL | chrome://mochitests/content/browser/dom/tests/browser/browser_focus_steal_from_chrome.js | Test timed out
TEST-UNEXPECTED-FAIL | chrome://mochitests/content/browser/dom/tests/browser/browser_focus_steal_from_chrome.js | Found a tab after previous test timed out: data:text/html,<body%20onload="setTimeout(function%20()%20{%20document.getElementById('target').select();%20},%2010);"><textarea%20id='target'>textarea</textarea></body>
TEST-UNEXPECTED-FAIL | chrome://mochitests/content/browser/toolkit/components/places/tests/browser/browser_bug399606.js | Test timed out
TEST-UNEXPECTED-FAIL | chrome://mochitests/content/browser/toolkit/mozapps/extensions/test/browser/browser_discovery.js | Test timed out
TEST-UNEXPECTED-FAIL | chrome://mochitests/content/browser/toolkit/mozapps/extensions/test/browser/browser_discovery.js | Found a tab after previous test timed out: about:addons
ryanvm%gmail.com
https://tbpl.mozilla.org/php/getParsedLog.php?id=16107416&tree=Mozilla-Aurora
Rev3 WINNT 5.1 mozilla-aurora debug test mochitest-other on 2012-10-14 16:01:06
slave: talos-r3-xp-063

TEST-UNEXPECTED-FAIL | chrome://mochitests/content/browser/browser/devtools/webconsole/test/browser_webconsole_bug_595934_message_categories.js | Timed out while waiting for: test #3 successful finish
TEST-UNEXPECTED-FAIL | chrome://mochitests/content/browser/browser/devtools/webconsole/test/browser_webconsole_bug_737873_mixedcontent.js | Timed out while waiting for: mixed content warning displayed successfully
TEST-UNEXPECTED-FAIL | chrome://mochitests/content/browser/dom/tests/browser/browser_focus_steal_from_chrome.js | Test timed out
TEST-UNEXPECTED-FAIL | chrome://mochitests/content/browser/dom/tests/browser/browser_focus_steal_from_chrome.js | Found a tab after previous test timed out: data:text/html,<body%20onload="setTimeout(function%20()%20{%20document.getElementById('target').focus();%20},%2010);"><textarea%20id='target'>textarea</textarea></body>
TEST-UNEXPECTED-FAIL | chrome://mochitests/content/browser/dom/tests/browser/browser_focus_steal_from_chrome.js | an unexpected uncaught JS exception reported through window.onerror - TypeError: tabs[i].linkedBrowser is null at chrome://mochitests/content/browser/dom/tests/browser/browser_focus_steal_from_chrome.js:111
buildbot.slave.commands.TimeoutError: command timed out: 5400 seconds elapsed, attempting to kill
edmorley
https://tbpl.mozilla.org/php/getParsedLog.php?id=16116359&tree=Mozilla-Inbound
Rev3 WINNT 5.1 mozilla-inbound opt test mochitest-other on 2012-10-15 05:19:22
slave: talos-r3-xp-088

TEST-UNEXPECTED-FAIL | chrome://mochitests/content/browser/browser/devtools/webconsole/test/browser_webconsole_bug_595934_message_categories.js | Timed out while waiting for: test #4 successful finish
TEST-UNEXPECTED-FAIL | chrome://mochitests/content/browser/browser/devtools/webconsole/test/browser_webconsole_bug_737873_mixedcontent.js | Timed out while waiting for: mixed content warning displayed successfully
TEST-UNEXPECTED-FAIL | chrome://mochitests/content/browser/dom/tests/browser/browser_focus_steal_from_chrome.js | Test timed out
TEST-UNEXPECTED-FAIL | chrome://mochitests/content/browser/dom/tests/browser/browser_focus_steal_from_chrome.js | Found a tab after previous test timed out: data:text/html,<body%20onload="setTimeout(function%20()%20{%20document.getElementById('target').focus();%20},%2010);"><textarea%20id='target'>textarea</textarea></body>
TEST-UNEXPECTED-FAIL | chrome://mochitests/content/browser/toolkit/components/places/tests/browser/browser_bug399606.js | Test timed out
TEST-UNEXPECTED-FAIL | chrome://mochitests/content/browser/toolkit/mozapps/extensions/test/browser/browser_discovery.js | Test timed out
TEST-UNEXPECTED-FAIL | chrome://mochitests/content/browser/toolkit/mozapps/extensions/test/browser/browser_discovery.js | Found a tab after previous test timed out: about:addons
edmorley
https://tbpl.mozilla.org/php/getParsedLog.php?id=16120567&tree=Mozilla-Inbound
Rev3 WINNT 5.1 mozilla-inbound opt test mochitest-other on 2012-10-15 08:06:27
slave: talos-r3-xp-084

TEST-UNEXPECTED-FAIL | chrome://mochitests/content/browser/browser/devtools/webconsole/test/browser_webconsole_bug_595934_message_categories.js | Test timed out
TEST-UNEXPECTED-FAIL | chrome://mochitests/content/browser/browser/devtools/webconsole/test/browser_webconsole_bug_597103_deactivateHUDForContext_unfocused_window.js | an unexpected uncaught JS exception reported through window.onerror - ReferenceError: ok is not defined at chrome://mochitests/content/browser/browser/devtools/webconsole/test/head.js:294
TEST-UNEXPECTED-FAIL | chrome://mochitests/content/browser/browser/devtools/webconsole/test/browser_webconsole_bug_737873_mixedcontent.js | Timed out while waiting for: mixed content warning displayed successfully
TEST-UNEXPECTED-FAIL | chrome://mochitests/content/browser/dom/tests/browser/browser_focus_steal_from_chrome.js | Test timed out
TEST-UNEXPECTED-FAIL | chrome://mochitests/content/browser/dom/tests/browser/browser_focus_steal_from_chrome.js | Found a tab after previous test timed out: data:text/html,<body%20onload="setTimeout(function%20()%20{%20document.getElementById('target').select();%20},%2010);"><textarea%20id='target'>textarea</textarea></body>
TEST-UNEXPECTED-FAIL | chrome://mochitests/content/browser/toolkit/components/places/tests/browser/browser_bug399606.js | Test timed out
TEST-UNEXPECTED-FAIL | chrome://mochitests/content/browser/toolkit/mozapps/extensions/test/browser/browser_discovery.js | Test timed out
TEST-UNEXPECTED-FAIL | chrome://mochitests/content/browser/toolkit/mozapps/extensions/test/browser/browser_discovery.js | Found a tab after previous test timed out: about:addons
:emk
https://tbpl.mozilla.org/php/getParsedLog.php?id=16132015&tree=Try
Rev3 WINNT 5.1 try opt test mochitest-other on 2012-10-15 14:15:25
slave: talos-r3-xp-092

TEST-UNEXPECTED-FAIL | chrome://mochitests/content/browser/browser/devtools/webconsole/test/browser_webconsole_bug_595934_message_categories.js | Test timed out
TEST-UNEXPECTED-FAIL | chrome://mochitests/content/browser/browser/devtools/webconsole/test/browser_webconsole_bug_597103_deactivateHUDForContext_unfocused_window.js | an unexpected uncaught JS exception reported through window.onerror - ReferenceError: ok is not defined at chrome://mochitests/content/browser/browser/devtools/webconsole/test/head.js:294
TEST-UNEXPECTED-FAIL | chrome://mochitests/content/browser/browser/devtools/webconsole/test/browser_webconsole_bug_737873_mixedcontent.js | Timed out while waiting for: mixed content warning displayed successfully
TEST-UNEXPECTED-FAIL | chrome://mochitests/content/browser/dom/tests/browser/browser_focus_steal_from_chrome.js | Test timed out
TEST-UNEXPECTED-FAIL | chrome://mochitests/content/browser/dom/tests/browser/browser_focus_steal_from_chrome.js | Found a tab after previous test timed out: data:text/html,<body%20onload="setTimeout(function%20()%20{%20document.getElementById('target').select();%20},%2010);"><textarea%20id='target'>textarea</textarea></body>
TEST-UNEXPECTED-FAIL | chrome://mochitests/content/browser/dom/tests/browser/browser_focus_steal_from_chrome.js | an unexpected uncaught JS exception reported through window.onerror - TypeError: tabs[i].linkedBrowser is null at chrome://mochitests/content/browser/dom/tests/browser/browser_focus_steal_from_chrome.js:111
TEST-UNEXPECTED-FAIL | chrome://mochitests/content/browser/toolkit/mozapps/extensions/test/browser/browser_discovery.js | Test timed out
TEST-UNEXPECTED-FAIL | chrome://mochitests/content/browser/toolkit/mozapps/extensions/test/browser/browser_discovery.js | Found a tab after previous test timed out: about:addons
ttaubert
https://tbpl.mozilla.org/php/getParsedLog.php?id=16189230&tree=Mozilla-Aurora
Rev3 WINNT 5.1 mozilla-aurora debug test mochitest-other on 2012-10-16 23:28:01
slave: talos-r3-xp-093

TEST-UNEXPECTED-FAIL | chrome://mochitests/content/browser/browser/devtools/webconsole/test/browser_webconsole_bug_595934_message_categories.js | Timed out while waiting for: test #3 successful finish
TEST-UNEXPECTED-FAIL | chrome://mochitests/content/browser/browser/devtools/webconsole/test/browser_webconsole_bug_737873_mixedcontent.js | Timed out while waiting for: mixed content warning displayed successfully
TEST-UNEXPECTED-FAIL | chrome://mochitests/content/browser/dom/tests/browser/browser_focus_steal_from_chrome.js | Test timed out
TEST-UNEXPECTED-FAIL | chrome://mochitests/content/browser/dom/tests/browser/browser_focus_steal_from_chrome.js | Found a tab after previous test timed out: data:text/html,<body%20onload="setTimeout(function%20()%20{%20document.getElementById('target').select();%20},%2010);"><textarea%20id='target'>textarea</textarea></body>
TEST-UNEXPECTED-FAIL | chrome://mochitests/content/browser/toolkit/components/places/tests/browser/browser_bug399606.js | Test timed out
TEST-UNEXPECTED-FAIL | chrome://mochitests/content/browser/toolkit/components/places/tests/browser/browser_bug399606.js | Found a tab after previous test timed out: http://example.com/tests/toolkit/components/places/tests/browser/399606-window.location.html
TEST-UNEXPECTED-FAIL | chrome://mochitests/content/browser/toolkit/components/places/tests/browser/browser_bug399606.js | an unexpected uncaught JS exception reported through window.onerror - ReferenceError: is is not defined at chrome://mochitests/content/browser/toolkit/components/places/tests/browser/browser_bug399606.js:48
TEST-UNEXPECTED-FAIL | chrome://mochitests/content/browser/toolkit/components/places/tests/browser/browser_bug646422.js | application timed out after 330 seconds with no output
PROCESS-CRASH | chrome://mochitests/content/browser/toolkit/components/places/tests/browser/browser_bug646422.js | application crashed (minidump found)
TEST-UNEXPECTED-FAIL | automationutils.processLeakLog() | missing output line for total leaks!
RyanVM
https://tbpl.mozilla.org/php/getParsedLog.php?id=16207349&tree=Mozilla-Aurora
Rev3 WINNT 5.1 mozilla-aurora debug test mochitest-other on 2012-10-17 10:43:53
slave: talos-r3-xp-086

TEST-UNEXPECTED-FAIL | chrome://mochitests/content/browser/browser/devtools/webconsole/test/browser_webconsole_bug_595934_message_categories.js | Timed out while waiting for: test #3 successful finish
TEST-UNEXPECTED-FAIL | chrome://mochitests/content/browser/browser/devtools/webconsole/test/browser_webconsole_bug_737873_mixedcontent.js | Timed out while waiting for: mixed content warning displayed successfully
TEST-UNEXPECTED-FAIL | chrome://mochitests/content/browser/dom/indexedDB/test/browser_forgetThisSite.js | Test timed out
TEST-UNEXPECTED-FAIL | chrome://mochitests/content/browser/dom/tests/browser/browser_focus_steal_from_chrome.js | Test timed out
TEST-UNEXPECTED-FAIL | chrome://mochitests/content/browser/dom/tests/browser/browser_focus_steal_from_chrome.js | Found a tab after previous test timed out: data:text/html,<body%20onload="setTimeout(function%20()%20{%20document.getElementById('target').select();%20},%2010);"><textarea%20id='target'>textarea</textarea></body>
TEST-UNEXPECTED-FAIL | chrome://mochitests/content/browser/toolkit/components/places/tests/browser/browser_bug399606.js | Test timed out
buildbot.slave.commands.TimeoutError: command timed out: 5400 seconds elapsed, attempting to kill
ryanvm%gmail.com
https://tbpl.mozilla.org/php/getParsedLog.php?id=16282224&tree=Mozilla-Inbound
Rev3 WINNT 5.1 mozilla-inbound pgo test mochitest-browser-chrome on 2012-10-19 15:07:51
slave: talos-r3-xp-082

TEST-UNEXPECTED-FAIL | chrome://mochitests/content/browser/browser/devtools/webconsole/test/browser_webconsole_bug_595934_message_categories.js | Test timed out
TEST-UNEXPECTED-FAIL | chrome://mochitests/content/browser/browser/devtools/webconsole/test/browser_webconsole_bug_597103_deactivateHUDForContext_unfocused_window.js | an unexpected uncaught JS exception reported through window.onerror - ReferenceError: ok is not defined at chrome://mochitests/content/browser/browser/devtools/webconsole/test/head.js:294
TEST-UNEXPECTED-FAIL | chrome://mochitests/content/browser/browser/devtools/webconsole/test/browser_webconsole_bug_737873_mixedcontent.js | Timed out while waiting for: mixed content warning displayed successfully
TEST-UNEXPECTED-FAIL | chrome://mochitests/content/browser/dom/tests/browser/browser_focus_steal_from_chrome.js | Test timed out
TEST-UNEXPECTED-FAIL | chrome://mochitests/content/browser/dom/tests/browser/browser_focus_steal_from_chrome.js | Found a tab after previous test timed out: data:text/html,<body%20onload="setTimeout(function%20()%20{%20document.getElementById('target').focus();%20},%2010);"><textarea%20id='target'>textarea</textarea></body>
TEST-UNEXPECTED-FAIL | chrome://mochitests/content/browser/toolkit/mozapps/extensions/test/browser/browser_discovery.js | Test timed out
TEST-UNEXPECTED-FAIL | chrome://mochitests/content/browser/toolkit/mozapps/extensions/test/browser/browser_discovery.js | Found a tab after previous test timed out: about:addons
ryanvm%gmail.com
https://tbpl.mozilla.org/php/getParsedLog.php?id=16284718&tree=Mozilla-Aurora
Rev3 WINNT 5.1 mozilla-aurora pgo test mochitest-browser-chrome on 2012-10-19 16:28:21
slave: talos-r3-xp-093

TEST-UNEXPECTED-FAIL | chrome://mochitests/content/browser/browser/devtools/webconsole/test/browser_webconsole_bug_595934_message_categories.js | Test timed out
TEST-UNEXPECTED-FAIL | chrome://mochitests/content/browser/browser/devtools/webconsole/test/browser_webconsole_bug_597103_deactivateHUDForContext_unfocused_window.js | an unexpected uncaught JS exception reported through window.onerror - ReferenceError: ok is not defined at chrome://mochitests/content/browser/browser/devtools/webconsole/test/head.js:294
TEST-UNEXPECTED-FAIL | chrome://mochitests/content/browser/browser/devtools/webconsole/test/browser_webconsole_bug_737873_mixedcontent.js | Timed out while waiting for: mixed content warning displayed successfully
TEST-UNEXPECTED-FAIL | chrome://mochitests/content/browser/dom/tests/browser/browser_focus_steal_from_chrome.js | Test timed out
TEST-UNEXPECTED-FAIL | chrome://mochitests/content/browser/dom/tests/browser/browser_focus_steal_from_chrome.js | Found a tab after previous test timed out: data:text/html,<body%20onload="setTimeout(function%20()%20{%20%20var%20element%20=%20document.getElementById('target');%20%20var%20event%20=%20document.createEvent('MouseEvent');%20%20event.initMouseEvent('mousedown',%20true,%20true,%20window,%20%20%20%200,%200,%200,%200,%200,%20false,%20false,%20false,%20false,%200,%20element);%20%20element.dispatchEvent(event);%20},%2010);"><button%20id='target'>button</button></body>
TEST-UNEXPECTED-FAIL | chrome://mochitests/content/browser/dom/tests/browser/browser_focus_steal_from_chrome.js | an unexpected uncaught JS exception reported through window.onerror - TypeError: tabs[i].linkedBrowser is null at chrome://mochitests/content/browser/dom/tests/browser/browser_focus_steal_from_chrome.js:111
msucan
https://tbpl.mozilla.org/php/getParsedLog.php?id=16293195&tree=Fx-Team
Rev3 WINNT 5.1 fx-team opt test mochitest-browser-chrome on 2012-10-19 23:14:19
slave: talos-r3-xp-092

TEST-UNEXPECTED-FAIL | chrome://mochitests/content/browser/browser/devtools/webconsole/test/browser_webconsole_bug_595934_message_categories.js | Test timed out
TEST-UNEXPECTED-FAIL | chrome://mochitests/content/browser/browser/devtools/webconsole/test/browser_webconsole_bug_597136_external_script_errors.js | an unexpected uncaught JS exception reported through window.onerror - ReferenceError: ok is not defined at chrome://mochitests/content/browser/browser/devtools/webconsole/test/head.js:294
TEST-UNEXPECTED-FAIL | chrome://mochitests/content/browser/browser/devtools/webconsole/test/browser_webconsole_bug_737873_mixedcontent.js | Timed out while waiting for: mixed content warning displayed successfully
TEST-UNEXPECTED-FAIL | chrome://mochitests/content/browser/dom/tests/browser/browser_focus_steal_from_chrome.js | Test timed out
TEST-UNEXPECTED-FAIL | chrome://mochitests/content/browser/dom/tests/browser/browser_focus_steal_from_chrome.js | Found a tab after previous test timed out: data:text/html,<body%20onload="setTimeout(function%20()%20{%20document.getElementById('target').select();%20},%2010);"><textarea%20id='target'>textarea</textarea></body>
TEST-UNEXPECTED-FAIL | chrome://mochitests/content/browser/dom/tests/browser/browser_focus_steal_from_chrome.js | an unexpected uncaught JS exception reported through window.onerror - TypeError: tabs[i].linkedBrowser is null at chrome://mochitests/content/browser/dom/tests/browser/browser_focus_steal_from_chrome.js:111
TEST-UNEXPECTED-FAIL | chrome://mochitests/content/browser/toolkit/mozapps/extensions/test/browser/browser_discovery.js | Test timed out
TEST-UNEXPECTED-FAIL | chrome://mochitests/content/browser/toolkit/mozapps/extensions/test/browser/browser_discovery.js | Found a tab after previous test timed out: about:addons
ryanvm%gmail.com
https://tbpl.mozilla.org/php/getParsedLog.php?id=16301970&tree=Mozilla-Inbound
Rev3 WINNT 5.1 mozilla-inbound opt test mochitest-browser-chrome on 2012-10-20 10:07:36
slave: talos-r3-xp-093

TEST-UNEXPECTED-FAIL | chrome://mochitests/content/browser/browser/devtools/webconsole/test/browser_webconsole_bug_595934_message_categories.js | Test timed out
TEST-UNEXPECTED-FAIL | chrome://mochitests/content/browser/browser/devtools/webconsole/test/browser_webconsole_bug_597103_deactivateHUDForContext_unfocused_window.js | an unexpected uncaught JS exception reported through window.onerror - ReferenceError: ok is not defined at chrome://mochitests/content/browser/browser/devtools/webconsole/test/head.js:294
TEST-UNEXPECTED-FAIL | chrome://mochitests/content/browser/browser/devtools/webconsole/test/browser_webconsole_bug_737873_mixedcontent.js | Timed out while waiting for: mixed content warning displayed successfully
TEST-UNEXPECTED-FAIL | chrome://mochitests/content/browser/dom/tests/browser/browser_focus_steal_from_chrome.js | Test timed out
TEST-UNEXPECTED-FAIL | chrome://mochitests/content/browser/dom/tests/browser/browser_focus_steal_from_chrome.js | Found a tab after previous test timed out: data:text/html,<body%20onload="setTimeout(function%20()%20{%20document.getElementById('target').select();%20},%2010);"><textarea%20id='target'>textarea</textarea></body>
TEST-UNEXPECTED-FAIL | chrome://mochitests/content/browser/dom/tests/browser/browser_focus_steal_from_chrome.js | an unexpected uncaught JS exception reported through window.onerror - TypeError: tabs[i].linkedBrowser is null at chrome://mochitests/content/browser/dom/tests/browser/browser_focus_steal_from_chrome.js:111
TEST-UNEXPECTED-FAIL | chrome://mochitests/content/browser/toolkit/mozapps/extensions/test/browser/browser_discovery.js | Test timed out
TEST-UNEXPECTED-FAIL | chrome://mochitests/content/browser/toolkit/mozapps/extensions/test/browser/browser_discovery.js | Found a tab after previous test timed out: about:addons
ryanvm%gmail.com
https://tbpl.mozilla.org/php/getParsedLog.php?id=16304367&tree=Mozilla-Aurora
Rev3 WINNT 5.1 mozilla-aurora debug test mochitest-browser-chrome on 2012-10-20 12:04:04
slave: talos-r3-xp-084

TEST-UNEXPECTED-FAIL | chrome://mochitests/content/browser/browser/devtools/webconsole/test/browser_webconsole_bug_595934_message_categories.js | Timed out while waiting for: test #3 successful finish
TEST-UNEXPECTED-FAIL | chrome://mochitests/content/browser/browser/devtools/webconsole/test/browser_webconsole_bug_737873_mixedcontent.js | Timed out while waiting for: mixed content warning displayed successfully
TEST-UNEXPECTED-FAIL | chrome://mochitests/content/browser/dom/tests/browser/browser_focus_steal_from_chrome.js | Test timed out
TEST-UNEXPECTED-FAIL | chrome://mochitests/content/browser/dom/tests/browser/browser_focus_steal_from_chrome.js | Found a tab after previous test timed out: data:text/html,<body%20onload="setTimeout(function%20()%20{%20document.getElementById('target').select();%20},%2010);"><textarea%20id='target'>textarea</textarea></body>
TEST-UNEXPECTED-FAIL | chrome://mochitests/content/browser/toolkit/components/places/tests/browser/browser_bug399606.js | Test timed out
buildbot.slave.commands.TimeoutError: command timed out: 5400 seconds elapsed, attempting to kill
:emk
https://tbpl.mozilla.org/php/getParsedLog.php?id=16303929&tree=Try
Rev3 WINNT 5.1 try opt test mochitest-browser-chrome on 2012-10-20 11:47:19
slave: talos-r3-xp-081

TEST-UNEXPECTED-FAIL | chrome://mochitests/content/browser/browser/devtools/webconsole/test/browser_webconsole_bug_595934_message_categories.js | Test timed out
TEST-UNEXPECTED-FAIL | chrome://mochitests/content/browser/browser/devtools/webconsole/test/browser_webconsole_bug_597103_deactivateHUDForContext_unfocused_window.js | an unexpected uncaught JS exception reported through window.onerror - ReferenceError: ok is not defined at chrome://mochitests/content/browser/browser/devtools/webconsole/test/head.js:294
TEST-UNEXPECTED-FAIL | chrome://mochitests/content/browser/browser/devtools/webconsole/test/browser_webconsole_bug_737873_mixedcontent.js | Timed out while waiting for: mixed content warning displayed successfully
TEST-UNEXPECTED-FAIL | chrome://mochitests/content/browser/dom/tests/browser/browser_focus_steal_from_chrome.js | Test timed out
TEST-UNEXPECTED-FAIL | chrome://mochitests/content/browser/dom/tests/browser/browser_focus_steal_from_chrome.js | Found a tab after previous test timed out: data:text/html,<body%20onload="setTimeout(function%20()%20{%20document.getElementById('target').focus();%20},%2010);"><textarea%20id='target'>textarea</textarea></body>
TEST-UNEXPECTED-FAIL | chrome://mochitests/content/browser/dom/tests/browser/browser_focus_steal_from_chrome.js | an unexpected uncaught JS exception reported through window.onerror - TypeError: tabs[i].linkedBrowser is null at chrome://mochitests/content/browser/dom/tests/browser/browser_focus_steal_from_chrome.js:111
TEST-UNEXPECTED-FAIL | chrome://mochitests/content/browser/toolkit/mozapps/extensions/test/browser/browser_discovery.js | Test timed out
TEST-UNEXPECTED-FAIL | chrome://mochitests/content/browser/toolkit/mozapps/extensions/test/browser/browser_discovery.js | Found a tab after previous test timed out: about:addons
TEST-UNEXPECTED-FAIL | chrome://mochitests/content/browser/toolkit/mozapps/extensions/test/browser/browser_discovery.js | an unexpected uncaught JS exception reported through window.onerror - ReferenceError: ok is not defined at chrome://mochitests/content/browser/toolkit/mozapps/extensions/test/browser/browser_discovery.js:182
Ms2ger%gmail.com
https://tbpl.mozilla.org/php/getParsedLog.php?id=16309832&tree=Mozilla-Inbound
Rev3 WINNT 5.1 mozilla-inbound pgo test mochitest-browser-chrome on 2012-10-20 23:51:08
slave: talos-r3-xp-092

TEST-UNEXPECTED-FAIL | chrome://mochitests/content/browser/browser/devtools/webconsole/test/browser_webconsole_bug_737873_mixedcontent.js | Timed out while waiting for: mixed content warning displayed successfully
TEST-UNEXPECTED-FAIL | chrome://mochitests/content/browser/dom/tests/browser/browser_focus_steal_from_chrome.js | Test timed out
TEST-UNEXPECTED-FAIL | chrome://mochitests/content/browser/dom/tests/browser/browser_focus_steal_from_chrome.js | Found a tab after previous test timed out: data:text/html,<body%20onload="setTimeout(function%20()%20{%20document.getElementById('target').select();%20},%2010);"><textarea%20id='target'>textarea</textarea></body>
TEST-UNEXPECTED-FAIL | chrome://mochitests/content/browser/dom/tests/browser/browser_focus_steal_from_chrome.js | an unexpected uncaught JS exception reported through window.onerror - TypeError: tabs[i].linkedBrowser is null at chrome://mochitests/content/browser/dom/tests/browser/browser_focus_steal_from_chrome.js:111
TEST-UNEXPECTED-FAIL | chrome://mochitests/content/browser/toolkit/components/places/tests/browser/browser_bug399606.js | Test timed out
TEST-UNEXPECTED-FAIL | chrome://mochitests/content/browser/toolkit/mozapps/extensions/test/browser/browser_discovery.js | Test timed out
TEST-UNEXPECTED-FAIL | chrome://mochitests/content/browser/toolkit/mozapps/extensions/test/browser/browser_discovery.js | Found a tab after previous test timed out: about:addons
philor
https://tbpl.mozilla.org/php/getParsedLog.php?id=16347430&tree=Mozilla-Inbound
Rev3 WINNT 5.1 mozilla-inbound opt test mochitest-browser-chrome on 2012-10-22 09:47:08
slave: talos-r3-xp-048

TEST-UNEXPECTED-FAIL | chrome://mochitests/content/browser/browser/devtools/webconsole/test/browser_webconsole_bug_737873_mixedcontent.js | Timed out while waiting for: mixed content warning displayed successfully
TEST-UNEXPECTED-FAIL | chrome://mochitests/content/browser/dom/tests/browser/browser_focus_steal_from_chrome.js | Test timed out
TEST-UNEXPECTED-FAIL | chrome://mochitests/content/browser/dom/tests/browser/browser_focus_steal_from_chrome.js | Found a tab after previous test timed out: data:text/html,<body%20onload="setTimeout(function%20()%20{%20document.getElementById('target').select();%20},%2010);"><textarea%20id='target'>textarea</textarea></body>
TEST-UNEXPECTED-FAIL | chrome://mochitests/content/browser/toolkit/mozapps/extensions/test/browser/browser_discovery.js | Test timed out
TEST-UNEXPECTED-FAIL | chrome://mochitests/content/browser/toolkit/mozapps/extensions/test/browser/browser_discovery.js | Found a tab after previous test timed out: about:addons
Created attachment 674214
proposed fix

Same story:

- starting around October the 5th several web console tests started failing often at random times.

- this test fails while waiting for a page to load and a message to show in the console output. Default timeout is 5s -which seem to not be enough.

- increased timeout to 20s.
msucan
https://tbpl.mozilla.org/php/getParsedLog.php?id=16415746&tree=Try
Rev3 WINNT 5.1 try opt test mochitest-browser-chrome on 2012-10-24 06:08:24
slave: talos-r3-xp-091

TEST-UNEXPECTED-FAIL | chrome://mochitests/content/browser/browser/devtools/webconsole/test/browser_webconsole_bug_595934_message_categories.js | Test timed out
TEST-UNEXPECTED-FAIL | chrome://mochitests/content/browser/browser/devtools/webconsole/test/browser_webconsole_bug_597103_deactivateHUDForContext_unfocused_window.js | an unexpected uncaught JS exception reported through window.onerror - ReferenceError: ok is not defined at chrome://mochitests/content/browser/browser/devtools/webconsole/test/head.js:294
TEST-UNEXPECTED-FAIL | chrome://mochitests/content/browser/browser/devtools/webconsole/test/browser_webconsole_bug_737873_mixedcontent.js | Timed out while waiting for: mixed content warning displayed successfully
TEST-UNEXPECTED-FAIL | chrome://mochitests/content/browser/dom/tests/browser/browser_focus_steal_from_chrome.js | Test timed out
TEST-UNEXPECTED-FAIL | chrome://mochitests/content/browser/dom/tests/browser/browser_focus_steal_from_chrome.js | Found a tab after previous test timed out: data:text/html,<body%20onload="setTimeout(function%20()%20{%20document.getElementById('target').focus();%20},%2010);"><textarea%20id='target'>textarea</textarea></body>
TEST-UNEXPECTED-FAIL | chrome://mochitests/content/browser/toolkit/mozapps/extensions/test/browser/browser_discovery.js | Test timed out
TEST-UNEXPECTED-FAIL | chrome://mochitests/content/browser/toolkit/mozapps/extensions/test/browser/browser_discovery.js | Found a tab after previous test timed out: about:addons
Comment on attachment 674214
proposed fix

Review of attachment 674214:
-----------------------------------------------------------------

::: browser/devtools/webconsole/test/browser_webconsole_bug_737873_mixedcontent.js
@@ +28,5 @@
>  
>    waitForSuccess(
>      {
>        name: "mixed content warning displayed successfully",
> +      timeout: 20000,

20s?
(In reply to Rob Campbell [:rc] (:robcee) from comment #35)
> Comment on attachment 674214
> proposed fix
> 
> Review of attachment 674214:
> -----------------------------------------------------------------
> 
> :::
> browser/devtools/webconsole/test/browser_webconsole_bug_737873_mixedcontent.
> js
> @@ +28,5 @@
> >  
> >    waitForSuccess(
> >      {
> >        name: "mixed content warning displayed successfully",
> > +      timeout: 20000,
> 
> 20s?

Yes. Picked arbitrarily, something below 30s...

Thanks for the r+!
Landed:
https://hg.mozilla.org/integration/fx-team/rev/8116fd47e9d8
https://hg.mozilla.org/mozilla-central/rev/8116fd47e9d8
