+++ This bug was initially created as a clone of Bug #780594 +++

We saw this on inbound a couple times yesterday.

https://tbpl.mozilla.org/php/getParsedLog.php?id=20231691&tree=Mozilla-Inbound

13:31:10     INFO -  TEST-START | chrome://mochitests/content/browser/browser/base/content/test/browser_homeDrop.js
13:31:10     INFO -  TEST-PASS | chrome://mochitests/content/browser/browser/base/content/test/browser_homeDrop.js | home button present
13:31:11     INFO -  TEST-PASS | chrome://mochitests/content/browser/browser/base/content/test/browser_homeDrop.js | domwindow.document.location.href: chrome://global/content/commonDialog.xul
13:31:11     INFO -  TEST-INFO | chrome://mochitests/content/browser/browser/base/content/test/browser_homeDrop.js | Console message: OpenGL LayerManager Initialized Succesfully.
13:31:11     INFO -  Version: 2.1 NVIDIA-1.6.36
13:31:11     INFO -  Vendor: NVIDIA Corporation
13:31:11     INFO -  Renderer: NVIDIA GeForce 320M OpenGL Engine
13:31:11     INFO -  FBO Texture Target: TEXTURE_2D
13:31:11     INFO -  TEST-PASS | chrome://mochitests/content/browser/browser/base/content/test/browser_homeDrop.js | dialog appeared in response to home button drop
13:31:11  WARNING -  TEST-UNEXPECTED-FAIL | chrome://mochitests/content/browser/browser/base/content/test/browser_homeDrop.js | uncaught exception - NS_ERROR_FAILURE: Failure at chrome://browser/content/browser.js:7183
13:31:11  WARNING -  This is a harness error.
13:31:11     INFO -  Stack trace:
13:31:11     INFO -      JS frame :: chrome://mochikit/content/tests/SimpleTest/SimpleTest.js :: simpletestOnerror :: line 1105
13:31:11     INFO -      native frame :: <unknown filename> :: <TOP_LEVEL> :: line 0
13:31:11     INFO -  TEST-INFO | chrome://mochitests/content/browser/browser/base/content/test/browser_homeDrop.js | Console message: [JavaScript Error: "NS_ERROR_FAILURE: Failure" {file: "chrome://browser/content/browser.js" line: 7183}]
13:31:11     INFO -  TEST-INFO | chrome://mochitests/content/browser/browser/base/content/test/browser_homeDrop.js | Attempting second drop, of a javascript: URI
13:31:11     INFO -  TEST-PASS | chrome://mochitests/content/browser/browser/base/content/test/browser_homeDrop.js | expected uncaught exception
13:31:11     INFO -  TEST-INFO | chrome://mochitests/content/browser/browser/base/content/test/browser_homeDrop.js | Console message: [JavaScript Error: "NS_ERROR_DOM_BAD_URI: Access to restricted URI denied" {file: "resource://gre/components/contentAreaDropListener.js" line: 91}]
13:31:11     INFO -  TEST-PASS | chrome://mochitests/content/browser/browser/base/content/test/browser_homeDrop.js | drop was blocked
13:31:11     INFO -  INFO TEST-END | chrome://mochitests/content/browser/browser/base/content/test/browser_homeDrop.js | finished in 1019ms

+++ This bug was initially created as a clone of Bug #780594 +++

We saw this on inbound a couple times yesterday.

https://tbpl.mozilla.org/php/getParsedLog.php?id=20231691&tree=Mozilla-Inbound

13:31:10     INFO -  TEST-START | chrome://mochitests/content/browser/browser/base/content/test/browser_homeDrop.js
13:31:10     INFO -  TEST-PASS | chrome://mochitests/content/browser/browser/base/content/test/browser_homeDrop.js | home button present
13:31:11     INFO -  TEST-PASS | chrome://mochitests/content/browser/browser/base/content/test/browser_homeDrop.js | domwindow.document.location.href: chrome://global/content/commonDialog.xul
13:31:11     INFO -  TEST-INFO | chrome://mochitests/content/browser/browser/base/content/test/browser_homeDrop.js | Console message: OpenGL LayerManager Initialized Succesfully.
13:31:11     INFO -  Version: 2.1 NVIDIA-1.6.36
13:31:11     INFO -  Vendor: NVIDIA Corporation
13:31:11     INFO -  Renderer: NVIDIA GeForce 320M OpenGL Engine
13:31:11     INFO -  FBO Texture Target: TEXTURE_2D
13:31:11     INFO -  TEST-PASS | chrome://mochitests/content/browser/browser/base/content/test/browser_homeDrop.js | dialog appeared in response to home button drop
13:31:11  WARNING -  TEST-UNEXPECTED-FAIL | chrome://mochitests/content/browser/browser/base/content/test/browser_homeDrop.js | uncaught exception - NS_ERROR_FAILURE: Failure at chrome://browser/content/browser.js:7183
13:31:11  WARNING -  This is a harness error.
13:31:11     INFO -  Stack trace:
13:31:11     INFO -      JS frame :: chrome://mochikit/content/tests/SimpleTest/SimpleTest.js :: simpletestOnerror :: line 1105
13:31:11     INFO -      native frame :: <unknown filename> :: <TOP_LEVEL> :: line 0
13:31:11     INFO -  TEST-INFO | chrome://mochitests/content/browser/browser/base/content/test/browser_homeDrop.js | Console message: [JavaScript Error: "NS_ERROR_FAILURE: Failure" {file: "chrome://browser/content/browser.js" line: 7183}]
13:31:11     INFO -  TEST-INFO | chrome://mochitests/content/browser/browser/base/content/test/browser_homeDrop.js | Attempting second drop, of a javascript: URI
13:31:11     INFO -  TEST-PASS | chrome://mochitests/content/browser/browser/base/content/test/browser_homeDrop.js | expected uncaught exception
13:31:11     INFO -  TEST-INFO | chrome://mochitests/content/browser/browser/base/content/test/browser_homeDrop.js | Console message: [JavaScript Error: "NS_ERROR_DOM_BAD_URI: Access to restricted URI denied" {file: "resource://gre/components/contentAreaDropListener.js" line: 91}]
13:31:11     INFO -  TEST-PASS | chrome://mochitests/content/browser/browser/base/content/test/browser_homeDrop.js | drop was blocked
13:31:11     INFO -  INFO TEST-END | chrome://mochitests/content/browser/browser/base/content/test/browser_homeDrop.js | finished in 1019ms
https://tbpl.mozilla.org/php/getParsedLog.php?id=20243354&tree=Mozilla-Inbound
RyanVM
https://tbpl.mozilla.org/php/getParsedLog.php?id=20261081&tree=Mozilla-Inbound
Rev3 Fedora 12 mozilla-inbound pgo test mochitest-browser-chrome on 2013-03-02 12:21:33
slave: talos-r3-fed-091

12:24:30  WARNING -  TEST-UNEXPECTED-FAIL | chrome://mochitests/content/browser/browser/base/content/test/browser_homeDrop.js | uncaught exception - NS_ERROR_FAILURE: Failure at chrome://browser/content/browser.js:7135
RyanVM
https://tbpl.mozilla.org/php/getParsedLog.php?id=20261453&tree=Mozilla-Inbound
Rev3 Fedora 12 mozilla-inbound opt test mochitest-browser-chrome on 2013-03-02 12:39:00
slave: talos-r3-fed-081

12:41:31  WARNING -  TEST-UNEXPECTED-FAIL | chrome://mochitests/content/browser/browser/base/content/test/browser_homeDrop.js | uncaught exception - NS_ERROR_FAILURE: Failure at chrome://browser/content/browser.js:7135
Probably a regression from bug 841350, which reverted (?) the fix for bug 780594.

I have a pile of fuzz testcases that reproduce this error reliably on my machine.  The only thing they have in common is a call to gcslice.
WG9s
https://tbpl.mozilla.org/php/getParsedLog.php?id=20274020&tree=Firefox
Rev3 Fedora 12x64 mozilla-central pgo test mochitest-browser-chrome on 2013-03-03 04:34:31
slave: talos-r3-fed64-020

04:36:49  WARNING -  TEST-UNEXPECTED-FAIL | chrome://mochitests/content/browser/browser/base/content/test/browser_homeDrop.js | uncaught exception - NS_ERROR_FAILURE: Failure at chrome://browser/content/browser.js:7135
RyanVM
https://tbpl.mozilla.org/php/getParsedLog.php?id=20273354&tree=Mozilla-Inbound
Rev3 WINNT 5.1 mozilla-inbound pgo test mochitest-browser-chrome on 2013-03-03 03:32:54
slave: talos-r3-xp-075

03:37:17  WARNING -  TEST-UNEXPECTED-FAIL | chrome://mochitests/content/browser/browser/base/content/test/browser_homeDrop.js | uncaught exception - NS_ERROR_FAILURE: Failure at chrome://browser/content/browser.js:7149
I guess it would be best to revert bug 841350 and then fix it better.
Jesse - can you post one or two of those testcases so I have something to test against to make sure this doesn't happen again?
Fixed by bug 841350 backout.
https://hg.mozilla.org/mozilla-central/rev/aceda400d212
It would take me a while to extract a small testcase, and it wouldn't be easy to translate into an automated test because it would need to call gcslice.

When this bug was present, my fuzzer hit it pretty often.  So I'll notice if it happens again.
RyanVM
https://tbpl.mozilla.org/php/getParsedLog.php?id=21125482&tree=Mozilla-Esr17
Rev4 MacOSX Snow Leopard 10.6 mozilla-esr17 debug test mochitest-browser-chrome on 2013-03-26 13:43:35
slave: talos-r4-snow-079

TEST-UNEXPECTED-FAIL | chrome://mochitests/content/browser/browser/base/content/test/browser_homeDrop.js | uncaught exception - NS_ERROR_FAILURE: Failure at chrome://browser/content/browser.js:7380
TEST-UNEXPECTED-FAIL | chrome://mochitests/content/browser/browser/components/privatebrowsing/test/browser/browser_privatebrowsing_cookieacceptdialog.js | uncaught exception - NS_ERROR_FAILURE: Failure at chrome://browser/content/browser.js:7380
RyanVM
https://tbpl.mozilla.org/php/getParsedLog.php?id=22502503&tree=Mozilla-Esr17
Rev3 Fedora 12x64 mozilla-esr17 pgo test mochitest-browser-chrome on 2013-05-02 06:25:10
slave: talos-r3-fed64-048

TEST-UNEXPECTED-FAIL | chrome://mochitests/content/browser/browser/base/content/test/browser_homeDrop.js | uncaught exception - NS_ERROR_FAILURE: Failure at chrome://browser/content/browser.js:7330
philor
https://tbpl.mozilla.org/php/getParsedLog.php?id=23933299&tree=Mozilla-Esr17
Rev3 Fedora 12x64 mozilla-esr17 debug test mochitest-browser-chrome on 2013-06-08 03:41:24
slave: talos-r3-fed64-060

TEST-UNEXPECTED-FAIL | chrome://mochitests/content/browser/browser/base/content/test/browser_homeDrop.js | uncaught exception - NS_ERROR_FAILURE: Failure at chrome://browser/content/browser.js:7330
philor
https://tbpl.mozilla.org/php/getParsedLog.php?id=24464346&tree=Mozilla-Esr17
Rev3 Fedora 12x64 mozilla-esr17 pgo test mochitest-browser-chrome on 2013-06-22 04:18:18
revision: 158960260e14
slave: talos-r3-fed64-046

TEST-UNEXPECTED-FAIL | chrome://mochitests/content/browser/browser/base/content/test/browser_homeDrop.js | uncaught exception - NS_ERROR_FAILURE: Failure at chrome://browser/content/browser.js:7330
philor
https://tbpl.mozilla.org/php/getParsedLog.php?id=24488280&tree=Mozilla-Esr17
Rev3 Fedora 12x64 mozilla-esr17 pgo test mochitest-browser-chrome on 2013-06-23 04:51:47
revision: 158960260e14
slave: talos-r3-fed64-059

TEST-UNEXPECTED-FAIL | chrome://mochitests/content/browser/browser/base/content/test/browser_homeDrop.js | uncaught exception - NS_ERROR_FAILURE: Failure at chrome://browser/content/browser.js:7330
RyanVM
https://tbpl.mozilla.org/php/getParsedLog.php?id=25485794&tree=Mozilla-Esr17
Rev4 MacOSX Snow Leopard 10.6 mozilla-esr17 opt test mochitest-browser-chrome on 2013-07-19 04:53:54
revision: e1a74c765ab3
slave: talos-r4-snow-014

TEST-UNEXPECTED-FAIL | chrome://mochitests/content/browser/browser/base/content/test/browser_homeDrop.js | uncaught exception - NS_ERROR_FAILURE: Failure at chrome://browser/content/browser.js:7380
RyanVM
https://tbpl.mozilla.org/php/getParsedLog.php?id=26117322&tree=Mozilla-Esr17
Rev4 MacOSX Lion 10.7 mozilla-esr17 opt test mochitest-browser-chrome on 2013-08-03 04:33:20
revision: cab06c406ed8
slave: talos-r4-lion-046

TEST-UNEXPECTED-FAIL | chrome://mochitests/content/browser/browser/base/content/test/browser_homeDrop.js | uncaught exception - NS_ERROR_FAILURE: Failure at chrome://browser/content/browser.js:7380
RyanVM
https://tbpl.mozilla.org/php/getParsedLog.php?id=26768928&tree=Mozilla-Esr17
Rev4 MacOSX Lion 10.7 mozilla-esr17 opt test mochitest-browser-chrome on 2013-08-20 06:51:05
revision: 59b913e20d8c
slave: talos-r4-lion-041

TEST-UNEXPECTED-FAIL | chrome://mochitests/content/browser/browser/base/content/test/browser_homeDrop.js | uncaught exception - NS_ERROR_FAILURE: Failure at chrome://browser/content/browser.js:7380
RyanVM
https://tbpl.mozilla.org/php/getParsedLog.php?id=27274879&tree=Mozilla-Esr17
Rev3 Fedora 12 mozilla-esr17 pgo test mochitest-browser-chrome on 2013-09-01 01:08:43
revision: 25ea7358869f
slave: talos-r3-fed-083

TEST-UNEXPECTED-FAIL | chrome://mochitests/content/browser/browser/base/content/test/browser_homeDrop.js | uncaught exception - NS_ERROR_FAILURE: Failure at chrome://browser/content/browser.js:7330
RyanVM
https://tbpl.mozilla.org/php/getParsedLog.php?id=27360286&tree=Mozilla-Esr17
Rev5 MacOSX Mountain Lion 10.8 mozilla-esr17 opt test mochitest-browser-chrome on 2013-09-04 01:17:29
revision: 388256444758
slave: talos-mtnlion-r5-058

TEST-UNEXPECTED-FAIL | chrome://mochitests/content/browser/browser/base/content/test/browser_homeDrop.js | uncaught exception - NS_ERROR_FAILURE: Failure at chrome://browser/content/browser.js:7380
