Created attachment 758832
osx screenshot

https://tbpl.mozilla.org/php/getParsedLog.php?id=23820165&tree=Fx-Team

Rev5 MacOSX Mountain Lion 10.8 fx-team opt test mochitest-browser-chrome on 2013-06-05 10:32:06 PDT for push 0f23a2e50620
slave: talos-mtnlion-r5-055

10:50:36     INFO -  TEST-START | chrome://mochitests/content/browser/browser/devtools/webconsole/test/browser_webconsole_bug_597103_deactivateHUDForContext_unfocused_window.js
10:50:36     INFO -  TEST-INFO | chrome://mochitests/content/browser/browser/devtools/webconsole/test/browser_webconsole_bug_597103_deactivateHUDForContext_unfocused_window.js | Console message: OpenGL LayerManager Initialized Succesfully.
10:50:36     INFO -  Version: 2.1 APPLE-8.0.51
10:50:36     INFO -  Vendor: Intel Inc.
10:50:36     INFO -  Renderer: Intel HD Graphics 3000 OpenGL Engine
10:50:36     INFO -  FBO Texture Target: TEXTURE_2D
10:50:36     INFO -  1370454636495	Sync.Status	DEBUG	Status.login: error.login.reason.no_username => error.login.reason.no_username
10:50:36     INFO -  1370454636495	Sync.Status	DEBUG	Status.service: service.client_not_configured => service.client_not_configured
10:50:38     INFO -  TEST-PASS | chrome://mochitests/content/browser/browser/devtools/webconsole/test/browser_webconsole_bug_597103_deactivateHUDForContext_unfocused_window.js | there were no errors
10:50:38  WARNING -  TEST-UNEXPECTED-FAIL | chrome://mochitests/content/browser/browser/devtools/webconsole/test/browser_webconsole_bug_597103_deactivateHUDForContext_unfocused_window.js | uncaught exception - NS_ERROR_FAILURE: Component returned failure code: 0x80004005 (NS_ERROR_FAILURE) [nsIWebProgress.removeProgressListener] at chrome://browser/content/tabbrowser.xml:1715
10:50:38     INFO -  Stack trace:
10:50:38     INFO -      JS frame :: chrome://mochikit/content/tests/SimpleTest/SimpleTest.js :: simpletestOnerror :: line 1136
10:50:38     INFO -      native frame :: <unknown filename> :: <TOP_LEVEL> :: line 0
10:50:38     INFO -  TEST-INFO | chrome://mochitests/content/browser/browser/devtools/webconsole/test/browser_webconsole_bug_597103_deactivateHUDForContext_unfocused_window.js | Console message: [JavaScript Error: "NS_ERROR_FAILURE: Component returned failure code: 0x80004005 (NS_ERROR_FAILURE) [nsIWebProgress.removeProgressListener]" {file: "chrome://browser/content/tabbrowser.xml" line: 1715}]
10:51:06  WARNING -  TEST-UNEXPECTED-FAIL | chrome://mochitests/content/browser/browser/devtools/webconsole/test/browser_webconsole_bug_597103_deactivateHUDForContext_unfocused_window.js | Test timed out
10:51:06     INFO -  args: ['/usr/sbin/screencapture', '-C', '-x', '-t', 'png', '/var/folders/zp/62c7k2vn5x79yp_l57twm0mh00000w/T/mozilla-test-fail_6ES0uP']
10:51:06     INFO -  libpng warning: zero length keyword
10:51:06     INFO -  libpng warning: Empty language field in iTXt chunk
10:51:08     INFO -  SCREENSHOT: <see attached>
10:51:08     INFO -  INFO TEST-END | chrome://mochitests/content/browser/browser/devtools/webconsole/test/browser_webconsole_bug_597103_deactivateHUDForContext_unfocused_window.js | finished in 30033ms
10:51:08     INFO -  TEST-INFO | checking window state
10:51:08  WARNING -  TEST-UNEXPECTED-FAIL | chrome://mochitests/content/browser/browser/devtools/webconsole/test/browser_webconsole_bug_597103_deactivateHUDForContext_unfocused_window.js | Found a browser window after previous test timed out

Created attachment 758832
osx screenshot

https://tbpl.mozilla.org/php/getParsedLog.php?id=23820165&tree=Fx-Team

Rev5 MacOSX Mountain Lion 10.8 fx-team opt test mochitest-browser-chrome on 2013-06-05 10:32:06 PDT for push 0f23a2e50620
slave: talos-mtnlion-r5-055

10:50:36     INFO -  TEST-START | chrome://mochitests/content/browser/browser/devtools/webconsole/test/browser_webconsole_bug_597103_deactivateHUDForContext_unfocused_window.js
10:50:36     INFO -  TEST-INFO | chrome://mochitests/content/browser/browser/devtools/webconsole/test/browser_webconsole_bug_597103_deactivateHUDForContext_unfocused_window.js | Console message: OpenGL LayerManager Initialized Succesfully.
10:50:36     INFO -  Version: 2.1 APPLE-8.0.51
10:50:36     INFO -  Vendor: Intel Inc.
10:50:36     INFO -  Renderer: Intel HD Graphics 3000 OpenGL Engine
10:50:36     INFO -  FBO Texture Target: TEXTURE_2D
10:50:36     INFO -  1370454636495	Sync.Status	DEBUG	Status.login: error.login.reason.no_username => error.login.reason.no_username
10:50:36     INFO -  1370454636495	Sync.Status	DEBUG	Status.service: service.client_not_configured => service.client_not_configured
10:50:38     INFO -  TEST-PASS | chrome://mochitests/content/browser/browser/devtools/webconsole/test/browser_webconsole_bug_597103_deactivateHUDForContext_unfocused_window.js | there were no errors
10:50:38  WARNING -  TEST-UNEXPECTED-FAIL | chrome://mochitests/content/browser/browser/devtools/webconsole/test/browser_webconsole_bug_597103_deactivateHUDForContext_unfocused_window.js | uncaught exception - NS_ERROR_FAILURE: Component returned failure code: 0x80004005 (NS_ERROR_FAILURE) [nsIWebProgress.removeProgressListener] at chrome://browser/content/tabbrowser.xml:1715
10:50:38     INFO -  Stack trace:
10:50:38     INFO -      JS frame :: chrome://mochikit/content/tests/SimpleTest/SimpleTest.js :: simpletestOnerror :: line 1136
10:50:38     INFO -      native frame :: <unknown filename> :: <TOP_LEVEL> :: line 0
10:50:38     INFO -  TEST-INFO | chrome://mochitests/content/browser/browser/devtools/webconsole/test/browser_webconsole_bug_597103_deactivateHUDForContext_unfocused_window.js | Console message: [JavaScript Error: "NS_ERROR_FAILURE: Component returned failure code: 0x80004005 (NS_ERROR_FAILURE) [nsIWebProgress.removeProgressListener]" {file: "chrome://browser/content/tabbrowser.xml" line: 1715}]
10:51:06  WARNING -  TEST-UNEXPECTED-FAIL | chrome://mochitests/content/browser/browser/devtools/webconsole/test/browser_webconsole_bug_597103_deactivateHUDForContext_unfocused_window.js | Test timed out
10:51:06     INFO -  args: ['/usr/sbin/screencapture', '-C', '-x', '-t', 'png', '/var/folders/zp/62c7k2vn5x79yp_l57twm0mh00000w/T/mozilla-test-fail_6ES0uP']
10:51:06     INFO -  libpng warning: zero length keyword
10:51:06     INFO -  libpng warning: Empty language field in iTXt chunk
10:51:08     INFO -  SCREENSHOT: <see attached>
10:51:08     INFO -  INFO TEST-END | chrome://mochitests/content/browser/browser/devtools/webconsole/test/browser_webconsole_bug_597103_deactivateHUDForContext_unfocused_window.js | finished in 30033ms
10:51:08     INFO -  TEST-INFO | checking window state
10:51:08  WARNING -  TEST-UNEXPECTED-FAIL | chrome://mochitests/content/browser/browser/devtools/webconsole/test/browser_webconsole_bug_597103_deactivateHUDForContext_unfocused_window.js | Found a browser window after previous test timed out
https://tbpl.mozilla.org/php/getParsedLog.php?id=23828148&tree=Mozilla-Central
https://tbpl.mozilla.org/php/getParsedLog.php?id=23818597&tree=Mozilla-Inbound
https://tbpl.mozilla.org/php/getParsedLog.php?id=23824333&tree=Mozilla-Inbound
https://tbpl.mozilla.org/php/getParsedLog.php?id=23827444&tree=Mozilla-Inbound


Looks like Windows tacks on another failure for good measure.
10:07:42 WARNING - TEST-UNEXPECTED-FAIL | chrome://mochitests/content/browser/browser/modules/test/browser_taskbar_preview.js | Got the expected number of windows - Got 1, expected 2
philor
https://tbpl.mozilla.org/php/getParsedLog.php?id=23832229&tree=Mozilla-Inbound
Windows 7 32-bit mozilla-inbound opt test mochitest-browser-chrome on 2013-06-05 15:30:01
slave: t-w732-ix-093

15:50:03  WARNING -  TEST-UNEXPECTED-FAIL | chrome://mochitests/content/browser/browser/devtools/webconsole/test/browser_webconsole_bug_597103_deactivateHUDForContext_unfocused_window.js | uncaught exception - NS_ERROR_FAILURE: Component returned failure code: 0x80004005 (NS_ERROR_FAILURE) [nsIWebProgress.removeProgressListener] at chrome://browser/content/tabbrowser.xml:1715
15:50:31  WARNING -  TEST-UNEXPECTED-FAIL | chrome://mochitests/content/browser/browser/devtools/webconsole/test/browser_webconsole_bug_597103_deactivateHUDForContext_unfocused_window.js | Test timed out
15:50:31  WARNING -  TEST-UNEXPECTED-FAIL | chrome://mochitests/content/browser/browser/devtools/webconsole/test/browser_webconsole_bug_597103_deactivateHUDForContext_unfocused_window.js | Found a browser window after previous test timed out
15:52:07  WARNING -  TEST-UNEXPECTED-FAIL | chrome://mochitests/content/browser/browser/modules/test/browser_taskbar_preview.js | Got the expected number of windows - Got 1, expected 2
philor
https://tbpl.mozilla.org/php/getParsedLog.php?id=23841310&tree=Mozilla-Inbound
WINNT 6.2 mozilla-inbound opt test mochitest-browser-chrome on 2013-06-05 19:11:13
slave: t-w864-ix-103

19:33:12  WARNING -  TEST-UNEXPECTED-FAIL | chrome://mochitests/content/browser/browser/devtools/webconsole/test/browser_webconsole_bug_597103_deactivateHUDForContext_unfocused_window.js | uncaught exception - NS_ERROR_FAILURE: Component returned failure code: 0x80004005 (NS_ERROR_FAILURE) [nsIWebProgress.removeProgressListener] at chrome://browser/content/tabbrowser.xml:1715
19:33:40  WARNING -  TEST-UNEXPECTED-FAIL | chrome://mochitests/content/browser/browser/devtools/webconsole/test/browser_webconsole_bug_597103_deactivateHUDForContext_unfocused_window.js | Test timed out
19:33:40  WARNING -  TEST-UNEXPECTED-FAIL | chrome://mochitests/content/browser/browser/devtools/webconsole/test/browser_webconsole_bug_597103_deactivateHUDForContext_unfocused_window.js | Found a browser window after previous test timed out
19:35:25  WARNING -  TEST-UNEXPECTED-FAIL | chrome://mochitests/content/browser/browser/modules/test/browser_taskbar_preview.js | Got the expected number of windows - Got 1, expected 2
edmorley
https://tbpl.mozilla.org/php/getParsedLog.php?id=23847183&tree=Mozilla-Inbound
Rev5 MacOSX Mountain Lion 10.8 mozilla-inbound opt test mochitest-browser-chrome on 2013-06-05 23:47:07
slave: talos-mtnlion-r5-080

00:05:11  WARNING -  TEST-UNEXPECTED-FAIL | chrome://mochitests/content/browser/browser/devtools/webconsole/test/browser_webconsole_bug_597103_deactivateHUDForContext_unfocused_window.js | uncaught exception - NS_ERROR_FAILURE: Component returned failure code: 0x80004005 (NS_ERROR_FAILURE) [nsIWebProgress.removeProgressListener] at chrome://browser/content/tabbrowser.xml:1715
00:05:38  WARNING -  TEST-UNEXPECTED-FAIL | chrome://mochitests/content/browser/browser/devtools/webconsole/test/browser_webconsole_bug_597103_deactivateHUDForContext_unfocused_window.js | Test timed out
00:05:41  WARNING -  TEST-UNEXPECTED-FAIL | chrome://mochitests/content/browser/browser/devtools/webconsole/test/browser_webconsole_bug_597103_deactivateHUDForContext_unfocused_window.js | Found a browser window after previous test timed out
edmorley
https://tbpl.mozilla.org/php/getParsedLog.php?id=23848233&tree=Mozilla-Inbound
WINNT 6.2 mozilla-inbound opt test mochitest-browser-chrome on 2013-06-06 00:32:59
slave: t-w864-ix-072

00:55:32  WARNING -  TEST-UNEXPECTED-FAIL | chrome://mochitests/content/browser/browser/devtools/webconsole/test/browser_webconsole_bug_597103_deactivateHUDForContext_unfocused_window.js | uncaught exception - NS_ERROR_FAILURE: Component returned failure code: 0x80004005 (NS_ERROR_FAILURE) [nsIWebProgress.removeProgressListener] at chrome://browser/content/tabbrowser.xml:1715
00:56:00  WARNING -  TEST-UNEXPECTED-FAIL | chrome://mochitests/content/browser/browser/devtools/webconsole/test/browser_webconsole_bug_597103_deactivateHUDForContext_unfocused_window.js | Test timed out
00:56:00  WARNING -  TEST-UNEXPECTED-FAIL | chrome://mochitests/content/browser/browser/devtools/webconsole/test/browser_webconsole_bug_597103_deactivateHUDForContext_unfocused_window.js | Found a browser window after previous test timed out
00:57:45  WARNING -  TEST-UNEXPECTED-FAIL | chrome://mochitests/content/browser/browser/modules/test/browser_taskbar_preview.js | Got the expected number of windows - Got 1, expected 2
vporof
https://tbpl.mozilla.org/php/getParsedLog.php?id=23848348&tree=Fx-Team
Rev5 MacOSX Mountain Lion 10.8 fx-team opt test mochitest-browser-chrome on 2013-06-06 00:46:00
slave: talos-mtnlion-r5-089

01:04:21  WARNING -  TEST-UNEXPECTED-FAIL | chrome://mochitests/content/browser/browser/devtools/webconsole/test/browser_webconsole_bug_597103_deactivateHUDForContext_unfocused_window.js | uncaught exception - NS_ERROR_FAILURE: Component returned failure code: 0x80004005 (NS_ERROR_FAILURE) [nsIWebProgress.removeProgressListener] at chrome://browser/content/tabbrowser.xml:1715
01:04:49  WARNING -  TEST-UNEXPECTED-FAIL | chrome://mochitests/content/browser/browser/devtools/webconsole/test/browser_webconsole_bug_597103_deactivateHUDForContext_unfocused_window.js | Test timed out
01:04:52  WARNING -  TEST-UNEXPECTED-FAIL | chrome://mochitests/content/browser/browser/devtools/webconsole/test/browser_webconsole_bug_597103_deactivateHUDForContext_unfocused_window.js | Found a browser window after previous test timed out
edmorley
https://tbpl.mozilla.org/php/getParsedLog.php?id=23849963&tree=Mozilla-Inbound
Rev5 MacOSX Mountain Lion 10.8 mozilla-inbound opt test mochitest-browser-chrome on 2013-06-06 02:01:10
slave: talos-mtnlion-r5-024

02:19:25  WARNING -  TEST-UNEXPECTED-FAIL | chrome://mochitests/content/browser/browser/devtools/webconsole/test/browser_webconsole_bug_597103_deactivateHUDForContext_unfocused_window.js | uncaught exception - NS_ERROR_FAILURE: Component returned failure code: 0x80004005 (NS_ERROR_FAILURE) [nsIWebProgress.removeProgressListener] at chrome://browser/content/tabbrowser.xml:1715
02:19:53  WARNING -  TEST-UNEXPECTED-FAIL | chrome://mochitests/content/browser/browser/devtools/webconsole/test/browser_webconsole_bug_597103_deactivateHUDForContext_unfocused_window.js | Test timed out
02:19:56  WARNING -  TEST-UNEXPECTED-FAIL | chrome://mochitests/content/browser/browser/devtools/webconsole/test/browser_webconsole_bug_597103_deactivateHUDForContext_unfocused_window.js | Found a browser window after previous test timed out
ttaubert
https://tbpl.mozilla.org/php/getParsedLog.php?id=23852045&tree=Try
WINNT 6.2 try opt test mochitest-browser-chrome on 2013-06-06 03:15:48
slave: t-w864-ix-072

03:38:41  WARNING -  TEST-UNEXPECTED-FAIL | chrome://mochitests/content/browser/browser/devtools/webconsole/test/browser_webconsole_bug_597103_deactivateHUDForContext_unfocused_window.js | uncaught exception - NS_ERROR_FAILURE: Component returned failure code: 0x80004005 (NS_ERROR_FAILURE) [nsIWebProgress.removeProgressListener] at chrome://browser/content/tabbrowser.xml:1714
03:39:09  WARNING -  TEST-UNEXPECTED-FAIL | chrome://mochitests/content/browser/browser/devtools/webconsole/test/browser_webconsole_bug_597103_deactivateHUDForContext_unfocused_window.js | Test timed out
03:39:09  WARNING -  TEST-UNEXPECTED-FAIL | chrome://mochitests/content/browser/browser/devtools/webconsole/test/browser_webconsole_bug_597103_deactivateHUDForContext_unfocused_window.js | Found a browser window after previous test timed out
03:40:54  WARNING -  TEST-UNEXPECTED-FAIL | chrome://mochitests/content/browser/browser/modules/test/browser_taskbar_preview.js | Got the expected number of windows - Got 1, expected 2
RyanVM
https://tbpl.mozilla.org/php/getParsedLog.php?id=23866630&tree=Mozilla-Inbound
WINNT 6.2 mozilla-inbound opt test mochitest-browser-chrome on 2013-06-06 10:50:51
slave: t-w864-ix-034

11:13:23  WARNING -  TEST-UNEXPECTED-FAIL | chrome://mochitests/content/browser/browser/devtools/webconsole/test/browser_webconsole_bug_597103_deactivateHUDForContext_unfocused_window.js | uncaught exception - NS_ERROR_FAILURE: Component returned failure code: 0x80004005 (NS_ERROR_FAILURE) [nsIWebProgress.removeProgressListener] at chrome://browser/content/tabbrowser.xml:1715
11:13:50  WARNING -  TEST-UNEXPECTED-FAIL | chrome://mochitests/content/browser/browser/devtools/webconsole/test/browser_webconsole_bug_597103_deactivateHUDForContext_unfocused_window.js | Test timed out
11:13:51  WARNING -  TEST-UNEXPECTED-FAIL | chrome://mochitests/content/browser/browser/devtools/webconsole/test/browser_webconsole_bug_597103_deactivateHUDForContext_unfocused_window.js | Found a browser window after previous test timed out
11:15:35  WARNING -  TEST-UNEXPECTED-FAIL | chrome://mochitests/content/browser/browser/modules/test/browser_taskbar_preview.js | Got the expected number of windows - Got 1, expected 2
philor
https://tbpl.mozilla.org/php/getParsedLog.php?id=23869889&tree=Mozilla-Inbound
WINNT 6.2 mozilla-inbound pgo test mochitest-browser-chrome on 2013-06-06 12:30:56
slave: t-w864-ix-093

12:52:35  WARNING -  TEST-UNEXPECTED-FAIL | chrome://mochitests/content/browser/browser/devtools/webconsole/test/browser_webconsole_bug_597103_deactivateHUDForContext_unfocused_window.js | uncaught exception - NS_ERROR_FAILURE: Component returned failure code: 0x80004005 (NS_ERROR_FAILURE) [nsIWebProgress.removeProgressListener] at chrome://browser/content/tabbrowser.xml:1715
12:53:03  WARNING -  TEST-UNEXPECTED-FAIL | chrome://mochitests/content/browser/browser/devtools/webconsole/test/browser_webconsole_bug_597103_deactivateHUDForContext_unfocused_window.js | Test timed out
12:53:04  WARNING -  TEST-UNEXPECTED-FAIL | chrome://mochitests/content/browser/browser/devtools/webconsole/test/browser_webconsole_bug_597103_deactivateHUDForContext_unfocused_window.js | Found a browser window after previous test timed out
12:54:42  WARNING -  TEST-UNEXPECTED-FAIL | chrome://mochitests/content/browser/browser/modules/test/browser_taskbar_preview.js | Got the expected number of windows - Got 1, expected 2
Gijs
https://tbpl.mozilla.org/php/getParsedLog.php?id=23871899&tree=UX
WINNT 6.2 ux opt test mochitest-browser-chrome on 2013-06-06 13:27:19
slave: t-w864-ix-082

13:50:03  WARNING -  TEST-UNEXPECTED-FAIL | chrome://mochitests/content/browser/browser/devtools/webconsole/test/browser_webconsole_bug_597103_deactivateHUDForContext_unfocused_window.js | uncaught exception - NS_ERROR_FAILURE: Component returned failure code: 0x80004005 (NS_ERROR_FAILURE) [nsIWebProgress.removeProgressListener] at chrome://browser/content/tabbrowser.xml:1715
13:50:32  WARNING -  TEST-UNEXPECTED-FAIL | chrome://mochitests/content/browser/browser/devtools/webconsole/test/browser_webconsole_bug_597103_deactivateHUDForContext_unfocused_window.js | Test timed out
13:50:32  WARNING -  TEST-UNEXPECTED-FAIL | chrome://mochitests/content/browser/browser/devtools/webconsole/test/browser_webconsole_bug_597103_deactivateHUDForContext_unfocused_window.js | Found a browser window after previous test timed out
13:52:16  WARNING -  TEST-UNEXPECTED-FAIL | chrome://mochitests/content/browser/browser/modules/test/browser_taskbar_preview.js | Got the expected number of windows - Got 1, expected 2
philor
https://tbpl.mozilla.org/php/getParsedLog.php?id=23882884&tree=Birch
WINNT 6.2 birch opt test mochitest-browser-chrome on 2013-06-06 17:30:51
slave: t-w864-ix-113

17:53:18  WARNING -  TEST-UNEXPECTED-FAIL | chrome://mochitests/content/browser/browser/devtools/webconsole/test/browser_webconsole_bug_597103_deactivateHUDForContext_unfocused_window.js | uncaught exception - NS_ERROR_FAILURE: Component returned failure code: 0x80004005 (NS_ERROR_FAILURE) [nsIWebProgress.removeProgressListener] at chrome://browser/content/tabbrowser.xml:1715
17:53:46  WARNING -  TEST-UNEXPECTED-FAIL | chrome://mochitests/content/browser/browser/devtools/webconsole/test/browser_webconsole_bug_597103_deactivateHUDForContext_unfocused_window.js | Test timed out
17:53:47  WARNING -  TEST-UNEXPECTED-FAIL | chrome://mochitests/content/browser/browser/devtools/webconsole/test/browser_webconsole_bug_597103_deactivateHUDForContext_unfocused_window.js | Found a browser window after previous test timed out
17:55:33  WARNING -  TEST-UNEXPECTED-FAIL | chrome://mochitests/content/browser/browser/modules/test/browser_taskbar_preview.js | Got the expected number of windows - Got 1, expected 2
philor
https://tbpl.mozilla.org/php/getParsedLog.php?id=23886581&tree=Fx-Team
WINNT 6.2 fx-team pgo test mochitest-browser-chrome on 2013-06-06 21:06:12
slave: t-w864-ix-126

21:25:47  WARNING -  TEST-UNEXPECTED-FAIL | chrome://mochitests/content/browser/browser/devtools/webconsole/test/browser_webconsole_bug_597103_deactivateHUDForContext_unfocused_window.js | uncaught exception - NS_ERROR_FAILURE: Component returned failure code: 0x80004005 (NS_ERROR_FAILURE) [nsIWebProgress.removeProgressListener] at chrome://browser/content/tabbrowser.xml:1714
21:26:15  WARNING -  TEST-UNEXPECTED-FAIL | chrome://mochitests/content/browser/browser/devtools/webconsole/test/browser_webconsole_bug_597103_deactivateHUDForContext_unfocused_window.js | Test timed out
21:26:15  WARNING -  TEST-UNEXPECTED-FAIL | chrome://mochitests/content/browser/browser/devtools/webconsole/test/browser_webconsole_bug_597103_deactivateHUDForContext_unfocused_window.js | Found a browser window after previous test timed out
21:27:50  WARNING -  TEST-UNEXPECTED-FAIL | chrome://mochitests/content/browser/browser/modules/test/browser_taskbar_preview.js | Got the expected number of windows - Got 1, expected 2
Any idea what has suddenly caused this test to misbehave? :-)
Maybe Mihai can think of something.
This is a variation of bug 874635. The fix I did there seems to be insufficient. There's some other kind of breakage in the windows tab previews code and I do not have sufficient experience with it.

Rob, can you please look into this bug and bug 874635? Thank you!
RyanVM
https://tbpl.mozilla.org/php/getParsedLog.php?id=23899661&tree=Mozilla-Central
Rev5 MacOSX Mountain Lion 10.8 mozilla-central opt test mochitest-browser-chrome on 2013-06-07 06:15:44
slave: talos-mtnlion-r5-027

06:34:23  WARNING -  TEST-UNEXPECTED-FAIL | chrome://mochitests/content/browser/browser/devtools/webconsole/test/browser_webconsole_bug_597103_deactivateHUDForContext_unfocused_window.js | uncaught exception - NS_ERROR_FAILURE: Component returned failure code: 0x80004005 (NS_ERROR_FAILURE) [nsIWebProgress.removeProgressListener] at chrome://browser/content/tabbrowser.xml:1715
06:34:50  WARNING -  TEST-UNEXPECTED-FAIL | chrome://mochitests/content/browser/browser/devtools/webconsole/test/browser_webconsole_bug_597103_deactivateHUDForContext_unfocused_window.js | Test timed out
06:34:53  WARNING -  TEST-UNEXPECTED-FAIL | chrome://mochitests/content/browser/browser/devtools/webconsole/test/browser_webconsole_bug_597103_deactivateHUDForContext_unfocused_window.js | Found a browser window after previous test timed out
philor
https://tbpl.mozilla.org/php/getParsedLog.php?id=23889618&tree=Profiling
Windows 7 32-bit profiling opt test mochitest-browser-chrome on 2013-06-06 23:16:50
slave: t-w732-ix-096

23:36:36  WARNING -  TEST-UNEXPECTED-FAIL | chrome://mochitests/content/browser/browser/devtools/webconsole/test/browser_webconsole_bug_597103_deactivateHUDForContext_unfocused_window.js | uncaught exception - NS_ERROR_FAILURE: Component returned failure code: 0x80004005 (NS_ERROR_FAILURE) [nsIWebProgress.removeProgressListener] at chrome://browser/content/tabbrowser.xml:1715
23:37:04  WARNING -  TEST-UNEXPECTED-FAIL | chrome://mochitests/content/browser/browser/devtools/webconsole/test/browser_webconsole_bug_597103_deactivateHUDForContext_unfocused_window.js | Test timed out
23:37:04  WARNING -  TEST-UNEXPECTED-FAIL | chrome://mochitests/content/browser/browser/devtools/webconsole/test/browser_webconsole_bug_597103_deactivateHUDForContext_unfocused_window.js | Found a browser window after previous test timed out
23:38:39  WARNING -  TEST-UNEXPECTED-FAIL | chrome://mochitests/content/browser/browser/modules/test/browser_taskbar_preview.js | Got the expected number of windows - Got 1, expected 2
I didn't even think that these ran on OSX seeing as they're Windows-specific tests! I was pretty sure that I wrote code to self-disable the test on anything but Windows 7 but it's been years. Either way, I'm not involved enough with the project to have time to look into this anytime soon. Cowardly punting to Jim.
rnewman
https://tbpl.mozilla.org/php/getParsedLog.php?id=23912168&tree=Services-Central
WINNT 6.2 services-central opt test mochitest-browser-chrome on 2013-06-07 11:46:00
slave: t-w864-ix-022

12:09:01  WARNING -  TEST-UNEXPECTED-FAIL | chrome://mochitests/content/browser/browser/devtools/webconsole/test/browser_webconsole_bug_597103_deactivateHUDForContext_unfocused_window.js | uncaught exception - NS_ERROR_FAILURE: Component returned failure code: 0x80004005 (NS_ERROR_FAILURE) [nsIWebProgress.removeProgressListener] at chrome://browser/content/tabbrowser.xml:1715
12:09:29  WARNING -  TEST-UNEXPECTED-FAIL | chrome://mochitests/content/browser/browser/devtools/webconsole/test/browser_webconsole_bug_597103_deactivateHUDForContext_unfocused_window.js | Test timed out
12:09:30  WARNING -  TEST-UNEXPECTED-FAIL | chrome://mochitests/content/browser/browser/devtools/webconsole/test/browser_webconsole_bug_597103_deactivateHUDForContext_unfocused_window.js | Found a browser window after previous test timed out
12:11:16  WARNING -  TEST-UNEXPECTED-FAIL | chrome://mochitests/content/browser/browser/modules/test/browser_taskbar_preview.js | Got the expected number of windows - Got 1, expected 2
philor
https://tbpl.mozilla.org/php/getParsedLog.php?id=23922760&tree=Mozilla-Central
WINNT 6.2 mozilla-central pgo test mochitest-browser-chrome on 2013-06-07 15:35:25
slave: t-w864-ix-117

15:55:20  WARNING -  TEST-UNEXPECTED-FAIL | chrome://mochitests/content/browser/browser/devtools/webconsole/test/browser_webconsole_bug_597103_deactivateHUDForContext_unfocused_window.js | uncaught exception - NS_ERROR_FAILURE: Component returned failure code: 0x80004005 (NS_ERROR_FAILURE) [nsIWebProgress.removeProgressListener] at chrome://browser/content/tabbrowser.xml:1714
15:55:48  WARNING -  TEST-UNEXPECTED-FAIL | chrome://mochitests/content/browser/browser/devtools/webconsole/test/browser_webconsole_bug_597103_deactivateHUDForContext_unfocused_window.js | Test timed out
15:55:49  WARNING -  TEST-UNEXPECTED-FAIL | chrome://mochitests/content/browser/browser/devtools/webconsole/test/browser_webconsole_bug_597103_deactivateHUDForContext_unfocused_window.js | Found a browser window after previous test timed out
15:57:17  WARNING -  TEST-UNEXPECTED-FAIL | chrome://mochitests/content/browser/browser/modules/test/browser_taskbar_preview.js | Got the expected number of windows - Got 1, expected 2
Ms2ger%gmail.com
https://tbpl.mozilla.org/php/getParsedLog.php?id=23915785&tree=Try
WINNT 6.2 try opt test mochitest-browser-chrome on 2013-06-07 13:22:35
slave: t-w864-ix-054

13:45:03  WARNING -  TEST-UNEXPECTED-FAIL | chrome://mochitests/content/browser/browser/devtools/webconsole/test/browser_webconsole_bug_597103_deactivateHUDForContext_unfocused_window.js | uncaught exception - NS_ERROR_FAILURE: Component returned failure code: 0x80004005 (NS_ERROR_FAILURE) [nsIWebProgress.removeProgressListener] at chrome://browser/content/tabbrowser.xml:1714
13:45:31  WARNING -  TEST-UNEXPECTED-FAIL | chrome://mochitests/content/browser/browser/devtools/webconsole/test/browser_webconsole_bug_597103_deactivateHUDForContext_unfocused_window.js | Test timed out
13:45:31  WARNING -  TEST-UNEXPECTED-FAIL | chrome://mochitests/content/browser/browser/devtools/webconsole/test/browser_webconsole_bug_597103_deactivateHUDForContext_unfocused_window.js | Found a browser window after previous test timed out
13:47:07  WARNING -  TEST-UNEXPECTED-FAIL | chrome://mochitests/content/browser/browser/modules/test/browser_taskbar_preview.js | Got the expected number of windows - Got 1, expected 2
philor
https://tbpl.mozilla.org/php/getParsedLog.php?id=23926007&tree=Mozilla-Inbound
WINNT 6.2 mozilla-inbound pgo test mochitest-browser-chrome on 2013-06-07 17:20:01
slave: t-w864-ix-071

17:41:08  WARNING -  TEST-UNEXPECTED-FAIL | chrome://mochitests/content/browser/browser/devtools/webconsole/test/browser_webconsole_bug_597103_deactivateHUDForContext_unfocused_window.js | uncaught exception - NS_ERROR_FAILURE: Component returned failure code: 0x80004005 (NS_ERROR_FAILURE) [nsIWebProgress.removeProgressListener] at chrome://browser/content/tabbrowser.xml:1714
17:41:37  WARNING -  TEST-UNEXPECTED-FAIL | chrome://mochitests/content/browser/browser/devtools/webconsole/test/browser_webconsole_bug_597103_deactivateHUDForContext_unfocused_window.js | Test timed out
17:41:37  WARNING -  TEST-UNEXPECTED-FAIL | chrome://mochitests/content/browser/browser/devtools/webconsole/test/browser_webconsole_bug_597103_deactivateHUDForContext_unfocused_window.js | Found a browser window after previous test timed out
17:43:10  WARNING -  TEST-UNEXPECTED-FAIL | chrome://mochitests/content/browser/browser/modules/test/browser_taskbar_preview.js | Got the expected number of windows - Got 1, expected 2
wg9s:
https://tbpl.mozilla.org/php/getParsedLog.php?id=23934538&tree=Mozilla-Central
Windows XP 32-bit mozilla-central opt test mochitest-browser-chrome on 2013-06-08 04:41:03
slave: t-xp32-ix-028

04:58:01  WARNING -  TEST-UNEXPECTED-FAIL | chrome://mochitests/content/browser/browser/devtools/webconsole/test/browser_webconsole_bug_597103_deactivateHUDForContext_unfocused_window.js | uncaught exception - NS_ERROR_FAILURE: Component returned failure code: 0x80004005 (NS_ERROR_FAILURE) [nsIWebProgress.removeProgressListener] at chrome://browser/content/tabbrowser.xml:1714
04:58:29  WARNING -  TEST-UNEXPECTED-FAIL | chrome://mochitests/content/browser/browser/devtools/webconsole/test/browser_webconsole_bug_597103_deactivateHUDForContext_unfocused_window.js | Test timed out
04:58:30  WARNING -  TEST-UNEXPECTED-FAIL | chrome://mochitests/content/browser/browser/devtools/webconsole/test/browser_webconsole_bug_597103_deactivateHUDForContext_unfocused_window.js | Found a browser window after previous test timed out
edmorley
https://tbpl.mozilla.org/php/getParsedLog.php?id=23939367&tree=Birch
WINNT 6.2 birch opt test mochitest-browser-chrome on 2013-06-08 09:36:56
slave: t-w864-ix-119

09:58:18  WARNING -  TEST-UNEXPECTED-FAIL | chrome://mochitests/content/browser/browser/devtools/webconsole/test/browser_webconsole_bug_597103_deactivateHUDForContext_unfocused_window.js | uncaught exception - NS_ERROR_FAILURE: Component returned failure code: 0x80004005 (NS_ERROR_FAILURE) [nsIWebProgress.removeProgressListener] at chrome://browser/content/tabbrowser.xml:1714
09:58:46  WARNING -  TEST-UNEXPECTED-FAIL | chrome://mochitests/content/browser/browser/devtools/webconsole/test/browser_webconsole_bug_597103_deactivateHUDForContext_unfocused_window.js | Test timed out
09:58:47  WARNING -  TEST-UNEXPECTED-FAIL | chrome://mochitests/content/browser/browser/devtools/webconsole/test/browser_webconsole_bug_597103_deactivateHUDForContext_unfocused_window.js | Found a browser window after previous test timed out
10:00:23  WARNING -  TEST-UNEXPECTED-FAIL | chrome://mochitests/content/browser/browser/modules/test/browser_taskbar_preview.js | Got the expected number of windows - Got 1, expected 2
Gijs
https://tbpl.mozilla.org/php/getParsedLog.php?id=23955958&tree=UX
Rev5 MacOSX Mountain Lion 10.8 ux opt test mochitest-browser-chrome on 2013-06-10 03:54:59
slave: talos-mtnlion-r5-019

04:14:05  WARNING -  TEST-UNEXPECTED-FAIL | chrome://mochitests/content/browser/browser/devtools/webconsole/test/browser_webconsole_bug_597103_deactivateHUDForContext_unfocused_window.js | uncaught exception - NS_ERROR_FAILURE: Component returned failure code: 0x80004005 (NS_ERROR_FAILURE) [nsIWebProgress.removeProgressListener] at chrome://browser/content/tabbrowser.xml:1714
04:14:33  WARNING -  TEST-UNEXPECTED-FAIL | chrome://mochitests/content/browser/browser/devtools/webconsole/test/browser_webconsole_bug_597103_deactivateHUDForContext_unfocused_window.js | Test timed out
04:14:36  WARNING -  TEST-UNEXPECTED-FAIL | chrome://mochitests/content/browser/browser/devtools/webconsole/test/browser_webconsole_bug_597103_deactivateHUDForContext_unfocused_window.js | Found a browser window after previous test timed out
philor
https://tbpl.mozilla.org/php/getParsedLog.php?id=24025558&tree=Mozilla-Inbound
WINNT 6.2 mozilla-inbound pgo test mochitest-browser-chrome on 2013-06-11 14:06:12
slave: t-w864-ix-070

14:27:22  WARNING -  TEST-UNEXPECTED-FAIL | chrome://mochitests/content/browser/browser/devtools/webconsole/test/browser_webconsole_bug_597103_deactivateHUDForContext_unfocused_window.js | uncaught exception - NS_ERROR_FAILURE: Component returned failure code: 0x80004005 (NS_ERROR_FAILURE) [nsIWebProgress.removeProgressListener] at chrome://browser/content/tabbrowser.xml:1714
14:27:51  WARNING -  TEST-UNEXPECTED-FAIL | chrome://mochitests/content/browser/browser/devtools/webconsole/test/browser_webconsole_bug_597103_deactivateHUDForContext_unfocused_window.js | Test timed out
14:27:51  WARNING -  TEST-UNEXPECTED-FAIL | chrome://mochitests/content/browser/browser/devtools/webconsole/test/browser_webconsole_bug_597103_deactivateHUDForContext_unfocused_window.js | Found a browser window after previous test timed out
14:29:16  WARNING -  TEST-UNEXPECTED-FAIL | chrome://mochitests/content/browser/browser/modules/test/browser_taskbar_preview.js | Got the expected number of windows - Got 1, expected 2
philor
https://tbpl.mozilla.org/php/getParsedLog.php?id=24030125&tree=Mozilla-Inbound
WINNT 6.2 mozilla-inbound opt test mochitest-browser-chrome on 2013-06-11 15:37:49
revision: 34d230cab71c
slave: t-w864-ix-109

15:59:49  WARNING -  TEST-UNEXPECTED-FAIL | chrome://mochitests/content/browser/browser/devtools/webconsole/test/browser_webconsole_bug_597103_deactivateHUDForContext_unfocused_window.js | uncaught exception - NS_ERROR_FAILURE: Component returned failure code: 0x80004005 (NS_ERROR_FAILURE) [nsIWebProgress.removeProgressListener] at chrome://browser/content/tabbrowser.xml:1714
16:00:17  WARNING -  TEST-UNEXPECTED-FAIL | chrome://mochitests/content/browser/browser/devtools/webconsole/test/browser_webconsole_bug_597103_deactivateHUDForContext_unfocused_window.js | Test timed out
16:00:17  WARNING -  TEST-UNEXPECTED-FAIL | chrome://mochitests/content/browser/browser/devtools/webconsole/test/browser_webconsole_bug_597103_deactivateHUDForContext_unfocused_window.js | Found a browser window after previous test timed out
16:01:54  WARNING -  TEST-UNEXPECTED-FAIL | chrome://mochitests/content/browser/browser/modules/test/browser_taskbar_preview.js | Got the expected number of windows - Got 1, expected 2
philor
https://tbpl.mozilla.org/php/getParsedLog.php?id=24033770&tree=Mozilla-Inbound
Windows XP 32-bit mozilla-inbound opt test mochitest-browser-chrome on 2013-06-11 17:41:59
revision: d2b548b65cf0
slave: t-xp32-ix-034

17:59:02  WARNING -  TEST-UNEXPECTED-FAIL | chrome://mochitests/content/browser/browser/devtools/webconsole/test/browser_webconsole_bug_597103_deactivateHUDForContext_unfocused_window.js | uncaught exception - NS_ERROR_FAILURE: Component returned failure code: 0x80004005 (NS_ERROR_FAILURE) [nsIWebProgress.removeProgressListener] at chrome://browser/content/tabbrowser.xml:1714
17:59:30  WARNING -  TEST-UNEXPECTED-FAIL | chrome://mochitests/content/browser/browser/devtools/webconsole/test/browser_webconsole_bug_597103_deactivateHUDForContext_unfocused_window.js | Test timed out
17:59:31  WARNING -  TEST-UNEXPECTED-FAIL | chrome://mochitests/content/browser/browser/devtools/webconsole/test/browser_webconsole_bug_597103_deactivateHUDForContext_unfocused_window.js | Found a browser window after previous test timed out
philor
https://tbpl.mozilla.org/php/getParsedLog.php?id=24057858&tree=Mozilla-Inbound
WINNT 6.2 mozilla-inbound opt test mochitest-browser-chrome on 2013-06-12 07:31:04
revision: 8203dff7f4fb
slave: t-w864-ix-028

07:54:09  WARNING -  TEST-UNEXPECTED-FAIL | chrome://mochitests/content/browser/browser/devtools/webconsole/test/browser_webconsole_bug_597103_deactivateHUDForContext_unfocused_window.js | uncaught exception - NS_ERROR_FAILURE: Component returned failure code: 0x80004005 (NS_ERROR_FAILURE) [nsIWebProgress.removeProgressListener] at chrome://browser/content/tabbrowser.xml:1714
07:54:37  WARNING -  TEST-UNEXPECTED-FAIL | chrome://mochitests/content/browser/browser/devtools/webconsole/test/browser_webconsole_bug_597103_deactivateHUDForContext_unfocused_window.js | Test timed out
07:54:37  WARNING -  TEST-UNEXPECTED-FAIL | chrome://mochitests/content/browser/browser/devtools/webconsole/test/browser_webconsole_bug_597103_deactivateHUDForContext_unfocused_window.js | Found a browser window after previous test timed out
07:56:12  WARNING -  TEST-UNEXPECTED-FAIL | chrome://mochitests/content/browser/browser/modules/test/browser_taskbar_preview.js | Got the expected number of windows - Got 1, expected 2
philor
https://tbpl.mozilla.org/php/getParsedLog.php?id=24087581&tree=Mozilla-Inbound
WINNT 6.2 mozilla-inbound opt test mochitest-browser-chrome on 2013-06-12 18:58:28
revision: 8f8192a417b5
slave: t-w864-ix-009

19:20:05  WARNING -  TEST-UNEXPECTED-FAIL | chrome://mochitests/content/browser/browser/devtools/webconsole/test/browser_webconsole_bug_597103_deactivateHUDForContext_unfocused_window.js | uncaught exception - NS_ERROR_FAILURE: Component returned failure code: 0x80004005 (NS_ERROR_FAILURE) [nsIWebProgress.removeProgressListener] at chrome://browser/content/tabbrowser.xml:1761
19:20:33  WARNING -  TEST-UNEXPECTED-FAIL | chrome://mochitests/content/browser/browser/devtools/webconsole/test/browser_webconsole_bug_597103_deactivateHUDForContext_unfocused_window.js | Test timed out
19:20:34  WARNING -  TEST-UNEXPECTED-FAIL | chrome://mochitests/content/browser/browser/devtools/webconsole/test/browser_webconsole_bug_597103_deactivateHUDForContext_unfocused_window.js | Found a browser window after previous test timed out
19:22:10  WARNING -  TEST-UNEXPECTED-FAIL | chrome://mochitests/content/browser/browser/modules/test/browser_taskbar_preview.js | Got the expected number of windows - Got 1, expected 2
edmorley
https://tbpl.mozilla.org/php/getParsedLog.php?id=24076229&tree=Try
Windows XP 32-bit try opt test mochitest-browser-chrome on 2013-06-12 14:41:18
revision: 3b6cc7f0bafd
slave: t-xp32-ix-063

15:01:10  WARNING -  TEST-UNEXPECTED-FAIL | chrome://mochitests/content/browser/browser/devtools/webconsole/test/browser_webconsole_bug_597103_deactivateHUDForContext_unfocused_window.js | uncaught exception - NS_ERROR_FAILURE: Component returned failure code: 0x80004005 (NS_ERROR_FAILURE) [nsIWebProgress.removeProgressListener] at chrome://browser/content/tabbrowser.xml:1714
15:01:38  WARNING -  TEST-UNEXPECTED-FAIL | chrome://mochitests/content/browser/browser/devtools/webconsole/test/browser_webconsole_bug_597103_deactivateHUDForContext_unfocused_window.js | Test timed out
15:01:39  WARNING -  TEST-UNEXPECTED-FAIL | chrome://mochitests/content/browser/browser/devtools/webconsole/test/browser_webconsole_bug_597103_deactivateHUDForContext_unfocused_window.js | Found a browser window after previous test timed out
edmorley
https://tbpl.mozilla.org/php/getParsedLog.php?id=24080219&tree=Try
WINNT 6.2 try opt test mochitest-browser-chrome on 2013-06-12 15:55:12
revision: ab4b09bddd34
slave: t-w864-ix-103

16:16:41  WARNING -  TEST-UNEXPECTED-FAIL | chrome://mochitests/content/browser/browser/devtools/webconsole/test/browser_webconsole_bug_597103_deactivateHUDForContext_unfocused_window.js | uncaught exception - NS_ERROR_FAILURE: Component returned failure code: 0x80004005 (NS_ERROR_FAILURE) [nsIWebProgress.removeProgressListener] at chrome://browser/content/tabbrowser.xml:1761
16:17:10  WARNING -  TEST-UNEXPECTED-FAIL | chrome://mochitests/content/browser/browser/devtools/webconsole/test/browser_webconsole_bug_597103_deactivateHUDForContext_unfocused_window.js | Test timed out
16:17:10  WARNING -  TEST-UNEXPECTED-FAIL | chrome://mochitests/content/browser/browser/devtools/webconsole/test/browser_webconsole_bug_597103_deactivateHUDForContext_unfocused_window.js | Found a browser window after previous test timed out
16:18:47  WARNING -  TEST-UNEXPECTED-FAIL | chrome://mochitests/content/browser/browser/modules/test/browser_taskbar_preview.js | Got the expected number of windows - Got 1, expected 2
edmorley
https://tbpl.mozilla.org/php/getParsedLog.php?id=24101695&tree=Mozilla-Inbound
WINNT 6.2 mozilla-inbound opt test mochitest-browser-chrome on 2013-06-13 04:23:08
revision: 8938a1dde5cb
slave: t-w864-ix-032

04:45:55  WARNING -  TEST-UNEXPECTED-FAIL | chrome://mochitests/content/browser/browser/devtools/webconsole/test/browser_webconsole_bug_597103_deactivateHUDForContext_unfocused_window.js | uncaught exception - NS_ERROR_FAILURE: Component returned failure code: 0x80004005 (NS_ERROR_FAILURE) [nsIWebProgress.removeProgressListener] at chrome://browser/content/tabbrowser.xml:1761
04:46:23  WARNING -  TEST-UNEXPECTED-FAIL | chrome://mochitests/content/browser/browser/devtools/webconsole/test/browser_webconsole_bug_597103_deactivateHUDForContext_unfocused_window.js | Test timed out
04:46:24  WARNING -  TEST-UNEXPECTED-FAIL | chrome://mochitests/content/browser/browser/devtools/webconsole/test/browser_webconsole_bug_597103_deactivateHUDForContext_unfocused_window.js | Found a browser window after previous test timed out
04:48:00  WARNING -  TEST-UNEXPECTED-FAIL | chrome://mochitests/content/browser/browser/modules/test/browser_taskbar_preview.js | Got the expected number of windows - Got 1, expected 2
philor
https://tbpl.mozilla.org/php/getParsedLog.php?id=24109088&tree=Mozilla-Inbound
WINNT 6.2 mozilla-inbound opt test mochitest-browser-chrome on 2013-06-13 08:53:01
revision: dd495b445752
slave: t-w864-ix-113

09:15:26  WARNING -  TEST-UNEXPECTED-FAIL | chrome://mochitests/content/browser/browser/devtools/webconsole/test/browser_webconsole_bug_597103_deactivateHUDForContext_unfocused_window.js | uncaught exception - NS_ERROR_FAILURE: Component returned failure code: 0x80004005 (NS_ERROR_FAILURE) [nsIWebProgress.removeProgressListener] at chrome://browser/content/tabbrowser.xml:1761
09:15:54  WARNING -  TEST-UNEXPECTED-FAIL | chrome://mochitests/content/browser/browser/devtools/webconsole/test/browser_webconsole_bug_597103_deactivateHUDForContext_unfocused_window.js | Test timed out
09:15:55  WARNING -  TEST-UNEXPECTED-FAIL | chrome://mochitests/content/browser/browser/devtools/webconsole/test/browser_webconsole_bug_597103_deactivateHUDForContext_unfocused_window.js | Found a browser window after previous test timed out
09:17:29  WARNING -  TEST-UNEXPECTED-FAIL | chrome://mochitests/content/browser/browser/modules/test/browser_taskbar_preview.js | Got the expected number of windows - Got 1, expected 2
jonco
https://tbpl.mozilla.org/php/getParsedLog.php?id=24108973&tree=Try
WINNT 6.2 try opt test mochitest-browser-chrome on 2013-06-13 08:50:04
revision: 6666f5fb02e9
slave: t-w864-ix-110

09:12:12  WARNING -  TEST-UNEXPECTED-FAIL | chrome://mochitests/content/browser/browser/devtools/webconsole/test/browser_webconsole_bug_597103_deactivateHUDForContext_unfocused_window.js | uncaught exception - NS_ERROR_FAILURE: Component returned failure code: 0x80004005 (NS_ERROR_FAILURE) [nsIWebProgress.removeProgressListener] at chrome://browser/content/tabbrowser.xml:1761
09:12:40  WARNING -  TEST-UNEXPECTED-FAIL | chrome://mochitests/content/browser/browser/devtools/webconsole/test/browser_webconsole_bug_597103_deactivateHUDForContext_unfocused_window.js | Test timed out
09:12:41  WARNING -  TEST-UNEXPECTED-FAIL | chrome://mochitests/content/browser/browser/devtools/webconsole/test/browser_webconsole_bug_597103_deactivateHUDForContext_unfocused_window.js | Found a browser window after previous test timed out
09:14:17  WARNING -  TEST-UNEXPECTED-FAIL | chrome://mochitests/content/browser/browser/modules/test/browser_taskbar_preview.js | Got the expected number of windows - Got 1, expected 2
philor
https://tbpl.mozilla.org/php/getParsedLog.php?id=24113700&tree=UX
WINNT 6.2 ux opt test mochitest-browser-chrome on 2013-06-13 11:10:00
revision: 7ef2a2d43849
slave: t-w864-ix-115

11:31:08  WARNING -  TEST-UNEXPECTED-FAIL | chrome://mochitests/content/browser/browser/devtools/webconsole/test/browser_webconsole_bug_597103_deactivateHUDForContext_unfocused_window.js | uncaught exception - NS_ERROR_FAILURE: Component returned failure code: 0x80004005 (NS_ERROR_FAILURE) [nsIWebProgress.removeProgressListener] at chrome://browser/content/tabbrowser.xml:1761
11:31:36  WARNING -  TEST-UNEXPECTED-FAIL | chrome://mochitests/content/browser/browser/devtools/webconsole/test/browser_webconsole_bug_597103_deactivateHUDForContext_unfocused_window.js | Test timed out
11:31:37  WARNING -  TEST-UNEXPECTED-FAIL | chrome://mochitests/content/browser/browser/devtools/webconsole/test/browser_webconsole_bug_597103_deactivateHUDForContext_unfocused_window.js | Found a browser window after previous test timed out
11:33:11  WARNING -  TEST-UNEXPECTED-FAIL | chrome://mochitests/content/browser/browser/modules/test/browser_taskbar_preview.js | Got the expected number of windows - Got 1, expected 2
Gijs
https://tbpl.mozilla.org/php/getParsedLog.php?id=24138631&tree=UX
WINNT 6.2 ux opt test mochitest-browser-chrome on 2013-06-13 21:08:19
revision: 0965605b441e
slave: t-w864-ix-041

21:30:34  WARNING -  TEST-UNEXPECTED-FAIL | chrome://mochitests/content/browser/browser/devtools/webconsole/test/browser_webconsole_bug_597103_deactivateHUDForContext_unfocused_window.js | uncaught exception - NS_ERROR_FAILURE: Component returned failure code: 0x80004005 (NS_ERROR_FAILURE) [nsIWebProgress.removeProgressListener] at chrome://browser/content/tabbrowser.xml:1761
21:31:02  WARNING -  TEST-UNEXPECTED-FAIL | chrome://mochitests/content/browser/browser/devtools/webconsole/test/browser_webconsole_bug_597103_deactivateHUDForContext_unfocused_window.js | Test timed out
21:31:02  WARNING -  TEST-UNEXPECTED-FAIL | chrome://mochitests/content/browser/browser/devtools/webconsole/test/browser_webconsole_bug_597103_deactivateHUDForContext_unfocused_window.js | Found a browser window after previous test timed out
21:32:37  WARNING -  TEST-UNEXPECTED-FAIL | chrome://mochitests/content/browser/browser/modules/test/browser_taskbar_preview.js | Got the expected number of windows - Got 1, expected 2
ttaubert
https://tbpl.mozilla.org/php/getParsedLog.php?id=24241399&tree=Fx-Team
Windows XP 32-bit fx-team opt test mochitest-browser-chrome on 2013-06-17 11:21:25
revision: 825e5d09c5ec
slave: t-xp32-ix-107

10:39:28  WARNING -  TEST-UNEXPECTED-FAIL | chrome://mochitests/content/browser/browser/devtools/webconsole/test/browser_webconsole_bug_597103_deactivateHUDForContext_unfocused_window.js | uncaught exception - NS_ERROR_FAILURE: Component returned failure code: 0x80004005 (NS_ERROR_FAILURE) [nsIWebProgress.removeProgressListener] at chrome://browser/content/tabbrowser.xml:1761
10:39:55  WARNING -  TEST-UNEXPECTED-FAIL | chrome://mochitests/content/browser/browser/devtools/webconsole/test/browser_webconsole_bug_597103_deactivateHUDForContext_unfocused_window.js | Test timed out
10:39:57  WARNING -  TEST-UNEXPECTED-FAIL | chrome://mochitests/content/browser/browser/devtools/webconsole/test/browser_webconsole_bug_597103_deactivateHUDForContext_unfocused_window.js | Found a browser window after previous test timed out
ttaubert
https://tbpl.mozilla.org/php/getParsedLog.php?id=24296659&tree=Try
WINNT 6.2 try opt test mochitest-browser-chrome on 2013-06-18 11:00:01
revision: cb4a31681219
slave: t-w864-ix-040

11:22:54  WARNING -  TEST-UNEXPECTED-FAIL | chrome://mochitests/content/browser/browser/devtools/webconsole/test/browser_webconsole_bug_597103_deactivateHUDForContext_unfocused_window.js | uncaught exception - NS_ERROR_FAILURE: Component returned failure code: 0x80004005 (NS_ERROR_FAILURE) [nsIWebProgress.removeProgressListener] at chrome://browser/content/tabbrowser.xml:1761
11:23:22  WARNING -  TEST-UNEXPECTED-FAIL | chrome://mochitests/content/browser/browser/devtools/webconsole/test/browser_webconsole_bug_597103_deactivateHUDForContext_unfocused_window.js | Test timed out
11:23:22  WARNING -  TEST-UNEXPECTED-FAIL | chrome://mochitests/content/browser/browser/devtools/webconsole/test/browser_webconsole_bug_597103_deactivateHUDForContext_unfocused_window.js | Found a browser window after previous test timed out
11:24:57  WARNING -  TEST-UNEXPECTED-FAIL | chrome://mochitests/content/browser/browser/modules/test/browser_taskbar_preview.js | Got the expected number of windows - Got 1, expected 2
msucan
https://tbpl.mozilla.org/php/getParsedLog.php?id=24464959&tree=Fx-Team
WINNT 6.2 fx-team opt test mochitest-browser-chrome on 2013-06-22 04:36:07
revision: 8174f98e2cdc
slave: t-w864-ix-064

04:58:42  WARNING -  TEST-UNEXPECTED-FAIL | chrome://mochitests/content/browser/browser/devtools/webconsole/test/browser_webconsole_bug_597103_deactivateHUDForContext_unfocused_window.js | uncaught exception - NS_ERROR_FAILURE: Component returned failure code: 0x80004005 (NS_ERROR_FAILURE) [nsIWebProgress.removeProgressListener] at chrome://browser/content/tabbrowser.xml:1761
04:59:10  WARNING -  TEST-UNEXPECTED-FAIL | chrome://mochitests/content/browser/browser/devtools/webconsole/test/browser_webconsole_bug_597103_deactivateHUDForContext_unfocused_window.js | Test timed out
04:59:11  WARNING -  TEST-UNEXPECTED-FAIL | chrome://mochitests/content/browser/browser/devtools/webconsole/test/browser_webconsole_bug_597103_deactivateHUDForContext_unfocused_window.js | Found a browser window after previous test timed out
05:00:47  WARNING -  TEST-UNEXPECTED-FAIL | chrome://mochitests/content/browser/browser/modules/test/browser_taskbar_preview.js | Got the expected number of windows - Got 1, expected 2
philor
https://tbpl.mozilla.org/php/getParsedLog.php?id=24482935&tree=Mozilla-Inbound
WINNT 6.2 mozilla-inbound pgo test mochitest-browser-chrome on 2013-06-22 21:36:36
revision: 319ce193cdae
slave: t-w864-ix-055

21:58:03  WARNING -  TEST-UNEXPECTED-FAIL | chrome://mochitests/content/browser/browser/devtools/webconsole/test/browser_webconsole_bug_597103_deactivateHUDForContext_unfocused_window.js | uncaught exception - NS_ERROR_FAILURE: Component returned failure code: 0x80004005 (NS_ERROR_FAILURE) [nsIWebProgress.removeProgressListener] at chrome://browser/content/tabbrowser.xml:1761
21:58:32  WARNING -  TEST-UNEXPECTED-FAIL | chrome://mochitests/content/browser/browser/devtools/webconsole/test/browser_webconsole_bug_597103_deactivateHUDForContext_unfocused_window.js | Test timed out
21:58:33  WARNING -  TEST-UNEXPECTED-FAIL | chrome://mochitests/content/browser/browser/devtools/webconsole/test/browser_webconsole_bug_597103_deactivateHUDForContext_unfocused_window.js | Found a browser window after previous test timed out
22:00:01  WARNING -  TEST-UNEXPECTED-FAIL | chrome://mochitests/content/browser/browser/modules/test/browser_taskbar_preview.js | Got the expected number of windows - Got 1, expected 2
vporof
https://tbpl.mozilla.org/php/getParsedLog.php?id=24493143&tree=Mozilla-Central
WINNT 6.2 mozilla-central opt test mochitest-browser-chrome on 2013-06-23 10:16:05
revision: e7e9726025da
slave: t-w864-ix-037

10:38:52  WARNING -  TEST-UNEXPECTED-FAIL | chrome://mochitests/content/browser/browser/devtools/webconsole/test/browser_webconsole_bug_597103_deactivateHUDForContext_unfocused_window.js | uncaught exception - NS_ERROR_FAILURE: Component returned failure code: 0x80004005 (NS_ERROR_FAILURE) [nsIWebProgress.removeProgressListener] at chrome://browser/content/tabbrowser.xml:1761
10:39:20  WARNING -  TEST-UNEXPECTED-FAIL | chrome://mochitests/content/browser/browser/devtools/webconsole/test/browser_webconsole_bug_597103_deactivateHUDForContext_unfocused_window.js | Test timed out
10:39:21  WARNING -  TEST-UNEXPECTED-FAIL | chrome://mochitests/content/browser/browser/devtools/webconsole/test/browser_webconsole_bug_597103_deactivateHUDForContext_unfocused_window.js | Found a browser window after previous test timed out
10:41:00  WARNING -  TEST-UNEXPECTED-FAIL | chrome://mochitests/content/browser/browser/modules/test/browser_taskbar_preview.js | Got the expected number of windows - Got 1, expected 2
philor
https://tbpl.mozilla.org/php/getParsedLog.php?id=24518282&tree=Profiling
WINNT 6.2 profiling opt test mochitest-browser-chrome on 2013-06-24 08:25:06
revision: da6cc66b4f2f
slave: t-w864-ix-118

08:47:08  WARNING -  TEST-UNEXPECTED-FAIL | chrome://mochitests/content/browser/browser/devtools/webconsole/test/browser_webconsole_bug_597103_deactivateHUDForContext_unfocused_window.js | uncaught exception - NS_ERROR_FAILURE: Component returned failure code: 0x80004005 (NS_ERROR_FAILURE) [nsIWebProgress.removeProgressListener] at chrome://browser/content/tabbrowser.xml:1761
08:47:36  WARNING -  TEST-UNEXPECTED-FAIL | chrome://mochitests/content/browser/browser/devtools/webconsole/test/browser_webconsole_bug_597103_deactivateHUDForContext_unfocused_window.js | Test timed out
08:47:37  WARNING -  TEST-UNEXPECTED-FAIL | chrome://mochitests/content/browser/browser/devtools/webconsole/test/browser_webconsole_bug_597103_deactivateHUDForContext_unfocused_window.js | Found a browser window after previous test timed out
08:49:10  WARNING -  TEST-UNEXPECTED-FAIL | chrome://mochitests/content/browser/browser/modules/test/browser_taskbar_preview.js | Got the expected number of windows - Got 1, expected 2
philor
https://tbpl.mozilla.org/php/getParsedLog.php?id=24524835&tree=Mozilla-Inbound
WINNT 6.2 mozilla-inbound opt test mochitest-browser-chrome on 2013-06-24 11:03:22
revision: 2c6a7766ae44
slave: t-w864-ix-067

11:26:15  WARNING -  TEST-UNEXPECTED-FAIL | chrome://mochitests/content/browser/browser/devtools/webconsole/test/browser_webconsole_bug_597103_deactivateHUDForContext_unfocused_window.js | uncaught exception - NS_ERROR_FAILURE: Component returned failure code: 0x80004005 (NS_ERROR_FAILURE) [nsIWebProgress.removeProgressListener] at chrome://browser/content/tabbrowser.xml:1761
11:26:43  WARNING -  TEST-UNEXPECTED-FAIL | chrome://mochitests/content/browser/browser/devtools/webconsole/test/browser_webconsole_bug_597103_deactivateHUDForContext_unfocused_window.js | Test timed out
11:26:44  WARNING -  TEST-UNEXPECTED-FAIL | chrome://mochitests/content/browser/browser/devtools/webconsole/test/browser_webconsole_bug_597103_deactivateHUDForContext_unfocused_window.js | Found a browser window after previous test timed out
11:28:21  WARNING -  TEST-UNEXPECTED-FAIL | chrome://mochitests/content/browser/browser/modules/test/browser_taskbar_preview.js | Got the expected number of windows - Got 1, expected 2
Tomcat
https://tbpl.mozilla.org/php/getParsedLog.php?id=24552571&tree=Fx-Team
WINNT 6.2 fx-team pgo test mochitest-browser-chrome on 2013-06-24 21:55:09
revision: 7e05a42582e4
slave: t-w864-ix-047

22:15:37  WARNING -  TEST-UNEXPECTED-FAIL | chrome://mochitests/content/browser/browser/devtools/webconsole/test/browser_webconsole_bug_597103_deactivateHUDForContext_unfocused_window.js | uncaught exception - NS_ERROR_FAILURE: Component returned failure code: 0x80004005 (NS_ERROR_FAILURE) [nsIWebProgress.removeProgressListener] at chrome://browser/content/tabbrowser.xml:1761
22:16:05  WARNING -  TEST-UNEXPECTED-FAIL | chrome://mochitests/content/browser/browser/devtools/webconsole/test/browser_webconsole_bug_597103_deactivateHUDForContext_unfocused_window.js | Test timed out
22:16:06  WARNING -  TEST-UNEXPECTED-FAIL | chrome://mochitests/content/browser/browser/devtools/webconsole/test/browser_webconsole_bug_597103_deactivateHUDForContext_unfocused_window.js | Found a browser window after previous test timed out
22:17:34  WARNING -  TEST-UNEXPECTED-FAIL | chrome://mochitests/content/browser/browser/modules/test/browser_taskbar_preview.js | Got the expected number of windows - Got 1, expected 2
philor
https://tbpl.mozilla.org/php/getParsedLog.php?id=24588113&tree=Mozilla-Inbound
Windows XP 32-bit mozilla-inbound opt test mochitest-browser-chrome on 2013-06-25 15:51:23
revision: ebb769e9cc34
slave: t-xp32-ix-057

16:10:08  WARNING -  TEST-UNEXPECTED-FAIL | chrome://mochitests/content/browser/browser/devtools/webconsole/test/browser_webconsole_bug_597103_deactivateHUDForContext_unfocused_window.js | uncaught exception - NS_ERROR_FAILURE: Component returned failure code: 0x80004005 (NS_ERROR_FAILURE) [nsIWebProgress.removeProgressListener] at chrome://browser/content/tabbrowser.xml:1761
16:10:36  WARNING -  TEST-UNEXPECTED-FAIL | chrome://mochitests/content/browser/browser/devtools/webconsole/test/browser_webconsole_bug_597103_deactivateHUDForContext_unfocused_window.js | Test timed out
16:10:37  WARNING -  TEST-UNEXPECTED-FAIL | chrome://mochitests/content/browser/browser/devtools/webconsole/test/browser_webconsole_bug_597103_deactivateHUDForContext_unfocused_window.js | Found a browser window after previous test timed out
philor
https://tbpl.mozilla.org/php/getParsedLog.php?id=24600399&tree=Mozilla-Inbound
WINNT 6.2 mozilla-inbound opt test mochitest-browser-chrome on 2013-06-25 22:57:05
revision: 927d1bf5f36d
slave: t-w864-ix-080

23:20:20  WARNING -  TEST-UNEXPECTED-FAIL | chrome://mochitests/content/browser/browser/devtools/webconsole/test/browser_webconsole_bug_597103_deactivateHUDForContext_unfocused_window.js | uncaught exception - NS_ERROR_FAILURE: Component returned failure code: 0x80004005 (NS_ERROR_FAILURE) [nsIWebProgress.removeProgressListener] at chrome://browser/content/tabbrowser.xml:1761
23:20:48  WARNING -  TEST-UNEXPECTED-FAIL | chrome://mochitests/content/browser/browser/devtools/webconsole/test/browser_webconsole_bug_597103_deactivateHUDForContext_unfocused_window.js | Test timed out
23:20:49  WARNING -  TEST-UNEXPECTED-FAIL | chrome://mochitests/content/browser/browser/devtools/webconsole/test/browser_webconsole_bug_597103_deactivateHUDForContext_unfocused_window.js | Found a browser window after previous test timed out
23:22:26  WARNING -  TEST-UNEXPECTED-FAIL | chrome://mochitests/content/browser/browser/modules/test/browser_taskbar_preview.js | Got the expected number of windows - Got 1, expected 2
edmorley
https://tbpl.mozilla.org/php/getParsedLog.php?id=24606442&tree=Mozilla-Inbound
WINNT 6.2 mozilla-inbound opt test mochitest-browser-chrome on 2013-06-26 03:26:23
revision: b1dba904d5c8
slave: t-w864-ix-009

03:49:20  WARNING -  TEST-UNEXPECTED-FAIL | chrome://mochitests/content/browser/browser/devtools/webconsole/test/browser_webconsole_bug_597103_deactivateHUDForContext_unfocused_window.js | uncaught exception - NS_ERROR_FAILURE: Component returned failure code: 0x80004005 (NS_ERROR_FAILURE) [nsIWebProgress.removeProgressListener] at chrome://browser/content/tabbrowser.xml:1761
03:49:49  WARNING -  TEST-UNEXPECTED-FAIL | chrome://mochitests/content/browser/browser/devtools/webconsole/test/browser_webconsole_bug_597103_deactivateHUDForContext_unfocused_window.js | Test timed out
03:49:49  WARNING -  TEST-UNEXPECTED-FAIL | chrome://mochitests/content/browser/browser/devtools/webconsole/test/browser_webconsole_bug_597103_deactivateHUDForContext_unfocused_window.js | Found a browser window after previous test timed out
03:51:26  WARNING -  TEST-UNEXPECTED-FAIL | chrome://mochitests/content/browser/browser/modules/test/browser_taskbar_preview.js | Got the expected number of windows - Got 1, expected 2
philor
https://tbpl.mozilla.org/php/getParsedLog.php?id=24606594&tree=Profiling
WINNT 6.2 profiling pgo test mochitest-browser-chrome on 2013-06-26 03:32:55
revision: ecd1377f5c04
slave: t-w864-ix-078

03:54:35  WARNING -  TEST-UNEXPECTED-FAIL | chrome://mochitests/content/browser/browser/devtools/webconsole/test/browser_webconsole_bug_597103_deactivateHUDForContext_unfocused_window.js | uncaught exception - NS_ERROR_FAILURE: Component returned failure code: 0x80004005 (NS_ERROR_FAILURE) [nsIWebProgress.removeProgressListener] at chrome://browser/content/tabbrowser.xml:1761
03:55:03  WARNING -  TEST-UNEXPECTED-FAIL | chrome://mochitests/content/browser/browser/devtools/webconsole/test/browser_webconsole_bug_597103_deactivateHUDForContext_unfocused_window.js | Test timed out
03:55:04  WARNING -  TEST-UNEXPECTED-FAIL | chrome://mochitests/content/browser/browser/devtools/webconsole/test/browser_webconsole_bug_597103_deactivateHUDForContext_unfocused_window.js | Found a browser window after previous test timed out
03:56:31  WARNING -  TEST-UNEXPECTED-FAIL | chrome://mochitests/content/browser/browser/modules/test/browser_taskbar_preview.js | Got the expected number of windows - Got 1, expected 2
KWierso
https://tbpl.mozilla.org/php/getParsedLog.php?id=24624253&tree=Mozilla-Inbound
WINNT 6.2 mozilla-inbound opt test mochitest-browser-chrome on 2013-06-26 11:38:56
revision: 3b955f306226
slave: t-w864-ix-080

12:03:15  WARNING -  TEST-UNEXPECTED-FAIL | chrome://mochitests/content/browser/browser/devtools/webconsole/test/browser_webconsole_bug_597103_deactivateHUDForContext_unfocused_window.js | uncaught exception - NS_ERROR_FAILURE: Component returned failure code: 0x80004005 (NS_ERROR_FAILURE) [nsIWebProgress.removeProgressListener] at chrome://browser/content/tabbrowser.xml:1761
12:03:43  WARNING -  TEST-UNEXPECTED-FAIL | chrome://mochitests/content/browser/browser/devtools/webconsole/test/browser_webconsole_bug_597103_deactivateHUDForContext_unfocused_window.js | Test timed out
12:03:44  WARNING -  TEST-UNEXPECTED-FAIL | chrome://mochitests/content/browser/browser/devtools/webconsole/test/browser_webconsole_bug_597103_deactivateHUDForContext_unfocused_window.js | Found a browser window after previous test timed out
12:05:23  WARNING -  TEST-UNEXPECTED-FAIL | chrome://mochitests/content/browser/browser/modules/test/browser_taskbar_preview.js | Got the expected number of windows - Got 1, expected 2
KWierso
https://tbpl.mozilla.org/php/getParsedLog.php?id=24626829&tree=Mozilla-Inbound
WINNT 6.2 mozilla-inbound opt test mochitest-browser-chrome on 2013-06-26 12:36:30
revision: 722bda7ce08a
slave: t-w864-ix-129

12:58:39  WARNING -  TEST-UNEXPECTED-FAIL | chrome://mochitests/content/browser/browser/devtools/webconsole/test/browser_webconsole_bug_597103_deactivateHUDForContext_unfocused_window.js | uncaught exception - NS_ERROR_FAILURE: Component returned failure code: 0x80004005 (NS_ERROR_FAILURE) [nsIWebProgress.removeProgressListener] at chrome://browser/content/tabbrowser.xml:1761
12:59:07  WARNING -  TEST-UNEXPECTED-FAIL | chrome://mochitests/content/browser/browser/devtools/webconsole/test/browser_webconsole_bug_597103_deactivateHUDForContext_unfocused_window.js | Test timed out
12:59:08  WARNING -  TEST-UNEXPECTED-FAIL | chrome://mochitests/content/browser/browser/devtools/webconsole/test/browser_webconsole_bug_597103_deactivateHUDForContext_unfocused_window.js | Found a browser window after previous test timed out
13:00:48  WARNING -  TEST-UNEXPECTED-FAIL | chrome://mochitests/content/browser/browser/modules/test/browser_taskbar_preview.js | Got the expected number of windows - Got 1, expected 2
philor
https://tbpl.mozilla.org/php/getParsedLog.php?id=24626829&tree=Mozilla-Inbound
WINNT 6.2 mozilla-inbound opt test mochitest-browser-chrome on 2013-06-26 12:36:30
revision: 722bda7ce08a
slave: t-w864-ix-129

12:58:39  WARNING -  TEST-UNEXPECTED-FAIL | chrome://mochitests/content/browser/browser/devtools/webconsole/test/browser_webconsole_bug_597103_deactivateHUDForContext_unfocused_window.js | uncaught exception - NS_ERROR_FAILURE: Component returned failure code: 0x80004005 (NS_ERROR_FAILURE) [nsIWebProgress.removeProgressListener] at chrome://browser/content/tabbrowser.xml:1761
12:59:07  WARNING -  TEST-UNEXPECTED-FAIL | chrome://mochitests/content/browser/browser/devtools/webconsole/test/browser_webconsole_bug_597103_deactivateHUDForContext_unfocused_window.js | Test timed out
12:59:08  WARNING -  TEST-UNEXPECTED-FAIL | chrome://mochitests/content/browser/browser/devtools/webconsole/test/browser_webconsole_bug_597103_deactivateHUDForContext_unfocused_window.js | Found a browser window after previous test timed out
13:00:48  WARNING -  TEST-UNEXPECTED-FAIL | chrome://mochitests/content/browser/browser/modules/test/browser_taskbar_preview.js | Got the expected number of windows - Got 1, expected 2
philor
https://tbpl.mozilla.org/php/getParsedLog.php?id=24632764&tree=Mozilla-Central
WINNT 6.2 mozilla-central opt test mochitest-browser-chrome on 2013-06-26 14:48:18
revision: 3b955f306226
slave: t-w864-ix-008

15:10:49  WARNING -  TEST-UNEXPECTED-FAIL | chrome://mochitests/content/browser/browser/devtools/webconsole/test/browser_webconsole_bug_597103_deactivateHUDForContext_unfocused_window.js | uncaught exception - NS_ERROR_FAILURE: Component returned failure code: 0x80004005 (NS_ERROR_FAILURE) [nsIWebProgress.removeProgressListener] at chrome://browser/content/tabbrowser.xml:1761
15:11:17  WARNING -  TEST-UNEXPECTED-FAIL | chrome://mochitests/content/browser/browser/devtools/webconsole/test/browser_webconsole_bug_597103_deactivateHUDForContext_unfocused_window.js | Test timed out
15:11:17  WARNING -  TEST-UNEXPECTED-FAIL | chrome://mochitests/content/browser/browser/devtools/webconsole/test/browser_webconsole_bug_597103_deactivateHUDForContext_unfocused_window.js | Found a browser window after previous test timed out
15:12:55  WARNING -  TEST-UNEXPECTED-FAIL | chrome://mochitests/content/browser/browser/modules/test/browser_taskbar_preview.js | Got the expected number of windows - Got 1, expected 2
philor
https://tbpl.mozilla.org/php/getParsedLog.php?id=24633044&tree=Fx-Team
WINNT 6.2 fx-team opt test mochitest-browser-chrome on 2013-06-26 14:54:47
revision: 7dce0d4c0eff
slave: t-w864-ix-085

15:17:28  WARNING -  TEST-UNEXPECTED-FAIL | chrome://mochitests/content/browser/browser/devtools/webconsole/test/browser_webconsole_bug_597103_deactivateHUDForContext_unfocused_window.js | uncaught exception - NS_ERROR_FAILURE: Component returned failure code: 0x80004005 (NS_ERROR_FAILURE) [nsIWebProgress.removeProgressListener] at chrome://browser/content/tabbrowser.xml:1761
15:17:56  WARNING -  TEST-UNEXPECTED-FAIL | chrome://mochitests/content/browser/browser/devtools/webconsole/test/browser_webconsole_bug_597103_deactivateHUDForContext_unfocused_window.js | Test timed out
15:17:57  WARNING -  TEST-UNEXPECTED-FAIL | chrome://mochitests/content/browser/browser/devtools/webconsole/test/browser_webconsole_bug_597103_deactivateHUDForContext_unfocused_window.js | Found a browser window after previous test timed out
15:19:34  WARNING -  TEST-UNEXPECTED-FAIL | chrome://mochitests/content/browser/browser/modules/test/browser_taskbar_preview.js | Got the expected number of windows - Got 1, expected 2
philor
https://tbpl.mozilla.org/php/getParsedLog.php?id=24632953&tree=Fx-Team
WINNT 6.2 fx-team opt test mochitest-browser-chrome on 2013-06-26 14:50:15
revision: 3b955f306226
slave: t-w864-ix-070

15:14:21  WARNING -  TEST-UNEXPECTED-FAIL | chrome://mochitests/content/browser/browser/devtools/webconsole/test/browser_webconsole_bug_597103_deactivateHUDForContext_unfocused_window.js | uncaught exception - NS_ERROR_FAILURE: Component returned failure code: 0x80004005 (NS_ERROR_FAILURE) [nsIWebProgress.removeProgressListener] at chrome://browser/content/tabbrowser.xml:1761
15:14:49  WARNING -  TEST-UNEXPECTED-FAIL | chrome://mochitests/content/browser/browser/devtools/webconsole/test/browser_webconsole_bug_597103_deactivateHUDForContext_unfocused_window.js | Test timed out
15:14:49  WARNING -  TEST-UNEXPECTED-FAIL | chrome://mochitests/content/browser/browser/devtools/webconsole/test/browser_webconsole_bug_597103_deactivateHUDForContext_unfocused_window.js | Found a browser window after previous test timed out
15:16:26  WARNING -  TEST-UNEXPECTED-FAIL | chrome://mochitests/content/browser/browser/modules/test/browser_taskbar_preview.js | Got the expected number of windows - Got 1, expected 2
edmorley
https://tbpl.mozilla.org/php/getParsedLog.php?id=24654581&tree=Birch
WINNT 6.2 birch opt test mochitest-browser-chrome on 2013-06-27 02:42:18
revision: 08185bc7ab8d
slave: t-w864-ix-024

03:05:25  WARNING -  TEST-UNEXPECTED-FAIL | chrome://mochitests/content/browser/browser/devtools/webconsole/test/browser_webconsole_bug_597103_deactivateHUDForContext_unfocused_window.js | uncaught exception - NS_ERROR_FAILURE: Component returned failure code: 0x80004005 (NS_ERROR_FAILURE) [nsIWebProgress.removeProgressListener] at chrome://browser/content/tabbrowser.xml:1761
03:05:53  WARNING -  TEST-UNEXPECTED-FAIL | chrome://mochitests/content/browser/browser/devtools/webconsole/test/browser_webconsole_bug_597103_deactivateHUDForContext_unfocused_window.js | Test timed out
03:05:54  WARNING -  TEST-UNEXPECTED-FAIL | chrome://mochitests/content/browser/browser/devtools/webconsole/test/browser_webconsole_bug_597103_deactivateHUDForContext_unfocused_window.js | Found a browser window after previous test timed out
03:07:29  WARNING -  TEST-UNEXPECTED-FAIL | chrome://mochitests/content/browser/browser/modules/test/browser_taskbar_preview.js | Got the expected number of windows - Got 1, expected 2
edmorley
https://tbpl.mozilla.org/php/getParsedLog.php?id=24655634&tree=Mozilla-Inbound
WINNT 6.2 mozilla-inbound pgo test mochitest-browser-chrome on 2013-06-27 03:28:03
revision: 607b8e1da1ca
slave: t-w864-ix-077

03:50:54  WARNING -  TEST-UNEXPECTED-FAIL | chrome://mochitests/content/browser/browser/devtools/webconsole/test/browser_webconsole_bug_597103_deactivateHUDForContext_unfocused_window.js | uncaught exception - NS_ERROR_FAILURE: Component returned failure code: 0x80004005 (NS_ERROR_FAILURE) [nsIWebProgress.removeProgressListener] at chrome://browser/content/tabbrowser.xml:1761
03:51:23  WARNING -  TEST-UNEXPECTED-FAIL | chrome://mochitests/content/browser/browser/devtools/webconsole/test/browser_webconsole_bug_597103_deactivateHUDForContext_unfocused_window.js | Test timed out
03:51:24  WARNING -  TEST-UNEXPECTED-FAIL | chrome://mochitests/content/browser/browser/devtools/webconsole/test/browser_webconsole_bug_597103_deactivateHUDForContext_unfocused_window.js | Found a browser window after previous test timed out
03:52:53  WARNING -  TEST-UNEXPECTED-FAIL | chrome://mochitests/content/browser/browser/modules/test/browser_taskbar_preview.js | Got the expected number of windows - Got 1, expected 2
edmorley
https://tbpl.mozilla.org/php/getParsedLog.php?id=24657569&tree=Birch
WINNT 6.2 birch opt test mochitest-browser-chrome on 2013-06-27 04:52:21
revision: 2e11563e4850
slave: t-w864-ix-059

05:15:31  WARNING -  TEST-UNEXPECTED-FAIL | chrome://mochitests/content/browser/browser/devtools/webconsole/test/browser_webconsole_bug_597103_deactivateHUDForContext_unfocused_window.js | uncaught exception - NS_ERROR_FAILURE: Component returned failure code: 0x80004005 (NS_ERROR_FAILURE) [nsIWebProgress.removeProgressListener] at chrome://browser/content/tabbrowser.xml:1761
05:15:59  WARNING -  TEST-UNEXPECTED-FAIL | chrome://mochitests/content/browser/browser/devtools/webconsole/test/browser_webconsole_bug_597103_deactivateHUDForContext_unfocused_window.js | Test timed out
05:16:00  WARNING -  TEST-UNEXPECTED-FAIL | chrome://mochitests/content/browser/browser/devtools/webconsole/test/browser_webconsole_bug_597103_deactivateHUDForContext_unfocused_window.js | Found a browser window after previous test timed out
05:17:35  WARNING -  TEST-UNEXPECTED-FAIL | chrome://mochitests/content/browser/browser/modules/test/browser_taskbar_preview.js | Got the expected number of windows - Got 1, expected 2
philor
https://tbpl.mozilla.org/php/getParsedLog.php?id=24663227&tree=Graphics
WINNT 6.2 graphics opt test mochitest-browser-chrome on 2013-06-27 08:30:02
revision: e7d3a1ed226d
slave: t-w864-ix-015

08:53:58  WARNING -  TEST-UNEXPECTED-FAIL | chrome://mochitests/content/browser/browser/devtools/webconsole/test/browser_webconsole_bug_597103_deactivateHUDForContext_unfocused_window.js | uncaught exception - NS_ERROR_FAILURE: Component returned failure code: 0x80004005 (NS_ERROR_FAILURE) [nsIWebProgress.removeProgressListener] at chrome://browser/content/tabbrowser.xml:1761
08:54:26  WARNING -  TEST-UNEXPECTED-FAIL | chrome://mochitests/content/browser/browser/devtools/webconsole/test/browser_webconsole_bug_597103_deactivateHUDForContext_unfocused_window.js | Test timed out
08:54:27  WARNING -  TEST-UNEXPECTED-FAIL | chrome://mochitests/content/browser/browser/devtools/webconsole/test/browser_webconsole_bug_597103_deactivateHUDForContext_unfocused_window.js | Found a browser window after previous test timed out
08:56:06  WARNING -  TEST-UNEXPECTED-FAIL | chrome://mochitests/content/browser/browser/modules/test/browser_taskbar_preview.js | Got the expected number of windows - Got 1, expected 2
edmorley
https://tbpl.mozilla.org/php/getParsedLog.php?id=24701491&tree=Mozilla-Inbound
WINNT 6.2 mozilla-inbound opt test mochitest-browser-chrome on 2013-06-28 01:31:26
revision: 57041efa3c2b
slave: t-w864-ix-020

01:54:32  WARNING -  TEST-UNEXPECTED-FAIL | chrome://mochitests/content/browser/browser/devtools/webconsole/test/browser_webconsole_bug_597103_deactivateHUDForContext_unfocused_window.js | uncaught exception - NS_ERROR_FAILURE: Component returned failure code: 0x80004005 (NS_ERROR_FAILURE) [nsIWebProgress.removeProgressListener] at chrome://browser/content/tabbrowser.xml:1761
01:55:00  WARNING -  TEST-UNEXPECTED-FAIL | chrome://mochitests/content/browser/browser/devtools/webconsole/test/browser_webconsole_bug_597103_deactivateHUDForContext_unfocused_window.js | Test timed out
01:55:01  WARNING -  TEST-UNEXPECTED-FAIL | chrome://mochitests/content/browser/browser/devtools/webconsole/test/browser_webconsole_bug_597103_deactivateHUDForContext_unfocused_window.js | Found a browser window after previous test timed out
01:56:37  WARNING -  TEST-UNEXPECTED-FAIL | chrome://mochitests/content/browser/browser/modules/test/browser_taskbar_preview.js | Got the expected number of windows - Got 1, expected 2
nalexander
https://tbpl.mozilla.org/php/getParsedLog.php?id=24712967&tree=Mozilla-Inbound
WINNT 6.2 mozilla-inbound opt test mochitest-browser-chrome on 2013-06-28 08:11:40
revision: 69d48d054a52
slave: t-w864-ix-071

08:35:33  WARNING -  TEST-UNEXPECTED-FAIL | chrome://mochitests/content/browser/browser/devtools/webconsole/test/browser_webconsole_bug_597103_deactivateHUDForContext_unfocused_window.js | uncaught exception - NS_ERROR_FAILURE: Component returned failure code: 0x80004005 (NS_ERROR_FAILURE) [nsIWebProgress.removeProgressListener] at chrome://browser/content/tabbrowser.xml:1761
08:36:01  WARNING -  TEST-UNEXPECTED-FAIL | chrome://mochitests/content/browser/browser/devtools/webconsole/test/browser_webconsole_bug_597103_deactivateHUDForContext_unfocused_window.js | Test timed out
08:36:01  WARNING -  TEST-UNEXPECTED-FAIL | chrome://mochitests/content/browser/browser/devtools/webconsole/test/browser_webconsole_bug_597103_deactivateHUDForContext_unfocused_window.js | Found a browser window after previous test timed out
08:37:39  WARNING -  TEST-UNEXPECTED-FAIL | chrome://mochitests/content/browser/browser/modules/test/browser_taskbar_preview.js | Got the expected number of windows - Got 1, expected 2
msucan
https://tbpl.mozilla.org/php/getParsedLog.php?id=24715358&tree=Try
WINNT 6.2 try opt test mochitest-browser-chrome on 2013-06-28 09:49:03
revision: 912d08602642
slave: t-w864-ix-118

10:11:36  WARNING -  TEST-UNEXPECTED-FAIL | chrome://mochitests/content/browser/browser/devtools/webconsole/test/browser_webconsole_bug_597103_deactivateHUDForContext_unfocused_window.js | uncaught exception - NS_ERROR_FAILURE: Component returned failure code: 0x80004005 (NS_ERROR_FAILURE) [nsIWebProgress.removeProgressListener] at chrome://browser/content/tabbrowser.xml:1761
10:12:04  WARNING -  TEST-UNEXPECTED-FAIL | chrome://mochitests/content/browser/browser/devtools/webconsole/test/browser_webconsole_bug_597103_deactivateHUDForContext_unfocused_window.js | Test timed out
10:12:04  WARNING -  TEST-UNEXPECTED-FAIL | chrome://mochitests/content/browser/browser/devtools/webconsole/test/browser_webconsole_bug_597103_deactivateHUDForContext_unfocused_window.js | Found a browser window after previous test timed out
10:13:41  WARNING -  TEST-UNEXPECTED-FAIL | chrome://mochitests/content/browser/browser/modules/test/browser_taskbar_preview.js | Got the expected number of windows - Got 1, expected 2
philor
https://tbpl.mozilla.org/php/getParsedLog.php?id=24727182&tree=Mozilla-Inbound
WINNT 6.2 mozilla-inbound opt test mochitest-browser-chrome on 2013-06-28 15:49:33
revision: cb78f9771887
slave: t-w864-ix-086

16:13:34  WARNING -  TEST-UNEXPECTED-FAIL | chrome://mochitests/content/browser/browser/devtools/webconsole/test/browser_webconsole_bug_597103_deactivateHUDForContext_unfocused_window.js | uncaught exception - NS_ERROR_FAILURE: Component returned failure code: 0x80004005 (NS_ERROR_FAILURE) [nsIWebProgress.removeProgressListener] at chrome://browser/content/tabbrowser.xml:1761
16:14:02  WARNING -  TEST-UNEXPECTED-FAIL | chrome://mochitests/content/browser/browser/devtools/webconsole/test/browser_webconsole_bug_597103_deactivateHUDForContext_unfocused_window.js | Test timed out
16:14:03  WARNING -  TEST-UNEXPECTED-FAIL | chrome://mochitests/content/browser/browser/devtools/webconsole/test/browser_webconsole_bug_597103_deactivateHUDForContext_unfocused_window.js | Found a browser window after previous test timed out
16:15:39  WARNING -  TEST-UNEXPECTED-FAIL | chrome://mochitests/content/browser/browser/modules/test/browser_taskbar_preview.js | Got the expected number of windows - Got 1, expected 2
philor
https://tbpl.mozilla.org/php/getParsedLog.php?id=24748491&tree=Birch
WINNT 6.2 birch opt test mochitest-browser-chrome on 2013-06-29 09:17:49
revision: 1b9033f35918
slave: t-w864-ix-056

09:41:03  WARNING -  TEST-UNEXPECTED-FAIL | chrome://mochitests/content/browser/browser/devtools/webconsole/test/browser_webconsole_bug_597103_deactivateHUDForContext_unfocused_window.js | uncaught exception - NS_ERROR_FAILURE: Component returned failure code: 0x80004005 (NS_ERROR_FAILURE) [nsIWebProgress.removeProgressListener] at chrome://browser/content/tabbrowser.xml:1761
09:41:31  WARNING -  TEST-UNEXPECTED-FAIL | chrome://mochitests/content/browser/browser/devtools/webconsole/test/browser_webconsole_bug_597103_deactivateHUDForContext_unfocused_window.js | Test timed out
09:41:32  WARNING -  TEST-UNEXPECTED-FAIL | chrome://mochitests/content/browser/browser/devtools/webconsole/test/browser_webconsole_bug_597103_deactivateHUDForContext_unfocused_window.js | Found a browser window after previous test timed out
09:43:13  WARNING -  TEST-UNEXPECTED-FAIL | chrome://mochitests/content/browser/browser/modules/test/browser_taskbar_preview.js | Got the expected number of windows - Got 1, expected 2
philor
https://tbpl.mozilla.org/php/getParsedLog.php?id=24748636&tree=Mozilla-Inbound
WINNT 6.2 mozilla-inbound opt test mochitest-browser-chrome on 2013-06-29 09:21:09
revision: d20fa876e95d
slave: t-w864-ix-060

09:46:02  WARNING -  TEST-UNEXPECTED-FAIL | chrome://mochitests/content/browser/browser/devtools/webconsole/test/browser_webconsole_bug_597103_deactivateHUDForContext_unfocused_window.js | uncaught exception - NS_ERROR_FAILURE: Component returned failure code: 0x80004005 (NS_ERROR_FAILURE) [nsIWebProgress.removeProgressListener] at chrome://browser/content/tabbrowser.xml:1761
09:46:30  WARNING -  TEST-UNEXPECTED-FAIL | chrome://mochitests/content/browser/browser/devtools/webconsole/test/browser_webconsole_bug_597103_deactivateHUDForContext_unfocused_window.js | Test timed out
09:46:31  WARNING -  TEST-UNEXPECTED-FAIL | chrome://mochitests/content/browser/browser/devtools/webconsole/test/browser_webconsole_bug_597103_deactivateHUDForContext_unfocused_window.js | Found a browser window after previous test timed out
09:48:06  WARNING -  TEST-UNEXPECTED-FAIL | chrome://mochitests/content/browser/browser/modules/test/browser_taskbar_preview.js | Got the expected number of windows - Got 1, expected 2
philor
https://tbpl.mozilla.org/php/getParsedLog.php?id=24755145&tree=Mozilla-Inbound
WINNT 6.2 mozilla-inbound opt test mochitest-browser-chrome on 2013-06-29 20:55:03
revision: d4659e304514
slave: t-w864-ix-078

21:20:15  WARNING -  TEST-UNEXPECTED-FAIL | chrome://mochitests/content/browser/browser/devtools/webconsole/test/browser_webconsole_bug_597103_deactivateHUDForContext_unfocused_window.js | uncaught exception - NS_ERROR_FAILURE: Component returned failure code: 0x80004005 (NS_ERROR_FAILURE) [nsIWebProgress.removeProgressListener] at chrome://browser/content/tabbrowser.xml:1761
21:20:42  WARNING -  TEST-UNEXPECTED-FAIL | chrome://mochitests/content/browser/browser/devtools/webconsole/test/browser_webconsole_bug_597103_deactivateHUDForContext_unfocused_window.js | Test timed out
21:20:43  WARNING -  TEST-UNEXPECTED-FAIL | chrome://mochitests/content/browser/browser/devtools/webconsole/test/browser_webconsole_bug_597103_deactivateHUDForContext_unfocused_window.js | Found a browser window after previous test timed out
21:22:22  WARNING -  TEST-UNEXPECTED-FAIL | chrome://mochitests/content/browser/browser/modules/test/browser_taskbar_preview.js | Got the expected number of windows - Got 1, expected 2
philor
https://tbpl.mozilla.org/php/getParsedLog.php?id=24769075&tree=Mozilla-Inbound
WINNT 6.2 mozilla-inbound opt test mochitest-browser-chrome on 2013-06-30 18:16:02
revision: 7463e5548797
slave: t-w864-ix-094

18:39:08  WARNING -  TEST-UNEXPECTED-FAIL | chrome://mochitests/content/browser/browser/devtools/webconsole/test/browser_webconsole_bug_597103_deactivateHUDForContext_unfocused_window.js | uncaught exception - NS_ERROR_FAILURE: Component returned failure code: 0x80004005 (NS_ERROR_FAILURE) [nsIWebProgress.removeProgressListener] at chrome://browser/content/tabbrowser.xml:1761
18:39:36  WARNING -  TEST-UNEXPECTED-FAIL | chrome://mochitests/content/browser/browser/devtools/webconsole/test/browser_webconsole_bug_597103_deactivateHUDForContext_unfocused_window.js | Test timed out
18:39:36  WARNING -  TEST-UNEXPECTED-FAIL | chrome://mochitests/content/browser/browser/devtools/webconsole/test/browser_webconsole_bug_597103_deactivateHUDForContext_unfocused_window.js | Found a browser window after previous test timed out
18:41:12  WARNING -  TEST-UNEXPECTED-FAIL | chrome://mochitests/content/browser/browser/modules/test/browser_taskbar_preview.js | Got the expected number of windows - Got 1, expected 2
Ms2ger%gmail.com
https://tbpl.mozilla.org/php/getParsedLog.php?id=24765767&tree=Try
WINNT 6.2 try opt test mochitest-browser-chrome on 2013-06-30 14:33:57
revision: 4ebf2905355c
slave: t-w864-ix-047

14:56:38  WARNING -  TEST-UNEXPECTED-FAIL | chrome://mochitests/content/browser/browser/devtools/webconsole/test/browser_webconsole_bug_597103_deactivateHUDForContext_unfocused_window.js | uncaught exception - NS_ERROR_FAILURE: Component returned failure code: 0x80004005 (NS_ERROR_FAILURE) [nsIWebProgress.removeProgressListener] at chrome://browser/content/tabbrowser.xml:1761
14:57:06  WARNING -  TEST-UNEXPECTED-FAIL | chrome://mochitests/content/browser/browser/devtools/webconsole/test/browser_webconsole_bug_597103_deactivateHUDForContext_unfocused_window.js | Test timed out
14:57:06  WARNING -  TEST-UNEXPECTED-FAIL | chrome://mochitests/content/browser/browser/devtools/webconsole/test/browser_webconsole_bug_597103_deactivateHUDForContext_unfocused_window.js | Found a browser window after previous test timed out
14:58:41  WARNING -  TEST-UNEXPECTED-FAIL | chrome://mochitests/content/browser/browser/modules/test/browser_taskbar_preview.js | Got the expected number of windows - Got 1, expected 2
RyanVM
https://tbpl.mozilla.org/php/getParsedLog.php?id=24706258&tree=Mozilla-Aurora
WINNT 6.2 mozilla-aurora pgo test mochitest-browser-chrome on 2013-06-28 04:18:05
revision: d5940f917a9a
slave: t-w864-ix-077

04:23:18  WARNING -  TEST-UNEXPECTED-FAIL | chrome://mochitests/content/browser/browser/base/content/test/browser_locationBarCommand.js | New URL is loaded in new window - Got , expected example.com
04:39:41  WARNING -  TEST-UNEXPECTED-FAIL | chrome://mochitests/content/browser/browser/devtools/webconsole/test/browser_webconsole_bug_597103_deactivateHUDForContext_unfocused_window.js | uncaught exception - NS_ERROR_FAILURE: Component returned failure code: 0x80004005 (NS_ERROR_FAILURE) [nsIWebProgress.removeProgressListener] at chrome://browser/content/tabbrowser.xml:1761
04:40:10  WARNING -  TEST-UNEXPECTED-FAIL | chrome://mochitests/content/browser/browser/devtools/webconsole/test/browser_webconsole_bug_597103_deactivateHUDForContext_unfocused_window.js | Test timed out
04:40:11  WARNING -  TEST-UNEXPECTED-FAIL | chrome://mochitests/content/browser/browser/devtools/webconsole/test/browser_webconsole_bug_597103_deactivateHUDForContext_unfocused_window.js | Found a browser window after previous test timed out
04:41:38  WARNING -  TEST-UNEXPECTED-FAIL | chrome://mochitests/content/browser/browser/modules/test/browser_taskbar_preview.js | Got the expected number of windows - Got 1, expected 2
ttaubert
https://tbpl.mozilla.org/php/getParsedLog.php?id=24783006&tree=Mozilla-Central
WINNT 6.2 mozilla-central opt test mochitest-browser-chrome on 2013-07-01 06:22:49
revision: adba381648d0
slave: t-w864-ix-026

06:46:44  WARNING -  TEST-UNEXPECTED-FAIL | chrome://mochitests/content/browser/browser/devtools/webconsole/test/browser_webconsole_bug_597103_deactivateHUDForContext_unfocused_window.js | uncaught exception - NS_ERROR_FAILURE: Component returned failure code: 0x80004005 (NS_ERROR_FAILURE) [nsIWebProgress.removeProgressListener] at chrome://browser/content/tabbrowser.xml:1761
06:47:12  WARNING -  TEST-UNEXPECTED-FAIL | chrome://mochitests/content/browser/browser/devtools/webconsole/test/browser_webconsole_bug_597103_deactivateHUDForContext_unfocused_window.js | Test timed out
06:47:12  WARNING -  TEST-UNEXPECTED-FAIL | chrome://mochitests/content/browser/browser/devtools/webconsole/test/browser_webconsole_bug_597103_deactivateHUDForContext_unfocused_window.js | Found a browser window after previous test timed out
06:48:46  WARNING -  TEST-UNEXPECTED-FAIL | chrome://mochitests/content/browser/browser/modules/test/browser_taskbar_preview.js | Got the expected number of windows - Got 1, expected 2
philor
https://tbpl.mozilla.org/php/getParsedLog.php?id=24795730&tree=Services-Central
WINNT 6.2 services-central opt test mochitest-browser-chrome on 2013-07-01 12:16:56
revision: 4ffb23062b3b
slave: t-w864-ix-044

12:41:26  WARNING -  TEST-UNEXPECTED-FAIL | chrome://mochitests/content/browser/browser/devtools/webconsole/test/browser_webconsole_bug_597103_deactivateHUDForContext_unfocused_window.js | uncaught exception - NS_ERROR_FAILURE: Component returned failure code: 0x80004005 (NS_ERROR_FAILURE) [nsIWebProgress.removeProgressListener] at chrome://browser/content/tabbrowser.xml:1761
12:41:54  WARNING -  TEST-UNEXPECTED-FAIL | chrome://mochitests/content/browser/browser/devtools/webconsole/test/browser_webconsole_bug_597103_deactivateHUDForContext_unfocused_window.js | Test timed out
12:41:54  WARNING -  TEST-UNEXPECTED-FAIL | chrome://mochitests/content/browser/browser/devtools/webconsole/test/browser_webconsole_bug_597103_deactivateHUDForContext_unfocused_window.js | Found a browser window after previous test timed out
12:43:29  WARNING -  TEST-UNEXPECTED-FAIL | chrome://mochitests/content/browser/browser/modules/test/browser_taskbar_preview.js | Got the expected number of windows - Got 1, expected 2
philor
https://tbpl.mozilla.org/php/getParsedLog.php?id=24807128&tree=Mozilla-Inbound
Windows 7 32-bit mozilla-inbound opt test mochitest-browser-chrome on 2013-07-01 17:06:34
revision: 0a15011120d1
slave: t-w732-ix-008

17:28:03  WARNING -  TEST-UNEXPECTED-FAIL | chrome://mochitests/content/browser/browser/devtools/webconsole/test/browser_webconsole_bug_597103_deactivateHUDForContext_unfocused_window.js | uncaught exception - NS_ERROR_FAILURE: Component returned failure code: 0x80004005 (NS_ERROR_FAILURE) [nsIWebProgress.removeProgressListener] at chrome://browser/content/tabbrowser.xml:1763
17:28:32  WARNING -  TEST-UNEXPECTED-FAIL | chrome://mochitests/content/browser/browser/devtools/webconsole/test/browser_webconsole_bug_597103_deactivateHUDForContext_unfocused_window.js | Test timed out
17:28:33  WARNING -  TEST-UNEXPECTED-FAIL | chrome://mochitests/content/browser/browser/devtools/webconsole/test/browser_webconsole_bug_597103_deactivateHUDForContext_unfocused_window.js | Found a browser window after previous test timed out
17:30:04  WARNING -  TEST-UNEXPECTED-FAIL | chrome://mochitests/content/browser/browser/modules/test/browser_taskbar_preview.js | Got the expected number of windows - Got 1, expected 2
RyanVM
https://tbpl.mozilla.org/php/getParsedLog.php?id=24826631&tree=Birch
WINNT 6.2 birch opt test mochitest-browser-chrome on 2013-07-02 03:51:57
revision: d18d02172bb5
slave: t-w864-ix-130

04:14:25  WARNING -  TEST-UNEXPECTED-FAIL | chrome://mochitests/content/browser/browser/devtools/webconsole/test/browser_webconsole_bug_597103_deactivateHUDForContext_unfocused_window.js | uncaught exception - NS_ERROR_FAILURE: Component returned failure code: 0x80004005 (NS_ERROR_FAILURE) [nsIWebProgress.removeProgressListener] at chrome://browser/content/tabbrowser.xml:1761
04:14:53  WARNING -  TEST-UNEXPECTED-FAIL | chrome://mochitests/content/browser/browser/devtools/webconsole/test/browser_webconsole_bug_597103_deactivateHUDForContext_unfocused_window.js | Test timed out
04:14:53  WARNING -  TEST-UNEXPECTED-FAIL | chrome://mochitests/content/browser/browser/devtools/webconsole/test/browser_webconsole_bug_597103_deactivateHUDForContext_unfocused_window.js | Found a browser window after previous test timed out
04:16:29  WARNING -  TEST-UNEXPECTED-FAIL | chrome://mochitests/content/browser/browser/modules/test/browser_taskbar_preview.js | Got the expected number of windows - Got 1, expected 2
philor
https://tbpl.mozilla.org/php/getParsedLog.php?id=24868336&tree=Birch
WINNT 6.2 birch opt test mochitest-browser-chrome on 2013-07-02 21:11:03
revision: 2eddca08eac0
slave: t-w864-ix-107

21:34:44  WARNING -  TEST-UNEXPECTED-FAIL | chrome://mochitests/content/browser/browser/devtools/webconsole/test/browser_webconsole_bug_597103_deactivateHUDForContext_unfocused_window.js | uncaught exception - NS_ERROR_FAILURE: Component returned failure code: 0x80004005 (NS_ERROR_FAILURE) [nsIWebProgress.removeProgressListener] at chrome://browser/content/tabbrowser.xml:1763
21:35:12  WARNING -  TEST-UNEXPECTED-FAIL | chrome://mochitests/content/browser/browser/devtools/webconsole/test/browser_webconsole_bug_597103_deactivateHUDForContext_unfocused_window.js | Test timed out
21:35:13  WARNING -  TEST-UNEXPECTED-FAIL | chrome://mochitests/content/browser/browser/devtools/webconsole/test/browser_webconsole_bug_597103_deactivateHUDForContext_unfocused_window.js | Found a browser window after previous test timed out
21:36:51  WARNING -  TEST-UNEXPECTED-FAIL | chrome://mochitests/content/browser/browser/modules/test/browser_taskbar_preview.js | Got the expected number of windows - Got 1, expected 2
RyanVM
https://tbpl.mozilla.org/php/getParsedLog.php?id=24886431&tree=Fx-Team
Windows XP 32-bit fx-team opt test mochitest-browser-chrome on 2013-07-03 07:29:52
revision: 2cae857c17cb
slave: t-xp32-ix-042

07:50:42  WARNING -  TEST-UNEXPECTED-FAIL | chrome://mochitests/content/browser/browser/devtools/webconsole/test/browser_webconsole_bug_597103_deactivateHUDForContext_unfocused_window.js | uncaught exception - NS_ERROR_FAILURE: Component returned failure code: 0x80004005 (NS_ERROR_FAILURE) [nsIWebProgress.removeProgressListener] at chrome://browser/content/tabbrowser.xml:1763
07:51:10  WARNING -  TEST-UNEXPECTED-FAIL | chrome://mochitests/content/browser/browser/devtools/webconsole/test/browser_webconsole_bug_597103_deactivateHUDForContext_unfocused_window.js | Test timed out
07:51:12  WARNING -  TEST-UNEXPECTED-FAIL | chrome://mochitests/content/browser/browser/devtools/webconsole/test/browser_webconsole_bug_597103_deactivateHUDForContext_unfocused_window.js | Found a browser window after previous test timed out
Gijs
https://tbpl.mozilla.org/php/getParsedLog.php?id=24896622&tree=UX
WINNT 6.2 ux opt test mochitest-browser-chrome on 2013-07-03 11:02:09
revision: b6f8dc3e635b
slave: t-w864-ix-041

11:26:03  WARNING -  TEST-UNEXPECTED-FAIL | chrome://mochitests/content/browser/browser/devtools/webconsole/test/browser_webconsole_bug_597103_deactivateHUDForContext_unfocused_window.js | uncaught exception - NS_ERROR_FAILURE: Component returned failure code: 0x80004005 (NS_ERROR_FAILURE) [nsIWebProgress.removeProgressListener] at chrome://browser/content/tabbrowser.xml:1761
11:26:31  WARNING -  TEST-UNEXPECTED-FAIL | chrome://mochitests/content/browser/browser/devtools/webconsole/test/browser_webconsole_bug_597103_deactivateHUDForContext_unfocused_window.js | Test timed out
11:26:32  WARNING -  TEST-UNEXPECTED-FAIL | chrome://mochitests/content/browser/browser/devtools/webconsole/test/browser_webconsole_bug_597103_deactivateHUDForContext_unfocused_window.js | Found a browser window after previous test timed out
11:28:09  WARNING -  TEST-UNEXPECTED-FAIL | chrome://mochitests/content/browser/browser/modules/test/browser_taskbar_preview.js | Got the expected number of windows - Got 1, expected 2
RyanVM
https://tbpl.mozilla.org/php/getParsedLog.php?id=24901248&tree=Mozilla-Central
WINNT 6.2 mozilla-central opt test mochitest-browser-chrome on 2013-07-03 12:38:58
revision: dcbbfcdf7bb4
slave: t-w864-ix-121

13:02:56  WARNING -  TEST-UNEXPECTED-FAIL | chrome://mochitests/content/browser/browser/devtools/webconsole/test/browser_webconsole_bug_597103_deactivateHUDForContext_unfocused_window.js | uncaught exception - NS_ERROR_FAILURE: Component returned failure code: 0x80004005 (NS_ERROR_FAILURE) [nsIWebProgress.removeProgressListener] at chrome://browser/content/tabbrowser.xml:1763
13:03:24  WARNING -  TEST-UNEXPECTED-FAIL | chrome://mochitests/content/browser/browser/devtools/webconsole/test/browser_webconsole_bug_597103_deactivateHUDForContext_unfocused_window.js | Test timed out
13:03:24  WARNING -  TEST-UNEXPECTED-FAIL | chrome://mochitests/content/browser/browser/devtools/webconsole/test/browser_webconsole_bug_597103_deactivateHUDForContext_unfocused_window.js | Found a browser window after previous test timed out
13:05:01  WARNING -  TEST-UNEXPECTED-FAIL | chrome://mochitests/content/browser/browser/modules/test/browser_taskbar_preview.js | Got the expected number of windows - Got 1, expected 2
philor
https://tbpl.mozilla.org/php/getParsedLog.php?id=24907254&tree=Cedar
WINNT 6.2 cedar opt test mochitest-browser-chrome on 2013-07-03 14:40:27
revision: efb2c9d5f0d7
slave: t-w864-ix-110

15:04:17  WARNING -  TEST-UNEXPECTED-FAIL | chrome://mochitests/content/browser/browser/devtools/webconsole/test/browser_webconsole_bug_597103_deactivateHUDForContext_unfocused_window.js | uncaught exception - NS_ERROR_FAILURE: Component returned failure code: 0x80004005 (NS_ERROR_FAILURE) [nsIWebProgress.removeProgressListener] at chrome://browser/content/tabbrowser.xml:1763
15:04:45  WARNING -  TEST-UNEXPECTED-FAIL | chrome://mochitests/content/browser/browser/devtools/webconsole/test/browser_webconsole_bug_597103_deactivateHUDForContext_unfocused_window.js | Test timed out
15:04:46  WARNING -  TEST-UNEXPECTED-FAIL | chrome://mochitests/content/browser/browser/devtools/webconsole/test/browser_webconsole_bug_597103_deactivateHUDForContext_unfocused_window.js | Found a browser window after previous test timed out
15:06:22  WARNING -  TEST-UNEXPECTED-FAIL | chrome://mochitests/content/browser/browser/modules/test/browser_taskbar_preview.js | Got the expected number of windows - Got 1, expected 2
philor
https://tbpl.mozilla.org/php/getParsedLog.php?id=24923424&tree=Mozilla-Inbound
WINNT 6.2 mozilla-inbound opt test mochitest-browser-chrome on 2013-07-03 21:11:51
revision: 35ce088f84a0
slave: t-w864-ix-048

21:34:57  WARNING -  TEST-UNEXPECTED-FAIL | chrome://mochitests/content/browser/browser/devtools/webconsole/test/browser_webconsole_bug_597103_deactivateHUDForContext_unfocused_window.js | uncaught exception - NS_ERROR_FAILURE: Component returned failure code: 0x80004005 (NS_ERROR_FAILURE) [nsIWebProgress.removeProgressListener] at chrome://browser/content/tabbrowser.xml:1763
21:35:25  WARNING -  TEST-UNEXPECTED-FAIL | chrome://mochitests/content/browser/browser/devtools/webconsole/test/browser_webconsole_bug_597103_deactivateHUDForContext_unfocused_window.js | Test timed out
21:35:25  WARNING -  TEST-UNEXPECTED-FAIL | chrome://mochitests/content/browser/browser/devtools/webconsole/test/browser_webconsole_bug_597103_deactivateHUDForContext_unfocused_window.js | Found a browser window after previous test timed out
21:37:00  WARNING -  TEST-UNEXPECTED-FAIL | chrome://mochitests/content/browser/browser/modules/test/browser_taskbar_preview.js | Got the expected number of windows - Got 1, expected 2
philor
https://tbpl.mozilla.org/php/getParsedLog.php?id=24934812&tree=Mozilla-Inbound
WINNT 6.2 mozilla-inbound opt test mochitest-browser-chrome on 2013-07-04 06:51:05
revision: 0dbc3d79971d
slave: t-w864-ix-005

07:13:43  WARNING -  TEST-UNEXPECTED-FAIL | chrome://mochitests/content/browser/browser/devtools/webconsole/test/browser_webconsole_bug_597103_deactivateHUDForContext_unfocused_window.js | uncaught exception - NS_ERROR_FAILURE: Component returned failure code: 0x80004005 (NS_ERROR_FAILURE) [nsIWebProgress.removeProgressListener] at chrome://browser/content/tabbrowser.xml:1763
07:14:10  WARNING -  TEST-UNEXPECTED-FAIL | chrome://mochitests/content/browser/browser/devtools/webconsole/test/browser_webconsole_bug_597103_deactivateHUDForContext_unfocused_window.js | Test timed out
07:14:11  WARNING -  TEST-UNEXPECTED-FAIL | chrome://mochitests/content/browser/browser/devtools/webconsole/test/browser_webconsole_bug_597103_deactivateHUDForContext_unfocused_window.js | Found a browser window after previous test timed out
07:15:49  WARNING -  TEST-UNEXPECTED-FAIL | chrome://mochitests/content/browser/browser/modules/test/browser_taskbar_preview.js | Got the expected number of windows - Got 1, expected 2
ehsan
https://tbpl.mozilla.org/php/getParsedLog.php?id=24939007&tree=Mozilla-Inbound
WINNT 6.2 mozilla-inbound opt test mochitest-browser-chrome on 2013-07-04 08:36:11
revision: b9734ba18393
slave: t-w864-ix-125

08:59:28  WARNING -  TEST-UNEXPECTED-FAIL | chrome://mochitests/content/browser/browser/devtools/webconsole/test/browser_webconsole_bug_597103_deactivateHUDForContext_unfocused_window.js | uncaught exception - NS_ERROR_FAILURE: Component returned failure code: 0x80004005 (NS_ERROR_FAILURE) [nsIWebProgress.removeProgressListener] at chrome://browser/content/tabbrowser.xml:1763
08:59:56  WARNING -  TEST-UNEXPECTED-FAIL | chrome://mochitests/content/browser/browser/devtools/webconsole/test/browser_webconsole_bug_597103_deactivateHUDForContext_unfocused_window.js | Test timed out
08:59:57  WARNING -  TEST-UNEXPECTED-FAIL | chrome://mochitests/content/browser/browser/devtools/webconsole/test/browser_webconsole_bug_597103_deactivateHUDForContext_unfocused_window.js | Found a browser window after previous test timed out
09:01:33  WARNING -  TEST-UNEXPECTED-FAIL | chrome://mochitests/content/browser/browser/modules/test/browser_taskbar_preview.js | Got the expected number of windows - Got 1, expected 2
Jim, can you please check these intermittent failures? See comment 16 and 19, and bug 874635. Thank you!
philor
https://tbpl.mozilla.org/php/getParsedLog.php?id=24943720&tree=Mozilla-Inbound
WINNT 6.2 mozilla-inbound opt test mochitest-browser-chrome on 2013-07-04 10:51:00
revision: 115b64ca3075
slave: t-w864-ix-111

11:13:35  WARNING -  TEST-UNEXPECTED-FAIL | chrome://mochitests/content/browser/browser/devtools/webconsole/test/browser_webconsole_bug_597103_deactivateHUDForContext_unfocused_window.js | uncaught exception - NS_ERROR_FAILURE: Component returned failure code: 0x80004005 (NS_ERROR_FAILURE) [nsIWebProgress.removeProgressListener] at chrome://browser/content/tabbrowser.xml:1763
11:14:03  WARNING -  TEST-UNEXPECTED-FAIL | chrome://mochitests/content/browser/browser/devtools/webconsole/test/browser_webconsole_bug_597103_deactivateHUDForContext_unfocused_window.js | Test timed out
11:14:03  WARNING -  TEST-UNEXPECTED-FAIL | chrome://mochitests/content/browser/browser/devtools/webconsole/test/browser_webconsole_bug_597103_deactivateHUDForContext_unfocused_window.js | Found a browser window after previous test timed out
11:15:38  WARNING -  TEST-UNEXPECTED-FAIL | chrome://mochitests/content/browser/browser/modules/test/browser_taskbar_preview.js | Got the expected number of windows - Got 1, expected 2
philor
https://tbpl.mozilla.org/php/getParsedLog.php?id=24950389&tree=Mozilla-Inbound
WINNT 6.2 mozilla-inbound opt test mochitest-browser-chrome on 2013-07-04 14:24:19
revision: 7d6d824067ea
slave: t-w864-ix-015

14:47:11  WARNING -  TEST-UNEXPECTED-FAIL | chrome://mochitests/content/browser/browser/devtools/webconsole/test/browser_webconsole_bug_597103_deactivateHUDForContext_unfocused_window.js | uncaught exception - NS_ERROR_FAILURE: Component returned failure code: 0x80004005 (NS_ERROR_FAILURE) [nsIWebProgress.removeProgressListener] at chrome://browser/content/tabbrowser.xml:1763
14:47:39  WARNING -  TEST-UNEXPECTED-FAIL | chrome://mochitests/content/browser/browser/devtools/webconsole/test/browser_webconsole_bug_597103_deactivateHUDForContext_unfocused_window.js | Test timed out
14:47:40  WARNING -  TEST-UNEXPECTED-FAIL | chrome://mochitests/content/browser/browser/devtools/webconsole/test/browser_webconsole_bug_597103_deactivateHUDForContext_unfocused_window.js | Found a browser window after previous test timed out
14:49:14  WARNING -  TEST-UNEXPECTED-FAIL | chrome://mochitests/content/browser/browser/modules/test/browser_taskbar_preview.js | Got the expected number of windows - Got 1, expected 2
Gijs
https://tbpl.mozilla.org/php/getParsedLog.php?id=24957183&tree=UX
WINNT 6.2 ux opt test mochitest-browser-chrome on 2013-07-04 17:31:06
revision: 2208231fab50
slave: t-w864-ix-037

17:54:24  WARNING -  TEST-UNEXPECTED-FAIL | chrome://mochitests/content/browser/browser/devtools/webconsole/test/browser_webconsole_bug_597103_deactivateHUDForContext_unfocused_window.js | uncaught exception - NS_ERROR_FAILURE: Component returned failure code: 0x80004005 (NS_ERROR_FAILURE) [nsIWebProgress.removeProgressListener] at chrome://browser/content/tabbrowser.xml:1761
17:54:52  WARNING -  TEST-UNEXPECTED-FAIL | chrome://mochitests/content/browser/browser/devtools/webconsole/test/browser_webconsole_bug_597103_deactivateHUDForContext_unfocused_window.js | Test timed out
17:54:53  WARNING -  TEST-UNEXPECTED-FAIL | chrome://mochitests/content/browser/browser/devtools/webconsole/test/browser_webconsole_bug_597103_deactivateHUDForContext_unfocused_window.js | Found a browser window after previous test timed out
17:56:30  WARNING -  TEST-UNEXPECTED-FAIL | chrome://mochitests/content/browser/browser/modules/test/browser_taskbar_preview.js | Got the expected number of windows - Got 1, expected 2
I really don't know this code at all as I don't work on firefox front end / dev tools. Maybe there is someone from that group that can poke at this? FWIW, I can't reproduce locally.
(In reply to Jim Mathies [:jimm] from comment #87)
> I really don't know this code at all as I don't work on firefox front end /
> dev tools. Maybe there is someone from that group that can poke at this?
> FWIW, I can't reproduce locally.

I'm not sure what your timezone is, can we sync to talk on IRC?

I know the web console code, but the exception happens in the windows-specific taskbar preview code - please look at the tbpl logs of the test failures. The test only opens some windows and closes the quickly...

There seems to be some kind of a race causing an exception. I tried to identify it and fix it in bug 874635 and it seems that work wasn't sufficient. I would appreciate it if I could talk with someone who knows that code. Any suggestions? Are there some events I should wait for, other than window load?

Thanks!
(In reply to Mihai Sucan [:msucan] from comment #88)
> (In reply to Jim Mathies [:jimm] from comment #87)
> > I really don't know this code at all as I don't work on firefox front end /
> > dev tools. Maybe there is someone from that group that can poke at this?
> > FWIW, I can't reproduce locally.
> 
> I'm not sure what your timezone is, can we sync to talk on IRC?

sure, next week some time. I'm always on #developers and #windev.

> I know the web console code, but the exception happens in the
> windows-specific taskbar preview code - please look at the tbpl logs of the
> test failures. The test only opens some windows and closes the quickly...

There are multiple failures in dev tools, which leave a window open that later shows up in a taskbar test as a unidentified window. The taskbar failure is just a side effect of whatever went wrong in browser_webconsole_bug_597103_deactivateHUDForContext_unfocused_window.js.
RyanVM
https://tbpl.mozilla.org/php/getParsedLog.php?id=25003604&tree=Mozilla-Inbound
WINNT 6.2 mozilla-inbound opt test mochitest-browser-chrome on 2013-07-07 19:56:58
revision: e5d26a0da6e9
slave: t-w864-ix-058

20:20:27  WARNING -  TEST-UNEXPECTED-FAIL | chrome://mochitests/content/browser/browser/devtools/webconsole/test/browser_webconsole_bug_597103_deactivateHUDForContext_unfocused_window.js | uncaught exception - NS_ERROR_FAILURE: Component returned failure code: 0x80004005 (NS_ERROR_FAILURE) [nsIWebProgress.removeProgressListener] at chrome://browser/content/tabbrowser.xml:1801
20:20:55  WARNING -  TEST-UNEXPECTED-FAIL | chrome://mochitests/content/browser/browser/devtools/webconsole/test/browser_webconsole_bug_597103_deactivateHUDForContext_unfocused_window.js | Test timed out
20:20:55  WARNING -  TEST-UNEXPECTED-FAIL | chrome://mochitests/content/browser/browser/devtools/webconsole/test/browser_webconsole_bug_597103_deactivateHUDForContext_unfocused_window.js | Found a browser window after previous test timed out
20:22:31  WARNING -  TEST-UNEXPECTED-FAIL | chrome://mochitests/content/browser/browser/modules/test/browser_taskbar_preview.js | Got the expected number of windows - Got 1, expected 2
edmorley
https://tbpl.mozilla.org/php/getParsedLog.php?id=25013010&tree=Birch
WINNT 6.2 birch opt test mochitest-browser-chrome on 2013-07-08 05:20:48
revision: 7345a2261e42
slave: t-w864-ix-074

05:44:35  WARNING -  TEST-UNEXPECTED-FAIL | chrome://mochitests/content/browser/browser/devtools/webconsole/test/browser_webconsole_bug_597103_deactivateHUDForContext_unfocused_window.js | uncaught exception - NS_ERROR_FAILURE: Component returned failure code: 0x80004005 (NS_ERROR_FAILURE) [nsIWebProgress.removeProgressListener] at chrome://browser/content/tabbrowser.xml:1801
05:45:03  WARNING -  TEST-UNEXPECTED-FAIL | chrome://mochitests/content/browser/browser/devtools/webconsole/test/browser_webconsole_bug_597103_deactivateHUDForContext_unfocused_window.js | Test timed out
05:45:03  WARNING -  TEST-UNEXPECTED-FAIL | chrome://mochitests/content/browser/browser/devtools/webconsole/test/browser_webconsole_bug_597103_deactivateHUDForContext_unfocused_window.js | Found a browser window after previous test timed out
05:46:39  WARNING -  TEST-UNEXPECTED-FAIL | chrome://mochitests/content/browser/browser/modules/test/browser_taskbar_preview.js | Got the expected number of windows - Got 1, expected 2
bugs%pettay.fi
https://tbpl.mozilla.org/php/getParsedLog.php?id=25032643&tree=Try
Ubuntu VM 12.04 try opt test mochitest-browser-chrome on 2013-07-08 12:47:03
revision: d5f17a628d68
slave: tst-linux32-ec2-109

13:22:48  WARNING -  TEST-UNEXPECTED-FAIL | chrome://mochitests/content/browser/browser/devtools/webconsole/test/browser_webconsole_bug_597103_deactivateHUDForContext_unfocused_window.js | Test timed out
13:23:06  WARNING -  TEST-UNEXPECTED-FAIL | chrome://mochitests/content/browser/browser/devtools/webconsole/test/browser_webconsole_bug_597103_deactivateHUDForContext_unfocused_window.js | Found a browser window after previous test timed out
edmorley
https://tbpl.mozilla.org/php/getParsedLog.php?id=25062416&tree=Mozilla-Inbound
Windows XP 32-bit mozilla-inbound opt test mochitest-browser-chrome on 2013-07-09 04:17:59
revision: ebdf97f9ec52
slave: t-xp32-ix-120

03:37:39  WARNING -  TEST-UNEXPECTED-FAIL | chrome://mochitests/content/browser/browser/devtools/webconsole/test/browser_webconsole_bug_597103_deactivateHUDForContext_unfocused_window.js | uncaught exception - NS_ERROR_FAILURE: Component returned failure code: 0x80004005 (NS_ERROR_FAILURE) [nsIWebProgress.removeProgressListener] at chrome://browser/content/tabbrowser.xml:1801
03:38:08  WARNING -  TEST-UNEXPECTED-FAIL | chrome://mochitests/content/browser/browser/devtools/webconsole/test/browser_webconsole_bug_597103_deactivateHUDForContext_unfocused_window.js | Test timed out
03:38:09  WARNING -  TEST-UNEXPECTED-FAIL | chrome://mochitests/content/browser/browser/devtools/webconsole/test/browser_webconsole_bug_597103_deactivateHUDForContext_unfocused_window.js | Found a browser window after previous test timed out
edmorley
https://tbpl.mozilla.org/php/getParsedLog.php?id=25063692&tree=Mozilla-Inbound
WINNT 6.2 mozilla-inbound opt test mochitest-browser-chrome on 2013-07-09 04:47:07
revision: f8ce7dca775d
slave: t-w864-ix-022

05:10:17  WARNING -  TEST-UNEXPECTED-FAIL | chrome://mochitests/content/browser/browser/devtools/webconsole/test/browser_webconsole_bug_597103_deactivateHUDForContext_unfocused_window.js | uncaught exception - NS_ERROR_FAILURE: Component returned failure code: 0x80004005 (NS_ERROR_FAILURE) [nsIWebProgress.removeProgressListener] at chrome://browser/content/tabbrowser.xml:1801
05:10:45  WARNING -  TEST-UNEXPECTED-FAIL | chrome://mochitests/content/browser/browser/devtools/webconsole/test/browser_webconsole_bug_597103_deactivateHUDForContext_unfocused_window.js | Test timed out
05:10:45  WARNING -  TEST-UNEXPECTED-FAIL | chrome://mochitests/content/browser/browser/devtools/webconsole/test/browser_webconsole_bug_597103_deactivateHUDForContext_unfocused_window.js | Found a browser window after previous test timed out
05:12:21  WARNING -  TEST-UNEXPECTED-FAIL | chrome://mochitests/content/browser/browser/modules/test/browser_taskbar_preview.js | Got the expected number of windows - Got 1, expected 2
philor
https://tbpl.mozilla.org/php/getParsedLog.php?id=25069224&tree=Mozilla-Inbound
WINNT 6.2 mozilla-inbound opt test mochitest-browser-chrome on 2013-07-09 07:42:09
revision: 65d8c8919823
slave: t-w864-ix-119

08:05:50  WARNING -  TEST-UNEXPECTED-FAIL | chrome://mochitests/content/browser/browser/devtools/webconsole/test/browser_webconsole_bug_597103_deactivateHUDForContext_unfocused_window.js | uncaught exception - NS_ERROR_FAILURE: Component returned failure code: 0x80004005 (NS_ERROR_FAILURE) [nsIWebProgress.removeProgressListener] at chrome://browser/content/tabbrowser.xml:1801
08:06:18  WARNING -  TEST-UNEXPECTED-FAIL | chrome://mochitests/content/browser/browser/devtools/webconsole/test/browser_webconsole_bug_597103_deactivateHUDForContext_unfocused_window.js | Test timed out
08:06:18  WARNING -  TEST-UNEXPECTED-FAIL | chrome://mochitests/content/browser/browser/devtools/webconsole/test/browser_webconsole_bug_597103_deactivateHUDForContext_unfocused_window.js | Found a browser window after previous test timed out
08:07:57  WARNING -  TEST-UNEXPECTED-FAIL | chrome://mochitests/content/browser/browser/modules/test/browser_taskbar_preview.js | Got the expected number of windows - Got 1, expected 2
RyanVM
https://tbpl.mozilla.org/php/getParsedLog.php?id=25072682&tree=Mozilla-Central
WINNT 6.2 mozilla-central opt test mochitest-browser-chrome on 2013-07-09 09:04:59
revision: 04d8c309fe72
slave: t-w864-ix-006

09:29:11  WARNING -  TEST-UNEXPECTED-FAIL | chrome://mochitests/content/browser/browser/devtools/webconsole/test/browser_webconsole_bug_597103_deactivateHUDForContext_unfocused_window.js | uncaught exception - NS_ERROR_FAILURE: Component returned failure code: 0x80004005 (NS_ERROR_FAILURE) [nsIWebProgress.removeProgressListener] at chrome://browser/content/tabbrowser.xml:1801
09:29:39  WARNING -  TEST-UNEXPECTED-FAIL | chrome://mochitests/content/browser/browser/devtools/webconsole/test/browser_webconsole_bug_597103_deactivateHUDForContext_unfocused_window.js | Test timed out
09:29:39  WARNING -  TEST-UNEXPECTED-FAIL | chrome://mochitests/content/browser/browser/devtools/webconsole/test/browser_webconsole_bug_597103_deactivateHUDForContext_unfocused_window.js | Found a browser window after previous test timed out
09:31:15  WARNING -  TEST-UNEXPECTED-FAIL | chrome://mochitests/content/browser/browser/modules/test/browser_taskbar_preview.js | Got the expected number of windows - Got 1, expected 2
edmorley
https://tbpl.mozilla.org/php/getParsedLog.php?id=25120149&tree=Mozilla-Inbound
Ubuntu VM 12.04 mozilla-inbound opt test mochitest-browser-chrome on 2013-07-10 04:46:24
revision: f713336da7ef
slave: tst-linux32-ec2-089

05:06:47  WARNING -  TEST-UNEXPECTED-FAIL | chrome://mochitests/content/browser/browser/devtools/debugger/test/browser_dbg_bug883220_raise_on_pause.js | Test timed out
05:07:01  WARNING -  TEST-UNEXPECTED-FAIL | chrome://mochitests/content/browser/browser/devtools/debugger/test/browser_dbg_bug883220_raise_on_pause.js | uncaught exception - ReferenceError: info is not defined at chrome://mochitests/content/browser/browser/devtools/debugger/test/browser_dbg_bug883220_raise_on_pause.js:46
05:20:30  WARNING -  TEST-UNEXPECTED-FAIL | chrome://mochitests/content/browser/browser/devtools/webconsole/test/browser_webconsole_bug_597103_deactivateHUDForContext_unfocused_window.js | Test timed out
05:20:30  WARNING -  TEST-UNEXPECTED-FAIL | chrome://mochitests/content/browser/browser/devtools/webconsole/test/browser_webconsole_bug_597103_deactivateHUDForContext_unfocused_window.js | Found a browser window after previous test timed out
ttaubert
https://tbpl.mozilla.org/php/getParsedLog.php?id=25154464&tree=Fx-Team
WINNT 6.2 fx-team opt test mochitest-browser-chrome on 2013-07-10 19:46:08
revision: 78e13e80e2b2
slave: t-w864-ix-112

20:08:23  WARNING -  TEST-UNEXPECTED-FAIL | chrome://mochitests/content/browser/browser/devtools/webconsole/test/browser_webconsole_bug_597103_deactivateHUDForContext_unfocused_window.js | uncaught exception - NS_ERROR_FAILURE: Component returned failure code: 0x80004005 (NS_ERROR_FAILURE) [nsIWebProgress.removeProgressListener] at chrome://browser/content/tabbrowser.xml:1801
20:08:51  WARNING -  TEST-UNEXPECTED-FAIL | chrome://mochitests/content/browser/browser/devtools/webconsole/test/browser_webconsole_bug_597103_deactivateHUDForContext_unfocused_window.js | Test timed out
20:08:51  WARNING -  TEST-UNEXPECTED-FAIL | chrome://mochitests/content/browser/browser/devtools/webconsole/test/browser_webconsole_bug_597103_deactivateHUDForContext_unfocused_window.js | Found a browser window after previous test timed out
20:10:24  WARNING -  TEST-UNEXPECTED-FAIL | chrome://mochitests/content/browser/browser/modules/test/browser_taskbar_preview.js | Got the expected number of windows - Got 1, expected 2
philor
https://tbpl.mozilla.org/php/getParsedLog.php?id=25203252&tree=Mozilla-Central
WINNT 6.2 mozilla-central opt test mochitest-browser-chrome on 2013-07-11 20:16:01
revision: 9db9da2ecca0
slave: t-w864-ix-047

20:38:15  WARNING -  TEST-UNEXPECTED-FAIL | chrome://mochitests/content/browser/browser/devtools/webconsole/test/browser_webconsole_bug_597103_deactivateHUDForContext_unfocused_window.js | uncaught exception - NS_ERROR_FAILURE: Component returned failure code: 0x80004005 (NS_ERROR_FAILURE) [nsIWebProgress.removeProgressListener] at chrome://browser/content/tabbrowser.xml:1813
20:38:43  WARNING -  TEST-UNEXPECTED-FAIL | chrome://mochitests/content/browser/browser/devtools/webconsole/test/browser_webconsole_bug_597103_deactivateHUDForContext_unfocused_window.js | Test timed out
20:38:44  WARNING -  TEST-UNEXPECTED-FAIL | chrome://mochitests/content/browser/browser/devtools/webconsole/test/browser_webconsole_bug_597103_deactivateHUDForContext_unfocused_window.js | Found a browser window after previous test timed out
20:40:15  WARNING -  TEST-UNEXPECTED-FAIL | chrome://mochitests/content/browser/browser/modules/test/browser_taskbar_preview.js | Got the expected number of windows - Got 1, expected 2
edmorley
https://tbpl.mozilla.org/php/getParsedLog.php?id=25210434&tree=Mozilla-Inbound
WINNT 6.2 mozilla-inbound opt test mochitest-browser-chrome on 2013-07-12 01:02:18
revision: 08cb6548110d
slave: t-w864-ix-093

01:25:19  WARNING -  TEST-UNEXPECTED-FAIL | chrome://mochitests/content/browser/browser/devtools/webconsole/test/browser_webconsole_bug_597103_deactivateHUDForContext_unfocused_window.js | uncaught exception - NS_ERROR_FAILURE: Component returned failure code: 0x80004005 (NS_ERROR_FAILURE) [nsIWebProgress.removeProgressListener] at chrome://browser/content/tabbrowser.xml:1813
01:25:47  WARNING -  TEST-UNEXPECTED-FAIL | chrome://mochitests/content/browser/browser/devtools/webconsole/test/browser_webconsole_bug_597103_deactivateHUDForContext_unfocused_window.js | Test timed out
01:25:47  WARNING -  TEST-UNEXPECTED-FAIL | chrome://mochitests/content/browser/browser/devtools/webconsole/test/browser_webconsole_bug_597103_deactivateHUDForContext_unfocused_window.js | Found a browser window after previous test timed out
01:27:21  WARNING -  TEST-UNEXPECTED-FAIL | chrome://mochitests/content/browser/browser/modules/test/browser_taskbar_preview.js | Got the expected number of windows - Got 1, expected 2
philor
https://tbpl.mozilla.org/php/getParsedLog.php?id=25264624&tree=Mozilla-Inbound
WINNT 6.2 mozilla-inbound opt test mochitest-browser-chrome on 2013-07-13 10:14:04
revision: b527f451d64d
slave: t-w864-ix-036

10:36:29  WARNING -  TEST-UNEXPECTED-FAIL | chrome://mochitests/content/browser/browser/devtools/webconsole/test/browser_webconsole_bug_597103_deactivateHUDForContext_unfocused_window.js | uncaught exception - NS_ERROR_FAILURE: Component returned failure code: 0x80004005 (NS_ERROR_FAILURE) [nsIWebProgress.removeProgressListener] at chrome://browser/content/tabbrowser.xml:1813
10:36:58  WARNING -  TEST-UNEXPECTED-FAIL | chrome://mochitests/content/browser/browser/devtools/webconsole/test/browser_webconsole_bug_597103_deactivateHUDForContext_unfocused_window.js | Test timed out
10:36:58  WARNING -  TEST-UNEXPECTED-FAIL | chrome://mochitests/content/browser/browser/devtools/webconsole/test/browser_webconsole_bug_597103_deactivateHUDForContext_unfocused_window.js | Found a browser window after previous test timed out
10:38:26  WARNING -  TEST-UNEXPECTED-FAIL | chrome://mochitests/content/browser/browser/modules/test/browser_taskbar_preview.js | Got the expected number of windows - Got 1, expected 2
KWierso
https://tbpl.mozilla.org/php/getParsedLog.php?id=25291167&tree=Birch
WINNT 6.2 birch opt test mochitest-browser-chrome on 2013-07-15 11:42:04
revision: befbe3aa46fc
slave: t-w864-ix-114

11:44:46    ERROR - Return code: 1
11:44:47    ERROR - Return code: 1
12:03:49  WARNING -  TEST-UNEXPECTED-FAIL | chrome://mochitests/content/browser/browser/devtools/webconsole/test/browser_webconsole_bug_597103_deactivateHUDForContext_unfocused_window.js | uncaught exception - NS_ERROR_FAILURE: Component returned failure code: 0x80004005 (NS_ERROR_FAILURE) [nsIWebProgress.removeProgressListener] at chrome://browser/content/tabbrowser.xml:1813
12:04:17  WARNING -  TEST-UNEXPECTED-FAIL | chrome://mochitests/content/browser/browser/devtools/webconsole/test/browser_webconsole_bug_597103_deactivateHUDForContext_unfocused_window.js | Test timed out
12:04:17  WARNING -  TEST-UNEXPECTED-FAIL | chrome://mochitests/content/browser/browser/devtools/webconsole/test/browser_webconsole_bug_597103_deactivateHUDForContext_unfocused_window.js | Found a browser window after previous test timed out
12:05:46  WARNING -  TEST-UNEXPECTED-FAIL | chrome://mochitests/content/browser/browser/modules/test/browser_taskbar_preview.js | Got the expected number of windows - Got 1, expected 2
msucan
https://tbpl.mozilla.org/php/getParsedLog.php?id=25289366&tree=Try
WINNT 6.2 try opt test mochitest-browser-chrome on 2013-07-15 10:29:12
revision: d9024f1bcd70
slave: t-w864-ix-091

10:51:31  WARNING -  TEST-UNEXPECTED-FAIL | chrome://mochitests/content/browser/browser/devtools/webconsole/test/browser_webconsole_bug_597103_deactivateHUDForContext_unfocused_window.js | uncaught exception - NS_ERROR_FAILURE: Component returned failure code: 0x80004005 (NS_ERROR_FAILURE) [nsIWebProgress.removeProgressListener] at chrome://browser/content/tabbrowser.xml:1813
10:52:00  WARNING -  TEST-UNEXPECTED-FAIL | chrome://mochitests/content/browser/browser/devtools/webconsole/test/browser_webconsole_bug_597103_deactivateHUDForContext_unfocused_window.js | Test timed out
10:52:01  WARNING -  TEST-UNEXPECTED-FAIL | chrome://mochitests/content/browser/browser/devtools/webconsole/test/browser_webconsole_bug_597103_deactivateHUDForContext_unfocused_window.js | Found a browser window after previous test timed out
10:53:32  WARNING -  TEST-UNEXPECTED-FAIL | chrome://mochitests/content/browser/browser/modules/test/browser_taskbar_preview.js | Got the expected number of windows - Got 1, expected 2
KWierso
https://tbpl.mozilla.org/php/getParsedLog.php?id=25301042&tree=Mozilla-Inbound
WINNT 6.2 mozilla-inbound opt test mochitest-browser-chrome on 2013-07-15 15:32:48
revision: 6d739868bd90
slave: t-w864-ix-040

15:36:21    ERROR - Return code: 1
15:36:25    ERROR - Return code: 1
15:55:54  WARNING -  TEST-UNEXPECTED-FAIL | chrome://mochitests/content/browser/browser/devtools/webconsole/test/browser_webconsole_bug_597103_deactivateHUDForContext_unfocused_window.js | uncaught exception - NS_ERROR_FAILURE: Component returned failure code: 0x80004005 (NS_ERROR_FAILURE) [nsIWebProgress.removeProgressListener] at chrome://browser/content/tabbrowser.xml:1822
15:56:22  WARNING -  TEST-UNEXPECTED-FAIL | chrome://mochitests/content/browser/browser/devtools/webconsole/test/browser_webconsole_bug_597103_deactivateHUDForContext_unfocused_window.js | Test timed out
15:56:23  WARNING -  TEST-UNEXPECTED-FAIL | chrome://mochitests/content/browser/browser/devtools/webconsole/test/browser_webconsole_bug_597103_deactivateHUDForContext_unfocused_window.js | Found a browser window after previous test timed out
15:57:54  WARNING -  TEST-UNEXPECTED-FAIL | chrome://mochitests/content/browser/browser/modules/test/browser_taskbar_preview.js | Got the expected number of windows - Got 1, expected 2
15:57:54  WARNING -  TEST-UNEXPECTED-FAIL | chrome://mochitests/content/browser/browser/modules/test/browser_taskbar_preview.js | Browser has one preview per tab - Got 5, expected 1
15:57:54  WARNING -  TEST-UNEXPECTED-FAIL | chrome://mochitests/content/browser/browser/modules/test/browser_taskbar_preview.js | Browser starts with one preview - Got 5, expected 1
15:57:55  WARNING -  TEST-UNEXPECTED-FAIL | chrome://mochitests/content/browser/browser/modules/test/browser_taskbar_preview.js | Browser has one preview per tab - Got 8, expected 4
15:57:55  WARNING -  TEST-UNEXPECTED-FAIL | chrome://mochitests/content/browser/browser/modules/test/browser_taskbar_preview.js | Correct number of previews after adding - Got 8, expected 4
15:57:55  WARNING -  TEST-UNEXPECTED-FAIL | chrome://mochitests/content/browser/browser/modules/test/browser_taskbar_preview.js | Preview is shown as expected
15:57:55  WARNING -  TEST-UNEXPECTED-FAIL | chrome://mochitests/content/browser/browser/modules/test/browser_taskbar_preview.js | Preview is shown as expected
15:57:55  WARNING -  TEST-UNEXPECTED-FAIL | chrome://mochitests/content/browser/browser/modules/test/browser_taskbar_preview.js | Preview is shown as expected
15:57:55  WARNING -  TEST-UNEXPECTED-FAIL | chrome://mochitests/content/browser/browser/modules/test/browser_taskbar_preview.js | Preview is shown as expected
15:57:55  WARNING -  TEST-UNEXPECTED-FAIL | chrome://mochitests/content/browser/browser/modules/test/browser_taskbar_preview.js | Browser has one preview per tab - Got 8, expected 4
15:57:55  WARNING -  TEST-UNEXPECTED-FAIL | chrome://mochitests/content/browser/browser/modules/test/browser_taskbar_preview.js | Previews are unchanged when disabling - Got 8, expected 4
15:57:55  WARNING -  TEST-UNEXPECTED-FAIL | chrome://mochitests/content/browser/browser/modules/test/browser_taskbar_preview.js | Browser has one preview per tab - Got 8, expected 4
15:57:55  WARNING -  TEST-UNEXPECTED-FAIL | chrome://mochitests/content/browser/browser/modules/test/browser_taskbar_preview.js | Previews are unchanged when re-enabling - Got 8, expected 4
15:57:55  WARNING -  TEST-UNEXPECTED-FAIL | chrome://mochitests/content/browser/browser/modules/test/browser_taskbar_preview.js | Preview is shown as expected after re-enabling
15:57:55  WARNING -  TEST-UNEXPECTED-FAIL | chrome://mochitests/content/browser/browser/modules/test/browser_taskbar_preview.js | Preview is shown as expected after re-enabling
Only displaying first 20 of 36 failures -
.
KWierso
https://tbpl.mozilla.org/php/getParsedLog.php?id=25312173&tree=Mozilla-Inbound
WINNT 6.2 mozilla-inbound opt test mochitest-browser-chrome on 2013-07-15 22:20:20
revision: d054daa3cac1
slave: t-w864-ix-088

22:23:50    ERROR - Return code: 1
22:23:51    ERROR - Return code: 1
22:43:49  WARNING -  TEST-UNEXPECTED-FAIL | chrome://mochitests/content/browser/browser/devtools/webconsole/test/browser_webconsole_bug_597103_deactivateHUDForContext_unfocused_window.js | uncaught exception - NS_ERROR_FAILURE: Component returned failure code: 0x80004005 (NS_ERROR_FAILURE) [nsIWebProgress.removeProgressListener] at chrome://browser/content/tabbrowser.xml:1813
22:44:17  WARNING -  TEST-UNEXPECTED-FAIL | chrome://mochitests/content/browser/browser/devtools/webconsole/test/browser_webconsole_bug_597103_deactivateHUDForContext_unfocused_window.js | Test timed out
22:44:18  WARNING -  TEST-UNEXPECTED-FAIL | chrome://mochitests/content/browser/browser/devtools/webconsole/test/browser_webconsole_bug_597103_deactivateHUDForContext_unfocused_window.js | Found a browser window after previous test timed out
22:45:47  WARNING -  TEST-UNEXPECTED-FAIL | chrome://mochitests/content/browser/browser/modules/test/browser_taskbar_preview.js | Got the expected number of windows - Got 1, expected 2
edmorley
https://tbpl.mozilla.org/php/getParsedLog.php?id=25304006&tree=Birch
WINNT 6.2 birch opt test mochitest-browser-chrome on 2013-07-15 16:22:33
revision: e5d74eebd0e2
slave: t-w864-ix-072

16:25:42    ERROR - Return code: 1
16:25:43    ERROR - Return code: 1
16:45:15  WARNING -  TEST-UNEXPECTED-FAIL | chrome://mochitests/content/browser/browser/devtools/webconsole/test/browser_webconsole_bug_597103_deactivateHUDForContext_unfocused_window.js | uncaught exception - NS_ERROR_FAILURE: Component returned failure code: 0x80004005 (NS_ERROR_FAILURE) [nsIWebProgress.removeProgressListener] at chrome://browser/content/tabbrowser.xml:1813
16:45:43  WARNING -  TEST-UNEXPECTED-FAIL | chrome://mochitests/content/browser/browser/devtools/webconsole/test/browser_webconsole_bug_597103_deactivateHUDForContext_unfocused_window.js | Test timed out
16:45:44  WARNING -  TEST-UNEXPECTED-FAIL | chrome://mochitests/content/browser/browser/devtools/webconsole/test/browser_webconsole_bug_597103_deactivateHUDForContext_unfocused_window.js | Found a browser window after previous test timed out
16:47:16  WARNING -  TEST-UNEXPECTED-FAIL | chrome://mochitests/content/browser/browser/modules/test/browser_taskbar_preview.js | Got the expected number of windows - Got 1, expected 2
Created attachment 776353
attempt to fix the failure - v0.1

Tried to make the test to wait as much as possible before attempting to close windows and tabs.

r=me

Landed in inbound: https://hg.mozilla.org/integration/mozilla-inbound/rev/381473907cd0
edmorley
https://tbpl.mozilla.org/php/getParsedLog.php?id=25324984&tree=Mozilla-Inbound
WINNT 6.2 mozilla-inbound pgo test mochitest-browser-chrome on 2013-07-16 06:25:24
revision: 860f92c88a13
slave: t-w864-ix-067

06:28:39    ERROR - Return code: 1
06:28:40    ERROR - Return code: 1
06:46:23  WARNING -  TEST-UNEXPECTED-FAIL | chrome://mochitests/content/browser/browser/devtools/webconsole/test/browser_webconsole_bug_597103_deactivateHUDForContext_unfocused_window.js | uncaught exception - NS_ERROR_FAILURE: Component returned failure code: 0x80004005 (NS_ERROR_FAILURE) [nsIWebProgress.removeProgressListener] at chrome://browser/content/tabbrowser.xml:1813
06:46:52  WARNING -  TEST-UNEXPECTED-FAIL | chrome://mochitests/content/browser/browser/devtools/webconsole/test/browser_webconsole_bug_597103_deactivateHUDForContext_unfocused_window.js | Test timed out
06:46:52  WARNING -  TEST-UNEXPECTED-FAIL | chrome://mochitests/content/browser/browser/devtools/webconsole/test/browser_webconsole_bug_597103_deactivateHUDForContext_unfocused_window.js | Found a browser window after previous test timed out
06:48:12  WARNING -  TEST-UNEXPECTED-FAIL | chrome://mochitests/content/browser/browser/modules/test/browser_taskbar_preview.js | Got the expected number of windows - Got 1, expected 2
https://hg.mozilla.org/mozilla-central/rev/381473907cd0
edmorley
https://tbpl.mozilla.org/php/getParsedLog.php?id=25319780&tree=Profiling
WINNT 6.2 profiling opt test mochitest-browser-chrome on 2013-07-16 03:03:45
revision: 23293d891cf8
slave: t-w864-ix-061

03:07:20    ERROR - Return code: 1
03:07:21    ERROR - Return code: 1
03:26:34  WARNING -  TEST-UNEXPECTED-FAIL | chrome://mochitests/content/browser/browser/devtools/webconsole/test/browser_webconsole_bug_597103_deactivateHUDForContext_unfocused_window.js | uncaught exception - NS_ERROR_FAILURE: Component returned failure code: 0x80004005 (NS_ERROR_FAILURE) [nsIWebProgress.removeProgressListener] at chrome://browser/content/tabbrowser.xml:1813
03:27:02  WARNING -  TEST-UNEXPECTED-FAIL | chrome://mochitests/content/browser/browser/devtools/webconsole/test/browser_webconsole_bug_597103_deactivateHUDForContext_unfocused_window.js | Test timed out
03:27:03  WARNING -  TEST-UNEXPECTED-FAIL | chrome://mochitests/content/browser/browser/devtools/webconsole/test/browser_webconsole_bug_597103_deactivateHUDForContext_unfocused_window.js | Found a browser window after previous test timed out
03:28:31  WARNING -  TEST-UNEXPECTED-FAIL | chrome://mochitests/content/browser/browser/modules/test/browser_taskbar_preview.js | Got the expected number of windows - Got 1, expected 2
RyanVM
https://tbpl.mozilla.org/php/getParsedLog.php?id=25725132&tree=Mozilla-Aurora
WINNT 6.2 mozilla-aurora pgo test mochitest-browser-chrome on 2013-07-25 10:37:17
revision: 9b469e3921ce
slave: t-w864-ix-029

10:58:19  WARNING -  TEST-UNEXPECTED-FAIL | chrome://mochitests/content/browser/browser/devtools/webconsole/test/browser_webconsole_bug_597103_deactivateHUDForContext_unfocused_window.js | uncaught exception - NS_ERROR_FAILURE: Component returned failure code: 0x80004005 (NS_ERROR_FAILURE) [nsIWebProgress.removeProgressListener] at chrome://browser/content/tabbrowser.xml:1761
10:58:48  WARNING -  TEST-UNEXPECTED-FAIL | chrome://mochitests/content/browser/browser/devtools/webconsole/test/browser_webconsole_bug_597103_deactivateHUDForContext_unfocused_window.js | Test timed out
10:58:49  WARNING -  TEST-UNEXPECTED-FAIL | chrome://mochitests/content/browser/browser/devtools/webconsole/test/browser_webconsole_bug_597103_deactivateHUDForContext_unfocused_window.js | Found a browser window after previous test timed out
11:00:16  WARNING -  TEST-UNEXPECTED-FAIL | chrome://mochitests/content/browser/browser/modules/test/browser_taskbar_preview.js | Got the expected number of windows - Got 1, expected 2
https://hg.mozilla.org/releases/mozilla-beta/rev/42c09ed49b1b
