https://tbpl.mozilla.org/php/getParsedLog.php?id=33552695&tree=Fx-Team#error0
slave: talos-r4-snow-155






15:57:48     INFO -  INFO TEST-END | chrome://mochitests/content/browser/browser/devtools/webconsole/test/browser_console_consolejsm_output.js | finished in 1196ms
15:57:48     INFO -  TEST-INFO | checking window state
15:57:48     INFO -  TEST-START | chrome://mochitests/content/browser/browser/devtools/webconsole/test/browser_console_dead_objects.js
15:57:48     INFO -  TEST-INFO | chrome://mochitests/content/browser/browser/devtools/webconsole/test/browser_console_dead_objects.js | open the browser console
15:57:49     INFO -  TEST-INFO | chrome://mochitests/content/browser/browser/devtools/webconsole/test/browser_console_dead_objects.js | Console message: OpenGL compositor Initialized Succesfully.
15:57:49     INFO -  Version: 2.1 NVIDIA-1.6.36
15:57:49     INFO -  Vendor: NVIDIA Corporation
15:57:49     INFO -  Renderer: NVIDIA GeForce 320M OpenGL Engine
15:57:49     INFO -  FBO Texture Target: TEXTURE_2D
15:57:49     INFO -  TEST-PASS | chrome://mochitests/content/browser/browser/devtools/webconsole/test/browser_console_dead_objects.js | browser console opened
15:57:49     INFO -  TEST-INFO | chrome://mochitests/content/browser/browser/devtools/webconsole/test/browser_console_dead_objects.js | Console message: [JavaScript Error: "A promise chain failed to handle a rejection.
15:57:49     INFO -  Date: Fri Jan 24 2014 15:57:39 GMT-0800 (PST)
15:57:49     INFO -  Full Message: Component returned failure code: 0x80004005 (NS_ERROR_FAILURE) [nsIDOMWindowUtils.sendKeyEvent]
15:57:49     INFO -  Full Stack: JS frame :: chrome://mochikit/content/tests/SimpleTest/specialpowersAPI.js :: doApply :: line 95
15:57:49     INFO -  JS frame :: chrome://mochikit/content/tests/SimpleTest/specialpowersAPI.js :: wrapPrivileged/callTrap :: line 118
15:57:49     INFO -  JS frame :: chrome://mochikit/content/tests/SimpleTest/EventUtils.js :: synthesizeKey :: line 565
15:57:49     INFO -  JS frame :: chrome://mochitests/content/browser/browser/devtools/webconsole/test/browser_bug_865871_variables_view_close_on_esc_key.js :: onTestPropFound :: line 66
15:57:49     INFO -  JS frame :: resource://gre/modules/Promise.jsm :: Handler.prototype.process :: line 767
15:57:49     INFO -  JS frame :: resource://gre/modules/Promise.jsm :: this.PromiseWalker.walkerLoop :: line 531
15:57:49     INFO -  native frame :: <unknown filename> :: <TOP_LEVEL> :: line 0" {file: "chrome://mochikit/content/tests/SimpleTest/specialpowersAPI.js" line: 95 column: 0 source: "95"}]
15:57:49     INFO -  TEST-INFO | chrome://mochitests/content/browser/browser/devtools/webconsole/test/browser_console_dead_objects.js | Console message: [JavaScript Error: "A promise chain failed to handle a rejection.
15:57:49     INFO -  Date: Fri Jan 24 2014 15:57:41 GMT-0800 (PST)
15:57:49     INFO -  Full Message: Component returned failure code: 0x80004005 (NS_ERROR_FAILURE) [nsIDOMWindowUtils.sendKeyEvent]
15:57:49     INFO -  Full Stack: JS frame :: chrome://mochikit/content/tests/SimpleTest/specialpowersAPI.js :: doApply :: line 95
15:57:49     INFO -  JS frame :: chrome://mochikit/content/tests/SimpleTest/specialpowersAPI.js :: wrapPrivileged/callTrap :: line 118
15:57:49     INFO -  JS frame :: chrome://mochikit/content/tests/SimpleTest/EventUtils.js :: synthesizeKey :: line 565
15:57:49     INFO -  JS frame :: chrome://mochitests/content/browser/browser/devtools/webconsole/test/browser_bug_865871_variables_view_close_on_esc_key.js :: onFooFound :: line 101
15:57:49     INFO -  JS frame :: resource://gre/modules/Promise.jsm :: Handler.prototype.process :: line 767
15:57:49     INFO -  JS frame :: resource://gre/modules/Promise.jsm :: this.PromiseWalker.walkerLoop :: line 531
15:57:49     INFO -  native frame :: <unknown filename> :: <TOP_LEVEL> :: line 0" {file: "chrome://mochikit/content/tests/SimpleTest/specialpowersAPI.js" line: 95 column: 0 source: "95"}]
15:57:49     INFO -  TEST-PASS | chrome://mochitests/content/browser/browser/devtools/webconsole/test/browser_console_dead_objects.js | dead object found
15:57:49     INFO -  TEST-PASS | chrome://mochitests/content/browser/browser/devtools/webconsole/test/browser_console_dead_objects.js | 'cannot access dead object' message found
15:57:49     INFO -  TEST-PASS | chrome://mochitests/content/browser/browser/devtools/webconsole/test/browser_console_dead_objects.js | clickable object found
15:57:49     INFO -  TEST-PASS | chrome://mochitests/content/browser/browser/devtools/webconsole/test/browser_console_dead_objects.js | message text check
15:58:19  WARNING -  TEST-UNEXPECTED-FAIL | chrome://mochitests/content/browser/browser/devtools/webconsole/test/browser_console_dead_objects.js | Test timed out
15:58:19  WARNING -  TEST-UNEXPECTED-FAIL | chrome://mochitests/content/browser/browser/devtools/webconsole/test/browser_console_dead_objects.js | leaked window property: foobarzTezt
15:58:19     INFO -  TEST-INFO | MEMORY STAT vsize after test: 4313329664
15:58:19     INFO -  TEST-INFO | MEMORY STAT residentFast after test: 807301120
15:58:19     INFO -  TEST-INFO | MEMORY STAT heapAllocated after test: 192563432
15:58:19     INFO -  INFO TEST-END | chrome://mochitests/content/browser/browser/devtools/webconsole/test/browser_console_dead_objects.js | finished in 30052ms
15:58:19     INFO -  TEST-INFO | checking window state
15:58:19  WARNING -  TEST-UNEXPECTED-FAIL | chrome://mochitests/content/browser/browser/devtools/webconsole/test/browser_console_dead_objects.js | Found a devtools:webconsole after previous test timed out
15:58:19     INFO -  TEST-INFO | chrome://mochitests/content/browser/browser/devtools/webconsole/test/browser_console_dead_objects.js | must wait for focus
15:58:19     INFO -  TEST-START | chrome://mochitests/content/browser/browser/devtools/webconsole/test/browser_console_error_source_click.js

https://tbpl.mozilla.org/php/getParsedLog.php?id=33552695&tree=Fx-Team#error0
slave: talos-r4-snow-155






15:57:48     INFO -  INFO TEST-END | chrome://mochitests/content/browser/browser/devtools/webconsole/test/browser_console_consolejsm_output.js | finished in 1196ms
15:57:48     INFO -  TEST-INFO | checking window state
15:57:48     INFO -  TEST-START | chrome://mochitests/content/browser/browser/devtools/webconsole/test/browser_console_dead_objects.js
15:57:48     INFO -  TEST-INFO | chrome://mochitests/content/browser/browser/devtools/webconsole/test/browser_console_dead_objects.js | open the browser console
15:57:49     INFO -  TEST-INFO | chrome://mochitests/content/browser/browser/devtools/webconsole/test/browser_console_dead_objects.js | Console message: OpenGL compositor Initialized Succesfully.
15:57:49     INFO -  Version: 2.1 NVIDIA-1.6.36
15:57:49     INFO -  Vendor: NVIDIA Corporation
15:57:49     INFO -  Renderer: NVIDIA GeForce 320M OpenGL Engine
15:57:49     INFO -  FBO Texture Target: TEXTURE_2D
15:57:49     INFO -  TEST-PASS | chrome://mochitests/content/browser/browser/devtools/webconsole/test/browser_console_dead_objects.js | browser console opened
15:57:49     INFO -  TEST-INFO | chrome://mochitests/content/browser/browser/devtools/webconsole/test/browser_console_dead_objects.js | Console message: [JavaScript Error: "A promise chain failed to handle a rejection.
15:57:49     INFO -  Date: Fri Jan 24 2014 15:57:39 GMT-0800 (PST)
15:57:49     INFO -  Full Message: Component returned failure code: 0x80004005 (NS_ERROR_FAILURE) [nsIDOMWindowUtils.sendKeyEvent]
15:57:49     INFO -  Full Stack: JS frame :: chrome://mochikit/content/tests/SimpleTest/specialpowersAPI.js :: doApply :: line 95
15:57:49     INFO -  JS frame :: chrome://mochikit/content/tests/SimpleTest/specialpowersAPI.js :: wrapPrivileged/callTrap :: line 118
15:57:49     INFO -  JS frame :: chrome://mochikit/content/tests/SimpleTest/EventUtils.js :: synthesizeKey :: line 565
15:57:49     INFO -  JS frame :: chrome://mochitests/content/browser/browser/devtools/webconsole/test/browser_bug_865871_variables_view_close_on_esc_key.js :: onTestPropFound :: line 66
15:57:49     INFO -  JS frame :: resource://gre/modules/Promise.jsm :: Handler.prototype.process :: line 767
15:57:49     INFO -  JS frame :: resource://gre/modules/Promise.jsm :: this.PromiseWalker.walkerLoop :: line 531
15:57:49     INFO -  native frame :: <unknown filename> :: <TOP_LEVEL> :: line 0" {file: "chrome://mochikit/content/tests/SimpleTest/specialpowersAPI.js" line: 95 column: 0 source: "95"}]
15:57:49     INFO -  TEST-INFO | chrome://mochitests/content/browser/browser/devtools/webconsole/test/browser_console_dead_objects.js | Console message: [JavaScript Error: "A promise chain failed to handle a rejection.
15:57:49     INFO -  Date: Fri Jan 24 2014 15:57:41 GMT-0800 (PST)
15:57:49     INFO -  Full Message: Component returned failure code: 0x80004005 (NS_ERROR_FAILURE) [nsIDOMWindowUtils.sendKeyEvent]
15:57:49     INFO -  Full Stack: JS frame :: chrome://mochikit/content/tests/SimpleTest/specialpowersAPI.js :: doApply :: line 95
15:57:49     INFO -  JS frame :: chrome://mochikit/content/tests/SimpleTest/specialpowersAPI.js :: wrapPrivileged/callTrap :: line 118
15:57:49     INFO -  JS frame :: chrome://mochikit/content/tests/SimpleTest/EventUtils.js :: synthesizeKey :: line 565
15:57:49     INFO -  JS frame :: chrome://mochitests/content/browser/browser/devtools/webconsole/test/browser_bug_865871_variables_view_close_on_esc_key.js :: onFooFound :: line 101
15:57:49     INFO -  JS frame :: resource://gre/modules/Promise.jsm :: Handler.prototype.process :: line 767
15:57:49     INFO -  JS frame :: resource://gre/modules/Promise.jsm :: this.PromiseWalker.walkerLoop :: line 531
15:57:49     INFO -  native frame :: <unknown filename> :: <TOP_LEVEL> :: line 0" {file: "chrome://mochikit/content/tests/SimpleTest/specialpowersAPI.js" line: 95 column: 0 source: "95"}]
15:57:49     INFO -  TEST-PASS | chrome://mochitests/content/browser/browser/devtools/webconsole/test/browser_console_dead_objects.js | dead object found
15:57:49     INFO -  TEST-PASS | chrome://mochitests/content/browser/browser/devtools/webconsole/test/browser_console_dead_objects.js | 'cannot access dead object' message found
15:57:49     INFO -  TEST-PASS | chrome://mochitests/content/browser/browser/devtools/webconsole/test/browser_console_dead_objects.js | clickable object found
15:57:49     INFO -  TEST-PASS | chrome://mochitests/content/browser/browser/devtools/webconsole/test/browser_console_dead_objects.js | message text check
15:58:19  WARNING -  TEST-UNEXPECTED-FAIL | chrome://mochitests/content/browser/browser/devtools/webconsole/test/browser_console_dead_objects.js | Test timed out
15:58:19  WARNING -  TEST-UNEXPECTED-FAIL | chrome://mochitests/content/browser/browser/devtools/webconsole/test/browser_console_dead_objects.js | leaked window property: foobarzTezt
15:58:19     INFO -  TEST-INFO | MEMORY STAT vsize after test: 4313329664
15:58:19     INFO -  TEST-INFO | MEMORY STAT residentFast after test: 807301120
15:58:19     INFO -  TEST-INFO | MEMORY STAT heapAllocated after test: 192563432
15:58:19     INFO -  INFO TEST-END | chrome://mochitests/content/browser/browser/devtools/webconsole/test/browser_console_dead_objects.js | finished in 30052ms
15:58:19     INFO -  TEST-INFO | checking window state
15:58:19  WARNING -  TEST-UNEXPECTED-FAIL | chrome://mochitests/content/browser/browser/devtools/webconsole/test/browser_console_dead_objects.js | Found a devtools:webconsole after previous test timed out
15:58:19     INFO -  TEST-INFO | chrome://mochitests/content/browser/browser/devtools/webconsole/test/browser_console_dead_objects.js | must wait for focus
15:58:19     INFO -  TEST-START | chrome://mochitests/content/browser/browser/devtools/webconsole/test/browser_console_error_source_click.js
https://tbpl.mozilla.org/php/getParsedLog.php?id=33554383&tree=Mozilla-Inbound
https://tbpl.mozilla.org/php/getParsedLog.php?id=33558102&tree=Mozilla-Inbound
ehsan
https://tbpl.mozilla.org/php/getParsedLog.php?id=33584622&tree=Mozilla-Inbound
WINNT 6.2 mozilla-inbound opt test mochitest-browser-chrome on 2014-01-25 10:07:30
revision: a009a78c82ae
slave: t-w864-ix-064

TEST-UNEXPECTED-FAIL | chrome://mochitests/content/browser/browser/devtools/webconsole/test/browser_console_dead_objects.js | Test timed out
TEST-UNEXPECTED-FAIL | chrome://mochitests/content/browser/browser/devtools/webconsole/test/browser_console_dead_objects.js | leaked window property: foobarzTezt
TEST-UNEXPECTED-FAIL | chrome://mochitests/content/browser/browser/devtools/webconsole/test/browser_console_dead_objects.js | Found a devtools:webconsole after previous test timed out
Return code: 1
philor
https://tbpl.mozilla.org/php/getParsedLog.php?id=33585021&tree=Mozilla-Inbound
Ubuntu ASAN VM 12.04 x64 mozilla-inbound opt test mochitest-browser-chrome on 2014-01-25 09:42:25
revision: a009a78c82ae
slave: tst-linux64-spot-426

TEST-UNEXPECTED-FAIL | chrome://mochitests/content/browser/browser/devtools/webconsole/test/browser_console_dead_objects.js | Test timed out
TEST-UNEXPECTED-FAIL | chrome://mochitests/content/browser/browser/devtools/webconsole/test/browser_console_dead_objects.js | leaked window property: foobarzTezt
TEST-UNEXPECTED-FAIL | chrome://mochitests/content/browser/browser/devtools/webconsole/test/browser_console_dead_objects.js | Found a devtools:webconsole after previous test timed out
philor
https://tbpl.mozilla.org/php/getParsedLog.php?id=33603902&tree=Holly
Rev4 MacOSX Snow Leopard 10.6 holly opt test mochitest-browser-chrome on 2014-01-26 09:27:40
revision: 551a9c6cf0e8
slave: talos-r4-snow-108

TEST-UNEXPECTED-FAIL | chrome://mochitests/content/browser/browser/devtools/webconsole/test/browser_console_dead_objects.js | Test timed out
TEST-UNEXPECTED-FAIL | chrome://mochitests/content/browser/browser/devtools/webconsole/test/browser_console_dead_objects.js | leaked window property: foobarzTezt
TEST-UNEXPECTED-FAIL | chrome://mochitests/content/browser/browser/devtools/webconsole/test/browser_console_dead_objects.js | Found a devtools:webconsole after previous test timed out
philor
https://tbpl.mozilla.org/php/getParsedLog.php?id=33608162&tree=Holly
Rev4 MacOSX Snow Leopard 10.6 holly opt test mochitest-browser-chrome on 2014-01-26 14:28:40
revision: a46a4b2255eb
slave: talos-r4-snow-002

TEST-UNEXPECTED-FAIL | chrome://mochitests/content/browser/browser/devtools/webconsole/test/browser_console_dead_objects.js | Test timed out
TEST-UNEXPECTED-FAIL | chrome://mochitests/content/browser/browser/devtools/webconsole/test/browser_console_dead_objects.js | leaked window property: foobarzTezt
TEST-UNEXPECTED-FAIL | chrome://mochitests/content/browser/browser/devtools/webconsole/test/browser_console_dead_objects.js | Found a devtools:webconsole after previous test timed out
philor
https://tbpl.mozilla.org/php/getParsedLog.php?id=33608514&tree=Holly
Rev4 MacOSX Snow Leopard 10.6 holly opt test mochitest-browser-chrome on 2014-01-26 14:43:37
revision: 6f59f89e187d
slave: talos-r4-snow-109

TEST-UNEXPECTED-FAIL | chrome://mochitests/content/browser/browser/devtools/webconsole/test/browser_console_dead_objects.js | Test timed out
TEST-UNEXPECTED-FAIL | chrome://mochitests/content/browser/browser/devtools/webconsole/test/browser_console_dead_objects.js | leaked window property: foobarzTezt
TEST-UNEXPECTED-FAIL | chrome://mochitests/content/browser/browser/devtools/webconsole/test/browser_console_dead_objects.js | Found a devtools:webconsole after previous test timed out
philor
https://tbpl.mozilla.org/php/getParsedLog.php?id=33609901&tree=Holly
Rev4 MacOSX Snow Leopard 10.6 holly opt test mochitest-browser-chrome on 2014-01-26 16:13:38
revision: 410e15873bf1
slave: talos-r4-snow-052

TEST-UNEXPECTED-FAIL | chrome://mochitests/content/browser/browser/devtools/webconsole/test/browser_console_dead_objects.js | Test timed out
TEST-UNEXPECTED-FAIL | chrome://mochitests/content/browser/browser/devtools/webconsole/test/browser_console_dead_objects.js | leaked window property: foobarzTezt
TEST-UNEXPECTED-FAIL | chrome://mochitests/content/browser/browser/devtools/webconsole/test/browser_console_dead_objects.js | Found a devtools:webconsole after previous test timed out
philor
https://tbpl.mozilla.org/php/getParsedLog.php?id=33610169&tree=Holly
Rev4 MacOSX Snow Leopard 10.6 holly opt test mochitest-browser-chrome on 2014-01-26 16:24:36
revision: e28274fbf422
slave: talos-r4-snow-076

TEST-UNEXPECTED-FAIL | chrome://mochitests/content/browser/browser/devtools/webconsole/test/browser_console_dead_objects.js | Test timed out
TEST-UNEXPECTED-FAIL | chrome://mochitests/content/browser/browser/devtools/webconsole/test/browser_console_dead_objects.js | leaked window property: foobarzTezt
TEST-UNEXPECTED-FAIL | chrome://mochitests/content/browser/browser/devtools/webconsole/test/browser_console_dead_objects.js | Found a devtools:webconsole after previous test timed out
philor
https://tbpl.mozilla.org/php/getParsedLog.php?id=33614993&tree=B2g-Inbound
WINNT 6.2 b2g-inbound opt test mochitest-browser-chrome on 2014-01-26 20:25:45
revision: a20d51b01065
slave: t-w864-ix-105

TEST-UNEXPECTED-FAIL | chrome://mochitests/content/browser/browser/devtools/webconsole/test/browser_console_dead_objects.js | Test timed out
TEST-UNEXPECTED-FAIL | chrome://mochitests/content/browser/browser/devtools/webconsole/test/browser_console_dead_objects.js | leaked window property: foobarzTezt
TEST-UNEXPECTED-FAIL | chrome://mochitests/content/browser/browser/devtools/webconsole/test/browser_console_dead_objects.js | Found a devtools:webconsole after previous test timed out
Return code: 1
Tomcat
https://tbpl.mozilla.org/php/getParsedLog.php?id=33621992&tree=Mozilla-Inbound
WINNT 6.2 mozilla-inbound opt test mochitest-browser-chrome on 2014-01-27 02:52:45
revision: 88549ccbce60
slave: t-w864-ix-115

TEST-UNEXPECTED-FAIL | chrome://mochitests/content/browser/browser/devtools/webconsole/test/browser_console_dead_objects.js | Test timed out
TEST-UNEXPECTED-FAIL | chrome://mochitests/content/browser/browser/devtools/webconsole/test/browser_console_dead_objects.js | leaked window property: foobarzTezt
TEST-UNEXPECTED-FAIL | chrome://mochitests/content/browser/browser/devtools/webconsole/test/browser_console_dead_objects.js | Found a devtools:webconsole after previous test timed out
Return code: 1
philor
https://tbpl.mozilla.org/php/getParsedLog.php?id=33627014&tree=Holly
Rev4 MacOSX Snow Leopard 10.6 holly opt test mochitest-browser-chrome on 2014-01-27 05:20:20
revision: e28274fbf422
slave: talos-r4-snow-146

TEST-UNEXPECTED-FAIL | chrome://mochitests/content/browser/browser/devtools/webconsole/test/browser_console_dead_objects.js | Test timed out
TEST-UNEXPECTED-FAIL | chrome://mochitests/content/browser/browser/devtools/webconsole/test/browser_console_dead_objects.js | leaked window property: foobarzTezt
TEST-UNEXPECTED-FAIL | chrome://mochitests/content/browser/browser/devtools/webconsole/test/browser_console_dead_objects.js | Found a devtools:webconsole after previous test timed out
philor
https://tbpl.mozilla.org/php/getParsedLog.php?id=33648711&tree=Mozilla-Central
WINNT 6.2 mozilla-central opt test mochitest-browser-chrome on 2014-01-27 13:02:57
revision: 431612fab17e
slave: t-w864-ix-005

TEST-UNEXPECTED-FAIL | chrome://mochitests/content/browser/browser/devtools/webconsole/test/browser_console_dead_objects.js | Test timed out
TEST-UNEXPECTED-FAIL | chrome://mochitests/content/browser/browser/devtools/webconsole/test/browser_console_dead_objects.js | leaked window property: foobarzTezt
TEST-UNEXPECTED-FAIL | chrome://mochitests/content/browser/browser/devtools/webconsole/test/browser_console_dead_objects.js | Found a devtools:webconsole after previous test timed out
Return code: 1
philor
https://tbpl.mozilla.org/php/getParsedLog.php?id=33658376&tree=Mozilla-Inbound
Windows 7 32-bit mozilla-inbound opt test mochitest-browser-chrome on 2014-01-27 16:24:09
revision: 95b42ba6b1d7
slave: t-w732-ix-064

TEST-UNEXPECTED-FAIL | chrome://mochitests/content/browser/browser/devtools/webconsole/test/browser_console_dead_objects.js | Test timed out
TEST-UNEXPECTED-FAIL | chrome://mochitests/content/browser/browser/devtools/webconsole/test/browser_console_dead_objects.js | leaked window property: foobarzTezt
TEST-UNEXPECTED-FAIL | chrome://mochitests/content/browser/browser/devtools/webconsole/test/browser_console_dead_objects.js | Found a devtools:webconsole after previous test timed out
Return code: 1
KWierso
https://tbpl.mozilla.org/php/getParsedLog.php?id=33661374&tree=Mozilla-Inbound
Ubuntu ASAN VM 12.04 x64 mozilla-inbound opt test mochitest-browser-chrome on 2014-01-27 16:28:56
revision: c7d862c7116d
slave: tst-linux64-ec2-312

TEST-UNEXPECTED-FAIL | chrome://mochitests/content/browser/browser/devtools/webconsole/test/browser_console_dead_objects.js | Test timed out
TEST-UNEXPECTED-FAIL | chrome://mochitests/content/browser/browser/devtools/webconsole/test/browser_console_dead_objects.js | leaked window property: foobarzTezt
TEST-UNEXPECTED-FAIL | chrome://mochitests/content/browser/browser/devtools/webconsole/test/browser_console_dead_objects.js | Found a devtools:webconsole after previous test timed out
Tomcat
https://tbpl.mozilla.org/php/getParsedLog.php?id=33687979&tree=Fx-Team
Windows 7 32-bit fx-team opt test mochitest-browser-chrome on 2014-01-28 04:46:14
revision: 158bd11e1157
slave: t-w732-ix-054

TEST-UNEXPECTED-FAIL | chrome://mochitests/content/browser/browser/devtools/webconsole/test/browser_console_dead_objects.js | Test timed out
TEST-UNEXPECTED-FAIL | chrome://mochitests/content/browser/browser/devtools/webconsole/test/browser_console_dead_objects.js | leaked window property: foobarzTezt
TEST-UNEXPECTED-FAIL | chrome://mochitests/content/browser/browser/devtools/webconsole/test/browser_console_dead_objects.js | Found a devtools:webconsole after previous test timed out
Return code: 1
honzab.moz%firemni.cz
https://tbpl.mozilla.org/php/getParsedLog.php?id=33706418&tree=Gum
WINNT 6.2 gum opt test mochitest-browser-chrome on 2014-01-28 12:35:57
revision: c295d539286d
slave: t-w864-ix-057

TEST-UNEXPECTED-FAIL | chrome://mochitests/content/browser/browser/devtools/webconsole/test/browser_console_dead_objects.js | Test timed out
TEST-UNEXPECTED-FAIL | chrome://mochitests/content/browser/browser/devtools/webconsole/test/browser_console_dead_objects.js | leaked window property: foobarzTezt
TEST-UNEXPECTED-FAIL | chrome://mochitests/content/browser/browser/devtools/webconsole/test/browser_console_dead_objects.js | Found a devtools:webconsole after previous test timed out
Return code: 1
Tomcat
https://tbpl.mozilla.org/php/getParsedLog.php?id=33730237&tree=Mozilla-Inbound
Windows 7 32-bit mozilla-inbound opt test mochitest-browser-chrome on 2014-01-29 00:38:55
revision: 3cbec86b2482
slave: t-w732-ix-125

TEST-UNEXPECTED-FAIL | chrome://mochitests/content/browser/browser/devtools/webconsole/test/browser_console_dead_objects.js | Test timed out
TEST-UNEXPECTED-FAIL | chrome://mochitests/content/browser/browser/devtools/webconsole/test/browser_console_dead_objects.js | leaked window property: foobarzTezt
TEST-UNEXPECTED-FAIL | chrome://mochitests/content/browser/browser/devtools/webconsole/test/browser_console_dead_objects.js | Found a devtools:webconsole after previous test timed out
Return code: 1
edmorley
https://tbpl.mozilla.org/php/getParsedLog.php?id=33732987&tree=Mozilla-Inbound
Ubuntu ASAN VM 12.04 x64 mozilla-inbound opt test mochitest-browser-chrome on 2014-01-29 00:52:41
revision: 1ab856ce8afe
slave: tst-linux64-spot-027

TEST-UNEXPECTED-FAIL | chrome://mochitests/content/browser/browser/devtools/webconsole/test/browser_console_dead_objects.js | Test timed out
TEST-UNEXPECTED-FAIL | chrome://mochitests/content/browser/browser/devtools/webconsole/test/browser_console_dead_objects.js | leaked window property: foobarzTezt
TEST-UNEXPECTED-FAIL | chrome://mochitests/content/browser/browser/devtools/webconsole/test/browser_console_dead_objects.js | Found a devtools:webconsole after previous test timed out
edmorley
https://tbpl.mozilla.org/php/getParsedLog.php?id=33731633&tree=B2g-Inbound
Ubuntu VM 12.04 x64 b2g-inbound opt test mochitest-browser-chrome on 2014-01-29 00:57:44
revision: 53ed3e402dca
slave: tst-linux64-spot-013

TEST-UNEXPECTED-FAIL | chrome://mochitests/content/browser/browser/devtools/webconsole/test/browser_console_dead_objects.js | Test timed out
TEST-UNEXPECTED-FAIL | chrome://mochitests/content/browser/browser/devtools/webconsole/test/browser_console_dead_objects.js | leaked window property: foobarzTezt
TEST-UNEXPECTED-FAIL | chrome://mochitests/content/browser/browser/devtools/webconsole/test/browser_console_dead_objects.js | Found a devtools:webconsole after previous test timed out
edmorley
https://tbpl.mozilla.org/php/getParsedLog.php?id=33745000&tree=Mozilla-Inbound
Ubuntu ASAN VM 12.04 x64 mozilla-inbound opt test mochitest-browser-chrome on 2014-01-29 06:03:50
revision: c605fcc341a7
slave: tst-linux64-spot-165

TEST-UNEXPECTED-FAIL | chrome://mochitests/content/browser/browser/devtools/webconsole/test/browser_console_dead_objects.js | Test timed out
TEST-UNEXPECTED-FAIL | chrome://mochitests/content/browser/browser/devtools/webconsole/test/browser_console_dead_objects.js | leaked window property: foobarzTezt
TEST-UNEXPECTED-FAIL | chrome://mochitests/content/browser/browser/devtools/webconsole/test/browser_console_dead_objects.js | Found a devtools:webconsole after previous test timed out
philor
https://tbpl.mozilla.org/php/getParsedLog.php?id=33747681&tree=Mozilla-Central
Ubuntu VM 12.04 x64 mozilla-central pgo test mochitest-browser-chrome on 2014-01-29 07:56:07
revision: b28e216c8d07
slave: tst-linux64-spot-360

TEST-UNEXPECTED-FAIL | chrome://mochitests/content/browser/browser/devtools/webconsole/test/browser_console_dead_objects.js | Test timed out
TEST-UNEXPECTED-FAIL | chrome://mochitests/content/browser/browser/devtools/webconsole/test/browser_console_dead_objects.js | leaked window property: foobarzTezt
TEST-UNEXPECTED-FAIL | chrome://mochitests/content/browser/browser/devtools/webconsole/test/browser_console_dead_objects.js | Found a devtools:webconsole after previous test timed out
philor
https://tbpl.mozilla.org/php/getParsedLog.php?id=33749125&tree=Fx-Team
Ubuntu VM 12.04 x64 fx-team pgo test mochitest-browser-chrome on 2014-01-29 08:33:05
revision: c175d9ca4939
slave: tst-linux64-spot-012

TEST-UNEXPECTED-FAIL | chrome://mochitests/content/browser/browser/devtools/webconsole/test/browser_console_dead_objects.js | Test timed out
TEST-UNEXPECTED-FAIL | chrome://mochitests/content/browser/browser/devtools/webconsole/test/browser_console_dead_objects.js | leaked window property: foobarzTezt
TEST-UNEXPECTED-FAIL | chrome://mochitests/content/browser/browser/devtools/webconsole/test/browser_console_dead_objects.js | Found a devtools:webconsole after previous test timed out
KWierso
https://tbpl.mozilla.org/php/getParsedLog.php?id=33767780&tree=Mozilla-Inbound
Ubuntu ASAN VM 12.04 x64 mozilla-inbound opt test mochitest-browser-chrome on 2014-01-29 13:59:30
revision: b1974150d1a5
slave: tst-linux64-spot-021

TEST-UNEXPECTED-FAIL | chrome://mochitests/content/browser/browser/devtools/webconsole/test/browser_console_dead_objects.js | Test timed out
TEST-UNEXPECTED-FAIL | chrome://mochitests/content/browser/browser/devtools/webconsole/test/browser_console_dead_objects.js | leaked window property: foobarzTezt
TEST-UNEXPECTED-FAIL | chrome://mochitests/content/browser/browser/devtools/webconsole/test/browser_console_dead_objects.js | Found a devtools:webconsole after previous test timed out
KWierso
https://tbpl.mozilla.org/php/getParsedLog.php?id=33782543&tree=Fx-Team
Windows 7 32-bit fx-team opt test mochitest-browser-chrome on 2014-01-29 19:16:19
revision: 3be67eed8095
slave: t-w732-ix-128

TEST-UNEXPECTED-FAIL | chrome://mochitests/content/browser/browser/devtools/webconsole/test/browser_console_dead_objects.js | Test timed out
TEST-UNEXPECTED-FAIL | chrome://mochitests/content/browser/browser/devtools/webconsole/test/browser_console_dead_objects.js | leaked window property: foobarzTezt
TEST-UNEXPECTED-FAIL | chrome://mochitests/content/browser/browser/devtools/webconsole/test/browser_console_dead_objects.js | Found a devtools:webconsole after previous test timed out
Return code: 1
Tomcat
https://tbpl.mozilla.org/php/getParsedLog.php?id=33794816&tree=Mozilla-Inbound
Ubuntu ASAN VM 12.04 x64 mozilla-inbound opt test mochitest-browser-chrome on 2014-01-29 23:29:45
revision: 78767e93ff14
slave: tst-linux64-spot-133

TEST-UNEXPECTED-FAIL | chrome://mochitests/content/browser/browser/devtools/webconsole/test/browser_console_dead_objects.js | Test timed out
TEST-UNEXPECTED-FAIL | chrome://mochitests/content/browser/browser/devtools/webconsole/test/browser_console_dead_objects.js | leaked window property: foobarzTezt
TEST-UNEXPECTED-FAIL | chrome://mochitests/content/browser/browser/devtools/webconsole/test/browser_console_dead_objects.js | Found a devtools:webconsole after previous test timed out
Tomcat
https://tbpl.mozilla.org/php/getParsedLog.php?id=33801645&tree=Mozilla-Inbound
Windows 7 32-bit mozilla-inbound opt test mochitest-browser-chrome on 2014-01-30 03:13:35
revision: 6b93f7f23e50
slave: t-w732-ix-034

TEST-UNEXPECTED-FAIL | chrome://mochitests/content/browser/browser/devtools/webconsole/test/browser_console_dead_objects.js | Test timed out
TEST-UNEXPECTED-FAIL | chrome://mochitests/content/browser/browser/devtools/webconsole/test/browser_console_dead_objects.js | leaked window property: foobarzTezt
TEST-UNEXPECTED-FAIL | chrome://mochitests/content/browser/browser/devtools/webconsole/test/browser_console_dead_objects.js | Found a devtools:webconsole after previous test timed out
Return code: 1
Tomcat
https://tbpl.mozilla.org/php/getParsedLog.php?id=33803206&tree=Fx-Team
Windows 7 32-bit fx-team opt test mochitest-browser-chrome on 2014-01-30 03:45:51
revision: 202425b1e6a1
slave: t-w732-ix-008

TEST-UNEXPECTED-FAIL | chrome://mochitests/content/browser/browser/devtools/webconsole/test/browser_console_dead_objects.js | Test timed out
TEST-UNEXPECTED-FAIL | chrome://mochitests/content/browser/browser/devtools/webconsole/test/browser_console_dead_objects.js | leaked window property: foobarzTezt
TEST-UNEXPECTED-FAIL | chrome://mochitests/content/browser/browser/devtools/webconsole/test/browser_console_dead_objects.js | Found a devtools:webconsole after previous test timed out
Return code: 1
Tomcat
https://tbpl.mozilla.org/php/getParsedLog.php?id=33806390&tree=Mozilla-Inbound
Windows 7 32-bit mozilla-inbound opt test mochitest-browser-chrome on 2014-01-30 04:56:25
revision: 044deda0cbcb
slave: t-w732-ix-018

TEST-UNEXPECTED-FAIL | chrome://mochitests/content/browser/browser/devtools/webconsole/test/browser_console_dead_objects.js | Test timed out
TEST-UNEXPECTED-FAIL | chrome://mochitests/content/browser/browser/devtools/webconsole/test/browser_console_dead_objects.js | leaked window property: foobarzTezt
TEST-UNEXPECTED-FAIL | chrome://mochitests/content/browser/browser/devtools/webconsole/test/browser_console_dead_objects.js | Found a devtools:webconsole after previous test timed out
Return code: 1
kats
https://tbpl.mozilla.org/php/getParsedLog.php?id=33768747&tree=Try
Windows 7 32-bit try opt test mochitest-browser-chrome on 2014-01-29 15:08:27
revision: 2d739ea5a196
slave: t-w732-ix-127

TEST-UNEXPECTED-FAIL | chrome://mochitests/content/browser/browser/devtools/webconsole/test/browser_console_dead_objects.js | Test timed out
TEST-UNEXPECTED-FAIL | chrome://mochitests/content/browser/browser/devtools/webconsole/test/browser_console_dead_objects.js | leaked window property: foobarzTezt
TEST-UNEXPECTED-FAIL | chrome://mochitests/content/browser/browser/devtools/webconsole/test/browser_console_dead_objects.js | Found a devtools:webconsole after previous test timed out
Return code: 1
philor
https://tbpl.mozilla.org/php/getParsedLog.php?id=33811889&tree=Mozilla-Inbound
Windows 7 32-bit mozilla-inbound opt test mochitest-browser-chrome on 2014-01-30 07:16:59
revision: 6f31b9790f1b
slave: t-w732-ix-012

TEST-UNEXPECTED-FAIL | chrome://mochitests/content/browser/browser/devtools/webconsole/test/browser_console_dead_objects.js | Test timed out
TEST-UNEXPECTED-FAIL | chrome://mochitests/content/browser/browser/devtools/webconsole/test/browser_console_dead_objects.js | leaked window property: foobarzTezt
TEST-UNEXPECTED-FAIL | chrome://mochitests/content/browser/browser/devtools/webconsole/test/browser_console_dead_objects.js | Found a devtools:webconsole after previous test timed out
Return code: 1
edmorley
https://tbpl.mozilla.org/php/getParsedLog.php?id=33811889&tree=Mozilla-Inbound
Windows 7 32-bit mozilla-inbound opt test mochitest-browser-chrome on 2014-01-30 07:16:59
revision: 6f31b9790f1b
slave: t-w732-ix-012

TEST-UNEXPECTED-FAIL | chrome://mochitests/content/browser/browser/devtools/webconsole/test/browser_console_dead_objects.js | Test timed out
TEST-UNEXPECTED-FAIL | chrome://mochitests/content/browser/browser/devtools/webconsole/test/browser_console_dead_objects.js | leaked window property: foobarzTezt
TEST-UNEXPECTED-FAIL | chrome://mochitests/content/browser/browser/devtools/webconsole/test/browser_console_dead_objects.js | Found a devtools:webconsole after previous test timed out
Return code: 1
KWierso
https://tbpl.mozilla.org/php/getParsedLog.php?id=33839044&tree=Fx-Team
Windows 7 32-bit fx-team opt test mochitest-browser-chrome on 2014-01-30 14:49:05
revision: 6ed6df7a673c
slave: t-w732-ix-047

TEST-UNEXPECTED-FAIL | chrome://mochitests/content/browser/browser/components/customizableui/test/browser_940307_panel_click_closure_handling.js | Uncaught exception - Panel did not hide within 20 seconds.
TEST-UNEXPECTED-FAIL | chrome://mochitests/content/browser/browser/devtools/webconsole/test/browser_console_dead_objects.js | Test timed out
TEST-UNEXPECTED-FAIL | chrome://mochitests/content/browser/browser/devtools/webconsole/test/browser_console_dead_objects.js | leaked window property: foobarzTezt
TEST-UNEXPECTED-FAIL | chrome://mochitests/content/browser/browser/devtools/webconsole/test/browser_console_dead_objects.js | Found a devtools:webconsole after previous test timed out
Return code: 1
philor
https://tbpl.mozilla.org/php/getParsedLog.php?id=33844651&tree=Fx-Team
Windows 7 32-bit fx-team opt test mochitest-browser-chrome on 2014-01-30 16:30:25
revision: a4638840181d
slave: t-w732-ix-103

TEST-UNEXPECTED-FAIL | chrome://mochitests/content/browser/browser/devtools/webconsole/test/browser_console_dead_objects.js | Test timed out
TEST-UNEXPECTED-FAIL | chrome://mochitests/content/browser/browser/devtools/webconsole/test/browser_console_dead_objects.js | leaked window property: foobarzTezt
TEST-UNEXPECTED-FAIL | chrome://mochitests/content/browser/browser/devtools/webconsole/test/browser_console_dead_objects.js | Found a devtools:webconsole after previous test timed out
Return code: 1
ttaubert
https://tbpl.mozilla.org/php/getParsedLog.php?id=33853224&tree=Fx-Team
Windows 7 32-bit fx-team opt test mochitest-browser-chrome on 2014-01-30 19:02:14
revision: 0fe6a5fc9081
slave: t-w732-ix-036

TEST-UNEXPECTED-FAIL | chrome://mochitests/content/browser/browser/components/customizableui/test/browser_940307_panel_click_closure_handling.js | Uncaught exception - Panel did not hide within 20 seconds.
TEST-UNEXPECTED-FAIL | chrome://mochitests/content/browser/browser/devtools/webconsole/test/browser_console_dead_objects.js | Test timed out
TEST-UNEXPECTED-FAIL | chrome://mochitests/content/browser/browser/devtools/webconsole/test/browser_console_dead_objects.js | leaked window property: foobarzTezt
TEST-UNEXPECTED-FAIL | chrome://mochitests/content/browser/browser/devtools/webconsole/test/browser_console_dead_objects.js | Found a devtools:webconsole after previous test timed out
Return code: 1
ttaubert
https://tbpl.mozilla.org/php/getParsedLog.php?id=33854041&tree=Fx-Team
Windows 7 32-bit fx-team opt test mochitest-browser-chrome on 2014-01-30 19:16:15
revision: 48ec899c90a0
slave: t-w732-ix-072

TEST-UNEXPECTED-FAIL | chrome://mochitests/content/browser/browser/components/customizableui/test/browser_940307_panel_click_closure_handling.js | Uncaught exception - Panel did not hide within 20 seconds.
TEST-UNEXPECTED-FAIL | chrome://mochitests/content/browser/browser/devtools/webconsole/test/browser_console_dead_objects.js | Test timed out
TEST-UNEXPECTED-FAIL | chrome://mochitests/content/browser/browser/devtools/webconsole/test/browser_console_dead_objects.js | leaked window property: foobarzTezt
TEST-UNEXPECTED-FAIL | chrome://mochitests/content/browser/browser/devtools/webconsole/test/browser_console_dead_objects.js | Found a devtools:webconsole after previous test timed out
Return code: 1
ttaubert
https://tbpl.mozilla.org/php/getParsedLog.php?id=33856213&tree=Fx-Team
Windows 7 32-bit fx-team opt test mochitest-browser-chrome on 2014-01-30 19:55:10
revision: 00cead8f21d4
slave: t-w732-ix-040

TEST-UNEXPECTED-FAIL | chrome://mochitests/content/browser/browser/components/customizableui/test/browser_940307_panel_click_closure_handling.js | Uncaught exception - Panel did not hide within 20 seconds.
TEST-UNEXPECTED-FAIL | chrome://mochitests/content/browser/browser/devtools/webconsole/test/browser_console_dead_objects.js | Test timed out
TEST-UNEXPECTED-FAIL | chrome://mochitests/content/browser/browser/devtools/webconsole/test/browser_console_dead_objects.js | leaked window property: foobarzTezt
TEST-UNEXPECTED-FAIL | chrome://mochitests/content/browser/browser/devtools/webconsole/test/browser_console_dead_objects.js | Found a devtools:webconsole after previous test timed out
Return code: 1
ttaubert
https://tbpl.mozilla.org/php/getParsedLog.php?id=33856714&tree=Fx-Team
Windows 7 32-bit fx-team opt test mochitest-browser-chrome on 2014-01-30 20:03:36
revision: 36cc30d8c742
slave: t-w732-ix-010

TEST-UNEXPECTED-FAIL | chrome://mochitests/content/browser/browser/devtools/webconsole/test/browser_console_dead_objects.js | Test timed out
TEST-UNEXPECTED-FAIL | chrome://mochitests/content/browser/browser/devtools/webconsole/test/browser_console_dead_objects.js | leaked window property: foobarzTezt
TEST-UNEXPECTED-FAIL | chrome://mochitests/content/browser/browser/devtools/webconsole/test/browser_console_dead_objects.js | Found a devtools:webconsole after previous test timed out
Return code: 1
philor
https://tbpl.mozilla.org/php/getParsedLog.php?id=33860836&tree=Fx-Team
Windows 7 32-bit fx-team opt test mochitest-browser-chrome on 2014-01-30 21:26:13
revision: d9d7a18c14f3
slave: t-w732-ix-117

TEST-UNEXPECTED-FAIL | chrome://mochitests/content/browser/browser/devtools/webconsole/test/browser_console_dead_objects.js | Test timed out
TEST-UNEXPECTED-FAIL | chrome://mochitests/content/browser/browser/devtools/webconsole/test/browser_console_dead_objects.js | leaked window property: foobarzTezt
TEST-UNEXPECTED-FAIL | chrome://mochitests/content/browser/browser/devtools/webconsole/test/browser_console_dead_objects.js | Found a devtools:webconsole after previous test timed out
Return code: 1
philor
https://tbpl.mozilla.org/php/getParsedLog.php?id=33860926&tree=Fx-Team
Windows 7 32-bit fx-team opt test mochitest-browser-chrome on 2014-01-30 21:31:40
revision: 08d8f9e97fdd
slave: t-w732-ix-076

TEST-UNEXPECTED-FAIL | chrome://mochitests/content/browser/browser/devtools/webconsole/test/browser_console_dead_objects.js | Test timed out
TEST-UNEXPECTED-FAIL | chrome://mochitests/content/browser/browser/devtools/webconsole/test/browser_console_dead_objects.js | leaked window property: foobarzTezt
TEST-UNEXPECTED-FAIL | chrome://mochitests/content/browser/browser/devtools/webconsole/test/browser_console_dead_objects.js | Found a devtools:webconsole after previous test timed out
Return code: 1
Tomcat
https://tbpl.mozilla.org/php/getParsedLog.php?id=33876190&tree=Mozilla-Central
Windows 7 32-bit mozilla-central opt test mochitest-browser-chrome on 2014-01-31 05:17:42
revision: 940a7d00c096
slave: t-w732-ix-034

TEST-UNEXPECTED-FAIL | chrome://mochitests/content/browser/browser/devtools/webconsole/test/browser_console_dead_objects.js | Test timed out
TEST-UNEXPECTED-FAIL | chrome://mochitests/content/browser/browser/devtools/webconsole/test/browser_console_dead_objects.js | leaked window property: foobarzTezt
TEST-UNEXPECTED-FAIL | chrome://mochitests/content/browser/browser/devtools/webconsole/test/browser_console_dead_objects.js | Found a devtools:webconsole after previous test timed out
Return code: 1
edmorley
https://tbpl.mozilla.org/php/getParsedLog.php?id=33879804&tree=Mozilla-Inbound
Windows 7 32-bit mozilla-inbound opt test mochitest-browser-chrome on 2014-01-31 06:35:04
revision: 176fa19e610c
slave: t-w732-ix-064

TEST-UNEXPECTED-FAIL | chrome://mochitests/content/browser/browser/devtools/webconsole/test/browser_console_dead_objects.js | Test timed out
TEST-UNEXPECTED-FAIL | chrome://mochitests/content/browser/browser/devtools/webconsole/test/browser_console_dead_objects.js | leaked window property: foobarzTezt
TEST-UNEXPECTED-FAIL | chrome://mochitests/content/browser/browser/devtools/webconsole/test/browser_console_dead_objects.js | Found a devtools:webconsole after previous test timed out
Return code: 1
edmorley
https://tbpl.mozilla.org/php/getParsedLog.php?id=33880653&tree=Fx-Team
Windows 7 32-bit fx-team opt test mochitest-browser-chrome on 2014-01-31 06:48:43
revision: af70f4108299
slave: t-w732-ix-013

TEST-UNEXPECTED-FAIL | chrome://mochitests/content/browser/browser/devtools/webconsole/test/browser_console_dead_objects.js | Test timed out
TEST-UNEXPECTED-FAIL | chrome://mochitests/content/browser/browser/devtools/webconsole/test/browser_console_dead_objects.js | leaked window property: foobarzTezt
TEST-UNEXPECTED-FAIL | chrome://mochitests/content/browser/browser/devtools/webconsole/test/browser_console_dead_objects.js | Found a devtools:webconsole after previous test timed out
Return code: 1
philor
https://tbpl.mozilla.org/php/getParsedLog.php?id=33886208&tree=Mozilla-Inbound
Windows 7 32-bit mozilla-inbound opt test mochitest-browser-chrome on 2014-01-31 09:05:10
revision: 074e87ffb410
slave: t-w732-ix-025

TEST-UNEXPECTED-FAIL | chrome://mochitests/content/browser/browser/devtools/webconsole/test/browser_console_dead_objects.js | Test timed out
TEST-UNEXPECTED-FAIL | chrome://mochitests/content/browser/browser/devtools/webconsole/test/browser_console_dead_objects.js | leaked window property: foobarzTezt
TEST-UNEXPECTED-FAIL | chrome://mochitests/content/browser/browser/devtools/webconsole/test/browser_console_dead_objects.js | Found a devtools:webconsole after previous test timed out
Return code: 1
RyanVM
https://tbpl.mozilla.org/php/getParsedLog.php?id=33887597&tree=Fx-Team
Windows 7 32-bit fx-team opt test mochitest-browser-chrome on 2014-01-31 09:36:26
revision: 777869c35c0d
slave: t-w732-ix-130

TEST-UNEXPECTED-FAIL | chrome://mochitests/content/browser/browser/devtools/debugger/test/browser_dbg_auto-pretty-print-01.js | The auto-pretty-print pref should be on. - Got false, expected true
TEST-UNEXPECTED-FAIL | chrome://mochitests/content/browser/browser/devtools/debugger/test/browser_dbg_auto-pretty-print-01.js | The Auto pretty print menu item should be checked. - Got false, expected true
TEST-UNEXPECTED-FAIL | chrome://mochitests/content/browser/browser/devtools/debugger/test/browser_dbg_auto-pretty-print-01.js | Test timed out
TEST-UNEXPECTED-FAIL | chrome://mochitests/content/browser/browser/devtools/debugger/test/browser_dbg_auto-pretty-print-01.js | Found a tab after previous test timed out: http://example.com/browser/browser/devtools/debugger/test/doc_auto-pretty-print-01.html
TEST-UNEXPECTED-FAIL | chrome://mochitests/content/browser/browser/devtools/debugger/test/browser_dbg_auto-pretty-print-02.js | The auto-pretty-print pref should be on. - Got false, expected true
TEST-UNEXPECTED-FAIL | chrome://mochitests/content/browser/browser/devtools/debugger/test/browser_dbg_auto-pretty-print-02.js | The Auto pretty print menu item should be checked. - Got false, expected true
TEST-UNEXPECTED-FAIL | chrome://mochitests/content/browser/browser/devtools/debugger/test/browser_dbg_auto-pretty-print-02.js | Test timed out
TEST-UNEXPECTED-FAIL | chrome://mochitests/content/browser/browser/devtools/debugger/test/browser_dbg_auto-pretty-print-02.js | Found a tab after previous test timed out: http://example.com/browser/browser/devtools/debugger/test/doc_auto-pretty-print-02.html
TEST-UNEXPECTED-FAIL | chrome://mochitests/content/browser/browser/devtools/webconsole/test/browser_console_dead_objects.js | Test timed out
TEST-UNEXPECTED-FAIL | chrome://mochitests/content/browser/browser/devtools/webconsole/test/browser_console_dead_objects.js | leaked window property: foobarzTezt
TEST-UNEXPECTED-FAIL | chrome://mochitests/content/browser/browser/devtools/webconsole/test/browser_console_dead_objects.js | Found a devtools:webconsole after previous test timed out
TEST-UNEXPECTED-FAIL | chrome://mochitests/content/browser/browser/devtools/debugger/test/browser_dbg_auto-pretty-print-02.js | leaked until shutdown [nsGlobalWindow #9788 data:text/html;charset=utf8,<!DOCTYPE%20html><html%20dir='ltr'>%20%20<head>%20%20%20%20<style>%20%20%20%20%20%20html,%20body%20{%20height:%20100%;%20}%20%20%20%20%20%20body%20{%20margin:%200;%20overflow:%20hidden;%20}%20%20%20%20%20%20.CodeMirror%20{%20width:%20100%;%20height:%20100%%20!important;%20line-height:%20normal!important}%20%20%20%20</style>%20%20%20%20<link%20rel='stylesheet'%20href='chrome://browser/skin/devtools/common.css'>%20%20%20%20<link%20rel='stylesheet'%20href='chrome://browser/content/devtools/codemirror/codemirror.css'>%20%20%20%20<link%20rel='stylesheet'%20href='chrome://browser/content/devtools/codemirror/dialog.css'>%20%20%20%20<link%20rel='stylesheet'%20href='chrome://browser/content/devtools/codemirror/mozilla.css'>%20%20%20%20<link%20rel='stylesheet'%20href='chrome://browser/content/devtools/codemirror/foldgutter.css'>%20%20</head>%20%20<body%20class='theme-body%20devtools-monospace'></body></html>]
TEST-UNEXPECTED-FAIL | chrome://mochitests/content/browser/browser/devtools/debugger/test/browser_dbg_auto-pretty-print-01.js | leaked until shutdown [nsGlobalWindow #9778 data:text/html;charset=utf8,<!DOCTYPE%20html><html%20dir='ltr'>%20%20<head>%20%20%20%20<style>%20%20%20%20%20%20html,%20body%20{%20height:%20100%;%20}%20%20%20%20%20%20body%20{%20margin:%200;%20overflow:%20hidden;%20}%20%20%20%20%20%20.CodeMirror%20{%20width:%20100%;%20height:%20100%%20!important;%20line-height:%20normal!important}%20%20%20%20</style>%20%20%20%20<link%20rel='stylesheet'%20href='chrome://browser/skin/devtools/common.css'>%20%20%20%20<link%20rel='stylesheet'%20href='chrome://browser/content/devtools/codemirror/codemirror.css'>%20%20%20%20<link%20rel='stylesheet'%20href='chrome://browser/content/devtools/codemirror/dialog.css'>%20%20%20%20<link%20rel='stylesheet'%20href='chrome://browser/content/devtools/codemirror/mozilla.css'>%20%20%20%20<link%20rel='stylesheet'%20href='chrome://browser/content/devtools/codemirror/foldgutter.css'>%20%20</head>%20%20<body%20class='theme-body%20devtools-monospace'></body></html>]
Return code: 1
RyanVM
https://tbpl.mozilla.org/php/getParsedLog.php?id=33888859&tree=Fx-Team
Windows 7 32-bit fx-team opt test mochitest-browser-chrome on 2014-01-31 10:04:14
revision: cbcf7d2e9cb3
slave: t-w732-ix-063

TEST-UNEXPECTED-FAIL | chrome://mochitests/content/browser/browser/devtools/debugger/test/browser_dbg_auto-pretty-print-01.js | The auto-pretty-print pref should be on. - Got false, expected true
TEST-UNEXPECTED-FAIL | chrome://mochitests/content/browser/browser/devtools/debugger/test/browser_dbg_auto-pretty-print-01.js | The Auto pretty print menu item should be checked. - Got false, expected true
TEST-UNEXPECTED-FAIL | chrome://mochitests/content/browser/browser/devtools/debugger/test/browser_dbg_auto-pretty-print-01.js | Test timed out
TEST-UNEXPECTED-FAIL | chrome://mochitests/content/browser/browser/devtools/debugger/test/browser_dbg_auto-pretty-print-01.js | Found a tab after previous test timed out: http://example.com/browser/browser/devtools/debugger/test/doc_auto-pretty-print-01.html
TEST-UNEXPECTED-FAIL | chrome://mochitests/content/browser/browser/devtools/debugger/test/browser_dbg_auto-pretty-print-02.js | The auto-pretty-print pref should be on. - Got false, expected true
TEST-UNEXPECTED-FAIL | chrome://mochitests/content/browser/browser/devtools/debugger/test/browser_dbg_auto-pretty-print-02.js | The Auto pretty print menu item should be checked. - Got false, expected true
TEST-UNEXPECTED-FAIL | chrome://mochitests/content/browser/browser/devtools/debugger/test/browser_dbg_auto-pretty-print-02.js | Test timed out
TEST-UNEXPECTED-FAIL | chrome://mochitests/content/browser/browser/devtools/debugger/test/browser_dbg_auto-pretty-print-02.js | Found a tab after previous test timed out: http://example.com/browser/browser/devtools/debugger/test/doc_auto-pretty-print-02.html
TEST-UNEXPECTED-FAIL | chrome://mochitests/content/browser/browser/devtools/webconsole/test/browser_console_dead_objects.js | Test timed out
TEST-UNEXPECTED-FAIL | chrome://mochitests/content/browser/browser/devtools/webconsole/test/browser_console_dead_objects.js | leaked window property: foobarzTezt
TEST-UNEXPECTED-FAIL | chrome://mochitests/content/browser/browser/devtools/webconsole/test/browser_console_dead_objects.js | Found a devtools:webconsole after previous test timed out
TEST-UNEXPECTED-FAIL | chrome://mochitests/content/browser/browser/devtools/debugger/test/browser_dbg_auto-pretty-print-02.js | leaked until shutdown [nsGlobalWindow #9787 data:text/html;charset=utf8,<!DOCTYPE%20html><html%20dir='ltr'>%20%20<head>%20%20%20%20<style>%20%20%20%20%20%20html,%20body%20{%20height:%20100%;%20}%20%20%20%20%20%20body%20{%20margin:%200;%20overflow:%20hidden;%20}%20%20%20%20%20%20.CodeMirror%20{%20width:%20100%;%20height:%20100%%20!important;%20line-height:%20normal!important}%20%20%20%20</style>%20%20%20%20<link%20rel='stylesheet'%20href='chrome://browser/skin/devtools/common.css'>%20%20%20%20<link%20rel='stylesheet'%20href='chrome://browser/content/devtools/codemirror/codemirror.css'>%20%20%20%20<link%20rel='stylesheet'%20href='chrome://browser/content/devtools/codemirror/dialog.css'>%20%20%20%20<link%20rel='stylesheet'%20href='chrome://browser/content/devtools/codemirror/mozilla.css'>%20%20%20%20<link%20rel='stylesheet'%20href='chrome://browser/content/devtools/codemirror/foldgutter.css'>%20%20</head>%20%20<body%20class='theme-body%20devtools-monospace'></body></html>]
TEST-UNEXPECTED-FAIL | chrome://mochitests/content/browser/browser/devtools/debugger/test/browser_dbg_auto-pretty-print-01.js | leaked until shutdown [nsGlobalWindow #9777 data:text/html;charset=utf8,<!DOCTYPE%20html><html%20dir='ltr'>%20%20<head>%20%20%20%20<style>%20%20%20%20%20%20html,%20body%20{%20height:%20100%;%20}%20%20%20%20%20%20body%20{%20margin:%200;%20overflow:%20hidden;%20}%20%20%20%20%20%20.CodeMirror%20{%20width:%20100%;%20height:%20100%%20!important;%20line-height:%20normal!important}%20%20%20%20</style>%20%20%20%20<link%20rel='stylesheet'%20href='chrome://browser/skin/devtools/common.css'>%20%20%20%20<link%20rel='stylesheet'%20href='chrome://browser/content/devtools/codemirror/codemirror.css'>%20%20%20%20<link%20rel='stylesheet'%20href='chrome://browser/content/devtools/codemirror/dialog.css'>%20%20%20%20<link%20rel='stylesheet'%20href='chrome://browser/content/devtools/codemirror/mozilla.css'>%20%20%20%20<link%20rel='stylesheet'%20href='chrome://browser/content/devtools/codemirror/foldgutter.css'>%20%20</head>%20%20<body%20class='theme-body%20devtools-monospace'></body></html>]
Return code: 1
RyanVM
https://tbpl.mozilla.org/php/getParsedLog.php?id=33890271&tree=Mozilla-Inbound
Windows 7 32-bit mozilla-inbound opt test mochitest-browser-chrome on 2014-01-31 10:31:21
revision: 6fcd9f9c189f
slave: t-w732-ix-126

TEST-UNEXPECTED-FAIL | chrome://mochitests/content/browser/browser/devtools/webconsole/test/browser_console_dead_objects.js | Test timed out
TEST-UNEXPECTED-FAIL | chrome://mochitests/content/browser/browser/devtools/webconsole/test/browser_console_dead_objects.js | leaked window property: foobarzTezt
TEST-UNEXPECTED-FAIL | chrome://mochitests/content/browser/browser/devtools/webconsole/test/browser_console_dead_objects.js | Found a devtools:webconsole after previous test timed out
Return code: 1
RyanVM
https://tbpl.mozilla.org/php/getParsedLog.php?id=33891264&tree=Mozilla-Inbound
Windows 7 32-bit mozilla-inbound opt test mochitest-browser-chrome on 2014-01-31 10:48:29
revision: f54a80137626
slave: t-w732-ix-079

TEST-UNEXPECTED-FAIL | chrome://mochitests/content/browser/browser/devtools/webconsole/test/browser_console_dead_objects.js | Test timed out
TEST-UNEXPECTED-FAIL | chrome://mochitests/content/browser/browser/devtools/webconsole/test/browser_console_dead_objects.js | leaked window property: foobarzTezt
TEST-UNEXPECTED-FAIL | chrome://mochitests/content/browser/browser/devtools/webconsole/test/browser_console_dead_objects.js | Found a devtools:webconsole after previous test timed out
Return code: 1
RyanVM
https://tbpl.mozilla.org/php/getParsedLog.php?id=33895170&tree=Mozilla-Inbound
Windows 7 32-bit mozilla-inbound opt test mochitest-browser-chrome on 2014-01-31 11:57:45
revision: 78bbd153072a
slave: t-w732-ix-006

TEST-UNEXPECTED-FAIL | chrome://mochitests/content/browser/browser/devtools/webconsole/test/browser_console_dead_objects.js | Test timed out
TEST-UNEXPECTED-FAIL | chrome://mochitests/content/browser/browser/devtools/webconsole/test/browser_console_dead_objects.js | leaked window property: foobarzTezt
TEST-UNEXPECTED-FAIL | chrome://mochitests/content/browser/browser/devtools/webconsole/test/browser_console_dead_objects.js | Found a devtools:webconsole after previous test timed out
Return code: 1
RyanVM
https://tbpl.mozilla.org/php/getParsedLog.php?id=33896521&tree=Mozilla-Inbound
Windows 7 32-bit mozilla-inbound opt test mochitest-browser-chrome on 2014-01-31 12:22:30
revision: 35c57af24bf5
slave: t-w732-ix-081

TEST-UNEXPECTED-FAIL | chrome://mochitests/content/browser/browser/devtools/webconsole/test/browser_console_dead_objects.js | Test timed out
TEST-UNEXPECTED-FAIL | chrome://mochitests/content/browser/browser/devtools/webconsole/test/browser_console_dead_objects.js | leaked window property: foobarzTezt
TEST-UNEXPECTED-FAIL | chrome://mochitests/content/browser/browser/devtools/webconsole/test/browser_console_dead_objects.js | Found a devtools:webconsole after previous test timed out
Return code: 1
Mihai, any idea what might be going on here?
RyanVM
https://tbpl.mozilla.org/php/getParsedLog.php?id=33897277&tree=Fx-Team
Windows 7 32-bit fx-team opt test mochitest-browser-chrome on 2014-01-31 12:33:03
revision: fc7436932c4a
slave: t-w732-ix-011

TEST-UNEXPECTED-FAIL | chrome://mochitests/content/browser/browser/devtools/webconsole/test/browser_console_dead_objects.js | Test timed out
TEST-UNEXPECTED-FAIL | chrome://mochitests/content/browser/browser/devtools/webconsole/test/browser_console_dead_objects.js | leaked window property: foobarzTezt
TEST-UNEXPECTED-FAIL | chrome://mochitests/content/browser/browser/devtools/webconsole/test/browser_console_dead_objects.js | Found a devtools:webconsole after previous test timed out
Return code: 1
RyanVM
https://tbpl.mozilla.org/php/getParsedLog.php?id=33904429&tree=Fx-Team
Windows 7 32-bit fx-team opt test mochitest-browser-chrome on 2014-01-31 14:24:33
revision: c24edbc71fbc
slave: t-w732-ix-030

TEST-UNEXPECTED-FAIL | chrome://mochitests/content/browser/browser/devtools/webconsole/test/browser_console_dead_objects.js | Test timed out
TEST-UNEXPECTED-FAIL | chrome://mochitests/content/browser/browser/devtools/webconsole/test/browser_console_dead_objects.js | leaked window property: foobarzTezt
TEST-UNEXPECTED-FAIL | chrome://mochitests/content/browser/browser/devtools/webconsole/test/browser_console_dead_objects.js | Found a devtools:webconsole after previous test timed out
Return code: 1
RyanVM
https://tbpl.mozilla.org/php/getParsedLog.php?id=33905952&tree=Fx-Team
Windows 7 32-bit fx-team opt test mochitest-browser-chrome on 2014-01-31 14:48:03
revision: 7ea80c5d5a1e
slave: t-w732-ix-023

TEST-UNEXPECTED-FAIL | chrome://mochitests/content/browser/browser/devtools/webconsole/test/browser_console_dead_objects.js | Test timed out
TEST-UNEXPECTED-FAIL | chrome://mochitests/content/browser/browser/devtools/webconsole/test/browser_console_dead_objects.js | leaked window property: foobarzTezt
TEST-UNEXPECTED-FAIL | chrome://mochitests/content/browser/browser/devtools/webconsole/test/browser_console_dead_objects.js | Found a devtools:webconsole after previous test timed out
Return code: 1
RyanVM
https://tbpl.mozilla.org/php/getParsedLog.php?id=33907681&tree=Mozilla-Central
Windows 7 32-bit mozilla-central opt test mochitest-browser-chrome on 2014-01-31 15:18:01
revision: 8ded1c0760cc
slave: t-w732-ix-055

TEST-UNEXPECTED-FAIL | chrome://mochitests/content/browser/browser/devtools/webconsole/test/browser_console_dead_objects.js | Test timed out
TEST-UNEXPECTED-FAIL | chrome://mochitests/content/browser/browser/devtools/webconsole/test/browser_console_dead_objects.js | leaked window property: foobarzTezt
TEST-UNEXPECTED-FAIL | chrome://mochitests/content/browser/browser/devtools/webconsole/test/browser_console_dead_objects.js | Found a devtools:webconsole after previous test timed out
Return code: 1
RyanVM
https://tbpl.mozilla.org/php/getParsedLog.php?id=33913292&tree=Fx-Team
Windows 7 32-bit fx-team opt test mochitest-browser-chrome on 2014-01-31 16:47:46
revision: 70b2641cc32c
slave: t-w732-ix-001

TypeError: this._itemIds is undefined -- chrome://browser/content/browser.js:3394
TypeError: this._itemIds is undefined -- chrome://browser/content/browser.js:3394
TEST-UNEXPECTED-FAIL | chrome://mochitests/content/browser/browser/devtools/webconsole/test/browser_console_dead_objects.js | Test timed out
TEST-UNEXPECTED-FAIL | chrome://mochitests/content/browser/browser/devtools/webconsole/test/browser_console_dead_objects.js | leaked window property: foobarzTezt
TEST-UNEXPECTED-FAIL | chrome://mochitests/content/browser/browser/devtools/webconsole/test/browser_console_dead_objects.js | Found a devtools:webconsole after previous test timed out
Return code: 1
RyanVM
https://tbpl.mozilla.org/php/getParsedLog.php?id=33915119&tree=Mozilla-Inbound
Windows 7 32-bit mozilla-inbound opt test mochitest-browser-chrome on 2014-01-31 17:21:56
revision: ce3bd1ad8565
slave: t-w732-ix-043

TEST-UNEXPECTED-FAIL | chrome://mochitests/content/browser/browser/devtools/webconsole/test/browser_console_dead_objects.js | Test timed out
TEST-UNEXPECTED-FAIL | chrome://mochitests/content/browser/browser/devtools/webconsole/test/browser_console_dead_objects.js | leaked window property: foobarzTezt
TEST-UNEXPECTED-FAIL | chrome://mochitests/content/browser/browser/devtools/webconsole/test/browser_console_dead_objects.js | Found a devtools:webconsole after previous test timed out
Return code: 1
aklotz
https://tbpl.mozilla.org/php/getParsedLog.php?id=33916884&tree=Try
Windows 7 32-bit try opt test mochitest-browser-chrome on 2014-01-31 17:54:29
revision: cef06c27affe
slave: t-w732-ix-051

TEST-UNEXPECTED-FAIL | chrome://mochitests/content/browser/browser/devtools/webconsole/test/browser_console_dead_objects.js | Test timed out
TEST-UNEXPECTED-FAIL | chrome://mochitests/content/browser/browser/devtools/webconsole/test/browser_console_dead_objects.js | leaked window property: foobarzTezt
TEST-UNEXPECTED-FAIL | chrome://mochitests/content/browser/browser/devtools/webconsole/test/browser_console_dead_objects.js | Found a devtools:webconsole after previous test timed out
Return code: 1
philor
https://tbpl.mozilla.org/php/getParsedLog.php?id=33917813&tree=Mozilla-Inbound
Windows 7 32-bit mozilla-inbound opt test mochitest-browser-chrome on 2014-01-31 18:09:57
revision: 2c7dbe305a8a
slave: t-w732-ix-011

TEST-UNEXPECTED-FAIL | chrome://mochitests/content/browser/browser/devtools/webconsole/test/browser_console_dead_objects.js | Test timed out
TEST-UNEXPECTED-FAIL | chrome://mochitests/content/browser/browser/devtools/webconsole/test/browser_console_dead_objects.js | leaked window property: foobarzTezt
TEST-UNEXPECTED-FAIL | chrome://mochitests/content/browser/browser/devtools/webconsole/test/browser_console_dead_objects.js | Found a devtools:webconsole after previous test timed out
Return code: 1
philor
https://tbpl.mozilla.org/php/getParsedLog.php?id=33918263&tree=Fx-Team
Windows 7 32-bit fx-team opt test mochitest-browser-chrome on 2014-01-31 18:22:07
revision: a6805f2f8914
slave: t-w732-ix-005

TypeError: this._itemIds is undefined -- chrome://browser/content/browser.js:3394
TypeError: this._itemIds is undefined -- chrome://browser/content/browser.js:3394
TEST-UNEXPECTED-FAIL | chrome://mochitests/content/browser/browser/devtools/webconsole/test/browser_console_dead_objects.js | Test timed out
TEST-UNEXPECTED-FAIL | chrome://mochitests/content/browser/browser/devtools/webconsole/test/browser_console_dead_objects.js | leaked window property: foobarzTezt
TEST-UNEXPECTED-FAIL | chrome://mochitests/content/browser/browser/devtools/webconsole/test/browser_console_dead_objects.js | Found a devtools:webconsole after previous test timed out
Return code: 1
philor
https://tbpl.mozilla.org/php/getParsedLog.php?id=33919554&tree=Mozilla-Inbound
Windows 7 32-bit mozilla-inbound opt test mochitest-browser-chrome on 2014-01-31 18:47:13
revision: af7bcffbbac9
slave: t-w732-ix-056

TEST-UNEXPECTED-FAIL | chrome://mochitests/content/browser/browser/devtools/webconsole/test/browser_console_dead_objects.js | Test timed out
TEST-UNEXPECTED-FAIL | chrome://mochitests/content/browser/browser/devtools/webconsole/test/browser_console_dead_objects.js | leaked window property: foobarzTezt
TEST-UNEXPECTED-FAIL | chrome://mochitests/content/browser/browser/devtools/webconsole/test/browser_console_dead_objects.js | Found a devtools:webconsole after previous test timed out
Return code: 1
philor
https://tbpl.mozilla.org/php/getParsedLog.php?id=33921218&tree=Fx-Team
Windows 7 32-bit fx-team opt test mochitest-browser-chrome on 2014-01-31 19:10:10
revision: ba728a01b061
slave: t-w732-ix-127

TypeError: this._itemIds is undefined -- chrome://browser/content/browser.js:3394
TypeError: this._itemIds is undefined -- chrome://browser/content/browser.js:3394
TEST-UNEXPECTED-FAIL | chrome://mochitests/content/browser/browser/devtools/webconsole/test/browser_console_dead_objects.js | Test timed out
TEST-UNEXPECTED-FAIL | chrome://mochitests/content/browser/browser/devtools/webconsole/test/browser_console_dead_objects.js | leaked window property: foobarzTezt
TEST-UNEXPECTED-FAIL | chrome://mochitests/content/browser/browser/devtools/webconsole/test/browser_console_dead_objects.js | Found a devtools:webconsole after previous test timed out
Return code: 1
philor
https://tbpl.mozilla.org/php/getParsedLog.php?id=33920816&tree=Mozilla-Inbound
Windows 7 32-bit mozilla-inbound opt test mochitest-browser-chrome on 2014-01-31 19:08:40
revision: acadb164dbc5
slave: t-w732-ix-071

TEST-UNEXPECTED-FAIL | chrome://mochitests/content/browser/browser/devtools/webconsole/test/browser_console_dead_objects.js | Test timed out
TEST-UNEXPECTED-FAIL | chrome://mochitests/content/browser/browser/devtools/webconsole/test/browser_console_dead_objects.js | leaked window property: foobarzTezt
TEST-UNEXPECTED-FAIL | chrome://mochitests/content/browser/browser/devtools/webconsole/test/browser_console_dead_objects.js | Found a devtools:webconsole after previous test timed out
Return code: 1
gavin
https://tbpl.mozilla.org/php/getParsedLog.php?id=33923909&tree=Fx-Team
Windows 7 32-bit fx-team opt test mochitest-browser-chrome on 2014-01-31 19:58:01
revision: 9003e6d7c532
slave: t-w732-ix-056

TypeError: this._itemIds is undefined -- chrome://browser/content/browser.js:3394
TypeError: this._itemIds is undefined -- chrome://browser/content/browser.js:3394
TEST-UNEXPECTED-FAIL | chrome://mochitests/content/browser/browser/devtools/webconsole/test/browser_console_dead_objects.js | Test timed out
TEST-UNEXPECTED-FAIL | chrome://mochitests/content/browser/browser/devtools/webconsole/test/browser_console_dead_objects.js | leaked window property: foobarzTezt
TEST-UNEXPECTED-FAIL | chrome://mochitests/content/browser/browser/devtools/webconsole/test/browser_console_dead_objects.js | Found a devtools:webconsole after previous test timed out
Return code: 1
philor
https://tbpl.mozilla.org/php/getParsedLog.php?id=33926357&tree=Fx-Team
Windows 7 32-bit fx-team opt test mochitest-browser-chrome on 2014-01-31 20:40:59
revision: c21d44250e0c
slave: t-w732-ix-014

TypeError: this._itemIds is undefined -- chrome://browser/content/browser.js:3394
TypeError: this._itemIds is undefined -- chrome://browser/content/browser.js:3394
TEST-UNEXPECTED-FAIL | chrome://mochitests/content/browser/browser/devtools/webconsole/test/browser_console_dead_objects.js | Test timed out
TEST-UNEXPECTED-FAIL | chrome://mochitests/content/browser/browser/devtools/webconsole/test/browser_console_dead_objects.js | leaked window property: foobarzTezt
TEST-UNEXPECTED-FAIL | chrome://mochitests/content/browser/browser/devtools/webconsole/test/browser_console_dead_objects.js | Found a devtools:webconsole after previous test timed out
Return code: 1
philor
https://tbpl.mozilla.org/php/getParsedLog.php?id=33923244&tree=Mozilla-Central
Windows 7 32-bit mozilla-central opt test mochitest-browser-chrome on 2014-01-31 19:47:34
revision: 45e2143238b9
slave: t-w732-ix-111

TEST-UNEXPECTED-FAIL | chrome://mochitests/content/browser/browser/devtools/webconsole/test/browser_console_dead_objects.js | Test timed out
TEST-UNEXPECTED-FAIL | chrome://mochitests/content/browser/browser/devtools/webconsole/test/browser_console_dead_objects.js | leaked window property: foobarzTezt
TEST-UNEXPECTED-FAIL | chrome://mochitests/content/browser/browser/devtools/webconsole/test/browser_console_dead_objects.js | Found a devtools:webconsole after previous test timed out
Return code: 1
philor
https://tbpl.mozilla.org/php/getParsedLog.php?id=33922640&tree=Mozilla-Central
Windows 7 32-bit mozilla-central opt test mochitest-browser-chrome on 2014-01-31 19:37:28
revision: cee541ab3322
slave: t-w732-ix-075

TEST-UNEXPECTED-FAIL | chrome://mochitests/content/browser/browser/devtools/webconsole/test/browser_console_dead_objects.js | Test timed out
TEST-UNEXPECTED-FAIL | chrome://mochitests/content/browser/browser/devtools/webconsole/test/browser_console_dead_objects.js | leaked window property: foobarzTezt
TEST-UNEXPECTED-FAIL | chrome://mochitests/content/browser/browser/devtools/webconsole/test/browser_console_dead_objects.js | Found a devtools:webconsole after previous test timed out
Return code: 1
philor
https://tbpl.mozilla.org/php/getParsedLog.php?id=33927295&tree=Mozilla-Inbound
Windows 7 32-bit mozilla-inbound opt test mochitest-browser-chrome on 2014-01-31 21:02:45
revision: 6199eb8d2f3e
slave: t-w732-ix-092

TEST-UNEXPECTED-FAIL | chrome://mochitests/content/browser/browser/devtools/webconsole/test/browser_console_dead_objects.js | Test timed out
TEST-UNEXPECTED-FAIL | chrome://mochitests/content/browser/browser/devtools/webconsole/test/browser_console_dead_objects.js | leaked window property: foobarzTezt
TEST-UNEXPECTED-FAIL | chrome://mochitests/content/browser/browser/devtools/webconsole/test/browser_console_dead_objects.js | Found a devtools:webconsole after previous test timed out
Return code: 1
aklotz
https://tbpl.mozilla.org/php/getParsedLog.php?id=33927295&tree=Mozilla-Inbound
Windows 7 32-bit mozilla-inbound opt test mochitest-browser-chrome on 2014-01-31 21:02:45
revision: 6199eb8d2f3e
slave: t-w732-ix-092

TEST-UNEXPECTED-FAIL | chrome://mochitests/content/browser/browser/devtools/webconsole/test/browser_console_dead_objects.js | Test timed out
TEST-UNEXPECTED-FAIL | chrome://mochitests/content/browser/browser/devtools/webconsole/test/browser_console_dead_objects.js | leaked window property: foobarzTezt
TEST-UNEXPECTED-FAIL | chrome://mochitests/content/browser/browser/devtools/webconsole/test/browser_console_dead_objects.js | Found a devtools:webconsole after previous test timed out
Return code: 1
gavin
https://tbpl.mozilla.org/php/getParsedLog.php?id=33928549&tree=Fx-Team
Windows 7 32-bit fx-team opt test mochitest-browser-chrome on 2014-01-31 21:32:45
revision: c21d44250e0c
slave: t-w732-ix-112

TypeError: this._itemIds is undefined -- chrome://browser/content/browser.js:3394
TypeError: this._itemIds is undefined -- chrome://browser/content/browser.js:3394
TEST-UNEXPECTED-FAIL | chrome://mochitests/content/browser/browser/devtools/webconsole/test/browser_console_dead_objects.js | Test timed out
TEST-UNEXPECTED-FAIL | chrome://mochitests/content/browser/browser/devtools/webconsole/test/browser_console_dead_objects.js | leaked window property: foobarzTezt
TEST-UNEXPECTED-FAIL | chrome://mochitests/content/browser/browser/devtools/webconsole/test/browser_console_dead_objects.js | Found a devtools:webconsole after previous test timed out
Return code: 1
gavin
https://tbpl.mozilla.org/php/getParsedLog.php?id=33928489&tree=Fx-Team
Windows 7 32-bit fx-team opt test mochitest-browser-chrome on 2014-01-31 21:33:08
revision: c21d44250e0c
slave: t-w732-ix-054

TypeError: this._itemIds is undefined -- chrome://browser/content/browser.js:3394
TypeError: this._itemIds is undefined -- chrome://browser/content/browser.js:3394
TEST-UNEXPECTED-FAIL | chrome://mochitests/content/browser/browser/devtools/webconsole/test/browser_console_dead_objects.js | Test timed out
TEST-UNEXPECTED-FAIL | chrome://mochitests/content/browser/browser/devtools/webconsole/test/browser_console_dead_objects.js | leaked window property: foobarzTezt
TEST-UNEXPECTED-FAIL | chrome://mochitests/content/browser/browser/devtools/webconsole/test/browser_console_dead_objects.js | Found a devtools:webconsole after previous test timed out
Return code: 1
philor
https://tbpl.mozilla.org/php/getParsedLog.php?id=33927721&tree=Mozilla-Inbound
Windows 7 32-bit mozilla-inbound opt test mochitest-browser-chrome on 2014-01-31 21:14:02
revision: cdc7a6424a0d
slave: t-w732-ix-036

TEST-UNEXPECTED-FAIL | chrome://mochitests/content/browser/browser/devtools/webconsole/test/browser_console_dead_objects.js | Test timed out
TEST-UNEXPECTED-FAIL | chrome://mochitests/content/browser/browser/devtools/webconsole/test/browser_console_dead_objects.js | leaked window property: foobarzTezt
TEST-UNEXPECTED-FAIL | chrome://mochitests/content/browser/browser/devtools/webconsole/test/browser_console_dead_objects.js | Found a devtools:webconsole after previous test timed out
Return code: 1
philor
https://tbpl.mozilla.org/php/getParsedLog.php?id=33930078&tree=Fx-Team
Windows 7 32-bit fx-team opt test mochitest-browser-chrome on 2014-01-31 22:31:44
revision: c21d44250e0c
slave: t-w732-ix-081

TypeError: this._itemIds is undefined -- chrome://browser/content/browser.js:3394
TypeError: this._itemIds is undefined -- chrome://browser/content/browser.js:3394
TEST-UNEXPECTED-FAIL | chrome://mochitests/content/browser/browser/devtools/webconsole/test/browser_console_dead_objects.js | Test timed out
TEST-UNEXPECTED-FAIL | chrome://mochitests/content/browser/browser/devtools/webconsole/test/browser_console_dead_objects.js | leaked window property: foobarzTezt
TEST-UNEXPECTED-FAIL | chrome://mochitests/content/browser/browser/devtools/webconsole/test/browser_console_dead_objects.js | Found a devtools:webconsole after previous test timed out
Return code: 1
philor
https://tbpl.mozilla.org/php/getParsedLog.php?id=33930343&tree=Mozilla-Inbound
Windows 7 32-bit mozilla-inbound opt test mochitest-browser-chrome on 2014-01-31 22:45:38
revision: 4cddbc0d5183
slave: t-w732-ix-024

TEST-UNEXPECTED-FAIL | chrome://mochitests/content/browser/browser/devtools/webconsole/test/browser_console_dead_objects.js | Test timed out
TEST-UNEXPECTED-FAIL | chrome://mochitests/content/browser/browser/devtools/webconsole/test/browser_console_dead_objects.js | leaked window property: foobarzTezt
TEST-UNEXPECTED-FAIL | chrome://mochitests/content/browser/browser/devtools/webconsole/test/browser_console_dead_objects.js | Found a devtools:webconsole after previous test timed out
Return code: 1
philor
https://tbpl.mozilla.org/php/getParsedLog.php?id=33931186&tree=Mozilla-Central
Windows 7 32-bit mozilla-central opt test mochitest-browser-chrome on 2014-01-31 23:14:42
revision: 8840c133115a
slave: t-w732-ix-099

TypeError: this._itemIds is undefined -- chrome://browser/content/browser.js:3394
TypeError: this._itemIds is undefined -- chrome://browser/content/browser.js:3394
TEST-UNEXPECTED-FAIL | chrome://mochitests/content/browser/browser/devtools/webconsole/test/browser_console_dead_objects.js | Test timed out
TEST-UNEXPECTED-FAIL | chrome://mochitests/content/browser/browser/devtools/webconsole/test/browser_console_dead_objects.js | leaked window property: foobarzTezt
TEST-UNEXPECTED-FAIL | chrome://mochitests/content/browser/browser/devtools/webconsole/test/browser_console_dead_objects.js | Found a devtools:webconsole after previous test timed out
Return code: 1
philor
https://tbpl.mozilla.org/php/getParsedLog.php?id=33933303&tree=Fx-Team
Windows 7 32-bit fx-team opt test mochitest-browser-chrome on 2014-02-01 00:26:58
revision: 6a6aaf1887fe
slave: t-w732-ix-010

TypeError: this._itemIds is undefined -- chrome://browser/content/browser.js:3394
TypeError: this._itemIds is undefined -- chrome://browser/content/browser.js:3394
TEST-UNEXPECTED-FAIL | chrome://mochitests/content/browser/browser/devtools/webconsole/test/browser_console_dead_objects.js | Test timed out
TEST-UNEXPECTED-FAIL | chrome://mochitests/content/browser/browser/devtools/webconsole/test/browser_console_dead_objects.js | leaked window property: foobarzTezt
TEST-UNEXPECTED-FAIL | chrome://mochitests/content/browser/browser/devtools/webconsole/test/browser_console_dead_objects.js | Found a devtools:webconsole after previous test timed out
Return code: 1
robcee
https://tbpl.mozilla.org/php/getParsedLog.php?id=33937198&tree=Fx-Team
Windows 7 32-bit fx-team opt test mochitest-browser-chrome on 2014-02-01 02:31:07
revision: c63c7b1d253d
slave: t-w732-ix-067

TypeError: this._itemIds is undefined -- chrome://browser/content/browser.js:3394
TypeError: this._itemIds is undefined -- chrome://browser/content/browser.js:3394
TEST-UNEXPECTED-FAIL | chrome://mochitests/content/browser/browser/devtools/webconsole/test/browser_console_dead_objects.js | Test timed out
TEST-UNEXPECTED-FAIL | chrome://mochitests/content/browser/browser/devtools/webconsole/test/browser_console_dead_objects.js | leaked window property: foobarzTezt
TEST-UNEXPECTED-FAIL | chrome://mochitests/content/browser/browser/devtools/webconsole/test/browser_console_dead_objects.js | Found a devtools:webconsole after previous test timed out
Return code: 1
robcee
https://tbpl.mozilla.org/php/getParsedLog.php?id=33935496&tree=Fx-Team
Windows 7 32-bit fx-team opt test mochitest-browser-chrome on 2014-02-01 01:44:09
revision: 6a6aaf1887fe
slave: t-w732-ix-039

TypeError: this._itemIds is undefined -- chrome://browser/content/browser.js:3394
TypeError: this._itemIds is undefined -- chrome://browser/content/browser.js:3394
TEST-UNEXPECTED-FAIL | chrome://mochitests/content/browser/browser/devtools/webconsole/test/browser_console_dead_objects.js | Test timed out
TEST-UNEXPECTED-FAIL | chrome://mochitests/content/browser/browser/devtools/webconsole/test/browser_console_dead_objects.js | leaked window property: foobarzTezt
TEST-UNEXPECTED-FAIL | chrome://mochitests/content/browser/browser/devtools/webconsole/test/browser_console_dead_objects.js | Found a devtools:webconsole after previous test timed out
Return code: 1
philor
https://tbpl.mozilla.org/php/getParsedLog.php?id=33945922&tree=Mozilla-Inbound
Windows 7 32-bit mozilla-inbound opt test mochitest-browser-chrome on 2014-02-01 07:18:20
revision: 2cd1363497cc
slave: t-w732-ix-112

TEST-UNEXPECTED-FAIL | chrome://mochitests/content/browser/browser/devtools/webconsole/test/browser_console_dead_objects.js | Test timed out
TEST-UNEXPECTED-FAIL | chrome://mochitests/content/browser/browser/devtools/webconsole/test/browser_console_dead_objects.js | leaked window property: foobarzTezt
TEST-UNEXPECTED-FAIL | chrome://mochitests/content/browser/browser/devtools/webconsole/test/browser_console_dead_objects.js | Found a devtools:webconsole after previous test timed out
Return code: 1
philor
https://tbpl.mozilla.org/php/getParsedLog.php?id=33943407&tree=Mozilla-Inbound
Windows 7 32-bit mozilla-inbound opt test mochitest-browser-chrome on 2014-02-01 05:52:26
revision: a9930b656941
slave: t-w732-ix-120

TEST-UNEXPECTED-FAIL | chrome://mochitests/content/browser/browser/devtools/webconsole/test/browser_console_dead_objects.js | Test timed out
TEST-UNEXPECTED-FAIL | chrome://mochitests/content/browser/browser/devtools/webconsole/test/browser_console_dead_objects.js | leaked window property: foobarzTezt
TEST-UNEXPECTED-FAIL | chrome://mochitests/content/browser/browser/devtools/webconsole/test/browser_console_dead_objects.js | Found a devtools:webconsole after previous test timed out
Return code: 1
philor
https://tbpl.mozilla.org/php/getParsedLog.php?id=33942605&tree=Mozilla-Inbound
Windows 7 32-bit mozilla-inbound opt test mochitest-browser-chrome on 2014-02-01 05:33:48
revision: 02302b3cdd84
slave: t-w732-ix-058

TEST-UNEXPECTED-FAIL | chrome://mochitests/content/browser/browser/devtools/webconsole/test/browser_console_dead_objects.js | Test timed out
TEST-UNEXPECTED-FAIL | chrome://mochitests/content/browser/browser/devtools/webconsole/test/browser_console_dead_objects.js | leaked window property: foobarzTezt
TEST-UNEXPECTED-FAIL | chrome://mochitests/content/browser/browser/devtools/webconsole/test/browser_console_dead_objects.js | Found a devtools:webconsole after previous test timed out
Return code: 1
philor
https://tbpl.mozilla.org/php/getParsedLog.php?id=33937096&tree=Mozilla-Inbound
Windows 7 32-bit mozilla-inbound opt test mochitest-browser-chrome on 2014-02-01 02:27:25
revision: 4fe634bea8de
slave: t-w732-ix-033

TEST-UNEXPECTED-FAIL | chrome://mochitests/content/browser/browser/devtools/webconsole/test/browser_console_dead_objects.js | Test timed out
TEST-UNEXPECTED-FAIL | chrome://mochitests/content/browser/browser/devtools/webconsole/test/browser_console_dead_objects.js | leaked window property: foobarzTezt
TEST-UNEXPECTED-FAIL | chrome://mochitests/content/browser/browser/devtools/webconsole/test/browser_console_dead_objects.js | Found a devtools:webconsole after previous test timed out
Return code: 1
philor
https://tbpl.mozilla.org/php/getParsedLog.php?id=33935654&tree=Mozilla-Inbound
Windows 7 32-bit mozilla-inbound opt test mochitest-browser-chrome on 2014-02-01 01:48:14
revision: ea871fc76f16
slave: t-w732-ix-002

TEST-UNEXPECTED-FAIL | chrome://mochitests/content/browser/browser/devtools/webconsole/test/browser_console_dead_objects.js | Test timed out
TEST-UNEXPECTED-FAIL | chrome://mochitests/content/browser/browser/devtools/webconsole/test/browser_console_dead_objects.js | leaked window property: foobarzTezt
TEST-UNEXPECTED-FAIL | chrome://mochitests/content/browser/browser/devtools/webconsole/test/browser_console_dead_objects.js | Found a devtools:webconsole after previous test timed out
Return code: 1
philor
https://tbpl.mozilla.org/php/getParsedLog.php?id=33935426&tree=Mozilla-Inbound
Windows 7 32-bit mozilla-inbound opt test mochitest-browser-chrome on 2014-02-01 01:39:35
revision: 9c264aed5f9e
slave: t-w732-ix-019

TEST-UNEXPECTED-FAIL | chrome://mochitests/content/browser/browser/devtools/webconsole/test/browser_console_dead_objects.js | Test timed out
TEST-UNEXPECTED-FAIL | chrome://mochitests/content/browser/browser/devtools/webconsole/test/browser_console_dead_objects.js | leaked window property: foobarzTezt
TEST-UNEXPECTED-FAIL | chrome://mochitests/content/browser/browser/devtools/webconsole/test/browser_console_dead_objects.js | Found a devtools:webconsole after previous test timed out
Return code: 1
philor
https://tbpl.mozilla.org/php/getParsedLog.php?id=33935268&tree=Mozilla-Inbound
Windows 7 32-bit mozilla-inbound opt test mochitest-browser-chrome on 2014-02-01 01:34:41
revision: ed63a08515a4
slave: t-w732-ix-083

TEST-UNEXPECTED-FAIL | chrome://mochitests/content/browser/browser/devtools/webconsole/test/browser_console_dead_objects.js | Test timed out
TEST-UNEXPECTED-FAIL | chrome://mochitests/content/browser/browser/devtools/webconsole/test/browser_console_dead_objects.js | leaked window property: foobarzTezt
TEST-UNEXPECTED-FAIL | chrome://mochitests/content/browser/browser/devtools/webconsole/test/browser_console_dead_objects.js | Found a devtools:webconsole after previous test timed out
Return code: 1
philor
https://tbpl.mozilla.org/php/getParsedLog.php?id=33948738&tree=Fx-Team
Windows 7 32-bit fx-team opt test mochitest-browser-chrome on 2014-02-01 09:08:32
revision: 16dfbbf8a159
slave: t-w732-ix-025

TypeError: this._itemIds is undefined -- chrome://browser/content/browser.js:3394
TypeError: this._itemIds is undefined -- chrome://browser/content/browser.js:3394
TEST-UNEXPECTED-FAIL | chrome://mochitests/content/browser/browser/devtools/webconsole/test/browser_console_dead_objects.js | Test timed out
TEST-UNEXPECTED-FAIL | chrome://mochitests/content/browser/browser/devtools/webconsole/test/browser_console_dead_objects.js | leaked window property: foobarzTezt
TEST-UNEXPECTED-FAIL | chrome://mochitests/content/browser/browser/devtools/webconsole/test/browser_console_dead_objects.js | Found a devtools:webconsole after previous test timed out
Return code: 1
philor
https://tbpl.mozilla.org/php/getParsedLog.php?id=33949211&tree=Mozilla-Inbound
Windows 7 32-bit mozilla-inbound opt test mochitest-browser-chrome on 2014-02-01 09:25:42
revision: ae0be3e9844c
slave: t-w732-ix-083

TEST-UNEXPECTED-FAIL | chrome://mochitests/content/browser/browser/devtools/webconsole/test/browser_console_dead_objects.js | Test timed out
TEST-UNEXPECTED-FAIL | chrome://mochitests/content/browser/browser/devtools/webconsole/test/browser_console_dead_objects.js | leaked window property: foobarzTezt
TEST-UNEXPECTED-FAIL | chrome://mochitests/content/browser/browser/devtools/webconsole/test/browser_console_dead_objects.js | Found a devtools:webconsole after previous test timed out
Return code: 1
philor
https://tbpl.mozilla.org/php/getParsedLog.php?id=33950862&tree=Fx-Team
Ubuntu VM 12.04 x64 fx-team pgo test mochitest-browser-chrome on 2014-02-01 11:06:14
revision: 16dfbbf8a159
slave: tst-linux64-spot-026

TypeError: this._itemIds is undefined -- chrome://browser/content/browser.js:3394
TypeError: this._itemIds is undefined -- chrome://browser/content/browser.js:3394
TypeError: this._itemIds is undefined -- chrome://browser/content/browser.js:3394
TEST-UNEXPECTED-FAIL | chrome://mochitests/content/browser/browser/devtools/webconsole/test/browser_console_dead_objects.js | Test timed out
TEST-UNEXPECTED-FAIL | chrome://mochitests/content/browser/browser/devtools/webconsole/test/browser_console_dead_objects.js | leaked window property: foobarzTezt
TEST-UNEXPECTED-FAIL | chrome://mochitests/content/browser/browser/devtools/webconsole/test/browser_console_dead_objects.js | Found a devtools:webconsole after previous test timed out
philor
https://tbpl.mozilla.org/php/getParsedLog.php?id=33955362&tree=Fx-Team
Windows 7 32-bit fx-team opt test mochitest-browser-chrome on 2014-02-01 14:52:58
revision: 1eb1165f9a58
slave: t-w732-ix-117

TypeError: this._itemIds is undefined -- chrome://browser/content/browser.js:3394
TypeError: this._itemIds is undefined -- chrome://browser/content/browser.js:3394
TEST-UNEXPECTED-FAIL | chrome://mochitests/content/browser/browser/devtools/webconsole/test/browser_console_dead_objects.js | Test timed out
TEST-UNEXPECTED-FAIL | chrome://mochitests/content/browser/browser/devtools/webconsole/test/browser_console_dead_objects.js | leaked window property: foobarzTezt
TEST-UNEXPECTED-FAIL | chrome://mochitests/content/browser/browser/devtools/webconsole/test/browser_console_dead_objects.js | Found a devtools:webconsole after previous test timed out
Return code: 1
philor
https://tbpl.mozilla.org/php/getParsedLog.php?id=33956759&tree=Mozilla-Inbound
Windows 7 32-bit mozilla-inbound opt test mochitest-browser-chrome on 2014-02-01 15:29:32
revision: b973195f0aaf
slave: t-w732-ix-121

TypeError: this._itemIds is undefined -- chrome://browser/content/browser.js:3394
TypeError: this._itemIds is undefined -- chrome://browser/content/browser.js:3394
TEST-UNEXPECTED-FAIL | chrome://mochitests/content/browser/browser/devtools/webconsole/test/browser_console_dead_objects.js | Test timed out
TEST-UNEXPECTED-FAIL | chrome://mochitests/content/browser/browser/devtools/webconsole/test/browser_console_dead_objects.js | leaked window property: foobarzTezt
TEST-UNEXPECTED-FAIL | chrome://mochitests/content/browser/browser/devtools/webconsole/test/browser_console_dead_objects.js | Found a devtools:webconsole after previous test timed out
Return code: 1
philor
https://tbpl.mozilla.org/php/getParsedLog.php?id=33955482&tree=Mozilla-Inbound
Windows 7 32-bit mozilla-inbound opt test mochitest-browser-chrome on 2014-02-01 14:57:26
revision: e9c405b9851a
slave: t-w732-ix-073

TEST-UNEXPECTED-FAIL | chrome://mochitests/content/browser/browser/devtools/webconsole/test/browser_console_dead_objects.js | Test timed out
TEST-UNEXPECTED-FAIL | chrome://mochitests/content/browser/browser/devtools/webconsole/test/browser_console_dead_objects.js | leaked window property: foobarzTezt
TEST-UNEXPECTED-FAIL | chrome://mochitests/content/browser/browser/devtools/webconsole/test/browser_console_dead_objects.js | Found a devtools:webconsole after previous test timed out
Return code: 1
philor
https://tbpl.mozilla.org/php/getParsedLog.php?id=33957523&tree=Fx-Team
Windows 7 32-bit fx-team opt test mochitest-browser-chrome on 2014-02-01 15:50:28
revision: c78aa51b8a9c
slave: t-w732-ix-025

TypeError: this._itemIds is undefined -- chrome://browser/content/browser.js:3394
TypeError: this._itemIds is undefined -- chrome://browser/content/browser.js:3394
TEST-UNEXPECTED-FAIL | chrome://mochitests/content/browser/browser/devtools/webconsole/test/browser_console_dead_objects.js | Test timed out
TEST-UNEXPECTED-FAIL | chrome://mochitests/content/browser/browser/devtools/webconsole/test/browser_console_dead_objects.js | leaked window property: foobarzTezt
TEST-UNEXPECTED-FAIL | chrome://mochitests/content/browser/browser/devtools/webconsole/test/browser_console_dead_objects.js | Found a devtools:webconsole after previous test timed out
Return code: 1
philor
https://tbpl.mozilla.org/php/getParsedLog.php?id=33960134&tree=Fx-Team
Windows 7 32-bit fx-team opt test mochitest-browser-chrome on 2014-02-01 17:33:08
revision: c6f045e87c35
slave: t-w732-ix-040

TypeError: this._itemIds is undefined -- chrome://browser/content/browser.js:3394
TypeError: this._itemIds is undefined -- chrome://browser/content/browser.js:3394
TEST-UNEXPECTED-FAIL | chrome://mochitests/content/browser/browser/devtools/webconsole/test/browser_console_dead_objects.js | Test timed out
TEST-UNEXPECTED-FAIL | chrome://mochitests/content/browser/browser/devtools/webconsole/test/browser_console_dead_objects.js | leaked window property: foobarzTezt
TEST-UNEXPECTED-FAIL | chrome://mochitests/content/browser/browser/devtools/webconsole/test/browser_console_dead_objects.js | Found a devtools:webconsole after previous test timed out
Return code: 1
RyanVM
https://tbpl.mozilla.org/php/getParsedLog.php?id=33961706&tree=Mozilla-Inbound
Windows 7 32-bit mozilla-inbound opt test mochitest-browser-chrome on 2014-02-01 19:18:34
revision: dfad58dd98b6
slave: t-w732-ix-050

TypeError: this._itemIds is undefined -- chrome://browser/content/browser.js:3394
TypeError: this._itemIds is undefined -- chrome://browser/content/browser.js:3394
TEST-UNEXPECTED-FAIL | chrome://mochitests/content/browser/browser/devtools/webconsole/test/browser_console_dead_objects.js | Test timed out
TEST-UNEXPECTED-FAIL | chrome://mochitests/content/browser/browser/devtools/webconsole/test/browser_console_dead_objects.js | leaked window property: foobarzTezt
TEST-UNEXPECTED-FAIL | chrome://mochitests/content/browser/browser/devtools/webconsole/test/browser_console_dead_objects.js | Found a devtools:webconsole after previous test timed out
Return code: 1
philor
https://tbpl.mozilla.org/php/getParsedLog.php?id=33963438&tree=Fx-Team
Windows 7 32-bit fx-team opt test mochitest-browser-chrome on 2014-02-01 20:32:20
revision: 5744bf41d817
slave: t-w732-ix-037

TypeError: this._itemIds is undefined -- chrome://browser/content/browser.js:3394
TypeError: this._itemIds is undefined -- chrome://browser/content/browser.js:3394
TEST-UNEXPECTED-FAIL | chrome://mochitests/content/browser/browser/devtools/webconsole/test/browser_console_dead_objects.js | Test timed out
TEST-UNEXPECTED-FAIL | chrome://mochitests/content/browser/browser/devtools/webconsole/test/browser_console_dead_objects.js | leaked window property: foobarzTezt
TEST-UNEXPECTED-FAIL | chrome://mochitests/content/browser/browser/devtools/webconsole/test/browser_console_dead_objects.js | Found a devtools:webconsole after previous test timed out
Return code: 1
philor
https://tbpl.mozilla.org/php/getParsedLog.php?id=33963435&tree=Mozilla-Central
Windows 7 32-bit mozilla-central opt test mochitest-browser-chrome on 2014-02-01 20:33:21
revision: 3e40f7389d1b
slave: t-w732-ix-126

TypeError: this._itemIds is undefined -- chrome://browser/content/browser.js:3394
TypeError: this._itemIds is undefined -- chrome://browser/content/browser.js:3394
TEST-UNEXPECTED-FAIL | chrome://mochitests/content/browser/browser/devtools/webconsole/test/browser_console_dead_objects.js | Test timed out
TEST-UNEXPECTED-FAIL | chrome://mochitests/content/browser/browser/devtools/webconsole/test/browser_console_dead_objects.js | leaked window property: foobarzTezt
TEST-UNEXPECTED-FAIL | chrome://mochitests/content/browser/browser/devtools/webconsole/test/browser_console_dead_objects.js | Found a devtools:webconsole after previous test timed out
Return code: 1
rnewman
https://tbpl.mozilla.org/php/getParsedLog.php?id=33963435&tree=Mozilla-Central
Windows 7 32-bit mozilla-central opt test mochitest-browser-chrome on 2014-02-01 20:33:21
revision: 3e40f7389d1b
slave: t-w732-ix-126

TypeError: this._itemIds is undefined -- chrome://browser/content/browser.js:3394
TypeError: this._itemIds is undefined -- chrome://browser/content/browser.js:3394
TEST-UNEXPECTED-FAIL | chrome://mochitests/content/browser/browser/devtools/webconsole/test/browser_console_dead_objects.js | Test timed out
TEST-UNEXPECTED-FAIL | chrome://mochitests/content/browser/browser/devtools/webconsole/test/browser_console_dead_objects.js | leaked window property: foobarzTezt
TEST-UNEXPECTED-FAIL | chrome://mochitests/content/browser/browser/devtools/webconsole/test/browser_console_dead_objects.js | Found a devtools:webconsole after previous test timed out
Return code: 1
philor
https://tbpl.mozilla.org/php/getParsedLog.php?id=33965784&tree=Fx-Team
Windows 7 32-bit fx-team opt test mochitest-browser-chrome on 2014-02-02 01:24:40
revision: 4e95343c93e6
slave: t-w732-ix-083

TypeError: this._itemIds is undefined -- chrome://browser/content/browser.js:3394
TypeError: this._itemIds is undefined -- chrome://browser/content/browser.js:3394
TEST-UNEXPECTED-FAIL | chrome://mochitests/content/browser/browser/devtools/webconsole/test/browser_console_dead_objects.js | Test timed out
TEST-UNEXPECTED-FAIL | chrome://mochitests/content/browser/browser/devtools/webconsole/test/browser_console_dead_objects.js | leaked window property: foobarzTezt
TEST-UNEXPECTED-FAIL | chrome://mochitests/content/browser/browser/devtools/webconsole/test/browser_console_dead_objects.js | Found a devtools:webconsole after previous test timed out
Return code: 1
philor
https://tbpl.mozilla.org/php/getParsedLog.php?id=33974702&tree=Mozilla-Central
Windows 7 32-bit mozilla-central opt test mochitest-browser-chrome on 2014-02-02 10:31:33
revision: 2918a9e625b4
slave: t-w732-ix-034

TypeError: this._itemIds is undefined -- chrome://browser/content/browser.js:3394
TypeError: this._itemIds is undefined -- chrome://browser/content/browser.js:3394
TEST-UNEXPECTED-FAIL | chrome://mochitests/content/browser/browser/devtools/webconsole/test/browser_console_dead_objects.js | Test timed out
TEST-UNEXPECTED-FAIL | chrome://mochitests/content/browser/browser/devtools/webconsole/test/browser_console_dead_objects.js | leaked window property: foobarzTezt
TEST-UNEXPECTED-FAIL | chrome://mochitests/content/browser/browser/devtools/webconsole/test/browser_console_dead_objects.js | Found a devtools:webconsole after previous test timed out
Return code: 1
philor
https://tbpl.mozilla.org/php/getParsedLog.php?id=33975267&tree=Fx-Team
Windows 7 32-bit fx-team opt test mochitest-browser-chrome on 2014-02-02 10:47:31
revision: 83a3ef9b2144
slave: t-w732-ix-002

TypeError: this._itemIds is undefined -- chrome://browser/content/browser.js:3394
TypeError: this._itemIds is undefined -- chrome://browser/content/browser.js:3394
TEST-UNEXPECTED-FAIL | chrome://mochitests/content/browser/browser/devtools/webconsole/test/browser_console_dead_objects.js | Test timed out
TEST-UNEXPECTED-FAIL | chrome://mochitests/content/browser/browser/devtools/webconsole/test/browser_console_dead_objects.js | leaked window property: foobarzTezt
TEST-UNEXPECTED-FAIL | chrome://mochitests/content/browser/browser/devtools/webconsole/test/browser_console_dead_objects.js | Found a devtools:webconsole after previous test timed out
Return code: 1
philor
https://tbpl.mozilla.org/php/getParsedLog.php?id=33975287&tree=Mozilla-Inbound
Windows 7 32-bit mozilla-inbound opt test mochitest-browser-chrome on 2014-02-02 10:48:31
revision: 3f052ca2795f
slave: t-w732-ix-049

TypeError: this._itemIds is undefined -- chrome://browser/content/browser.js:3394
TypeError: this._itemIds is undefined -- chrome://browser/content/browser.js:3394
TEST-UNEXPECTED-FAIL | chrome://mochitests/content/browser/browser/devtools/webconsole/test/browser_console_dead_objects.js | Test timed out
TEST-UNEXPECTED-FAIL | chrome://mochitests/content/browser/browser/devtools/webconsole/test/browser_console_dead_objects.js | leaked window property: foobarzTezt
TEST-UNEXPECTED-FAIL | chrome://mochitests/content/browser/browser/devtools/webconsole/test/browser_console_dead_objects.js | Found a devtools:webconsole after previous test timed out
Return code: 1
Here, let me help you with that. Disabled in https://hg.mozilla.org/integration/mozilla-inbound/rev/f5e20ebb43bf
jwatt
https://tbpl.mozilla.org/php/getParsedLog.php?id=33979178&tree=Try
Windows 7 32-bit try opt test mochitest-browser-chrome on 2014-02-02 13:42:35
revision: 439f120908ae
slave: t-w732-ix-025

TypeError: this._itemIds is undefined -- chrome://browser/content/browser.js:3394
TypeError: this._itemIds is undefined -- chrome://browser/content/browser.js:3394
TEST-UNEXPECTED-FAIL | chrome://mochitests/content/browser/browser/devtools/webconsole/test/browser_console_dead_objects.js | Test timed out
TEST-UNEXPECTED-FAIL | chrome://mochitests/content/browser/browser/devtools/webconsole/test/browser_console_dead_objects.js | leaked window property: foobarzTezt
TEST-UNEXPECTED-FAIL | chrome://mochitests/content/browser/browser/devtools/webconsole/test/browser_console_dead_objects.js | Found a devtools:webconsole after previous test timed out
Return code: 1
https://hg.mozilla.org/mozilla-central/rev/f5e20ebb43bf
ttaubert
https://tbpl.mozilla.org/php/getParsedLog.php?id=33997879&tree=Try
Windows 7 32-bit try opt test mochitest-browser-chrome on 2014-02-02 22:53:30
revision: 198c0575ebd7
slave: t-w732-ix-104

TEST-UNEXPECTED-FAIL | chrome://mochitests/content/browser/browser/devtools/webconsole/test/browser_console_dead_objects.js | Test timed out
TEST-UNEXPECTED-FAIL | chrome://mochitests/content/browser/browser/devtools/webconsole/test/browser_console_dead_objects.js | leaked window property: foobarzTezt
TEST-UNEXPECTED-FAIL | chrome://mochitests/content/browser/browser/devtools/webconsole/test/browser_console_dead_objects.js | Found a devtools:webconsole after previous test timed out
Return code: 1
smacleod
https://tbpl.mozilla.org/php/getParsedLog.php?id=33997879&tree=Try
Windows 7 32-bit try opt test mochitest-browser-chrome on 2014-02-02 22:53:30
revision: 198c0575ebd7
slave: t-w732-ix-104

TEST-UNEXPECTED-FAIL | chrome://mochitests/content/browser/browser/devtools/webconsole/test/browser_console_dead_objects.js | Test timed out
TEST-UNEXPECTED-FAIL | chrome://mochitests/content/browser/browser/devtools/webconsole/test/browser_console_dead_objects.js | leaked window property: foobarzTezt
TEST-UNEXPECTED-FAIL | chrome://mochitests/content/browser/browser/devtools/webconsole/test/browser_console_dead_objects.js | Found a devtools:webconsole after previous test timed out
Return code: 1
(In reply to Ryan VanderMeulen [:RyanVM UTC-5] from comment #51)
> Mihai, any idea what might be going on here?

This is in my TODO to look into. Might be related to some of the landings in dependencies for bug 881050.

(In reply to Phil Ringnalda (:philor) from comment #102)
> Here, let me help you with that. Disabled in
> https://hg.mozilla.org/integration/mozilla-inbound/rev/f5e20ebb43bf

Thank you. Please always disable bad tests.
Made a patch. Try push: https://tbpl.mozilla.org/?tree=Try&rev=8a5717679271

With enough green runs, I'll push the patch tomorrow to fx-team.
Created attachment 8372186
bug963869-1.diff

Previous try push was not green.

Green try push: https://tbpl.mozilla.org/?tree=Try&rev=f0a03db2d645

This patch changes two tests: browser_console_dead_objects.js and browser_bug_865871_variables_view_close_on_esc_key.js. The latter test executed finishTest() in the event loop of the sidebar-closed event, which caused an exception during the firing of the sendKey("VK_ESCAPE") events. This exception prevented the removal of the sidebar-closed event, and some how the exception ended up showing in, and breaking the dead_objects.js test.

Changed both tests to use Task.spawn().

r=me

Landed in fx-team: https://bugzilla.mozilla.org/show_bug.cgi?id=963869
https://hg.mozilla.org/mozilla-central/rev/21575350ec7e
(i forgot to remove [leave open])
https://hg.mozilla.org/releases/mozilla-aurora/rev/e889b0ccb56d
