Rev3 Fedora 12 mozilla-inbound opt test mochitest-other on 2012-08-05 06:09:26 PDT for push b5b5fb7f05f2

slave: talos-r3-fed-025

https://tbpl.mozilla.org/php/getParsedLog.php?id=14143102&tree=Mozilla-Inbound

{
TEST-START | chrome://mochitests/content/browser/browser/base/content/test/browser_bug491431.js
TEST-PASS | chrome://mochitests/content/browser/browser/base/content/test/browser_bug491431.js | This was a normal tab close
TEST-INFO | chrome://mochitests/content/browser/browser/base/content/test/browser_bug491431.js | Console message: [JavaScript Error: "The character encoding of the plain text document was not declared. The document will render with garbled text in some browser configurations if the document contains characters from outside the US-ASCII range. The character encoding of the file needs to be declared in the transfer protocol or file needs to use a byte order mark as an encoding signature." {file: "data:text/plain,test%20bug%20491431%20Page" line: 0}]
TEST-PASS | chrome://mochitests/content/browser/browser/base/content/test/browser_bug491431.js | This was a tab closed by moving
TEST-UNEXPECTED-FAIL | chrome://mochitests/content/browser/browser/base/content/test/browser_bug491431.js | an unexpected uncaught JS exception reported through window.onerror - NS_ERROR_FAILURE: Failure arg 0 [nsIDOMPageTransitionEvent.originalTarget] at chrome://browser/content/browser.js:6341
Stack trace:
    JS frame :: chrome://mochikit/content/tests/SimpleTest/SimpleTest.js :: simpletestOnerror :: line 994
    native frame :: <unknown filename> :: <TOP_LEVEL> :: line 0
    native frame :: <unknown filename> :: <TOP_LEVEL> :: line 0

TEST-INFO | chrome://mochitests/content/browser/browser/base/content/test/browser_bug491431.js | Console message: [JavaScript Error: "NS_ERROR_FAILURE: Failure arg 0 [nsIDOMPageTransitionEvent.originalTarget]" {file: "chrome://browser/content/browser.js" line: 6341}]
INFO TEST-END | chrome://mochitests/content/browser/browser/base/content/test/browser_bug491431.js | finished in 542ms
}

Rev3 Fedora 12 mozilla-inbound opt test mochitest-other on 2012-08-05 06:09:26 PDT for push b5b5fb7f05f2

slave: talos-r3-fed-025

https://tbpl.mozilla.org/php/getParsedLog.php?id=14143102&tree=Mozilla-Inbound

{
TEST-START | chrome://mochitests/content/browser/browser/base/content/test/browser_bug491431.js
TEST-PASS | chrome://mochitests/content/browser/browser/base/content/test/browser_bug491431.js | This was a normal tab close
TEST-INFO | chrome://mochitests/content/browser/browser/base/content/test/browser_bug491431.js | Console message: [JavaScript Error: "The character encoding of the plain text document was not declared. The document will render with garbled text in some browser configurations if the document contains characters from outside the US-ASCII range. The character encoding of the file needs to be declared in the transfer protocol or file needs to use a byte order mark as an encoding signature." {file: "data:text/plain,test%20bug%20491431%20Page" line: 0}]
TEST-PASS | chrome://mochitests/content/browser/browser/base/content/test/browser_bug491431.js | This was a tab closed by moving
TEST-UNEXPECTED-FAIL | chrome://mochitests/content/browser/browser/base/content/test/browser_bug491431.js | an unexpected uncaught JS exception reported through window.onerror - NS_ERROR_FAILURE: Failure arg 0 [nsIDOMPageTransitionEvent.originalTarget] at chrome://browser/content/browser.js:6341
Stack trace:
    JS frame :: chrome://mochikit/content/tests/SimpleTest/SimpleTest.js :: simpletestOnerror :: line 994
    native frame :: <unknown filename> :: <TOP_LEVEL> :: line 0
    native frame :: <unknown filename> :: <TOP_LEVEL> :: line 0

TEST-INFO | chrome://mochitests/content/browser/browser/base/content/test/browser_bug491431.js | Console message: [JavaScript Error: "NS_ERROR_FAILURE: Failure arg 0 [nsIDOMPageTransitionEvent.originalTarget]" {file: "chrome://browser/content/browser.js" line: 6341}]
INFO TEST-END | chrome://mochitests/content/browser/browser/base/content/test/browser_bug491431.js | finished in 542ms
}
pageShowEventHandlers is called off of a timeout from a pageshow event handler. By the time that timeout runs, the document in question may have been closed, which might happen during browser_bug491431.js (which very quickly opens/closes a new tab). I imagine accessing event.originalTarget in that case is prevented by bug 695480.

I'm not sure what the best way to fix this is. The simplest solution may be to refactor browser_bugbug491431.js to only close the tab once its document's been loaded, or something, which might avoid this edge case entirely.
Thank you for taking an initial look at this so speedily :-)
edmorley
https://tbpl.mozilla.org/php/getParsedLog.php?id=14286740&tree=Mozilla-Inbound
Rev3 Fedora 12x64 mozilla-inbound pgo test mochitest-other on 2012-08-10 01:23:58
slave: talos-r3-fed64-065

TEST-UNEXPECTED-FAIL | chrome://mochitests/content/browser/browser/base/content/test/browser_bug491431.js | an unexpected uncaught JS exception reported through window.onerror - NS_ERROR_FAILURE: Failure arg 0 [nsIDOMPageTransitionEvent.originalTarget] at chrome://browser/content/browser.js:6335
jimb
https://tbpl.mozilla.org/php/getParsedLog.php?id=14304878&tree=Try
Rev3 Fedora 12 try opt test mochitest-other on 2012-08-10 14:36:28
slave: talos-r3-fed-046

TEST-UNEXPECTED-FAIL | chrome://mochitests/content/browser/browser/base/content/test/browser_bug491431.js | an unexpected uncaught JS exception reported through window.onerror - NS_ERROR_FAILURE: Failure arg 0 [nsIDOMPageTransitionEvent.originalTarget] at chrome://browser/content/browser.js:6335
*** Bug 778458 has been marked as a duplicate of this bug. ***
(In reply to :Gavin Sharp (use gavin@gavinsharp.com for email) from comment #1)
> pageShowEventHandlers is called off of a timeout from a pageshow event
> handler. By the time that timeout runs, the document in question may have
> been closed, which might happen during browser_bug491431.js (which very
> quickly opens/closes a new tab). I imagine accessing event.originalTarget in
> that case is prevented by bug 695480.
> 
> I'm not sure what the best way to fix this is. The simplest solution may be
> to refactor browser_bugbug491431.js to only close the tab once its
> document's been loaded, or something, which might avoid this edge case
> entirely.

We could just catch the exception. It's an edge case, but it's not necessarily limited to tests.
Yeah, let's just do that.
philor
https://tbpl.mozilla.org/php/getParsedLog.php?id=14350954&tree=Ionmonkey
Rev3 Fedora 12x64 ionmonkey opt test mochitest-other on 2012-08-13 14:41:41
slave: talos-r3-fed64-032

TEST-UNEXPECTED-FAIL | chrome://mochitests/content/browser/browser/base/content/test/browser_bug565575.js | an unexpected uncaught JS exception reported through window.onerror - NS_ERROR_FAILURE: Failure arg 0 [nsIDOMPageTransitionEvent.originalTarget] at chrome://browser/content/browser.js:6335
edmorley
https://tbpl.mozilla.org/php/getParsedLog.php?id=14371315&tree=Mozilla-Inbound
Rev4 MacOSX Snow Leopard 10.6 mozilla-inbound debug test mochitest-other on 2012-08-14 06:17:19
slave: talos-r4-snow-066

TEST-UNEXPECTED-FAIL | chrome://mochitests/content/browser/browser/base/content/test/browser_bug565575.js | an unexpected uncaught JS exception reported through window.onerror - NS_ERROR_FAILURE: Failure at chrome://browser/content/browser.js:6382
I'm unable to reproduce this. I increased the timeout up to 10 seconds and closed the tab before it fired, but this didn't cause any trouble for pageShowEventHandlers... event.target kept pointing to the document.
philor
https://tbpl.mozilla.org/php/getParsedLog.php?id=14386934&tree=Mozilla-Inbound
Rev4 MacOSX Lion 10.7 mozilla-inbound opt test mochitest-other on 2012-08-14 19:43:23
slave: talos-r4-lion-011

27980 ERROR TEST-UNEXPECTED-FAIL | chrome://mochitests/content/chrome/toolkit/mozapps/downloads/tests/chrome/test_destinationURI_annotation.xul | file destination was set correctly
27981 ERROR TEST-UNEXPECTED-FAIL | chrome://mochitests/content/chrome/toolkit/mozapps/downloads/tests/chrome/test_destinationURI_annotation.xul | file name was set correctly
TEST-UNEXPECTED-FAIL | chrome://mochitests/content/browser/browser/base/content/test/browser_bug565575.js | an unexpected uncaught JS exception reported through window.onerror - NS_ERROR_FAILURE: Failure at chrome://browser/content/browser.js:6388
edmorley
https://tbpl.mozilla.org/php/getParsedLog.php?id=14394621&tree=Mozilla-Inbound
Rev4 MacOSX Snow Leopard 10.6 mozilla-inbound debug test mochitest-other on 2012-08-15 01:00:08
slave: talos-r4-snow-009

TEST-UNEXPECTED-FAIL | chrome://mochitests/content/browser/browser/base/content/test/browser_bug565575.js | an unexpected uncaught JS exception reported through window.onerror - NS_ERROR_FAILURE: Failure at chrome://browser/content/browser.js:6427
edmorley
https://tbpl.mozilla.org/php/getParsedLog.php?id=14387462&tree=Services-Central
Rev3 Fedora 12x64 services-central opt test mochitest-other on 2012-08-14 20:03:38
slave: talos-r3-fed64-064

TEST-UNEXPECTED-FAIL | chrome://mochitests/content/browser/browser/components/privatebrowsing/test/browser/browser_privatebrowsing_windowtitle.js | an unexpected uncaught JS exception reported through window.onerror - NS_ERROR_FAILURE: Failure arg 0 [nsIDOMPageTransitionEvent.originalTarget] at chrome://browser/content/browser.js:6335
longsonr
https://tbpl.mozilla.org/php/getParsedLog.php?id=14401607&tree=Mozilla-Inbound
Rev4 MacOSX Snow Leopard 10.6 mozilla-inbound debug test mochitest-other on 2012-08-15 05:28:24
slave: talos-r4-snow-040

TEST-UNEXPECTED-FAIL | chrome://mochitests/content/browser/browser/base/content/test/browser_bug565575.js | an unexpected uncaught JS exception reported through window.onerror - NS_ERROR_FAILURE: Failure at chrome://browser/content/browser.js:6388
edmorley
https://tbpl.mozilla.org/php/getParsedLog.php?id=14403987&tree=Mozilla-Inbound
Rev4 MacOSX Snow Leopard 10.6 mozilla-inbound debug test mochitest-other on 2012-08-15 07:05:27
slave: talos-r4-snow-048

TEST-UNEXPECTED-FAIL | chrome://mochitests/content/browser/browser/base/content/test/browser_bug565575.js | an unexpected uncaught JS exception reported through window.onerror - NS_ERROR_FAILURE: Failure at chrome://browser/content/browser.js:6388
edmorley
https://tbpl.mozilla.org/php/getParsedLog.php?id=14407223&tree=Firefox
Rev3 Fedora 12 mozilla-central opt test mochitest-other on 2012-08-15 09:40:06
slave: talos-r3-fed-065

TEST-UNEXPECTED-FAIL | chrome://mochitests/content/browser/browser/base/content/test/browser_bug491431.js | an unexpected uncaught JS exception reported through window.onerror - NS_ERROR_FAILURE: Failure at chrome://browser/content/browser.js:6338
edmorley
https://tbpl.mozilla.org/php/getParsedLog.php?id=14411694&tree=Mozilla-Inbound
Rev4 MacOSX Snow Leopard 10.6 mozilla-inbound debug test mochitest-other on 2012-08-15 11:41:20
slave: talos-r4-snow-080

TEST-UNEXPECTED-FAIL | chrome://mochitests/content/browser/browser/base/content/test/browser_bug565575.js | an unexpected uncaught JS exception reported through window.onerror - NS_ERROR_FAILURE: Failure at chrome://browser/content/browser.js:6391
ryanvm%gmail.com
https://tbpl.mozilla.org/php/getParsedLog.php?id=14444705&tree=Try
Rev4 MacOSX Snow Leopard 10.6 try debug test mochitest-other on 2012-08-16 11:42:45
slave: talos-r4-snow-056

TEST-UNEXPECTED-FAIL | chrome://mochitests/content/browser/browser/base/content/test/browser_bug565575.js | an unexpected uncaught JS exception reported through window.onerror - NS_ERROR_FAILURE: Failure arg 0 [nsIDOMPageTransitionEvent.originalTarget] at chrome://browser/content/browser.js:6390
edmorley
https://tbpl.mozilla.org/php/getParsedLog.php?id=14462931&tree=Mozilla-Inbound
Rev4 MacOSX Lion 10.7 mozilla-inbound debug test mochitest-other on 2012-08-17 01:10:34
slave: talos-r4-lion-022

TEST-UNEXPECTED-FAIL | chrome://mochitests/content/browser/browser/base/content/test/browser_bug565575.js | an unexpected uncaught JS exception reported through window.onerror - NS_ERROR_FAILURE: Failure at chrome://browser/content/browser.js:6433
edmorley
https://tbpl.mozilla.org/php/getParsedLog.php?id=14469691&tree=Firefox
Rev3 WINNT 5.1 mozilla-central opt test mochitest-other on 2012-08-17 07:11:00
slave: talos-r3-xp-046

TEST-UNEXPECTED-FAIL | chrome://mochitests/content/browser/browser/base/content/test/browser_bug565575.js | an unexpected uncaught JS exception reported through window.onerror - NS_ERROR_FAILURE: Failure at chrome://browser/content/browser.js:6399
edmorley
https://tbpl.mozilla.org/php/getParsedLog.php?id=14470455&tree=Firefox
Rev3 Fedora 12x64 mozilla-central debug test mochitest-other on 2012-08-17 07:32:32
slave: talos-r3-fed64-042

TEST-UNEXPECTED-FAIL | chrome://mochitests/content/browser/browser/base/content/test/browser_bug565575.js | an unexpected uncaught JS exception reported through window.onerror - NS_ERROR_FAILURE: Failure at chrome://browser/content/browser.js:6383
karlt
https://tbpl.mozilla.org/php/getParsedLog.php?id=14477852&tree=Mozilla-Inbound
Rev4 MacOSX Lion 10.7 mozilla-inbound opt test mochitest-other on 2012-08-17 12:59:26
slave: talos-r4-lion-043

TEST-UNEXPECTED-FAIL | chrome://mochitests/content/browser/browser/base/content/test/browser_bug565575.js | an unexpected uncaught JS exception reported through window.onerror - NS_ERROR_FAILURE: Failure at chrome://browser/content/browser.js:6433
philor
https://tbpl.mozilla.org/php/getParsedLog.php?id=14478339&tree=Mozilla-Inbound
Rev4 MacOSX Lion 10.7 mozilla-inbound opt test mochitest-other on 2012-08-17 13:25:30
slave: talos-r4-lion-019

TEST-UNEXPECTED-FAIL | chrome://mochitests/content/browser/browser/base/content/test/browser_bug565575.js | an unexpected uncaught JS exception reported through window.onerror - NS_ERROR_FAILURE: Failure at chrome://browser/content/browser.js:6433
philor
https://tbpl.mozilla.org/php/getParsedLog.php?id=14502482&tree=Firefox
Rev4 MacOSX Snow Leopard 10.6 mozilla-central debug test mochitest-other on 2012-08-18 16:46:39
slave: talos-r4-snow-063

TEST-UNEXPECTED-FAIL | chrome://mochitests/content/browser/browser/base/content/test/browser_bug565575.js | an unexpected uncaught JS exception reported through window.onerror - NS_ERROR_FAILURE: Failure at chrome://browser/content/browser.js:6433
*** Bug 778116 has been marked as a duplicate of this bug. ***
philor
https://tbpl.mozilla.org/php/getParsedLog.php?id=14510590&tree=Mozilla-Inbound
Rev3 WINNT 6.1 mozilla-inbound opt test mochitest-other on 2012-08-19 09:58:42
slave: talos-r3-w7-033

TEST-UNEXPECTED-FAIL | chrome://mochitests/content/browser/browser/components/privatebrowsing/test/browser/browser_privatebrowsing_cookieacceptdialog.js | an unexpected uncaught JS exception reported through window.onerror - NS_ERROR_FAILURE: Failure at chrome://browser/content/browser.js:6399
TEST-UNEXPECTED-FAIL | chrome://mochitests/content/browser/browser/components/privatebrowsing/test/browser/browser_privatebrowsing_cookieacceptdialog.js | an unexpected uncaught JS exception reported through window.onerror - NS_ERROR_FAILURE: Failure at chrome://browser/content/browser.js:6399
philor
https://tbpl.mozilla.org/php/getParsedLog.php?id=14511316&tree=Mozilla-Inbound
Rev3 WINNT 5.1 mozilla-inbound debug test mochitest-other on 2012-08-19 10:48:08
slave: talos-r3-xp-012

TEST-UNEXPECTED-FAIL | chrome://mochitests/content/browser/browser/components/privatebrowsing/test/browser/browser_privatebrowsing_cookieacceptdialog.js | an unexpected uncaught JS exception reported through window.onerror - NS_ERROR_FAILURE: Failure at chrome://browser/content/browser.js:6399
philor
https://tbpl.mozilla.org/php/getParsedLog.php?id=14511636&tree=Firefox
Rev4 MacOSX Snow Leopard 10.6 mozilla-central debug test mochitest-other on 2012-08-19 11:33:34
slave: talos-r4-snow-044

TEST-UNEXPECTED-FAIL | chrome://mochitests/content/browser/browser/components/privatebrowsing/test/browser/browser_privatebrowsing_cookieacceptdialog.js | an unexpected uncaught JS exception reported through window.onerror - NS_ERROR_FAILURE: Failure at chrome://browser/content/browser.js:6433
TEST-UNEXPECTED-FAIL | chrome://mochitests/content/browser/browser/components/privatebrowsing/test/browser/browser_privatebrowsing_cookieacceptdialog.js | an unexpected uncaught JS exception reported through window.onerror - NS_ERROR_FAILURE: Failure at chrome://browser/content/browser.js:6433
philor
https://tbpl.mozilla.org/php/getParsedLog.php?id=14511997&tree=Mozilla-Inbound
Rev3 Fedora 12x64 mozilla-inbound debug test mochitest-other on 2012-08-19 12:24:33
slave: talos-r3-fed64-058

TEST-UNEXPECTED-FAIL | chrome://mochitests/content/browser/browser/base/content/test/browser_bug565575.js | an unexpected uncaught JS exception reported through window.onerror - NS_ERROR_FAILURE: Failure at chrome://browser/content/browser.js:6383
philor
https://tbpl.mozilla.org/php/getParsedLog.php?id=14512014&tree=Mozilla-Inbound
Rev4 MacOSX Snow Leopard 10.6 mozilla-inbound debug test mochitest-other on 2012-08-19 12:22:25
slave: talos-r4-snow-054

TEST-UNEXPECTED-FAIL | chrome://mochitests/content/browser/browser/components/privatebrowsing/test/browser/browser_privatebrowsing_cookieacceptdialog.js | an unexpected uncaught JS exception reported through window.onerror - NS_ERROR_FAILURE: Failure at chrome://browser/content/browser.js:6433
philor
https://tbpl.mozilla.org/php/getParsedLog.php?id=14512650&tree=Mozilla-Inbound
Rev4 MacOSX Lion 10.7 mozilla-inbound debug test mochitest-other on 2012-08-19 13:31:34
slave: talos-r4-lion-022

TEST-UNEXPECTED-FAIL | chrome://mochitests/content/browser/browser/base/content/test/browser_bug565575.js | an unexpected uncaught JS exception reported through window.onerror - NS_ERROR_FAILURE: Failure at chrome://browser/content/browser.js:6433
philor
https://tbpl.mozilla.org/php/getParsedLog.php?id=14518690&tree=Mozilla-Inbound
Rev4 MacOSX Lion 10.7 mozilla-inbound debug test mochitest-other on 2012-08-19 21:20:20
slave: talos-r4-lion-040

TEST-UNEXPECTED-FAIL | chrome://mochitests/content/browser/browser/components/privatebrowsing/test/browser/browser_privatebrowsing_cookieacceptdialog.js | an unexpected uncaught JS exception reported through window.onerror - NS_ERROR_FAILURE: Failure at chrome://browser/content/browser.js:6433
TEST-UNEXPECTED-FAIL | chrome://mochitests/content/browser/browser/components/privatebrowsing/test/browser/browser_privatebrowsing_cookieacceptdialog.js | an unexpected uncaught JS exception reported through window.onerror - NS_ERROR_FAILURE: Failure at chrome://browser/content/browser.js:6433
philor
https://tbpl.mozilla.org/php/getParsedLog.php?id=14518999&tree=Firefox
Rev4 MacOSX Lion 10.7 mozilla-central opt test mochitest-other on 2012-08-19 22:19:34
slave: talos-r4-lion-061

TEST-UNEXPECTED-FAIL | chrome://mochitests/content/browser/browser/base/content/test/browser_bug565575.js | an unexpected uncaught JS exception reported through window.onerror - NS_ERROR_FAILURE: Failure at chrome://browser/content/browser.js:6433
philor
https://tbpl.mozilla.org/php/getParsedLog.php?id=14519470&tree=Mozilla-Inbound
Rev4 MacOSX Snow Leopard 10.6 mozilla-inbound debug test mochitest-other on 2012-08-19 22:04:40
slave: talos-r4-snow-022

TEST-UNEXPECTED-FAIL | chrome://mochitests/content/browser/browser/components/privatebrowsing/test/browser/browser_privatebrowsing_cookieacceptdialog.js | an unexpected uncaught JS exception reported through window.onerror - NS_ERROR_FAILURE: Failure at chrome://browser/content/browser.js:6433
TEST-UNEXPECTED-FAIL | chrome://mochitests/content/browser/browser/components/privatebrowsing/test/browser/browser_privatebrowsing_cookieacceptdialog.js | an unexpected uncaught JS exception reported through window.onerror - NS_ERROR_FAILURE: Failure at chrome://browser/content/browser.js:6433
edmorley
https://tbpl.mozilla.org/php/getParsedLog.php?id=14529488&tree=Mozilla-Inbound
Rev3 WINNT 6.1 mozilla-inbound debug test mochitest-other on 2012-08-20 07:52:22
slave: talos-r3-w7-077

TEST-UNEXPECTED-FAIL | chrome://mochitests/content/browser/browser/base/content/test/browser_bug565575.js | an unexpected uncaught JS exception reported through window.onerror - NS_ERROR_FAILURE: Failure at chrome://browser/content/browser.js:6399
terrence
https://tbpl.mozilla.org/php/getParsedLog.php?id=14496246&tree=Try
Rev3 WINNT 5.1 try debug test mochitest-other on 2012-08-18 05:41:14
slave: talos-r3-xp-038

17373 ERROR TEST-UNEXPECTED-FAIL | chrome://mochitests/content/chrome/toolkit/content/tests/chrome/test_notificationbox.xul | append notification.control - got undefined, strictly expected [object XULElement @ 0xbc21998 (native @ 0x1111bb70)]
17374 ERROR TEST-UNEXPECTED-FAIL | chrome://mochitests/content/chrome/toolkit/content/tests/chrome/test_notificationbox.xul | append notification.label - got undefined, strictly expected Notification
17375 ERROR TEST-UNEXPECTED-FAIL | chrome://mochitests/content/chrome/toolkit/content/tests/chrome/test_notificationbox.xul | append notification.value - got undefined, strictly expected note
17376 ERROR TEST-UNEXPECTED-FAIL | chrome://mochitests/content/chrome/toolkit/content/tests/chrome/test_notificationbox.xul | append notification.image - got undefined, strictly expected happy.png
17377 ERROR TEST-UNEXPECTED-FAIL | chrome://mochitests/content/chrome/toolkit/content/tests/chrome/test_notificationbox.xul | append notification.priority - got undefined, strictly expected 1
17378 ERROR TEST-UNEXPECTED-FAIL | chrome://mochitests/content/chrome/toolkit/content/tests/chrome/test_notificationbox.xul | append notification.type - got undefined, strictly expected info
TEST-UNEXPECTED-FAIL | chrome://mochitests/content/browser/browser/components/privatebrowsing/test/browser/browser_privatebrowsing_cookieacceptdialog.js | an unexpected uncaught JS exception reported through window.onerror - NS_ERROR_FAILURE: Failure at chrome://browser/content/browser.js:6399
TEST-UNEXPECTED-FAIL | chrome://mochitests/content/browser/browser/components/privatebrowsing/test/browser/browser_privatebrowsing_cookieacceptdialog.js | an unexpected uncaught JS exception reported through window.onerror - NS_ERROR_FAILURE: Failure at chrome://browser/content/browser.js:6399
TEST-UNEXPECTED-FAIL | chrome://mochitests/content/browser/browser/devtools/debugger/test/browser_dbg_propertyview-01.js | Exited with code -1073741819 during test run
PROCESS-CRASH | chrome://mochitests/content/browser/browser/devtools/debugger/test/browser_dbg_propertyview-01.js | application crashed (minidump found)
TEST-UNEXPECTED-FAIL | automationutils.processLeakLog() | missing output line for total leaks!
philor
https://tbpl.mozilla.org/php/getParsedLog.php?id=14531597&tree=Mozilla-Inbound
Rev4 MacOSX Snow Leopard 10.6 mozilla-inbound debug test mochitest-other on 2012-08-20 09:41:41
slave: talos-r4-snow-045

TEST-UNEXPECTED-FAIL | chrome://mochitests/content/browser/browser/components/privatebrowsing/test/browser/browser_privatebrowsing_cookieacceptdialog.js | an unexpected uncaught JS exception reported through window.onerror - NS_ERROR_FAILURE: Failure at chrome://browser/content/browser.js:6433
TEST-UNEXPECTED-FAIL | chrome://mochitests/content/browser/browser/components/privatebrowsing/test/browser/browser_privatebrowsing_cookieacceptdialog.js | an unexpected uncaught JS exception reported through window.onerror - NS_ERROR_FAILURE: Failure at chrome://browser/content/browser.js:6433
ttaubert
https://tbpl.mozilla.org/php/getParsedLog.php?id=14531912&tree=Fx-Team
Rev4 MacOSX Lion 10.7 fx-team opt test mochitest-other on 2012-08-20 10:24:33
slave: talos-r4-lion-028

TEST-UNEXPECTED-FAIL | chrome://mochitests/content/browser/browser/components/privatebrowsing/test/browser/browser_privatebrowsing_windowtitle.js | an unexpected uncaught JS exception reported through window.onerror - NS_ERROR_FAILURE: Failure at chrome://browser/content/browser.js:6433
philor
https://tbpl.mozilla.org/php/getParsedLog.php?id=14532348&tree=Mozilla-Inbound
Rev4 MacOSX Lion 10.7 mozilla-inbound debug test mochitest-other on 2012-08-20 09:56:16
slave: talos-r4-lion-025

TEST-UNEXPECTED-FAIL | chrome://mochitests/content/browser/browser/components/privatebrowsing/test/browser/browser_privatebrowsing_cookieacceptdialog.js | an unexpected uncaught JS exception reported through window.onerror - NS_ERROR_FAILURE: Failure at chrome://browser/content/browser.js:6433
TEST-UNEXPECTED-FAIL | chrome://mochitests/content/browser/browser/components/privatebrowsing/test/browser/browser_privatebrowsing_cookieacceptdialog.js | an unexpected uncaught JS exception reported through window.onerror - NS_ERROR_FAILURE: Failure at chrome://browser/content/browser.js:6433
philor
https://tbpl.mozilla.org/php/getParsedLog.php?id=14430939&tree=Try
Rev3 WINNT 5.1 try debug test mochitest-other on 2012-08-16 01:36:37
slave: talos-r3-xp-043

TEST-UNEXPECTED-FAIL | chrome://mochitests/content/browser/browser/base/content/test/browser_bug565575.js | an unexpected uncaught JS exception reported through window.onerror - NS_ERROR_FAILURE: Failure at chrome://browser/content/browser.js:6354
TEST-UNEXPECTED-FAIL | chrome://mochitests/content/browser/docshell/test/browser/browser_bug670318.js | an unexpected uncaught JS exception reported through window.onerror - TypeError: aTab is null at chrome://browser/content/tabbrowser.xml:1988
ryanvm%gmail.com
https://tbpl.mozilla.org/php/getParsedLog.php?id=14546114&tree=Try
Rev4 MacOSX Lion 10.7 try debug test mochitest-other on 2012-08-20 18:18:11
slave: talos-r4-lion-072

TEST-UNEXPECTED-FAIL | chrome://mochitests/content/browser/browser/base/content/test/browser_bug565575.js | an unexpected uncaught JS exception reported through window.onerror - NS_ERROR_FAILURE: Failure at chrome://browser/content/browser.js:6455
jonco
https://tbpl.mozilla.org/php/getParsedLog.php?id=14557098&tree=Mozilla-Inbound
Rev4 MacOSX Lion 10.7 mozilla-inbound debug test mochitest-other on 2012-08-21 02:32:21
slave: talos-r4-lion-078

TEST-UNEXPECTED-FAIL | chrome://mochitests/content/browser/browser/components/privatebrowsing/test/browser/browser_privatebrowsing_cookieacceptdialog.js | an unexpected uncaught JS exception reported through window.onerror - NS_ERROR_FAILURE: Failure at chrome://browser/content/browser.js:6463
TEST-UNEXPECTED-FAIL | chrome://mochitests/content/browser/browser/components/privatebrowsing/test/browser/browser_privatebrowsing_cookieacceptdialog.js | an unexpected uncaught JS exception reported through window.onerror - NS_ERROR_FAILURE: Failure at chrome://browser/content/browser.js:6463
msucan
https://tbpl.mozilla.org/php/getParsedLog.php?id=14555389&tree=Fx-Team
Rev4 MacOSX Snow Leopard 10.6 fx-team debug test mochitest-other on 2012-08-21 01:08:31
slave: talos-r4-snow-015

TEST-UNEXPECTED-FAIL | chrome://mochitests/content/browser/browser/components/privatebrowsing/test/browser/browser_privatebrowsing_cookieacceptdialog.js | an unexpected uncaught JS exception reported through window.onerror - NS_ERROR_FAILURE: Failure at chrome://browser/content/browser.js:6455
TEST-UNEXPECTED-FAIL | chrome://mochitests/content/browser/browser/components/privatebrowsing/test/browser/browser_privatebrowsing_cookieacceptdialog.js | an unexpected uncaught JS exception reported through window.onerror - NS_ERROR_FAILURE: Failure at chrome://browser/content/browser.js:6455
msucan
https://tbpl.mozilla.org/php/getParsedLog.php?id=14557548&tree=Fx-Team
Rev3 WINNT 5.1 fx-team debug test mochitest-other on 2012-08-21 02:45:33
slave: talos-r3-xp-028

TEST-UNEXPECTED-FAIL | chrome://mochitests/content/browser/browser/base/content/test/browser_bug565575.js | an unexpected uncaught JS exception reported through window.onerror - NS_ERROR_FAILURE: Failure at chrome://browser/content/browser.js:6421
joshmoz
https://tbpl.mozilla.org/php/getParsedLog.php?id=14562973&tree=Try
Rev4 MacOSX Snow Leopard 10.6 try debug test mochitest-other on 2012-08-21 06:32:31
slave: talos-r4-snow-072

TEST-UNEXPECTED-FAIL | chrome://mochitests/content/browser/browser/components/privatebrowsing/test/browser/browser_privatebrowsing_cookieacceptdialog.js | an unexpected uncaught JS exception reported through window.onerror - NS_ERROR_FAILURE: Failure at chrome://browser/content/browser.js:6433
TEST-UNEXPECTED-FAIL | chrome://mochitests/content/browser/browser/components/privatebrowsing/test/browser/browser_privatebrowsing_cookieacceptdialog.js | an unexpected uncaught JS exception reported through window.onerror - NS_ERROR_FAILURE: Failure at chrome://browser/content/browser.js:6433
khuey
https://tbpl.mozilla.org/php/getParsedLog.php?id=14566924&tree=Firefox
Rev3 WINNT 6.1 mozilla-central debug test mochitest-other on 2012-08-21 09:09:30
slave: talos-r3-w7-015

TEST-UNEXPECTED-FAIL | chrome://mochitests/content/browser/browser/base/content/test/browser_bug565575.js | an unexpected uncaught JS exception reported through window.onerror - NS_ERROR_FAILURE: Failure at chrome://browser/content/browser.js:6429
ttaubert
https://tbpl.mozilla.org/php/getParsedLog.php?id=14572028&tree=Fx-Team
Rev4 MacOSX Lion 10.7 fx-team debug test mochitest-other on 2012-08-21 12:11:22
slave: talos-r4-lion-024

TEST-UNEXPECTED-FAIL | chrome://mochitests/content/browser/browser/components/privatebrowsing/test/browser/browser_privatebrowsing_cookieacceptdialog.js | an unexpected uncaught JS exception reported through window.onerror - NS_ERROR_FAILURE: Failure at chrome://browser/content/browser.js:6492
TEST-UNEXPECTED-FAIL | chrome://mochitests/content/browser/browser/components/privatebrowsing/test/browser/browser_privatebrowsing_cookieacceptdialog.js | an unexpected uncaught JS exception reported through window.onerror - NS_ERROR_FAILURE: Failure at chrome://browser/content/browser.js:6492
edmorley
https://tbpl.mozilla.org/php/getParsedLog.php?id=14571954&tree=Firefox
Rev3 Fedora 12x64 mozilla-central pgo test mochitest-other on 2012-08-21 12:56:42
slave: talos-r3-fed64-039

TEST-UNEXPECTED-FAIL | chrome://mochitests/content/browser/browser/components/privatebrowsing/test/browser/browser_privatebrowsing_windowtitle.js | an unexpected uncaught JS exception reported through window.onerror - NS_ERROR_FAILURE: Failure at chrome://browser/content/browser.js:6435
philor
https://tbpl.mozilla.org/php/getParsedLog.php?id=14580314&tree=Ionmonkey
Rev3 Fedora 12x64 ionmonkey debug test mochitest-other on 2012-08-21 17:35:57
slave: talos-r3-fed64-015

TEST-UNEXPECTED-FAIL | chrome://mochitests/content/browser/browser/components/privatebrowsing/test/browser/browser_privatebrowsing_windowtitle.js | an unexpected uncaught JS exception reported through window.onerror - NS_ERROR_FAILURE: Failure at chrome://browser/content/browser.js:6435
msucan
https://tbpl.mozilla.org/php/getParsedLog.php?id=14598342&tree=Fx-Team
Rev4 MacOSX Lion 10.7 fx-team debug test mochitest-other on 2012-08-22 05:57:35
slave: talos-r4-lion-005

TEST-UNEXPECTED-FAIL | chrome://mochitests/content/browser/browser/base/content/test/browser_bug565575.js | an unexpected uncaught JS exception reported through window.onerror - NS_ERROR_FAILURE: Failure at chrome://browser/content/browser.js:6492
ttaubert
https://tbpl.mozilla.org/php/getParsedLog.php?id=14600774&tree=Fx-Team
Rev3 WINNT 6.1 fx-team opt test mochitest-other on 2012-08-22 08:36:14
slave: talos-r3-w7-068

TEST-UNEXPECTED-FAIL | chrome://mochitests/content/browser/browser/components/privatebrowsing/test/browser/browser_privatebrowsing_cookieacceptdialog.js | an unexpected uncaught JS exception reported through window.onerror - NS_ERROR_FAILURE: Failure at chrome://browser/content/browser.js:6458
TEST-UNEXPECTED-FAIL | chrome://mochitests/content/browser/browser/components/privatebrowsing/test/browser/browser_privatebrowsing_cookieacceptdialog.js | an unexpected uncaught JS exception reported through window.onerror - NS_ERROR_FAILURE: Failure at chrome://browser/content/browser.js:6458
ehsan
https://tbpl.mozilla.org/php/getParsedLog.php?id=14603542&tree=Firefox
Rev3 Fedora 12 mozilla-central debug test mochitest-other on 2012-08-22 10:03:18
slave: talos-r3-fed-017

TEST-UNEXPECTED-FAIL | chrome://mochitests/content/browser/browser/base/content/test/browser_bug565575.js | an unexpected uncaught JS exception reported through window.onerror - NS_ERROR_FAILURE: Failure at chrome://browser/content/browser.js:6431
terrence
https://tbpl.mozilla.org/php/getParsedLog.php?id=14576655&tree=Try
Rev4 MacOSX Snow Leopard 10.6 try debug test mochitest-other on 2012-08-21 14:57:07
slave: talos-r4-snow-033

TEST-UNEXPECTED-FAIL | chrome://mochitests/content/browser/browser/components/privatebrowsing/test/browser/browser_privatebrowsing_cookieacceptdialog.js | an unexpected uncaught JS exception reported through window.onerror - NS_ERROR_FAILURE: Failure at chrome://browser/content/browser.js:6459
TEST-UNEXPECTED-FAIL | chrome://mochitests/content/browser/browser/components/privatebrowsing/test/browser/browser_privatebrowsing_cookieacceptdialog.js | an unexpected uncaught JS exception reported through window.onerror - NS_ERROR_FAILURE: Failure at chrome://browser/content/browser.js:6459
ttaubert
https://tbpl.mozilla.org/php/getParsedLog.php?id=14605473&tree=Fx-Team
Rev4 MacOSX Lion 10.7 fx-team debug test mochitest-other on 2012-08-22 11:03:08
slave: talos-r4-lion-057

TEST-UNEXPECTED-FAIL | chrome://mochitests/content/browser/browser/base/content/test/browser_bug565575.js | an unexpected uncaught JS exception reported through window.onerror - NS_ERROR_FAILURE: Failure at chrome://browser/content/browser.js:6492
ttaubert
https://tbpl.mozilla.org/php/getParsedLog.php?id=14606299&tree=Fx-Team
Rev3 Fedora 12 fx-team debug test mochitest-other on 2012-08-22 11:51:46
slave: talos-r3-fed-042

TEST-UNEXPECTED-FAIL | chrome://mochitests/content/browser/browser/base/content/test/browser_bug565575.js | an unexpected uncaught JS exception reported through window.onerror - NS_ERROR_FAILURE: Failure at chrome://browser/content/browser.js:6442
ryanvm%gmail.com
https://tbpl.mozilla.org/php/getParsedLog.php?id=14614614&tree=Mozilla-Inbound
Rev4 MacOSX Snow Leopard 10.6 mozilla-inbound debug test mochitest-other on 2012-08-22 17:16:37
slave: talos-r4-snow-080

TEST-UNEXPECTED-FAIL | chrome://mochitests/content/browser/browser/components/privatebrowsing/test/browser/browser_privatebrowsing_cookieacceptdialog.js | an unexpected uncaught JS exception reported through window.onerror - NS_ERROR_FAILURE: Failure at chrome://browser/content/browser.js:6469
TEST-UNEXPECTED-FAIL | chrome://mochitests/content/browser/browser/components/privatebrowsing/test/browser/browser_privatebrowsing_cookieacceptdialog.js | an unexpected uncaught JS exception reported through window.onerror - NS_ERROR_FAILURE: Failure at chrome://browser/content/browser.js:6469
ttaubert
https://tbpl.mozilla.org/php/getParsedLog.php?id=14614539&tree=Fx-Team
Rev3 Fedora 12 fx-team debug test mochitest-other on 2012-08-22 17:12:18
slave: talos-r3-fed-036

TEST-UNEXPECTED-FAIL | chrome://mochitests/content/browser/browser/base/content/test/browser_bug565575.js | an unexpected uncaught JS exception reported through window.onerror - NS_ERROR_FAILURE: Failure at chrome://browser/content/browser.js:6442
philor
https://tbpl.mozilla.org/php/getParsedLog.php?id=14618628&tree=Mozilla-Inbound
Rev4 MacOSX Snow Leopard 10.6 mozilla-inbound opt test mochitest-other on 2012-08-22 20:23:34
slave: talos-r4-snow-064

TEST-UNEXPECTED-FAIL | chrome://mochitests/content/browser/browser/components/privatebrowsing/test/browser/browser_privatebrowsing_cookieacceptdialog.js | an unexpected uncaught JS exception reported through window.onerror - NS_ERROR_FAILURE: Failure at chrome://browser/content/browser.js:6469
philor
https://tbpl.mozilla.org/php/getParsedLog.php?id=14623318&tree=Ionmonkey
Rev4 MacOSX Snow Leopard 10.6 ionmonkey debug test mochitest-other on 2012-08-22 22:51:53
slave: talos-r4-snow-022

TEST-UNEXPECTED-FAIL | chrome://mochitests/content/browser/browser/components/privatebrowsing/test/browser/browser_privatebrowsing_cookieacceptdialog.js | an unexpected uncaught JS exception reported through window.onerror - NS_ERROR_FAILURE: Failure at chrome://browser/content/browser.js:6481
TEST-UNEXPECTED-FAIL | chrome://mochitests/content/browser/browser/components/privatebrowsing/test/browser/browser_privatebrowsing_cookieacceptdialog.js | an unexpected uncaught JS exception reported through window.onerror - NS_ERROR_FAILURE: Failure at chrome://browser/content/browser.js:6481
edmorley
https://tbpl.mozilla.org/php/getParsedLog.php?id=14625395&tree=Mozilla-Inbound
Rev4 MacOSX Snow Leopard 10.6 mozilla-inbound opt test mochitest-other on 2012-08-23 01:05:36
slave: talos-r4-snow-062

TEST-UNEXPECTED-FAIL | chrome://mochitests/content/browser/browser/components/privatebrowsing/test/browser/browser_privatebrowsing_cookieacceptdialog.js | an unexpected uncaught JS exception reported through window.onerror - NS_ERROR_FAILURE: Failure at chrome://browser/content/browser.js:6469
ryanvm
https://tbpl.mozilla.org/php/getParsedLog.php?id=14631108&tree=Try
Rev4 MacOSX Lion 10.7 try debug test mochitest-other on 2012-08-23 03:57:35
slave: talos-r4-lion-033

TEST-UNEXPECTED-FAIL | chrome://mochitests/content/browser/browser/base/content/test/browser_bug565575.js | an unexpected uncaught JS exception reported through window.onerror - NS_ERROR_FAILURE: Failure at chrome://browser/content/browser.js:6488
edmorley
https://tbpl.mozilla.org/php/getParsedLog.php?id=14633871&tree=Mozilla-Inbound
Rev4 MacOSX Lion 10.7 mozilla-inbound debug test mochitest-other on 2012-08-23 05:48:13
slave: talos-r4-lion-029

TEST-UNEXPECTED-FAIL | chrome://mochitests/content/browser/browser/components/privatebrowsing/test/browser/browser_privatebrowsing_cookieacceptdialog.js | an unexpected uncaught JS exception reported through window.onerror - NS_ERROR_FAILURE: Failure at chrome://browser/content/browser.js:6476
edmorley
https://tbpl.mozilla.org/php/getParsedLog.php?id=14634756&tree=Firefox
Rev3 Fedora 12x64 mozilla-central pgo test mochitest-other on 2012-08-23 07:09:29
slave: talos-r3-fed64-012

TEST-UNEXPECTED-FAIL | chrome://mochitests/content/browser/browser/base/content/test/browser_bug491431.js | an unexpected uncaught JS exception reported through window.onerror - NS_ERROR_FAILURE: Failure at chrome://browser/content/browser.js:6426
philor
https://tbpl.mozilla.org/php/getParsedLog.php?id=14634608&tree=Ionmonkey
Rev4 MacOSX Snow Leopard 10.6 ionmonkey debug test mochitest-other on 2012-08-23 06:34:25
slave: talos-r4-snow-052

TEST-UNEXPECTED-FAIL | chrome://mochitests/content/browser/browser/components/privatebrowsing/test/browser/browser_privatebrowsing_cookieacceptdialog.js | an unexpected uncaught JS exception reported through window.onerror - NS_ERROR_FAILURE: Failure at chrome://browser/content/browser.js:6481
philor
https://tbpl.mozilla.org/php/getParsedLog.php?id=14639543&tree=Mozilla-Inbound
Rev3 Fedora 12x64 mozilla-inbound opt test mochitest-other on 2012-08-23 10:22:13
slave: talos-r3-fed64-011

TEST-UNEXPECTED-FAIL | chrome://mochitests/content/browser/browser/components/privatebrowsing/test/browser/browser_privatebrowsing_windowtitle.js | an unexpected uncaught JS exception reported through window.onerror - NS_ERROR_FAILURE: Failure at chrome://browser/content/browser.js:6426
mbrubeck
https://tbpl.mozilla.org/php/getParsedLog.php?id=14651776&tree=Try
Rev4 MacOSX Snow Leopard 10.6 try debug test mochitest-other on 2012-08-23 17:18:39
slave: talos-r4-snow-060

TEST-UNEXPECTED-FAIL | chrome://mochitests/content/browser/browser/components/privatebrowsing/test/browser/browser_privatebrowsing_cookieacceptdialog.js | an unexpected uncaught JS exception reported through window.onerror - NS_ERROR_FAILURE: Failure at chrome://browser/content/browser.js:6476
khuey
https://tbpl.mozilla.org/php/getParsedLog.php?id=14675415&tree=Mozilla-Inbound
Rev4 MacOSX Lion 10.7 mozilla-inbound opt test mochitest-other on 2012-08-24 10:35:18
slave: talos-r4-lion-063

TEST-UNEXPECTED-FAIL | chrome://mochitests/content/browser/browser/components/privatebrowsing/test/browser/browser_privatebrowsing_cookieacceptdialog.js | an unexpected uncaught JS exception reported through window.onerror - NS_ERROR_FAILURE: Failure at chrome://browser/content/browser.js:6536
philor
https://tbpl.mozilla.org/php/getParsedLog.php?id=14676922&tree=Mozilla-Inbound
Rev3 WINNT 5.1 mozilla-inbound opt test mochitest-other on 2012-08-24 11:19:16
slave: talos-r3-xp-005

TEST-UNEXPECTED-FAIL | chrome://mochitests/content/browser/browser/components/privatebrowsing/test/browser/browser_privatebrowsing_cookieacceptdialog.js | an unexpected uncaught JS exception reported through window.onerror - NS_ERROR_FAILURE: Failure at chrome://browser/content/browser.js:6502
TEST-UNEXPECTED-FAIL | chrome://mochitests/content/browser/browser/components/privatebrowsing/test/browser/browser_privatebrowsing_cookieacceptdialog.js | an unexpected uncaught JS exception reported through window.onerror - NS_ERROR_FAILURE: Failure at chrome://browser/content/browser.js:6502
philor
https://tbpl.mozilla.org/php/getParsedLog.php?id=14676436&tree=Mozilla-Inbound
Rev4 MacOSX Snow Leopard 10.6 mozilla-inbound debug test mochitest-other on 2012-08-24 10:38:07
slave: talos-r4-snow-067

TEST-UNEXPECTED-FAIL | chrome://mochitests/content/browser/browser/components/privatebrowsing/test/browser/browser_privatebrowsing_cookieacceptdialog.js | an unexpected uncaught JS exception reported through window.onerror - NS_ERROR_FAILURE: Failure at chrome://browser/content/browser.js:6536
TEST-UNEXPECTED-FAIL | chrome://mochitests/content/browser/browser/components/privatebrowsing/test/browser/browser_privatebrowsing_cookieacceptdialog.js | an unexpected uncaught JS exception reported through window.onerror - NS_ERROR_FAILURE: Failure at chrome://browser/content/browser.js:6536
bill%wg9s.com
https://tbpl.mozilla.org/php/getParsedLog.php?id=14678176&tree=Firefox
Rev3 WINNT 5.1 mozilla-central debug test mochitest-other on 2012-08-24 11:16:40
slave: talos-r3-xp-061

TEST-UNEXPECTED-FAIL | chrome://mochitests/content/browser/browser/components/privatebrowsing/test/browser/browser_privatebrowsing_cookieacceptdialog.js | an unexpected uncaught JS exception reported through window.onerror - NS_ERROR_FAILURE: Failure at chrome://browser/content/browser.js:6442
ryanvm%gmail.com
https://tbpl.mozilla.org/php/getParsedLog.php?id=14688448&tree=Mozilla-Inbound
Rev3 WINNT 6.1 mozilla-inbound pgo test mochitest-other on 2012-08-24 18:32:08
slave: talos-r3-w7-016

TEST-UNEXPECTED-FAIL | chrome://mochitests/content/browser/browser/components/privatebrowsing/test/browser/browser_privatebrowsing_cookieacceptdialog.js | an unexpected uncaught JS exception reported through window.onerror - NS_ERROR_FAILURE: Failure at chrome://browser/content/browser.js:6502
philor
https://tbpl.mozilla.org/php/getParsedLog.php?id=14688448&tree=Mozilla-Inbound
Rev3 WINNT 6.1 mozilla-inbound pgo test mochitest-other on 2012-08-24 18:32:08
slave: talos-r3-w7-016

TEST-UNEXPECTED-FAIL | chrome://mochitests/content/browser/browser/components/privatebrowsing/test/browser/browser_privatebrowsing_cookieacceptdialog.js | an unexpected uncaught JS exception reported through window.onerror - NS_ERROR_FAILURE: Failure at chrome://browser/content/browser.js:6502
philor
https://tbpl.mozilla.org/php/getParsedLog.php?id=14687679&tree=Ionmonkey
Rev3 WINNT 5.1 ionmonkey opt test mochitest-other on 2012-08-24 17:59:11
slave: talos-r3-xp-050

TEST-UNEXPECTED-FAIL | chrome://mochitests/content/browser/browser/components/privatebrowsing/test/browser/browser_privatebrowsing_cookieacceptdialog.js | an unexpected uncaught JS exception reported through window.onerror - NS_ERROR_FAILURE: Failure at chrome://browser/content/browser.js:6447
ryanvm%gmail.com
https://tbpl.mozilla.org/php/getParsedLog.php?id=14693954&tree=Try
Rev4 MacOSX Snow Leopard 10.6 try opt test mochitest-other on 2012-08-24 22:36:59
slave: talos-r4-snow-025

TEST-UNEXPECTED-FAIL | chrome://mochitests/content/browser/browser/components/privatebrowsing/test/browser/browser_privatebrowsing_cookieacceptdialog.js | an unexpected uncaught JS exception reported through window.onerror - NS_ERROR_FAILURE: Failure at chrome://browser/content/browser.js:6570
ryanvm%gmail.com
https://tbpl.mozilla.org/php/getParsedLog.php?id=14702196&tree=Mozilla-Inbound
Rev4 MacOSX Snow Leopard 10.6 mozilla-inbound debug test mochitest-other on 2012-08-25 05:37:54
slave: talos-r4-snow-006

TEST-UNEXPECTED-FAIL | chrome://mochitests/content/browser/browser/components/privatebrowsing/test/browser/browser_privatebrowsing_cookieacceptdialog.js | an unexpected uncaught JS exception reported through window.onerror - NS_ERROR_FAILURE: Failure at chrome://browser/content/browser.js:6570
ryanvm%gmail.com
https://tbpl.mozilla.org/php/getParsedLog.php?id=14703492&tree=Try
Rev4 MacOSX Snow Leopard 10.6 try debug test mochitest-other on 2012-08-25 06:40:28
slave: talos-r4-snow-034

TEST-UNEXPECTED-FAIL | chrome://mochitests/content/browser/browser/components/privatebrowsing/test/browser/browser_privatebrowsing_cookieacceptdialog.js | an unexpected uncaught JS exception reported through window.onerror - NS_ERROR_FAILURE: Failure at chrome://browser/content/browser.js:6536
ryanvm%gmail.com
https://tbpl.mozilla.org/php/getParsedLog.php?id=14703554&tree=Try
Rev4 MacOSX Lion 10.7 try debug test mochitest-other on 2012-08-25 06:41:01
slave: talos-r4-lion-084

TEST-UNEXPECTED-FAIL | chrome://mochitests/content/browser/browser/components/privatebrowsing/test/browser/browser_privatebrowsing_cookieacceptdialog.js | an unexpected uncaught JS exception reported through window.onerror - NS_ERROR_FAILURE: Failure at chrome://browser/content/browser.js:6536
philor
https://tbpl.mozilla.org/php/getParsedLog.php?id=14692650&tree=Fx-Team
Rev3 WINNT 5.1 fx-team debug test mochitest-other on 2012-08-24 20:47:42
slave: talos-r3-xp-008

TEST-UNEXPECTED-FAIL | chrome://mochitests/content/browser/browser/components/privatebrowsing/test/browser/browser_privatebrowsing_cookieacceptdialog.js | an unexpected uncaught JS exception reported through window.onerror - NS_ERROR_FAILURE: Failure at chrome://browser/content/browser.js:6442
TEST-UNEXPECTED-FAIL | chrome://mochitests/content/browser/browser/components/privatebrowsing/test/browser/browser_privatebrowsing_cookieacceptdialog.js | an unexpected uncaught JS exception reported through window.onerror - NS_ERROR_FAILURE: Failure at chrome://browser/content/browser.js:6442
TEST-UNEXPECTED-FAIL | chrome://mochitests/content/browser/browser/devtools/markupview/test/browser_inspector_markup_edit.js | Node 18 should not exist.
TEST-UNEXPECTED-FAIL | chrome://mochitests/content/browser/browser/devtools/markupview/test/browser_inspector_markup_edit.js | Node 18 should not exist.
ryanvm%gmail.com
https://tbpl.mozilla.org/php/getParsedLog.php?id=14704178&tree=Try
Rev4 MacOSX Lion 10.7 try debug test mochitest-other on 2012-08-25 07:08:34
slave: talos-r4-lion-032

TEST-UNEXPECTED-FAIL | chrome://mochitests/content/browser/browser/components/privatebrowsing/test/browser/browser_privatebrowsing_cookieacceptdialog.js | an unexpected uncaught JS exception reported through window.onerror - NS_ERROR_FAILURE: Failure at chrome://browser/content/browser.js:6536
philor
https://tbpl.mozilla.org/php/getParsedLog.php?id=14705807&tree=Mozilla-Inbound
Rev4 MacOSX Lion 10.7 mozilla-inbound opt test mochitest-other on 2012-08-25 09:26:44
slave: talos-r4-lion-035

TEST-UNEXPECTED-FAIL | chrome://mochitests/content/browser/browser/components/privatebrowsing/test/browser/browser_privatebrowsing_cookieacceptdialog.js | an unexpected uncaught JS exception reported through window.onerror - NS_ERROR_FAILURE: Failure at chrome://browser/content/browser.js:6570
TEST-UNEXPECTED-FAIL | chrome://mochitests/content/browser/browser/components/privatebrowsing/test/browser/browser_privatebrowsing_cookieacceptdialog.js | an unexpected uncaught JS exception reported through window.onerror - NS_ERROR_FAILURE: Failure at chrome://browser/content/browser.js:6570
ryanvm%gmail.com
https://tbpl.mozilla.org/php/getParsedLog.php?id=14715087&tree=Mozilla-Inbound
Rev4 MacOSX Snow Leopard 10.6 mozilla-inbound opt test mochitest-other on 2012-08-25 19:55:33
slave: talos-r4-snow-046

TEST-UNEXPECTED-FAIL | chrome://mochitests/content/browser/browser/components/privatebrowsing/test/browser/browser_privatebrowsing_cookieacceptdialog.js | an unexpected uncaught JS exception reported through window.onerror - NS_ERROR_FAILURE: Failure at chrome://browser/content/browser.js:6637
philor
https://tbpl.mozilla.org/php/getParsedLog.php?id=14715508&tree=Mozilla-Inbound
Rev3 WINNT 5.1 mozilla-inbound debug test mochitest-other on 2012-08-25 19:40:27
slave: talos-r3-xp-041

TEST-UNEXPECTED-FAIL | chrome://mochitests/content/browser/browser/components/privatebrowsing/test/browser/browser_privatebrowsing_cookieacceptdialog.js | an unexpected uncaught JS exception reported through window.onerror - NS_ERROR_FAILURE: Failure at chrome://browser/content/browser.js:6601
TEST-UNEXPECTED-FAIL | chrome://mochitests/content/browser/browser/components/privatebrowsing/test/browser/browser_privatebrowsing_cookieacceptdialog.js | an unexpected uncaught JS exception reported through window.onerror - NS_ERROR_FAILURE: Failure at chrome://browser/content/browser.js:6601
vporof
https://tbpl.mozilla.org/php/getParsedLog.php?id=14720045&tree=Try
Rev3 WINNT 5.1 try debug test mochitest-other on 2012-08-26 03:52:27
slave: talos-r3-xp-004

TEST-UNEXPECTED-FAIL | chrome://mochitests/content/browser/browser/components/privatebrowsing/test/browser/browser_privatebrowsing_cookieacceptdialog.js | an unexpected uncaught JS exception reported through window.onerror - NS_ERROR_FAILURE: Failure at chrome://browser/content/browser.js:6536
vporof
https://tbpl.mozilla.org/php/getParsedLog.php?id=14722640&tree=Try
Rev4 MacOSX Snow Leopard 10.6 try debug test mochitest-other on 2012-08-26 07:29:17
slave: talos-r4-snow-053

TEST-UNEXPECTED-FAIL | chrome://mochitests/content/browser/browser/components/privatebrowsing/test/browser/browser_privatebrowsing_cookieacceptdialog.js | an unexpected uncaught JS exception reported through window.onerror - NS_ERROR_FAILURE: Failure at chrome://browser/content/browser.js:6476
TEST-UNEXPECTED-FAIL | chrome://mochitests/content/browser/browser/components/privatebrowsing/test/browser/browser_privatebrowsing_cookieacceptdialog.js | an unexpected uncaught JS exception reported through window.onerror - NS_ERROR_FAILURE: Failure at chrome://browser/content/browser.js:6476
ryanvm%gmail.com
https://tbpl.mozilla.org/php/getParsedLog.php?id=14723718&tree=Mozilla-Inbound
Rev4 MacOSX Lion 10.7 mozilla-inbound opt test mochitest-other on 2012-08-26 10:33:28
slave: talos-r4-lion-004

TEST-UNEXPECTED-FAIL | chrome://mochitests/content/browser/browser/components/privatebrowsing/test/browser/browser_privatebrowsing_cookieacceptdialog.js | an unexpected uncaught JS exception reported through window.onerror - NS_ERROR_FAILURE: Failure at chrome://browser/content/browser.js:6637
ryanvm%gmail.com
https://tbpl.mozilla.org/php/getParsedLog.php?id=14727785&tree=Mozilla-Inbound
Rev3 WINNT 5.1 mozilla-inbound debug test mochitest-other on 2012-08-26 13:56:48
slave: talos-r3-xp-048

TEST-UNEXPECTED-FAIL | chrome://mochitests/content/browser/browser/components/privatebrowsing/test/browser/browser_privatebrowsing_cookieacceptdialog.js | an unexpected uncaught JS exception reported through window.onerror - NS_ERROR_FAILURE: Failure at chrome://browser/content/browser.js:6603
philor
https://tbpl.mozilla.org/php/getParsedLog.php?id=14733380&tree=Firefox
Rev4 MacOSX Snow Leopard 10.6 mozilla-central debug test mochitest-other on 2012-08-26 19:51:20
slave: talos-r4-snow-044

TEST-UNEXPECTED-FAIL | chrome://mochitests/content/browser/browser/components/privatebrowsing/test/browser/browser_privatebrowsing_cookieacceptdialog.js | an unexpected uncaught JS exception reported through window.onerror - NS_ERROR_FAILURE: Failure at chrome://browser/content/browser.js:6637
TEST-UNEXPECTED-FAIL | chrome://mochitests/content/browser/browser/components/privatebrowsing/test/browser/browser_privatebrowsing_cookieacceptdialog.js | an unexpected uncaught JS exception reported through window.onerror - NS_ERROR_FAILURE: Failure at chrome://browser/content/browser.js:6637
philor
https://tbpl.mozilla.org/php/getParsedLog.php?id=14737844&tree=Mozilla-Inbound
Rev4 MacOSX Lion 10.7 mozilla-inbound debug test mochitest-other on 2012-08-26 22:50:23
slave: talos-r4-lion-053

TEST-UNEXPECTED-FAIL | chrome://mochitests/content/browser/browser/components/privatebrowsing/test/browser/browser_privatebrowsing_cookieacceptdialog.js | an unexpected uncaught JS exception reported through window.onerror - NS_ERROR_FAILURE: Failure at chrome://browser/content/browser.js:6706
TEST-UNEXPECTED-FAIL | chrome://mochitests/content/browser/browser/components/privatebrowsing/test/browser/browser_privatebrowsing_cookieacceptdialog.js | an unexpected uncaught JS exception reported through window.onerror - NS_ERROR_FAILURE: Failure at chrome://browser/content/browser.js:6706
Ms2ger%gmail.com
https://tbpl.mozilla.org/php/getParsedLog.php?id=14744481&tree=Mozilla-Inbound
Rev4 MacOSX Snow Leopard 10.6 mozilla-inbound debug test mochitest-other on 2012-08-27 03:42:32
slave: talos-r4-snow-004

TEST-UNEXPECTED-FAIL | chrome://mochitests/content/browser/browser/components/privatebrowsing/test/browser/browser_privatebrowsing_cookieacceptdialog.js | an unexpected uncaught JS exception reported through window.onerror - NS_ERROR_FAILURE: Failure at chrome://browser/content/browser.js:6637
TEST-UNEXPECTED-FAIL | chrome://mochitests/content/browser/browser/components/privatebrowsing/test/browser/browser_privatebrowsing_cookieacceptdialog.js | an unexpected uncaught JS exception reported through window.onerror - NS_ERROR_FAILURE: Failure at chrome://browser/content/browser.js:6637
philor
https://tbpl.mozilla.org/php/getParsedLog.php?id=14752307&tree=Mozilla-Inbound
Rev3 WINNT 6.1 mozilla-inbound opt test mochitest-other on 2012-08-27 10:09:25
slave: talos-r3-w7-006

TEST-UNEXPECTED-FAIL | chrome://mochitests/content/browser/browser/components/privatebrowsing/test/browser/browser_privatebrowsing_cookieacceptdialog.js | an unexpected uncaught JS exception reported through window.onerror - NS_ERROR_FAILURE: Failure at chrome://browser/content/browser.js:6674
RyanVM
https://tbpl.mozilla.org/php/getParsedLog.php?id=14753717&tree=Try
Rev4 MacOSX Lion 10.7 try debug test mochitest-other on 2012-08-27 10:57:37
slave: talos-r4-lion-016

TEST-UNEXPECTED-FAIL | chrome://mochitests/content/browser/browser/components/privatebrowsing/test/browser/browser_privatebrowsing_cookieacceptdialog.js | an unexpected uncaught JS exception reported through window.onerror - NS_ERROR_FAILURE: Failure at chrome://browser/content/browser.js:6637
TEST-UNEXPECTED-FAIL | chrome://mochitests/content/browser/browser/components/privatebrowsing/test/browser/browser_privatebrowsing_cookieacceptdialog.js | an unexpected uncaught JS exception reported through window.onerror - NS_ERROR_FAILURE: Failure at chrome://browser/content/browser.js:6637
cjones
https://tbpl.mozilla.org/php/getParsedLog.php?id=14765604&tree=Try
Rev4 MacOSX Snow Leopard 10.6 try opt test mochitest-other on 2012-08-27 21:20:10
slave: talos-r4-snow-039

TEST-UNEXPECTED-FAIL | chrome://mochitests/content/browser/browser/components/privatebrowsing/test/browser/browser_privatebrowsing_cookieacceptdialog.js | an unexpected uncaught JS exception reported through window.onerror - NS_ERROR_FAILURE: Failure at chrome://browser/content/browser.js:6708
terrence
https://tbpl.mozilla.org/php/getParsedLog.php?id=14783203&tree=Try
Rev4 MacOSX Lion 10.7 try debug test mochitest-other on 2012-08-28 11:46:54
slave: talos-r4-lion-056

TEST-UNEXPECTED-FAIL | chrome://mochitests/content/browser/browser/components/privatebrowsing/test/browser/browser_privatebrowsing_cookieacceptdialog.js | an unexpected uncaught JS exception reported through window.onerror - NS_ERROR_FAILURE: Failure at chrome://browser/content/browser.js:6708
TEST-UNEXPECTED-FAIL | chrome://mochitests/content/browser/browser/components/privatebrowsing/test/browser/browser_privatebrowsing_cookieacceptdialog.js | an unexpected uncaught JS exception reported through window.onerror - NS_ERROR_FAILURE: Failure at chrome://browser/content/browser.js:6708
philor
https://tbpl.mozilla.org/php/getParsedLog.php?id=14789908&tree=Ionmonkey
Rev4 MacOSX Lion 10.7 ionmonkey opt test mochitest-other on 2012-08-28 16:52:31
slave: talos-r4-lion-072

TEST-UNEXPECTED-FAIL | chrome://mochitests/content/browser/browser/base/content/test/browser_bug491431.js | an unexpected uncaught JS exception reported through window.onerror - NS_ERROR_FAILURE: Failure at chrome://browser/content/browser.js:6481
bugs%pettay.fi
https://tbpl.mozilla.org/php/getParsedLog.php?id=14804437&tree=Firefox
Rev3 Fedora 12x64 mozilla-central pgo test mochitest-other on 2012-08-29 04:12:38
slave: talos-r3-fed64-062

11531 ERROR TEST-UNEXPECTED-FAIL | chrome://mochitests/content/chrome/layout/generic/test/test_bug469613.xul | Starting a 0-delta scroll shouldn't cancel a pending async scroll. - got 0, expected 10
TEST-UNEXPECTED-FAIL | chrome://mochitests/content/browser/browser/components/privatebrowsing/test/browser/browser_privatebrowsing_windowtitle.js | an unexpected uncaught JS exception reported through window.onerror - NS_ERROR_FAILURE: Failure at chrome://browser/content/browser.js:6658
jwalker%mozilla.com
https://tbpl.mozilla.org/php/getParsedLog.php?id=14807218&tree=Fx-Team
Rev3 WINNT 5.1 fx-team debug test mochitest-other on 2012-08-29 05:07:35
slave: talos-r3-xp-052

TEST-UNEXPECTED-FAIL | chrome://mochitests/content/browser/browser/components/privatebrowsing/test/browser/browser_privatebrowsing_cookieacceptdialog.js | an unexpected uncaught JS exception reported through window.onerror - NS_ERROR_FAILURE: Failure at chrome://browser/content/browser.js:6603
edmorley
https://tbpl.mozilla.org/php/getParsedLog.php?id=14808329&tree=Firefox
Rev4 MacOSX Snow Leopard 10.6 mozilla-central debug test mochitest-other on 2012-08-29 06:12:20
slave: talos-r4-snow-044

TEST-UNEXPECTED-FAIL | chrome://mochitests/content/browser/browser/components/privatebrowsing/test/browser/browser_privatebrowsing_cookieacceptdialog.js | an unexpected uncaught JS exception reported through window.onerror - NS_ERROR_FAILURE: Failure at chrome://browser/content/browser.js:6708
TEST-UNEXPECTED-FAIL | chrome://mochitests/content/browser/browser/components/privatebrowsing/test/browser/browser_privatebrowsing_cookieacceptdialog.js | an unexpected uncaught JS exception reported through window.onerror - NS_ERROR_FAILURE: Failure at chrome://browser/content/browser.js:6708
philor
https://tbpl.mozilla.org/php/getParsedLog.php?id=14821975&tree=Mozilla-Aurora
Rev4 MacOSX Snow Leopard 10.6 mozilla-aurora debug test mochitest-other on 2012-08-29 16:51:09
slave: talos-r4-snow-077

TEST-UNEXPECTED-FAIL | chrome://mochitests/content/browser/browser/components/privatebrowsing/test/browser/browser_privatebrowsing_cookieacceptdialog.js | an unexpected uncaught JS exception reported through window.onerror - NS_ERROR_FAILURE: Failure at chrome://browser/content/browser.js:6708
philor
https://tbpl.mozilla.org/php/getParsedLog.php?id=14824665&tree=Mozilla-Inbound
Rev4 MacOSX Snow Leopard 10.6 mozilla-inbound opt test mochitest-other on 2012-08-29 19:42:44
slave: talos-r4-snow-079

TEST-UNEXPECTED-FAIL | chrome://mochitests/content/browser/browser/components/privatebrowsing/test/browser/browser_privatebrowsing_cookieacceptdialog.js | an unexpected uncaught JS exception reported through window.onerror - NS_ERROR_FAILURE: Failure at chrome://browser/content/browser.js:6708
philor
https://tbpl.mozilla.org/php/getParsedLog.php?id=14825893&tree=Mozilla-Inbound
Rev4 MacOSX Snow Leopard 10.6 mozilla-inbound opt test mochitest-other on 2012-08-29 20:47:40
slave: talos-r4-snow-011

TEST-UNEXPECTED-FAIL | chrome://mochitests/content/browser/browser/components/privatebrowsing/test/browser/browser_privatebrowsing_cookieacceptdialog.js | an unexpected uncaught JS exception reported through window.onerror - NS_ERROR_FAILURE: Failure at chrome://browser/content/browser.js:6708
philor
https://tbpl.mozilla.org/php/getParsedLog.php?id=14826393&tree=Mozilla-Inbound
Rev4 MacOSX Lion 10.7 mozilla-inbound debug test mochitest-other on 2012-08-29 20:31:39
slave: talos-r4-lion-018

TEST-UNEXPECTED-FAIL | chrome://mochitests/content/browser/browser/components/privatebrowsing/test/browser/browser_privatebrowsing_cookieacceptdialog.js | an unexpected uncaught JS exception reported through window.onerror - NS_ERROR_FAILURE: Failure at chrome://browser/content/browser.js:6708
edmorley
https://tbpl.mozilla.org/php/getParsedLog.php?id=14831047&tree=Mozilla-Inbound
Rev4 MacOSX Lion 10.7 mozilla-inbound debug test mochitest-other on 2012-08-30 00:58:42
slave: talos-r4-lion-073

TEST-UNEXPECTED-FAIL | chrome://mochitests/content/browser/browser/components/privatebrowsing/test/browser/browser_privatebrowsing_cookieacceptdialog.js | an unexpected uncaught JS exception reported through window.onerror - NS_ERROR_FAILURE: Failure at chrome://browser/content/browser.js:6708
philor
https://tbpl.mozilla.org/php/getParsedLog.php?id=14842116&tree=Mozilla-Aurora
Rev4 MacOSX Lion 10.7 mozilla-aurora debug test mochitest-other on 2012-08-30 08:34:07
slave: talos-r4-lion-044

28009 ERROR TEST-UNEXPECTED-PASS | chrome://mochitests/content/chrome/toolkit/identity/tests/chrome/test_sandbox.xul | Check webm was not loaded - -1 should equal -1
28010 ERROR TEST-UNEXPECTED-PASS | chrome://mochitests/content/chrome/toolkit/identity/tests/chrome/test_sandbox.xul | Check ogg was not loaded - -1 should equal -1
TEST-UNEXPECTED-FAIL | chrome://mochitests/content/browser/browser/components/privatebrowsing/test/browser/browser_privatebrowsing_cookieacceptdialog.js | an unexpected uncaught JS exception reported through window.onerror - NS_ERROR_FAILURE: Failure at chrome://browser/content/browser.js:6708
RyanVM
https://tbpl.mozilla.org/php/getParsedLog.php?id=14869407&tree=Mozilla-Inbound
Rev4 MacOSX Snow Leopard 10.6 mozilla-inbound opt test mochitest-other on 2012-08-31 03:22:19
slave: talos-r4-snow-021

TEST-UNEXPECTED-FAIL | chrome://mochitests/content/browser/browser/components/privatebrowsing/test/browser/browser_privatebrowsing_cookieacceptdialog.js | an unexpected uncaught JS exception reported through window.onerror - NS_ERROR_FAILURE: Failure at chrome://browser/content/browser.js:6708
graememcc_firefox%graeme-online.co.uk
https://tbpl.mozilla.org/php/getParsedLog.php?id=14871058&tree=Mozilla-Inbound
Rev3 WINNT 6.1 mozilla-inbound opt test mochitest-other on 2012-08-31 03:48:22
slave: talos-r3-w7-099

TEST-UNEXPECTED-FAIL | chrome://mochitests/content/browser/browser/components/privatebrowsing/test/browser/browser_privatebrowsing_cookieacceptdialog.js | an unexpected uncaught JS exception reported through window.onerror - NS_ERROR_FAILURE: Failure at chrome://browser/content/browser.js:6674
graememcc_firefox%graeme-online.co.uk
https://tbpl.mozilla.org/php/getParsedLog.php?id=14873319&tree=Mozilla-Inbound
Rev4 MacOSX Snow Leopard 10.6 mozilla-inbound debug test mochitest-other on 2012-08-31 04:53:14
slave: talos-r4-snow-043

TEST-UNEXPECTED-FAIL | chrome://mochitests/content/browser/browser/components/privatebrowsing/test/browser/browser_privatebrowsing_cookieacceptdialog.js | an unexpected uncaught JS exception reported through window.onerror - NS_ERROR_FAILURE: Failure at chrome://browser/content/browser.js:6708
froydnj
https://tbpl.mozilla.org/php/getParsedLog.php?id=14880510&tree=Mozilla-Inbound
Rev4 MacOSX Snow Leopard 10.6 mozilla-inbound debug test mochitest-other on 2012-08-31 09:35:50
slave: talos-r4-snow-027

TEST-UNEXPECTED-FAIL | chrome://mochitests/content/browser/browser/components/privatebrowsing/test/browser/browser_privatebrowsing_cookieacceptdialog.js | an unexpected uncaught JS exception reported through window.onerror - NS_ERROR_FAILURE: Failure at chrome://browser/content/browser.js:6708
TEST-UNEXPECTED-FAIL | chrome://mochitests/content/browser/browser/components/privatebrowsing/test/browser/browser_privatebrowsing_cookieacceptdialog.js | an unexpected uncaught JS exception reported through window.onerror - NS_ERROR_FAILURE: Failure at chrome://browser/content/browser.js:6708
philor
https://tbpl.mozilla.org/php/getParsedLog.php?id=14868303&tree=Ionmonkey
Rev3 WINNT 6.1 ionmonkey opt test mochitest-other on 2012-08-31 02:09:27
slave: talos-r3-w7-012

TEST-UNEXPECTED-FAIL | chrome://mochitests/content/browser/browser/components/privatebrowsing/test/browser/browser_privatebrowsing_cookieacceptdialog.js | an unexpected uncaught JS exception reported through window.onerror - NS_ERROR_FAILURE: Failure at chrome://browser/content/browser.js:6674
TEST-UNEXPECTED-FAIL | chrome://mochitests/content/browser/browser/components/privatebrowsing/test/browser/browser_privatebrowsing_cookieacceptdialog.js | an unexpected uncaught JS exception reported through window.onerror - NS_ERROR_FAILURE: Failure at chrome://browser/content/browser.js:6674
philor
https://tbpl.mozilla.org/php/getParsedLog.php?id=14882740&tree=Mozilla-Aurora
Rev4 MacOSX Lion 10.7 mozilla-aurora opt test mochitest-other on 2012-08-31 11:37:55
slave: talos-r4-lion-020

TEST-UNEXPECTED-FAIL | chrome://mochitests/content/browser/browser/components/privatebrowsing/test/browser/browser_privatebrowsing_cookieacceptdialog.js | an unexpected uncaught JS exception reported through window.onerror - NS_ERROR_FAILURE: Failure at chrome://browser/content/browser.js:6708
ryanvm%gmail.com
https://tbpl.mozilla.org/php/getParsedLog.php?id=14892663&tree=Mozilla-Inbound
Rev4 MacOSX Snow Leopard 10.6 mozilla-inbound opt test mochitest-other on 2012-08-31 17:55:27
slave: talos-r4-snow-054

TEST-UNEXPECTED-FAIL | chrome://mochitests/content/browser/browser/components/privatebrowsing/test/browser/browser_privatebrowsing_cookieacceptdialog.js | an unexpected uncaught JS exception reported through window.onerror - NS_ERROR_FAILURE: Failure at chrome://browser/content/browser.js:6708
mounir
https://tbpl.mozilla.org/php/getParsedLog.php?id=14894865&tree=Try
Rev3 Fedora 12x64 try debug test mochitest-other on 2012-08-31 19:04:13
slave: talos-r3-fed64-030

TEST-UNEXPECTED-FAIL | chrome://mochitests/content/browser/browser/components/privatebrowsing/test/browser/browser_privatebrowsing_windowtitle.js | an unexpected uncaught JS exception reported through window.onerror - NS_ERROR_FAILURE: Failure at chrome://browser/content/browser.js:6658
RyanVM
https://tbpl.mozilla.org/php/getParsedLog.php?id=14896980&tree=Mozilla-Inbound
Rev4 MacOSX Snow Leopard 10.6 mozilla-inbound debug test mochitest-other on 2012-09-01 00:23:19
slave: talos-r4-snow-052

TEST-UNEXPECTED-FAIL | chrome://mochitests/content/browser/browser/base/content/test/browser_homeDrop.js | an unexpected uncaught JS exception reported through window.onerror - NS_ERROR_FAILURE: Failure at chrome://browser/content/browser.js:6708
TEST-UNEXPECTED-FAIL | chrome://mochitests/content/browser/browser/components/privatebrowsing/test/browser/browser_privatebrowsing_cookieacceptdialog.js | an unexpected uncaught JS exception reported through window.onerror - NS_ERROR_FAILURE: Failure at chrome://browser/content/browser.js:6708
WG9s
https://tbpl.mozilla.org/php/getParsedLog.php?id=14904670&tree=Mozilla-Inbound
Rev3 WINNT 5.1 mozilla-inbound debug test mochitest-other on 2012-09-01 19:26:49
slave: talos-r3-xp-008

TEST-UNEXPECTED-FAIL | chrome://mochitests/content/browser/browser/components/privatebrowsing/test/browser/browser_privatebrowsing_cookieacceptdialog.js | an unexpected uncaught JS exception reported through window.onerror - NS_ERROR_FAILURE: Failure at chrome://browser/content/browser.js:6674
TEST-UNEXPECTED-FAIL | chrome://mochitests/content/browser/browser/components/privatebrowsing/test/browser/browser_privatebrowsing_cookieacceptdialog.js | an unexpected uncaught JS exception reported through window.onerror - NS_ERROR_FAILURE: Failure at chrome://browser/content/browser.js:6674
ryanvm%gmail.com
https://tbpl.mozilla.org/php/getParsedLog.php?id=14911779&tree=Mozilla-Inbound
Rev4 MacOSX Lion 10.7 mozilla-inbound debug test mochitest-other on 2012-09-02 16:04:39
slave: talos-r4-lion-070

TEST-UNEXPECTED-FAIL | chrome://mochitests/content/browser/browser/components/privatebrowsing/test/browser/browser_privatebrowsing_cookieacceptdialog.js | an unexpected uncaught JS exception reported through window.onerror - NS_ERROR_FAILURE: Failure at chrome://browser/content/browser.js:6708
:emk
https://tbpl.mozilla.org/php/getParsedLog.php?id=14912393&tree=Try
Rev3 WINNT 6.1 try opt test mochitest-other on 2012-09-02 17:06:20
slave: talos-r3-w7-035

TEST-UNEXPECTED-FAIL | chrome://mochitests/content/browser/browser/components/privatebrowsing/test/browser/browser_privatebrowsing_cookieacceptdialog.js | an unexpected uncaught JS exception reported through window.onerror - NS_ERROR_FAILURE: Failure at chrome://browser/content/browser.js:6674
TEST-UNEXPECTED-FAIL | chrome://mochitests/content/browser/browser/components/privatebrowsing/test/browser/browser_privatebrowsing_cookieacceptdialog.js | an unexpected uncaught JS exception reported through window.onerror - NS_ERROR_FAILURE: Failure at chrome://browser/content/browser.js:6674
edmorley
https://tbpl.mozilla.org/php/getParsedLog.php?id=14919041&tree=Mozilla-Inbound
Rev4 MacOSX Snow Leopard 10.6 mozilla-inbound opt test mochitest-other on 2012-09-03 02:42:18
slave: talos-r4-snow-018

TEST-UNEXPECTED-FAIL | chrome://mochitests/content/browser/browser/components/privatebrowsing/test/browser/browser_privatebrowsing_cookieacceptdialog.js | an unexpected uncaught JS exception reported through window.onerror - NS_ERROR_FAILURE: Failure at chrome://browser/content/browser.js:6708
TEST-UNEXPECTED-FAIL | chrome://mochitests/content/browser/browser/components/privatebrowsing/test/browser/browser_privatebrowsing_cookieacceptdialog.js | an unexpected uncaught JS exception reported through window.onerror - NS_ERROR_FAILURE: Failure at chrome://browser/content/browser.js:6708
jonco
https://tbpl.mozilla.org/php/getParsedLog.php?id=14922916&tree=Try
Rev4 MacOSX Snow Leopard 10.6 try debug test mochitest-other on 2012-09-03 04:54:16
slave: talos-r4-snow-075

TEST-UNEXPECTED-FAIL | chrome://mochitests/content/browser/browser/components/privatebrowsing/test/browser/browser_privatebrowsing_cookieacceptdialog.js | an unexpected uncaught JS exception reported through window.onerror - NS_ERROR_FAILURE: Failure at chrome://browser/content/browser.js:6708
TEST-UNEXPECTED-FAIL | chrome://mochitests/content/browser/browser/components/privatebrowsing/test/browser/browser_privatebrowsing_cookieacceptdialog.js | an unexpected uncaught JS exception reported through window.onerror - NS_ERROR_FAILURE: Failure at chrome://browser/content/browser.js:6708
ryanvm%gmail.com
https://tbpl.mozilla.org/php/getParsedLog.php?id=14822257&tree=Try
Rev3 WINNT 6.1 try opt test mochitest-other on 2012-08-29 17:24:59
slave: talos-r3-w7-037

TEST-UNEXPECTED-FAIL | chrome://mochitests/content/browser/browser/components/privatebrowsing/test/browser/browser_privatebrowsing_cookieacceptdialog.js | an unexpected uncaught JS exception reported through window.onerror - NS_ERROR_FAILURE: Failure at chrome://browser/content/browser.js:6680
ryanvm%gmail.com
https://tbpl.mozilla.org/php/getParsedLog.php?id=14925996&tree=Try
Rev3 WINNT 6.1 try opt test mochitest-other on 2012-09-03 09:53:20
slave: talos-r3-w7-034

TEST-UNEXPECTED-FAIL | chrome://mochitests/content/browser/browser/components/privatebrowsing/test/browser/browser_privatebrowsing_cookieacceptdialog.js | an unexpected uncaught JS exception reported through window.onerror - NS_ERROR_FAILURE: Failure at chrome://browser/content/browser.js:6680
TEST-UNEXPECTED-FAIL | chrome://mochitests/content/browser/browser/components/privatebrowsing/test/browser/browser_privatebrowsing_cookieacceptdialog.js | an unexpected uncaught JS exception reported through window.onerror - NS_ERROR_FAILURE: Failure at chrome://browser/content/browser.js:6680
ryanvm%gmail.com
https://tbpl.mozilla.org/php/getParsedLog.php?id=14931600&tree=Mozilla-Inbound
Rev3 WINNT 5.1 mozilla-inbound debug test mochitest-other on 2012-09-03 17:44:11
slave: talos-r3-xp-036

TEST-UNEXPECTED-FAIL | chrome://mochitests/content/browser/browser/components/privatebrowsing/test/browser/browser_privatebrowsing_cookieacceptdialog.js | an unexpected uncaught JS exception reported through window.onerror - NS_ERROR_FAILURE: Failure at chrome://browser/content/browser.js:6674
TEST-UNEXPECTED-FAIL | chrome://mochitests/content/browser/browser/components/privatebrowsing/test/browser/browser_privatebrowsing_cookieacceptdialog.js | an unexpected uncaught JS exception reported through window.onerror - NS_ERROR_FAILURE: Failure at chrome://browser/content/browser.js:6674
philor
https://tbpl.mozilla.org/php/getParsedLog.php?id=14933174&tree=Mozilla-Inbound
Rev4 MacOSX Snow Leopard 10.6 mozilla-inbound debug test mochitest-other on 2012-09-03 19:28:40
slave: talos-r4-snow-080

TEST-UNEXPECTED-FAIL | chrome://mochitests/content/browser/browser/components/privatebrowsing/test/browser/browser_privatebrowsing_cookieacceptdialog.js | an unexpected uncaught JS exception reported through window.onerror - NS_ERROR_FAILURE: Failure at chrome://browser/content/browser.js:6708
TEST-UNEXPECTED-FAIL | chrome://mochitests/content/browser/browser/components/privatebrowsing/test/browser/browser_privatebrowsing_cookieacceptdialog.js | an unexpected uncaught JS exception reported through window.onerror - NS_ERROR_FAILURE: Failure at chrome://browser/content/browser.js:6708
smontagu%smontagu.org
https://tbpl.mozilla.org/php/getParsedLog.php?id=14925362&tree=Try
Rev3 WINNT 5.1 try opt test mochitest-other on 2012-09-03 09:20:28
slave: talos-r3-xp-027

TEST-UNEXPECTED-FAIL | chrome://mochitests/content/browser/browser/components/privatebrowsing/test/browser/browser_privatebrowsing_cookieacceptdialog.js | an unexpected uncaught JS exception reported through window.onerror - NS_ERROR_FAILURE: Failure at chrome://browser/content/browser.js:6674
philor
https://tbpl.mozilla.org/php/getParsedLog.php?id=14934912&tree=Mozilla-Inbound
Rev3 WINNT 6.1 mozilla-inbound opt test mochitest-other on 2012-09-03 22:10:15
slave: talos-r3-w7-091

TEST-UNEXPECTED-FAIL | chrome://mochitests/content/browser/browser/components/privatebrowsing/test/browser/browser_privatebrowsing_cookieacceptdialog.js | an unexpected uncaught JS exception reported through window.onerror - NS_ERROR_FAILURE: Failure at chrome://browser/content/browser.js:6674
edmorley
https://tbpl.mozilla.org/php/getParsedLog.php?id=14935604&tree=Profiling
Rev4 MacOSX Lion 10.7 profiling opt test mochitest-other on 2012-09-03 23:00:10
slave: talos-r4-lion-073

TEST-UNEXPECTED-FAIL | chrome://mochitests/content/browser/browser/components/privatebrowsing/test/browser/browser_privatebrowsing_cookieacceptdialog.js | an unexpected uncaught JS exception reported through window.onerror - NS_ERROR_FAILURE: Failure at chrome://browser/content/browser.js:6708
philor
https://tbpl.mozilla.org/php/getParsedLog.php?id=14944401&tree=Mozilla-Inbound
Rev4 MacOSX Lion 10.7 mozilla-inbound opt test mochitest-other on 2012-09-04 09:13:38
slave: talos-r4-lion-042

TEST-UNEXPECTED-FAIL | chrome://mochitests/content/browser/browser/components/privatebrowsing/test/browser/browser_privatebrowsing_cookieacceptdialog.js | an unexpected uncaught JS exception reported through window.onerror - NS_ERROR_FAILURE: Failure at chrome://browser/content/browser.js:6708
philor
https://tbpl.mozilla.org/php/getParsedLog.php?id=14951695&tree=Mozilla-Aurora
Rev4 MacOSX Lion 10.7 mozilla-aurora debug test mochitest-other on 2012-09-04 12:20:10
slave: talos-r4-lion-084

TEST-UNEXPECTED-FAIL | chrome://mochitests/content/browser/browser/components/privatebrowsing/test/browser/browser_privatebrowsing_cookieacceptdialog.js | an unexpected uncaught JS exception reported through window.onerror - NS_ERROR_FAILURE: Failure at chrome://browser/content/browser.js:6708
TEST-UNEXPECTED-FAIL | chrome://mochitests/content/browser/browser/components/privatebrowsing/test/browser/browser_privatebrowsing_cookieacceptdialog.js | an unexpected uncaught JS exception reported through window.onerror - NS_ERROR_FAILURE: Failure at chrome://browser/content/browser.js:6708
cjones
https://tbpl.mozilla.org/php/getParsedLog.php?id=14950356&tree=Try
Rev4 MacOSX Snow Leopard 10.6 try opt test mochitest-other on 2012-09-04 12:23:24
slave: talos-r4-snow-075

TEST-UNEXPECTED-FAIL | chrome://mochitests/content/browser/browser/components/privatebrowsing/test/browser/browser_privatebrowsing_cookieacceptdialog.js | an unexpected uncaught JS exception reported through window.onerror - NS_ERROR_FAILURE: Failure at chrome://browser/content/browser.js:6708
cjones
https://tbpl.mozilla.org/php/getParsedLog.php?id=14951470&tree=Try
Rev4 MacOSX Snow Leopard 10.6 try debug test mochitest-other on 2012-09-04 12:18:25
slave: talos-r4-snow-053

TEST-UNEXPECTED-FAIL | chrome://mochitests/content/browser/browser/components/privatebrowsing/test/browser/browser_privatebrowsing_cookieacceptdialog.js | an unexpected uncaught JS exception reported through window.onerror - NS_ERROR_FAILURE: Failure at chrome://browser/content/browser.js:6708
TEST-UNEXPECTED-FAIL | chrome://mochitests/content/browser/browser/components/privatebrowsing/test/browser/browser_privatebrowsing_cookieacceptdialog.js | an unexpected uncaught JS exception reported through window.onerror - NS_ERROR_FAILURE: Failure at chrome://browser/content/browser.js:6708
philor
https://tbpl.mozilla.org/php/getParsedLog.php?id=14962483&tree=Mozilla-Inbound
Rev4 MacOSX Lion 10.7 mozilla-inbound opt test mochitest-other on 2012-09-04 19:04:12
slave: talos-r4-lion-064

TEST-UNEXPECTED-FAIL | chrome://mochitests/content/browser/browser/components/privatebrowsing/test/browser/browser_privatebrowsing_cookieacceptdialog.js | an unexpected uncaught JS exception reported through window.onerror - NS_ERROR_FAILURE: Failure at chrome://browser/content/browser.js:6708
TEST-UNEXPECTED-FAIL | chrome://mochitests/content/browser/browser/components/privatebrowsing/test/browser/browser_privatebrowsing_cookieacceptdialog.js | an unexpected uncaught JS exception reported through window.onerror - NS_ERROR_FAILURE: Failure at chrome://browser/content/browser.js:6708
philor
https://tbpl.mozilla.org/php/getParsedLog.php?id=14964531&tree=Mozilla-Inbound
Rev4 MacOSX Lion 10.7 mozilla-inbound debug test mochitest-other on 2012-09-04 19:38:13
slave: talos-r4-lion-061

TEST-UNEXPECTED-FAIL | chrome://mochitests/content/browser/browser/components/privatebrowsing/test/browser/browser_privatebrowsing_cookieacceptdialog.js | an unexpected uncaught JS exception reported through window.onerror - NS_ERROR_FAILURE: Failure at chrome://browser/content/browser.js:6708
philor
https://tbpl.mozilla.org/php/getParsedLog.php?id=14962955&tree=Mozilla-Aurora
Rev4 MacOSX Lion 10.7 mozilla-aurora opt test mochitest-other on 2012-09-04 19:31:27
slave: talos-r4-lion-059

TEST-UNEXPECTED-FAIL | chrome://mochitests/content/browser/browser/components/privatebrowsing/test/browser/browser_privatebrowsing_cookieacceptdialog.js | an unexpected uncaught JS exception reported through window.onerror - NS_ERROR_FAILURE: Failure at chrome://browser/content/browser.js:6708
Ms2ger%gmail.com
https://tbpl.mozilla.org/php/getParsedLog.php?id=14973477&tree=Try
Rev4 MacOSX Snow Leopard 10.6 try opt test mochitest-other on 2012-09-05 02:54:22
slave: talos-r4-snow-051

TEST-UNEXPECTED-FAIL | chrome://mochitests/content/browser/browser/components/privatebrowsing/test/browser/browser_privatebrowsing_cookieacceptdialog.js | an unexpected uncaught JS exception reported through window.onerror - NS_ERROR_FAILURE: Failure at chrome://browser/content/browser.js:6708
philor
https://tbpl.mozilla.org/php/getParsedLog.php?id=14995036&tree=Mozilla-Inbound
Rev4 MacOSX Snow Leopard 10.6 mozilla-inbound debug test mochitest-other on 2012-09-05 15:06:26
slave: talos-r4-snow-061

TEST-UNEXPECTED-FAIL | chrome://mochitests/content/browser/browser/components/privatebrowsing/test/browser/browser_privatebrowsing_cookieacceptdialog.js | an unexpected uncaught JS exception reported through window.onerror - NS_ERROR_FAILURE: Failure at chrome://browser/content/browser.js:6708
TEST-UNEXPECTED-FAIL | chrome://mochitests/content/browser/browser/components/sessionstore/test/browser_586068-cascaded_restore.js | an unexpected uncaught JS exception reported through window.onerror - NS_ERROR_FAILURE: Failure at chrome://browser/content/browser.js:4567
philor
https://tbpl.mozilla.org/php/getParsedLog.php?id=14996262&tree=Mozilla-Aurora
Rev3 WINNT 5.1 mozilla-aurora debug test mochitest-other on 2012-09-05 15:28:24
slave: talos-r3-xp-048

TEST-UNEXPECTED-FAIL | chrome://mochitests/content/browser/browser/components/privatebrowsing/test/browser/browser_privatebrowsing_cookieacceptdialog.js | an unexpected uncaught JS exception reported through window.onerror - NS_ERROR_FAILURE: Failure at chrome://browser/content/browser.js:6674
philor
https://tbpl.mozilla.org/php/getParsedLog.php?id=15003572&tree=Ionmonkey
Rev3 WINNT 5.1 ionmonkey debug test mochitest-other on 2012-09-05 19:53:34
slave: talos-r3-xp-087

TEST-UNEXPECTED-FAIL | chrome://mochitests/content/browser/browser/components/privatebrowsing/test/browser/browser_privatebrowsing_cookieacceptdialog.js | an unexpected uncaught JS exception reported through window.onerror - NS_ERROR_FAILURE: Failure at chrome://browser/content/browser.js:6674
TEST-UNEXPECTED-FAIL | chrome://mochitests/content/browser/browser/components/privatebrowsing/test/browser/browser_privatebrowsing_cookieacceptdialog.js | an unexpected uncaught JS exception reported through window.onerror - NS_ERROR_FAILURE: Failure at chrome://browser/content/browser.js:6674
msucan
https://tbpl.mozilla.org/php/getParsedLog.php?id=14976722&tree=Fx-Team
Rev3 WINNT 6.1 fx-team pgo test mochitest-other on 2012-09-05 04:28:03
slave: talos-r3-w7-095

TEST-UNEXPECTED-FAIL | chrome://mochitests/content/browser/browser/components/privatebrowsing/test/browser/browser_privatebrowsing_cookieacceptdialog.js | an unexpected uncaught JS exception reported through window.onerror - NS_ERROR_FAILURE: Failure at chrome://browser/content/browser.js:6674
philor
https://tbpl.mozilla.org/php/getParsedLog.php?id=15019532&tree=Mozilla-Inbound
Rev4 MacOSX Lion 10.7 mozilla-inbound opt test mochitest-other on 2012-09-06 08:58:01
slave: talos-r4-lion-030

TEST-UNEXPECTED-FAIL | chrome://mochitests/content/browser/browser/components/privatebrowsing/test/browser/browser_privatebrowsing_windowtitle.js | an unexpected uncaught JS exception reported through window.onerror - NS_ERROR_FAILURE: Failure at chrome://browser/content/browser.js:6728
ryanvm%gmail.com
https://tbpl.mozilla.org/php/getParsedLog.php?id=15028233&tree=Mozilla-Inbound
Rev4 MacOSX Snow Leopard 10.6 mozilla-inbound opt test mochitest-other on 2012-09-06 14:32:16
slave: talos-r4-snow-040

TEST-UNEXPECTED-FAIL | chrome://mochitests/content/browser/browser/components/privatebrowsing/test/browser/browser_privatebrowsing_cookieacceptdialog.js | an unexpected uncaught JS exception reported through window.onerror - NS_ERROR_FAILURE: Failure at chrome://browser/content/browser.js:6717
TEST-UNEXPECTED-FAIL | chrome://mochitests/content/browser/browser/components/privatebrowsing/test/browser/browser_privatebrowsing_cookieacceptdialog.js | an unexpected uncaught JS exception reported through window.onerror - NS_ERROR_FAILURE: Failure at chrome://browser/content/browser.js:6717
philor
https://tbpl.mozilla.org/php/getParsedLog.php?id=15018530&tree=Mozilla-Aurora
Rev3 WINNT 5.1 mozilla-aurora pgo test mochitest-other on 2012-09-06 08:08:10
slave: talos-r3-xp-025

TEST-UNEXPECTED-FAIL | chrome://mochitests/content/browser/browser/components/privatebrowsing/test/browser/browser_privatebrowsing_cookieacceptdialog.js | an unexpected uncaught JS exception reported through window.onerror - NS_ERROR_FAILURE: Failure at chrome://browser/content/browser.js:6674
ryanvm%gmail.com
https://tbpl.mozilla.org/php/getParsedLog.php?id=15034374&tree=Mozilla-Inbound
Rev3 Fedora 12 mozilla-inbound opt test mochitest-other on 2012-09-06 18:10:16
slave: talos-r3-fed-054

TEST-UNEXPECTED-FAIL | chrome://mochitests/content/browser/browser/base/content/test/browser_bug491431.js | an unexpected uncaught JS exception reported through window.onerror - NS_ERROR_FAILURE: Failure at chrome://browser/content/browser.js:6670
philor
https://tbpl.mozilla.org/php/getParsedLog.php?id=15050065&tree=Mozilla-Inbound
Rev3 Fedora 12x64 mozilla-inbound debug test mochitest-other on 2012-09-07 07:58:22
slave: talos-r3-fed64-058

TEST-UNEXPECTED-FAIL | chrome://mochitests/content/browser/browser/components/privatebrowsing/test/browser/browser_privatebrowsing_windowtitle.js | an unexpected uncaught JS exception reported through window.onerror - NS_ERROR_FAILURE: Failure at chrome://browser/content/browser.js:6672
philor
https://tbpl.mozilla.org/php/getParsedLog.php?id=15054561&tree=Mozilla-Inbound
Rev4 MacOSX Snow Leopard 10.6 mozilla-inbound opt test mochitest-other on 2012-09-07 11:49:23
slave: talos-r4-snow-046

TEST-UNEXPECTED-FAIL | chrome://mochitests/content/browser/browser/components/privatebrowsing/test/browser/browser_privatebrowsing_cookieacceptdialog.js | an unexpected uncaught JS exception reported through window.onerror - NS_ERROR_FAILURE: Failure at chrome://browser/content/browser.js:6722
ryanvm%gmail.com
https://tbpl.mozilla.org/php/getParsedLog.php?id=15056175&tree=Mozilla-Inbound
Rev4 MacOSX Lion 10.7 mozilla-inbound opt test mochitest-other on 2012-09-07 12:58:34
slave: talos-r4-lion-070

TEST-UNEXPECTED-FAIL | chrome://mochitests/content/browser/browser/components/privatebrowsing/test/browser/browser_privatebrowsing_cookieacceptdialog.js | an unexpected uncaught JS exception reported through window.onerror - NS_ERROR_FAILURE: Failure at chrome://browser/content/browser.js:6722
ryanvm%gmail.com
https://tbpl.mozilla.org/php/getParsedLog.php?id=15058932&tree=Mozilla-Inbound
Rev4 MacOSX Snow Leopard 10.6 mozilla-inbound debug test mochitest-other on 2012-09-07 14:21:30
slave: talos-r4-snow-063

TEST-UNEXPECTED-FAIL | chrome://mochitests/content/browser/browser/components/privatebrowsing/test/browser/browser_privatebrowsing_cookieacceptdialog.js | an unexpected uncaught JS exception reported through window.onerror - NS_ERROR_FAILURE: Failure at chrome://browser/content/browser.js:6722
philor
https://tbpl.mozilla.org/php/getParsedLog.php?id=15066441&tree=Firefox
Rev4 MacOSX Snow Leopard 10.6 mozilla-central debug test mochitest-other on 2012-09-07 18:50:29
slave: talos-r4-snow-020

TEST-UNEXPECTED-FAIL | chrome://mochitests/content/browser/browser/components/privatebrowsing/test/browser/browser_privatebrowsing_cookieacceptdialog.js | an unexpected uncaught JS exception reported through window.onerror - NS_ERROR_FAILURE: Failure at chrome://browser/content/browser.js:6722
ryanvm%gmail.com
https://tbpl.mozilla.org/php/getParsedLog.php?id=15066441&tree=Firefox
Rev4 MacOSX Snow Leopard 10.6 mozilla-central debug test mochitest-other on 2012-09-07 18:50:29
slave: talos-r4-snow-020

TEST-UNEXPECTED-FAIL | chrome://mochitests/content/browser/browser/components/privatebrowsing/test/browser/browser_privatebrowsing_cookieacceptdialog.js | an unexpected uncaught JS exception reported through window.onerror - NS_ERROR_FAILURE: Failure at chrome://browser/content/browser.js:6722
philor
https://tbpl.mozilla.org/php/getParsedLog.php?id=15084870&tree=Mozilla-Aurora
Rev4 MacOSX Lion 10.7 mozilla-aurora opt test mochitest-other on 2012-09-09 05:22:39
slave: talos-r4-lion-035

TEST-UNEXPECTED-FAIL | chrome://mochitests/content/browser/browser/components/privatebrowsing/test/browser/browser_privatebrowsing_cookieacceptdialog.js | an unexpected uncaught JS exception reported through window.onerror - NS_ERROR_FAILURE: Failure at chrome://browser/content/browser.js:6708
TEST-UNEXPECTED-FAIL | chrome://mochitests/content/browser/browser/components/privatebrowsing/test/browser/browser_privatebrowsing_cookieacceptdialog.js | an unexpected uncaught JS exception reported through window.onerror - NS_ERROR_FAILURE: Failure at chrome://browser/content/browser.js:6708
edmorley
https://tbpl.mozilla.org/php/getParsedLog.php?id=15024455&tree=Ionmonkey
Rev5 MacOSX Mountain Lion 10.8 ionmonkey opt test mochitest-other on 2012-09-06 12:10:09
slave: talos-mtnlion-r5-084

TEST-UNEXPECTED-FAIL | chrome://mochitests/content/browser/browser/components/privatebrowsing/test/browser/browser_privatebrowsing_cookieacceptdialog.js | an unexpected uncaught JS exception reported through window.onerror - NS_ERROR_FAILURE: Failure at chrome://browser/content/browser.js:6708
ttaubert
https://tbpl.mozilla.org/php/getParsedLog.php?id=15097779&tree=Firefox
Rev4 MacOSX Lion 10.7 mozilla-central opt test mochitest-other on 2012-09-10 04:09:13
slave: talos-r4-lion-049

TEST-UNEXPECTED-FAIL | chrome://mochitests/content/browser/browser/components/privatebrowsing/test/browser/browser_privatebrowsing_cookieacceptdialog.js | an unexpected uncaught JS exception reported through window.onerror - NS_ERROR_FAILURE: Failure at chrome://browser/content/browser.js:6722
graememcc_firefox%graeme-online.co.uk
https://tbpl.mozilla.org/php/getParsedLog.php?id=15107250&tree=Mozilla-Inbound
Rev5 MacOSX Mountain Lion 10.8 mozilla-inbound debug test mochitest-other on 2012-09-10 11:14:30
slave: talos-mtnlion-r5-048

TEST-UNEXPECTED-FAIL | chrome://mochitests/content/browser/browser/components/privatebrowsing/test/browser/browser_privatebrowsing_cookieacceptdialog.js | an unexpected uncaught JS exception reported through window.onerror - NS_ERROR_FAILURE: Failure at chrome://browser/content/browser.js:6722
philor
https://tbpl.mozilla.org/php/getParsedLog.php?id=15106866&tree=Services-Central
Rev5 MacOSX Mountain Lion 10.8 services-central debug test mochitest-other on 2012-09-10 10:59:29
slave: talos-mtnlion-r5-032

TEST-UNEXPECTED-FAIL | chrome://mochitests/content/browser/browser/components/privatebrowsing/test/browser/browser_privatebrowsing_cookieacceptdialog.js | an unexpected uncaught JS exception reported through window.onerror - NS_ERROR_FAILURE: Failure at chrome://browser/content/browser.js:6723
ryanvm%gmail.com
https://tbpl.mozilla.org/php/getParsedLog.php?id=15034803&tree=Try
Rev4 MacOSX Snow Leopard 10.6 try opt test mochitest-other on 2012-09-06 18:35:44
slave: talos-r4-snow-072

TEST-UNEXPECTED-FAIL | chrome://mochitests/content/browser/browser/components/privatebrowsing/test/browser/browser_privatebrowsing_cookieacceptdialog.js | an unexpected uncaught JS exception reported through window.onerror - NS_ERROR_FAILURE: Failure at chrome://browser/content/browser.js:6708
ryanvm%gmail.com
https://tbpl.mozilla.org/php/getParsedLog.php?id=15110883&tree=Mozilla-Inbound
Rev4 MacOSX Lion 10.7 mozilla-inbound opt test mochitest-other on 2012-09-10 14:06:18
slave: talos-r4-lion-038

TEST-UNEXPECTED-FAIL | chrome://mochitests/content/browser/browser/components/privatebrowsing/test/browser/browser_privatebrowsing_cookieacceptdialog.js | an unexpected uncaught JS exception reported through window.onerror - NS_ERROR_FAILURE: Failure at chrome://browser/content/browser.js:6722
philor
https://tbpl.mozilla.org/php/getParsedLog.php?id=15111886&tree=Firefox
Rev4 MacOSX Snow Leopard 10.6 mozilla-central debug test mochitest-other on 2012-09-10 14:07:23
slave: talos-r4-snow-080

TEST-UNEXPECTED-FAIL | chrome://mochitests/content/browser/browser/components/privatebrowsing/test/browser/browser_privatebrowsing_cookieacceptdialog.js | an unexpected uncaught JS exception reported through window.onerror - NS_ERROR_FAILURE: Failure at chrome://browser/content/browser.js:6722
TEST-UNEXPECTED-FAIL | chrome://mochitests/content/browser/browser/components/sessionstore/test/browser_586068-cascaded_restore.js | an unexpected uncaught JS exception reported through window.onerror - NS_ERROR_FAILURE: Failure at chrome://browser/content/browser.js:4583
philor
https://tbpl.mozilla.org/php/getParsedLog.php?id=15117259&tree=Mozilla-Aurora
Rev3 Fedora 12 mozilla-aurora debug test mochitest-other on 2012-09-10 17:16:52
slave: talos-r3-fed-051

TEST-UNEXPECTED-FAIL | chrome://mochitests/content/browser/browser/base/content/test/browser_bug491431.js | an unexpected uncaught JS exception reported through window.onerror - NS_ERROR_FAILURE: Failure at chrome://browser/content/browser.js:6658
philor
https://tbpl.mozilla.org/php/getParsedLog.php?id=15121733&tree=Mozilla-Inbound
Rev4 MacOSX Snow Leopard 10.6 mozilla-inbound debug test mochitest-other on 2012-09-10 20:38:18
slave: talos-r4-snow-066

TEST-UNEXPECTED-FAIL | chrome://mochitests/content/browser/browser/components/privatebrowsing/test/browser/browser_privatebrowsing_cookieacceptdialog.js | an unexpected uncaught JS exception reported through window.onerror - NS_ERROR_FAILURE: Failure at chrome://browser/content/browser.js:6722
edmorley
https://tbpl.mozilla.org/php/getParsedLog.php?id=15129318&tree=Ionmonkey
Rev4 MacOSX Snow Leopard 10.6 ionmonkey opt test mochitest-other on 2012-09-11 05:13:00
slave: talos-r4-snow-028

TEST-UNEXPECTED-FAIL | chrome://mochitests/content/browser/browser/components/privatebrowsing/test/browser/browser_privatebrowsing_cookieacceptdialog.js | an unexpected uncaught JS exception reported through window.onerror - NS_ERROR_FAILURE: Failure at chrome://browser/content/browser.js:6722
philor
https://tbpl.mozilla.org/php/getParsedLog.php?id=15139486&tree=Firefox
Rev4 MacOSX Lion 10.7 mozilla-central debug test mochitest-other on 2012-09-11 12:04:35
slave: talos-r4-lion-021

TEST-UNEXPECTED-FAIL | chrome://mochitests/content/browser/browser/components/privatebrowsing/test/browser/browser_privatebrowsing_cookieacceptdialog.js | an unexpected uncaught JS exception reported through window.onerror - NS_ERROR_FAILURE: Failure at chrome://browser/content/browser.js:6722
TEST-UNEXPECTED-FAIL | chrome://mochitests/content/browser/browser/components/privatebrowsing/test/browser/browser_privatebrowsing_cookieacceptdialog.js | an unexpected uncaught JS exception reported through window.onerror - NS_ERROR_FAILURE: Failure at chrome://browser/content/browser.js:6722
philor
https://tbpl.mozilla.org/php/getParsedLog.php?id=15140571&tree=Mozilla-Inbound
Rev5 MacOSX Mountain Lion 10.8 mozilla-inbound debug test mochitest-other on 2012-09-11 13:11:21
slave: talos-mtnlion-r5-058

TEST-UNEXPECTED-FAIL | chrome://mochitests/content/browser/browser/components/privatebrowsing/test/browser/browser_privatebrowsing_cookieacceptdialog.js | an unexpected uncaught JS exception reported through window.onerror - NS_ERROR_FAILURE: Failure at chrome://browser/content/browser.js:6722
philor
https://tbpl.mozilla.org/php/getParsedLog.php?id=15144819&tree=Mozilla-Inbound
Rev5 MacOSX Mountain Lion 10.8 mozilla-inbound debug test mochitest-other on 2012-09-11 15:47:30
slave: talos-mtnlion-r5-006

TEST-UNEXPECTED-FAIL | chrome://mochitests/content/browser/browser/components/privatebrowsing/test/browser/browser_privatebrowsing_cookieacceptdialog.js | an unexpected uncaught JS exception reported through window.onerror - NS_ERROR_FAILURE: Failure at chrome://browser/content/browser.js:6722
TEST-UNEXPECTED-FAIL | chrome://mochitests/content/browser/browser/components/privatebrowsing/test/browser/browser_privatebrowsing_cookieacceptdialog.js | an unexpected uncaught JS exception reported through window.onerror - NS_ERROR_FAILURE: Failure at chrome://browser/content/browser.js:6722
TEST-UNEXPECTED-FAIL | chrome://mochitests/content/browser/browser/components/sessionstore/test/browser_600545.js | an unexpected uncaught JS exception reported through window.onerror - NS_ERROR_FAILURE: Failure at chrome://browser/content/browser.js:4583
ryanvm%gmail.com
https://tbpl.mozilla.org/php/getParsedLog.php?id=15146696&tree=Mozilla-Inbound
Rev4 MacOSX Lion 10.7 mozilla-inbound opt test mochitest-other on 2012-09-11 17:28:39
slave: talos-r4-lion-047

TEST-UNEXPECTED-FAIL | chrome://mochitests/content/browser/browser/components/privatebrowsing/test/browser/browser_privatebrowsing_cookieacceptdialog.js | an unexpected uncaught JS exception reported through window.onerror - NS_ERROR_FAILURE: Failure at chrome://browser/content/browser.js:6722
TEST-UNEXPECTED-FAIL | chrome://mochitests/content/browser/browser/components/privatebrowsing/test/browser/browser_privatebrowsing_cookieacceptdialog.js | an unexpected uncaught JS exception reported through window.onerror - NS_ERROR_FAILURE: Failure at chrome://browser/content/browser.js:6722
philor
https://tbpl.mozilla.org/php/getParsedLog.php?id=15149094&tree=Mozilla-Inbound
Rev5 MacOSX Mountain Lion 10.8 mozilla-inbound debug test mochitest-other on 2012-09-11 18:45:15
slave: talos-mtnlion-r5-021

TEST-UNEXPECTED-FAIL | chrome://mochitests/content/browser/browser/base/content/test/browser_overflowScroll.js | an unexpected uncaught JS exception reported through window.onerror - TypeError: aTab.linkedBrowser is null at chrome://browser/content/browser.js:4587
TEST-UNEXPECTED-FAIL | chrome://mochitests/content/browser/browser/components/privatebrowsing/test/browser/browser_privatebrowsing_cookieacceptdialog.js | an unexpected uncaught JS exception reported through window.onerror - NS_ERROR_FAILURE: Failure at chrome://browser/content/browser.js:6722
philor
https://tbpl.mozilla.org/php/getParsedLog.php?id=15149323&tree=Mozilla-Inbound
Rev4 MacOSX Snow Leopard 10.6 mozilla-inbound debug test mochitest-other on 2012-09-11 18:43:48
slave: talos-r4-snow-061

TEST-UNEXPECTED-FAIL | chrome://mochitests/content/browser/browser/components/privatebrowsing/test/browser/browser_privatebrowsing_cookieacceptdialog.js | an unexpected uncaught JS exception reported through window.onerror - NS_ERROR_FAILURE: Failure at chrome://browser/content/browser.js:6722
TEST-UNEXPECTED-FAIL | chrome://mochitests/content/browser/browser/components/privatebrowsing/test/browser/browser_privatebrowsing_cookieacceptdialog.js | an unexpected uncaught JS exception reported through window.onerror - NS_ERROR_FAILURE: Failure at chrome://browser/content/browser.js:6722
philor
https://tbpl.mozilla.org/php/getParsedLog.php?id=15151127&tree=Mozilla-Inbound
Rev5 MacOSX Mountain Lion 10.8 mozilla-inbound opt test mochitest-other on 2012-09-11 21:27:29
slave: talos-mtnlion-r5-022

TEST-UNEXPECTED-FAIL | chrome://mochitests/content/browser/browser/components/privatebrowsing/test/browser/browser_privatebrowsing_cookieacceptdialog.js | an unexpected uncaught JS exception reported through window.onerror - NS_ERROR_FAILURE: Failure at chrome://browser/content/browser.js:6722
philor
https://tbpl.mozilla.org/php/getParsedLog.php?id=15151164&tree=Mozilla-Inbound
Rev4 MacOSX Snow Leopard 10.6 mozilla-inbound opt test mochitest-other on 2012-09-11 21:26:17
slave: talos-r4-snow-018

TEST-UNEXPECTED-FAIL | chrome://mochitests/content/browser/browser/components/privatebrowsing/test/browser/browser_privatebrowsing_cookieacceptdialog.js | an unexpected uncaught JS exception reported through window.onerror - NS_ERROR_FAILURE: Failure at chrome://browser/content/browser.js:6722
philor
https://tbpl.mozilla.org/php/getParsedLog.php?id=15152370&tree=Mozilla-Inbound
Rev4 MacOSX Snow Leopard 10.6 mozilla-inbound debug test mochitest-other on 2012-09-11 22:04:19
slave: talos-r4-snow-037

TEST-UNEXPECTED-FAIL | chrome://mochitests/content/browser/browser/components/privatebrowsing/test/browser/browser_privatebrowsing_cookieacceptdialog.js | an unexpected uncaught JS exception reported through window.onerror - NS_ERROR_FAILURE: Failure at chrome://browser/content/browser.js:6722
TEST-UNEXPECTED-FAIL | chrome://mochitests/content/browser/browser/components/privatebrowsing/test/browser/browser_privatebrowsing_cookieacceptdialog.js | an unexpected uncaught JS exception reported through window.onerror - NS_ERROR_FAILURE: Failure at chrome://browser/content/browser.js:6722
philor
https://tbpl.mozilla.org/php/getParsedLog.php?id=15152476&tree=Mozilla-Inbound
Rev4 MacOSX Lion 10.7 mozilla-inbound debug test mochitest-other on 2012-09-11 22:05:17
slave: talos-r4-lion-044

TEST-UNEXPECTED-FAIL | chrome://mochitests/content/browser/browser/components/privatebrowsing/test/browser/browser_privatebrowsing_cookieacceptdialog.js | an unexpected uncaught JS exception reported through window.onerror - NS_ERROR_FAILURE: Failure at chrome://browser/content/browser.js:6722
TEST-UNEXPECTED-FAIL | chrome://mochitests/content/browser/browser/components/privatebrowsing/test/browser/browser_privatebrowsing_cookieacceptdialog.js | an unexpected uncaught JS exception reported through window.onerror - NS_ERROR_FAILURE: Failure at chrome://browser/content/browser.js:6722
Created attachment 660352
patch

See bug 784792 comment 12 and bug 786940 comment 3.
https://hg.mozilla.org/integration/mozilla-inbound/rev/cb4045ed8776
past
https://tbpl.mozilla.org/php/getParsedLog.php?id=15161260&tree=Fx-Team
Rev5 MacOSX Mountain Lion 10.8 fx-team debug test mochitest-other on 2012-09-12 06:12:29
slave: talos-mtnlion-r5-049

TEST-UNEXPECTED-FAIL | chrome://mochitests/content/browser/browser/components/privatebrowsing/test/browser/browser_privatebrowsing_cookieacceptdialog.js | an unexpected uncaught JS exception reported through window.onerror - NS_ERROR_FAILURE: Failure at chrome://browser/content/browser.js:6722
philor
https://tbpl.mozilla.org/php/getParsedLog.php?id=15160099&tree=Mozilla-Aurora
Rev4 MacOSX Lion 10.7 mozilla-aurora opt test mochitest-other on 2012-09-12 05:32:20
slave: talos-r4-lion-015

TEST-UNEXPECTED-FAIL | chrome://mochitests/content/browser/browser/components/privatebrowsing/test/browser/browser_privatebrowsing_cookieacceptdialog.js | an unexpected uncaught JS exception reported through window.onerror - NS_ERROR_FAILURE: Failure at chrome://browser/content/browser.js:6708
TEST-UNEXPECTED-FAIL | chrome://mochitests/content/browser/browser/components/privatebrowsing/test/browser/browser_privatebrowsing_cookieacceptdialog.js | an unexpected uncaught JS exception reported through window.onerror - NS_ERROR_FAILURE: Failure at chrome://browser/content/browser.js:6708
https://hg.mozilla.org/mozilla-central/rev/cb4045ed8776
philor
https://tbpl.mozilla.org/php/getParsedLog.php?id=15175180&tree=Mozilla-Aurora
Rev4 MacOSX Lion 10.7 mozilla-aurora opt test mochitest-other on 2012-09-12 16:44:19
slave: talos-r4-lion-043

TEST-UNEXPECTED-FAIL | chrome://mochitests/content/browser/browser/components/privatebrowsing/test/browser/browser_privatebrowsing_cookieacceptdialog.js | an unexpected uncaught JS exception reported through window.onerror - NS_ERROR_FAILURE: Failure at chrome://browser/content/browser.js:6708
TEST-UNEXPECTED-FAIL | chrome://mochitests/content/browser/browser/components/privatebrowsing/test/browser/browser_privatebrowsing_cookieacceptdialog.js | an unexpected uncaught JS exception reported through window.onerror - NS_ERROR_FAILURE: Failure at chrome://browser/content/browser.js:6708
philor
https://tbpl.mozilla.org/php/getParsedLog.php?id=15177197&tree=Mozilla-Aurora
Rev3 WINNT 6.1 mozilla-aurora debug test mochitest-other on 2012-09-12 17:10:20
slave: talos-r3-w7-054

TEST-UNEXPECTED-FAIL | chrome://mochitests/content/browser/browser/components/privatebrowsing/test/browser/browser_privatebrowsing_cookieacceptdialog.js | an unexpected uncaught JS exception reported through window.onerror - NS_ERROR_FAILURE: Failure at chrome://browser/content/browser.js:6674
TEST-UNEXPECTED-FAIL | chrome://mochitests/content/browser/browser/components/privatebrowsing/test/browser/browser_privatebrowsing_cookieacceptdialog.js | an unexpected uncaught JS exception reported through window.onerror - NS_ERROR_FAILURE: Failure at chrome://browser/content/browser.js:6674
mbrubeck
https://tbpl.mozilla.org/php/getParsedLog.php?id=15200760&tree=Mozilla-Aurora
Rev4 MacOSX Lion 10.7 mozilla-aurora opt test mochitest-other on 2012-09-13 14:39:32
slave: talos-r4-lion-019

TEST-UNEXPECTED-FAIL | chrome://mochitests/content/browser/browser/components/privatebrowsing/test/browser/browser_privatebrowsing_cookieacceptdialog.js | an unexpected uncaught JS exception reported through window.onerror - NS_ERROR_FAILURE: Failure at chrome://browser/content/browser.js:6708
Could we take the patch to branches too, please.
It might fix Bug 786940.
philor
https://tbpl.mozilla.org/php/getParsedLog.php?id=15254488&tree=Mozilla-Aurora
Rev4 MacOSX Lion 10.7 mozilla-aurora opt test mochitest-other on 2012-09-16 10:03:19
slave: talos-r4-lion-039

TEST-UNEXPECTED-FAIL | chrome://mochitests/content/browser/browser/components/privatebrowsing/test/browser/browser_privatebrowsing_cookieacceptdialog.js | an unexpected uncaught JS exception reported through window.onerror - NS_ERROR_FAILURE: Failure at chrome://browser/content/browser.js:6708
philor
https://tbpl.mozilla.org/php/getParsedLog.php?id=15254780&tree=Mozilla-Aurora
Rev4 MacOSX Snow Leopard 10.6 mozilla-aurora debug test mochitest-other on 2012-09-16 09:51:14
slave: talos-r4-snow-017

TEST-UNEXPECTED-FAIL | chrome://mochitests/content/browser/browser/components/privatebrowsing/test/browser/browser_privatebrowsing_cookieacceptdialog.js | an unexpected uncaught JS exception reported through window.onerror - NS_ERROR_FAILURE: Failure at chrome://browser/content/browser.js:6708
philor
https://tbpl.mozilla.org/php/getParsedLog.php?id=15333861&tree=Mozilla-Aurora
Rev4 MacOSX Lion 10.7 mozilla-aurora opt test mochitest-other on 2012-09-19 01:19:35
slave: talos-r4-lion-006

TEST-UNEXPECTED-FAIL | chrome://mochitests/content/browser/browser/components/privatebrowsing/test/browser/browser_privatebrowsing_cookieacceptdialog.js | an unexpected uncaught JS exception reported through window.onerror - NS_ERROR_FAILURE: Failure at chrome://browser/content/browser.js:6708
TEST-UNEXPECTED-FAIL | chrome://mochitests/content/browser/browser/components/privatebrowsing/test/browser/browser_privatebrowsing_cookieacceptdialog.js | an unexpected uncaught JS exception reported through window.onerror - NS_ERROR_FAILURE: Failure at chrome://browser/content/browser.js:6708
philor
https://tbpl.mozilla.org/php/getParsedLog.php?id=15382341&tree=Mozilla-Aurora
Rev4 MacOSX Lion 10.7 mozilla-aurora opt test mochitest-other on 2012-09-20 09:49:30
slave: talos-r4-lion-052

TEST-UNEXPECTED-FAIL | chrome://mochitests/content/browser/browser/components/privatebrowsing/test/browser/browser_privatebrowsing_cookieacceptdialog.js | an unexpected uncaught JS exception reported through window.onerror - NS_ERROR_FAILURE: Failure at chrome://browser/content/browser.js:6708
philor
https://tbpl.mozilla.org/php/getParsedLog.php?id=15428397&tree=Mozilla-Aurora
Rev4 MacOSX Lion 10.7 mozilla-aurora debug test mochitest-other on 2012-09-21 16:26:09
slave: talos-r4-lion-051

TEST-UNEXPECTED-FAIL | chrome://mochitests/content/browser/browser/components/privatebrowsing/test/browser/browser_privatebrowsing_cookieacceptdialog.js | an unexpected uncaught JS exception reported through window.onerror - NS_ERROR_FAILURE: Failure at chrome://browser/content/browser.js:6708
philor
https://tbpl.mozilla.org/php/getParsedLog.php?id=15495228&tree=Mozilla-Aurora
Rev4 MacOSX Lion 10.7 mozilla-aurora opt test mochitest-other on 2012-09-24 16:50:39
slave: talos-r4-lion-025

TEST-UNEXPECTED-FAIL | chrome://mochitests/content/browser/browser/components/privatebrowsing/test/browser/browser_privatebrowsing_cookieacceptdialog.js | an unexpected uncaught JS exception reported through window.onerror - NS_ERROR_FAILURE: Failure at chrome://browser/content/browser.js:6708
philor
https://tbpl.mozilla.org/php/getParsedLog.php?id=15660807&tree=Mozilla-Aurora
Rev4 MacOSX Snow Leopard 10.6 mozilla-aurora opt test mochitest-other on 2012-09-29 03:38:51
slave: talos-r4-snow-046

TEST-UNEXPECTED-FAIL | chrome://mochitests/content/browser/browser/components/privatebrowsing/test/browser/browser_privatebrowsing_cookieacceptdialog.js | an unexpected uncaught JS exception reported through window.onerror - NS_ERROR_FAILURE: Failure at chrome://browser/content/browser.js:6713
TEST-UNEXPECTED-FAIL | chrome://mochitests/content/browser/browser/components/privatebrowsing/test/browser/browser_privatebrowsing_cookieacceptdialog.js | an unexpected uncaught JS exception reported through window.onerror - NS_ERROR_FAILURE: Failure at chrome://browser/content/browser.js:6713
*** Bug 777571 has been marked as a duplicate of this bug. ***
philor
https://tbpl.mozilla.org/php/getParsedLog.php?id=15727623&tree=Mozilla-Aurora
Rev4 MacOSX Lion 10.7 mozilla-aurora opt test mochitest-other on 2012-10-01 21:52:10
slave: talos-r4-lion-008

TEST-UNEXPECTED-FAIL | chrome://mochitests/content/browser/browser/components/privatebrowsing/test/browser/browser_privatebrowsing_cookieacceptdialog.js | an unexpected uncaught JS exception reported through window.onerror - NS_ERROR_FAILURE: Failure at chrome://browser/content/browser.js:6713
90 ERROR TEST-UNEXPECTED-FAIL | /tests/dom/plugins/test/test_defaultValue.html | finished in a non-clean fashion (in /tests/dom/plugins/test/test_crashing.html)
*** Bug 789915 has been marked as a duplicate of this bug. ***
philor
https://tbpl.mozilla.org/php/getParsedLog.php?id=15906332&tree=Mozilla-Aurora
Rev4 MacOSX Lion 10.7 mozilla-aurora opt test mochitest-other on 2012-10-07 19:24:58
slave: talos-r4-lion-029

TEST-UNEXPECTED-FAIL | chrome://mochitests/content/browser/browser/components/privatebrowsing/test/browser/browser_privatebrowsing_cookieacceptdialog.js | an unexpected uncaught JS exception reported through window.onerror - NS_ERROR_FAILURE: Failure at chrome://browser/content/browser.js:7058
gavin
https://tbpl.mozilla.org/php/getParsedLog.php?id=15919330&tree=Mozilla-Aurora
Rev3 WINNT 5.1 mozilla-aurora pgo test mochitest-other on 2012-10-08 03:58:13
slave: talos-r3-xp-012

TEST-UNEXPECTED-FAIL | chrome://mochitests/content/browser/browser/components/privatebrowsing/test/browser/browser_privatebrowsing_cookieacceptdialog.js | an unexpected uncaught JS exception reported through window.onerror - NS_ERROR_FAILURE: Failure at chrome://browser/content/browser.js:7024
philor
https://tbpl.mozilla.org/php/getParsedLog.php?id=16011169&tree=Mozilla-Beta
Rev4 MacOSX Snow Leopard 10.6 mozilla-beta debug test mochitest-other on 2012-10-11 04:03:30
slave: talos-r4-snow-060

TEST-UNEXPECTED-FAIL | chrome://mochitests/content/browser/browser/components/privatebrowsing/test/browser/browser_privatebrowsing_cookieacceptdialog.js | an unexpected uncaught JS exception reported through window.onerror - NS_ERROR_FAILURE: Failure at chrome://browser/content/browser.js:7104
TEST-UNEXPECTED-FAIL | chrome://mochitests/content/browser/browser/components/privatebrowsing/test/browser/browser_privatebrowsing_cookieacceptdialog.js | an unexpected uncaught JS exception reported through window.onerror - NS_ERROR_FAILURE: Failure at chrome://browser/content/browser.js:7104
philor
https://tbpl.mozilla.org/php/getParsedLog.php?id=16008992&tree=Mozilla-Beta
Rev3 Fedora 12x64 mozilla-beta debug test mochitest-other on 2012-10-11 02:15:34
slave: talos-r3-fed64-017

TEST-UNEXPECTED-FAIL | chrome://mochitests/content/browser/browser/base/content/test/browser_homeDrop.js | an unexpected uncaught JS exception reported through window.onerror - NS_ERROR_FAILURE: Failure at chrome://browser/content/browser.js:7054
edmorley
https://tbpl.mozilla.org/php/getParsedLog.php?id=16025567&tree=Mozilla-Beta
Rev4 MacOSX Snow Leopard 10.6 mozilla-beta opt test mochitest-other on 2012-10-11 14:22:15
slave: talos-r4-snow-025

TEST-UNEXPECTED-FAIL | chrome://mochitests/content/browser/browser/components/privatebrowsing/test/browser/browser_privatebrowsing_cookieacceptdialog.js | an unexpected uncaught JS exception reported through window.onerror - NS_ERROR_FAILURE: Failure at chrome://browser/content/browser.js:7104
dao
https://tbpl.mozilla.org/php/getParsedLog.php?id=16072266&tree=Mozilla-Beta
Rev3 Fedora 12x64 mozilla-beta pgo test mochitest-other on 2012-10-12 20:48:28
slave: talos-r3-fed64-063

TEST-UNEXPECTED-FAIL | chrome://mochitests/content/browser/browser/base/content/test/browser_homeDrop.js | an unexpected uncaught JS exception reported through window.onerror - NS_ERROR_FAILURE: Failure at chrome://browser/content/browser.js:7054
https://hg.mozilla.org/releases/mozilla-beta/rev/100d3fb0ca0d
(In reply to Ed Morley [:edmorley UTC+1] from comment #193)
> https://hg.mozilla.org/releases/mozilla-beta/rev/100d3fb0ca0d

This isn't test-only. Please get this approved or backed out.
(In reply to Do Gottwald [:dao] from comment #194)
> (In reply to Ed Morley [:edmorley UTC+1] from comment #193)
> > https://hg.mozilla.org/releases/mozilla-beta/rev/100d3fb0ca0d
> 
> This isn't test-only. Please get this approved or backed out.

Bah sorry I went through the patch queue vetting them all, missed that.
Backout:
https://hg.mozilla.org/releases/mozilla-beta/rev/560475ed1f92
philor
https://tbpl.mozilla.org/php/getParsedLog.php?id=16147164&tree=Mozilla-Beta
Rev4 MacOSX Lion 10.7 mozilla-beta opt test mochitest-other on 2012-10-15 23:35:41
slave: talos-r4-lion-033

TEST-UNEXPECTED-FAIL | chrome://mochitests/content/browser/browser/components/privatebrowsing/test/browser/browser_privatebrowsing_cookieacceptdialog.js | an unexpected uncaught JS exception reported through window.onerror - NS_ERROR_FAILURE: Failure at chrome://browser/content/browser.js:7133
gavin
https://tbpl.mozilla.org/php/getParsedLog.php?id=16147164&tree=Mozilla-Beta
Rev4 MacOSX Lion 10.7 mozilla-beta opt test mochitest-other on 2012-10-15 23:35:41
slave: talos-r4-lion-033

TEST-UNEXPECTED-FAIL | chrome://mochitests/content/browser/browser/components/privatebrowsing/test/browser/browser_privatebrowsing_cookieacceptdialog.js | an unexpected uncaught JS exception reported through window.onerror - NS_ERROR_FAILURE: Failure at chrome://browser/content/browser.js:7133
philor
https://tbpl.mozilla.org/php/getParsedLog.php?id=16498605&tree=Mozilla-Beta
Rev4 MacOSX Snow Leopard 10.6 mozilla-beta opt test mochitest-browser-chrome on 2012-10-26 12:31:03
slave: talos-r4-snow-045

TEST-UNEXPECTED-FAIL | chrome://mochitests/content/browser/browser/components/privatebrowsing/test/browser/browser_privatebrowsing_cookieacceptdialog.js | an unexpected uncaught JS exception reported through window.onerror - NS_ERROR_FAILURE: Failure at chrome://browser/content/browser.js:7193
philor
https://tbpl.mozilla.org/php/getParsedLog.php?id=16568150&tree=Mozilla-Beta
Rev4 MacOSX Snow Leopard 10.6 mozilla-beta opt test mochitest-browser-chrome on 2012-10-29 17:28:55
slave: talos-r4-snow-066

TEST-UNEXPECTED-FAIL | chrome://mochitests/content/browser/browser/components/privatebrowsing/test/browser/browser_privatebrowsing_cookieacceptdialog.js | an unexpected uncaught JS exception reported through window.onerror - NS_ERROR_FAILURE: Failure at chrome://browser/content/browser.js:7207
edmorley
https://tbpl.mozilla.org/php/getParsedLog.php?id=16955422&tree=Mozilla-Beta
Rev3 Fedora 12x64 mozilla-beta pgo test mochitest-browser-chrome on 2012-11-12 04:57:00
slave: talos-r3-fed64-064

TEST-UNEXPECTED-FAIL | chrome://mochitests/content/browser/browser/base/content/test/browser_homeDrop.js | an unexpected uncaught JS exception reported through window.onerror - NS_ERROR_FAILURE: Failure at chrome://browser/content/browser.js:7236
philor
https://tbpl.mozilla.org/php/getParsedLog.php?id=17047267&tree=Mozilla-Esr17
Rev4 MacOSX Snow Leopard 10.6 mozilla-esr17 opt test mochitest-browser-chrome on 2012-11-14 16:45:59
slave: talos-r4-snow-084

TEST-UNEXPECTED-FAIL | chrome://mochitests/content/browser/browser/components/privatebrowsing/test/browser/browser_privatebrowsing_cookieacceptdialog.js | an unexpected uncaught JS exception reported through window.onerror - NS_ERROR_FAILURE: Failure at chrome://browser/content/browser.js:7286
philor
https://tbpl.mozilla.org/php/getParsedLog.php?id=17048923&tree=Mozilla-Esr17
Rev3 Fedora 12x64 mozilla-esr17 pgo test mochitest-browser-chrome on 2012-11-14 17:34:12
slave: talos-r3-fed64-019

TEST-UNEXPECTED-FAIL | chrome://mochitests/content/browser/browser/base/content/test/browser_bug477014.js | an unexpected uncaught JS exception reported through window.onerror - NS_ERROR_FAILURE: Failure at chrome://browser/content/browser.js:7236
philor
https://tbpl.mozilla.org/php/getParsedLog.php?id=17205779&tree=Mozilla-Esr17
Rev4 MacOSX Lion 10.7 mozilla-esr17 opt test mochitest-browser-chrome on 2012-11-20 04:48:58
slave: talos-r4-lion-027

TEST-UNEXPECTED-FAIL | chrome://mochitests/content/browser/browser/components/privatebrowsing/test/browser/browser_privatebrowsing_cookieacceptdialog.js | an unexpected uncaught JS exception reported through window.onerror - NS_ERROR_FAILURE: Failure at chrome://browser/content/browser.js:7286
ehsan
https://tbpl.mozilla.org/php/getParsedLog.php?id=17389438&tree=Mozilla-Release
Rev4 MacOSX Lion 10.7 mozilla-release opt test mochitest-browser-chrome on 2012-11-27 16:17:33
slave: talos-r4-lion-031

TEST-UNEXPECTED-FAIL | chrome://mochitests/content/browser/browser/components/privatebrowsing/test/browser/browser_privatebrowsing_cookieacceptdialog.js | an unexpected uncaught JS exception reported through window.onerror - NS_ERROR_FAILURE: Failure at chrome://browser/content/browser.js:7286
RyanVM
https://tbpl.mozilla.org/php/getParsedLog.php?id=17616518&tree=Mozilla-Esr17
Rev4 MacOSX Snow Leopard 10.6 mozilla-esr17 debug test mochitest-browser-chrome on 2012-12-04 19:23:54
slave: talos-r4-snow-019

TEST-UNEXPECTED-FAIL | chrome://mochitests/content/browser/browser/components/privatebrowsing/test/browser/browser_privatebrowsing_cookieacceptdialog.js | an unexpected uncaught JS exception reported through window.onerror - NS_ERROR_FAILURE: Failure at chrome://browser/content/browser.js:7326
RyanVM
https://tbpl.mozilla.org/php/getParsedLog.php?id=17844771&tree=Mozilla-Esr17
Rev4 MacOSX Snow Leopard 10.6 mozilla-esr17 opt test mochitest-browser-chrome on 2012-12-11 17:31:48
slave: talos-r4-snow-072

TEST-UNEXPECTED-FAIL | chrome://mochitests/content/browser/browser/components/privatebrowsing/test/browser/browser_privatebrowsing_cookieacceptdialog.js | an unexpected uncaught JS exception reported through window.onerror - NS_ERROR_FAILURE: Failure at chrome://browser/content/browser.js:7326
RyanVM
https://tbpl.mozilla.org/php/getParsedLog.php?id=18109539&tree=Mozilla-Esr17
Rev3 WINNT 5.1 mozilla-esr17 pgo test mochitest-browser-chrome on 2012-12-19 16:15:48
slave: talos-r3-xp-005

TEST-UNEXPECTED-FAIL | chrome://mochitests/content/browser/browser/components/privatebrowsing/test/browser/browser_privatebrowsing_cookieacceptdialog.js | uncaught exception - NS_ERROR_FAILURE: Failure at chrome://browser/content/browser.js:7292
philor
https://tbpl.mozilla.org/php/getParsedLog.php?id=18134798&tree=Mozilla-Esr17
Rev4 MacOSX Lion 10.7 mozilla-esr17 opt test mochitest-browser-chrome on 2012-12-20 10:42:36
slave: talos-r4-lion-029

TEST-UNEXPECTED-FAIL | chrome://mochitests/content/browser/browser/components/privatebrowsing/test/browser/browser_privatebrowsing_cookieacceptdialog.js | uncaught exception - NS_ERROR_FAILURE: Failure at chrome://browser/content/browser.js:7326
philor
https://tbpl.mozilla.org/php/getParsedLog.php?id=18139168&tree=Mozilla-Esr17
Rev3 WINNT 5.1 mozilla-esr17 pgo test mochitest-browser-chrome on 2012-12-20 13:04:40
slave: talos-r3-xp-067

TEST-UNEXPECTED-FAIL | chrome://mochitests/content/browser/browser/components/privatebrowsing/test/browser/browser_privatebrowsing_cookieacceptdialog.js | uncaught exception - NS_ERROR_FAILURE: Failure at chrome://browser/content/browser.js:7292
philor
https://tbpl.mozilla.org/php/getParsedLog.php?id=19488618&tree=Mozilla-Esr17
Rev5 MacOSX Mountain Lion 10.8 mozilla-esr17 opt test mochitest-browser-chrome on 2013-02-06 04:21:15
slave: talos-mtnlion-r5-020

TEST-UNEXPECTED-FAIL | chrome://mochitests/content/browser/browser/components/privatebrowsing/test/browser/browser_privatebrowsing_cookieacceptdialog.js | uncaught exception - NS_ERROR_FAILURE: Failure at chrome://browser/content/browser.js:7380
TEST-UNEXPECTED-FAIL | chrome://mochitests/content/browser/browser/components/privatebrowsing/test/browser/browser_privatebrowsing_cookieacceptdialog.js | uncaught exception - NS_ERROR_FAILURE: Failure at chrome://browser/content/browser.js:7380
edmorley
https://tbpl.mozilla.org/php/getParsedLog.php?id=19564736&tree=Mozilla-Esr17
Rev4 MacOSX Snow Leopard 10.6 mozilla-esr17 opt test mochitest-browser-chrome on 2013-02-08 02:29:32
slave: talos-r4-snow-059

TEST-UNEXPECTED-FAIL | chrome://mochitests/content/browser/browser/base/content/test/browser_homeDrop.js | uncaught exception - NS_ERROR_FAILURE: Failure at chrome://browser/content/browser.js:7380
RyanVM
https://tbpl.mozilla.org/php/getParsedLog.php?id=19571176&tree=Mozilla-Esr17
Rev3 WINNT 5.1 mozilla-esr17 pgo test mochitest-browser-chrome on 2013-02-08 05:57:51
slave: talos-r3-xp-074

TEST-UNEXPECTED-FAIL | chrome://mochitests/content/browser/browser/components/privatebrowsing/test/browser/browser_privatebrowsing_cookieacceptdialog.js | uncaught exception - NS_ERROR_FAILURE: Failure at chrome://browser/content/browser.js:7346
TEST-UNEXPECTED-FAIL | chrome://mochitests/content/browser/browser/components/privatebrowsing/test/browser/browser_privatebrowsing_cookieacceptdialog.js | uncaught exception - NS_ERROR_FAILURE: Failure at chrome://browser/content/browser.js:7346
RyanVM
https://tbpl.mozilla.org/php/getParsedLog.php?id=19715961&tree=Mozilla-Esr17
Rev4 MacOSX Snow Leopard 10.6 mozilla-esr17 opt test mochitest-browser-chrome on 2013-02-13 15:14:09
slave: talos-r4-snow-023

TEST-UNEXPECTED-FAIL | chrome://mochitests/content/browser/browser/components/privatebrowsing/test/browser/browser_privatebrowsing_cookieacceptdialog.js | uncaught exception - NS_ERROR_FAILURE: Failure at chrome://browser/content/browser.js:7380
RyanVM
https://tbpl.mozilla.org/php/getParsedLog.php?id=20253106&tree=Mozilla-Esr17
Rev4 MacOSX Snow Leopard 10.6 mozilla-esr17 opt test mochitest-browser-chrome on 2013-03-02 04:52:11
slave: talos-r4-snow-028

TEST-UNEXPECTED-FAIL | chrome://mochitests/content/browser/browser/base/content/test/browser_homeDrop.js | uncaught exception - NS_ERROR_FAILURE: Failure at chrome://browser/content/browser.js:7380
philor
https://tbpl.mozilla.org/php/getParsedLog.php?id=20307862&tree=Mozilla-Esr17
Rev4 MacOSX Snow Leopard 10.6 mozilla-esr17 opt test mochitest-browser-chrome on 2013-03-04 12:18:50
slave: talos-r4-snow-063

TEST-UNEXPECTED-FAIL | chrome://mochitests/content/browser/browser/components/privatebrowsing/test/browser/browser_privatebrowsing_cookieacceptdialog.js | uncaught exception - NS_ERROR_FAILURE: Failure at chrome://browser/content/browser.js:7380
TEST-UNEXPECTED-FAIL | chrome://mochitests/content/browser/browser/components/privatebrowsing/test/browser/browser_privatebrowsing_cookieacceptdialog.js | uncaught exception - NS_ERROR_FAILURE: Failure at chrome://browser/content/browser.js:7380
philor
https://tbpl.mozilla.org/php/getParsedLog.php?id=21771137&tree=Mozilla-Esr17
Rev4 MacOSX Lion 10.7 mozilla-esr17 opt test mochitest-browser-chrome on 2013-04-12 21:34:23
slave: talos-r4-lion-019

TEST-UNEXPECTED-FAIL | chrome://mochitests/content/browser/browser/base/content/test/browser_homeDrop.js | uncaught exception - NS_ERROR_FAILURE: Failure at chrome://browser/content/browser.js:7380
TEST-UNEXPECTED-FAIL | chrome://mochitests/content/browser/browser/components/privatebrowsing/test/browser/browser_privatebrowsing_cookieacceptdialog.js | uncaught exception - NS_ERROR_FAILURE: Failure at chrome://browser/content/browser.js:7380
TEST-UNEXPECTED-FAIL | chrome://mochitests/content/browser/browser/components/privatebrowsing/test/browser/browser_privatebrowsing_cookieacceptdialog.js | uncaught exception - NS_ERROR_FAILURE: Failure at chrome://browser/content/browser.js:7380
RyanVM
https://tbpl.mozilla.org/php/getParsedLog.php?id=23205963&tree=Mozilla-Esr17
Rev3 WINNT 5.1 mozilla-esr17 pgo test mochitest-browser-chrome on 2013-05-21 07:29:48
slave: talos-r3-xp-012

TEST-UNEXPECTED-FAIL | chrome://mochitests/content/browser/browser/components/privatebrowsing/test/browser/browser_privatebrowsing_cookieacceptdialog.js | uncaught exception - NS_ERROR_FAILURE: Failure at chrome://browser/content/browser.js:7346
philor
https://tbpl.mozilla.org/php/getParsedLog.php?id=24745146&tree=Mozilla-Esr17
Rev3 WINNT 5.1 mozilla-esr17 pgo test mochitest-browser-chrome on 2013-06-29 06:50:50
revision: e3ece209dc62
slave: talos-r3-xp-115

TEST-UNEXPECTED-FAIL | chrome://mochitests/content/browser/browser/components/privatebrowsing/test/browser/browser_privatebrowsing_cookieacceptdialog.js | uncaught exception - NS_ERROR_FAILURE: Failure at chrome://browser/content/browser.js:7346
TEST-UNEXPECTED-FAIL | chrome://mochitests/content/browser/browser/components/sessionstore/test/browser_461743.js | Test timed out
TEST-UNEXPECTED-FAIL | chrome://mochitests/content/browser/browser/components/sessionstore/test/browser_461743.js | Found a tab after previous test timed out: http://mochi.test:8888/browser/browser/components/sessionstore/test/browser_461743_sample.html
TEST-UNEXPECTED-FAIL | chrome://mochitests/content/browser/browser/components/sessionstore/test/browser_461743.js | Found a tab after previous test timed out: http://mochi.test:8888/browser/browser/components/sessionstore/test/browser_461743_sample.html
philor
https://tbpl.mozilla.org/php/getParsedLog.php?id=27618190&tree=Mozilla-Esr17
Rev3 Fedora 12x64 mozilla-esr17 pgo test mochitest-browser-chrome on 2013-09-09 21:56:00
revision: 033b299726dd
slave: talos-r3-fed64-043

TEST-UNEXPECTED-FAIL | chrome://mochitests/content/browser/browser/base/content/test/browser_homeDrop.js | uncaught exception - NS_ERROR_FAILURE: Failure at chrome://browser/content/browser.js:7330


Intermittent browser_bug491431.js browser_privatebrowsing_windowtitle.js browser_bug565575.js browser_privatebrowsing_cookieacceptdialog.js browser_homeDrop.js browser_bug477014.js | NS_ERROR_FAILURE: Failure at chrome://browser/content/browser.js:6369

intermittent-failure

Bug 780594: do the event.target check for pageShowEventHandlers before setting a timeout, r=dao 