Rev4 MacOSX Snow Leopard 10.6 mozilla-inbound debug test mochitest-browser-chrome-2 on 2014-09-11 22:35:00 PDT for push b252971fb544

slave: t-snow-r4-0082

https://tbpl.mozilla.org/php/getParsedLog.php?id=47944505&tree=Mozilla-Inbound



123 INFO TEST-UNEXPECTED-FAIL | chrome://mochitests/content/browser/docshell/test/browser/browser_timelineMarkers-02.js | markers includes Paint -

Rev4 MacOSX Snow Leopard 10.6 mozilla-inbound debug test mochitest-browser-chrome-2 on 2014-09-11 22:35:00 PDT for push b252971fb544

slave: t-snow-r4-0082

https://tbpl.mozilla.org/php/getParsedLog.php?id=47944505&tree=Mozilla-Inbound



123 INFO TEST-UNEXPECTED-FAIL | chrome://mochitests/content/browser/docshell/test/browser/browser_timelineMarkers-02.js | markers includes Paint -
Tomcat
https://tbpl.mozilla.org/php/getParsedLog.php?id=47971254&tree=Fx-Team
WINNT 6.2 fx-team debug test mochitest-browser-chrome-2 on 2014-09-12 06:40:54
revision: 3932a0c7f8e5
slave: t-w864-ix-030

126 INFO TEST-UNEXPECTED-FAIL | chrome://mochitests/content/browser/docshell/test/browser/browser_timelineMarkers-02.js | markers includes Paint -
135 INFO TEST-UNEXPECTED-FAIL | chrome://mochitests/content/browser/docshell/test/browser/browser_timelineMarkers-02.js | markers doesn't include Paint -
Return code: 1
philor
https://tbpl.mozilla.org/php/getParsedLog.php?id=48000507&tree=Mozilla-Inbound
Windows 7 32-bit mozilla-inbound debug test mochitest-browser-chrome-2 on 2014-09-12 13:46:34
revision: 92bed1b7dcc3
slave: t-w732-ix-033

126 INFO TEST-UNEXPECTED-FAIL | chrome://mochitests/content/browser/docshell/test/browser/browser_timelineMarkers-02.js | markers includes Paint -
135 INFO TEST-UNEXPECTED-FAIL | chrome://mochitests/content/browser/docshell/test/browser/browser_timelineMarkers-02.js | markers doesn't include Paint -
Return code: 1
Tomcat
https://tbpl.mozilla.org/php/getParsedLog.php?id=48072206&tree=Mozilla-Inbound
Windows 7 32-bit mozilla-inbound debug test mochitest-browser-chrome-2 on 2014-09-14 22:55:38
revision: 2fd653e4e5da
slave: t-w732-ix-110

126 INFO TEST-UNEXPECTED-FAIL | chrome://mochitests/content/browser/docshell/test/browser/browser_timelineMarkers-02.js | markers includes Paint -
Return code: 1
Tomcat
https://tbpl.mozilla.org/php/getParsedLog.php?id=48077676&tree=Mozilla-Inbound
Rev4 MacOSX Snow Leopard 10.6 mozilla-inbound debug test mochitest-browser-chrome-2 on 2014-09-15 01:01:03
revision: 2a7fe756a652
slave: t-snow-r4-0071

115 INFO TEST-UNEXPECTED-FAIL | chrome://mochitests/content/browser/docshell/test/browser/browser_timelineMarkers-02.js | markers includes Restyle -
Tomcat
https://tbpl.mozilla.org/php/getParsedLog.php?id=48175174&tree=Mozilla-Inbound
Ubuntu VM 12.04 mozilla-inbound opt test mochitest-e10s-browser-chrome-2 on 2014-09-16 02:12:37
revision: f4600dbbe4ed
slave: tst-linux32-spot-261

115 INFO TEST-UNEXPECTED-FAIL | chrome://mochitests/content/browser/docshell/test/browser/browser_timelineMarkers-02.js | Test timed out - expected PASS
117 INFO TEST-UNEXPECTED-FAIL | chrome://mochitests/content/browser/docshell/test/browser/browser_timelineMarkers-02.js | Found a tab after previous test timed out: data:text/html;charset=utf8,%3C!DOCTYPE%20html%3E%3Cstyle%3Ediv%20%7Bwidth%3A100px%3Bheight%3A100px%3Bbackground%3Ared%3B%7D%20.resize-change-color%20%7Bwidth%3A50px%3Bheight%3A50px%3Bbackground%3Ablue%3B%7D%20.change-color%20%7Bwidth%3A50px%3Bheight%3A50px%3Bbackground%3Ayellow%3B%7D%20.add-class%20%7B%7D%3C%2Fstyle%3E%3Cdiv%3E%3C%2... [exceeded max length]
edmorley
https://tbpl.mozilla.org/php/getParsedLog.php?id=48201365&tree=Fx-Team
WINNT 6.2 fx-team debug test mochitest-browser-chrome-2 on 2014-09-16 07:50:26
revision: baa2460daf87
slave: t-w864-ix-005

126 INFO TEST-UNEXPECTED-FAIL | chrome://mochitests/content/browser/docshell/test/browser/browser_timelineMarkers-02.js | markers includes Paint -
135 INFO TEST-UNEXPECTED-FAIL | chrome://mochitests/content/browser/docshell/test/browser/browser_timelineMarkers-02.js | markers doesn't include Paint -
Return code: 1
KWierso
https://tbpl.mozilla.org/php/getParsedLog.php?id=48210426&tree=Fx-Team
Windows 7 32-bit fx-team debug test mochitest-browser-chrome-2 on 2014-09-16 09:47:07
revision: 07d5640694f2
slave: t-w732-ix-085

126 INFO TEST-UNEXPECTED-FAIL | chrome://mochitests/content/browser/docshell/test/browser/browser_timelineMarkers-02.js | markers includes Paint -
135 INFO TEST-UNEXPECTED-FAIL | chrome://mochitests/content/browser/docshell/test/browser/browser_timelineMarkers-02.js | markers doesn't include Paint -
Return code: 1
mccr8
https://tbpl.mozilla.org/php/getParsedLog.php?id=48244865&tree=Try
Windows XP 32-bit try debug test mochitest-browser-chrome-2 on 2014-09-16 18:11:33
revision: 27546760d4a3
slave: t-xp32-ix-015

126 INFO TEST-UNEXPECTED-FAIL | chrome://mochitests/content/browser/docshell/test/browser/browser_timelineMarkers-02.js | markers includes Paint -
135 INFO TEST-UNEXPECTED-FAIL | chrome://mochitests/content/browser/docshell/test/browser/browser_timelineMarkers-02.js | markers doesn't include Paint -
Return code: 1
KWierso
https://tbpl.mozilla.org/php/getParsedLog.php?id=48300965&tree=Mozilla-Inbound
Rev5 MacOSX Mountain Lion 10.8 mozilla-inbound debug test mochitest-browser-chrome-2 on 2014-09-17 11:48:00
revision: 7b3ba487c01b
slave: talos-mtnlion-r5-098

123 INFO TEST-UNEXPECTED-FAIL | chrome://mochitests/content/browser/docshell/test/browser/browser_timelineMarkers-02.js | markers includes Paint -
132 INFO TEST-UNEXPECTED-FAIL | chrome://mochitests/content/browser/docshell/test/browser/browser_timelineMarkers-02.js | markers doesn't include Paint -
RyanVM
https://tbpl.mozilla.org/php/getParsedLog.php?id=48310134&tree=Fx-Team
Ubuntu VM 12.04 fx-team debug test mochitest-browser-chrome-2 on 2014-09-17 13:37:25
revision: 2bebc67aa52c
slave: tst-linux32-spot-213

120 INFO TEST-UNEXPECTED-FAIL | chrome://mochitests/content/browser/docshell/test/browser/browser_timelineMarkers-02.js | markers includes Paint -
130 INFO TEST-UNEXPECTED-FAIL | chrome://mochitests/content/browser/docshell/test/browser/browser_timelineMarkers-02.js | markers doesn't include Paint -
spohl
https://tbpl.mozilla.org/php/getParsedLog.php?id=48385162&tree=Oak
Windows 7 32-bit oak debug test mochitest-browser-chrome-2 on 2014-09-18 08:29:49
revision: 36909206547d
slave: t-w732-ix-095

126 INFO TEST-UNEXPECTED-FAIL | chrome://mochitests/content/browser/docshell/test/browser/browser_timelineMarkers-02.js | markers includes Paint -
135 INFO TEST-UNEXPECTED-FAIL | chrome://mochitests/content/browser/docshell/test/browser/browser_timelineMarkers-02.js | markers doesn't include Paint -
Return code: 1
requests.exceptions.ConnectionError: HTTPSConnectionPool(host='blobupload.elasticbeanstalk.com', port=443): Max retries exceeded with url: /blobs/whitelist (Caused by <class 'socket.gaierror'>: [Errno 11004] getaddrinfo failed)
Return code: 1
jimb
https://tbpl.mozilla.org/php/getParsedLog.php?id=48411718&tree=Try
Windows XP 32-bit try debug test mochitest-browser-chrome-2 on 2014-09-18 15:36:45
revision: 8b1340a4c337
slave: t-xp32-ix-016

126 INFO TEST-UNEXPECTED-FAIL | chrome://mochitests/content/browser/docshell/test/browser/browser_timelineMarkers-02.js | markers includes Paint -
135 INFO TEST-UNEXPECTED-FAIL | chrome://mochitests/content/browser/docshell/test/browser/browser_timelineMarkers-02.js | markers doesn't include Paint -
Return code: 1
RyanVM
https://tbpl.mozilla.org/php/getParsedLog.php?id=48484978&tree=Mozilla-Central
WINNT 6.2 mozilla-central debug test mochitest-browser-chrome-2 on 2014-09-19 12:20:00
revision: a084c4cfd8a1
slave: t-w864-ix-066

128 INFO TEST-UNEXPECTED-FAIL | chrome://mochitests/content/browser/docshell/test/browser/browser_timelineMarkers-02.js | markers includes Paint -
137 INFO TEST-UNEXPECTED-FAIL | chrome://mochitests/content/browser/docshell/test/browser/browser_timelineMarkers-02.js | markers doesn't include Paint -
Return code: 1
KWierso
https://tbpl.mozilla.org/php/getParsedLog.php?id=48506112&tree=Mozilla-Inbound
Rev5 MacOSX Mountain Lion 10.8 mozilla-inbound debug test mochitest-browser-chrome-2 on 2014-09-19 16:12:02
revision: e739ab313ce7
slave: talos-mtnlion-r5-059

126 INFO TEST-UNEXPECTED-FAIL | chrome://mochitests/content/browser/docshell/test/browser/browser_timelineMarkers-02.js | markers includes Paint -
135 INFO TEST-UNEXPECTED-FAIL | chrome://mochitests/content/browser/docshell/test/browser/browser_timelineMarkers-02.js | markers doesn't include Paint -
:nigelb
https://tbpl.mozilla.org/php/getParsedLog.php?id=48556399&tree=Mozilla-Inbound
Windows 7 32-bit mozilla-inbound debug test mochitest-browser-chrome-2 on 2014-09-21 19:03:10
revision: 066ea3755388
slave: t-w732-ix-077

128 INFO TEST-UNEXPECTED-FAIL | chrome://mochitests/content/browser/docshell/test/browser/browser_timelineMarkers-02.js | markers includes Paint -
Return code: 1
Tomcat
https://tbpl.mozilla.org/php/getParsedLog.php?id=48574251&tree=B2g-Inbound
Ubuntu VM 12.04 b2g-inbound debug test mochitest-browser-chrome-2 on 2014-09-22 03:59:57
revision: 7cc47db168dc
slave: tst-linux32-spot-758

113 INFO TEST-UNEXPECTED-FAIL | chrome://mochitests/content/browser/docshell/test/browser/browser_timelineMarkers-02.js | markers includes Paint -
Tomcat
https://tbpl.mozilla.org/php/getParsedLog.php?id=48579866&tree=Mozilla-Central
Windows 7 32-bit mozilla-central debug test mochitest-browser-chrome-2 on 2014-09-22 05:32:08
revision: 5e704397529b
slave: t-w732-ix-094

128 INFO TEST-UNEXPECTED-FAIL | chrome://mochitests/content/browser/docshell/test/browser/browser_timelineMarkers-02.js | markers includes Paint -
Return code: 1
mbrubeck
https://tbpl.mozilla.org/php/getParsedLog.php?id=48607612&tree=Try
WINNT 6.2 try debug test mochitest-browser-chrome-2 on 2014-09-22 12:51:40
revision: e0c537784ed3
slave: t-w864-ix-016

127 INFO TEST-UNEXPECTED-FAIL | chrome://mochitests/content/browser/docshell/test/browser/browser_timelineMarkers-02.js | markers includes Paint -
136 INFO TEST-UNEXPECTED-FAIL | chrome://mochitests/content/browser/docshell/test/browser/browser_timelineMarkers-02.js | markers doesn't include Paint -
Return code: 1
:nigelb
https://tbpl.mozilla.org/php/getParsedLog.php?id=48643427&tree=Fx-Team
Rev5 MacOSX Mountain Lion 10.8 fx-team debug test mochitest-browser-chrome-2 on 2014-09-22 20:02:02
revision: 2127293d9b13
slave: talos-mtnlion-r5-085

125 INFO TEST-UNEXPECTED-FAIL | chrome://mochitests/content/browser/docshell/test/browser/browser_timelineMarkers-02.js | markers includes Paint -
134 INFO TEST-UNEXPECTED-FAIL | chrome://mochitests/content/browser/docshell/test/browser/browser_timelineMarkers-02.js | markers doesn't include Paint -
edmorley
https://tbpl.mozilla.org/php/getParsedLog.php?id=48663134&tree=Mozilla-Inbound
Rev5 MacOSX Mountain Lion 10.8 mozilla-inbound debug test mochitest-browser-chrome-2 on 2014-09-23 02:38:22
revision: 003a7359a668
slave: talos-mtnlion-r5-091

126 INFO TEST-UNEXPECTED-FAIL | chrome://mochitests/content/browser/docshell/test/browser/browser_timelineMarkers-02.js | markers includes Paint -
135 INFO TEST-UNEXPECTED-FAIL | chrome://mochitests/content/browser/docshell/test/browser/browser_timelineMarkers-02.js | markers doesn't include Paint -
RyanVM
https://tbpl.mozilla.org/php/getParsedLog.php?id=48700101&tree=Fx-Team
WINNT 6.2 fx-team debug test mochitest-browser-chrome-2 on 2014-09-23 11:51:14
revision: 9debd2833863
slave: t-w864-ix-074

128 INFO TEST-UNEXPECTED-FAIL | chrome://mochitests/content/browser/docshell/test/browser/browser_timelineMarkers-02.js | markers includes Paint -
Return code: 1
KWierso
https://tbpl.mozilla.org/php/getParsedLog.php?id=48727167&tree=Mozilla-Inbound
Windows XP 32-bit mozilla-inbound debug test mochitest-browser-chrome-2 on 2014-09-23 17:15:35
revision: d62a8389ca0a
slave: t-xp32-ix-113

128 INFO TEST-UNEXPECTED-FAIL | chrome://mochitests/content/browser/docshell/test/browser/browser_timelineMarkers-02.js | markers includes Paint -
Return code: 1
Tomcat
https://tbpl.mozilla.org/php/getParsedLog.php?id=48763789&tree=Mozilla-Inbound
Rev5 MacOSX Mountain Lion 10.8 mozilla-inbound debug test mochitest-browser-chrome-2 on 2014-09-24 03:59:10
revision: 14639e630d21
slave: talos-mtnlion-r5-033

123 INFO TEST-UNEXPECTED-FAIL | chrome://mochitests/content/browser/docshell/test/browser/browser_timelineMarkers-02.js | markers includes Paint -
132 INFO TEST-UNEXPECTED-FAIL | chrome://mochitests/content/browser/docshell/test/browser/browser_timelineMarkers-02.js | markers doesn't include Paint -
joshmoz
https://tbpl.mozilla.org/php/getParsedLog.php?id=48826816&tree=Mozilla-Inbound
Windows XP 32-bit mozilla-inbound debug test mochitest-browser-chrome-2 on 2014-09-24 18:39:59
revision: a6e93c843089
slave: t-xp32-ix-039

127 INFO TEST-UNEXPECTED-FAIL | chrome://mochitests/content/browser/docshell/test/browser/browser_timelineMarkers-02.js | markers includes Paint -
136 INFO TEST-UNEXPECTED-FAIL | chrome://mochitests/content/browser/docshell/test/browser/browser_timelineMarkers-02.js | markers doesn't include Paint -
Return code: 1
philor
https://tbpl.mozilla.org/php/getParsedLog.php?id=48832614&tree=Mozilla-Inbound
Rev5 MacOSX Mountain Lion 10.8 mozilla-inbound debug test mochitest-browser-chrome-2 on 2014-09-24 20:54:30
revision: a07df88f972e
slave: talos-mtnlion-r5-037

125 INFO TEST-UNEXPECTED-FAIL | chrome://mochitests/content/browser/docshell/test/browser/browser_timelineMarkers-02.js | markers includes Paint -
134 INFO TEST-UNEXPECTED-FAIL | chrome://mochitests/content/browser/docshell/test/browser/browser_timelineMarkers-02.js | markers doesn't include Paint -
Tomcat
https://tbpl.mozilla.org/php/getParsedLog.php?id=48846781&tree=Fx-Team
WINNT 6.2 fx-team debug test mochitest-browser-chrome-2 on 2014-09-25 01:29:32
revision: a4c45db3f0a6
slave: t-w864-ix-055

127 INFO TEST-UNEXPECTED-FAIL | chrome://mochitests/content/browser/docshell/test/browser/browser_timelineMarkers-02.js | markers includes Paint -
136 INFO TEST-UNEXPECTED-FAIL | chrome://mochitests/content/browser/docshell/test/browser/browser_timelineMarkers-02.js | markers doesn't include Paint -
Return code: 1
edmorley
https://tbpl.mozilla.org/php/getParsedLog.php?id=48870370&tree=Mozilla-Inbound
Rev5 MacOSX Mountain Lion 10.8 mozilla-inbound debug test mochitest-browser-chrome-2 on 2014-09-25 07:50:02
revision: 9a5ca02006f7
slave: talos-mtnlion-r5-059

125 INFO TEST-UNEXPECTED-FAIL | chrome://mochitests/content/browser/docshell/test/browser/browser_timelineMarkers-02.js | markers includes Paint -
134 INFO TEST-UNEXPECTED-FAIL | chrome://mochitests/content/browser/docshell/test/browser/browser_timelineMarkers-02.js | markers doesn't include Paint -
Tomcat
https://tbpl.mozilla.org/php/getParsedLog.php?id=48940218&tree=Mozilla-Inbound
WINNT 6.2 mozilla-inbound debug test mochitest-browser-chrome-2 on 2014-09-26 00:12:35
revision: d7dadcce7ca4
slave: t-w864-ix-118

127 INFO TEST-UNEXPECTED-FAIL | chrome://mochitests/content/browser/docshell/test/browser/browser_timelineMarkers-02.js | markers includes Paint -
Return code: 1
Tomcat
https://tbpl.mozilla.org/php/getParsedLog.php?id=48960274&tree=B2g-Inbound
WINNT 6.2 b2g-inbound debug test mochitest-browser-chrome-2 on 2014-09-26 06:16:51
revision: 88f48b14c408
slave: t-w864-ix-071

127 INFO TEST-UNEXPECTED-FAIL | chrome://mochitests/content/browser/docshell/test/browser/browser_timelineMarkers-02.js | markers includes Paint -
136 INFO TEST-UNEXPECTED-FAIL | chrome://mochitests/content/browser/docshell/test/browser/browser_timelineMarkers-02.js | markers doesn't include Paint -
Return code: 1
philor
https://tbpl.mozilla.org/php/getParsedLog.php?id=49025227&tree=Mozilla-Inbound
Rev5 MacOSX Mountain Lion 10.8 mozilla-inbound debug test mochitest-browser-chrome-2 on 2014-09-26 20:02:50
revision: bf65863441be
slave: talos-mtnlion-r5-059

125 INFO TEST-UNEXPECTED-FAIL | chrome://mochitests/content/browser/docshell/test/browser/browser_timelineMarkers-02.js | markers includes Paint -
134 INFO TEST-UNEXPECTED-FAIL | chrome://mochitests/content/browser/docshell/test/browser/browser_timelineMarkers-02.js | markers doesn't include Paint -
jimm
https://tbpl.mozilla.org/php/getParsedLog.php?id=49045567&tree=Try
WINNT 6.2 try debug test mochitest-browser-chrome-2 on 2014-09-27 11:09:41
revision: 2b0d5850fcf8
slave: t-w864-ix-072

127 INFO TEST-UNEXPECTED-FAIL | chrome://mochitests/content/browser/docshell/test/browser/browser_timelineMarkers-02.js | markers includes Paint -
136 INFO TEST-UNEXPECTED-FAIL | chrome://mochitests/content/browser/docshell/test/browser/browser_timelineMarkers-02.js | markers doesn't include Paint -
Return code: 1
jimm
https://tbpl.mozilla.org/php/getParsedLog.php?id=49044791&tree=Try
WINNT 6.2 try debug test mochitest-browser-chrome-2 on 2014-09-27 10:39:21
revision: 2b0d5850fcf8
slave: t-w864-ix-126

127 INFO TEST-UNEXPECTED-FAIL | chrome://mochitests/content/browser/docshell/test/browser/browser_timelineMarkers-02.js | markers includes Paint -
Return code: 1
RyanVM
https://tbpl.mozilla.org/php/getParsedLog.php?id=49027480&tree=Try
Windows 7 32-bit try debug test mochitest-browser-chrome-2 on 2014-09-26 20:33:47
revision: 10de8baa29e3
slave: t-w732-ix-060

120 INFO TEST-UNEXPECTED-FAIL | chrome://mochitests/content/browser/docshell/test/browser/browser_timelineMarkers-02.js | markers includes Restyle -
Return code: 1
jesup
https://tbpl.mozilla.org/php/getParsedLog.php?id=49077261&tree=Mozilla-Inbound
Rev5 MacOSX Mountain Lion 10.8 mozilla-inbound debug test mochitest-browser-chrome-2 on 2014-09-28 18:06:12
revision: 765e4c810ce0
slave: talos-mtnlion-r5-061

125 INFO TEST-UNEXPECTED-FAIL | chrome://mochitests/content/browser/docshell/test/browser/browser_timelineMarkers-02.js | markers includes Paint -
134 INFO TEST-UNEXPECTED-FAIL | chrome://mochitests/content/browser/docshell/test/browser/browser_timelineMarkers-02.js | markers doesn't include Paint -
Tomcat
https://tbpl.mozilla.org/php/getParsedLog.php?id=49096837&tree=B2g-Inbound
Ubuntu VM 12.04 b2g-inbound debug test mochitest-browser-chrome-2 on 2014-09-29 03:39:52
revision: 99be50ec39a5
slave: tst-linux32-spot-217

121 INFO TEST-UNEXPECTED-FAIL | chrome://mochitests/content/browser/docshell/test/browser/browser_timelineMarkers-02.js | markers includes Paint -
philor
https://tbpl.mozilla.org/php/getParsedLog.php?id=49112314&tree=Mozilla-Inbound
WINNT 6.2 mozilla-inbound debug test mochitest-browser-chrome-2 on 2014-09-29 07:42:25
revision: 8b19763dd5f1
slave: t-w864-ix-105

125 INFO TEST-UNEXPECTED-FAIL | chrome://mochitests/content/browser/docshell/test/browser/browser_timelineMarkers-02.js | markers includes Paint -
Return code: 1
submit_timestamp: 2014-09-29T16:25:08
log: https://treeherder.mozilla.org/ui/logviewer.html#?repo=mozilla-inbound&job_id=2631913
repository: mozilla-inbound
who: wkocher[at]mozilla[dot]com
machine: t-w732-ix-095
buildname: Windows 7 32-bit mozilla-inbound debug test mochitest-browser-chrome-2
revision: 94e5c4ac3263

125 INFO TEST-UNEXPECTED-FAIL | chrome://mochitests/content/browser/docshell/test/browser/browser_timelineMarkers-02.js | markers includes Paint -
134 INFO TEST-UNEXPECTED-FAIL | chrome://mochitests/content/browser/docshell/test/browser/browser_timelineMarkers-02.js | markers doesn't include Paint -
Return code: 1
submit_timestamp: 2014-09-30T12:58:28
log: https://treeherder.mozilla.org/ui/logviewer.html#?repo=mozilla-inbound&job_id=2663704
repository: mozilla-inbound
who: rvandermeulen[at]mozilla[dot]com
machine: t-w864-ix-011
buildname: WINNT 6.2 mozilla-inbound debug test mochitest-browser-chrome-2
revision: 82e0bd695bdd

125 INFO TEST-UNEXPECTED-FAIL | chrome://mochitests/content/browser/docshell/test/browser/browser_timelineMarkers-02.js | markers includes Paint -
134 INFO TEST-UNEXPECTED-FAIL | chrome://mochitests/content/browser/docshell/test/browser/browser_timelineMarkers-02.js | markers doesn't include Paint -
Return code: 1
KWierso
https://tbpl.mozilla.org/php/getParsedLog.php?id=49250959&tree=Mozilla-Inbound
Windows XP 32-bit mozilla-inbound debug test mochitest-browser-chrome-2 on 2014-09-30 16:31:31
revision: b09b8406f2c7
slave: t-xp32-ix-002

125 INFO TEST-UNEXPECTED-FAIL | chrome://mochitests/content/browser/docshell/test/browser/browser_timelineMarkers-02.js | markers includes Paint -
134 INFO TEST-UNEXPECTED-FAIL | chrome://mochitests/content/browser/docshell/test/browser/browser_timelineMarkers-02.js | markers doesn't include Paint -
Return code: 1
submit_timestamp: 2014-09-30T20:36:13
log: https://treeherder.mozilla.org/ui/logviewer.html#?repo=mozilla-inbound&job_id=2670859
repository: mozilla-inbound
who: philringnalda[at]gmail[dot]com
machine: t-xp32-ix-002
buildname: Windows XP 32-bit mozilla-inbound debug test mochitest-browser-chrome-2
revision: b09b8406f2c7

125 INFO TEST-UNEXPECTED-FAIL | chrome://mochitests/content/browser/docshell/test/browser/browser_timelineMarkers-02.js | markers includes Paint -
134 INFO TEST-UNEXPECTED-FAIL | chrome://mochitests/content/browser/docshell/test/browser/browser_timelineMarkers-02.js | markers doesn't include Paint -
Return code: 1
submit_timestamp: 2014-10-01T04:04:16
log: https://treeherder.mozilla.org/ui/logviewer.html#?repo=mozilla-inbound&job_id=2679676
repository: mozilla-inbound
who: tomcat[at]mozilla[dot]com
machine: t-w732-ix-025
buildname: Windows 7 32-bit mozilla-inbound debug test mochitest-browser-chrome-2
revision: 31b0db2b14c8

125 INFO TEST-UNEXPECTED-FAIL | chrome://mochitests/content/browser/docshell/test/browser/browser_timelineMarkers-02.js | markers includes Paint -
134 INFO TEST-UNEXPECTED-FAIL | chrome://mochitests/content/browser/docshell/test/browser/browser_timelineMarkers-02.js | markers doesn't include Paint -
Return code: 1
submit_timestamp: 2014-10-01T05:28:29
log: https://treeherder.mozilla.org/ui/logviewer.html#?repo=fx-team&job_id=792187
repository: fx-team
who: tomcat[at]mozilla[dot]com
machine: t-xp32-ix-125
buildname: Windows XP 32-bit fx-team debug test mochitest-browser-chrome-2
revision: 7ee1bf648e8c

125 INFO TEST-UNEXPECTED-FAIL | chrome://mochitests/content/browser/docshell/test/browser/browser_timelineMarkers-02.js | markers includes Paint -
134 INFO TEST-UNEXPECTED-FAIL | chrome://mochitests/content/browser/docshell/test/browser/browser_timelineMarkers-02.js | markers doesn't include Paint -
Return code: 1
RyanVM
https://tbpl.mozilla.org/php/getParsedLog.php?id=49330466&tree=Fx-Team
Windows 7 32-bit fx-team debug test mochitest-browser-chrome-2 on 2014-10-01 12:09:35
revision: 81f24d931d89
slave: t-w732-ix-026

125 INFO TEST-UNEXPECTED-FAIL | chrome://mochitests/content/browser/docshell/test/browser/browser_timelineMarkers-02.js | markers includes Paint -
134 INFO TEST-UNEXPECTED-FAIL | chrome://mochitests/content/browser/docshell/test/browser/browser_timelineMarkers-02.js | markers doesn't include Paint -
Return code: 1
RyanVM
https://tbpl.mozilla.org/php/getParsedLog.php?id=49336755&tree=Mozilla-Inbound
WINNT 6.2 mozilla-inbound debug test mochitest-browser-chrome-2 on 2014-10-01 13:22:00
revision: 7f08e93cc2a5
slave: t-w864-ix-108

125 INFO TEST-UNEXPECTED-FAIL | chrome://mochitests/content/browser/docshell/test/browser/browser_timelineMarkers-02.js | markers includes Paint -
134 INFO TEST-UNEXPECTED-FAIL | chrome://mochitests/content/browser/docshell/test/browser/browser_timelineMarkers-02.js | markers doesn't include Paint -
Return code: 1
submit_timestamp: 2014-10-01T15:56:29
log: https://treeherder.mozilla.org/ui/logviewer.html#?repo=fx-team&job_id=797083
repository: fx-team
who: wkocher[at]mozilla[dot]com
machine: t-w732-ix-026
buildname: Windows 7 32-bit fx-team debug test mochitest-browser-chrome-2
revision: 81f24d931d89

125 INFO TEST-UNEXPECTED-FAIL | chrome://mochitests/content/browser/docshell/test/browser/browser_timelineMarkers-02.js | markers includes Paint -
134 INFO TEST-UNEXPECTED-FAIL | chrome://mochitests/content/browser/docshell/test/browser/browser_timelineMarkers-02.js | markers doesn't include Paint -
Return code: 1
KWierso
https://tbpl.mozilla.org/php/getParsedLog.php?id=49356043&tree=Mozilla-Inbound
Rev5 MacOSX Mountain Lion 10.8 mozilla-inbound debug test mochitest-browser-chrome-2 on 2014-10-01 18:18:47
revision: e388678a9211
slave: talos-mtnlion-r5-065

123 INFO TEST-UNEXPECTED-FAIL | chrome://mochitests/content/browser/docshell/test/browser/browser_timelineMarkers-02.js | markers includes Paint -
132 INFO TEST-UNEXPECTED-FAIL | chrome://mochitests/content/browser/docshell/test/browser/browser_timelineMarkers-02.js | markers doesn't include Paint -
submit_timestamp: 2014-10-01T20:39:11
log: https://treeherder.mozilla.org/ui/logviewer.html#?repo=mozilla-inbound&job_id=2699304
repository: mozilla-inbound
who: philringnalda[at]gmail[dot]com
machine: talos-mtnlion-r5-065
buildname: Rev5 MacOSX Mountain Lion 10.8 mozilla-inbound debug test mochitest-browser-chrome-2
revision: e388678a9211

123 INFO TEST-UNEXPECTED-FAIL | chrome://mochitests/content/browser/docshell/test/browser/browser_timelineMarkers-02.js | markers includes Paint -
132 INFO TEST-UNEXPECTED-FAIL | chrome://mochitests/content/browser/docshell/test/browser/browser_timelineMarkers-02.js | markers doesn't include Paint -
submit_timestamp: 2014-10-02T05:43:15
log: https://treeherder.mozilla.org/ui/logviewer.html#?repo=fx-team&job_id=806414
repository: fx-team
who: tomcat[at]mozilla[dot]com
machine: talos-mtnlion-r5-011
buildname: Rev5 MacOSX Mountain Lion 10.8 fx-team debug test mochitest-browser-chrome-2
revision: 1ee2c06d271f

123 INFO TEST-UNEXPECTED-FAIL | chrome://mochitests/content/browser/docshell/test/browser/browser_timelineMarkers-02.js | markers includes Paint -
132 INFO TEST-UNEXPECTED-FAIL | chrome://mochitests/content/browser/docshell/test/browser/browser_timelineMarkers-02.js | markers doesn't include Paint -
submit_timestamp: 2014-10-02T10:46:04
log: https://treeherder.mozilla.org/ui/logviewer.html#?repo=mozilla-inbound&job_id=2720361
repository: mozilla-inbound
who: rvandermeulen[at]mozilla[dot]com
machine: t-w732-ix-039
buildname: Windows 7 32-bit mozilla-inbound debug test mochitest-browser-chrome-2
revision: 7009237d5e47

125 INFO TEST-UNEXPECTED-FAIL | chrome://mochitests/content/browser/docshell/test/browser/browser_timelineMarkers-02.js | markers includes Paint -
134 INFO TEST-UNEXPECTED-FAIL | chrome://mochitests/content/browser/docshell/test/browser/browser_timelineMarkers-02.js | markers doesn't include Paint -
Return code: 1
submit_timestamp: 2014-10-02T14:43:34
log: https://treeherder.mozilla.org/ui/logviewer.html#?repo=try&job_id=2123142
repository: try
who: wkocher[at]mozilla[dot]com
machine: talos-mtnlion-r5-084
buildname: Rev5 MacOSX Mountain Lion 10.8 try debug test mochitest-browser-chrome-2
revision: dfd69d5f6dbf

125 INFO TEST-UNEXPECTED-FAIL | chrome://mochitests/content/browser/docshell/test/browser/browser_timelineMarkers-02.js | markers includes Paint -
134 INFO TEST-UNEXPECTED-FAIL | chrome://mochitests/content/browser/docshell/test/browser/browser_timelineMarkers-02.js | markers doesn't include Paint -
submit_timestamp: 2014-10-03T03:39:59
log: https://treeherder.mozilla.org/ui/logviewer.html#?repo=mozilla-inbound&job_id=2737580
repository: mozilla-inbound
who: emorley[at]mozilla[dot]com
machine: talos-mtnlion-r5-061
buildname: Rev5 MacOSX Mountain Lion 10.8 mozilla-inbound debug test mochitest-browser-chrome-2
revision: 2c107ce32cbc

123 INFO TEST-UNEXPECTED-FAIL | chrome://mochitests/content/browser/docshell/test/browser/browser_timelineMarkers-02.js | markers includes Paint -
132 INFO TEST-UNEXPECTED-FAIL | chrome://mochitests/content/browser/docshell/test/browser/browser_timelineMarkers-02.js | markers doesn't include Paint -
submit_timestamp: 2014-10-03T06:08:22
log: https://treeherder.mozilla.org/ui/logviewer.html#?repo=mozilla-inbound&job_id=2740506
repository: mozilla-inbound
who: emorley[at]mozilla[dot]com
machine: t-w864-ix-052
buildname: WINNT 6.2 mozilla-inbound debug test mochitest-browser-chrome-2
revision: e4f5e843a370

125 INFO TEST-UNEXPECTED-FAIL | chrome://mochitests/content/browser/docshell/test/browser/browser_timelineMarkers-02.js | markers includes Paint -
134 INFO TEST-UNEXPECTED-FAIL | chrome://mochitests/content/browser/docshell/test/browser/browser_timelineMarkers-02.js | markers doesn't include Paint -
Return code: 1
submit_timestamp: 2014-10-03T08:29:08
log: https://treeherder.mozilla.org/ui/logviewer.html#?repo=mozilla-inbound&job_id=2745250
repository: mozilla-inbound
who: emorley[at]mozilla[dot]com
machine: t-w864-ix-102
buildname: WINNT 6.2 mozilla-inbound debug test mochitest-browser-chrome-2
revision: e4165ab15b4e

125 INFO TEST-UNEXPECTED-FAIL | chrome://mochitests/content/browser/docshell/test/browser/browser_timelineMarkers-02.js | markers includes Paint -
134 INFO TEST-UNEXPECTED-FAIL | chrome://mochitests/content/browser/docshell/test/browser/browser_timelineMarkers-02.js | markers doesn't include Paint -
Return code: 1
submit_timestamp: 2014-10-03T15:05:20
log: https://treeherder.mozilla.org/ui/logviewer.html#?repo=mozilla-inbound&job_id=2759444
repository: mozilla-inbound
who: wkocher[at]mozilla[dot]com
machine: talos-mtnlion-r5-019
buildname: Rev5 MacOSX Mountain Lion 10.8 mozilla-inbound debug test mochitest-browser-chrome-2
revision: d5eb688ed4a1

123 INFO TEST-UNEXPECTED-FAIL | chrome://mochitests/content/browser/docshell/test/browser/browser_timelineMarkers-02.js | markers includes Paint -
132 INFO TEST-UNEXPECTED-FAIL | chrome://mochitests/content/browser/docshell/test/browser/browser_timelineMarkers-02.js | markers doesn't include Paint -
jfkthame
https://tbpl.mozilla.org/php/getParsedLog.php?id=49551072&tree=Mozilla-Inbound
Windows 7 32-bit mozilla-inbound debug test mochitest-browser-chrome-2 on 2014-10-04 00:31:13
revision: 0343643a16ce
slave: t-w732-ix-061

125 INFO TEST-UNEXPECTED-FAIL | chrome://mochitests/content/browser/docshell/test/browser/browser_timelineMarkers-02.js | markers includes Paint -
134 INFO TEST-UNEXPECTED-FAIL | chrome://mochitests/content/browser/docshell/test/browser/browser_timelineMarkers-02.js | markers doesn't include Paint -
Return code: 1
jfkthame
https://tbpl.mozilla.org/php/getParsedLog.php?id=49551038&tree=Mozilla-Inbound
WINNT 6.2 mozilla-inbound debug test mochitest-browser-chrome-2 on 2014-10-04 00:31:03
revision: 0343643a16ce
slave: t-w864-ix-116

125 INFO TEST-UNEXPECTED-FAIL | chrome://mochitests/content/browser/docshell/test/browser/browser_timelineMarkers-02.js | markers includes Paint -
134 INFO TEST-UNEXPECTED-FAIL | chrome://mochitests/content/browser/docshell/test/browser/browser_timelineMarkers-02.js | markers doesn't include Paint -
Return code: 1
submit_timestamp: 2014-10-04T08:03:18
log: https://treeherder.mozilla.org/ui/logviewer.html#?repo=mozilla-inbound&job_id=2767542
repository: mozilla-inbound
who: philringnalda[at]gmail[dot]com
machine: t-w864-ix-116
buildname: WINNT 6.2 mozilla-inbound debug test mochitest-browser-chrome-2
revision: 0343643a16ce

125 INFO TEST-UNEXPECTED-FAIL | chrome://mochitests/content/browser/docshell/test/browser/browser_timelineMarkers-02.js | markers includes Paint -
134 INFO TEST-UNEXPECTED-FAIL | chrome://mochitests/content/browser/docshell/test/browser/browser_timelineMarkers-02.js | markers doesn't include Paint -
Return code: 1
submit_timestamp: 2014-10-04T08:03:30
log: https://treeherder.mozilla.org/ui/logviewer.html#?repo=mozilla-inbound&job_id=2767580
repository: mozilla-inbound
who: philringnalda[at]gmail[dot]com
machine: t-w732-ix-061
buildname: Windows 7 32-bit mozilla-inbound debug test mochitest-browser-chrome-2
revision: 0343643a16ce

125 INFO TEST-UNEXPECTED-FAIL | chrome://mochitests/content/browser/docshell/test/browser/browser_timelineMarkers-02.js | markers includes Paint -
134 INFO TEST-UNEXPECTED-FAIL | chrome://mochitests/content/browser/docshell/test/browser/browser_timelineMarkers-02.js | markers doesn't include Paint -
Return code: 1
submit_timestamp: 2014-10-04T08:13:53
log: https://treeherder.mozilla.org/ui/logviewer.html#?repo=mozilla-inbound&job_id=2769937
repository: mozilla-inbound
who: philringnalda[at]gmail[dot]com
machine: t-xp32-ix-108
buildname: Windows XP 32-bit mozilla-inbound debug test mochitest-browser-chrome-2
revision: 21e9a5b9a4e3

125 INFO TEST-UNEXPECTED-FAIL | chrome://mochitests/content/browser/docshell/test/browser/browser_timelineMarkers-02.js | markers includes Paint -
134 INFO TEST-UNEXPECTED-FAIL | chrome://mochitests/content/browser/docshell/test/browser/browser_timelineMarkers-02.js | markers doesn't include Paint -
Return code: 1
submit_timestamp: 2014-10-05T08:27:43
log: https://treeherder.mozilla.org/ui/logviewer.html#?repo=mozilla-inbound&job_id=2777533
repository: mozilla-inbound
who: philringnalda[at]gmail[dot]com
machine: t-w732-ix-065
buildname: Windows 7 32-bit mozilla-inbound debug test mochitest-browser-chrome-2
revision: 9cafd64208c3

125 INFO TEST-UNEXPECTED-FAIL | chrome://mochitests/content/browser/docshell/test/browser/browser_timelineMarkers-02.js | markers includes Paint -
134 INFO TEST-UNEXPECTED-FAIL | chrome://mochitests/content/browser/docshell/test/browser/browser_timelineMarkers-02.js | markers doesn't include Paint -
Return code: 1
submit_timestamp: 2014-10-05T11:02:38
log: https://treeherder.mozilla.org/ui/logviewer.html#?repo=mozilla-central&job_id=451509
repository: mozilla-central
who: philringnalda[at]gmail[dot]com
machine: t-w864-ix-038
buildname: WINNT 6.2 mozilla-central debug test mochitest-browser-chrome-2
revision: 0ed32d9a42d6

125 INFO TEST-UNEXPECTED-FAIL | chrome://mochitests/content/browser/docshell/test/browser/browser_timelineMarkers-02.js | markers includes Paint -
134 INFO TEST-UNEXPECTED-FAIL | chrome://mochitests/content/browser/docshell/test/browser/browser_timelineMarkers-02.js | markers doesn't include Paint -
Return code: 1
submit_timestamp: 2014-10-05T11:52:03
log: https://treeherder.mozilla.org/ui/logviewer.html#?repo=fx-team&job_id=825156
repository: fx-team
who: philringnalda[at]gmail[dot]com
machine: t-w864-ix-024
buildname: WINNT 6.2 fx-team debug test mochitest-browser-chrome-2
revision: 3d6d136be24f

125 INFO TEST-UNEXPECTED-FAIL | chrome://mochitests/content/browser/docshell/test/browser/browser_timelineMarkers-02.js | markers includes Paint -
134 INFO TEST-UNEXPECTED-FAIL | chrome://mochitests/content/browser/docshell/test/browser/browser_timelineMarkers-02.js | markers doesn't include Paint -
Return code: 1
submit_timestamp: 2014-10-06T16:00:05
log: https://treeherder.mozilla.org/ui/logviewer.html#?repo=mozilla-inbound&job_id=2807099
repository: mozilla-inbound
who: wkocher[at]mozilla[dot]com
machine: t-xp32-ix-092
buildname: Windows XP 32-bit mozilla-inbound debug test mochitest-browser-chrome-2
revision: fbb1b7c89a32

126 INFO TEST-UNEXPECTED-FAIL | chrome://mochitests/content/browser/docshell/test/browser/browser_timelineMarkers-02.js | markers includes Paint -
135 INFO TEST-UNEXPECTED-FAIL | chrome://mochitests/content/browser/docshell/test/browser/browser_timelineMarkers-02.js | markers doesn't include Paint -
Return code: 1
submit_timestamp: 2014-10-07T04:15:00
log: https://treeherder.mozilla.org/ui/logviewer.html#?repo=mozilla-inbound&job_id=2814458
repository: mozilla-inbound
who: tomcat[at]mozilla[dot]com
machine: t-xp32-ix-078
buildname: Windows XP 32-bit mozilla-inbound debug test mochitest-browser-chrome-2
revision: 344c06f4460b

126 INFO TEST-UNEXPECTED-FAIL | chrome://mochitests/content/browser/docshell/test/browser/browser_timelineMarkers-02.js | markers includes Paint -
135 INFO TEST-UNEXPECTED-FAIL | chrome://mochitests/content/browser/docshell/test/browser/browser_timelineMarkers-02.js | markers doesn't include Paint -
Return code: 1
submit_timestamp: 2014-10-07T04:27:11
log: https://treeherder.mozilla.org/ui/logviewer.html#?repo=mozilla-inbound&job_id=2815701
repository: mozilla-inbound
who: tomcat[at]mozilla[dot]com
machine: talos-mtnlion-r5-062
buildname: Rev5 MacOSX Mountain Lion 10.8 mozilla-inbound debug test mochitest-browser-chrome-2
revision: f17271ef08d3

115 INFO TEST-UNEXPECTED-FAIL | chrome://mochitests/content/browser/docshell/test/browser/browser_timelineMarkers-02.js | markers includes Paint -
submit_timestamp: 2014-10-07T13:15:33
log: https://treeherder.mozilla.org/ui/logviewer.html#?repo=fx-team&job_id=840575
repository: fx-team
who: rvandermeulen[at]mozilla[dot]com
machine: talos-mtnlion-r5-051
buildname: Rev5 MacOSX Mountain Lion 10.8 fx-team debug test mochitest-browser-chrome-2
revision: fda842d4d372

124 INFO TEST-UNEXPECTED-FAIL | chrome://mochitests/content/browser/docshell/test/browser/browser_timelineMarkers-02.js | markers includes Paint -
submit_timestamp: 2014-10-08T09:37:43
log: https://treeherder.mozilla.org/ui/logviewer.html#?repo=mozilla-inbound&job_id=2852855
repository: mozilla-inbound
who: rvandermeulen[at]mozilla[dot]com
machine: tst-linux64-spot-636
buildname: Ubuntu VM 12.04 x64 mozilla-inbound debug test mochitest-browser-chrome-2
revision: 72a705b53e75

98 INFO TEST-UNEXPECTED-FAIL | chrome://mochitests/content/browser/docshell/test/browser/browser_timelineMarkers-02.js | markers includes Paint -
107 INFO TEST-UNEXPECTED-FAIL | chrome://mochitests/content/browser/docshell/test/browser/browser_timelineMarkers-02.js | markers doesn't include Paint -
submit_timestamp: 2014-10-08T16:57:47
log: https://treeherder.mozilla.org/ui/logviewer.html#?repo=mozilla-inbound&job_id=2869001
repository: mozilla-inbound
who: wkocher[at]mozilla[dot]com
machine: t-w864-ix-085
buildname: WINNT 6.2 mozilla-inbound debug test mochitest-browser-chrome-2
revision: 811aad892522

98 INFO TEST-UNEXPECTED-FAIL | chrome://mochitests/content/browser/docshell/test/browser/browser_timelineMarkers-02.js | markers includes Paint -
107 INFO TEST-UNEXPECTED-FAIL | chrome://mochitests/content/browser/docshell/test/browser/browser_timelineMarkers-02.js | markers doesn't include Paint -
Return code: 1
submit_timestamp: 2014-10-09T02:13:33
log: https://treeherder.mozilla.org/ui/logviewer.html#?repo=try&job_id=2323918
repository: try
who: nnethercote[at]mozilla[dot]com
machine: t-w864-ix-087
buildname: WINNT 6.2 try debug test mochitest-browser-chrome-2
revision: 814053a1fc1f

98 INFO TEST-UNEXPECTED-FAIL | chrome://mochitests/content/browser/docshell/test/browser/browser_timelineMarkers-02.js | markers includes Paint -
107 INFO TEST-UNEXPECTED-FAIL | chrome://mochitests/content/browser/docshell/test/browser/browser_timelineMarkers-02.js | markers doesn't include Paint -
Return code: 1
submit_timestamp: 2014-10-10T09:18:32
log: https://treeherder.mozilla.org/ui/logviewer.html#?repo=mozilla-inbound&job_id=2915768
repository: mozilla-inbound
who: emorley[at]mozilla[dot]com
machine: talos-mtnlion-r5-012
buildname: Rev5 MacOSX Mountain Lion 10.8 mozilla-inbound debug test mochitest-browser-chrome-2
revision: 98fade97048a

97 INFO TEST-UNEXPECTED-FAIL | chrome://mochitests/content/browser/docshell/test/browser/browser_timelineMarkers-02.js | markers includes Paint -
106 INFO TEST-UNEXPECTED-FAIL | chrome://mochitests/content/browser/docshell/test/browser/browser_timelineMarkers-02.js | markers doesn't include Paint -
submit_timestamp: 2014-10-10T13:44:13
log: https://treeherder.mozilla.org/ui/logviewer.html#?repo=fx-team&job_id=874245
repository: fx-team
who: rvandermeulen[at]mozilla[dot]com
machine: tst-linux32-spot-158
buildname: Ubuntu VM 12.04 fx-team debug test mochitest-browser-chrome-2
revision: e5d3834c61a4

Traceback (most recent call last):
ConnectionError: HTTPConnectionPool(host='pypi.pvt.build.mozilla.org', port=80): Max retries exceeded with url: /pub/blobuploader-1.2.1.tar.gz (Caused by <class 'httplib.BadStatusLine'>: '')
88 INFO TEST-UNEXPECTED-FAIL | chrome://mochitests/content/browser/docshell/test/browser/browser_timelineMarkers-02.js | markers includes Paint -
submit_timestamp: 2014-10-10T13:52:25
log: https://treeherder.mozilla.org/ui/logviewer.html#?repo=mozilla-inbound&job_id=2921278
repository: mozilla-inbound
who: rvandermeulen[at]mozilla[dot]com
machine: t-snow-r4-0029
buildname: Rev4 MacOSX Snow Leopard 10.6 mozilla-inbound debug test mochitest-browser-chrome-2
revision: 1fb3f954952b

97 INFO TEST-UNEXPECTED-FAIL | chrome://mochitests/content/browser/docshell/test/browser/browser_timelineMarkers-02.js | markers includes Paint -
106 INFO TEST-UNEXPECTED-FAIL | chrome://mochitests/content/browser/docshell/test/browser/browser_timelineMarkers-02.js | markers doesn't include Paint -
submit_timestamp: 2014-10-11T12:29:05
log: https://treeherder.mozilla.org/ui/logviewer.html#?repo=mozilla-inbound&job_id=2930274
repository: mozilla-inbound
who: rvandermeulen[at]mozilla[dot]com
machine: t-snow-r4-0057
buildname: Rev4 MacOSX Snow Leopard 10.6 mozilla-inbound debug test mochitest-browser-chrome-2
revision: 43bd6e46c62c

97 INFO TEST-UNEXPECTED-FAIL | chrome://mochitests/content/browser/docshell/test/browser/browser_timelineMarkers-02.js | markers includes Paint -
106 INFO TEST-UNEXPECTED-FAIL | chrome://mochitests/content/browser/docshell/test/browser/browser_timelineMarkers-02.js | markers doesn't include Paint -
baku
https://tbpl.mozilla.org/php/getParsedLog.php?id=50058534&tree=Try
Rev4 MacOSX Snow Leopard 10.6 try debug test mochitest-browser-chrome-2 on 2014-10-12 04:39:04
revision: 170ca1f34bb4
slave: t-snow-r4-0149

98 INFO TEST-UNEXPECTED-FAIL | chrome://mochitests/content/browser/docshell/test/browser/browser_timelineMarkers-02.js | markers includes Paint -
107 INFO TEST-UNEXPECTED-FAIL | chrome://mochitests/content/browser/docshell/test/browser/browser_timelineMarkers-02.js | markers doesn't include Paint -
baku
https://tbpl.mozilla.org/php/getParsedLog.php?id=50057767&tree=Try
Rev5 MacOSX Mountain Lion 10.8 try debug test mochitest-browser-chrome-2 on 2014-10-12 03:18:30
revision: 170ca1f34bb4
slave: talos-mtnlion-r5-094

98 INFO TEST-UNEXPECTED-FAIL | chrome://mochitests/content/browser/docshell/test/browser/browser_timelineMarkers-02.js | markers includes Paint -
107 INFO TEST-UNEXPECTED-FAIL | chrome://mochitests/content/browser/docshell/test/browser/browser_timelineMarkers-02.js | markers doesn't include Paint -
submit_timestamp: 2014-10-12T17:34:03
log: https://treeherder.mozilla.org/ui/logviewer.html#?repo=fx-team&job_id=888590
repository: fx-team
who: rvandermeulen[at]mozilla[dot]com
machine: t-w864-ix-083
buildname: WINNT 6.2 fx-team debug test mochitest-browser-chrome-2
revision: 199fb29c3467

97 INFO TEST-UNEXPECTED-FAIL | chrome://mochitests/content/browser/docshell/test/browser/browser_timelineMarkers-02.js | markers includes Paint -
106 INFO TEST-UNEXPECTED-FAIL | chrome://mochitests/content/browser/docshell/test/browser/browser_timelineMarkers-02.js | markers doesn't include Paint -
Return code: 1
submit_timestamp: 2014-10-12T17:37:55
log: https://treeherder.mozilla.org/ui/logviewer.html#?repo=mozilla-inbound&job_id=2945112
repository: mozilla-inbound
who: rvandermeulen[at]mozilla[dot]com
machine: t-w864-ix-035
buildname: WINNT 6.2 mozilla-inbound debug test mochitest-browser-chrome-2
revision: ca047d5fafba

97 INFO TEST-UNEXPECTED-FAIL | chrome://mochitests/content/browser/docshell/test/browser/browser_timelineMarkers-02.js | markers includes Paint -
106 INFO TEST-UNEXPECTED-FAIL | chrome://mochitests/content/browser/docshell/test/browser/browser_timelineMarkers-02.js | markers doesn't include Paint -
Return code: 1
submit_timestamp: 2014-10-12T18:12:00
log: https://treeherder.mozilla.org/ui/logviewer.html#?repo=mozilla-inbound&job_id=2948803
repository: mozilla-inbound
who: rvandermeulen[at]mozilla[dot]com
machine: t-w864-ix-060
buildname: WINNT 6.2 mozilla-inbound debug test mochitest-browser-chrome-2
revision: facebebfea4d

97 INFO TEST-UNEXPECTED-FAIL | chrome://mochitests/content/browser/docshell/test/browser/browser_timelineMarkers-02.js | markers includes Paint -
106 INFO TEST-UNEXPECTED-FAIL | chrome://mochitests/content/browser/docshell/test/browser/browser_timelineMarkers-02.js | markers doesn't include Paint -
Return code: 1
submit_timestamp: 2014-10-12T23:25:29
log: https://treeherder.mozilla.org/ui/logviewer.html#?repo=fx-team&job_id=889777
repository: fx-team
who: wkocher[at]mozilla[dot]com
machine: t-w864-ix-036
buildname: WINNT 6.2 fx-team debug test mochitest-browser-chrome-2
revision: 3577deeda156

97 INFO TEST-UNEXPECTED-FAIL | chrome://mochitests/content/browser/docshell/test/browser/browser_timelineMarkers-02.js | markers includes Paint -
106 INFO TEST-UNEXPECTED-FAIL | chrome://mochitests/content/browser/docshell/test/browser/browser_timelineMarkers-02.js | markers doesn't include Paint -
Return code: 1
submit_timestamp: 2014-10-13T06:53:07
log: https://treeherder.mozilla.org/ui/logviewer.html#?repo=mozilla-inbound&job_id=2957592
repository: mozilla-inbound
who: tomcat[at]mozilla[dot]com
machine: t-snow-r4-0096
buildname: Rev4 MacOSX Snow Leopard 10.6 mozilla-inbound debug test mochitest-browser-chrome-2
revision: 89e6d7a08fcd

97 INFO TEST-UNEXPECTED-FAIL | chrome://mochitests/content/browser/docshell/test/browser/browser_timelineMarkers-02.js | markers includes Paint -
106 INFO TEST-UNEXPECTED-FAIL | chrome://mochitests/content/browser/docshell/test/browser/browser_timelineMarkers-02.js | markers doesn't include Paint -
submit_timestamp: 2014-10-13T07:16:28
log: https://treeherder.mozilla.org/ui/logviewer.html#?repo=try&job_id=2388014
repository: try
who: bholley[at]mozilla[dot]com
machine: tst-linux32-spot-1035
buildname: Ubuntu VM 12.04 try debug test mochitest-browser-chrome-2
revision: c7e99220354e

88 INFO TEST-UNEXPECTED-FAIL | chrome://mochitests/content/browser/docshell/test/browser/browser_timelineMarkers-02.js | markers includes Paint -
submit_timestamp: 2014-10-13T08:18:33
log: https://treeherder.mozilla.org/ui/logviewer.html#?repo=try&job_id=2390797
repository: try
who: amarchesini[at]mozilla[dot]com
machine: talos-mtnlion-r5-033
buildname: Rev5 MacOSX Mountain Lion 10.8 try debug test mochitest-browser-chrome-2
revision: 1a621644253d

98 INFO TEST-UNEXPECTED-FAIL | chrome://mochitests/content/browser/docshell/test/browser/browser_timelineMarkers-02.js | markers includes Paint -
107 INFO TEST-UNEXPECTED-FAIL | chrome://mochitests/content/browser/docshell/test/browser/browser_timelineMarkers-02.js | markers doesn't include Paint -
submit_timestamp: 2014-10-13T18:33:32
log: https://treeherder.mozilla.org/ui/logviewer.html#?repo=mozilla-inbound&job_id=2977267
repository: mozilla-inbound
who: wkocher[at]mozilla[dot]com
machine: t-snow-r4-0004
buildname: Rev4 MacOSX Snow Leopard 10.6 mozilla-inbound debug test mochitest-browser-chrome-2
revision: f5c56af59b28

97 INFO TEST-UNEXPECTED-FAIL | chrome://mochitests/content/browser/docshell/test/browser/browser_timelineMarkers-02.js | markers includes Paint -
106 INFO TEST-UNEXPECTED-FAIL | chrome://mochitests/content/browser/docshell/test/browser/browser_timelineMarkers-02.js | markers doesn't include Paint -
submit_timestamp: 2014-10-14T00:01:08
log: https://treeherder.mozilla.org/ui/logviewer.html#?repo=b2g-inbound&job_id=634866
repository: b2g-inbound
who: tomcat[at]mozilla[dot]com
machine: tst-linux32-spot-150
buildname: Ubuntu VM 12.04 b2g-inbound debug test mochitest-browser-chrome-2
revision: 54217864bae9

88 INFO TEST-UNEXPECTED-FAIL | chrome://mochitests/content/browser/docshell/test/browser/browser_timelineMarkers-02.js | markers includes Paint -
submit_timestamp: 2014-10-14T02:05:10
log: https://treeherder.mozilla.org/ui/logviewer.html#?repo=fx-team&job_id=898987
repository: fx-team
who: tomcat[at]mozilla[dot]com
machine: t-snow-r4-0011
buildname: Rev4 MacOSX Snow Leopard 10.6 fx-team debug test mochitest-browser-chrome-2
revision: 2be42fbc9d98

97 INFO TEST-UNEXPECTED-FAIL | chrome://mochitests/content/browser/docshell/test/browser/browser_timelineMarkers-02.js | markers includes Paint -
106 INFO TEST-UNEXPECTED-FAIL | chrome://mochitests/content/browser/docshell/test/browser/browser_timelineMarkers-02.js | markers doesn't include Paint -
submit_timestamp: 2014-10-15T05:05:21
log: https://treeherder.mozilla.org/ui/logviewer.html#?repo=b2g-inbound&job_id=644226
repository: b2g-inbound
who: tomcat[at]mozilla[dot]com
machine: t-snow-r4-0133
buildname: Rev4 MacOSX Snow Leopard 10.6 b2g-inbound debug test mochitest-browser-chrome-2
revision: 2ba4fdfe442c

97 INFO TEST-UNEXPECTED-FAIL | chrome://mochitests/content/browser/docshell/test/browser/browser_timelineMarkers-02.js | markers includes Paint -
106 INFO TEST-UNEXPECTED-FAIL | chrome://mochitests/content/browser/docshell/test/browser/browser_timelineMarkers-02.js | markers doesn't include Paint -
submit_timestamp: 2014-10-15T14:03:01
log: https://treeherder.mozilla.org/ui/logviewer.html#?repo=fx-team&job_id=911543
repository: fx-team
who: rvandermeulen[at]mozilla[dot]com
machine: t-snow-r4-0008
buildname: Rev4 MacOSX Snow Leopard 10.6 fx-team debug test mochitest-browser-chrome-2
revision: a280a03c9f3c

89 INFO TEST-UNEXPECTED-FAIL | chrome://mochitests/content/browser/docshell/test/browser/browser_timelineMarkers-02.js | markers includes Restyle -
submit_timestamp: 2014-10-15T14:37:34
log: https://treeherder.mozilla.org/ui/logviewer.html#?repo=mozilla-inbound&job_id=3028345
repository: mozilla-inbound
who: rvandermeulen[at]mozilla[dot]com
machine: t-snow-r4-0102
buildname: Rev4 MacOSX Snow Leopard 10.6 mozilla-inbound debug test mochitest-browser-chrome-2
revision: a280a03c9f3c

89 INFO TEST-UNEXPECTED-FAIL | chrome://mochitests/content/browser/docshell/test/browser/browser_timelineMarkers-02.js | markers includes Restyle -
ttaubert
https://tbpl.mozilla.org/php/getParsedLog.php?id=50323548&tree=Mozilla-Inbound
WINNT 6.2 mozilla-inbound debug test mochitest-browser-chrome-2 on 2014-10-15 21:40:16
revision: 5c095b4e178c
slave: t-w864-ix-108

99 INFO TEST-UNEXPECTED-FAIL | chrome://mochitests/content/browser/docshell/test/browser/browser_timelineMarkers-02.js | markers includes Paint -
108 INFO TEST-UNEXPECTED-FAIL | chrome://mochitests/content/browser/docshell/test/browser/browser_timelineMarkers-02.js | markers doesn't include Paint -
Return code: 1
submit_timestamp: 2014-10-15T23:46:43
log: https://treeherder.mozilla.org/ui/logviewer.html#?repo=fx-team&job_id=916095
repository: fx-team
who: tomcat[at]mozilla[dot]com
machine: t-snow-r4-0134
buildname: Rev4 MacOSX Snow Leopard 10.6 fx-team debug test mochitest-browser-chrome-2
revision: 095f351a7386

97 INFO TEST-UNEXPECTED-FAIL | chrome://mochitests/content/browser/docshell/test/browser/browser_timelineMarkers-02.js | markers includes Paint -
106 INFO TEST-UNEXPECTED-FAIL | chrome://mochitests/content/browser/docshell/test/browser/browser_timelineMarkers-02.js | markers doesn't include Paint -
submit_timestamp: 2014-10-16T00:07:44
log: https://treeherder.mozilla.org/ui/logviewer.html#?repo=mozilla-inbound&job_id=3040855
repository: mozilla-inbound
who: tomcat[at]mozilla[dot]com
machine: t-w864-ix-108
buildname: WINNT 6.2 mozilla-inbound debug test mochitest-browser-chrome-2
revision: 5c095b4e178c

99 INFO TEST-UNEXPECTED-FAIL | chrome://mochitests/content/browser/docshell/test/browser/browser_timelineMarkers-02.js | markers includes Paint -
108 INFO TEST-UNEXPECTED-FAIL | chrome://mochitests/content/browser/docshell/test/browser/browser_timelineMarkers-02.js | markers doesn't include Paint -
Return code: 1
submit_timestamp: 2014-10-16T00:09:44
log: https://treeherder.mozilla.org/ui/logviewer.html#?repo=mozilla-inbound&job_id=3039472
repository: mozilla-inbound
who: tomcat[at]mozilla[dot]com
machine: t-w864-ix-045
buildname: WINNT 6.2 mozilla-inbound debug test mochitest-browser-chrome-2
revision: d4aa76cff57b

97 INFO TEST-UNEXPECTED-FAIL | chrome://mochitests/content/browser/docshell/test/browser/browser_timelineMarkers-02.js | markers includes Paint -
106 INFO TEST-UNEXPECTED-FAIL | chrome://mochitests/content/browser/docshell/test/browser/browser_timelineMarkers-02.js | markers doesn't include Paint -
Return code: 1
submit_timestamp: 2014-10-16T12:43:25
log: https://treeherder.mozilla.org/ui/logviewer.html#?repo=fx-team&job_id=923218
repository: fx-team
who: wkocher[at]mozilla[dot]com
machine: tst-linux64-spot-1276
buildname: Ubuntu VM 12.04 x64 fx-team debug test mochitest-browser-chrome-2
revision: 7fac025c8cdb

97 INFO TEST-UNEXPECTED-FAIL | chrome://mochitests/content/browser/docshell/test/browser/browser_timelineMarkers-02.js | markers includes Paint -
106 INFO TEST-UNEXPECTED-FAIL | chrome://mochitests/content/browser/docshell/test/browser/browser_timelineMarkers-02.js | markers doesn't include Paint -
submit_timestamp: 2014-10-16T12:44:39
log: https://treeherder.mozilla.org/ui/logviewer.html#?repo=fx-team&job_id=922788
repository: fx-team
who: wkocher[at]mozilla[dot]com
machine: talos-mtnlion-r5-052
buildname: Rev5 MacOSX Mountain Lion 10.8 fx-team debug test mochitest-browser-chrome-2
revision: 2e896ba5d24f

97 INFO TEST-UNEXPECTED-FAIL | chrome://mochitests/content/browser/docshell/test/browser/browser_timelineMarkers-02.js | markers includes Paint -
106 INFO TEST-UNEXPECTED-FAIL | chrome://mochitests/content/browser/docshell/test/browser/browser_timelineMarkers-02.js | markers doesn't include Paint -
submit_timestamp: 2014-10-16T17:48:57
log: https://treeherder.mozilla.org/ui/logviewer.html#?repo=fx-team&job_id=927547
repository: fx-team
who: wkocher[at]mozilla[dot]com
machine: tst-linux64-spot-056
buildname: Ubuntu VM 12.04 x64 fx-team debug test mochitest-browser-chrome-2
revision: 044923edbc61

97 INFO TEST-UNEXPECTED-FAIL | chrome://mochitests/content/browser/docshell/test/browser/browser_timelineMarkers-02.js | markers includes Paint -
submit_timestamp: 2014-10-17T00:54:25
log: https://treeherder.mozilla.org/ui/logviewer.html#?repo=mozilla-inbound&job_id=3077090
repository: mozilla-inbound
who: tomcat[at]mozilla[dot]com
machine: t-snow-r4-0070
buildname: Rev4 MacOSX Snow Leopard 10.6 mozilla-inbound debug test mochitest-browser-chrome-2
revision: fdd53359f45d

97 INFO TEST-UNEXPECTED-FAIL | chrome://mochitests/content/browser/docshell/test/browser/browser_timelineMarkers-02.js | markers includes Paint -
106 INFO TEST-UNEXPECTED-FAIL | chrome://mochitests/content/browser/docshell/test/browser/browser_timelineMarkers-02.js | markers doesn't include Paint -
jwatt
https://tbpl.mozilla.org/php/getParsedLog.php?id=50534795&tree=Mozilla-Inbound
Rev5 MacOSX Mountain Lion 10.8 mozilla-inbound debug test mochitest-browser-chrome-2 on 2014-10-19 02:50:31
revision: 1abfecf86c50
slave: talos-mtnlion-r5-051

99 INFO TEST-UNEXPECTED-FAIL | chrome://mochitests/content/browser/docshell/test/browser/browser_timelineMarkers-02.js | markers includes Paint -
108 INFO TEST-UNEXPECTED-FAIL | chrome://mochitests/content/browser/docshell/test/browser/browser_timelineMarkers-02.js | markers doesn't include Paint -
submit_timestamp: 2014-10-19T09:03:14
log: https://treeherder.mozilla.org/ui/logviewer.html#?repo=mozilla-inbound&job_id=3120775
repository: mozilla-inbound
who: philringnalda[at]gmail[dot]com
machine: talos-mtnlion-r5-051
buildname: Rev5 MacOSX Mountain Lion 10.8 mozilla-inbound debug test mochitest-browser-chrome-2
revision: 1abfecf86c50

99 INFO TEST-UNEXPECTED-FAIL | chrome://mochitests/content/browser/docshell/test/browser/browser_timelineMarkers-02.js | markers includes Paint -
108 INFO TEST-UNEXPECTED-FAIL | chrome://mochitests/content/browser/docshell/test/browser/browser_timelineMarkers-02.js | markers doesn't include Paint -
submit_timestamp: 2014-10-20T08:14:47
log: https://treeherder.mozilla.org/ui/logviewer.html#?repo=mozilla-inbound&job_id=3135511
repository: mozilla-inbound
who: tomcat[at]mozilla[dot]com
machine: talos-mtnlion-r5-024
buildname: Rev5 MacOSX Mountain Lion 10.8 mozilla-inbound debug test mochitest-browser-chrome-2
revision: 99e0716c5d66

101 INFO TEST-UNEXPECTED-FAIL | chrome://mochitests/content/browser/docshell/test/browser/browser_timelineMarkers-02.js | markers includes Paint -
110 INFO TEST-UNEXPECTED-FAIL | chrome://mochitests/content/browser/docshell/test/browser/browser_timelineMarkers-02.js | markers doesn't include Paint -
submit_timestamp: 2014-10-20T14:52:45
log: https://treeherder.mozilla.org/ui/logviewer.html#?repo=fx-team&job_id=954142
repository: fx-team
who: philringnalda[at]gmail[dot]com
machine: tst-linux32-spot-794
buildname: Ubuntu VM 12.04 fx-team opt test mochitest-browser-chrome-2
revision: 832c3790b6ef

90 INFO TEST-UNEXPECTED-FAIL | chrome://mochitests/content/browser/docshell/test/browser/browser_timelineMarkers-02.js | markers includes Paint -
237 INFO TEST-UNEXPECTED-FAIL | chrome://mochitests/content/browser/dom/tests/browser/browser_test_new_window_from_content.js | This test exceeded the timeout threshold. It should be rewritten or split up. If that's not possible, use requestLongerTimeout(N), but only as a last resort. - expected PASS
seth
https://tbpl.mozilla.org/php/getParsedLog.php?id=51031398&tree=Try
Rev4 MacOSX Snow Leopard 10.6 try debug test mochitest-browser-chrome-2 on 2014-10-24 17:55:23
revision: 891844c25fac
slave: t-snow-r4-0143

89 INFO TEST-UNEXPECTED-FAIL | chrome://mochitests/content/browser/docshell/test/browser/browser_timelineMarkers-02.js | markers includes Restyle -
submit_timestamp: 2014-10-26T21:20:54
log: https://treeherder.mozilla.org/ui/logviewer.html#?repo=fx-team&job_id=1000305
repository: fx-team
who: philringnalda[at]gmail[dot]com
machine: tst-linux64-spot-957
buildname: Ubuntu VM 12.04 x64 fx-team pgo test mochitest-browser-chrome-2
revision: d7460d5fee44

105 INFO TEST-UNEXPECTED-FAIL | chrome://mochitests/content/browser/docshell/test/browser/browser_timelineMarkers-02.js | markers includes Paint -
submit_timestamp: 2014-10-29T13:52:38
log: https://treeherder.mozilla.org/ui/logviewer.html#?repo=fx-team&job_id=1038115
repository: fx-team
who: rvandermeulen[at]mozilla[dot]com
machine: tst-linux64-spot-1140
buildname: Ubuntu VM 12.04 x64 fx-team pgo test mochitest-browser-chrome-2
revision: e3194c623ac6

105 INFO TEST-UNEXPECTED-FAIL | chrome://mochitests/content/browser/docshell/test/browser/browser_timelineMarkers-02.js | markers includes Paint -
submit_timestamp: 2014-11-03T17:14:21
log: https://treeherder.mozilla.org/ui/logviewer.html#?repo=fx-team&job_id=1079850
repository: fx-team
who: wkocher[at]mozilla[dot]com
machine: tst-linux64-spot-482
buildname: Ubuntu VM 12.04 x64 fx-team opt test mochitest-browser-chrome-2
revision: 3b50cdde2154

105 INFO TEST-UNEXPECTED-FAIL | chrome://mochitests/content/browser/docshell/test/browser/browser_timelineMarkers-02.js | markers includes Paint -
submit_timestamp: 2014-11-04T11:52:30
log: https://treeherder.mozilla.org/ui/logviewer.html#?repo=mozilla-inbound&job_id=3584826
repository: mozilla-inbound
who: wkocher[at]mozilla[dot]com
machine: tst-linux32-spot-1015
buildname: Ubuntu VM 12.04 mozilla-inbound opt test mochitest-browser-chrome-2
revision: 7bb233454a29

105 INFO TEST-UNEXPECTED-FAIL | chrome://mochitests/content/browser/docshell/test/browser/browser_timelineMarkers-02.js | markers includes Paint -
submit_timestamp: 2014-11-05T10:30:49
log: https://treeherder.mozilla.org/ui/logviewer.html#?repo=mozilla-inbound&job_id=3623054
repository: mozilla-inbound
who: rvandermeulen[at]mozilla[dot]com
machine: tst-linux64-spot-1237
buildname: Ubuntu VM 12.04 x64 mozilla-inbound opt test mochitest-browser-chrome-2
revision: afb437f1ee02

105 INFO TEST-UNEXPECTED-FAIL | chrome://mochitests/content/browser/docshell/test/browser/browser_timelineMarkers-02.js | markers includes Paint -
submit_timestamp: 2014-11-06T13:40:27
log: https://treeherder.mozilla.org/ui/logviewer.html#?repo=mozilla-aurora&job_id=379686
repository: mozilla-aurora
who: wkocher[at]mozilla[dot]com
machine: talos-mtnlion-r5-092
buildname: Rev5 MacOSX Mountain Lion 10.8 mozilla-aurora debug test mochitest-browser-chrome-2
revision: c4110cd7b1ff

123 INFO TEST-UNEXPECTED-FAIL | chrome://mochitests/content/browser/docshell/test/browser/browser_timelineMarkers-02.js | markers includes Paint -
132 INFO TEST-UNEXPECTED-FAIL | chrome://mochitests/content/browser/docshell/test/browser/browser_timelineMarkers-02.js | markers doesn't include Paint -
submit_timestamp: 2014-11-07T06:52:26
log: https://treeherder.mozilla.org/ui/logviewer.html#?repo=mozilla-inbound&job_id=3689120
repository: mozilla-inbound
who: tomcat[at]mozilla[dot]com
machine: tst-linux64-spot-055
buildname: Ubuntu VM 12.04 x64 mozilla-inbound debug test mochitest-browser-chrome-2
revision: 133c7c11ec7f

105 INFO TEST-UNEXPECTED-FAIL | chrome://mochitests/content/browser/docshell/test/browser/browser_timelineMarkers-02.js | markers includes Paint -
114 INFO TEST-UNEXPECTED-FAIL | chrome://mochitests/content/browser/docshell/test/browser/browser_timelineMarkers-02.js | markers doesn't include Paint -
submit_timestamp: 2014-11-07T12:40:59
log: https://treeherder.mozilla.org/ui/logviewer.html#?repo=mozilla-central&job_id=603594
repository: mozilla-central
who: rvandermeulen[at]mozilla[dot]com
machine: tst-linux64-spot-482
buildname: Ubuntu VM 12.04 x64 mozilla-central pgo test mochitest-browser-chrome-2
revision: c39ff12ad6eb

105 INFO TEST-UNEXPECTED-FAIL | chrome://mochitests/content/browser/docshell/test/browser/browser_timelineMarkers-02.js | markers includes Paint -
114 INFO TEST-UNEXPECTED-FAIL | chrome://mochitests/content/browser/docshell/test/browser/browser_timelineMarkers-02.js | markers doesn't include Paint -
submit_timestamp: 2014-11-18T08:13:07
log: https://treeherder.mozilla.org/ui/logviewer.html#?repo=mozilla-inbound&job_id=3991791
repository: mozilla-inbound
who: tomcat[at]mozilla[dot]com
machine: bld-linux64-spot-309
buildname: Android 4.2 x86 mozilla-inbound build
revision: 5140b218e6cc

../../dist/include/AndroidSurfaceTexture.h:98:13: error: 'SurfaceTexture' is not a member of 'mozilla::widget::android::sdk'
../../dist/include/AndroidSurfaceTexture.h:98:13: error: 'SurfaceTexture' is not a member of 'mozilla::widget::android::sdk'
../../dist/include/AndroidSurfaceTexture.h:98:58: error: template argument 1 is invalid
../../dist/include/AndroidSurfaceTexture.h:99:13: error: 'Surface' is not a member of 'mozilla::widget::android::sdk'
../../dist/include/AndroidSurfaceTexture.h:99:13: error: 'Surface' is not a member of 'mozilla::widget::android::sdk'
../../dist/include/AndroidSurfaceTexture.h:99:51: error: template argument 1 is invalid
../../dist/include/AndroidSurfaceTexture.h:90:42: error: base operand of '->' is not a pointer
make[5]: *** [nsPluginFrame.o] Error 1
make[5]: *** Waiting for unfinished jobs....
make[4]: *** [layout/generic/target] Error 2
make[4]: *** Waiting for unfinished jobs....
make[3]: *** [compile] Error 2
make[2]: *** [default] Error 2
make[1]: *** [realbuild] Error 2
make: *** [build] Error 2
submit_timestamp: 2014-11-18T08:13:07
log: https://treeherder.mozilla.org/ui/logviewer.html#?repo=mozilla-inbound&job_id=3992953
repository: mozilla-inbound
who: tomcat[at]mozilla[dot]com
machine: tst-linux32-spot-085
buildname: Ubuntu VM 12.04 mozilla-inbound opt test mochitest-browser-chrome-2
revision: 5140b218e6cc

154 INFO TEST-UNEXPECTED-FAIL | chrome://mochitests/content/browser/docshell/test/browser/browser_timelineMarkers-02.js | markers includes Paint -
163 INFO TEST-UNEXPECTED-FAIL | chrome://mochitests/content/browser/docshell/test/browser/browser_timelineMarkers-02.js | markers doesn't include Paint -
submit_timestamp: 2014-11-18T17:23:35
log: https://treeherder.mozilla.org/ui/logviewer.html#?repo=mozilla-inbound&job_id=4016359
repository: mozilla-inbound
who: wkocher[at]mozilla[dot]com
machine: talos-mtnlion-r5-005
buildname: Rev5 MacOSX Mountain Lion 10.8 mozilla-inbound debug test mochitest-browser-chrome-2
revision: c14cd1b976ef

151 INFO TEST-UNEXPECTED-FAIL | chrome://mochitests/content/browser/docshell/test/browser/browser_timelineMarkers-02.js | markers includes Paint -
160 INFO TEST-UNEXPECTED-FAIL | chrome://mochitests/content/browser/docshell/test/browser/browser_timelineMarkers-02.js | markers doesn't include Paint -
submit_timestamp: 2014-11-18T17:34:33
log: https://treeherder.mozilla.org/ui/logviewer.html#?repo=mozilla-inbound&job_id=4017838
repository: mozilla-inbound
who: wkocher[at]mozilla[dot]com
machine: tst-linux64-spot-329
buildname: Ubuntu VM 12.04 x64 mozilla-inbound opt test mochitest-browser-chrome-2
revision: 83147bd55260

154 INFO TEST-UNEXPECTED-FAIL | chrome://mochitests/content/browser/docshell/test/browser/browser_timelineMarkers-02.js | markers includes Paint -
163 INFO TEST-UNEXPECTED-FAIL | chrome://mochitests/content/browser/docshell/test/browser/browser_timelineMarkers-02.js | markers doesn't include Paint -
submit_timestamp: 2014-11-18T18:19:15
log: https://treeherder.mozilla.org/ui/logviewer.html#?repo=mozilla-central&job_id=650434
repository: mozilla-central
who: wkocher[at]mozilla[dot]com
machine: tst-linux32-spot-319
buildname: Ubuntu VM 12.04 mozilla-central pgo test mochitest-browser-chrome-2
revision: 4dfa1b35a203

154 INFO TEST-UNEXPECTED-FAIL | chrome://mochitests/content/browser/docshell/test/browser/browser_timelineMarkers-02.js | markers includes Paint -
163 INFO TEST-UNEXPECTED-FAIL | chrome://mochitests/content/browser/docshell/test/browser/browser_timelineMarkers-02.js | markers doesn't include Paint -
submit_timestamp: 2014-11-19T04:13:29
log: https://treeherder.mozilla.org/ui/logviewer.html#?repo=try&job_id=3250824
repository: try
who: jdemooij[at]mozilla[dot]com
machine: tst-linux32-spot-1011
buildname: Ubuntu VM 12.04 try opt test mochitest-browser-chrome-2
revision: 7dcc8ac63871

154 INFO TEST-UNEXPECTED-FAIL | chrome://mochitests/content/browser/docshell/test/browser/browser_timelineMarkers-02.js | markers includes Paint -
163 INFO TEST-UNEXPECTED-FAIL | chrome://mochitests/content/browser/docshell/test/browser/browser_timelineMarkers-02.js | markers doesn't include Paint -
submit_timestamp: 2014-11-19T06:30:45
log: https://treeherder.mozilla.org/ui/logviewer.html#?repo=try&job_id=3239161
repository: try
who: kgupta[at]mozilla[dot]com
machine: tst-linux64-spot-774
buildname: Ubuntu VM 12.04 x64 try opt test mochitest-browser-chrome-2
revision: d2f5c5dfd23d

154 INFO TEST-UNEXPECTED-FAIL | chrome://mochitests/content/browser/docshell/test/browser/browser_timelineMarkers-02.js | markers includes Paint -
163 INFO TEST-UNEXPECTED-FAIL | chrome://mochitests/content/browser/docshell/test/browser/browser_timelineMarkers-02.js | markers doesn't include Paint -
submit_timestamp: 2014-11-19T14:48:43
log: https://treeherder.mozilla.org/ui/logviewer.html#?repo=mozilla-inbound&job_id=4055333
repository: mozilla-inbound
who: wkocher[at]mozilla[dot]com
machine: tst-linux64-spot-490
buildname: Ubuntu VM 12.04 x64 mozilla-inbound opt test mochitest-browser-chrome-2
revision: 5d895a54de81

154 INFO TEST-UNEXPECTED-FAIL | chrome://mochitests/content/browser/docshell/test/browser/browser_timelineMarkers-02.js | markers includes Paint -
163 INFO TEST-UNEXPECTED-FAIL | chrome://mochitests/content/browser/docshell/test/browser/browser_timelineMarkers-02.js | markers doesn't include Paint -
submit_timestamp: 2014-11-20T07:57:05
log: https://treeherder.mozilla.org/ui/logviewer.html#?repo=fx-team&job_id=1244491
repository: fx-team
who: tomcat[at]mozilla[dot]com
machine: t-xp32-ix-068
buildname: Windows XP 32-bit fx-team debug test mochitest-browser-chrome-2
revision: 27f47124cb27

151 INFO TEST-UNEXPECTED-FAIL | chrome://mochitests/content/browser/docshell/test/browser/browser_timelineMarkers-02.js | markers includes Paint -
160 INFO TEST-UNEXPECTED-FAIL | chrome://mochitests/content/browser/docshell/test/browser/browser_timelineMarkers-02.js | markers doesn't include Paint -
Return code: 1
submit_timestamp: 2014-11-21T01:11:31
log: https://treeherder.mozilla.org/ui/logviewer.html#?repo=mozilla-inbound&job_id=4102042
repository: mozilla-inbound
who: tomcat[at]mozilla[dot]com
machine: tst-linux64-spot-453
buildname: Ubuntu VM 12.04 x64 mozilla-inbound opt test mochitest-browser-chrome-2
revision: 794b5fca57b0

154 INFO TEST-UNEXPECTED-FAIL | chrome://mochitests/content/browser/docshell/test/browser/browser_timelineMarkers-02.js | markers includes Paint -
163 INFO TEST-UNEXPECTED-FAIL | chrome://mochitests/content/browser/docshell/test/browser/browser_timelineMarkers-02.js | markers doesn't include Paint -
submit_timestamp: 2014-11-21T05:22:29
log: https://treeherder.mozilla.org/ui/logviewer.html#?repo=mozilla-inbound&job_id=4107896
repository: mozilla-inbound
who: tomcat[at]mozilla[dot]com
machine: tst-linux32-spot-1032
buildname: Ubuntu VM 12.04 mozilla-inbound opt test mochitest-browser-chrome-2
revision: 5de035fe199a

154 INFO TEST-UNEXPECTED-FAIL | chrome://mochitests/content/browser/docshell/test/browser/browser_timelineMarkers-02.js | markers includes Paint -
163 INFO TEST-UNEXPECTED-FAIL | chrome://mochitests/content/browser/docshell/test/browser/browser_timelineMarkers-02.js | markers doesn't include Paint -
submit_timestamp: 2014-11-21T07:51:13
log: https://treeherder.mozilla.org/ui/logviewer.html#?repo=mozilla-inbound&job_id=4111156
repository: mozilla-inbound
who: tomcat[at]mozilla[dot]com
machine: tst-linux64-spot-323
buildname: Ubuntu VM 12.04 x64 mozilla-inbound opt test mochitest-browser-chrome-2
revision: 2c39d4a57818

154 INFO TEST-UNEXPECTED-FAIL | chrome://mochitests/content/browser/docshell/test/browser/browser_timelineMarkers-02.js | markers includes Paint -
163 INFO TEST-UNEXPECTED-FAIL | chrome://mochitests/content/browser/docshell/test/browser/browser_timelineMarkers-02.js | markers doesn't include Paint -
submit_timestamp: 2014-11-23T23:47:58
log: https://treeherder.mozilla.org/ui/logviewer.html#?repo=mozilla-inbound&job_id=4137393
repository: mozilla-inbound
who: tomcat[at]mozilla[dot]com
machine: tst-linux32-spot-186
buildname: Ubuntu VM 12.04 mozilla-inbound opt test mochitest-browser-chrome-2
revision: 4d55c412cacd

154 INFO TEST-UNEXPECTED-FAIL | chrome://mochitests/content/browser/docshell/test/browser/browser_timelineMarkers-02.js | markers includes Paint -
163 INFO TEST-UNEXPECTED-FAIL | chrome://mochitests/content/browser/docshell/test/browser/browser_timelineMarkers-02.js | markers doesn't include Paint -
submit_timestamp: 2014-11-23T23:57:50
log: https://treeherder.mozilla.org/ui/logviewer.html#?repo=b2g-inbound&job_id=887153
repository: b2g-inbound
who: tomcat[at]mozilla[dot]com
machine: tst-linux64-spot-599
buildname: Ubuntu VM 12.04 x64 b2g-inbound opt test mochitest-browser-chrome-2
revision: 952d1268e162

154 INFO TEST-UNEXPECTED-FAIL | chrome://mochitests/content/browser/docshell/test/browser/browser_timelineMarkers-02.js | markers includes Paint -
163 INFO TEST-UNEXPECTED-FAIL | chrome://mochitests/content/browser/docshell/test/browser/browser_timelineMarkers-02.js | markers doesn't include Paint -
submit_timestamp: 2014-11-24T09:11:42
log: https://treeherder.mozilla.org/ui/logviewer.html#?repo=mozilla-inbound&job_id=4159554
repository: mozilla-inbound
who: wkocher[at]mozilla[dot]com
machine: tst-linux32-spot-549
buildname: Ubuntu VM 12.04 mozilla-inbound opt test mochitest-browser-chrome-2
revision: 4ca1865c2102

154 INFO TEST-UNEXPECTED-FAIL | chrome://mochitests/content/browser/docshell/test/browser/browser_timelineMarkers-02.js | markers includes Paint -
163 INFO TEST-UNEXPECTED-FAIL | chrome://mochitests/content/browser/docshell/test/browser/browser_timelineMarkers-02.js | markers doesn't include Paint -
submit_timestamp: 2014-11-24T09:57:02
log: https://treeherder.mozilla.org/ui/logviewer.html#?repo=mozilla-inbound&job_id=4160848
repository: mozilla-inbound
who: wkocher[at]mozilla[dot]com
machine: tst-linux64-spot-821
buildname: Ubuntu VM 12.04 x64 mozilla-inbound opt test mochitest-browser-chrome-2
revision: 43845a1d2f21

154 INFO TEST-UNEXPECTED-FAIL | chrome://mochitests/content/browser/docshell/test/browser/browser_timelineMarkers-02.js | markers includes Paint -
163 INFO TEST-UNEXPECTED-FAIL | chrome://mochitests/content/browser/docshell/test/browser/browser_timelineMarkers-02.js | markers doesn't include Paint -
submit_timestamp: 2014-11-24T13:47:39
log: https://treeherder.mozilla.org/ui/logviewer.html#?repo=fx-team&job_id=1277086
repository: fx-team
who: rvandermeulen[at]mozilla[dot]com
machine: tst-linux64-spot-152
buildname: Ubuntu VM 12.04 x64 fx-team pgo test mochitest-browser-chrome-2
revision: 16a220a579a6

154 INFO TEST-UNEXPECTED-FAIL | chrome://mochitests/content/browser/docshell/test/browser/browser_timelineMarkers-02.js | markers includes Paint -
163 INFO TEST-UNEXPECTED-FAIL | chrome://mochitests/content/browser/docshell/test/browser/browser_timelineMarkers-02.js | markers doesn't include Paint -
submit_timestamp: 2014-11-24T14:23:18
log: https://treeherder.mozilla.org/ui/logviewer.html#?repo=fx-team&job_id=1277380
repository: fx-team
who: rvandermeulen[at]mozilla[dot]com
machine: tst-linux32-spot-491
buildname: Ubuntu VM 12.04 fx-team opt test mochitest-browser-chrome-2
revision: 101073587164

154 INFO TEST-UNEXPECTED-FAIL | chrome://mochitests/content/browser/docshell/test/browser/browser_timelineMarkers-02.js | markers includes Paint -
163 INFO TEST-UNEXPECTED-FAIL | chrome://mochitests/content/browser/docshell/test/browser/browser_timelineMarkers-02.js | markers doesn't include Paint -
submit_timestamp: 2014-11-24T15:27:27
log: https://treeherder.mozilla.org/ui/logviewer.html#?repo=fx-team&job_id=1277663
repository: fx-team
who: wkocher[at]mozilla[dot]com
machine: tst-linux64-spot-758
buildname: Ubuntu VM 12.04 x64 fx-team opt test mochitest-browser-chrome-2
revision: 2baabecada38

154 INFO TEST-UNEXPECTED-FAIL | chrome://mochitests/content/browser/docshell/test/browser/browser_timelineMarkers-02.js | markers includes Paint -
163 INFO TEST-UNEXPECTED-FAIL | chrome://mochitests/content/browser/docshell/test/browser/browser_timelineMarkers-02.js | markers doesn't include Paint -
submit_timestamp: 2014-11-24T23:31:00
log: https://treeherder.mozilla.org/ui/logviewer.html#?repo=b2g-inbound&job_id=895315
repository: b2g-inbound
who: tomcat[at]mozilla[dot]com
machine: tst-linux32-spot-458
buildname: Ubuntu VM 12.04 b2g-inbound opt test mochitest-browser-chrome-2
revision: a573c8e256ea

154 INFO TEST-UNEXPECTED-FAIL | chrome://mochitests/content/browser/docshell/test/browser/browser_timelineMarkers-02.js | markers includes Paint -
163 INFO TEST-UNEXPECTED-FAIL | chrome://mochitests/content/browser/docshell/test/browser/browser_timelineMarkers-02.js | markers doesn't include Paint -
ttaubert
https://tbpl.mozilla.org/php/getParsedLog.php?id=53329185&tree=Fx-Team
Ubuntu VM 12.04 fx-team opt test mochitest-browser-chrome-2 on 2014-11-24 14:04:45
revision: 101073587164
slave: tst-linux32-spot-491

154 INFO TEST-UNEXPECTED-FAIL | chrome://mochitests/content/browser/docshell/test/browser/browser_timelineMarkers-02.js | markers includes Paint -
163 INFO TEST-UNEXPECTED-FAIL | chrome://mochitests/content/browser/docshell/test/browser/browser_timelineMarkers-02.js | markers doesn't include Paint -
submit_timestamp: 2014-11-25T02:37:22
log: https://treeherder.mozilla.org/ui/logviewer.html#?repo=b2g-inbound&job_id=897676
repository: b2g-inbound
who: tomcat[at]mozilla[dot]com
machine: tst-linux64-spot-043
buildname: Ubuntu VM 12.04 x64 b2g-inbound debug test mochitest-browser-chrome-2
revision: f55b542c195c

143 INFO TEST-UNEXPECTED-FAIL | chrome://mochitests/content/browser/docshell/test/browser/browser_timelineMarkers-02.js | markers includes Paint -
152 INFO TEST-UNEXPECTED-FAIL | chrome://mochitests/content/browser/docshell/test/browser/browser_timelineMarkers-02.js | markers doesn't include Paint -
submit_timestamp: 2014-11-25T02:51:30
log: https://treeherder.mozilla.org/ui/logviewer.html#?repo=fx-team&job_id=1286859
repository: fx-team
who: tomcat[at]mozilla[dot]com
machine: tst-linux64-spot-495
buildname: Ubuntu VM 12.04 x64 fx-team opt test mochitest-browser-chrome-2
revision: 68ddf70fa7c8

154 INFO TEST-UNEXPECTED-FAIL | chrome://mochitests/content/browser/docshell/test/browser/browser_timelineMarkers-02.js | markers includes Paint -
163 INFO TEST-UNEXPECTED-FAIL | chrome://mochitests/content/browser/docshell/test/browser/browser_timelineMarkers-02.js | markers doesn't include Paint -
submit_timestamp: 2014-11-25T13:26:41
log: https://treeherder.mozilla.org/ui/logviewer.html#?repo=b2g-inbound&job_id=902937
repository: b2g-inbound
who: rvandermeulen[at]mozilla[dot]com
machine: tst-linux64-spot-264
buildname: Ubuntu VM 12.04 x64 b2g-inbound debug test mochitest-browser-chrome-2
revision: 75152d829ec8

143 INFO TEST-UNEXPECTED-FAIL | chrome://mochitests/content/browser/docshell/test/browser/browser_timelineMarkers-02.js | markers includes Paint -
152 INFO TEST-UNEXPECTED-FAIL | chrome://mochitests/content/browser/docshell/test/browser/browser_timelineMarkers-02.js | markers doesn't include Paint -
submit_timestamp: 2014-11-26T10:21:28
log: https://treeherder.mozilla.org/ui/logviewer.html#?repo=fx-team&job_id=1294389
repository: fx-team
who: rvandermeulen[at]mozilla[dot]com
machine: tst-linux32-spot-426
buildname: Ubuntu VM 12.04 fx-team pgo test mochitest-devtools-chrome
revision: ced1402861b8

8793 INFO TEST-UNEXPECTED-FAIL | chrome://mochitests/content/browser/toolkit/devtools/server/tests/browser/browser_timeline.js | markers includes Paint -
submit_timestamp: 2014-11-26T17:24:49
log: https://treeherder.mozilla.org/ui/logviewer.html#?repo=mozilla-inbound&job_id=4244991
repository: mozilla-inbound
who: philringnalda[at]gmail[dot]com
machine: tst-linux64-spot-1073
buildname: Ubuntu VM 12.04 x64 mozilla-inbound opt test mochitest-browser-chrome-2
revision: 0e0d89a0d414

154 INFO TEST-UNEXPECTED-FAIL | chrome://mochitests/content/browser/docshell/test/browser/browser_timelineMarkers-02.js | markers includes Paint -
163 INFO TEST-UNEXPECTED-FAIL | chrome://mochitests/content/browser/docshell/test/browser/browser_timelineMarkers-02.js | markers doesn't include Paint -
submit_timestamp: 2014-11-27T06:55:10
log: https://treeherder.mozilla.org/ui/logviewer.html#?repo=mozilla-inbound&job_id=4263968
repository: mozilla-inbound
who: tomcat[at]mozilla[dot]com
machine: tst-linux64-spot-896
buildname: Ubuntu VM 12.04 x64 mozilla-inbound pgo test mochitest-browser-chrome-2
revision: 7f94a959f345

154 INFO TEST-UNEXPECTED-FAIL | chrome://mochitests/content/browser/docshell/test/browser/browser_timelineMarkers-02.js | markers includes Paint -
163 INFO TEST-UNEXPECTED-FAIL | chrome://mochitests/content/browser/docshell/test/browser/browser_timelineMarkers-02.js | markers doesn't include Paint -
submit_timestamp: 2014-11-28T03:09:50
log: https://treeherder.mozilla.org/ui/logviewer.html#?repo=mozilla-inbound&job_id=4283697
repository: mozilla-inbound
who: tomcat[at]mozilla[dot]com
machine: tst-linux64-spot-192
buildname: Ubuntu VM 12.04 x64 mozilla-inbound pgo test mochitest-browser-chrome-2
revision: 9b8210ebeb93

154 INFO TEST-UNEXPECTED-FAIL | chrome://mochitests/content/browser/docshell/test/browser/browser_timelineMarkers-02.js | markers includes Paint -
163 INFO TEST-UNEXPECTED-FAIL | chrome://mochitests/content/browser/docshell/test/browser/browser_timelineMarkers-02.js | markers doesn't include Paint -
submit_timestamp: 2014-11-28T08:37:34
log: https://treeherder.mozilla.org/ui/logviewer.html#?repo=mozilla-inbound&job_id=4291145
repository: mozilla-inbound
who: philringnalda[at]gmail[dot]com
machine: tst-linux64-spot-1106
buildname: Ubuntu VM 12.04 x64 mozilla-inbound opt test mochitest-browser-chrome-2
revision: 0b5312cb24e4

154 INFO TEST-UNEXPECTED-FAIL | chrome://mochitests/content/browser/docshell/test/browser/browser_timelineMarkers-02.js | markers includes Paint -
163 INFO TEST-UNEXPECTED-FAIL | chrome://mochitests/content/browser/docshell/test/browser/browser_timelineMarkers-02.js | markers doesn't include Paint -
submit_timestamp: 2014-11-28T13:59:29
log: https://treeherder.mozilla.org/ui/logviewer.html#?repo=mozilla-central&job_id=702625
repository: mozilla-central
who: philringnalda[at]gmail[dot]com
machine: tst-linux64-spot-826
buildname: Ubuntu VM 12.04 x64 mozilla-central pgo test mochitest-browser-chrome-2
revision: 17de0f463944

154 INFO TEST-UNEXPECTED-FAIL | chrome://mochitests/content/browser/docshell/test/browser/browser_timelineMarkers-02.js | markers includes Paint -
163 INFO TEST-UNEXPECTED-FAIL | chrome://mochitests/content/browser/docshell/test/browser/browser_timelineMarkers-02.js | markers doesn't include Paint -
submit_timestamp: 2014-12-01T22:06:11
log: https://treeherder.mozilla.org/ui/logviewer.html#?repo=mozilla-inbound&job_id=4331169
repository: mozilla-inbound
who: philringnalda[at]gmail[dot]com
machine: tst-linux64-spot-198
buildname: Ubuntu VM 12.04 x64 mozilla-inbound debug test mochitest-browser-chrome-2
revision: 68388b632918

145 INFO TEST-UNEXPECTED-FAIL | chrome://mochitests/content/browser/docshell/test/browser/browser_timelineMarkers-02.js | markers includes Paint -
154 INFO TEST-UNEXPECTED-FAIL | chrome://mochitests/content/browser/docshell/test/browser/browser_timelineMarkers-02.js | markers doesn't include Paint -
submit_timestamp: 2014-12-02T04:28:51
log: https://treeherder.mozilla.org/ui/logviewer.html#?repo=mozilla-inbound&job_id=4335695
repository: mozilla-inbound
who: tomcat[at]mozilla[dot]com
machine: tst-linux32-spot-115
buildname: Ubuntu VM 12.04 mozilla-inbound opt test mochitest-browser-chrome-2
revision: 3d4d4a91f29a

156 INFO TEST-UNEXPECTED-FAIL | chrome://mochitests/content/browser/docshell/test/browser/browser_timelineMarkers-02.js | markers includes Paint -
165 INFO TEST-UNEXPECTED-FAIL | chrome://mochitests/content/browser/docshell/test/browser/browser_timelineMarkers-02.js | markers doesn't include Paint -
submit_timestamp: 2014-12-03T07:19:50
log: https://treeherder.mozilla.org/ui/logviewer.html#?repo=fx-team&job_id=1343278
repository: fx-team
who: philringnalda[at]gmail[dot]com
machine: talos-mtnlion-r5-084
buildname: Rev5 MacOSX Mountain Lion 10.8 fx-team debug test mochitest-browser-chrome-2
revision: 49218eb557ad

153 INFO TEST-UNEXPECTED-FAIL | chrome://mochitests/content/browser/docshell/test/browser/browser_timelineMarkers-02.js | markers includes Paint -
162 INFO TEST-UNEXPECTED-FAIL | chrome://mochitests/content/browser/docshell/test/browser/browser_timelineMarkers-02.js | markers doesn't include Paint -
submit_timestamp: 2014-12-03T10:32:24
log: https://treeherder.mozilla.org/ui/logviewer.html#?repo=mozilla-beta&job_id=171044
repository: mozilla-beta
who: rvandermeulen[at]mozilla[dot]com
machine: tst-linux64-spot-457
buildname: Ubuntu VM 12.04 x64 mozilla-beta debug test mochitest-browser-chrome-2
revision: 1caa74d0963e

120 INFO TEST-UNEXPECTED-FAIL | chrome://mochitests/content/browser/docshell/test/browser/browser_timelineMarkers-02.js | markers includes Paint -
129 INFO TEST-UNEXPECTED-FAIL | chrome://mochitests/content/browser/docshell/test/browser/browser_timelineMarkers-02.js | markers doesn't include Paint -
submit_timestamp: 2014-12-04T13:44:34
log: https://treeherder.mozilla.org/ui/logviewer.html#?repo=mozilla-inbound&job_id=4373255
repository: mozilla-inbound
who: philringnalda[at]gmail[dot]com
machine: tst-linux32-spot-512
buildname: Ubuntu VM 12.04 mozilla-inbound opt test mochitest-browser-chrome-2
revision: c01fc8c63d72

156 INFO TEST-UNEXPECTED-FAIL | chrome://mochitests/content/browser/docshell/test/browser/browser_timelineMarkers-02.js | markers includes Paint -
165 INFO TEST-UNEXPECTED-FAIL | chrome://mochitests/content/browser/docshell/test/browser/browser_timelineMarkers-02.js | markers doesn't include Paint -
submit_timestamp: 2014-12-08T06:14:47
log: https://treeherder.mozilla.org/ui/logviewer.html#?repo=mozilla-beta&job_id=173277
repository: mozilla-beta
who: rvandermeulen[at]mozilla[dot]com
machine: t-xp32-ix-102
buildname: Windows XP 32-bit mozilla-beta debug test mochitest-browser-chrome-2
revision: 43fbd1a46c10

125 INFO TEST-UNEXPECTED-FAIL | chrome://mochitests/content/browser/docshell/test/browser/browser_timelineMarkers-02.js | markers includes Paint -
134 INFO TEST-UNEXPECTED-FAIL | chrome://mochitests/content/browser/docshell/test/browser/browser_timelineMarkers-02.js | markers doesn't include Paint -
Return code: 1
submit_timestamp: 2014-12-08T11:17:08
log: https://treeherder.mozilla.org/ui/logviewer.html#?repo=fx-team&job_id=1375569
repository: fx-team
who: rvandermeulen[at]mozilla[dot]com
machine: tst-linux64-spot-728
buildname: Ubuntu VM 12.04 x64 fx-team opt test mochitest-browser-chrome-2
revision: bf62346a3afb

158 INFO TEST-UNEXPECTED-FAIL | chrome://mochitests/content/browser/docshell/test/browser/browser_timelineMarkers-02.js | markers includes Paint -
167 INFO TEST-UNEXPECTED-FAIL | chrome://mochitests/content/browser/docshell/test/browser/browser_timelineMarkers-02.js | markers doesn't include Paint -
submit_timestamp: 2014-12-08T14:05:24
log: https://treeherder.mozilla.org/ui/logviewer.html#?repo=try&job_id=3548111
repository: try
who: nnethercote[at]mozilla[dot]com
machine: tst-linux32-spot-153
buildname: Ubuntu VM 12.04 try debug test mochitest-browser-chrome-2
revision: 17765ec7473d

120 INFO TEST-UNEXPECTED-FAIL | chrome://mochitests/content/browser/docshell/test/browser/browser_timelineMarkers-02.js | markers includes Paint -
129 INFO TEST-UNEXPECTED-FAIL | chrome://mochitests/content/browser/docshell/test/browser/browser_timelineMarkers-02.js | markers doesn't include Paint -
submit_timestamp: 2014-12-08T20:27:57
log: https://treeherder.mozilla.org/ui/logviewer.html#?repo=try&job_id=3564313
repository: try
who: nnethercote[at]mozilla[dot]com
machine: tst-linux32-spot-347
buildname: Ubuntu VM 12.04 try opt test mochitest-browser-chrome-2
revision: d44bb785ec59

158 INFO TEST-UNEXPECTED-FAIL | chrome://mochitests/content/browser/docshell/test/browser/browser_timelineMarkers-02.js | markers includes Paint -
167 INFO TEST-UNEXPECTED-FAIL | chrome://mochitests/content/browser/docshell/test/browser/browser_timelineMarkers-02.js | markers doesn't include Paint -
submit_timestamp: 2014-12-09T05:17:55
log: https://treeherder.mozilla.org/ui/logviewer.html#?repo=fx-team&job_id=1382148
repository: fx-team
who: tomcat[at]mozilla[dot]com
machine: tst-linux64-spot-1132
buildname: Ubuntu VM 12.04 x64 fx-team pgo test mochitest-devtools-chrome
revision: 3368df73756b

8855 INFO TEST-UNEXPECTED-FAIL | chrome://mochitests/content/browser/toolkit/devtools/server/tests/browser/browser_timeline.js | markers includes Paint -
submit_timestamp: 2014-12-09T06:02:10
log: https://treeherder.mozilla.org/ui/logviewer.html#?repo=mozilla-inbound&job_id=4459966
repository: mozilla-inbound
who: tomcat[at]mozilla[dot]com
machine: tst-linux64-spot-995
buildname: Ubuntu VM 12.04 x64 mozilla-inbound opt test mochitest-browser-chrome-2
revision: 6f6153ab2308

163 INFO TEST-UNEXPECTED-FAIL | chrome://mochitests/content/browser/docshell/test/browser/browser_timelineMarkers-02.js | markers includes Paint -
172 INFO TEST-UNEXPECTED-FAIL | chrome://mochitests/content/browser/docshell/test/browser/browser_timelineMarkers-02.js | markers doesn't include Paint -
submit_timestamp: 2014-12-09T06:02:10
log: https://treeherder.mozilla.org/ui/logviewer.html#?repo=try&job_id=3555121
repository: try
who: jcoppeard[at]mozilla[dot]com
machine: tst-linux64-spot-163
buildname: Ubuntu VM 12.04 x64 try opt test mochitest-browser-chrome-2
revision: deb2e32a6551

158 INFO TEST-UNEXPECTED-FAIL | chrome://mochitests/content/browser/docshell/test/browser/browser_timelineMarkers-02.js | markers includes Paint -
167 INFO TEST-UNEXPECTED-FAIL | chrome://mochitests/content/browser/docshell/test/browser/browser_timelineMarkers-02.js | markers doesn't include Paint -
submit_timestamp: 2014-12-09T06:02:22
log: https://treeherder.mozilla.org/ui/logviewer.html#?repo=mozilla-inbound&job_id=4460221
repository: mozilla-inbound
who: tomcat[at]mozilla[dot]com
machine: tst-linux32-spot-187
buildname: Ubuntu VM 12.04 mozilla-inbound opt test mochitest-browser-chrome-2
revision: bdde76983c88

158 INFO TEST-UNEXPECTED-FAIL | chrome://mochitests/content/browser/docshell/test/browser/browser_timelineMarkers-02.js | markers includes Paint -
167 INFO TEST-UNEXPECTED-FAIL | chrome://mochitests/content/browser/docshell/test/browser/browser_timelineMarkers-02.js | markers doesn't include Paint -
submit_timestamp: 2014-12-10T16:37:56
log: https://treeherder.mozilla.org/ui/logviewer.html#?repo=mozilla-inbound&job_id=4522631
repository: mozilla-inbound
who: wkocher[at]mozilla[dot]com
machine: tst-linux64-spot-545
buildname: Ubuntu VM 12.04 x64 mozilla-inbound opt test mochitest-browser-chrome-2
revision: 062c02be18be

158 INFO TEST-UNEXPECTED-FAIL | chrome://mochitests/content/browser/docshell/test/browser/browser_timelineMarkers-02.js | markers includes Paint -
167 INFO TEST-UNEXPECTED-FAIL | chrome://mochitests/content/browser/docshell/test/browser/browser_timelineMarkers-02.js | markers doesn't include Paint -
submit_timestamp: 2014-12-10T16:38:02
log: https://treeherder.mozilla.org/ui/logviewer.html#?repo=mozilla-inbound&job_id=4521819
repository: mozilla-inbound
who: wkocher[at]mozilla[dot]com
machine: tst-linux64-spot-797
buildname: Ubuntu VM 12.04 x64 mozilla-inbound opt test mochitest-browser-chrome-2
revision: b2f813477747

168 INFO TEST-UNEXPECTED-FAIL | chrome://mochitests/content/browser/docshell/test/browser/browser_timelineMarkers-02.js | markers includes Paint -
177 INFO TEST-UNEXPECTED-FAIL | chrome://mochitests/content/browser/docshell/test/browser/browser_timelineMarkers-02.js | markers doesn't include Paint -
submit_timestamp: 2014-12-10T19:03:09
log: https://treeherder.mozilla.org/ui/logviewer.html#?repo=mozilla-inbound&job_id=4529374
repository: mozilla-inbound
who: philringnalda[at]gmail[dot]com
machine: tst-linux32-spot-364
buildname: Ubuntu VM 12.04 mozilla-inbound opt test mochitest-browser-chrome-2
revision: 731e8e1a0494

168 INFO TEST-UNEXPECTED-FAIL | chrome://mochitests/content/browser/docshell/test/browser/browser_timelineMarkers-02.js | markers includes Paint -
177 INFO TEST-UNEXPECTED-FAIL | chrome://mochitests/content/browser/docshell/test/browser/browser_timelineMarkers-02.js | markers doesn't include Paint -
submit_timestamp: 2014-12-10T19:16:06
log: https://treeherder.mozilla.org/ui/logviewer.html#?repo=fx-team&job_id=1411153
repository: fx-team
who: philringnalda[at]gmail[dot]com
machine: t-xp32-ix-148
buildname: Windows XP 32-bit fx-team opt test mochitest-browser-chrome-2
revision: dd59cf445ac2

156 INFO TEST-UNEXPECTED-FAIL | chrome://mochitests/content/browser/docshell/test/browser/browser_timelineMarkers-02.js | marker has one rectangle -
Return code: 1
submit_timestamp: 2014-12-10T19:53:11
log: https://treeherder.mozilla.org/ui/logviewer.html#?repo=mozilla-inbound&job_id=4531436
repository: mozilla-inbound
who: philringnalda[at]gmail[dot]com
machine: tst-linux32-spot-377
buildname: Ubuntu VM 12.04 mozilla-inbound opt test mochitest-browser-chrome-2
revision: 8dbf60547db0

168 INFO TEST-UNEXPECTED-FAIL | chrome://mochitests/content/browser/docshell/test/browser/browser_timelineMarkers-02.js | markers includes Paint -
177 INFO TEST-UNEXPECTED-FAIL | chrome://mochitests/content/browser/docshell/test/browser/browser_timelineMarkers-02.js | markers doesn't include Paint -
submit_timestamp: 2014-12-11T08:26:13
log: https://treeherder.mozilla.org/ui/logviewer.html#?repo=mozilla-inbound&job_id=4556589
repository: mozilla-inbound
who: rvandermeulen[at]mozilla[dot]com
machine: tst-linux64-spot-495
buildname: Ubuntu VM 12.04 x64 mozilla-inbound opt test mochitest-browser-chrome-2
revision: 445905b4d3c3

158 INFO TEST-UNEXPECTED-FAIL | chrome://mochitests/content/browser/docshell/test/browser/browser_timelineMarkers-02.js | markers includes Paint -
167 INFO TEST-UNEXPECTED-FAIL | chrome://mochitests/content/browser/docshell/test/browser/browser_timelineMarkers-02.js | markers doesn't include Paint -
submit_timestamp: 2014-12-11T13:21:19
log: https://treeherder.mozilla.org/ui/logviewer.html#?repo=fx-team&job_id=1418793
repository: fx-team
who: rvandermeulen[at]mozilla[dot]com
machine: talos-mtnlion-r5-015
buildname: Rev5 MacOSX Mountain Lion 10.8 fx-team debug test mochitest-devtools-chrome-3
revision: 0812ccbf1b65

861 INFO TEST-UNEXPECTED-FAIL | chrome://mochitests/content/browser/toolkit/devtools/server/tests/browser/browser_timeline.js | markers includes Paint -
submit_timestamp: 2014-12-11T19:43:26
log: https://treeherder.mozilla.org/ui/logviewer.html#?repo=mozilla-inbound&job_id=4575917
repository: mozilla-inbound
who: philringnalda[at]gmail[dot]com
machine: t-w732-ix-036
buildname: Windows 7 32-bit mozilla-inbound debug test mochitest-devtools-chrome-3
revision: 76b604c4556c

TypeError: this.inspector is null: RuleViewTool.prototype.isSidebarActive@resource://gre/modules/commonjs/toolkit/loader.js -> resource:///modules/devtools/styleinspector/style-inspector.js:54:5
TypeError: this.inspector is null: ComputedViewTool.prototype.isSidebarActive@resource://gre/modules/commonjs/toolkit/loader.js -> resource:///modules/devtools/styleinspector/style-inspector.js:181:5
857 INFO TEST-UNEXPECTED-FAIL | chrome://mochitests/content/browser/toolkit/devtools/server/tests/browser/browser_timeline.js | markers includes Paint -
Return code: 1
submit_timestamp: 2014-12-11T22:30:01
log: https://treeherder.mozilla.org/ui/logviewer.html#?repo=b2g-inbound&job_id=980778
repository: b2g-inbound
who: philringnalda[at]gmail[dot]com
machine: tst-linux64-spot-034
buildname: Ubuntu VM 12.04 x64 b2g-inbound pgo test mochitest-browser-chrome-2
revision: cdab03b29e70

158 INFO TEST-UNEXPECTED-FAIL | chrome://mochitests/content/browser/docshell/test/browser/browser_timelineMarkers-02.js | markers includes Paint -
167 INFO TEST-UNEXPECTED-FAIL | chrome://mochitests/content/browser/docshell/test/browser/browser_timelineMarkers-02.js | markers doesn't include Paint -
submit_timestamp: 2014-12-11T23:58:01
log: https://treeherder.mozilla.org/ui/logviewer.html#?repo=fx-team&job_id=1421979
repository: fx-team
who: tomcat[at]mozilla[dot]com
machine: t-w732-ix-084
buildname: Windows 7 32-bit fx-team debug test mochitest-devtools-chrome-3
revision: 1f86aebdcc2e

TypeError: this.inspector is null: RuleViewTool.prototype.isSidebarActive@resource://gre/modules/commonjs/toolkit/loader.js -> resource:///modules/devtools/styleinspector/style-inspector.js:54:5
TypeError: this.inspector is null: ComputedViewTool.prototype.isSidebarActive@resource://gre/modules/commonjs/toolkit/loader.js -> resource:///modules/devtools/styleinspector/style-inspector.js:181:5
857 INFO TEST-UNEXPECTED-FAIL | chrome://mochitests/content/browser/toolkit/devtools/server/tests/browser/browser_timeline.js | markers includes Paint -
Return code: 1
submit_timestamp: 2014-12-12T03:22:20
log: https://treeherder.mozilla.org/ui/logviewer.html#?repo=mozilla-inbound&job_id=4581702
repository: mozilla-inbound
who: tomcat[at]mozilla[dot]com
machine: t-w864-ix-060
buildname: Windows 8 64-bit mozilla-inbound debug test mochitest-devtools-chrome-3
revision: ed5fa69e3fdf

864 INFO TEST-UNEXPECTED-FAIL | chrome://mochitests/content/browser/toolkit/devtools/server/tests/browser/browser_timeline.js | markers includes Paint -
Return code: 1
submit_timestamp: 2014-12-12T04:15:12
log: https://treeherder.mozilla.org/ui/logviewer.html#?repo=fx-team&job_id=1423455
repository: fx-team
who: tomcat[at]mozilla[dot]com
machine: t-w732-ix-056
buildname: Windows 7 32-bit fx-team debug test mochitest-devtools-chrome-3
revision: 8fdd13f5dba9

TypeError: this.inspector is null: RuleViewTool.prototype.isSidebarActive@resource://gre/modules/commonjs/toolkit/loader.js -> resource:///modules/devtools/styleinspector/style-inspector.js:54:5
TypeError: this.inspector is null: ComputedViewTool.prototype.isSidebarActive@resource://gre/modules/commonjs/toolkit/loader.js -> resource:///modules/devtools/styleinspector/style-inspector.js:181:5
857 INFO TEST-UNEXPECTED-FAIL | chrome://mochitests/content/browser/toolkit/devtools/server/tests/browser/browser_timeline.js | markers includes Paint -
Return code: 1
submit_timestamp: 2014-12-12T05:27:29
log: https://treeherder.mozilla.org/ui/logviewer.html#?repo=fx-team&job_id=1425506
repository: fx-team
who: tomcat[at]mozilla[dot]com
machine: t-w732-ix-050
buildname: Windows 7 32-bit fx-team debug test mochitest-devtools-chrome-3
revision: 1e535a5222fb

TypeError: this.inspector is null: RuleViewTool.prototype.isSidebarActive@resource://gre/modules/commonjs/toolkit/loader.js -> resource:///modules/devtools/styleinspector/style-inspector.js:54:5
TypeError: this.inspector is null: ComputedViewTool.prototype.isSidebarActive@resource://gre/modules/commonjs/toolkit/loader.js -> resource:///modules/devtools/styleinspector/style-inspector.js:181:5
857 INFO TEST-UNEXPECTED-FAIL | chrome://mochitests/content/browser/toolkit/devtools/server/tests/browser/browser_timeline.js | markers includes Paint -
Return code: 1
submit_timestamp: 2014-12-12T06:40:43
log: https://treeherder.mozilla.org/ui/logviewer.html#?repo=mozilla-central&job_id=751459
repository: mozilla-central
who: tomcat[at]mozilla[dot]com
machine: t-w732-ix-005
buildname: Windows 7 32-bit mozilla-central debug test mochitest-devtools-chrome-3
revision: 396b4f8be85b

TypeError: this.inspector is null: RuleViewTool.prototype.isSidebarActive@resource://gre/modules/commonjs/toolkit/loader.js -> resource:///modules/devtools/styleinspector/style-inspector.js:54:5
TypeError: this.inspector is null: ComputedViewTool.prototype.isSidebarActive@resource://gre/modules/commonjs/toolkit/loader.js -> resource:///modules/devtools/styleinspector/style-inspector.js:181:5
857 INFO TEST-UNEXPECTED-FAIL | chrome://mochitests/content/browser/toolkit/devtools/server/tests/browser/browser_timeline.js | markers includes Paint -
Return code: 1
submit_timestamp: 2014-12-12T07:37:44
log: https://treeherder.mozilla.org/ui/logviewer.html#?repo=fx-team&job_id=1426268
repository: fx-team
who: tomcat[at]mozilla[dot]com
machine: t-w732-ix-060
buildname: Windows 7 32-bit fx-team debug test mochitest-devtools-chrome-3
revision: a22165f1193a

TypeError: this.inspector is null: RuleViewTool.prototype.isSidebarActive@resource://gre/modules/commonjs/toolkit/loader.js -> resource:///modules/devtools/styleinspector/style-inspector.js:54:5
TypeError: this.inspector is null: ComputedViewTool.prototype.isSidebarActive@resource://gre/modules/commonjs/toolkit/loader.js -> resource:///modules/devtools/styleinspector/style-inspector.js:181:5
857 INFO TEST-UNEXPECTED-FAIL | chrome://mochitests/content/browser/toolkit/devtools/server/tests/browser/browser_timeline.js | markers includes Paint -
Return code: 1
submit_timestamp: 2014-12-12T07:42:33
log: https://treeherder.mozilla.org/ui/logviewer.html#?repo=fx-team&job_id=1427956
repository: fx-team
who: philringnalda[at]gmail[dot]com
machine: tst-linux64-spot-1275
buildname: Ubuntu VM 12.04 x64 fx-team opt test mochitest-browser-chrome-2
revision: 63205db3303e

158 INFO TEST-UNEXPECTED-FAIL | chrome://mochitests/content/browser/docshell/test/browser/browser_timelineMarkers-02.js | markers includes Paint -
167 INFO TEST-UNEXPECTED-FAIL | chrome://mochitests/content/browser/docshell/test/browser/browser_timelineMarkers-02.js | markers doesn't include Paint -
submit_timestamp: 2014-12-12T12:01:54
log: https://treeherder.mozilla.org/ui/logviewer.html#?repo=b2g-inbound&job_id=986044
repository: b2g-inbound
who: wkocher[at]mozilla[dot]com
machine: t-w864-ix-150
buildname: Windows 8 64-bit b2g-inbound debug test mochitest-devtools-chrome-3
revision: beac475d3863

857 INFO TEST-UNEXPECTED-FAIL | chrome://mochitests/content/browser/toolkit/devtools/server/tests/browser/browser_timeline.js | markers includes Paint -
Return code: 1
submit_timestamp: 2014-12-12T15:53:16
log: https://treeherder.mozilla.org/ui/logviewer.html#?repo=mozilla-inbound&job_id=4609537
repository: mozilla-inbound
who: wkocher[at]mozilla[dot]com
machine: t-w732-ix-041
buildname: Windows 7 32-bit mozilla-inbound debug test mochitest-devtools-chrome-3
revision: 185c34ef0199

TypeError: this.inspector is null: RuleViewTool.prototype.isSidebarActive@resource://gre/modules/commonjs/toolkit/loader.js -> resource:///modules/devtools/styleinspector/style-inspector.js:54:5
TypeError: this.inspector is null: ComputedViewTool.prototype.isSidebarActive@resource://gre/modules/commonjs/toolkit/loader.js -> resource:///modules/devtools/styleinspector/style-inspector.js:181:5
857 INFO TEST-UNEXPECTED-FAIL | chrome://mochitests/content/browser/toolkit/devtools/server/tests/browser/browser_timeline.js | markers includes Paint -
Return code: 1
submit_timestamp: 2014-12-12T16:01:19
log: https://treeherder.mozilla.org/ui/logviewer.html#?repo=fx-team&job_id=1431685
repository: fx-team
who: wkocher[at]mozilla[dot]com
machine: t-w732-ix-052
buildname: Windows 7 32-bit fx-team debug test mochitest-devtools-chrome-3
revision: a1663501b36b

TypeError: this.inspector is null: RuleViewTool.prototype.isSidebarActive@resource://gre/modules/commonjs/toolkit/loader.js -> resource:///modules/devtools/styleinspector/style-inspector.js:54:5
TypeError: this.inspector is null: ComputedViewTool.prototype.isSidebarActive@resource://gre/modules/commonjs/toolkit/loader.js -> resource:///modules/devtools/styleinspector/style-inspector.js:181:5
857 INFO TEST-UNEXPECTED-FAIL | chrome://mochitests/content/browser/toolkit/devtools/server/tests/browser/browser_timeline.js | markers includes Paint -
Return code: 1
submit_timestamp: 2014-12-12T17:56:05
log: https://treeherder.mozilla.org/ui/logviewer.html#?repo=mozilla-inbound&job_id=4614000
repository: mozilla-inbound
who: wkocher[at]mozilla[dot]com
machine: t-w732-ix-080
buildname: Windows 7 32-bit mozilla-inbound debug test mochitest-devtools-chrome-3
revision: e82d68a27632

TypeError: this.inspector is null: RuleViewTool.prototype.isSidebarActive@resource://gre/modules/commonjs/toolkit/loader.js -> resource:///modules/devtools/styleinspector/style-inspector.js:54:5
TypeError: this.inspector is null: ComputedViewTool.prototype.isSidebarActive@resource://gre/modules/commonjs/toolkit/loader.js -> resource:///modules/devtools/styleinspector/style-inspector.js:181:5
857 INFO TEST-UNEXPECTED-FAIL | chrome://mochitests/content/browser/toolkit/devtools/server/tests/browser/browser_timeline.js | markers includes Paint -
Return code: 1
submit_timestamp: 2014-12-12T18:18:12
log: https://treeherder.mozilla.org/ui/logviewer.html#?repo=mozilla-inbound&job_id=4614813
repository: mozilla-inbound
who: wkocher[at]mozilla[dot]com
machine: tst-linux32-spot-578
buildname: Ubuntu VM 12.04 mozilla-inbound opt test mochitest-browser-chrome-2
revision: 0f5cdda7a611

168 INFO TEST-UNEXPECTED-FAIL | chrome://mochitests/content/browser/docshell/test/browser/browser_timelineMarkers-02.js | markers includes Paint -
177 INFO TEST-UNEXPECTED-FAIL | chrome://mochitests/content/browser/docshell/test/browser/browser_timelineMarkers-02.js | markers doesn't include Paint -
submit_timestamp: 2014-12-13T00:15:03
log: https://treeherder.mozilla.org/ui/logviewer.html#?repo=mozilla-inbound&job_id=4623314
repository: mozilla-inbound
who: nigelbabu[at]gmail[dot]com
machine: t-w732-ix-084
buildname: Windows 7 32-bit mozilla-inbound debug test mochitest-devtools-chrome-3
revision: 96f1307908bf

TypeError: this.inspector is null: RuleViewTool.prototype.isSidebarActive@resource://gre/modules/commonjs/toolkit/loader.js -> resource:///modules/devtools/styleinspector/style-inspector.js:54:5
TypeError: this.inspector is null: ComputedViewTool.prototype.isSidebarActive@resource://gre/modules/commonjs/toolkit/loader.js -> resource:///modules/devtools/styleinspector/style-inspector.js:181:5
857 INFO TEST-UNEXPECTED-FAIL | chrome://mochitests/content/browser/toolkit/devtools/server/tests/browser/browser_timeline.js | markers includes Paint -
Return code: 1
submit_timestamp: 2014-12-15T00:07:59
log: https://treeherder.mozilla.org/ui/logviewer.html#?repo=mozilla-inbound&job_id=4636888
repository: mozilla-inbound
who: tomcat[at]mozilla[dot]com
machine: t-w732-ix-040
buildname: Windows 7 32-bit mozilla-inbound debug test mochitest-devtools-chrome-3
revision: 85d72b79dd43

TypeError: this.inspector is null: RuleViewTool.prototype.isSidebarActive@resource://gre/modules/commonjs/toolkit/loader.js -> resource:///modules/devtools/styleinspector/style-inspector.js:54:5
TypeError: this.inspector is null: ComputedViewTool.prototype.isSidebarActive@resource://gre/modules/commonjs/toolkit/loader.js -> resource:///modules/devtools/styleinspector/style-inspector.js:181:5
857 INFO TEST-UNEXPECTED-FAIL | chrome://mochitests/content/browser/toolkit/devtools/server/tests/browser/browser_timeline.js | markers includes Paint -
Return code: 1
submit_timestamp: 2014-12-15T01:49:44
log: https://treeherder.mozilla.org/ui/logviewer.html#?repo=try&job_id=3690088
repository: try
who: pbrosset[at]mozilla[dot]com
machine: t-w732-ix-112
buildname: Windows 7 32-bit try debug test mochitest-devtools-chrome-3
revision: 15c6f960933d

TypeError: this.inspector is null: RuleViewTool.prototype.isSidebarActive@resource://gre/modules/commonjs/toolkit/loader.js -> resource:///modules/devtools/styleinspector/style-inspector.js:54:5
TypeError: this.inspector is null: ComputedViewTool.prototype.isSidebarActive@resource://gre/modules/commonjs/toolkit/loader.js -> resource:///modules/devtools/styleinspector/style-inspector.js:181:5
857 INFO TEST-UNEXPECTED-FAIL | chrome://mochitests/content/browser/toolkit/devtools/server/tests/browser/browser_timeline.js | markers includes Paint -
Return code: 1
submit_timestamp: 2014-12-15T01:49:55
log: https://treeherder.mozilla.org/ui/logviewer.html#?repo=try&job_id=3690071
repository: try
who: pbrosset[at]mozilla[dot]com
machine: t-w732-ix-060
buildname: Windows 7 32-bit try debug test mochitest-devtools-chrome-3
revision: 15c6f960933d

TypeError: this.inspector is null: RuleViewTool.prototype.isSidebarActive@resource://gre/modules/commonjs/toolkit/loader.js -> resource:///modules/devtools/styleinspector/style-inspector.js:54:5
TypeError: this.inspector is null: ComputedViewTool.prototype.isSidebarActive@resource://gre/modules/commonjs/toolkit/loader.js -> resource:///modules/devtools/styleinspector/style-inspector.js:181:5
857 INFO TEST-UNEXPECTED-FAIL | chrome://mochitests/content/browser/toolkit/devtools/server/tests/browser/browser_timeline.js | markers includes Paint -
Return code: 1
submit_timestamp: 2014-12-15T02:51:51
log: https://treeherder.mozilla.org/ui/logviewer.html#?repo=fx-team&job_id=1434209
repository: fx-team
who: tomcat[at]mozilla[dot]com
machine: t-w732-ix-138
buildname: Windows 7 32-bit fx-team debug test mochitest-devtools-chrome-3
revision: 0717d2d74063

TypeError: this.inspector is null: RuleViewTool.prototype.isSidebarActive@resource://gre/modules/commonjs/toolkit/loader.js -> resource:///modules/devtools/styleinspector/style-inspector.js:54:5
TypeError: this.inspector is null: ComputedViewTool.prototype.isSidebarActive@resource://gre/modules/commonjs/toolkit/loader.js -> resource:///modules/devtools/styleinspector/style-inspector.js:181:5
857 INFO TEST-UNEXPECTED-FAIL | chrome://mochitests/content/browser/toolkit/devtools/server/tests/browser/browser_timeline.js | markers includes Paint -
Return code: 1
submit_timestamp: 2014-12-15T04:24:02
log: https://treeherder.mozilla.org/ui/logviewer.html#?repo=mozilla-inbound&job_id=4633864
repository: mozilla-inbound
who: tomcat[at]mozilla[dot]com
machine: tst-linux64-spot-267
buildname: Ubuntu VM 12.04 x64 mozilla-inbound pgo test mochitest-browser-chrome-2
revision: 16ea12664917

171 INFO TEST-UNEXPECTED-FAIL | chrome://mochitests/content/browser/docshell/test/browser/browser_timelineMarkers-02.js | markers includes Paint -
180 INFO TEST-UNEXPECTED-FAIL | chrome://mochitests/content/browser/docshell/test/browser/browser_timelineMarkers-02.js | markers doesn't include Paint -
submit_timestamp: 2014-12-15T04:24:31
log: https://treeherder.mozilla.org/ui/logviewer.html#?repo=mozilla-inbound&job_id=4633530
repository: mozilla-inbound
who: tomcat[at]mozilla[dot]com
machine: t-w732-ix-090
buildname: Windows 7 32-bit mozilla-inbound debug test mochitest-devtools-chrome-3
revision: 16ea12664917

TypeError: this.inspector is null: RuleViewTool.prototype.isSidebarActive@resource://gre/modules/commonjs/toolkit/loader.js -> resource:///modules/devtools/styleinspector/style-inspector.js:54:5
TypeError: this.inspector is null: ComputedViewTool.prototype.isSidebarActive@resource://gre/modules/commonjs/toolkit/loader.js -> resource:///modules/devtools/styleinspector/style-inspector.js:181:5
857 INFO TEST-UNEXPECTED-FAIL | chrome://mochitests/content/browser/toolkit/devtools/server/tests/browser/browser_timeline.js | markers includes Paint -
Return code: 1
submit_timestamp: 2014-12-15T04:26:22
log: https://treeherder.mozilla.org/ui/logviewer.html#?repo=mozilla-inbound&job_id=4632717
repository: mozilla-inbound
who: tomcat[at]mozilla[dot]com
machine: t-w732-ix-091
buildname: Windows 7 32-bit mozilla-inbound debug test mochitest-devtools-chrome-3
revision: 9cacf0449d5e

TypeError: this.inspector is null: RuleViewTool.prototype.isSidebarActive@resource://gre/modules/commonjs/toolkit/loader.js -> resource:///modules/devtools/styleinspector/style-inspector.js:54:5
TypeError: this.inspector is null: ComputedViewTool.prototype.isSidebarActive@resource://gre/modules/commonjs/toolkit/loader.js -> resource:///modules/devtools/styleinspector/style-inspector.js:181:5
857 INFO TEST-UNEXPECTED-FAIL | chrome://mochitests/content/browser/toolkit/devtools/server/tests/browser/browser_timeline.js | markers includes Paint -
Return code: 1
submit_timestamp: 2014-12-15T05:55:53
log: https://treeherder.mozilla.org/ui/logviewer.html#?repo=b2g-inbound&job_id=989787
repository: b2g-inbound
who: tomcat[at]mozilla[dot]com
machine: t-w732-ix-112
buildname: Windows 7 32-bit b2g-inbound debug test mochitest-devtools-chrome-3
revision: 220f9cd8097a

TypeError: this.inspector is null: RuleViewTool.prototype.isSidebarActive@resource://gre/modules/commonjs/toolkit/loader.js -> resource:///modules/devtools/styleinspector/style-inspector.js:54:5
TypeError: this.inspector is null: ComputedViewTool.prototype.isSidebarActive@resource://gre/modules/commonjs/toolkit/loader.js -> resource:///modules/devtools/styleinspector/style-inspector.js:181:5
857 INFO TEST-UNEXPECTED-FAIL | chrome://mochitests/content/browser/toolkit/devtools/server/tests/browser/browser_timeline.js | markers includes Paint -
Return code: 1
submit_timestamp: 2014-12-15T06:03:33
log: https://treeherder.mozilla.org/ui/logviewer.html#?repo=b2g-inbound&job_id=992306
repository: b2g-inbound
who: tomcat[at]mozilla[dot]com
machine: tst-linux32-spot-138
buildname: Ubuntu VM 12.04 b2g-inbound pgo test mochitest-browser-chrome-2
revision: 3dca53849c30

17 INFO TEST-UNEXPECTED-FAIL | chrome://mochitests/content/browser/browser/extensions/pdfjs/test/browser_pdfjs_navigation.js | Outline items have ben found -
18 INFO TEST-UNEXPECTED-FAIL | chrome://mochitests/content/browser/browser/extensions/pdfjs/test/browser_pdfjs_navigation.js | Document is left on the last page - Got 1, expected 5
125 INFO TEST-UNEXPECTED-FAIL | chrome://mochitests/content/browser/browser/extensions/pdfjs/test/browser_pdfjs_zoom.js | This test exceeded the timeout threshold. It should be rewritten or split up. If that's not possible, use requestLongerTimeout(N), but only as a last resort. - expected PASS
255 INFO TEST-UNEXPECTED-FAIL | chrome://mochitests/content/browser/browser/modules/test/browser_UITour2.js | This test exceeded the timeout threshold. It should be rewritten or split up. If that's not possible, use requestLongerTimeout(N), but only as a last resort. - expected PASS
364 INFO TEST-UNEXPECTED-FAIL | chrome://mochitests/content/browser/browser/modules/test/browser_UITour_loop.js | This test exceeded the timeout threshold. It should be rewritten or split up. If that's not possible, use requestLongerTimeout(N), but only as a last resort. - expected PASS
475 INFO TEST-UNEXPECTED-FAIL | chrome://mochitests/content/browser/docshell/test/browser/browser_timelineMarkers-02.js | markers includes Paint -
484 INFO TEST-UNEXPECTED-FAIL | chrome://mochitests/content/browser/docshell/test/browser/browser_timelineMarkers-02.js | markers doesn't include Paint -
621 INFO TEST-UNEXPECTED-FAIL | chrome://mochitests/content/browser/dom/power/test/browser_wakelocks.js | This test exceeded the timeout threshold. It should be rewritten or split up. If that's not possible, use requestLongerTimeout(N), but only as a last resort. - expected PASS
748 INFO TEST-UNEXPECTED-FAIL | chrome://mochitests/content/browser/dom/tests/browser/browser_focus_steal_from_chrome.js | This test exceeded the timeout threshold. It should be rewritten or split up. If that's not possible, use requestLongerTimeout(N), but only as a last resort. - expected PASS
861 INFO TEST-UNEXPECTED-FAIL | chrome://mochitests/content/browser/dom/tests/browser/browser_test_new_window_from_content.js | This test exceeded the timeout threshold. It should be rewritten or split up. If that's not possible, use requestLongerTimeout(N), but only as a last resort. - expected PASS
submit_timestamp: 2014-12-15T07:03:18
log: https://treeherder.mozilla.org/ui/logviewer.html#?repo=fx-team&job_id=1436999
repository: fx-team
who: rvandermeulen[at]mozilla[dot]com
machine: t-w732-ix-035
buildname: Windows 7 32-bit fx-team debug test mochitest-devtools-chrome-3
revision: 6704068cbf06

TypeError: this.inspector is null: RuleViewTool.prototype.isSidebarActive@resource://gre/modules/commonjs/toolkit/loader.js -> resource:///modules/devtools/styleinspector/style-inspector.js:54:5
TypeError: this.inspector is null: ComputedViewTool.prototype.isSidebarActive@resource://gre/modules/commonjs/toolkit/loader.js -> resource:///modules/devtools/styleinspector/style-inspector.js:181:5
857 INFO TEST-UNEXPECTED-FAIL | chrome://mochitests/content/browser/toolkit/devtools/server/tests/browser/browser_timeline.js | markers includes Paint -
Return code: 1
submit_timestamp: 2014-12-15T11:59:42
log: https://treeherder.mozilla.org/ui/logviewer.html#?repo=mozilla-inbound&job_id=4651839
repository: mozilla-inbound
who: rvandermeulen[at]mozilla[dot]com
machine: t-w864-ix-035
buildname: Windows 8 64-bit mozilla-inbound debug test mochitest-devtools-chrome-3
revision: 442e5902dcad

TypeError: this.inspector is null: RuleViewTool.prototype.isSidebarActive@resource://gre/modules/commonjs/toolkit/loader.js -> resource:///modules/devtools/styleinspector/style-inspector.js:54:5
TypeError: this.inspector is null: ComputedViewTool.prototype.isSidebarActive@resource://gre/modules/commonjs/toolkit/loader.js -> resource:///modules/devtools/styleinspector/style-inspector.js:181:5
857 INFO TEST-UNEXPECTED-FAIL | chrome://mochitests/content/browser/toolkit/devtools/server/tests/browser/browser_timeline.js | markers includes Paint -
Return code: 1
submit_timestamp: 2014-12-15T13:52:37
log: https://treeherder.mozilla.org/ui/logviewer.html#?repo=mozilla-central&job_id=759422
repository: mozilla-central
who: wkocher[at]mozilla[dot]com
machine: t-w732-ix-039
buildname: Windows 7 32-bit mozilla-central debug test mochitest-devtools-chrome-3
revision: 5d6e0d038f95

TypeError: this.inspector is null: RuleViewTool.prototype.isSidebarActive@resource://gre/modules/commonjs/toolkit/loader.js -> resource:///modules/devtools/styleinspector/style-inspector.js:54:5
TypeError: this.inspector is null: ComputedViewTool.prototype.isSidebarActive@resource://gre/modules/commonjs/toolkit/loader.js -> resource:///modules/devtools/styleinspector/style-inspector.js:181:5
857 INFO TEST-UNEXPECTED-FAIL | chrome://mochitests/content/browser/toolkit/devtools/server/tests/browser/browser_timeline.js | markers includes Paint -
Return code: 1
submit_timestamp: 2014-12-15T14:30:56
log: https://treeherder.mozilla.org/ui/logviewer.html#?repo=mozilla-beta&job_id=180866
repository: mozilla-beta
who: rvandermeulen[at]mozilla[dot]com
machine: talos-mtnlion-r5-085
buildname: Rev5 MacOSX Mountain Lion 10.8 mozilla-beta debug test mochitest-browser-chrome-2
revision: 3bec2715f236

126 INFO TEST-UNEXPECTED-FAIL | chrome://mochitests/content/browser/docshell/test/browser/browser_timelineMarkers-02.js | markers includes Paint -
135 INFO TEST-UNEXPECTED-FAIL | chrome://mochitests/content/browser/docshell/test/browser/browser_timelineMarkers-02.js | markers doesn't include Paint -
submit_timestamp: 2014-12-15T14:31:56
log: https://treeherder.mozilla.org/ui/logviewer.html#?repo=b2g-inbound&job_id=998428
repository: b2g-inbound
who: wkocher[at]mozilla[dot]com
machine: t-w732-ix-060
buildname: Windows 7 32-bit b2g-inbound debug test mochitest-devtools-chrome-3
revision: debd2ce34bf9

TypeError: this.inspector is null: RuleViewTool.prototype.isSidebarActive@resource://gre/modules/commonjs/toolkit/loader.js -> resource:///modules/devtools/styleinspector/style-inspector.js:54:5
TypeError: this.inspector is null: ComputedViewTool.prototype.isSidebarActive@resource://gre/modules/commonjs/toolkit/loader.js -> resource:///modules/devtools/styleinspector/style-inspector.js:181:5
857 INFO TEST-UNEXPECTED-FAIL | chrome://mochitests/content/browser/toolkit/devtools/server/tests/browser/browser_timeline.js | markers includes Paint -
Return code: 1
submit_timestamp: 2014-12-15T16:10:57
log: https://treeherder.mozilla.org/ui/logviewer.html#?repo=fx-team&job_id=1444430
repository: fx-team
who: wkocher[at]mozilla[dot]com
machine: t-w732-ix-060
buildname: Windows 7 32-bit fx-team debug test mochitest-devtools-chrome-3
revision: 240000a647f1

TypeError: this.inspector is null: RuleViewTool.prototype.isSidebarActive@resource://gre/modules/commonjs/toolkit/loader.js -> resource:///modules/devtools/styleinspector/style-inspector.js:54:5
TypeError: this.inspector is null: ComputedViewTool.prototype.isSidebarActive@resource://gre/modules/commonjs/toolkit/loader.js -> resource:///modules/devtools/styleinspector/style-inspector.js:181:5
859 INFO TEST-UNEXPECTED-FAIL | chrome://mochitests/content/browser/toolkit/devtools/server/tests/browser/browser_timeline.js | markers includes Paint -
Return code: 1
submit_timestamp: 2014-12-15T16:32:11
log: https://treeherder.mozilla.org/ui/logviewer.html#?repo=fx-team&job_id=1446142
repository: fx-team
who: wkocher[at]mozilla[dot]com
machine: t-w732-ix-064
buildname: Windows 7 32-bit fx-team debug test mochitest-devtools-chrome-3
revision: 94be697bd801

TypeError: this.inspector is null: RuleViewTool.prototype.isSidebarActive@resource://gre/modules/commonjs/toolkit/loader.js -> resource:///modules/devtools/styleinspector/style-inspector.js:54:5
TypeError: this.inspector is null: ComputedViewTool.prototype.isSidebarActive@resource://gre/modules/commonjs/toolkit/loader.js -> resource:///modules/devtools/styleinspector/style-inspector.js:181:5
859 INFO TEST-UNEXPECTED-FAIL | chrome://mochitests/content/browser/toolkit/devtools/server/tests/browser/browser_timeline.js | markers includes Paint -
Return code: 1
submit_timestamp: 2014-12-15T19:16:05
log: https://treeherder.mozilla.org/ui/logviewer.html#?repo=fx-team&job_id=1448018
repository: fx-team
who: philringnalda[at]gmail[dot]com
machine: t-w732-ix-117
buildname: Windows 7 32-bit fx-team debug test mochitest-devtools-chrome-3
revision: 1565f4af2768

TypeError: this.inspector is null: RuleViewTool.prototype.isSidebarActive@resource://gre/modules/commonjs/toolkit/loader.js -> resource:///modules/devtools/styleinspector/style-inspector.js:54:5
TypeError: this.inspector is null: ComputedViewTool.prototype.isSidebarActive@resource://gre/modules/commonjs/toolkit/loader.js -> resource:///modules/devtools/styleinspector/style-inspector.js:181:5
857 INFO TEST-UNEXPECTED-FAIL | chrome://mochitests/content/browser/toolkit/devtools/server/tests/browser/browser_timeline.js | markers includes Paint -
Return code: 1
submit_timestamp: 2014-12-15T19:16:30
log: https://treeherder.mozilla.org/ui/logviewer.html#?repo=fx-team&job_id=1446962
repository: fx-team
who: philringnalda[at]gmail[dot]com
machine: t-w864-ix-105
buildname: Windows 8 64-bit fx-team debug test mochitest-devtools-chrome-3
revision: 1d88918bd1f5

TypeError: this.inspector is null: RuleViewTool.prototype.isSidebarActive@resource://gre/modules/commonjs/toolkit/loader.js -> resource:///modules/devtools/styleinspector/style-inspector.js:54:5
TypeError: this.inspector is null: ComputedViewTool.prototype.isSidebarActive@resource://gre/modules/commonjs/toolkit/loader.js -> resource:///modules/devtools/styleinspector/style-inspector.js:181:5
857 INFO TEST-UNEXPECTED-FAIL | chrome://mochitests/content/browser/toolkit/devtools/server/tests/browser/browser_timeline.js | markers includes Paint -
Return code: 1
submit_timestamp: 2014-12-15T19:43:04
log: https://treeherder.mozilla.org/ui/logviewer.html#?repo=mozilla-inbound&job_id=4660649
repository: mozilla-inbound
who: philringnalda[at]gmail[dot]com
machine: tst-linux64-spot-1095
buildname: Ubuntu VM 12.04 x64 mozilla-inbound opt test mochitest-browser-chrome-2
revision: da727b086b56

171 INFO TEST-UNEXPECTED-FAIL | chrome://mochitests/content/browser/docshell/test/browser/browser_timelineMarkers-02.js | markers includes Paint -
180 INFO TEST-UNEXPECTED-FAIL | chrome://mochitests/content/browser/docshell/test/browser/browser_timelineMarkers-02.js | markers doesn't include Paint -
submit_timestamp: 2014-12-15T21:02:39
log: https://treeherder.mozilla.org/ui/logviewer.html#?repo=mozilla-inbound&job_id=4662895
repository: mozilla-inbound
who: nigelbabu[at]gmail[dot]com
machine: t-w732-ix-106
buildname: Windows 7 32-bit mozilla-inbound debug test mochitest-devtools-chrome-3
revision: 1472cc0c85b2

TypeError: this.inspector is null: RuleViewTool.prototype.isSidebarActive@resource://gre/modules/commonjs/toolkit/loader.js -> resource:///modules/devtools/styleinspector/style-inspector.js:54:5
TypeError: this.inspector is null: ComputedViewTool.prototype.isSidebarActive@resource://gre/modules/commonjs/toolkit/loader.js -> resource:///modules/devtools/styleinspector/style-inspector.js:181:5
857 INFO TEST-UNEXPECTED-FAIL | chrome://mochitests/content/browser/toolkit/devtools/server/tests/browser/browser_timeline.js | markers includes Paint -
Return code: 1
submit_timestamp: 2014-12-15T23:55:21
log: https://treeherder.mozilla.org/ui/logviewer.html#?repo=mozilla-inbound&job_id=4666506
repository: mozilla-inbound
who: tomcat[at]mozilla[dot]com
machine: t-w732-ix-139
buildname: Windows 7 32-bit mozilla-inbound debug test mochitest-devtools-chrome-3
revision: 9f0d701d11c2

857 INFO TEST-UNEXPECTED-FAIL | chrome://mochitests/content/browser/toolkit/devtools/server/tests/browser/browser_timeline.js | markers includes Paint -
Return code: 1
submit_timestamp: 2014-12-16T02:36:15
log: https://treeherder.mozilla.org/ui/logviewer.html#?repo=fx-team&job_id=1448589
repository: fx-team
who: tomcat[at]mozilla[dot]com
machine: t-w732-ix-153
buildname: Windows 7 32-bit fx-team debug test mochitest-devtools-chrome-3
revision: c34f43a2a072

TypeError: this.inspector is null: RuleViewTool.prototype.isSidebarActive@resource://gre/modules/commonjs/toolkit/loader.js -> resource:///modules/devtools/styleinspector/style-inspector.js:54:5
TypeError: this.inspector is null: ComputedViewTool.prototype.isSidebarActive@resource://gre/modules/commonjs/toolkit/loader.js -> resource:///modules/devtools/styleinspector/style-inspector.js:181:5
857 INFO TEST-UNEXPECTED-FAIL | chrome://mochitests/content/browser/toolkit/devtools/server/tests/browser/browser_timeline.js | markers includes Paint -
Return code: 1
submit_timestamp: 2014-12-16T06:29:21
log: https://treeherder.mozilla.org/ui/logviewer.html#?repo=mozilla-central&job_id=762148
repository: mozilla-central
who: tomcat[at]mozilla[dot]com
machine: t-w864-ix-014
buildname: Windows 8 64-bit mozilla-central debug test mochitest-devtools-chrome-3
revision: a3030140d5df

TypeError: this.inspector is null: RuleViewTool.prototype.isSidebarActive@resource://gre/modules/commonjs/toolkit/loader.js -> resource:///modules/devtools/styleinspector/style-inspector.js:54:5
TypeError: this.inspector is null: ComputedViewTool.prototype.isSidebarActive@resource://gre/modules/commonjs/toolkit/loader.js -> resource:///modules/devtools/styleinspector/style-inspector.js:181:5
857 INFO TEST-UNEXPECTED-FAIL | chrome://mochitests/content/browser/toolkit/devtools/server/tests/browser/browser_timeline.js | markers includes Paint -
Return code: 1
submit_timestamp: 2014-12-16T08:59:08
log: https://treeherder.mozilla.org/ui/logviewer.html#?repo=mozilla-inbound&job_id=4678789
repository: mozilla-inbound
who: rvandermeulen[at]mozilla[dot]com
machine: t-w732-ix-111
buildname: Windows 7 32-bit mozilla-inbound debug test mochitest-devtools-chrome-3
revision: 473ecad73b44

TypeError: this.inspector is null: RuleViewTool.prototype.isSidebarActive@resource://gre/modules/commonjs/toolkit/loader.js -> resource:///modules/devtools/styleinspector/style-inspector.js:54:5
TypeError: this.inspector is null: ComputedViewTool.prototype.isSidebarActive@resource://gre/modules/commonjs/toolkit/loader.js -> resource:///modules/devtools/styleinspector/style-inspector.js:181:5
857 INFO TEST-UNEXPECTED-FAIL | chrome://mochitests/content/browser/toolkit/devtools/server/tests/browser/browser_timeline.js | markers includes Paint -
Return code: 1
submit_timestamp: 2014-12-16T09:28:58
log: https://treeherder.mozilla.org/ui/logviewer.html#?repo=mozilla-inbound&job_id=4680214
repository: mozilla-inbound
who: rvandermeulen[at]mozilla[dot]com
machine: tst-linux32-spot-777
buildname: Ubuntu VM 12.04 mozilla-inbound opt test mochitest-browser-chrome-2
revision: c1c84378ba02

171 INFO TEST-UNEXPECTED-FAIL | chrome://mochitests/content/browser/docshell/test/browser/browser_timelineMarkers-02.js | markers includes Paint -
180 INFO TEST-UNEXPECTED-FAIL | chrome://mochitests/content/browser/docshell/test/browser/browser_timelineMarkers-02.js | markers doesn't include Paint -
This is current #6 on OrangeFactor. Can we please get some attention on this bug? Looks like it's basically been failing since it landed.
submit_timestamp: 2014-12-16T10:57:22
log: https://treeherder.mozilla.org/ui/logviewer.html#?repo=mozilla-inbound&job_id=4685119
repository: mozilla-inbound
who: rvandermeulen[at]mozilla[dot]com
machine: tst-linux32-spot-101
buildname: Ubuntu VM 12.04 mozilla-inbound opt test mochitest-browser-chrome-2
revision: 309b2f28b7c9

161 INFO TEST-UNEXPECTED-FAIL | chrome://mochitests/content/browser/docshell/test/browser/browser_timelineMarkers-02.js | markers includes Paint -
170 INFO TEST-UNEXPECTED-FAIL | chrome://mochitests/content/browser/docshell/test/browser/browser_timelineMarkers-02.js | markers doesn't include Paint -
There are 2 tests failing here:
1) /toolkit/devtools/server/tests/browser/browser_timeline.js
2) /docshell/test/browser/browser_timelineMarkers-02.js

1 tests that the devtools actor actually works as expected, but it also verifies that paint/reflow/styles operations are part of the recorded markers. I don't think it should. This test should only really be interested in testing the actor's API, not the content of the markers, which test 2 is supposed to do.
So, removing the corresponding assertions should make test 1 far more stable.

Now, 2 is supposed to test the marker recorder mechanism at docShell level, so it makes more sense that it does verify the content of the markers. But it fails to do so in a reliable manner. So this will require more work.

I'll upload a patch for 1 first.
Created attachment 8537393
bug1066474-1-browser_timeline.js v1.patch

Hey Paul, what do you think of this change (see my previous comment for more info)?
I haven't yet sent that to try.
Pending try build for this first patch: https://treeherder.mozilla.org/ui/#/jobs?repo=try&revision=28bf87338afe
About /docshell/test/browser/browser_timelineMarkers-02.js:
It relies on a helper function: waitForMarkers [1] which starts an interval, and checks if markers have been received at each iteration. As soon as at least 1 marker is received, it stops there and resolves.
I don't think anything guarantees that all the markers the test is interested in will be sent in one batch (especially on slow machine and with async reflows, ...).

What if we re-worked that function to make it take in a new argument which would be the list of expected marker types to wait for, and make it only resolve when those markers have been received?

Tom, you know this code best now, let me know your thoughts on this.

[1] http://mxr.mozilla.org/mozilla-central/source/docshell/test/browser/browser_timelineMarkers-02.js#143
(In reply to Patrick Brosset [:pbrosset] [:patrick] from comment #205)

> What if we re-worked that function to make it take in a new argument which
> would be the list of expected marker types to wait for, and make it only
> resolve when those markers have been received?
> 
> Tom, you know this code best now, let me know your thoughts on this.

Funny you should mention that -- it's the approach I took when writing
the tests for bug 1069661 :-)

I'll fix this up.
submit_timestamp: 2014-12-16T15:17:23
log: https://treeherder.mozilla.org/ui/logviewer.html#?repo=mozilla-inbound&job_id=4700492
repository: mozilla-inbound
who: rvandermeulen[at]mozilla[dot]com
machine: t-w732-ix-097
buildname: Windows 7 32-bit mozilla-inbound debug test mochitest-devtools-chrome-3
revision: 90bc2eeb98a3

857 INFO TEST-UNEXPECTED-FAIL | chrome://mochitests/content/browser/toolkit/devtools/server/tests/browser/browser_timeline.js | markers includes Paint -
Return code: 1
submit_timestamp: 2014-12-16T17:30:52
log: https://treeherder.mozilla.org/ui/logviewer.html#?repo=mozilla-inbound&job_id=4706877
repository: mozilla-inbound
who: wkocher[at]mozilla[dot]com
machine: tst-linux64-spot-1190
buildname: Ubuntu VM 12.04 x64 mozilla-inbound opt test mochitest-browser-chrome-2
revision: b5b1a8e8aee4

171 INFO TEST-UNEXPECTED-FAIL | chrome://mochitests/content/browser/docshell/test/browser/browser_timelineMarkers-02.js | markers includes Paint -
180 INFO TEST-UNEXPECTED-FAIL | chrome://mochitests/content/browser/docshell/test/browser/browser_timelineMarkers-02.js | markers doesn't include Paint -
submit_timestamp: 2014-12-16T23:48:50
log: https://treeherder.mozilla.org/ui/logviewer.html#?repo=b2g-inbound&job_id=1009160
repository: b2g-inbound
who: philringnalda[at]gmail[dot]com
machine: t-w732-ix-032
buildname: Windows 7 32-bit b2g-inbound debug test mochitest-devtools-chrome-3
revision: 7d696e87efb1

TypeError: this.inspector is null: RuleViewTool.prototype.isSidebarActive@resource://gre/modules/commonjs/toolkit/loader.js -> resource:///modules/devtools/styleinspector/style-inspector.js:54:5
TypeError: this.inspector is null: ComputedViewTool.prototype.isSidebarActive@resource://gre/modules/commonjs/toolkit/loader.js -> resource:///modules/devtools/styleinspector/style-inspector.js:181:5
857 INFO TEST-UNEXPECTED-FAIL | chrome://mochitests/content/browser/toolkit/devtools/server/tests/browser/browser_timeline.js | markers includes Paint -
Return code: 1
Cool, thanks Tom.
My patch to fix browser_timeline.js seems to be working (try is green).
Thanks Paul. Asking for check-in of this patch, leaving the bug open for Tom to fix the other test.
submit_timestamp: 2014-12-17T05:12:07
log: https://treeherder.mozilla.org/ui/logviewer.html#?repo=b2g-inbound&job_id=1010961
repository: b2g-inbound
who: tomcat[at]mozilla[dot]com
machine: t-w732-ix-089
buildname: Windows 7 32-bit b2g-inbound debug test mochitest-devtools-chrome-3
revision: b89d2bdab0e4

857 INFO TEST-UNEXPECTED-FAIL | chrome://mochitests/content/browser/toolkit/devtools/server/tests/browser/browser_timeline.js | markers includes Paint -
Return code: 1
submit_timestamp: 2014-12-17T05:26:45
log: https://treeherder.mozilla.org/ui/logviewer.html#?repo=mozilla-central&job_id=767926
repository: mozilla-central
who: tomcat[at]mozilla[dot]com
machine: tst-linux32-spot-798
buildname: Ubuntu VM 12.04 mozilla-central pgo test mochitest-browser-chrome-2
revision: b7eb1ce0237d

161 INFO TEST-UNEXPECTED-FAIL | chrome://mochitests/content/browser/docshell/test/browser/browser_timelineMarkers-02.js | markers includes Paint -
170 INFO TEST-UNEXPECTED-FAIL | chrome://mochitests/content/browser/docshell/test/browser/browser_timelineMarkers-02.js | markers doesn't include Paint -
submit_timestamp: 2014-12-17T06:45:04
log: https://treeherder.mozilla.org/ui/logviewer.html#?repo=fx-team&job_id=1465610
repository: fx-team
who: tomcat[at]mozilla[dot]com
machine: t-snow-r4-0154
buildname: Rev4 MacOSX Snow Leopard 10.6 fx-team debug test mochitest-devtools-chrome-3
revision: b36a41bb3c44

TypeError: this.inspector is null: RuleViewTool.prototype.isSidebarActive@resource://gre/modules/commonjs/toolkit/loader.js -> resource:///modules/devtools/styleinspector/style-inspector.js:54:5
TypeError: this.inspector is null: ComputedViewTool.prototype.isSidebarActive@resource://gre/modules/commonjs/toolkit/loader.js -> resource:///modules/devtools/styleinspector/style-inspector.js:181:5
868 INFO TEST-UNEXPECTED-FAIL | chrome://mochitests/content/browser/toolkit/devtools/server/tests/browser/browser_timeline.js | markers includes Paint -
https://tbpl.mozilla.org/?tree=Try&rev=6688811a4612
Created attachment 8537830
avoid races in browser_timelineMarkers-02.js test

Here's the patch I'm testing.  It works the way Patrick suggested.
submit_timestamp: 2014-12-17T07:27:13
log: https://treeherder.mozilla.org/ui/logviewer.html#?repo=b2g-inbound&job_id=1011608
repository: b2g-inbound
who: philringnalda[at]gmail[dot]com
machine: tst-linux64-spot-035
buildname: Ubuntu ASAN VM 12.04 x64 b2g-inbound opt test mochitest-devtools-chrome
revision: 07e69caa9484

TypeError: this.inspector is null: RuleViewTool.prototype.isSidebarActive@resource://gre/modules/commonjs/toolkit/loader.js -> resource:///modules/devtools/styleinspector/style-inspector.js:54:5
TypeError: this.inspector is null: ComputedViewTool.prototype.isSidebarActive@resource://gre/modules/commonjs/toolkit/loader.js -> resource:///modules/devtools/styleinspector/style-inspector.js:181:5
8296 INFO TEST-UNEXPECTED-FAIL | chrome://mochitests/content/browser/toolkit/devtools/server/tests/browser/browser_timeline.js | markers includes Paint -
Comment on attachment 8537830
avoid races in browser_timelineMarkers-02.js test

This did ok on "try".  Of course that isn't definitive for an
intermittent, but I think this patch reasonably obviously removes
some raciness.
(In reply to Tom Tromey :tromey from comment #218)
> Comment on attachment 8537830
> avoid races in browser_timelineMarkers-02.js test
> 
> This did ok on "try".  Of course that isn't definitive for an
> intermittent, but I think this patch reasonably obviously removes
> some raciness.
If you want to have a better degree of confidence on try, you need to re-trigger test jobs. I've done it for a few of them already. It's better to make try work a little bit more for intermittent fix patches rather than figuring out on fx-team or central that the intermittent is still here.
submit_timestamp: 2014-12-17T11:16:22
log: https://treeherder.mozilla.org/ui/logviewer.html#?repo=mozilla-inbound&job_id=4732645
repository: mozilla-inbound
who: rvandermeulen[at]mozilla[dot]com
machine: tst-linux32-spot-297
buildname: Ubuntu VM 12.04 mozilla-inbound opt test mochitest-browser-chrome-2
revision: 9b6c6da11892

171 INFO TEST-UNEXPECTED-FAIL | docshell/test/browser/browser_timelineMarkers-02.js | markers includes Paint -
180 INFO TEST-UNEXPECTED-FAIL | docshell/test/browser/browser_timelineMarkers-02.js | markers doesn't include Paint -
(In reply to Patrick Brosset [:pbrosset] [:patrick] from comment #219)
> (In reply to Tom Tromey :tromey from comment #218)
> > Comment on attachment 8537830
> > avoid races in browser_timelineMarkers-02.js test
> > 
> > This did ok on "try".  Of course that isn't definitive for an
> > intermittent, but I think this patch reasonably obviously removes
> > some raciness.
> If you want to have a better degree of confidence on try, you need to
> re-trigger test jobs. I've done it for a few of them already. It's better to
> make try work a little bit more for intermittent fix patches rather than
> figuring out on fx-team or central that the intermittent is still here.

Thanks Patrick -- right you are.
I re-ran a few more of the bc2 tests.  I think these are the only ones actually
requiring a re-run.  So far it seems good.
Comment on attachment 8537393
bug1066474-1-browser_timeline.js v1.patch

I should not have marked this as obsolete, whoops.
submit_timestamp: 2014-12-17T13:02:03
log: https://treeherder.mozilla.org/ui/logviewer.html#?repo=mozilla-inbound&job_id=4736243
repository: mozilla-inbound
who: rvandermeulen[at]mozilla[dot]com
machine: tst-linux64-spot-516
buildname: Ubuntu VM 12.04 x64 mozilla-inbound opt test mochitest-browser-chrome-2
revision: 9bfe7b78b4c5

161 INFO TEST-UNEXPECTED-FAIL | docshell/test/browser/browser_timelineMarkers-02.js | markers includes Paint -
170 INFO TEST-UNEXPECTED-FAIL | docshell/test/browser/browser_timelineMarkers-02.js | markers doesn't include Paint -
submit_timestamp: 2014-12-17T15:18:59
log: https://treeherder.mozilla.org/ui/logviewer.html#?repo=mozilla-inbound&job_id=4740523
repository: mozilla-inbound
who: rvandermeulen[at]mozilla[dot]com
machine: tst-linux64-spot-469
buildname: Ubuntu VM 12.04 x64 mozilla-inbound opt test mochitest-browser-chrome-2
revision: 73cd5169ae6c

171 INFO TEST-UNEXPECTED-FAIL | docshell/test/browser/browser_timelineMarkers-02.js | markers includes Paint -
180 INFO TEST-UNEXPECTED-FAIL | docshell/test/browser/browser_timelineMarkers-02.js | markers doesn't include Paint -
submit_timestamp: 2014-12-17T15:21:17
log: https://treeherder.mozilla.org/ui/logviewer.html#?repo=fx-team&job_id=1471955
repository: fx-team
who: rvandermeulen[at]mozilla[dot]com
machine: tst-linux64-spot-472
buildname: Ubuntu ASAN VM 12.04 x64 fx-team opt test mochitest-devtools-chrome
revision: 64b36c92fc80

TypeError: this.inspector is null: RuleViewTool.prototype.isSidebarActive@resource://gre/modules/commonjs/toolkit/loader.js -> resource:///modules/devtools/styleinspector/style-inspector.js:54:5
TypeError: this.inspector is null: ComputedViewTool.prototype.isSidebarActive@resource://gre/modules/commonjs/toolkit/loader.js -> resource:///modules/devtools/styleinspector/style-inspector.js:181:5
5435 INFO TEST-UNEXPECTED-FAIL | chrome://mochitests/content/browser/toolkit/devtools/server/tests/browser/browser_timeline.js | markers includes Paint -
submit_timestamp: 2014-12-17T18:57:37
log: https://treeherder.mozilla.org/ui/logviewer.html#?repo=mozilla-inbound&job_id=4748451
repository: mozilla-inbound
who: rvandermeulen[at]mozilla[dot]com
machine: tst-linux64-spot-305
buildname: Ubuntu ASAN VM 12.04 x64 mozilla-inbound opt test mochitest-devtools-chrome
revision: 571e6519a2a6

TypeError: this.inspector is null: RuleViewTool.prototype.isSidebarActive@resource://gre/modules/commonjs/toolkit/loader.js -> resource:///modules/devtools/styleinspector/style-inspector.js:54:5
TypeError: this.inspector is null: ComputedViewTool.prototype.isSidebarActive@resource://gre/modules/commonjs/toolkit/loader.js -> resource:///modules/devtools/styleinspector/style-inspector.js:181:5
8296 INFO TEST-UNEXPECTED-FAIL | toolkit/devtools/server/tests/browser/browser_timeline.js | markers includes Paint -
https://hg.mozilla.org/integration/fx-team/rev/396c9b403e26
https://hg.mozilla.org/integration/fx-team/rev/0d78284bbf8b
https://hg.mozilla.org/mozilla-central/rev/396c9b403e26
https://hg.mozilla.org/mozilla-central/rev/0d78284bbf8b
https://hg.mozilla.org/releases/mozilla-aurora/rev/dfde8f62052f
https://hg.mozilla.org/releases/mozilla-aurora/rev/6a39f3017c9b

https://hg.mozilla.org/releases/mozilla-beta/rev/89251274ac9e
https://hg.mozilla.org/releases/mozilla-beta/rev/6758b70a72cd
log: https://treeherder.mozilla.org/logviewer.html#?repo=mozilla-inbound&job_id=7028217
repository: mozilla-inbound
start_time: 2015-02-26T10:54:54
who: rvandermeulen[at]mozilla[dot]com
machine: t-xp32-ix-111
buildname: Windows XP 32-bit mozilla-inbound opt test mochitest-browser-chrome-2
revision: fa4a0af4fbaf

188 INFO TEST-UNEXPECTED-FAIL | docshell/test/browser/browser_timelineMarkers-02.js | markers doesn't include Reflow -
189 INFO TEST-UNEXPECTED-FAIL | docshell/test/browser/browser_timelineMarkers-02.js | markers doesn't include Paint -
Return code: 1
log: https://treeherder.mozilla.org/logviewer.html#?repo=fx-team&job_id=2123836
repository: fx-team
start_time: 2015-02-27T13:26:25
who: rvandermeulen[at]mozilla[dot]com
machine: t-xp32-ix-016
buildname: Windows XP 32-bit fx-team opt test mochitest-browser-chrome-2
revision: be473722fb84

176 INFO TEST-UNEXPECTED-FAIL | docshell/test/browser/browser_timelineMarkers-02.js | markers doesn't include Reflow -
181 INFO TEST-UNEXPECTED-FAIL | docshell/test/browser/browser_timelineMarkers-02.js | undefined assertion name -
183 INFO TEST-UNEXPECTED-FAIL | docshell/test/browser/browser_timelineMarkers-02.js | undefined assertion name -
185 INFO TEST-UNEXPECTED-FAIL | docshell/test/browser/browser_timelineMarkers-02.js | undefined assertion name -
187 INFO TEST-UNEXPECTED-FAIL | docshell/test/browser/browser_timelineMarkers-02.js | undefined assertion name -
189 INFO TEST-UNEXPECTED-FAIL | docshell/test/browser/browser_timelineMarkers-02.js | undefined assertion name -
191 INFO TEST-UNEXPECTED-FAIL | docshell/test/browser/browser_timelineMarkers-02.js | undefined assertion name -
193 INFO TEST-UNEXPECTED-FAIL | docshell/test/browser/browser_timelineMarkers-02.js | undefined assertion name -
195 INFO TEST-UNEXPECTED-FAIL | docshell/test/browser/browser_timelineMarkers-02.js | undefined assertion name -
197 INFO TEST-UNEXPECTED-FAIL | docshell/test/browser/browser_timelineMarkers-02.js | undefined assertion name -
199 INFO TEST-UNEXPECTED-FAIL | docshell/test/browser/browser_timelineMarkers-02.js | undefined assertion name -
201 INFO TEST-UNEXPECTED-FAIL | docshell/test/browser/browser_timelineMarkers-02.js | undefined assertion name -
209 INFO TEST-UNEXPECTED-FAIL | docshell/test/browser/browser_timelineMarkers-02.js | markers doesn't include Reflow -
210 INFO TEST-UNEXPECTED-FAIL | docshell/test/browser/browser_timelineMarkers-02.js | markers doesn't include Paint -
Return code: 1
log: https://treeherder.mozilla.org/logviewer.html#?repo=mozilla-inbound&job_id=7118104
repository: mozilla-inbound
start_time: 2015-03-02T18:18:21
who: tomcat[at]mozilla[dot]com
machine: t-xp32-ix-106
buildname: Windows XP 32-bit mozilla-inbound opt test mochitest-browser-chrome-2
revision: 346743dfd466

177 INFO TEST-UNEXPECTED-FAIL | docshell/test/browser/browser_timelineMarkers-02.js | markers doesn't include Reflow -
182 INFO TEST-UNEXPECTED-FAIL | docshell/test/browser/browser_timelineMarkers-02.js | undefined assertion name -
184 INFO TEST-UNEXPECTED-FAIL | docshell/test/browser/browser_timelineMarkers-02.js | undefined assertion name -
186 INFO TEST-UNEXPECTED-FAIL | docshell/test/browser/browser_timelineMarkers-02.js | undefined assertion name -
188 INFO TEST-UNEXPECTED-FAIL | docshell/test/browser/browser_timelineMarkers-02.js | undefined assertion name -
190 INFO TEST-UNEXPECTED-FAIL | docshell/test/browser/browser_timelineMarkers-02.js | undefined assertion name -
192 INFO TEST-UNEXPECTED-FAIL | docshell/test/browser/browser_timelineMarkers-02.js | undefined assertion name -
194 INFO TEST-UNEXPECTED-FAIL | docshell/test/browser/browser_timelineMarkers-02.js | undefined assertion name -
196 INFO TEST-UNEXPECTED-FAIL | docshell/test/browser/browser_timelineMarkers-02.js | undefined assertion name -
198 INFO TEST-UNEXPECTED-FAIL | docshell/test/browser/browser_timelineMarkers-02.js | undefined assertion name -
200 INFO TEST-UNEXPECTED-FAIL | docshell/test/browser/browser_timelineMarkers-02.js | undefined assertion name -
202 INFO TEST-UNEXPECTED-FAIL | docshell/test/browser/browser_timelineMarkers-02.js | undefined assertion name -
204 INFO TEST-UNEXPECTED-FAIL | docshell/test/browser/browser_timelineMarkers-02.js | undefined assertion name -
Return code: 1
log: https://treeherder.mozilla.org/logviewer.html#?repo=mozilla-inbound&job_id=7208670
repository: mozilla-inbound
start_time: 2015-03-04T09:21:17
who: rvandermeulen[at]mozilla[dot]com
machine: t-xp32-ix-053
buildname: Windows XP 32-bit mozilla-inbound opt test mochitest-browser-chrome-2
revision: 3aab29157c24

187 INFO TEST-UNEXPECTED-FAIL | docshell/test/browser/browser_timelineMarkers-02.js | markers doesn't include Reflow -
188 INFO TEST-UNEXPECTED-FAIL | docshell/test/browser/browser_timelineMarkers-02.js | markers doesn't include Paint -
Return code: 1
log: https://treeherder.mozilla.org/logviewer.html#?repo=fx-team&job_id=2155121
repository: fx-team
start_time: 2015-03-04T10:15:41
who: rvandermeulen[at]mozilla[dot]com
machine: t-xp32-ix-055
buildname: Windows XP 32-bit fx-team opt test mochitest-browser-chrome-2
revision: f078882f6e3a

177 INFO TEST-UNEXPECTED-FAIL | docshell/test/browser/browser_timelineMarkers-02.js | markers doesn't include Reflow -
182 INFO TEST-UNEXPECTED-FAIL | docshell/test/browser/browser_timelineMarkers-02.js | undefined assertion name -
184 INFO TEST-UNEXPECTED-FAIL | docshell/test/browser/browser_timelineMarkers-02.js | undefined assertion name -
186 INFO TEST-UNEXPECTED-FAIL | docshell/test/browser/browser_timelineMarkers-02.js | undefined assertion name -
188 INFO TEST-UNEXPECTED-FAIL | docshell/test/browser/browser_timelineMarkers-02.js | undefined assertion name -
190 INFO TEST-UNEXPECTED-FAIL | docshell/test/browser/browser_timelineMarkers-02.js | undefined assertion name -
192 INFO TEST-UNEXPECTED-FAIL | docshell/test/browser/browser_timelineMarkers-02.js | undefined assertion name -
194 INFO TEST-UNEXPECTED-FAIL | docshell/test/browser/browser_timelineMarkers-02.js | undefined assertion name -
196 INFO TEST-UNEXPECTED-FAIL | docshell/test/browser/browser_timelineMarkers-02.js | undefined assertion name -
198 INFO TEST-UNEXPECTED-FAIL | docshell/test/browser/browser_timelineMarkers-02.js | undefined assertion name -
200 INFO TEST-UNEXPECTED-FAIL | docshell/test/browser/browser_timelineMarkers-02.js | undefined assertion name -
208 INFO TEST-UNEXPECTED-FAIL | docshell/test/browser/browser_timelineMarkers-02.js | markers doesn't include Reflow -
209 INFO TEST-UNEXPECTED-FAIL | docshell/test/browser/browser_timelineMarkers-02.js | markers doesn't include Paint -
Return code: 1
Sorry for the spam. Moving bugs to Firefox :: Developer Tools: Performance Tools (Profiler/Timeline).

dkl


Intermittent browser_timeline.js,browser_timelineMarkers-02.js | markers includes Paint

intermittent-failure

Bug 1066474 - Make browser_timeline.js not fail intermittently. r=paul 

Bug 1066474 - Avoid races in browser_timelineMarkers-02.js test. r=paul 