https://tbpl.mozilla.org/php/getParsedLog.php?id=48494355&tree=Fx-Team
Ubuntu VM 12.04 fx-team debug test mochitest-devtools-chrome-1 on 2014-09-19 12:58:10 PDT for push d94e895df009

slave: tst-linux32-spot-661



13:55:19     INFO -  721 INFO Reloaded tab Tab 3
13:55:19     INFO -  722 INFO TEST-PASS | chrome://mochitests/content/browser/browser/devtools/framework/test/browser_toolbox_options_disable_cache.js | Tab 3 cache is enabled
13:55:19     INFO -  723 INFO Removing tab Tab 0
13:55:19     INFO -  724 INFO Removed tab Tab 0
13:55:19     INFO -  725 INFO Waiting for toolbox-destroyed
13:55:19     INFO -  726 INFO Console message: [JavaScript Error: "Handler function TabActor.prototype.onReload's delayed body threw an exception: TypeError: this.docShell is null
13:55:19     INFO -  Stack: TabActor.prototype.webNavigation@resource://gre/modules/commonjs/toolkit/loader.js -> resource://gre/modules/devtools/server/actors/webbrowser.js:672:5
13:55:19     INFO -  TabActor.prototype.onReload/<@resource://gre/modules/commonjs/toolkit/loader.js -> resource://gre/modules/devtools/server/actors/webbrowser.js:1095:7
13:55:19     INFO -  makeInfallible/<@resource://gre/modules/commonjs/toolkit/loader.js -> resource://gre/modules/devtools/DevToolsUtils.js:83:14
13:55:19     INFO -  Line: 672, column: 4" {file: "resource://gre/modules/commonjs/toolkit/loader.js -> resource://gre/modules/devtools/DevToolsUtils.js" line: 59}]
13:55:19     INFO -  727 INFO Removing tab Tab 1
13:55:19     INFO -  728 INFO Removed tab Tab 1
13:55:19     INFO -  729 INFO Waiting for toolbox-destroyed
13:55:19     INFO -  730 INFO Console message: [JavaScript Error: "Handler function TabActor.prototype.onReload's delayed body threw an exception: TypeError: this.docShell is null
13:55:19     INFO -  Stack: TabActor.prototype.webNavigation@resource://gre/modules/commonjs/toolkit/loader.js -> resource://gre/modules/devtools/server/actors/webbrowser.js:672:5
13:55:19     INFO -  TabActor.prototype.onReload/<@resource://gre/modules/commonjs/toolkit/loader.js -> resource://gre/modules/devtools/server/actors/webbrowser.js:1095:7
13:55:19     INFO -  makeInfallible/<@resource://gre/modules/commonjs/toolkit/loader.js -> resource://gre/modules/devtools/DevToolsUtils.js:83:14
13:55:19     INFO -  Line: 672, column: 4" {file: "resource://gre/modules/commonjs/toolkit/loader.js -> resource://gre/modules/devtools/DevToolsUtils.js" line: 59}]
13:55:19     INFO -  731 INFO Removing tab Tab 2
13:55:19     INFO -  732 INFO Removed tab Tab 2
13:55:19     INFO -  733 INFO Waiting for toolbox-destroyed
13:55:19     INFO -  734 INFO Console message: [JavaScript Error: "Handler function TabActor.prototype.onReload's delayed body threw an exception: TypeError: this.docShell is null
13:55:19     INFO -  Stack: TabActor.prototype.webNavigation@resource://gre/modules/commonjs/toolkit/loader.js -> resource://gre/modules/devtools/server/actors/webbrowser.js:672:5
13:55:19     INFO -  TabActor.prototype.onReload/<@resource://gre/modules/commonjs/toolkit/loader.js -> resource://gre/modules/devtools/server/actors/webbrowser.js:1095:7
13:55:19     INFO -  makeInfallible/<@resource://gre/modules/commonjs/toolkit/loader.js -> resource://gre/modules/devtools/DevToolsUtils.js:83:14
13:55:19     INFO -  Line: 672, column: 4" {file: "resource://gre/modules/commonjs/toolkit/loader.js -> resource://gre/modules/devtools/DevToolsUtils.js" line: 59}]
13:55:19     INFO -  735 INFO Removing tab Tab 3
13:55:19     INFO -  736 INFO Removed tab Tab 3
13:55:19     INFO -  737 INFO Waiting for toolbox-destroyed
13:55:19     INFO -  738 INFO TEST-UNEXPECTED-FAIL | chrome://mochitests/content/browser/browser/devtools/framework/test/browser_toolbox_options_disable_cache.js | This test exceeded the timeout threshold. It should be rewritten or split up. If that's not possible, use requestLongerTimeout(N), but only as a last resort. - expected PASS
13:55:19     INFO -  739 INFO TEST-OK | chrome://mochitests/content/browser/browser/devtools/framework/test/browser_toolbox_options_disable_cache.js | took 46199ms
13:55:19     INFO -  ++DOCSHELL 0x864a8400 == 10 [pid = 1842] [id = 1564]
13:55:19     INFO -  ++DOMWINDOW == 26 (0x90f55760) [pid = 1842] [serial = 3736] [outer = (nil)]
13:55:19     INFO -  ++DOMWINDOW == 27 (0x90f57c30) [pid = 1842] [serial = 3737] [outer = 0x90f55760]
13:55:19     INFO -  [1842] WARNING: NS_ENSURE_TRUE(mMutable) failed: file /builds/slave/fx-team-lx-d-00000000000000000/build/netwerk/base/src/nsSimpleURI.cpp, line 265
13:55:19     INFO -  740 INFO TEST-START | chrome://mochitests/content/browser/browser/devtools/framework/test/browser_toolbox_options_disable_js.js

https://tbpl.mozilla.org/php/getParsedLog.php?id=48494355&tree=Fx-Team
Ubuntu VM 12.04 fx-team debug test mochitest-devtools-chrome-1 on 2014-09-19 12:58:10 PDT for push d94e895df009

slave: tst-linux32-spot-661



13:55:19     INFO -  721 INFO Reloaded tab Tab 3
13:55:19     INFO -  722 INFO TEST-PASS | chrome://mochitests/content/browser/browser/devtools/framework/test/browser_toolbox_options_disable_cache.js | Tab 3 cache is enabled
13:55:19     INFO -  723 INFO Removing tab Tab 0
13:55:19     INFO -  724 INFO Removed tab Tab 0
13:55:19     INFO -  725 INFO Waiting for toolbox-destroyed
13:55:19     INFO -  726 INFO Console message: [JavaScript Error: "Handler function TabActor.prototype.onReload's delayed body threw an exception: TypeError: this.docShell is null
13:55:19     INFO -  Stack: TabActor.prototype.webNavigation@resource://gre/modules/commonjs/toolkit/loader.js -> resource://gre/modules/devtools/server/actors/webbrowser.js:672:5
13:55:19     INFO -  TabActor.prototype.onReload/<@resource://gre/modules/commonjs/toolkit/loader.js -> resource://gre/modules/devtools/server/actors/webbrowser.js:1095:7
13:55:19     INFO -  makeInfallible/<@resource://gre/modules/commonjs/toolkit/loader.js -> resource://gre/modules/devtools/DevToolsUtils.js:83:14
13:55:19     INFO -  Line: 672, column: 4" {file: "resource://gre/modules/commonjs/toolkit/loader.js -> resource://gre/modules/devtools/DevToolsUtils.js" line: 59}]
13:55:19     INFO -  727 INFO Removing tab Tab 1
13:55:19     INFO -  728 INFO Removed tab Tab 1
13:55:19     INFO -  729 INFO Waiting for toolbox-destroyed
13:55:19     INFO -  730 INFO Console message: [JavaScript Error: "Handler function TabActor.prototype.onReload's delayed body threw an exception: TypeError: this.docShell is null
13:55:19     INFO -  Stack: TabActor.prototype.webNavigation@resource://gre/modules/commonjs/toolkit/loader.js -> resource://gre/modules/devtools/server/actors/webbrowser.js:672:5
13:55:19     INFO -  TabActor.prototype.onReload/<@resource://gre/modules/commonjs/toolkit/loader.js -> resource://gre/modules/devtools/server/actors/webbrowser.js:1095:7
13:55:19     INFO -  makeInfallible/<@resource://gre/modules/commonjs/toolkit/loader.js -> resource://gre/modules/devtools/DevToolsUtils.js:83:14
13:55:19     INFO -  Line: 672, column: 4" {file: "resource://gre/modules/commonjs/toolkit/loader.js -> resource://gre/modules/devtools/DevToolsUtils.js" line: 59}]
13:55:19     INFO -  731 INFO Removing tab Tab 2
13:55:19     INFO -  732 INFO Removed tab Tab 2
13:55:19     INFO -  733 INFO Waiting for toolbox-destroyed
13:55:19     INFO -  734 INFO Console message: [JavaScript Error: "Handler function TabActor.prototype.onReload's delayed body threw an exception: TypeError: this.docShell is null
13:55:19     INFO -  Stack: TabActor.prototype.webNavigation@resource://gre/modules/commonjs/toolkit/loader.js -> resource://gre/modules/devtools/server/actors/webbrowser.js:672:5
13:55:19     INFO -  TabActor.prototype.onReload/<@resource://gre/modules/commonjs/toolkit/loader.js -> resource://gre/modules/devtools/server/actors/webbrowser.js:1095:7
13:55:19     INFO -  makeInfallible/<@resource://gre/modules/commonjs/toolkit/loader.js -> resource://gre/modules/devtools/DevToolsUtils.js:83:14
13:55:19     INFO -  Line: 672, column: 4" {file: "resource://gre/modules/commonjs/toolkit/loader.js -> resource://gre/modules/devtools/DevToolsUtils.js" line: 59}]
13:55:19     INFO -  735 INFO Removing tab Tab 3
13:55:19     INFO -  736 INFO Removed tab Tab 3
13:55:19     INFO -  737 INFO Waiting for toolbox-destroyed
13:55:19     INFO -  738 INFO TEST-UNEXPECTED-FAIL | chrome://mochitests/content/browser/browser/devtools/framework/test/browser_toolbox_options_disable_cache.js | This test exceeded the timeout threshold. It should be rewritten or split up. If that's not possible, use requestLongerTimeout(N), but only as a last resort. - expected PASS
13:55:19     INFO -  739 INFO TEST-OK | chrome://mochitests/content/browser/browser/devtools/framework/test/browser_toolbox_options_disable_cache.js | took 46199ms
13:55:19     INFO -  ++DOCSHELL 0x864a8400 == 10 [pid = 1842] [id = 1564]
13:55:19     INFO -  ++DOMWINDOW == 26 (0x90f55760) [pid = 1842] [serial = 3736] [outer = (nil)]
13:55:19     INFO -  ++DOMWINDOW == 27 (0x90f57c30) [pid = 1842] [serial = 3737] [outer = 0x90f55760]
13:55:19     INFO -  [1842] WARNING: NS_ENSURE_TRUE(mMutable) failed: file /builds/slave/fx-team-lx-d-00000000000000000/build/netwerk/base/src/nsSimpleURI.cpp, line 265
13:55:19     INFO -  740 INFO TEST-START | chrome://mochitests/content/browser/browser/devtools/framework/test/browser_toolbox_options_disable_js.js
:nigelb
https://tbpl.mozilla.org/php/getParsedLog.php?id=48559271&tree=Mozilla-Inbound
Ubuntu VM 12.04 mozilla-inbound debug test mochitest-devtools-chrome-1 on 2014-09-21 19:50:55
revision: f53343ea6245
slave: tst-linux32-spot-267

738 INFO TEST-UNEXPECTED-FAIL | chrome://mochitests/content/browser/browser/devtools/framework/test/browser_toolbox_options_disable_cache.js | This test exceeded the timeout threshold. It should be rewritten or split up. If that's not possible, use requestLongerTimeout(N), but only as a last resort. - expected PASS
edmorley
https://tbpl.mozilla.org/php/getParsedLog.php?id=48586354&tree=B2g-Inbound
Ubuntu VM 12.04 b2g-inbound debug test mochitest-devtools-chrome-1 on 2014-09-22 06:39:28
revision: f1155c17aa7e
slave: tst-linux32-spot-762

738 INFO TEST-UNEXPECTED-FAIL | chrome://mochitests/content/browser/browser/devtools/framework/test/browser_toolbox_options_disable_cache.js | This test exceeded the timeout threshold. It should be rewritten or split up. If that's not possible, use requestLongerTimeout(N), but only as a last resort. - expected PASS
RyanVM
https://tbpl.mozilla.org/php/getParsedLog.php?id=48599570&tree=Mozilla-Aurora
Ubuntu VM 12.04 mozilla-aurora debug test mochitest-devtools-chrome-1 on 2014-09-22 10:00:17
revision: c61d4add4ba5
slave: tst-linux32-spot-718

738 INFO TEST-UNEXPECTED-FAIL | chrome://mochitests/content/browser/browser/devtools/framework/test/browser_toolbox_options_disable_cache.js | This test exceeded the timeout threshold. It should be rewritten or split up. If that's not possible, use requestLongerTimeout(N), but only as a last resort.
RyanVM
https://tbpl.mozilla.org/php/getParsedLog.php?id=48606900&tree=Mozilla-Inbound
Ubuntu VM 12.04 mozilla-inbound debug test mochitest-devtools-chrome-1 on 2014-09-22 11:23:14
revision: 8f7dcbde58db
slave: tst-linux32-spot-218

Traceback (most recent call last):
738 INFO TEST-UNEXPECTED-FAIL | chrome://mochitests/content/browser/browser/devtools/framework/test/browser_toolbox_options_disable_cache.js | This test exceeded the timeout threshold. It should be rewritten or split up. If that's not possible, use requestLongerTimeout(N), but only as a last resort. - expected PASS
command timed out: 4800 seconds elapsed running ['/tools/buildbot/bin/python', 'scripts/scripts/desktop_unittest.py', '--cfg', 'unittests/linux_unittest.py', '--mochitest-suite', 'mochitest-devtools-chrome-chunked', '--total-chunks', '3', '--this-chunk', '1', '--blob-upload-branch', 'mozilla-inbound', '--download-symbols', 'true'], attempting to kill
submit_timestamp: 2014-09-22T15:08:43
log: https://treeherder.mozilla.org/ui/logviewer.html#?repo=mozilla-inbound&job_id=2460058
repository: mozilla-inbound
who: wkocher[at]mozilla[dot]com
machine: tst-linux32-spot-256
buildname: Ubuntu VM 12.04 mozilla-inbound debug test mochitest-devtools-chrome-1
revision: ed8de2cc24f3

738 INFO TEST-UNEXPECTED-FAIL | chrome://mochitests/content/browser/browser/devtools/framework/test/browser_toolbox_options_disable_cache.js | This test exceeded the timeout threshold. It should be rewritten or split up. If that's not possible, use requestLongerTimeout(N), but only as a last resort. - expected PASS
pbrosset
https://tbpl.mozilla.org/php/getParsedLog.php?id=48661951&tree=Try
Ubuntu VM 12.04 try debug test mochitest-devtools-chrome-1 on 2014-09-23 01:03:40
revision: 6d9e94fe510f
slave: tst-linux32-spot-756

738 INFO TEST-UNEXPECTED-FAIL | chrome://mochitests/content/browser/browser/devtools/framework/test/browser_toolbox_options_disable_cache.js | This test exceeded the timeout threshold. It should be rewritten or split up. If that's not possible, use requestLongerTimeout(N), but only as a last resort. - expected PASS
fitzgen
https://tbpl.mozilla.org/php/getParsedLog.php?id=48634270&tree=Try
Ubuntu VM 12.04 try debug test mochitest-devtools-chrome-1 on 2014-09-22 16:52:30
revision: 32ff6c1800ae
slave: tst-linux32-spot-263

738 INFO TEST-UNEXPECTED-FAIL | chrome://mochitests/content/browser/browser/devtools/framework/test/browser_toolbox_options_disable_cache.js | This test exceeded the timeout threshold. It should be rewritten or split up. If that's not possible, use requestLongerTimeout(N), but only as a last resort. - expected PASS
RyanVM
https://tbpl.mozilla.org/php/getParsedLog.php?id=48704723&tree=Mozilla-Inbound
Ubuntu VM 12.04 mozilla-inbound debug test mochitest-devtools-chrome-1 on 2014-09-23 11:31:33
revision: 4e1b36599127
slave: tst-linux32-spot-049

738 INFO TEST-UNEXPECTED-FAIL | chrome://mochitests/content/browser/browser/devtools/framework/test/browser_toolbox_options_disable_cache.js | This test exceeded the timeout threshold. It should be rewritten or split up. If that's not possible, use requestLongerTimeout(N), but only as a last resort. - expected PASS
command timed out: 4800 seconds elapsed running ['/tools/buildbot/bin/python', 'scripts/scripts/desktop_unittest.py', '--cfg', 'unittests/linux_unittest.py', '--mochitest-suite', 'mochitest-devtools-chrome-chunked', '--total-chunks', '3', '--this-chunk', '1', '--blob-upload-branch', 'mozilla-inbound', '--download-symbols', 'true'], attempting to kill
Tomcat
https://tbpl.mozilla.org/php/getParsedLog.php?id=48758185&tree=Mozilla-Central
Ubuntu VM 12.04 mozilla-central debug test mochitest-devtools-chrome-1 on 2014-09-24 01:22:01
revision: 1e2993c99323
slave: tst-linux32-spot-189

738 INFO TEST-UNEXPECTED-FAIL | chrome://mochitests/content/browser/browser/devtools/framework/test/browser_toolbox_options_disable_cache.js | This test exceeded the timeout threshold. It should be rewritten or split up. If that's not possible, use requestLongerTimeout(N), but only as a last resort. - expected PASS
Tomcat
https://tbpl.mozilla.org/php/getParsedLog.php?id=48759180&tree=Mozilla-Inbound
Ubuntu VM 12.04 mozilla-inbound debug test mochitest-devtools-chrome-1 on 2014-09-24 01:37:07
revision: 35dcddea2c7a
slave: tst-linux32-spot-347

213 INFO TEST-UNEXPECTED-FAIL | chrome://mochitests/content/browser/browser/devtools/debugger/test/browser_dbg_addon-modules.js | Test timed out - expected PASS
215 INFO TEST-UNEXPECTED-FAIL | chrome://mochitests/content/browser/browser/devtools/debugger/test/browser_dbg_addon-modules.js | Found a tab after previous test timed out: chrome://browser_dbg_addon4/content/test.xul - expected PASS
229 INFO TEST-UNEXPECTED-FAIL | chrome://mochitests/content/browser/browser/devtools/debugger/test/browser_dbg_addon-panels.js | Test timed out - expected PASS
792 INFO TEST-UNEXPECTED-FAIL | chrome://mochitests/content/browser/browser/devtools/framework/test/browser_toolbox_options_disable_cache.js | This test exceeded the timeout threshold. It should be rewritten or split up. If that's not possible, use requestLongerTimeout(N), but only as a last resort. - expected PASS
909 INFO TEST-UNEXPECTED-FAIL | chrome://mochitests/content/browser/browser/devtools/framework/test/browser_toolbox_window_reload_target.js | This test exceeded the timeout threshold. It should be rewritten or split up. If that's not possible, use requestLongerTimeout(N), but only as a last resort. - expected PASS
command timed out: 4800 seconds elapsed running ['/tools/buildbot/bin/python', 'scripts/scripts/desktop_unittest.py', '--cfg', 'unittests/linux_unittest.py', '--mochitest-suite', 'mochitest-devtools-chrome-chunked', '--total-chunks', '3', '--this-chunk', '1', '--blob-upload-branch', 'mozilla-inbound', '--download-symbols', 'true'], attempting to kill
Tomcat
https://tbpl.mozilla.org/php/getParsedLog.php?id=48763714&tree=Mozilla-Inbound
Ubuntu VM 12.04 x64 mozilla-inbound debug test mochitest-devtools-chrome-1 on 2014-09-24 02:57:29
revision: 14639e630d21
slave: tst-linux64-spot-1077

213 INFO TEST-UNEXPECTED-FAIL | chrome://mochitests/content/browser/browser/devtools/debugger/test/browser_dbg_addon-modules.js | Test timed out - expected PASS
215 INFO TEST-UNEXPECTED-FAIL | chrome://mochitests/content/browser/browser/devtools/debugger/test/browser_dbg_addon-modules.js | Found a tab after previous test timed out: chrome://browser_dbg_addon4/content/test.xul - expected PASS
229 INFO TEST-UNEXPECTED-FAIL | chrome://mochitests/content/browser/browser/devtools/debugger/test/browser_dbg_addon-panels.js | Test timed out - expected PASS
792 INFO TEST-UNEXPECTED-FAIL | chrome://mochitests/content/browser/browser/devtools/framework/test/browser_toolbox_options_disable_cache.js | This test exceeded the timeout threshold. It should be rewritten or split up. If that's not possible, use requestLongerTimeout(N), but only as a last resort. - expected PASS
TEST-UNEXPECTED-FAIL | browser/devtools/debugger/test/browser_dbg_addon-modules.js | leaked 2 window(s) until shutdown [url = chrome://browser/content/devtools/framework/toolbox.xul]
TEST-UNEXPECTED-FAIL | browser/devtools/debugger/test/browser_dbg_addon-modules.js | leaked 1 window(s) until shutdown [url = chrome://browser/content/devtools/debugger.xul]
TEST-UNEXPECTED-FAIL | browser/devtools/debugger/test/browser_dbg_addon-modules.js | leaked 1 window(s) until shutdown [url = about:blank]
TEST-UNEXPECTED-FAIL | browser/devtools/debugger/test/browser_dbg_addon-modules.js | leaked 2 docShell(s) until shutdown
TEST-UNEXPECTED-FAIL | browser/devtools/debugger/test/browser_dbg_addon-panels.js | leaked 2 window(s) until shutdown [url = chrome://browser/content/devtools/framework/toolbox.xul]
TEST-UNEXPECTED-FAIL | browser/devtools/debugger/test/browser_dbg_addon-panels.js | leaked 1 window(s) until shutdown [url = about:blank]
TEST-UNEXPECTED-FAIL | browser/devtools/debugger/test/browser_dbg_addon-panels.js | leaked 1 window(s) until shutdown [url = chrome://browser/content/devtools/debugger.xul]
TEST-UNEXPECTED-FAIL | browser/devtools/debugger/test/browser_dbg_addon-panels.js | leaked 2 docShell(s) until shutdown
Tomcat
https://tbpl.mozilla.org/php/getParsedLog.php?id=48765010&tree=Mozilla-Inbound
Ubuntu VM 12.04 x64 mozilla-inbound debug test mochitest-devtools-chrome-1 on 2014-09-24 03:14:45
revision: 5cd510ef77a0
slave: tst-linux64-spot-1144

213 INFO TEST-UNEXPECTED-FAIL | chrome://mochitests/content/browser/browser/devtools/debugger/test/browser_dbg_addon-modules.js | Test timed out - expected PASS
215 INFO TEST-UNEXPECTED-FAIL | chrome://mochitests/content/browser/browser/devtools/debugger/test/browser_dbg_addon-modules.js | Found a tab after previous test timed out: chrome://browser_dbg_addon4/content/test.xul - expected PASS
229 INFO TEST-UNEXPECTED-FAIL | chrome://mochitests/content/browser/browser/devtools/debugger/test/browser_dbg_addon-panels.js | Test timed out - expected PASS
792 INFO TEST-UNEXPECTED-FAIL | chrome://mochitests/content/browser/browser/devtools/framework/test/browser_toolbox_options_disable_cache.js | This test exceeded the timeout threshold. It should be rewritten or split up. If that's not possible, use requestLongerTimeout(N), but only as a last resort. - expected PASS
TEST-UNEXPECTED-FAIL | browser/devtools/debugger/test/browser_dbg_addon-modules.js | leaked 2 window(s) until shutdown [url = chrome://browser/content/devtools/framework/toolbox.xul]
TEST-UNEXPECTED-FAIL | browser/devtools/debugger/test/browser_dbg_addon-modules.js | leaked 1 window(s) until shutdown [url = chrome://browser/content/devtools/debugger.xul]
TEST-UNEXPECTED-FAIL | browser/devtools/debugger/test/browser_dbg_addon-modules.js | leaked 1 window(s) until shutdown [url = about:blank]
TEST-UNEXPECTED-FAIL | browser/devtools/debugger/test/browser_dbg_addon-modules.js | leaked 2 docShell(s) until shutdown
TEST-UNEXPECTED-FAIL | browser/devtools/debugger/test/browser_dbg_addon-panels.js | leaked 2 window(s) until shutdown [url = chrome://browser/content/devtools/framework/toolbox.xul]
TEST-UNEXPECTED-FAIL | browser/devtools/debugger/test/browser_dbg_addon-panels.js | leaked 1 window(s) until shutdown [url = about:blank]
TEST-UNEXPECTED-FAIL | browser/devtools/debugger/test/browser_dbg_addon-panels.js | leaked 1 window(s) until shutdown [url = chrome://browser/content/devtools/debugger.xul]
TEST-UNEXPECTED-FAIL | browser/devtools/debugger/test/browser_dbg_addon-panels.js | leaked 2 docShell(s) until shutdown
philor
https://tbpl.mozilla.org/php/getParsedLog.php?id=48830804&tree=Fx-Team
Ubuntu VM 12.04 fx-team debug test mochitest-devtools-chrome-1 on 2014-09-24 19:06:11
revision: 1afebab33b8f
slave: tst-linux32-spot-251

737 INFO TEST-UNEXPECTED-FAIL | chrome://mochitests/content/browser/browser/devtools/framework/test/browser_toolbox_options_disable_cache.js | This test exceeded the timeout threshold. It should be rewritten or split up. If that's not possible, use requestLongerTimeout(N), but only as a last resort. - expected PASS
edmorley
https://tbpl.mozilla.org/php/getParsedLog.php?id=48869412&tree=Mozilla-Inbound
Ubuntu VM 12.04 mozilla-inbound debug test mochitest-devtools-chrome-1 on 2014-09-25 06:26:52
revision: e2c803c2aeec
slave: tst-linux32-spot-087

737 INFO TEST-UNEXPECTED-FAIL | chrome://mochitests/content/browser/browser/devtools/framework/test/browser_toolbox_options_disable_cache.js | This test exceeded the timeout threshold. It should be rewritten or split up. If that's not possible, use requestLongerTimeout(N), but only as a last resort. - expected PASS
spohl
https://tbpl.mozilla.org/php/getParsedLog.php?id=48964885&tree=Try
Ubuntu VM 12.04 try debug test mochitest-devtools-chrome-1 on 2014-09-26 05:56:34
revision: ec6821ee0c47
slave: tst-linux32-spot-023

737 INFO TEST-UNEXPECTED-FAIL | chrome://mochitests/content/browser/browser/devtools/framework/test/browser_toolbox_options_disable_cache.js | This test exceeded the timeout threshold. It should be rewritten or split up. If that's not possible, use requestLongerTimeout(N), but only as a last resort. - expected PASS
command timed out: 4800 seconds elapsed running ['/tools/buildbot/bin/python', 'scripts/scripts/desktop_unittest.py', '--cfg', 'unittests/linux_unittest.py', '--mochitest-suite', 'mochitest-devtools-chrome-chunked', '--total-chunks', '3', '--this-chunk', '1', '--blob-upload-branch', 'try', '--download-symbols', 'true'], attempting to kill
philor
https://tbpl.mozilla.org/php/getParsedLog.php?id=49063814&tree=Mozilla-Inbound
Ubuntu VM 12.04 mozilla-inbound debug test mochitest-devtools-chrome-1 on 2014-09-28 03:01:22
revision: 9dcdf878b422
slave: tst-linux32-spot-178

737 INFO TEST-UNEXPECTED-FAIL | chrome://mochitests/content/browser/browser/devtools/framework/test/browser_toolbox_options_disable_cache.js | This test exceeded the timeout threshold. It should be rewritten or split up. If that's not possible, use requestLongerTimeout(N), but only as a last resort. - expected PASS
Tomcat
https://tbpl.mozilla.org/php/getParsedLog.php?id=49093294&tree=Fx-Team
Ubuntu VM 12.04 fx-team debug test mochitest-devtools-chrome-1 on 2014-09-29 02:03:47
revision: c9ef2c9434b5
slave: tst-linux32-spot-1013

737 INFO TEST-UNEXPECTED-FAIL | chrome://mochitests/content/browser/browser/devtools/framework/test/browser_toolbox_options_disable_cache.js | This test exceeded the timeout threshold. It should be rewritten or split up. If that's not possible, use requestLongerTimeout(N), but only as a last resort. - expected PASS
Tomcat
https://tbpl.mozilla.org/php/getParsedLog.php?id=49099767&tree=Mozilla-Inbound
Ubuntu VM 12.04 mozilla-inbound debug test mochitest-devtools-chrome-1 on 2014-09-29 03:18:00
revision: b5c3cd762cf2
slave: tst-linux32-spot-229

737 INFO TEST-UNEXPECTED-FAIL | chrome://mochitests/content/browser/browser/devtools/framework/test/browser_toolbox_options_disable_cache.js | This test exceeded the timeout threshold. It should be rewritten or split up. If that's not possible, use requestLongerTimeout(N), but only as a last resort. - expected PASS
submit_timestamp: 2014-09-29T10:31:05
log: https://treeherder.mozilla.org/ui/logviewer.html#?repo=mozilla-inbound&job_id=2619206
repository: mozilla-inbound
who: rvandermeulen[at]mozilla[dot]com
machine: tst-linux32-spot-106
buildname: Ubuntu VM 12.04 mozilla-inbound debug test mochitest-devtools-chrome-1
revision: 467d08aeefd0

737 INFO TEST-UNEXPECTED-FAIL | chrome://mochitests/content/browser/browser/devtools/framework/test/browser_toolbox_options_disable_cache.js | This test exceeded the timeout threshold. It should be rewritten or split up. If that's not possible, use requestLongerTimeout(N), but only as a last resort. - expected PASS
submit_timestamp: 2014-09-29T13:49:56
log: https://treeherder.mozilla.org/ui/logviewer.html#?repo=b2g-inbound&job_id=563594
repository: b2g-inbound
who: rvandermeulen[at]mozilla[dot]com
machine: tst-linux32-spot-756
buildname: Ubuntu VM 12.04 b2g-inbound debug test mochitest-devtools-chrome-1
revision: bcf35e3725f0

737 INFO TEST-UNEXPECTED-FAIL | chrome://mochitests/content/browser/browser/devtools/framework/test/browser_toolbox_options_disable_cache.js | This test exceeded the timeout threshold. It should be rewritten or split up. If that's not possible, use requestLongerTimeout(N), but only as a last resort. - expected PASS
command timed out: 4800 seconds elapsed running ['/tools/buildbot/bin/python', 'scripts/scripts/desktop_unittest.py', '--cfg', 'unittests/linux_unittest.py', '--mochitest-suite', 'mochitest-devtools-chrome-chunked', '--total-chunks', '3', '--this-chunk', '1', '--blob-upload-branch', 'b2g-inbound', '--download-symbols', 'true'], attempting to kill
submit_timestamp: 2014-09-29T15:11:29
log: https://treeherder.mozilla.org/ui/logviewer.html#?repo=fx-team&job_id=775130
repository: fx-team
who: wkocher[at]mozilla[dot]com
machine: tst-linux32-spot-053
buildname: Ubuntu VM 12.04 fx-team debug test mochitest-devtools-chrome-1
revision: 135c9657eb38

737 INFO TEST-UNEXPECTED-FAIL | chrome://mochitests/content/browser/browser/devtools/framework/test/browser_toolbox_options_disable_cache.js | This test exceeded the timeout threshold. It should be rewritten or split up. If that's not possible, use requestLongerTimeout(N), but only as a last resort. - expected PASS
submit_timestamp: 2014-09-29T15:43:22
log: https://treeherder.mozilla.org/ui/logviewer.html#?repo=mozilla-central&job_id=429618
repository: mozilla-central
who: wkocher[at]mozilla[dot]com
machine: tst-linux32-spot-220
buildname: Ubuntu VM 12.04 mozilla-central debug test mochitest-devtools-chrome-1
revision: 1be11f0923bc

737 INFO TEST-UNEXPECTED-FAIL | chrome://mochitests/content/browser/browser/devtools/framework/test/browser_toolbox_options_disable_cache.js | This test exceeded the timeout threshold. It should be rewritten or split up. If that's not possible, use requestLongerTimeout(N), but only as a last resort. - expected PASS
jwatt
https://tbpl.mozilla.org/php/getParsedLog.php?id=49206259&tree=Try
Ubuntu VM 12.04 try debug test mochitest-devtools-chrome-1 on 2014-09-30 06:14:53
revision: 2448c834f246
slave: tst-linux32-spot-058

737 INFO TEST-UNEXPECTED-FAIL | chrome://mochitests/content/browser/browser/devtools/framework/test/browser_toolbox_options_disable_cache.js | This test exceeded the timeout threshold. It should be rewritten or split up. If that's not possible, use requestLongerTimeout(N), but only as a last resort. - expected PASS
submit_timestamp: 2014-09-30T09:39:32
log: https://treeherder.mozilla.org/ui/logviewer.html#?repo=mozilla-inbound&job_id=2657224
repository: mozilla-inbound
who: emorley[at]mozilla[dot]com
machine: tst-linux32-spot-299
buildname: Ubuntu VM 12.04 mozilla-inbound debug test mochitest-devtools-chrome-1
revision: f3599125b8a5

737 INFO TEST-UNEXPECTED-FAIL | chrome://mochitests/content/browser/browser/devtools/framework/test/browser_toolbox_options_disable_cache.js | This test exceeded the timeout threshold. It should be rewritten or split up. If that's not possible, use requestLongerTimeout(N), but only as a last resort. - expected PASS
submit_timestamp: 2014-10-01T00:42:23
log: https://treeherder.mozilla.org/ui/logviewer.html#?repo=mozilla-central&job_id=435351
repository: mozilla-central
who: tomcat[at]mozilla[dot]com
machine: tst-linux32-spot-207
buildname: Ubuntu VM 12.04 mozilla-central debug test mochitest-devtools-chrome-1
revision: 14665b1de5ee

737 INFO TEST-UNEXPECTED-FAIL | chrome://mochitests/content/browser/browser/devtools/framework/test/browser_toolbox_options_disable_cache.js | This test exceeded the timeout threshold. It should be rewritten or split up. If that's not possible, use requestLongerTimeout(N), but only as a last resort. - expected PASS
command timed out: 4800 seconds elapsed running ['/tools/buildbot/bin/python', 'scripts/scripts/desktop_unittest.py', '--cfg', 'unittests/linux_unittest.py', '--mochitest-suite', 'mochitest-devtools-chrome-chunked', '--total-chunks', '3', '--this-chunk', '1', '--blob-upload-branch', 'mozilla-central', '--download-symbols', 'true'], attempting to kill
submit_timestamp: 2014-10-01T04:23:21
log: https://treeherder.mozilla.org/ui/logviewer.html#?repo=b2g-inbound&job_id=573877
repository: b2g-inbound
who: tomcat[at]mozilla[dot]com
machine: tst-linux32-spot-184
buildname: Ubuntu VM 12.04 b2g-inbound debug test mochitest-devtools-chrome-1
revision: 767e3d6ae319

737 INFO TEST-UNEXPECTED-FAIL | chrome://mochitests/content/browser/browser/devtools/framework/test/browser_toolbox_options_disable_cache.js | This test exceeded the timeout threshold. It should be rewritten or split up. If that's not possible, use requestLongerTimeout(N), but only as a last resort. - expected PASS
submit_timestamp: 2014-10-01T06:38:24
log: https://treeherder.mozilla.org/ui/logviewer.html#?repo=fx-team&job_id=791845
repository: fx-team
who: tomcat[at]mozilla[dot]com
machine: tst-linux32-spot-045
buildname: Ubuntu VM 12.04 fx-team debug test mochitest-devtools-chrome-1
revision: 5a6b95c47b55

737 INFO TEST-UNEXPECTED-FAIL | chrome://mochitests/content/browser/browser/devtools/framework/test/browser_toolbox_options_disable_cache.js | This test exceeded the timeout threshold. It should be rewritten or split up. If that's not possible, use requestLongerTimeout(N), but only as a last resort. - expected PASS
command timed out: 4800 seconds elapsed running ['/tools/buildbot/bin/python', 'scripts/scripts/desktop_unittest.py', '--cfg', 'unittests/linux_unittest.py', '--mochitest-suite', 'mochitest-devtools-chrome-chunked', '--total-chunks', '3', '--this-chunk', '1', '--blob-upload-branch', 'fx-team', '--download-symbols', 'true'], attempting to kill
submit_timestamp: 2014-10-01T09:26:02
log: https://treeherder.mozilla.org/ui/logviewer.html#?repo=mozilla-central&job_id=438037
repository: mozilla-central
who: philringnalda[at]gmail[dot]com
machine: tst-linux32-spot-150
buildname: Ubuntu VM 12.04 mozilla-central debug test mochitest-devtools-chrome-1
revision: 835ef55e175e

737 INFO TEST-UNEXPECTED-FAIL | chrome://mochitests/content/browser/browser/devtools/framework/test/browser_toolbox_options_disable_cache.js | This test exceeded the timeout threshold. It should be rewritten or split up. If that's not possible, use requestLongerTimeout(N), but only as a last resort. - expected PASS
RyanVM
https://tbpl.mozilla.org/php/getParsedLog.php?id=49336271&tree=Fx-Team
Ubuntu VM 12.04 fx-team debug test mochitest-devtools-chrome-1 on 2014-10-01 12:00:33
revision: fdcb83cd2139
slave: tst-linux32-spot-226

Can't download from http://ftp.mozilla.org.proxxy.srv.releng.use1.mozilla.com/pub/mozilla.org/firefox/tinderbox-builds/fx-team-linux-debug/1412188585/firefox-35.0a1.en-US.linux-i686.tests.zip to /builds/slave/test/build/firefox-35.0a1.en-US.linux-i686.tests.zip!
Caught exception: timed out
Caught exception: timed out
Caught exception: timed out
737 INFO TEST-UNEXPECTED-FAIL | chrome://mochitests/content/browser/browser/devtools/framework/test/browser_toolbox_options_disable_cache.js | This test exceeded the timeout threshold. It should be rewritten or split up. If that's not possible, use requestLongerTimeout(N), but only as a last resort. - expected PASS
command timed out: 4800 seconds elapsed running ['/tools/buildbot/bin/python', 'scripts/scripts/desktop_unittest.py', '--cfg', 'unittests/linux_unittest.py', '--mochitest-suite', 'mochitest-devtools-chrome-chunked', '--total-chunks', '3', '--this-chunk', '1', '--blob-upload-branch', 'fx-team', '--download-symbols', 'true'], attempting to kill
submit_timestamp: 2014-10-01T15:54:49
log: https://treeherder.mozilla.org/ui/logviewer.html#?repo=fx-team&job_id=797056
repository: fx-team
who: wkocher[at]mozilla[dot]com
machine: tst-linux32-spot-226
buildname: Ubuntu VM 12.04 fx-team debug test mochitest-devtools-chrome-1
revision: fdcb83cd2139

Can't download from http://ftp.mozilla.org.proxxy.srv.releng.use1.mozilla.com/pub/mozilla.org/firefox/tinderbox-builds/fx-team-linux-debug/1412188585/firefox-35.0a1.en-US.linux-i686.tests.zip to /builds/slave/test/build/firefox-35.0a1.en-US.linux-i686.tests.zip!
Caught exception: timed out
Caught exception: timed out
Caught exception: timed out
737 INFO TEST-UNEXPECTED-FAIL | chrome://mochitests/content/browser/browser/devtools/framework/test/browser_toolbox_options_disable_cache.js | This test exceeded the timeout threshold. It should be rewritten or split up. If that's not possible, use requestLongerTimeout(N), but only as a last resort. - expected PASS
command timed out: 4800 seconds elapsed running ['/tools/buildbot/bin/python', 'scripts/scripts/desktop_unittest.py', '--cfg', 'unittests/linux_unittest.py', '--mochitest-suite', 'mochitest-devtools-chrome-chunked', '--total-chunks', '3', '--this-chunk', '1', '--blob-upload-branch', 'fx-team', '--download-symbols', 'true'], attempting to kill
philor
https://tbpl.mozilla.org/php/getParsedLog.php?id=49365502&tree=Fx-Team
Ubuntu VM 12.04 fx-team debug test mochitest-devtools-chrome-1 on 2014-10-01 19:06:34
revision: 9ac001517068
slave: tst-linux32-spot-258

737 INFO TEST-UNEXPECTED-FAIL | chrome://mochitests/content/browser/browser/devtools/framework/test/browser_toolbox_options_disable_cache.js | This test exceeded the timeout threshold. It should be rewritten or split up. If that's not possible, use requestLongerTimeout(N), but only as a last resort. - expected PASS
submit_timestamp: 2014-10-02T04:48:11
log: https://treeherder.mozilla.org/ui/logviewer.html#?repo=fx-team&job_id=803459
repository: fx-team
who: tomcat[at]mozilla[dot]com
machine: tst-linux32-spot-033
buildname: Ubuntu VM 12.04 fx-team debug test mochitest-devtools-chrome-1
revision: c840d5b6e55f

263 INFO TEST-UNEXPECTED-FAIL | chrome://mochitests/content/browser/browser/devtools/debugger/test/browser_dbg_breakpoints-reload.js | Test timed out - expected PASS
265 INFO TEST-UNEXPECTED-FAIL | chrome://mochitests/content/browser/browser/devtools/debugger/test/browser_dbg_breakpoints-reload.js | Found a tab after previous test timed out: http://example.com/browser/browser/devtools/debugger/test/doc_breakpoints-reload.html - expected PASS
759 INFO TEST-UNEXPECTED-FAIL | chrome://mochitests/content/browser/browser/devtools/framework/test/browser_toolbox_options_disable_cache.js | This test exceeded the timeout threshold. It should be rewritten or split up. If that's not possible, use requestLongerTimeout(N), but only as a last resort. - expected PASS
command timed out: 4800 seconds elapsed running ['/tools/buildbot/bin/python', 'scripts/scripts/desktop_unittest.py', '--cfg', 'unittests/linux_unittest.py', '--mochitest-suite', 'mochitest-devtools-chrome-chunked', '--total-chunks', '3', '--this-chunk', '1', '--blob-upload-branch', 'fx-team', '--download-symbols', 'true'], attempting to kill
jonco
https://tbpl.mozilla.org/php/getParsedLog.php?id=49399299&tree=Try
Ubuntu VM 12.04 try debug test mochitest-devtools-chrome-1 on 2014-10-02 04:19:48
revision: fb5e99aec907
slave: tst-linux32-spot-493

737 INFO TEST-UNEXPECTED-FAIL | chrome://mochitests/content/browser/browser/devtools/framework/test/browser_toolbox_options_disable_cache.js | This test exceeded the timeout threshold. It should be rewritten or split up. If that's not possible, use requestLongerTimeout(N), but only as a last resort. - expected PASS
ttaubert
https://tbpl.mozilla.org/php/getParsedLog.php?id=49425644&tree=Mozilla-Aurora
Ubuntu VM 12.04 mozilla-aurora debug test mochitest-devtools-chrome-1 on 2014-10-02 10:59:35
revision: 271f027abcc5
slave: tst-linux32-spot-108

738 INFO TEST-UNEXPECTED-FAIL | chrome://mochitests/content/browser/browser/devtools/framework/test/browser_toolbox_options_disable_cache.js | This test exceeded the timeout threshold. It should be rewritten or split up. If that's not possible, use requestLongerTimeout(N), but only as a last resort.
command timed out: 4800 seconds elapsed running ['/tools/buildbot/bin/python', 'scripts/scripts/desktop_unittest.py', '--cfg', 'unittests/linux_unittest.py', '--mochitest-suite', 'mochitest-devtools-chrome-chunked', '--total-chunks', '3', '--this-chunk', '1', '--blob-upload-branch', 'mozilla-aurora', '--download-symbols', 'true'], attempting to kill
submit_timestamp: 2014-10-02T13:13:27
log: https://treeherder.mozilla.org/ui/logviewer.html#?repo=mozilla-central&job_id=442115
repository: mozilla-central
who: rvandermeulen[at]mozilla[dot]com
machine: tst-linux32-spot-760
buildname: Ubuntu VM 12.04 mozilla-central debug test mochitest-devtools-chrome-1
revision: 7bbb6d89b24f

737 INFO TEST-UNEXPECTED-FAIL | chrome://mochitests/content/browser/browser/devtools/framework/test/browser_toolbox_options_disable_cache.js | This test exceeded the timeout threshold. It should be rewritten or split up. If that's not possible, use requestLongerTimeout(N), but only as a last resort. - expected PASS
submit_timestamp: 2014-10-02T13:23:22
log: https://treeherder.mozilla.org/ui/logviewer.html#?repo=mozilla-aurora&job_id=288095
repository: mozilla-aurora
who: rvandermeulen[at]mozilla[dot]com
machine: tst-linux32-spot-108
buildname: Ubuntu VM 12.04 mozilla-aurora debug test mochitest-devtools-chrome-1
revision: 271f027abcc5

738 INFO TEST-UNEXPECTED-FAIL | chrome://mochitests/content/browser/browser/devtools/framework/test/browser_toolbox_options_disable_cache.js | This test exceeded the timeout threshold. It should be rewritten or split up. If that's not possible, use requestLongerTimeout(N), but only as a last resort.
command timed out: 4800 seconds elapsed running ['/tools/buildbot/bin/python', 'scripts/scripts/desktop_unittest.py', '--cfg', 'unittests/linux_unittest.py', '--mochitest-suite', 'mochitest-devtools-chrome-chunked', '--total-chunks', '3', '--this-chunk', '1', '--blob-upload-branch', 'mozilla-aurora', '--download-symbols', 'true'], attempting to kill
submit_timestamp: 2014-10-02T13:46:43
log: https://treeherder.mozilla.org/ui/logviewer.html#?repo=mozilla-aurora&job_id=288615
repository: mozilla-aurora
who: rvandermeulen[at]mozilla[dot]com
machine: tst-linux32-spot-297
buildname: Ubuntu VM 12.04 mozilla-aurora debug test mochitest-devtools-chrome-1
revision: ee3cd82e3acb

738 INFO TEST-UNEXPECTED-FAIL | chrome://mochitests/content/browser/browser/devtools/framework/test/browser_toolbox_options_disable_cache.js | This test exceeded the timeout threshold. It should be rewritten or split up. If that's not possible, use requestLongerTimeout(N), but only as a last resort.
submit_timestamp: 2014-10-02T17:10:09
log: https://treeherder.mozilla.org/ui/logviewer.html#?repo=mozilla-central&job_id=442735
repository: mozilla-central
who: wkocher[at]mozilla[dot]com
machine: tst-linux32-spot-111
buildname: Ubuntu VM 12.04 mozilla-central debug test mochitest-devtools-chrome-1
revision: 5d6ec4dddf14

Traceback (most recent call last):
IOError: CRC check failed 0xad2629ecL != 0x88bf3e94L
Traceback (most recent call last):
IOError: CRC check failed 0x340f78e0 != 0x7f16185L
737 INFO TEST-UNEXPECTED-FAIL | chrome://mochitests/content/browser/browser/devtools/framework/test/browser_toolbox_options_disable_cache.js | This test exceeded the timeout threshold. It should be rewritten or split up. If that's not possible, use requestLongerTimeout(N), but only as a last resort. - expected PASS
submit_timestamp: 2014-10-02T17:11:08
log: https://treeherder.mozilla.org/ui/logviewer.html#?repo=mozilla-inbound&job_id=2728263
repository: mozilla-inbound
who: wkocher[at]mozilla[dot]com
machine: tst-linux32-spot-717
buildname: Ubuntu VM 12.04 mozilla-inbound debug test mochitest-devtools-chrome-1
revision: 1adbc85fcfce

263 INFO TEST-UNEXPECTED-FAIL | chrome://mochitests/content/browser/browser/devtools/debugger/test/browser_dbg_breakpoints-reload.js | Test timed out - expected PASS
265 INFO TEST-UNEXPECTED-FAIL | chrome://mochitests/content/browser/browser/devtools/debugger/test/browser_dbg_breakpoints-reload.js | Found a tab after previous test timed out: http://example.com/browser/browser/devtools/debugger/test/doc_breakpoints-reload.html - expected PASS
759 INFO TEST-UNEXPECTED-FAIL | chrome://mochitests/content/browser/browser/devtools/framework/test/browser_toolbox_options_disable_cache.js | This test exceeded the timeout threshold. It should be rewritten or split up. If that's not possible, use requestLongerTimeout(N), but only as a last resort. - expected PASS
FATAL ERROR: AsyncShutdown timeout in ShutdownLeaks: Wait for cleanup to be finished before checking for leaks Conditions: [{"name":"DevTools: Wait until toolbox is destroyed","state":"(none)","filename":"resource://gre/modules/commonjs/toolkit/loader.js -> resource:///modules/devtools/framework/toolbox.js","lineNumber":1591,"stack":["resource://gre/modules/commonjs/toolkit/loader.js -> resource:///modules/devtools/framework/toolbox.js:Toolbox.prototype.destroy/leakCheckObse
[1837] ###!!! ABORT: file resource://gre/modules/commonjs/toolkit/loader.js -> resource:///modules/devtools/framework/toolbox.js, line 1591
command timed out: 4800 seconds elapsed running ['/tools/buildbot/bin/python', 'scripts/scripts/desktop_unittest.py', '--cfg', 'unittests/linux_unittest.py', '--mochitest-suite', 'mochitest-devtools-chrome-chunked', '--total-chunks', '3', '--this-chunk', '1', '--blob-upload-branch', 'mozilla-inbound', '--download-symbols', 'true'], attempting to kill
submit_timestamp: 2014-10-02T17:35:07
log: https://treeherder.mozilla.org/ui/logviewer.html#?repo=mozilla-inbound&job_id=2729501
repository: mozilla-inbound
who: wkocher[at]mozilla[dot]com
machine: tst-linux32-spot-050
buildname: Ubuntu VM 12.04 mozilla-inbound debug test mochitest-devtools-chrome-1
revision: 98fd84e46f10

263 INFO TEST-UNEXPECTED-FAIL | chrome://mochitests/content/browser/browser/devtools/debugger/test/browser_dbg_breakpoints-reload.js | Test timed out - expected PASS
265 INFO TEST-UNEXPECTED-FAIL | chrome://mochitests/content/browser/browser/devtools/debugger/test/browser_dbg_breakpoints-reload.js | Found a tab after previous test timed out: http://example.com/browser/browser/devtools/debugger/test/doc_breakpoints-reload.html - expected PASS
759 INFO TEST-UNEXPECTED-FAIL | chrome://mochitests/content/browser/browser/devtools/framework/test/browser_toolbox_options_disable_cache.js | This test exceeded the timeout threshold. It should be rewritten or split up. If that's not possible, use requestLongerTimeout(N), but only as a last resort. - expected PASS
FATAL ERROR: AsyncShutdown timeout in ShutdownLeaks: Wait for cleanup to be finished before checking for leaks Conditions: [{"name":"DevTools: Wait until toolbox is destroyed","state":"(none)","filename":"resource://gre/modules/commonjs/toolkit/loader.js -> resource:///modules/devtools/framework/toolbox.js","lineNumber":1591,"stack":["resource://gre/modules/commonjs/toolkit/loader.js -> resource:///modules/devtools/framework/toolbox.js:Toolbox.prototype.destroy/leakCheckObse
[1803] ###!!! ABORT: file resource://gre/modules/commonjs/toolkit/loader.js -> resource:///modules/devtools/framework/toolbox.js, line 1591
[1803] ###!!! ABORT: file resource://gre/modules/commonjs/toolkit/loader.js -> resource:///modules/devtools/framework/toolbox.js, line 1591
TEST-UNEXPECTED-FAIL | ShutdownLeaks | process() called before end of test suite
880 ERROR TEST-UNEXPECTED-FAIL | chrome://mochitests/content/browser/browser/devtools/layoutview/test/browser_layoutview_update-in-iframes.js | application terminated with exit code 11
PROCESS-CRASH | chrome://mochitests/content/browser/browser/devtools/layoutview/test/browser_layoutview_update-in-iframes.js | application crashed [@ mozalloc_abort(char const*)]
TEST-UNEXPECTED-FAIL | leakcheck | default process: missing output line for total leaks!
Return code: 1
submit_timestamp: 2014-10-03T10:55:18
log: https://treeherder.mozilla.org/ui/logviewer.html#?repo=mozilla-inbound&job_id=2749968
repository: mozilla-inbound
who: rvandermeulen[at]mozilla[dot]com
machine: tst-linux32-spot-049
buildname: Ubuntu VM 12.04 mozilla-inbound debug test mochitest-devtools-chrome-1
revision: 91ffa2ab03aa

263 INFO TEST-UNEXPECTED-FAIL | chrome://mochitests/content/browser/browser/devtools/debugger/test/browser_dbg_breakpoints-reload.js | Test timed out - expected PASS
265 INFO TEST-UNEXPECTED-FAIL | chrome://mochitests/content/browser/browser/devtools/debugger/test/browser_dbg_breakpoints-reload.js | Found a tab after previous test timed out: http://example.com/browser/browser/devtools/debugger/test/doc_breakpoints-reload.html - expected PASS
759 INFO TEST-UNEXPECTED-FAIL | chrome://mochitests/content/browser/browser/devtools/framework/test/browser_toolbox_options_disable_cache.js | This test exceeded the timeout threshold. It should be rewritten or split up. If that's not possible, use requestLongerTimeout(N), but only as a last resort. - expected PASS
command timed out: 4800 seconds elapsed running ['/tools/buildbot/bin/python', 'scripts/scripts/desktop_unittest.py', '--cfg', 'unittests/linux_unittest.py', '--mochitest-suite', 'mochitest-devtools-chrome-chunked', '--total-chunks', '3', '--this-chunk', '1', '--blob-upload-branch', 'mozilla-inbound', '--download-symbols', 'true'], attempting to kill
submit_timestamp: 2014-10-03T10:57:18
log: https://treeherder.mozilla.org/ui/logviewer.html#?repo=fx-team&job_id=815220
repository: fx-team
who: rvandermeulen[at]mozilla[dot]com
machine: tst-linux32-spot-095
buildname: Ubuntu VM 12.04 fx-team debug test mochitest-devtools-chrome-1
revision: c3c65a614602

263 INFO TEST-UNEXPECTED-FAIL | chrome://mochitests/content/browser/browser/devtools/debugger/test/browser_dbg_breakpoints-reload.js | Test timed out - expected PASS
265 INFO TEST-UNEXPECTED-FAIL | chrome://mochitests/content/browser/browser/devtools/debugger/test/browser_dbg_breakpoints-reload.js | Found a tab after previous test timed out: http://example.com/browser/browser/devtools/debugger/test/doc_breakpoints-reload.html - expected PASS
759 INFO TEST-UNEXPECTED-FAIL | chrome://mochitests/content/browser/browser/devtools/framework/test/browser_toolbox_options_disable_cache.js | This test exceeded the timeout threshold. It should be rewritten or split up. If that's not possible, use requestLongerTimeout(N), but only as a last resort. - expected PASS
FATAL ERROR: AsyncShutdown timeout in ShutdownLeaks: Wait for cleanup to be finished before checking for leaks Conditions: [{"name":"DevTools: Wait until toolbox is destroyed","state":"(none)","filename":"resource://gre/modules/commonjs/toolkit/loader.js -> resource:///modules/devtools/framework/toolbox.js","lineNumber":1591,"stack":["resource://gre/modules/commonjs/toolkit/loader.js -> resource:///modules/devtools/framework/toolbox.js:Toolbox.prototype.destroy/leakCheckObse
[1867] ###!!! ABORT: file resource://gre/modules/commonjs/toolkit/loader.js -> resource:///modules/devtools/framework/toolbox.js, line 1591
[1867] ###!!! ABORT: file resource://gre/modules/commonjs/toolkit/loader.js -> resource:///modules/devtools/framework/toolbox.js, line 1591
TEST-UNEXPECTED-FAIL | ShutdownLeaks | process() called before end of test suite
880 ERROR TEST-UNEXPECTED-FAIL | chrome://mochitests/content/browser/browser/devtools/layoutview/test/browser_layoutview_update-in-iframes.js | application terminated with exit code 11
PROCESS-CRASH | chrome://mochitests/content/browser/browser/devtools/layoutview/test/browser_layoutview_update-in-iframes.js | application crashed [@ mozalloc_abort(char const*)]
TEST-UNEXPECTED-FAIL | leakcheck | default process: missing output line for total leaks!
Return code: 1
submit_timestamp: 2014-10-03T11:24:15
log: https://treeherder.mozilla.org/ui/logviewer.html#?repo=b2g-inbound&job_id=587320
repository: b2g-inbound
who: rvandermeulen[at]mozilla[dot]com
machine: tst-linux32-spot-1040
buildname: Ubuntu VM 12.04 b2g-inbound debug test mochitest-devtools-chrome-1
revision: f6b6547207ab

263 INFO TEST-UNEXPECTED-FAIL | chrome://mochitests/content/browser/browser/devtools/debugger/test/browser_dbg_breakpoints-reload.js | Test timed out - expected PASS
265 INFO TEST-UNEXPECTED-FAIL | chrome://mochitests/content/browser/browser/devtools/debugger/test/browser_dbg_breakpoints-reload.js | Found a tab after previous test timed out: http://example.com/browser/browser/devtools/debugger/test/doc_breakpoints-reload.html - expected PASS
759 INFO TEST-UNEXPECTED-FAIL | chrome://mochitests/content/browser/browser/devtools/framework/test/browser_toolbox_options_disable_cache.js | This test exceeded the timeout threshold. It should be rewritten or split up. If that's not possible, use requestLongerTimeout(N), but only as a last resort. - expected PASS
FATAL ERROR: AsyncShutdown timeout in ShutdownLeaks: Wait for cleanup to be finished before checking for leaks Conditions: [{"name":"DevTools: Wait until toolbox is destroyed","state":"(none)","filename":"resource://gre/modules/commonjs/toolkit/loader.js -> resource:///modules/devtools/framework/toolbox.js","lineNumber":1591,"stack":["resource://gre/modules/commonjs/toolkit/loader.js -> resource:///modules/devtools/framework/toolbox.js:Toolbox.prototype.destroy/leakCheckObse
[1814] ###!!! ABORT: file resource://gre/modules/commonjs/toolkit/loader.js -> resource:///modules/devtools/framework/toolbox.js, line 1591
[1814] ###!!! ABORT: file resource://gre/modules/commonjs/toolkit/loader.js -> resource:///modules/devtools/framework/toolbox.js, line 1591
TEST-UNEXPECTED-FAIL | ShutdownLeaks | process() called before end of test suite
880 ERROR TEST-UNEXPECTED-FAIL | chrome://mochitests/content/browser/browser/devtools/layoutview/test/browser_layoutview_update-in-iframes.js | application terminated with exit code 11
PROCESS-CRASH | chrome://mochitests/content/browser/browser/devtools/layoutview/test/browser_layoutview_update-in-iframes.js | application crashed [@ mozalloc_abort(char const*)]
TEST-UNEXPECTED-FAIL | leakcheck | default process: missing output line for total leaks!
Return code: 1
submit_timestamp: 2014-10-03T11:28:31
log: https://treeherder.mozilla.org/ui/logviewer.html#?repo=mozilla-aurora&job_id=292393
repository: mozilla-aurora
who: rvandermeulen[at]mozilla[dot]com
machine: tst-linux32-spot-765
buildname: Ubuntu VM 12.04 mozilla-aurora debug test mochitest-devtools-chrome-1
revision: 0272a82658ff

738 INFO TEST-UNEXPECTED-FAIL | chrome://mochitests/content/browser/browser/devtools/framework/test/browser_toolbox_options_disable_cache.js | This test exceeded the timeout threshold. It should be rewritten or split up. If that's not possible, use requestLongerTimeout(N), but only as a last resort.
submit_timestamp: 2014-10-03T12:46:13
log: https://treeherder.mozilla.org/ui/logviewer.html#?repo=mozilla-inbound&job_id=2755833
repository: mozilla-inbound
who: rvandermeulen[at]mozilla[dot]com
machine: tst-linux32-spot-032
buildname: Ubuntu VM 12.04 mozilla-inbound debug test mochitest-devtools-chrome-1
revision: eaa8c62e29f6

263 INFO TEST-UNEXPECTED-FAIL | chrome://mochitests/content/browser/browser/devtools/debugger/test/browser_dbg_breakpoints-reload.js | Test timed out - expected PASS
265 INFO TEST-UNEXPECTED-FAIL | chrome://mochitests/content/browser/browser/devtools/debugger/test/browser_dbg_breakpoints-reload.js | Found a tab after previous test timed out: http://example.com/browser/browser/devtools/debugger/test/doc_breakpoints-reload.html - expected PASS
759 INFO TEST-UNEXPECTED-FAIL | chrome://mochitests/content/browser/browser/devtools/framework/test/browser_toolbox_options_disable_cache.js | This test exceeded the timeout threshold. It should be rewritten or split up. If that's not possible, use requestLongerTimeout(N), but only as a last resort. - expected PASS
command timed out: 4800 seconds elapsed running ['/tools/buildbot/bin/python', 'scripts/scripts/desktop_unittest.py', '--cfg', 'unittests/linux_unittest.py', '--mochitest-suite', 'mochitest-devtools-chrome-chunked', '--total-chunks', '3', '--this-chunk', '1', '--blob-upload-branch', 'mozilla-inbound', '--download-symbols', 'true'], attempting to kill
submit_timestamp: 2014-10-03T14:29:04
log: https://treeherder.mozilla.org/ui/logviewer.html#?repo=mozilla-inbound&job_id=2758491
repository: mozilla-inbound
who: wkocher[at]mozilla[dot]com
machine: tst-linux32-spot-204
buildname: Ubuntu VM 12.04 mozilla-inbound debug test mochitest-devtools-chrome-1
revision: 40aa7a47fced

263 INFO TEST-UNEXPECTED-FAIL | chrome://mochitests/content/browser/browser/devtools/debugger/test/browser_dbg_breakpoints-reload.js | Test timed out - expected PASS
265 INFO TEST-UNEXPECTED-FAIL | chrome://mochitests/content/browser/browser/devtools/debugger/test/browser_dbg_breakpoints-reload.js | Found a tab after previous test timed out: http://example.com/browser/browser/devtools/debugger/test/doc_breakpoints-reload.html - expected PASS
759 INFO TEST-UNEXPECTED-FAIL | chrome://mochitests/content/browser/browser/devtools/framework/test/browser_toolbox_options_disable_cache.js | This test exceeded the timeout threshold. It should be rewritten or split up. If that's not possible, use requestLongerTimeout(N), but only as a last resort. - expected PASS
FATAL ERROR: AsyncShutdown timeout in ShutdownLeaks: Wait for cleanup to be finished before checking for leaks Conditions: [{"name":"DevTools: Wait until toolbox is destroyed","state":"(none)","filename":"resource://gre/modules/commonjs/toolkit/loader.js -> resource:///modules/devtools/framework/toolbox.js","lineNumber":1591,"stack":["resource://gre/modules/commonjs/toolkit/loader.js -> resource:///modules/devtools/framework/toolbox.js:Toolbox.prototype.destroy/leakCheckObse
[1867] ###!!! ABORT: file resource://gre/modules/commonjs/toolkit/loader.js -> resource:///modules/devtools/framework/toolbox.js, line 1591
[1867] ###!!! ABORT: file resource://gre/modules/commonjs/toolkit/loader.js -> resource:///modules/devtools/framework/toolbox.js, line 1591
TEST-UNEXPECTED-FAIL | ShutdownLeaks | process() called before end of test suite
880 ERROR TEST-UNEXPECTED-FAIL | chrome://mochitests/content/browser/browser/devtools/layoutview/test/browser_layoutview_update-in-iframes.js | application terminated with exit code 11
PROCESS-CRASH | chrome://mochitests/content/browser/browser/devtools/layoutview/test/browser_layoutview_update-in-iframes.js | application crashed [@ mozalloc_abort(char const*)]
TEST-UNEXPECTED-FAIL | leakcheck | default process: missing output line for total leaks!
Return code: 1
jfkthame
https://tbpl.mozilla.org/php/getParsedLog.php?id=49555435&tree=Mozilla-Inbound
Ubuntu VM 12.04 mozilla-inbound debug test mochitest-devtools-chrome-1 on 2014-10-04 02:56:57
revision: 06200548262b
slave: tst-linux32-spot-081

263 INFO TEST-UNEXPECTED-FAIL | chrome://mochitests/content/browser/browser/devtools/debugger/test/browser_dbg_breakpoints-reload.js | Test timed out - expected PASS
265 INFO TEST-UNEXPECTED-FAIL | chrome://mochitests/content/browser/browser/devtools/debugger/test/browser_dbg_breakpoints-reload.js | Found a tab after previous test timed out: http://example.com/browser/browser/devtools/debugger/test/doc_breakpoints-reload.html - expected PASS
759 INFO TEST-UNEXPECTED-FAIL | chrome://mochitests/content/browser/browser/devtools/framework/test/browser_toolbox_options_disable_cache.js | This test exceeded the timeout threshold. It should be rewritten or split up. If that's not possible, use requestLongerTimeout(N), but only as a last resort. - expected PASS
FATAL ERROR: AsyncShutdown timeout in ShutdownLeaks: Wait for cleanup to be finished before checking for leaks Conditions: [{"name":"DevTools: Wait until toolbox is destroyed","state":"(none)","filename":"resource://gre/modules/commonjs/toolkit/loader.js -> resource:///modules/devtools/framework/toolbox.js","lineNumber":1591,"stack":["resource://gre/modules/commonjs/toolkit/loader.js -> resource:///modules/devtools/framework/toolbox.js:Toolbox.prototype.destroy/leakCheckObserver:1591","chrome://... [exceeded max length]
[1843] ###!!! ABORT: file resource://gre/modules/commonjs/toolkit/loader.js -> resource:///modules/devtools/framework/toolbox.js, line 1591
[1843] ###!!! ABORT: file resource://gre/modules/commonjs/toolkit/loader.js -> resource:///modules/devtools/framework/toolbox.js, line 1591
TEST-UNEXPECTED-FAIL | ShutdownLeaks | process() called before end of test suite
880 ERROR TEST-UNEXPECTED-FAIL | chrome://mochitests/content/browser/browser/devtools/layoutview/test/browser_layoutview_update-in-iframes.js | application terminated with exit code 11
PROCESS-CRASH | chrome://mochitests/content/browser/browser/devtools/layoutview/test/browser_layoutview_update-in-iframes.js | application crashed [@ mozalloc_abort(char const*)]
TEST-UNEXPECTED-FAIL | leakcheck | default process: missing output line for total leaks!
Return code: 1
submit_timestamp: 2014-10-06T10:20:06
log: https://treeherder.mozilla.org/ui/logviewer.html#?repo=mozilla-inbound&job_id=2795449
repository: mozilla-inbound
who: rvandermeulen[at]mozilla[dot]com
machine: tst-linux32-spot-059
buildname: Ubuntu VM 12.04 mozilla-inbound debug test mochitest-devtools-chrome-1
revision: c2971c67412a

263 INFO TEST-UNEXPECTED-FAIL | chrome://mochitests/content/browser/browser/devtools/debugger/test/browser_dbg_breakpoints-reload.js | Test timed out - expected PASS
265 INFO TEST-UNEXPECTED-FAIL | chrome://mochitests/content/browser/browser/devtools/debugger/test/browser_dbg_breakpoints-reload.js | Found a tab after previous test timed out: http://example.com/browser/browser/devtools/debugger/test/doc_breakpoints-reload.html - expected PASS
759 INFO TEST-UNEXPECTED-FAIL | chrome://mochitests/content/browser/browser/devtools/framework/test/browser_toolbox_options_disable_cache.js | This test exceeded the timeout threshold. It should be rewritten or split up. If that's not possible, use requestLongerTimeout(N), but only as a last resort. - expected PASS
FATAL ERROR: AsyncShutdown timeout in ShutdownLeaks: Wait for cleanup to be finished before checking for leaks Conditions: [{"name":"DevTools: Wait until toolbox is destroyed","state":"(none)","filename":"resource://gre/modules/commonjs/toolkit/loader.js -> resource:///modules/devtools/framework/toolbox.js","lineNumber":1591,"stack":["resource://gre/modules/commonjs/toolkit/loader.js -> resource:///modules/devtools/framework/toolbox.js:Toolbox.prototype.destroy/leakCheckObse
[1805] ###!!! ABORT: file resource://gre/modules/commonjs/toolkit/loader.js -> resource:///modules/devtools/framework/toolbox.js, line 1591
[1805] ###!!! ABORT: file resource://gre/modules/commonjs/toolkit/loader.js -> resource:///modules/devtools/framework/toolbox.js, line 1591
TEST-UNEXPECTED-FAIL | ShutdownLeaks | process() called before end of test suite
880 ERROR TEST-UNEXPECTED-FAIL | chrome://mochitests/content/browser/browser/devtools/layoutview/test/browser_layoutview_update-in-iframes.js | application terminated with exit code 11
PROCESS-CRASH | chrome://mochitests/content/browser/browser/devtools/layoutview/test/browser_layoutview_update-in-iframes.js | application crashed [@ mozalloc_abort(char const*)]
TEST-UNEXPECTED-FAIL | leakcheck | default process: missing output line for total leaks!
Return code: 1
submit_timestamp: 2014-10-06T13:14:23
log: https://treeherder.mozilla.org/ui/logviewer.html#?repo=mozilla-inbound&job_id=2801869
repository: mozilla-inbound
who: rvandermeulen[at]mozilla[dot]com
machine: tst-linux32-spot-106
buildname: Ubuntu VM 12.04 mozilla-inbound debug test mochitest-devtools-chrome-1
revision: 31d28b1d4d7e

265 INFO TEST-UNEXPECTED-FAIL | chrome://mochitests/content/browser/browser/devtools/debugger/test/browser_dbg_breakpoints-reload.js | Test timed out - expected PASS
267 INFO TEST-UNEXPECTED-FAIL | chrome://mochitests/content/browser/browser/devtools/debugger/test/browser_dbg_breakpoints-reload.js | Found a tab after previous test timed out: http://example.com/browser/browser/devtools/debugger/test/doc_breakpoints-reload.html - expected PASS
761 INFO TEST-UNEXPECTED-FAIL | chrome://mochitests/content/browser/browser/devtools/framework/test/browser_toolbox_options_disable_cache.js | This test exceeded the timeout threshold. It should be rewritten or split up. If that's not possible, use requestLongerTimeout(N), but only as a last resort. - expected PASS
command timed out: 4800 seconds elapsed running ['/tools/buildbot/bin/python', 'scripts/scripts/desktop_unittest.py', '--cfg', 'unittests/linux_unittest.py', '--mochitest-suite', 'mochitest-devtools-chrome-chunked', '--total-chunks', '3', '--this-chunk', '1', '--blob-upload-branch', 'mozilla-inbound', '--download-symbols', 'true'], attempting to kill
submit_timestamp: 2014-10-06T14:20:49
log: https://treeherder.mozilla.org/ui/logviewer.html#?repo=fx-team&job_id=830489
repository: fx-team
who: rvandermeulen[at]mozilla[dot]com
machine: tst-linux32-spot-169
buildname: Ubuntu VM 12.04 fx-team debug test mochitest-devtools-chrome-1
revision: 0990d45d42a6

265 INFO TEST-UNEXPECTED-FAIL | chrome://mochitests/content/browser/browser/devtools/debugger/test/browser_dbg_breakpoints-reload.js | Test timed out - expected PASS
267 INFO TEST-UNEXPECTED-FAIL | chrome://mochitests/content/browser/browser/devtools/debugger/test/browser_dbg_breakpoints-reload.js | Found a tab after previous test timed out: http://example.com/browser/browser/devtools/debugger/test/doc_breakpoints-reload.html - expected PASS
761 INFO TEST-UNEXPECTED-FAIL | chrome://mochitests/content/browser/browser/devtools/framework/test/browser_toolbox_options_disable_cache.js | This test exceeded the timeout threshold. It should be rewritten or split up. If that's not possible, use requestLongerTimeout(N), but only as a last resort. - expected PASS
command timed out: 4800 seconds elapsed running ['/tools/buildbot/bin/python', 'scripts/scripts/desktop_unittest.py', '--cfg', 'unittests/linux_unittest.py', '--mochitest-suite', 'mochitest-devtools-chrome-chunked', '--total-chunks', '3', '--this-chunk', '1', '--blob-upload-branch', 'fx-team', '--download-symbols', 'true'], attempting to kill
submit_timestamp: 2014-10-06T15:51:34
log: https://treeherder.mozilla.org/ui/logviewer.html#?repo=fx-team&job_id=834716
repository: fx-team
who: wkocher[at]mozilla[dot]com
machine: tst-linux32-spot-752
buildname: Ubuntu VM 12.04 fx-team debug test mochitest-devtools-chrome-1
revision: f4953072c20f

265 INFO TEST-UNEXPECTED-FAIL | chrome://mochitests/content/browser/browser/devtools/debugger/test/browser_dbg_breakpoints-reload.js | Test timed out - expected PASS
267 INFO TEST-UNEXPECTED-FAIL | chrome://mochitests/content/browser/browser/devtools/debugger/test/browser_dbg_breakpoints-reload.js | Found a tab after previous test timed out: http://example.com/browser/browser/devtools/debugger/test/doc_breakpoints-reload.html - expected PASS
761 INFO TEST-UNEXPECTED-FAIL | chrome://mochitests/content/browser/browser/devtools/framework/test/browser_toolbox_options_disable_cache.js | This test exceeded the timeout threshold. It should be rewritten or split up. If that's not possible, use requestLongerTimeout(N), but only as a last resort. - expected PASS
command timed out: 4800 seconds elapsed running ['/tools/buildbot/bin/python', 'scripts/scripts/desktop_unittest.py', '--cfg', 'unittests/linux_unittest.py', '--mochitest-suite', 'mochitest-devtools-chrome-chunked', '--total-chunks', '3', '--this-chunk', '1', '--blob-upload-branch', 'fx-team', '--download-symbols', 'true'], attempting to kill
submit_timestamp: 2014-10-06T15:59:47
log: https://treeherder.mozilla.org/ui/logviewer.html#?repo=mozilla-inbound&job_id=2806318
repository: mozilla-inbound
who: wkocher[at]mozilla[dot]com
machine: tst-linux32-spot-219
buildname: Ubuntu VM 12.04 mozilla-inbound debug test mochitest-devtools-chrome-1
revision: b19c3336ea3f

265 INFO TEST-UNEXPECTED-FAIL | chrome://mochitests/content/browser/browser/devtools/debugger/test/browser_dbg_breakpoints-reload.js | Test timed out - expected PASS
267 INFO TEST-UNEXPECTED-FAIL | chrome://mochitests/content/browser/browser/devtools/debugger/test/browser_dbg_breakpoints-reload.js | Found a tab after previous test timed out: http://example.com/browser/browser/devtools/debugger/test/doc_breakpoints-reload.html - expected PASS
761 INFO TEST-UNEXPECTED-FAIL | chrome://mochitests/content/browser/browser/devtools/framework/test/browser_toolbox_options_disable_cache.js | This test exceeded the timeout threshold. It should be rewritten or split up. If that's not possible, use requestLongerTimeout(N), but only as a last resort. - expected PASS
command timed out: 4800 seconds elapsed running ['/tools/buildbot/bin/python', 'scripts/scripts/desktop_unittest.py', '--cfg', 'unittests/linux_unittest.py', '--mochitest-suite', 'mochitest-devtools-chrome-chunked', '--total-chunks', '3', '--this-chunk', '1', '--blob-upload-branch', 'mozilla-inbound', '--download-symbols', 'true'], attempting to kill
submit_timestamp: 2014-10-06T16:42:17
log: https://treeherder.mozilla.org/ui/logviewer.html#?repo=fx-team&job_id=835733
repository: fx-team
who: wkocher[at]mozilla[dot]com
machine: tst-linux32-spot-104
buildname: Ubuntu VM 12.04 fx-team debug test mochitest-devtools-chrome-1
revision: b1b103778f93

265 INFO TEST-UNEXPECTED-FAIL | chrome://mochitests/content/browser/browser/devtools/debugger/test/browser_dbg_breakpoints-reload.js | Test timed out - expected PASS
267 INFO TEST-UNEXPECTED-FAIL | chrome://mochitests/content/browser/browser/devtools/debugger/test/browser_dbg_breakpoints-reload.js | Found a tab after previous test timed out: http://example.com/browser/browser/devtools/debugger/test/doc_breakpoints-reload.html - expected PASS
761 INFO TEST-UNEXPECTED-FAIL | chrome://mochitests/content/browser/browser/devtools/framework/test/browser_toolbox_options_disable_cache.js | This test exceeded the timeout threshold. It should be rewritten or split up. If that's not possible, use requestLongerTimeout(N), but only as a last resort. - expected PASS
FATAL ERROR: AsyncShutdown timeout in ShutdownLeaks: Wait for cleanup to be finished before checking for leaks Conditions: [{"name":"DevTools: Wait until toolbox is destroyed","state":"(none)","filename":"resource://gre/modules/commonjs/toolkit/loader.js -> resource:///modules/devtools/framework/toolbox.js","lineNumber":1591,"stack":["resource://gre/modules/commonjs/toolkit/loader.js -> resource:///modules/devtools/framework/toolbox.js:Toolbox.prototype.destroy/leakCheckObse
[1842] ###!!! ABORT: file resource://gre/modules/commonjs/toolkit/loader.js -> resource:///modules/devtools/framework/toolbox.js, line 1591
[1842] ###!!! ABORT: file resource://gre/modules/commonjs/toolkit/loader.js -> resource:///modules/devtools/framework/toolbox.js, line 1591
TEST-UNEXPECTED-FAIL | ShutdownLeaks | process() called before end of test suite
882 ERROR TEST-UNEXPECTED-FAIL | chrome://mochitests/content/browser/browser/devtools/layoutview/test/browser_layoutview_update-in-iframes.js | application terminated with exit code 11
command timed out: 4800 seconds elapsed running ['/tools/buildbot/bin/python', 'scripts/scripts/desktop_unittest.py', '--cfg', 'unittests/linux_unittest.py', '--mochitest-suite', 'mochitest-devtools-chrome-chunked', '--total-chunks', '3', '--this-chunk', '1', '--blob-upload-branch', 'fx-team', '--download-symbols', 'true'], attempting to kill
submit_timestamp: 2014-10-06T16:50:17
log: https://treeherder.mozilla.org/ui/logviewer.html#?repo=mozilla-inbound&job_id=2809263
repository: mozilla-inbound
who: wkocher[at]mozilla[dot]com
machine: tst-linux32-spot-111
buildname: Ubuntu VM 12.04 mozilla-inbound debug test mochitest-devtools-chrome-1
revision: 1b74418f4245

265 INFO TEST-UNEXPECTED-FAIL | chrome://mochitests/content/browser/browser/devtools/debugger/test/browser_dbg_breakpoints-reload.js | Test timed out - expected PASS
267 INFO TEST-UNEXPECTED-FAIL | chrome://mochitests/content/browser/browser/devtools/debugger/test/browser_dbg_breakpoints-reload.js | Found a tab after previous test timed out: http://example.com/browser/browser/devtools/debugger/test/doc_breakpoints-reload.html - expected PASS
761 INFO TEST-UNEXPECTED-FAIL | chrome://mochitests/content/browser/browser/devtools/framework/test/browser_toolbox_options_disable_cache.js | This test exceeded the timeout threshold. It should be rewritten or split up. If that's not possible, use requestLongerTimeout(N), but only as a last resort. - expected PASS
FATAL ERROR: AsyncShutdown timeout in ShutdownLeaks: Wait for cleanup to be finished before checking for leaks Conditions: [{"name":"DevTools: Wait until toolbox is destroyed","state":"(none)","filename":"resource://gre/modules/commonjs/toolkit/loader.js -> resource:///modules/devtools/framework/toolbox.js","lineNumber":1591,"stack":["resource://gre/modules/commonjs/toolkit/loader.js -> resource:///modules/devtools/framework/toolbox.js:Toolbox.prototype.destroy/leakCheckObse
[1823] ###!!! ABORT: file resource://gre/modules/commonjs/toolkit/loader.js -> resource:///modules/devtools/framework/toolbox.js, line 1591
command timed out: 4800 seconds elapsed running ['/tools/buildbot/bin/python', 'scripts/scripts/desktop_unittest.py', '--cfg', 'unittests/linux_unittest.py', '--mochitest-suite', 'mochitest-devtools-chrome-chunked', '--total-chunks', '3', '--this-chunk', '1', '--blob-upload-branch', 'mozilla-inbound', '--download-symbols', 'true'], attempting to kill
erahm
https://tbpl.mozilla.org/php/getParsedLog.php?id=49732791&tree=Try
Ubuntu VM 12.04 try debug test mochitest-devtools-chrome-1 on 2014-10-07 11:30:49
revision: a7a4401ceea5
slave: tst-linux32-spot-159

265 INFO TEST-UNEXPECTED-FAIL | chrome://mochitests/content/browser/browser/devtools/debugger/test/browser_dbg_breakpoints-reload.js | Test timed out - expected PASS
267 INFO TEST-UNEXPECTED-FAIL | chrome://mochitests/content/browser/browser/devtools/debugger/test/browser_dbg_breakpoints-reload.js | Found a tab after previous test timed out: http://example.com/browser/browser/devtools/debugger/test/doc_breakpoints-reload.html - expected PASS
761 INFO TEST-UNEXPECTED-FAIL | chrome://mochitests/content/browser/browser/devtools/framework/test/browser_toolbox_options_disable_cache.js | This test exceeded the timeout threshold. It should be rewritten or split up. If that's not possible, use requestLongerTimeout(N), but only as a last resort. - expected PASS
FATAL ERROR: AsyncShutdown timeout in ShutdownLeaks: Wait for cleanup to be finished before checking for leaks Conditions: [{"name":"DevTools: Wait until toolbox is destroyed","state":"(none)","filename":"resource://gre/modules/commonjs/toolkit/loader.js -> resource:///modules/devtools/framework/toolbox.js","lineNumber":1591,"stack":["resource://gre/modules/commonjs/toolkit/loader.js -> resource:///modules/devtools/framework/toolbox.js:Toolbox.prototype.destroy/leakCheckObserver:1591","chrome://... [exceeded max length]
[1854] ###!!! ABORT: file resource://gre/modules/commonjs/toolkit/loader.js -> resource:///modules/devtools/framework/toolbox.js, line 1591
[1854] ###!!! ABORT: file resource://gre/modules/commonjs/toolkit/loader.js -> resource:///modules/devtools/framework/toolbox.js, line 1591
TEST-UNEXPECTED-FAIL | ShutdownLeaks | process() called before end of test suite
882 ERROR TEST-UNEXPECTED-FAIL | chrome://mochitests/content/browser/browser/devtools/layoutview/test/browser_layoutview_update-in-iframes.js | application terminated with exit code 11
PROCESS-CRASH | chrome://mochitests/content/browser/browser/devtools/layoutview/test/browser_layoutview_update-in-iframes.js | application crashed [@ mozalloc_abort(char const*)]
TEST-UNEXPECTED-FAIL | leakcheck | default process: missing output line for total leaks!
Return code: 1
submit_timestamp: 2014-10-07T18:39:56
log: https://treeherder.mozilla.org/ui/logviewer.html#?repo=fx-team&job_id=843882
repository: fx-team
who: wkocher[at]mozilla[dot]com
machine: tst-linux32-spot-190
buildname: Ubuntu VM 12.04 fx-team debug test mochitest-devtools-chrome-1
revision: 0554ceb29cdc

739 INFO TEST-UNEXPECTED-FAIL | chrome://mochitests/content/browser/browser/devtools/framework/test/browser_toolbox_options_disable_cache.js | This test exceeded the timeout threshold. It should be rewritten or split up. If that's not possible, use requestLongerTimeout(N), but only as a last resort. - expected PASS
submit_timestamp: 2014-10-07T23:56:54
log: https://treeherder.mozilla.org/ui/logviewer.html#?repo=fx-team&job_id=844414
repository: fx-team
who: tomcat[at]mozilla[dot]com
machine: tst-linux32-spot-757
buildname: Ubuntu VM 12.04 fx-team debug test mochitest-devtools-chrome-1
revision: 44e09b1fd2ed

739 INFO TEST-UNEXPECTED-FAIL | chrome://mochitests/content/browser/browser/devtools/framework/test/browser_toolbox_options_disable_cache.js | This test exceeded the timeout threshold. It should be rewritten or split up. If that's not possible, use requestLongerTimeout(N), but only as a last resort. - expected PASS
submit_timestamp: 2014-10-08T07:12:34
log: https://treeherder.mozilla.org/ui/logviewer.html#?repo=fx-team&job_id=848903
repository: fx-team
who: tomcat[at]mozilla[dot]com
machine: tst-linux32-spot-206
buildname: Ubuntu VM 12.04 fx-team debug test mochitest-devtools-chrome-1
revision: 4d0bb69c5a49

739 INFO TEST-UNEXPECTED-FAIL | chrome://mochitests/content/browser/browser/devtools/framework/test/browser_toolbox_options_disable_cache.js | This test exceeded the timeout threshold. It should be rewritten or split up. If that's not possible, use requestLongerTimeout(N), but only as a last resort. - expected PASS
submit_timestamp: 2014-10-08T08:07:00
log: https://treeherder.mozilla.org/ui/logviewer.html#?repo=mozilla-inbound&job_id=2850775
repository: mozilla-inbound
who: emorley[at]mozilla[dot]com
machine: tst-linux32-spot-1010
buildname: Ubuntu VM 12.04 mozilla-inbound debug test mochitest-devtools-chrome-1
revision: 8c00d59b1c00

739 INFO TEST-UNEXPECTED-FAIL | chrome://mochitests/content/browser/browser/devtools/framework/test/browser_toolbox_options_disable_cache.js | This test exceeded the timeout threshold. It should be rewritten or split up. If that's not possible, use requestLongerTimeout(N), but only as a last resort. - expected PASS
command timed out: 4800 seconds elapsed running ['/tools/buildbot/bin/python', 'scripts/scripts/desktop_unittest.py', '--cfg', 'unittests/linux_unittest.py', '--mochitest-suite', 'mochitest-devtools-chrome-chunked', '--total-chunks', '3', '--this-chunk', '1', '--blob-upload-branch', 'mozilla-inbound', '--download-symbols', 'true'], attempting to kill
submit_timestamp: 2014-10-08T09:36:56
log: https://treeherder.mozilla.org/ui/logviewer.html#?repo=mozilla-inbound&job_id=2853383
repository: mozilla-inbound
who: rvandermeulen[at]mozilla[dot]com
machine: tst-linux32-spot-103
buildname: Ubuntu VM 12.04 mozilla-inbound debug test mochitest-devtools-chrome-1
revision: 1d454aaf1dec

739 INFO TEST-UNEXPECTED-FAIL | chrome://mochitests/content/browser/browser/devtools/framework/test/browser_toolbox_options_disable_cache.js | This test exceeded the timeout threshold. It should be rewritten or split up. If that's not possible, use requestLongerTimeout(N), but only as a last resort. - expected PASS
submit_timestamp: 2014-10-08T12:02:33
log: https://treeherder.mozilla.org/ui/logviewer.html#?repo=mozilla-inbound&job_id=2856125
repository: mozilla-inbound
who: rvandermeulen[at]mozilla[dot]com
machine: tst-linux32-spot-104
buildname: Ubuntu VM 12.04 mozilla-inbound debug test mochitest-devtools-chrome-1
revision: e93c40d4344f

739 INFO TEST-UNEXPECTED-FAIL | chrome://mochitests/content/browser/browser/devtools/framework/test/browser_toolbox_options_disable_cache.js | This test exceeded the timeout threshold. It should be rewritten or split up. If that's not possible, use requestLongerTimeout(N), but only as a last resort. - expected PASS
erahm
https://tbpl.mozilla.org/php/getParsedLog.php?id=49824169&tree=Try
Ubuntu VM 12.04 try debug test mochitest-devtools-chrome-1 on 2014-10-08 11:18:38
revision: ffd77be93a56
slave: tst-linux32-spot-767

739 INFO TEST-UNEXPECTED-FAIL | chrome://mochitests/content/browser/browser/devtools/framework/test/browser_toolbox_options_disable_cache.js | This test exceeded the timeout threshold. It should be rewritten or split up. If that's not possible, use requestLongerTimeout(N), but only as a last resort. - expected PASS
erahm
https://tbpl.mozilla.org/php/getParsedLog.php?id=49826621&tree=Try
Ubuntu VM 12.04 try debug test mochitest-devtools-chrome-1 on 2014-10-08 11:45:55
revision: ffd77be93a56
slave: tst-linux32-spot-223

739 INFO TEST-UNEXPECTED-FAIL | chrome://mochitests/content/browser/browser/devtools/framework/test/browser_toolbox_options_disable_cache.js | This test exceeded the timeout threshold. It should be rewritten or split up. If that's not possible, use requestLongerTimeout(N), but only as a last resort. - expected PASS
submit_timestamp: 2014-10-08T15:09:58
log: https://treeherder.mozilla.org/ui/logviewer.html#?repo=mozilla-inbound&job_id=2864897
repository: mozilla-inbound
who: wkocher[at]mozilla[dot]com
machine: tst-linux32-spot-207
buildname: Ubuntu VM 12.04 mozilla-inbound debug test mochitest-devtools-chrome-1
revision: bb693abe8de0

739 INFO TEST-UNEXPECTED-FAIL | chrome://mochitests/content/browser/browser/devtools/framework/test/browser_toolbox_options_disable_cache.js | This test exceeded the timeout threshold. It should be rewritten or split up. If that's not possible, use requestLongerTimeout(N), but only as a last resort. - expected PASS
submit_timestamp: 2014-10-09T00:05:31
log: https://treeherder.mozilla.org/ui/logviewer.html#?repo=fx-team&job_id=857269
repository: fx-team
who: tomcat[at]mozilla[dot]com
machine: tst-linux32-spot-056
buildname: Ubuntu VM 12.04 fx-team debug test mochitest-devtools-chrome-1
revision: dcb04b36ad60

741 INFO TEST-UNEXPECTED-FAIL | chrome://mochitests/content/browser/browser/devtools/framework/test/browser_toolbox_options_disable_cache.js | This test exceeded the timeout threshold. It should be rewritten or split up. If that's not possible, use requestLongerTimeout(N), but only as a last resort. - expected PASS
submit_timestamp: 2014-10-09T03:37:33
log: https://treeherder.mozilla.org/ui/logviewer.html#?repo=mozilla-inbound&job_id=2881026
repository: mozilla-inbound
who: tomcat[at]mozilla[dot]com
machine: tst-linux32-spot-213
buildname: Ubuntu VM 12.04 mozilla-inbound debug test mochitest-devtools-chrome-1
revision: d6d74761dbb2

739 INFO TEST-UNEXPECTED-FAIL | chrome://mochitests/content/browser/browser/devtools/framework/test/browser_toolbox_options_disable_cache.js | This test exceeded the timeout threshold. It should be rewritten or split up. If that's not possible, use requestLongerTimeout(N), but only as a last resort. - expected PASS
command timed out: 4800 seconds elapsed running ['/tools/buildbot/bin/python', 'scripts/scripts/desktop_unittest.py', '--cfg', 'unittests/linux_unittest.py', '--mochitest-suite', 'mochitest-devtools-chrome-chunked', '--total-chunks', '3', '--this-chunk', '1', '--blob-upload-branch', 'mozilla-inbound', '--download-symbols', 'true'], attempting to kill
submit_timestamp: 2014-10-09T05:02:53
log: https://treeherder.mozilla.org/ui/logviewer.html#?repo=mozilla-inbound&job_id=2886091
repository: mozilla-inbound
who: tomcat[at]mozilla[dot]com
machine: tst-linux32-spot-111
buildname: Ubuntu VM 12.04 mozilla-inbound debug test mochitest-devtools-chrome-1
revision: 12814612228a

739 INFO TEST-UNEXPECTED-FAIL | chrome://mochitests/content/browser/browser/devtools/framework/test/browser_toolbox_options_disable_cache.js | This test exceeded the timeout threshold. It should be rewritten or split up. If that's not possible, use requestLongerTimeout(N), but only as a last resort. - expected PASS
submit_timestamp: 2014-10-09T09:28:37
log: https://treeherder.mozilla.org/ui/logviewer.html#?repo=fx-team&job_id=858663
repository: fx-team
who: rvandermeulen[at]mozilla[dot]com
machine: tst-linux32-spot-195
buildname: Ubuntu VM 12.04 fx-team debug test mochitest-devtools-chrome-1
revision: 98daafd906a9

741 INFO TEST-UNEXPECTED-FAIL | chrome://mochitests/content/browser/browser/devtools/framework/test/browser_toolbox_options_disable_cache.js | This test exceeded the timeout threshold. It should be rewritten or split up. If that's not possible, use requestLongerTimeout(N), but only as a last resort. - expected PASS
submit_timestamp: 2014-10-09T11:03:53
log: https://treeherder.mozilla.org/ui/logviewer.html#?repo=mozilla-inbound&job_id=2891710
repository: mozilla-inbound
who: rvandermeulen[at]mozilla[dot]com
machine: tst-linux32-spot-180
buildname: Ubuntu VM 12.04 mozilla-inbound debug test mochitest-devtools-chrome-1
revision: 9bdba7a66515

739 INFO TEST-UNEXPECTED-FAIL | chrome://mochitests/content/browser/browser/devtools/framework/test/browser_toolbox_options_disable_cache.js | This test exceeded the timeout threshold. It should be rewritten or split up. If that's not possible, use requestLongerTimeout(N), but only as a last resort. - expected PASS
command timed out: 4800 seconds elapsed running ['/tools/buildbot/bin/python', 'scripts/scripts/desktop_unittest.py', '--cfg', 'unittests/linux_unittest.py', '--mochitest-suite', 'mochitest-devtools-chrome-chunked', '--total-chunks', '3', '--this-chunk', '1', '--blob-upload-branch', 'mozilla-inbound', '--download-symbols', 'true'], attempting to kill
submit_timestamp: 2014-10-09T11:18:30
log: https://treeherder.mozilla.org/ui/logviewer.html#?repo=fx-team&job_id=860017
repository: fx-team
who: rvandermeulen[at]mozilla[dot]com
machine: tst-linux32-spot-1037
buildname: Ubuntu VM 12.04 fx-team debug test mochitest-devtools-chrome-1
revision: 3e9de16c4c17

743 INFO TEST-UNEXPECTED-FAIL | chrome://mochitests/content/browser/browser/devtools/framework/test/browser_toolbox_options_disable_cache.js | This test exceeded the timeout threshold. It should be rewritten or split up. If that's not possible, use requestLongerTimeout(N), but only as a last resort. - expected PASS
submit_timestamp: 2014-10-09T11:50:38
log: https://treeherder.mozilla.org/ui/logviewer.html#?repo=mozilla-inbound&job_id=2893040
repository: mozilla-inbound
who: rvandermeulen[at]mozilla[dot]com
machine: tst-linux32-spot-298
buildname: Ubuntu VM 12.04 mozilla-inbound debug test mochitest-devtools-chrome-1
revision: 28f0136d5ea9

739 INFO TEST-UNEXPECTED-FAIL | chrome://mochitests/content/browser/browser/devtools/framework/test/browser_toolbox_options_disable_cache.js | This test exceeded the timeout threshold. It should be rewritten or split up. If that's not possible, use requestLongerTimeout(N), but only as a last resort. - expected PASS
submit_timestamp: 2014-10-09T18:54:45
log: https://treeherder.mozilla.org/ui/logviewer.html#?repo=fx-team&job_id=863269
repository: fx-team
who: wkocher[at]mozilla[dot]com
machine: tst-linux32-spot-040
buildname: Ubuntu VM 12.04 fx-team debug test mochitest-devtools-chrome-1
revision: 8f632f1754a7

743 INFO TEST-UNEXPECTED-FAIL | chrome://mochitests/content/browser/browser/devtools/framework/test/browser_toolbox_options_disable_cache.js | This test exceeded the timeout threshold. It should be rewritten or split up. If that's not possible, use requestLongerTimeout(N), but only as a last resort. - expected PASS
submit_timestamp: 2014-10-10T00:03:22
log: https://treeherder.mozilla.org/ui/logviewer.html#?repo=mozilla-inbound&job_id=2904504
repository: mozilla-inbound
who: tomcat[at]mozilla[dot]com
machine: tst-linux32-spot-030
buildname: Ubuntu VM 12.04 mozilla-inbound debug test mochitest-devtools-chrome-1
revision: c1617b7400c0

743 INFO TEST-UNEXPECTED-FAIL | chrome://mochitests/content/browser/browser/devtools/framework/test/browser_toolbox_options_disable_cache.js | This test exceeded the timeout threshold. It should be rewritten or split up. If that's not possible, use requestLongerTimeout(N), but only as a last resort. - expected PASS
ttaubert
https://tbpl.mozilla.org/php/getParsedLog.php?id=49920167&tree=Fx-Team
Ubuntu VM 12.04 fx-team debug test mochitest-devtools-chrome-1 on 2014-10-09 17:29:48
revision: 8f632f1754a7
slave: tst-linux32-spot-040

743 INFO TEST-UNEXPECTED-FAIL | chrome://mochitests/content/browser/browser/devtools/framework/test/browser_toolbox_options_disable_cache.js | This test exceeded the timeout threshold. It should be rewritten or split up. If that's not possible, use requestLongerTimeout(N), but only as a last resort. - expected PASS
submit_timestamp: 2014-10-10T02:52:27
log: https://treeherder.mozilla.org/ui/logviewer.html#?repo=mozilla-inbound&job_id=2904590
repository: mozilla-inbound
who: tomcat[at]mozilla[dot]com
machine: tst-linux32-spot-225
buildname: Ubuntu VM 12.04 mozilla-inbound pgo test mochitest-devtools-chrome
revision: c1617b7400c0

739 INFO TEST-UNEXPECTED-FAIL | chrome://mochitests/content/browser/browser/devtools/framework/test/browser_toolbox_options_disable_cache.js | This test exceeded the timeout threshold. It should be rewritten or split up. If that's not possible, use requestLongerTimeout(N), but only as a last resort. - expected PASS
6540 INFO TEST-UNEXPECTED-FAIL | chrome://mochitests/content/browser/browser/devtools/markupview/test/browser_markupview_events_jquery_2.1.1.js | This test exceeded the timeout threshold. It should be rewritten or split up. If that's not possible, use requestLongerTimeout(N), but only as a last resort. - expected PASS
command timed out: 7200 seconds elapsed running ['/tools/buildbot/bin/python', 'scripts/scripts/desktop_unittest.py', '--cfg', 'unittests/linux_unittest.py', '--mochitest-suite', 'mochitest-devtools-chrome', '--blob-upload-branch', 'mozilla-inbound', '--download-symbols', 'ondemand'], attempting to kill
submit_timestamp: 2014-10-10T03:51:03
log: https://treeherder.mozilla.org/ui/logviewer.html#?repo=mozilla-inbound&job_id=2907738
repository: mozilla-inbound
who: tomcat[at]mozilla[dot]com
machine: tst-linux32-spot-025
buildname: Ubuntu VM 12.04 mozilla-inbound debug test mochitest-devtools-chrome-1
revision: 5c6980f9caff

743 INFO TEST-UNEXPECTED-FAIL | chrome://mochitests/content/browser/browser/devtools/framework/test/browser_toolbox_options_disable_cache.js | This test exceeded the timeout threshold. It should be rewritten or split up. If that's not possible, use requestLongerTimeout(N), but only as a last resort. - expected PASS
submit_timestamp: 2014-10-10T05:31:38
log: https://treeherder.mozilla.org/ui/logviewer.html#?repo=mozilla-inbound&job_id=2907772
repository: mozilla-inbound
who: tomcat[at]mozilla[dot]com
machine: tst-linux32-spot-1015
buildname: Ubuntu VM 12.04 mozilla-inbound debug test mochitest-devtools-chrome-1
revision: 48ef078126bf

743 INFO TEST-UNEXPECTED-FAIL | chrome://mochitests/content/browser/browser/devtools/framework/test/browser_toolbox_options_disable_cache.js | This test exceeded the timeout threshold. It should be rewritten or split up. If that's not possible, use requestLongerTimeout(N), but only as a last resort. - expected PASS
submit_timestamp: 2014-10-10T05:44:02
log: https://treeherder.mozilla.org/ui/logviewer.html#?repo=fx-team&job_id=869713
repository: fx-team
who: tomcat[at]mozilla[dot]com
machine: tst-linux32-spot-257
buildname: Ubuntu VM 12.04 fx-team debug test mochitest-devtools-chrome-1
revision: c795bd58e078

743 INFO TEST-UNEXPECTED-FAIL | chrome://mochitests/content/browser/browser/devtools/framework/test/browser_toolbox_options_disable_cache.js | This test exceeded the timeout threshold. It should be rewritten or split up. If that's not possible, use requestLongerTimeout(N), but only as a last resort. - expected PASS
852 INFO TEST-UNEXPECTED-FAIL | chrome://mochitests/content/browser/browser/devtools/inspector/test/browser_inspector_highlighter-comments.js | A promise chain failed to handle a rejection:  - false
submit_timestamp: 2014-10-10T07:36:54
log: https://treeherder.mozilla.org/ui/logviewer.html#?repo=mozilla-inbound&job_id=2912740
repository: mozilla-inbound
who: emorley[at]mozilla[dot]com
machine: tst-linux32-spot-186
buildname: Ubuntu VM 12.04 mozilla-inbound debug test mochitest-devtools-chrome-1
revision: f4fa7b1b3f3f

743 INFO TEST-UNEXPECTED-FAIL | chrome://mochitests/content/browser/browser/devtools/framework/test/browser_toolbox_options_disable_cache.js | This test exceeded the timeout threshold. It should be rewritten or split up. If that's not possible, use requestLongerTimeout(N), but only as a last resort. - expected PASS
submit_timestamp: 2014-10-10T08:14:55
log: https://treeherder.mozilla.org/ui/logviewer.html#?repo=mozilla-inbound&job_id=2914373
repository: mozilla-inbound
who: emorley[at]mozilla[dot]com
machine: tst-linux32-spot-761
buildname: Ubuntu VM 12.04 mozilla-inbound debug test mochitest-devtools-chrome-1
revision: 311c125897e5

743 INFO TEST-UNEXPECTED-FAIL | chrome://mochitests/content/browser/browser/devtools/framework/test/browser_toolbox_options_disable_cache.js | This test exceeded the timeout threshold. It should be rewritten or split up. If that's not possible, use requestLongerTimeout(N), but only as a last resort. - expected PASS
887 INFO TEST-UNEXPECTED-FAIL | chrome://mochitests/content/browser/browser/devtools/inspector/test/browser_inspector_pseudoclass-lock.js | Test timed out - expected PASS
command timed out: 4800 seconds elapsed running ['/tools/buildbot/bin/python', 'scripts/scripts/desktop_unittest.py', '--cfg', 'unittests/linux_unittest.py', '--mochitest-suite', 'mochitest-devtools-chrome-chunked', '--total-chunks', '3', '--this-chunk', '1', '--blob-upload-branch', 'mozilla-inbound', '--download-symbols', 'true'], attempting to kill
submit_timestamp: 2014-10-10T08:34:17
log: https://treeherder.mozilla.org/ui/logviewer.html#?repo=fx-team&job_id=872468
repository: fx-team
who: emorley[at]mozilla[dot]com
machine: tst-linux32-spot-203
buildname: Ubuntu VM 12.04 fx-team debug test mochitest-devtools-chrome-1
revision: e1ae6cb6c6b1

743 INFO TEST-UNEXPECTED-FAIL | chrome://mochitests/content/browser/browser/devtools/framework/test/browser_toolbox_options_disable_cache.js | This test exceeded the timeout threshold. It should be rewritten or split up. If that's not possible, use requestLongerTimeout(N), but only as a last resort. - expected PASS
submit_timestamp: 2014-10-10T11:10:55
log: https://treeherder.mozilla.org/ui/logviewer.html#?repo=b2g-inbound&job_id=622270
repository: b2g-inbound
who: rvandermeulen[at]mozilla[dot]com
machine: tst-linux32-spot-225
buildname: Ubuntu VM 12.04 b2g-inbound debug test mochitest-devtools-chrome-1
revision: 0c2b6d3dcb74

743 INFO TEST-UNEXPECTED-FAIL | chrome://mochitests/content/browser/browser/devtools/framework/test/browser_toolbox_options_disable_cache.js | This test exceeded the timeout threshold. It should be rewritten or split up. If that's not possible, use requestLongerTimeout(N), but only as a last resort. - expected PASS
submit_timestamp: 2014-10-10T13:25:59
log: https://treeherder.mozilla.org/ui/logviewer.html#?repo=try&job_id=2357848
repository: try
who: rvandermeulen[at]mozilla[dot]com
machine: tst-linux32-spot-054
buildname: Ubuntu VM 12.04 try debug test mochitest-devtools-chrome-1
revision: 45beb90319a9

744 INFO TEST-UNEXPECTED-FAIL | chrome://mochitests/content/browser/browser/devtools/framework/test/browser_toolbox_options_disable_cache.js | This test exceeded the timeout threshold. It should be rewritten or split up. If that's not possible, use requestLongerTimeout(N), but only as a last resort. - expected PASS
submit_timestamp: 2014-10-10T19:20:19
log: https://treeherder.mozilla.org/ui/logviewer.html#?repo=mozilla-inbound&job_id=2927807
repository: mozilla-inbound
who: wkocher[at]mozilla[dot]com
machine: tst-linux32-spot-088
buildname: Ubuntu VM 12.04 mozilla-inbound debug test mochitest-devtools-chrome-1
revision: a1e44f48ddbd

743 INFO TEST-UNEXPECTED-FAIL | chrome://mochitests/content/browser/browser/devtools/framework/test/browser_toolbox_options_disable_cache.js | This test exceeded the timeout threshold. It should be rewritten or split up. If that's not possible, use requestLongerTimeout(N), but only as a last resort. - expected PASS
submit_timestamp: 2014-10-11T11:57:52
log: https://treeherder.mozilla.org/ui/logviewer.html#?repo=mozilla-central&job_id=476712
repository: mozilla-central
who: rvandermeulen[at]mozilla[dot]com
machine: tst-linux32-spot-1029
buildname: Ubuntu VM 12.04 mozilla-central debug test mochitest-devtools-chrome-1
revision: 3f6a51950eb5

743 INFO TEST-UNEXPECTED-FAIL | chrome://mochitests/content/browser/browser/devtools/framework/test/browser_toolbox_options_disable_cache.js | This test exceeded the timeout threshold. It should be rewritten or split up. If that's not possible, use requestLongerTimeout(N), but only as a last resort. - expected PASS
864 INFO TEST-UNEXPECTED-FAIL | chrome://mochitests/content/browser/browser/devtools/framework/test/browser_toolbox_window_reload_target.js | This test exceeded the timeout threshold. It should be rewritten or split up. If that's not possible, use requestLongerTimeout(N), but only as a last resort. - expected PASS
command timed out: 4800 seconds elapsed running ['/tools/buildbot/bin/python', 'scripts/scripts/desktop_unittest.py', '--cfg', 'unittests/linux_unittest.py', '--mochitest-suite', 'mochitest-devtools-chrome-chunked', '--total-chunks', '3', '--this-chunk', '1', '--blob-upload-branch', 'mozilla-central', '--download-symbols', 'true'], attempting to kill
submit_timestamp: 2014-10-11T12:04:16
log: https://treeherder.mozilla.org/ui/logviewer.html#?repo=mozilla-inbound&job_id=2933873
repository: mozilla-inbound
who: rvandermeulen[at]mozilla[dot]com
machine: tst-linux32-spot-768
buildname: Ubuntu VM 12.04 mozilla-inbound debug test mochitest-devtools-chrome-1
revision: f2003d572d53

743 INFO TEST-UNEXPECTED-FAIL | chrome://mochitests/content/browser/browser/devtools/framework/test/browser_toolbox_options_disable_cache.js | This test exceeded the timeout threshold. It should be rewritten or split up. If that's not possible, use requestLongerTimeout(N), but only as a last resort. - expected PASS
submit_timestamp: 2014-10-11T12:06:48
log: https://treeherder.mozilla.org/ui/logviewer.html#?repo=mozilla-inbound&job_id=2936922
repository: mozilla-inbound
who: rvandermeulen[at]mozilla[dot]com
machine: tst-linux32-spot-262
buildname: Ubuntu VM 12.04 mozilla-inbound debug test mochitest-devtools-chrome-1
revision: dc10fcd30554

743 INFO TEST-UNEXPECTED-FAIL | chrome://mochitests/content/browser/browser/devtools/framework/test/browser_toolbox_options_disable_cache.js | This test exceeded the timeout threshold. It should be rewritten or split up. If that's not possible, use requestLongerTimeout(N), but only as a last resort. - expected PASS
command timed out: 4800 seconds elapsed running ['/tools/buildbot/bin/python', 'scripts/scripts/desktop_unittest.py', '--cfg', 'unittests/linux_unittest.py', '--mochitest-suite', 'mochitest-devtools-chrome-chunked', '--total-chunks', '3', '--this-chunk', '1', '--blob-upload-branch', 'mozilla-inbound', '--download-symbols', 'true'], attempting to kill
submit_timestamp: 2014-10-11T16:56:10
log: https://treeherder.mozilla.org/ui/logviewer.html#?repo=b2g-inbound&job_id=628118
repository: b2g-inbound
who: rvandermeulen[at]mozilla[dot]com
machine: tst-linux32-spot-1021
buildname: Ubuntu VM 12.04 b2g-inbound debug test mochitest-devtools-chrome-1
revision: 44168a7af20d

743 INFO TEST-UNEXPECTED-FAIL | chrome://mochitests/content/browser/browser/devtools/framework/test/browser_toolbox_options_disable_cache.js | This test exceeded the timeout threshold. It should be rewritten or split up. If that's not possible, use requestLongerTimeout(N), but only as a last resort. - expected PASS
submit_timestamp: 2014-10-11T16:57:25
log: https://treeherder.mozilla.org/ui/logviewer.html#?repo=fx-team&job_id=883512
repository: fx-team
who: rvandermeulen[at]mozilla[dot]com
machine: tst-linux32-spot-228
buildname: Ubuntu VM 12.04 fx-team debug test mochitest-devtools-chrome-1
revision: bdba65a0ead7

743 INFO TEST-UNEXPECTED-FAIL | chrome://mochitests/content/browser/browser/devtools/framework/test/browser_toolbox_options_disable_cache.js | This test exceeded the timeout threshold. It should be rewritten or split up. If that's not possible, use requestLongerTimeout(N), but only as a last resort. - expected PASS
submit_timestamp: 2014-10-12T10:09:36
log: https://treeherder.mozilla.org/ui/logviewer.html#?repo=b2g-inbound&job_id=628786
repository: b2g-inbound
who: rvandermeulen[at]mozilla[dot]com
machine: tst-linux32-spot-189
buildname: Ubuntu VM 12.04 b2g-inbound debug test mochitest-devtools-chrome-1
revision: 89b935e3119d

743 INFO TEST-UNEXPECTED-FAIL | chrome://mochitests/content/browser/browser/devtools/framework/test/browser_toolbox_options_disable_cache.js | This test exceeded the timeout threshold. It should be rewritten or split up. If that's not possible, use requestLongerTimeout(N), but only as a last resort. - expected PASS
submit_timestamp: 2014-10-12T10:44:53
log: https://treeherder.mozilla.org/ui/logviewer.html#?repo=fx-team&job_id=888237
repository: fx-team
who: rvandermeulen[at]mozilla[dot]com
machine: tst-linux32-spot-142
buildname: Ubuntu VM 12.04 fx-team debug test mochitest-devtools-chrome-1
revision: 1ceec2777843

743 INFO TEST-UNEXPECTED-FAIL | chrome://mochitests/content/browser/browser/devtools/framework/test/browser_toolbox_options_disable_cache.js | This test exceeded the timeout threshold. It should be rewritten or split up. If that's not possible, use requestLongerTimeout(N), but only as a last resort. - expected PASS
submit_timestamp: 2014-10-12T17:00:56
log: https://treeherder.mozilla.org/ui/logviewer.html#?repo=mozilla-central&job_id=481145
repository: mozilla-central
who: rvandermeulen[at]mozilla[dot]com
machine: tst-linux32-spot-184
buildname: Ubuntu VM 12.04 mozilla-central debug test mochitest-devtools-chrome-1
revision: debdd2301bb6

743 INFO TEST-UNEXPECTED-FAIL | chrome://mochitests/content/browser/browser/devtools/framework/test/browser_toolbox_options_disable_cache.js | This test exceeded the timeout threshold. It should be rewritten or split up. If that's not possible, use requestLongerTimeout(N), but only as a last resort. - expected PASS
submit_timestamp: 2014-10-12T17:37:34
log: https://treeherder.mozilla.org/ui/logviewer.html#?repo=mozilla-inbound&job_id=2946589
repository: mozilla-inbound
who: rvandermeulen[at]mozilla[dot]com
machine: tst-linux32-spot-189
buildname: Ubuntu VM 12.04 mozilla-inbound debug test mochitest-devtools-chrome-1
revision: 257d77cf8f92

743 INFO TEST-UNEXPECTED-FAIL | chrome://mochitests/content/browser/browser/devtools/framework/test/browser_toolbox_options_disable_cache.js | This test exceeded the timeout threshold. It should be rewritten or split up. If that's not possible, use requestLongerTimeout(N), but only as a last resort. - expected PASS
submit_timestamp: 2014-10-13T02:38:18
log: https://treeherder.mozilla.org/ui/logviewer.html#?repo=fx-team&job_id=890981
repository: fx-team
who: tomcat[at]mozilla[dot]com
machine: tst-linux32-spot-220
buildname: Ubuntu VM 12.04 fx-team debug test mochitest-devtools-chrome-1
revision: d3ed7981bd8f

743 INFO TEST-UNEXPECTED-FAIL | chrome://mochitests/content/browser/browser/devtools/framework/test/browser_toolbox_options_disable_cache.js | This test exceeded the timeout threshold. It should be rewritten or split up. If that's not possible, use requestLongerTimeout(N), but only as a last resort. - expected PASS
submit_timestamp: 2014-10-13T04:00:48
log: https://treeherder.mozilla.org/ui/logviewer.html#?repo=fx-team&job_id=891512
repository: fx-team
who: tomcat[at]mozilla[dot]com
machine: tst-linux32-spot-752
buildname: Ubuntu VM 12.04 fx-team debug test mochitest-devtools-chrome-1
revision: a540d8bbcb0c

743 INFO TEST-UNEXPECTED-FAIL | chrome://mochitests/content/browser/browser/devtools/framework/test/browser_toolbox_options_disable_cache.js | This test exceeded the timeout threshold. It should be rewritten or split up. If that's not possible, use requestLongerTimeout(N), but only as a last resort. - expected PASS
command timed out: 4800 seconds elapsed running ['/tools/buildbot/bin/python', 'scripts/scripts/desktop_unittest.py', '--cfg', 'unittests/linux_unittest.py', '--mochitest-suite', 'mochitest-devtools-chrome-chunked', '--total-chunks', '3', '--this-chunk', '1', '--blob-upload-branch', 'fx-team', '--download-symbols', 'true'], attempting to kill
submit_timestamp: 2014-10-13T09:01:49
log: https://treeherder.mozilla.org/ui/logviewer.html#?repo=b2g-inbound&job_id=632907
repository: b2g-inbound
who: emorley[at]mozilla[dot]com
machine: tst-linux32-spot-278
buildname: Ubuntu VM 12.04 b2g-inbound debug test mochitest-devtools-chrome-1
revision: b0d430fb34b7

743 INFO TEST-UNEXPECTED-FAIL | chrome://mochitests/content/browser/browser/devtools/framework/test/browser_toolbox_options_disable_cache.js | This test exceeded the timeout threshold. It should be rewritten or split up. If that's not possible, use requestLongerTimeout(N), but only as a last resort. - expected PASS
remoteFailed: [Failure instance: Traceback (failure with no frames): <class 'twisted.spread.pb.PBConnectionLost'>: [Failure instance: Traceback (failure with no frames): <class 'socket.error'>: [Errno 9] Bad file descriptor
submit_timestamp: 2014-10-13T09:02:06
log: https://treeherder.mozilla.org/ui/logviewer.html#?repo=mozilla-inbound&job_id=2958289
repository: mozilla-inbound
who: emorley[at]mozilla[dot]com
machine: tst-linux32-spot-1025
buildname: Ubuntu VM 12.04 mozilla-inbound debug test mochitest-devtools-chrome-1
revision: 6ee9fe0af6b8

743 INFO TEST-UNEXPECTED-FAIL | chrome://mochitests/content/browser/browser/devtools/framework/test/browser_toolbox_options_disable_cache.js | This test exceeded the timeout threshold. It should be rewritten or split up. If that's not possible, use requestLongerTimeout(N), but only as a last resort. - expected PASS
submit_timestamp: 2014-10-13T11:48:20
log: https://treeherder.mozilla.org/ui/logviewer.html#?repo=mozilla-inbound&job_id=2964723
repository: mozilla-inbound
who: wkocher[at]mozilla[dot]com
machine: tst-linux32-spot-172
buildname: Ubuntu VM 12.04 mozilla-inbound debug test mochitest-devtools-chrome-1
revision: 4c4092b50ccb

743 INFO TEST-UNEXPECTED-FAIL | chrome://mochitests/content/browser/browser/devtools/framework/test/browser_toolbox_options_disable_cache.js | This test exceeded the timeout threshold. It should be rewritten or split up. If that's not possible, use requestLongerTimeout(N), but only as a last resort. - expected PASS
submit_timestamp: 2014-10-13T16:18:45
log: https://treeherder.mozilla.org/ui/logviewer.html#?repo=mozilla-inbound&job_id=2973105
repository: mozilla-inbound
who: philringnalda[at]gmail[dot]com
machine: tst-linux32-spot-741
buildname: Ubuntu VM 12.04 mozilla-inbound debug test mochitest-devtools-chrome-1
revision: dc127a8d08f6

743 INFO TEST-UNEXPECTED-FAIL | chrome://mochitests/content/browser/browser/devtools/framework/test/browser_toolbox_options_disable_cache.js | This test exceeded the timeout threshold. It should be rewritten or split up. If that's not possible, use requestLongerTimeout(N), but only as a last resort. - expected PASS
submit_timestamp: 2014-10-13T19:37:13
log: https://treeherder.mozilla.org/ui/logviewer.html#?repo=try&job_id=2401995
repository: try
who: jryans[at]gmail[dot]com
machine: tst-linux32-spot-190
buildname: Ubuntu VM 12.04 try debug test mochitest-devtools-chrome-1
revision: 325a70eeeac6

743 INFO TEST-UNEXPECTED-FAIL | chrome://mochitests/content/browser/browser/devtools/framework/test/browser_toolbox_options_disable_cache.js | This test exceeded the timeout threshold. It should be rewritten or split up. If that's not possible, use requestLongerTimeout(N), but only as a last resort. - expected PASS
submit_timestamp: 2014-10-13T20:10:56
log: https://treeherder.mozilla.org/ui/logviewer.html#?repo=mozilla-aurora&job_id=324224
repository: mozilla-aurora
who: philringnalda[at]gmail[dot]com
machine: tst-linux32-spot-149
buildname: Ubuntu VM 12.04 mozilla-aurora debug test mochitest-devtools-chrome-1
revision: e5c0de9492d1

744 INFO TEST-UNEXPECTED-FAIL | chrome://mochitests/content/browser/browser/devtools/framework/test/browser_toolbox_options_disable_cache.js | This test exceeded the timeout threshold. It should be rewritten or split up. If that's not possible, use requestLongerTimeout(N), but only as a last resort. - expected PASS
submit_timestamp: 2014-10-13T21:50:11
log: https://treeherder.mozilla.org/ui/logviewer.html#?repo=mozilla-central&job_id=488814
repository: mozilla-central
who: philringnalda[at]gmail[dot]com
machine: tst-linux32-spot-192
buildname: Ubuntu VM 12.04 mozilla-central debug test mochitest-devtools-chrome-1
revision: 155b84a1d18a

743 INFO TEST-UNEXPECTED-FAIL | chrome://mochitests/content/browser/browser/devtools/framework/test/browser_toolbox_options_disable_cache.js | This test exceeded the timeout threshold. It should be rewritten or split up. If that's not possible, use requestLongerTimeout(N), but only as a last resort. - expected PASS
submit_timestamp: 2014-10-13T23:17:29
log: https://treeherder.mozilla.org/ui/logviewer.html#?repo=mozilla-inbound&job_id=2979684
repository: mozilla-inbound
who: philringnalda[at]gmail[dot]com
machine: tst-linux64-spot-122
buildname: Ubuntu VM 12.04 x64 mozilla-inbound opt test mochitest-devtools-chrome
revision: ea2ea74d0e33

743 INFO TEST-UNEXPECTED-FAIL | chrome://mochitests/content/browser/browser/devtools/framework/test/browser_toolbox_options_disable_cache.js | This test exceeded the timeout threshold. It should be rewritten or split up. If that's not possible, use requestLongerTimeout(N), but only as a last resort. - expected PASS
864 INFO TEST-UNEXPECTED-FAIL | chrome://mochitests/content/browser/browser/devtools/framework/test/browser_toolbox_window_reload_target.js | This test exceeded the timeout threshold. It should be rewritten or split up. If that's not possible, use requestLongerTimeout(N), but only as a last resort. - expected PASS
8222 INFO TEST-UNEXPECTED-FAIL | chrome://mochitests/content/browser/browser/devtools/styleeditor/test/browser_styleeditor_highlight-selector.js | Test timed out - expected PASS
command timed out: 7200 seconds elapsed running ['/tools/buildbot/bin/python', 'scripts/scripts/desktop_unittest.py', '--cfg', 'unittests/linux_unittest.py', '--mochitest-suite', 'mochitest-devtools-chrome', '--blob-upload-branch', 'mozilla-inbound', '--download-symbols', 'ondemand'], attempting to kill
submit_timestamp: 2014-10-14T08:30:01
log: https://treeherder.mozilla.org/ui/logviewer.html#?repo=mozilla-inbound&job_id=2991549
repository: mozilla-inbound
who: rvandermeulen[at]mozilla[dot]com
machine: tst-linux32-spot-185
buildname: Ubuntu VM 12.04 mozilla-inbound debug test mochitest-devtools-chrome-1
revision: bc87d0ccf6a9

"comments": "Bug 1066915 - Assertion failure: aEntry-_IsDirty(), in mozilla::net::CacheIndex::UpdateEntryInIndex, r=honzab",
743 INFO TEST-UNEXPECTED-FAIL | chrome://mochitests/content/browser/browser/devtools/framework/test/browser_toolbox_options_disable_cache.js | This test exceeded the timeout threshold. It should be rewritten or split up. If that's not possible, use requestLongerTimeout(N), but only as a last resort. - expected PASS
command timed out: 4800 seconds elapsed running ['/tools/buildbot/bin/python', 'scripts/scripts/desktop_unittest.py', '--cfg', 'unittests/linux_unittest.py', '--mochitest-suite', 'mochitest-devtools-chrome-chunked', '--total-chunks', '3', '--this-chunk', '1', '--blob-upload-branch', 'mozilla-inbound', '--download-symbols', 'true'], attempting to kill
submit_timestamp: 2014-10-14T08:39:18
log: https://treeherder.mozilla.org/ui/logviewer.html#?repo=fx-team&job_id=900419
repository: fx-team
who: rvandermeulen[at]mozilla[dot]com
machine: tst-linux32-spot-231
buildname: Ubuntu VM 12.04 fx-team debug test mochitest-devtools-chrome-1
revision: 14cfea6cd6ae

743 INFO TEST-UNEXPECTED-FAIL | chrome://mochitests/content/browser/browser/devtools/framework/test/browser_toolbox_options_disable_cache.js | This test exceeded the timeout threshold. It should be rewritten or split up. If that's not possible, use requestLongerTimeout(N), but only as a last resort. - expected PASS
command timed out: 4800 seconds elapsed running ['/tools/buildbot/bin/python', 'scripts/scripts/desktop_unittest.py', '--cfg', 'unittests/linux_unittest.py', '--mochitest-suite', 'mochitest-devtools-chrome-chunked', '--total-chunks', '3', '--this-chunk', '1', '--blob-upload-branch', 'fx-team', '--download-symbols', 'true'], attempting to kill
submit_timestamp: 2014-10-15T03:48:44
log: https://treeherder.mozilla.org/ui/logviewer.html#?repo=fx-team&job_id=907326
repository: fx-team
who: tomcat[at]mozilla[dot]com
machine: tst-linux32-spot-721
buildname: Ubuntu VM 12.04 fx-team debug test mochitest-devtools-chrome-1
revision: d369649bb265

743 INFO TEST-UNEXPECTED-FAIL | chrome://mochitests/content/browser/browser/devtools/framework/test/browser_toolbox_options_disable_cache.js | This test exceeded the timeout threshold. It should be rewritten or split up. If that's not possible, use requestLongerTimeout(N), but only as a last resort. - expected PASS
submit_timestamp: 2014-10-15T07:31:32
log: https://treeherder.mozilla.org/ui/logviewer.html#?repo=mozilla-inbound&job_id=3021488
repository: mozilla-inbound
who: tomcat[at]mozilla[dot]com
machine: tst-linux32-spot-200
buildname: Ubuntu VM 12.04 mozilla-inbound opt test mochitest-devtools-chrome
revision: a7c972407578

399 INFO TEST-UNEXPECTED-FAIL | chrome://mochitests/content/browser/browser/devtools/debugger/test/browser_dbg_host-layout.js | This test exceeded the timeout threshold. It should be rewritten or split up. If that's not possible, use requestLongerTimeout(N), but only as a last resort. - expected PASS
844 INFO TEST-UNEXPECTED-FAIL | chrome://mochitests/content/browser/browser/devtools/framework/test/browser_toolbox_options_disable_cache.js | This test exceeded the timeout threshold. It should be rewritten or split up. If that's not possible, use requestLongerTimeout(N), but only as a last resort. - expected PASS
965 INFO TEST-UNEXPECTED-FAIL | chrome://mochitests/content/browser/browser/devtools/framework/test/browser_toolbox_window_reload_target.js | This test exceeded the timeout threshold. It should be rewritten or split up. If that's not possible, use requestLongerTimeout(N), but only as a last resort. - expected PASS
3967 INFO TEST-UNEXPECTED-FAIL | chrome://mochitests/content/browser/browser/devtools/markupview/test/browser_markupview_events.js | This test exceeded the timeout threshold. It should be rewritten or split up. If that's not possible, use requestLongerTimeout(N), but only as a last resort. - expected PASS
5262 INFO TEST-UNEXPECTED-FAIL | chrome://mochitests/content/browser/browser/devtools/markupview/test/browser_markupview_events_jquery_1.6.js | This test exceeded the timeout threshold. It should be rewritten or split up. If that's not possible, use requestLongerTimeout(N), but only as a last resort. - expected PASS
5499 INFO TEST-UNEXPECTED-FAIL | chrome://mochitests/content/browser/browser/devtools/markupview/test/browser_markupview_events_jquery_1.7.js | This test exceeded the timeout threshold. It should be rewritten or split up. If that's not possible, use requestLongerTimeout(N), but only as a last resort. - expected PASS
6379 INFO TEST-UNEXPECTED-FAIL | chrome://mochitests/content/browser/browser/devtools/markupview/test/browser_markupview_navigation.js | This test exceeded the timeout threshold. It should be rewritten or split up. If that's not possible, use requestLongerTimeout(N), but only as a last resort. - expected PASS
command timed out: 7200 seconds elapsed running ['/tools/buildbot/bin/python', 'scripts/scripts/desktop_unittest.py', '--cfg', 'unittests/linux_unittest.py', '--mochitest-suite', 'mochitest-devtools-chrome', '--blob-upload-branch', 'mozilla-inbound', '--download-symbols', 'ondemand'], attempting to kill
submit_timestamp: 2014-10-15T15:48:15
log: https://treeherder.mozilla.org/ui/logviewer.html#?repo=mozilla-central&job_id=493648
repository: mozilla-central
who: rvandermeulen[at]mozilla[dot]com
machine: tst-linux32-spot-083
buildname: Ubuntu VM 12.04 mozilla-central debug test mochitest-devtools-chrome-1
revision: a280a03c9f3c

743 INFO TEST-UNEXPECTED-FAIL | chrome://mochitests/content/browser/browser/devtools/framework/test/browser_toolbox_options_disable_cache.js | This test exceeded the timeout threshold. It should be rewritten or split up. If that's not possible, use requestLongerTimeout(N), but only as a last resort. - expected PASS
command timed out: 4800 seconds elapsed running ['/tools/buildbot/bin/python', 'scripts/scripts/desktop_unittest.py', '--cfg', 'unittests/linux_unittest.py', '--mochitest-suite', 'mochitest-devtools-chrome-chunked', '--total-chunks', '3', '--this-chunk', '1', '--blob-upload-branch', 'mozilla-central', '--download-symbols', 'true'], attempting to kill
ttaubert
https://tbpl.mozilla.org/php/getParsedLog.php?id=50326840&tree=Mozilla-Inbound
Ubuntu VM 12.04 mozilla-inbound debug test mochitest-devtools-chrome-1 on 2014-10-15 21:31:56
revision: 5c095b4e178c
slave: tst-linux32-spot-069

743 INFO TEST-UNEXPECTED-FAIL | chrome://mochitests/content/browser/browser/devtools/framework/test/browser_toolbox_options_disable_cache.js | This test exceeded the timeout threshold. It should be rewritten or split up. If that's not possible, use requestLongerTimeout(N), but only as a last resort. - expected PASS
submit_timestamp: 2014-10-15T23:36:13
log: https://treeherder.mozilla.org/ui/logviewer.html#?repo=mozilla-inbound&job_id=3040413
repository: mozilla-inbound
who: tomcat[at]mozilla[dot]com
machine: tst-linux32-spot-069
buildname: Ubuntu VM 12.04 mozilla-inbound debug test mochitest-devtools-chrome-1
revision: 5c095b4e178c

743 INFO TEST-UNEXPECTED-FAIL | chrome://mochitests/content/browser/browser/devtools/framework/test/browser_toolbox_options_disable_cache.js | This test exceeded the timeout threshold. It should be rewritten or split up. If that's not possible, use requestLongerTimeout(N), but only as a last resort. - expected PASS
submit_timestamp: 2014-10-16T06:09:49
log: https://treeherder.mozilla.org/ui/logviewer.html#?repo=mozilla-inbound&job_id=3048347
repository: mozilla-inbound
who: tomcat[at]mozilla[dot]com
machine: tst-linux32-spot-219
buildname: Ubuntu VM 12.04 mozilla-inbound debug test mochitest-devtools-chrome-1
revision: d435760a28dc

743 INFO TEST-UNEXPECTED-FAIL | chrome://mochitests/content/browser/browser/devtools/framework/test/browser_toolbox_options_disable_cache.js | This test exceeded the timeout threshold. It should be rewritten or split up. If that's not possible, use requestLongerTimeout(N), but only as a last resort. - expected PASS
submit_timestamp: 2014-10-16T08:20:00
log: https://treeherder.mozilla.org/ui/logviewer.html#?repo=mozilla-inbound&job_id=3053221
repository: mozilla-inbound
who: rvandermeulen[at]mozilla[dot]com
machine: tst-linux32-spot-052
buildname: Ubuntu VM 12.04 mozilla-inbound debug test mochitest-devtools-chrome-1
revision: 0b1d0cf23bdb

743 INFO TEST-UNEXPECTED-FAIL | chrome://mochitests/content/browser/browser/devtools/framework/test/browser_toolbox_options_disable_cache.js | This test exceeded the timeout threshold. It should be rewritten or split up. If that's not possible, use requestLongerTimeout(N), but only as a last resort. - expected PASS
submit_timestamp: 2014-10-16T10:05:35
log: https://treeherder.mozilla.org/ui/logviewer.html#?repo=mozilla-inbound&job_id=3053194
repository: mozilla-inbound
who: wkocher[at]mozilla[dot]com
machine: tst-linux32-spot-099
buildname: Ubuntu VM 12.04 mozilla-inbound debug test mochitest-devtools-chrome-1
revision: 3c90324964f7

743 INFO TEST-UNEXPECTED-FAIL | chrome://mochitests/content/browser/browser/devtools/framework/test/browser_toolbox_options_disable_cache.js | This test exceeded the timeout threshold. It should be rewritten or split up. If that's not possible, use requestLongerTimeout(N), but only as a last resort. - expected PASS
submit_timestamp: 2014-10-16T14:25:10
log: https://treeherder.mozilla.org/ui/logviewer.html#?repo=fx-team&job_id=923072
repository: fx-team
who: rvandermeulen[at]mozilla[dot]com
machine: tst-linux32-spot-015
buildname: Ubuntu VM 12.04 fx-team debug test mochitest-devtools-chrome-1
revision: 8a4b1c63f433

743 INFO TEST-UNEXPECTED-FAIL | chrome://mochitests/content/browser/browser/devtools/framework/test/browser_toolbox_options_disable_cache.js | This test exceeded the timeout threshold. It should be rewritten or split up. If that's not possible, use requestLongerTimeout(N), but only as a last resort. - expected PASS
submit_timestamp: 2014-10-16T14:52:04
log: https://treeherder.mozilla.org/ui/logviewer.html#?repo=mozilla-inbound&job_id=3066578
repository: mozilla-inbound
who: wkocher[at]mozilla[dot]com
machine: tst-linux32-spot-224
buildname: Ubuntu VM 12.04 mozilla-inbound debug test mochitest-devtools-chrome-1
revision: a5208bb3c5da

743 INFO TEST-UNEXPECTED-FAIL | chrome://mochitests/content/browser/browser/devtools/framework/test/browser_toolbox_options_disable_cache.js | This test exceeded the timeout threshold. It should be rewritten or split up. If that's not possible, use requestLongerTimeout(N), but only as a last resort. - expected PASS
command timed out: 4800 seconds elapsed running ['/tools/buildbot/bin/python', 'scripts/scripts/desktop_unittest.py', '--cfg', 'unittests/linux_unittest.py', '--mochitest-suite', 'mochitest-devtools-chrome-chunked', '--total-chunks', '3', '--this-chunk', '1', '--blob-upload-branch', 'mozilla-inbound', '--download-symbols', 'true'], attempting to kill
submit_timestamp: 2014-10-17T00:25:24
log: https://treeherder.mozilla.org/ui/logviewer.html#?repo=mozilla-inbound&job_id=3075553
repository: mozilla-inbound
who: tomcat[at]mozilla[dot]com
machine: tst-linux32-spot-180
buildname: Ubuntu VM 12.04 mozilla-inbound debug test mochitest-devtools-chrome-1
revision: 3d9c386f1c0e

743 INFO TEST-UNEXPECTED-FAIL | chrome://mochitests/content/browser/browser/devtools/framework/test/browser_toolbox_options_disable_cache.js | This test exceeded the timeout threshold. It should be rewritten or split up. If that's not possible, use requestLongerTimeout(N), but only as a last resort. - expected PASS
864 INFO TEST-UNEXPECTED-FAIL | chrome://mochitests/content/browser/browser/devtools/framework/test/browser_toolbox_window_reload_target.js | This test exceeded the timeout threshold. It should be rewritten or split up. If that's not possible, use requestLongerTimeout(N), but only as a last resort. - expected PASS
command timed out: 4800 seconds elapsed running ['/tools/buildbot/bin/python', 'scripts/scripts/desktop_unittest.py', '--cfg', 'unittests/linux_unittest.py', '--mochitest-suite', 'mochitest-devtools-chrome-chunked', '--total-chunks', '3', '--this-chunk', '1', '--blob-upload-branch', 'mozilla-inbound', '--download-symbols', 'true'], attempting to kill
submit_timestamp: 2014-10-17T11:17:46
log: https://treeherder.mozilla.org/ui/logviewer.html#?repo=b2g-inbound&job_id=655964
repository: b2g-inbound
who: wkocher[at]mozilla[dot]com
machine: tst-linux32-spot-128
buildname: Ubuntu VM 12.04 b2g-inbound debug test mochitest-devtools-chrome-1
revision: 12557e8376a0

743 INFO TEST-UNEXPECTED-FAIL | chrome://mochitests/content/browser/browser/devtools/framework/test/browser_toolbox_options_disable_cache.js | This test exceeded the timeout threshold. It should be rewritten or split up. If that's not possible, use requestLongerTimeout(N), but only as a last resort. - expected PASS
submit_timestamp: 2014-10-17T12:34:02
log: https://treeherder.mozilla.org/ui/logviewer.html#?repo=mozilla-inbound&job_id=3093779
repository: mozilla-inbound
who: wkocher[at]mozilla[dot]com
machine: tst-linux64-spot-129
buildname: Ubuntu VM 12.04 x64 mozilla-inbound opt test mochitest-devtools-chrome
revision: 788ff9d05938

399 INFO TEST-UNEXPECTED-FAIL | chrome://mochitests/content/browser/browser/devtools/debugger/test/browser_dbg_host-layout.js | This test exceeded the timeout threshold. It should be rewritten or split up. If that's not possible, use requestLongerTimeout(N), but only as a last resort. - expected PASS
844 INFO TEST-UNEXPECTED-FAIL | chrome://mochitests/content/browser/browser/devtools/framework/test/browser_toolbox_options_disable_cache.js | This test exceeded the timeout threshold. It should be rewritten or split up. If that's not possible, use requestLongerTimeout(N), but only as a last resort. - expected PASS
965 INFO TEST-UNEXPECTED-FAIL | chrome://mochitests/content/browser/browser/devtools/framework/test/browser_toolbox_window_reload_target.js | This test exceeded the timeout threshold. It should be rewritten or split up. If that's not possible, use requestLongerTimeout(N), but only as a last resort. - expected PASS
3967 INFO TEST-UNEXPECTED-FAIL | chrome://mochitests/content/browser/browser/devtools/markupview/test/browser_markupview_events.js | This test exceeded the timeout threshold. It should be rewritten or split up. If that's not possible, use requestLongerTimeout(N), but only as a last resort. - expected PASS
5262 INFO TEST-UNEXPECTED-FAIL | chrome://mochitests/content/browser/browser/devtools/markupview/test/browser_markupview_events_jquery_1.6.js | This test exceeded the timeout threshold. It should be rewritten or split up. If that's not possible, use requestLongerTimeout(N), but only as a last resort. - expected PASS
command timed out: 7200 seconds elapsed running ['/tools/buildbot/bin/python', 'scripts/scripts/desktop_unittest.py', '--cfg', 'unittests/linux_unittest.py', '--mochitest-suite', 'mochitest-devtools-chrome', '--blob-upload-branch', 'mozilla-inbound', '--download-symbols', 'ondemand'], attempting to kill
submit_timestamp: 2014-10-17T22:07:57
log: https://treeherder.mozilla.org/ui/logviewer.html#?repo=mozilla-inbound&job_id=3093032
repository: mozilla-inbound
who: philringnalda[at]gmail[dot]com
machine: tst-linux32-spot-030
buildname: Ubuntu VM 12.04 mozilla-inbound debug test mochitest-devtools-chrome-1
revision: 3c6233f10333

743 INFO TEST-UNEXPECTED-FAIL | chrome://mochitests/content/browser/browser/devtools/framework/test/browser_toolbox_options_disable_cache.js | This test exceeded the timeout threshold. It should be rewritten or split up. If that's not possible, use requestLongerTimeout(N), but only as a last resort. - expected PASS
submit_timestamp: 2014-10-18T12:11:31
log: https://treeherder.mozilla.org/ui/logviewer.html#?repo=mozilla-inbound&job_id=3115512
repository: mozilla-inbound
who: philringnalda[at]gmail[dot]com
machine: tst-linux32-spot-225
buildname: Ubuntu VM 12.04 mozilla-inbound debug test mochitest-devtools-chrome-1
revision: 47f47eea45d3

743 INFO TEST-UNEXPECTED-FAIL | chrome://mochitests/content/browser/browser/devtools/framework/test/browser_toolbox_options_disable_cache.js | This test exceeded the timeout threshold. It should be rewritten or split up. If that's not possible, use requestLongerTimeout(N), but only as a last resort. - expected PASS
submit_timestamp: 2014-10-19T00:24:25
log: https://treeherder.mozilla.org/ui/logviewer.html#?repo=mozilla-inbound&job_id=3118332
repository: mozilla-inbound
who: philringnalda[at]gmail[dot]com
machine: tst-linux32-spot-1024
buildname: Ubuntu VM 12.04 mozilla-inbound debug test mochitest-devtools-chrome-1
revision: b79232598a90

743 INFO TEST-UNEXPECTED-FAIL | chrome://mochitests/content/browser/browser/devtools/framework/test/browser_toolbox_options_disable_cache.js | This test exceeded the timeout threshold. It should be rewritten or split up. If that's not possible, use requestLongerTimeout(N), but only as a last resort. - expected PASS
jwatt
https://tbpl.mozilla.org/php/getParsedLog.php?id=50537045&tree=Mozilla-Inbound
Ubuntu VM 12.04 x64 mozilla-inbound debug test mochitest-devtools-chrome-1 on 2014-10-19 03:07:32
revision: 1abfecf86c50
slave: tst-linux64-spot-253

743 INFO TEST-UNEXPECTED-FAIL | chrome://mochitests/content/browser/browser/devtools/framework/test/browser_toolbox_options_disable_cache.js | This test exceeded the timeout threshold. It should be rewritten or split up. If that's not possible, use requestLongerTimeout(N), but only as a last resort. - expected PASS
submit_timestamp: 2014-10-19T08:57:52
log: https://treeherder.mozilla.org/ui/logviewer.html#?repo=mozilla-inbound&job_id=3120938
repository: mozilla-inbound
who: philringnalda[at]gmail[dot]com
machine: tst-linux64-spot-253
buildname: Ubuntu VM 12.04 x64 mozilla-inbound debug test mochitest-devtools-chrome-1
revision: 1abfecf86c50

743 INFO TEST-UNEXPECTED-FAIL | chrome://mochitests/content/browser/browser/devtools/framework/test/browser_toolbox_options_disable_cache.js | This test exceeded the timeout threshold. It should be rewritten or split up. If that's not possible, use requestLongerTimeout(N), but only as a last resort. - expected PASS
submit_timestamp: 2014-10-20T08:37:04
log: https://treeherder.mozilla.org/ui/logviewer.html#?repo=b2g-inbound&job_id=663833
repository: b2g-inbound
who: rvandermeulen[at]mozilla[dot]com
machine: tst-linux32-spot-106
buildname: Ubuntu VM 12.04 b2g-inbound debug test mochitest-devtools-chrome-1
revision: eea1504453bf

Can't download from http://ftp.mozilla.org.proxxy.srv.releng.use1.mozilla.com/pub/mozilla.org/firefox/tinderbox-builds/b2g-inbound-linux-debug/1413807974/firefox-36.0a1.en-US.linux-i686.tests.zip to /builds/slave/test/build/firefox-36.0a1.en-US.linux-i686.tests.zip!
Caught exception: timed out
Caught exception: timed out
Caught exception: timed out
Can't download from http://ftp.mozilla.org.proxxy.srv.releng.use1.mozilla.com/pub/mozilla.org/firefox/tinderbox-builds/b2g-inbound-linux-debug/1413807974/firefox-36.0a1.en-US.linux-i686.tar.bz2 to /builds/slave/test/build/installer.tar.bz2!
Caught exception: timed out
Caught exception: timed out
Caught exception: timed out
743 INFO TEST-UNEXPECTED-FAIL | chrome://mochitests/content/browser/browser/devtools/framework/test/browser_toolbox_options_disable_cache.js | This test exceeded the timeout threshold. It should be rewritten or split up. If that's not possible, use requestLongerTimeout(N), but only as a last resort. - expected PASS
command timed out: 4800 seconds elapsed running ['/tools/buildbot/bin/python', 'scripts/scripts/desktop_unittest.py', '--cfg', 'unittests/linux_unittest.py', '--mochitest-suite', 'mochitest-devtools-chrome-chunked', '--total-chunks', '3', '--this-chunk', '1', '--blob-upload-branch', 'b2g-inbound', '--download-symbols', 'true'], attempting to kill
submit_timestamp: 2014-10-20T13:22:37
log: https://treeherder.mozilla.org/ui/logviewer.html#?repo=mozilla-inbound&job_id=3144588
repository: mozilla-inbound
who: rvandermeulen[at]mozilla[dot]com
machine: tst-linux32-spot-186
buildname: Ubuntu VM 12.04 mozilla-inbound debug test mochitest-devtools-chrome-1
revision: b1c4aac68d3c

743 INFO TEST-UNEXPECTED-FAIL | chrome://mochitests/content/browser/browser/devtools/framework/test/browser_toolbox_options_disable_cache.js | This test exceeded the timeout threshold. It should be rewritten or split up. If that's not possible, use requestLongerTimeout(N), but only as a last resort. - expected PASS
submit_timestamp: 2014-10-20T23:37:29
log: https://treeherder.mozilla.org/ui/logviewer.html#?repo=mozilla-inbound&job_id=3153806
repository: mozilla-inbound
who: tomcat[at]mozilla[dot]com
machine: tst-linux32-spot-759
buildname: Ubuntu VM 12.04 mozilla-inbound debug test mochitest-devtools-chrome-1
revision: 3fefbf7f0b78

743 INFO TEST-UNEXPECTED-FAIL | chrome://mochitests/content/browser/browser/devtools/framework/test/browser_toolbox_options_disable_cache.js | This test exceeded the timeout threshold. It should be rewritten or split up. If that's not possible, use requestLongerTimeout(N), but only as a last resort. - expected PASS
submit_timestamp: 2014-10-21T14:26:56
log: https://treeherder.mozilla.org/ui/logviewer.html#?repo=mozilla-inbound&job_id=3181474
repository: mozilla-inbound
who: wkocher[at]mozilla[dot]com
machine: tst-linux32-spot-228
buildname: Ubuntu VM 12.04 mozilla-inbound debug test mochitest-devtools-chrome-1
revision: 911b01751ad5

743 INFO TEST-UNEXPECTED-FAIL | chrome://mochitests/content/browser/browser/devtools/framework/test/browser_toolbox_options_disable_cache.js | This test exceeded the timeout threshold. It should be rewritten or split up. If that's not possible, use requestLongerTimeout(N), but only as a last resort. - expected PASS
887 INFO TEST-UNEXPECTED-FAIL | chrome://mochitests/content/browser/browser/devtools/inspector/test/browser_inspector_pseudoclass-lock.js | Test timed out - expected PASS
submit_timestamp: 2014-10-22T01:35:25
log: https://treeherder.mozilla.org/ui/logviewer.html#?repo=mozilla-inbound&job_id=3199390
repository: mozilla-inbound
who: tomcat[at]mozilla[dot]com
machine: tst-linux32-spot-203
buildname: Ubuntu VM 12.04 mozilla-inbound debug test mochitest-devtools-chrome-1
revision: ab40afacc816

743 INFO TEST-UNEXPECTED-FAIL | chrome://mochitests/content/browser/browser/devtools/framework/test/browser_toolbox_options_disable_cache.js | This test exceeded the timeout threshold. It should be rewritten or split up. If that's not possible, use requestLongerTimeout(N), but only as a last resort. - expected PASS
seth
https://tbpl.mozilla.org/php/getParsedLog.php?id=50812835&tree=Try
Ubuntu VM 12.04 try debug test mochitest-devtools-chrome-1 on 2014-10-22 11:51:47
revision: 2dbcad0fb589
slave: tst-linux32-spot-787

743 INFO TEST-UNEXPECTED-FAIL | chrome://mochitests/content/browser/browser/devtools/framework/test/browser_toolbox_options_disable_cache.js | This test exceeded the timeout threshold. It should be rewritten or split up. If that's not possible, use requestLongerTimeout(N), but only as a last resort. - expected PASS
submit_timestamp: 2014-10-23T08:33:51
log: https://treeherder.mozilla.org/ui/logviewer.html#?repo=mozilla-inbound&job_id=3246868
repository: mozilla-inbound
who: rvandermeulen[at]mozilla[dot]com
machine: tst-linux64-spot-1035
buildname: Ubuntu VM 12.04 x64 mozilla-inbound debug test mochitest-devtools-chrome-1
revision: 710ca80bb1d7

743 INFO TEST-UNEXPECTED-FAIL | chrome://mochitests/content/browser/browser/devtools/framework/test/browser_toolbox_options_disable_cache.js | This test exceeded the timeout threshold. It should be rewritten or split up. If that's not possible, use requestLongerTimeout(N), but only as a last resort. - expected PASS
submit_timestamp: 2014-10-23T23:54:40
log: https://treeherder.mozilla.org/ui/logviewer.html#?repo=b2g-inbound&job_id=694109
repository: b2g-inbound
who: tomcat[at]mozilla[dot]com
machine: tst-linux32-spot-215
buildname: Ubuntu VM 12.04 b2g-inbound debug test mochitest-devtools-chrome-1
revision: 3eb727d509f4

745 INFO TEST-UNEXPECTED-FAIL | chrome://mochitests/content/browser/browser/devtools/framework/test/browser_toolbox_options_disable_cache.js | This test exceeded the timeout threshold. It should be rewritten or split up. If that's not possible, use requestLongerTimeout(N), but only as a last resort. - expected PASS
command timed out: 4800 seconds elapsed running ['/tools/buildbot/bin/python', 'scripts/scripts/desktop_unittest.py', '--cfg', 'unittests/linux_unittest.py', '--mochitest-suite', 'mochitest-devtools-chrome-chunked', '--total-chunks', '3', '--this-chunk', '1', '--blob-upload-branch', 'b2g-inbound', '--download-symbols', 'true'], attempting to kill
submit_timestamp: 2014-10-25T18:59:59
log: https://treeherder.mozilla.org/ui/logviewer.html#?repo=mozilla-inbound&job_id=3310547
repository: mozilla-inbound
who: philringnalda[at]gmail[dot]com
machine: tst-linux32-spot-225
buildname: Ubuntu VM 12.04 mozilla-inbound debug test mochitest-devtools-chrome-1
revision: 0de9d3ba79f3

745 INFO TEST-UNEXPECTED-FAIL | chrome://mochitests/content/browser/browser/devtools/framework/test/browser_toolbox_options_disable_cache.js | This test exceeded the timeout threshold. It should be rewritten or split up. If that's not possible, use requestLongerTimeout(N), but only as a last resort. - expected PASS
command timed out: 4800 seconds elapsed running ['/tools/buildbot/bin/python', 'scripts/scripts/desktop_unittest.py', '--cfg', 'unittests/linux_unittest.py', '--mochitest-suite', 'mochitest-devtools-chrome-chunked', '--total-chunks', '3', '--this-chunk', '1', '--blob-upload-branch', 'mozilla-inbound', '--download-symbols', 'true'], attempting to kill
submit_timestamp: 2014-10-27T05:55:33
log: https://treeherder.mozilla.org/ui/logviewer.html#?repo=mozilla-inbound&job_id=3324314
repository: mozilla-inbound
who: tomcat[at]mozilla[dot]com
machine: tst-linux32-spot-766
buildname: Ubuntu VM 12.04 mozilla-inbound debug test mochitest-devtools-chrome-1
revision: 1eb9bb6ee090

745 INFO TEST-UNEXPECTED-FAIL | chrome://mochitests/content/browser/browser/devtools/framework/test/browser_toolbox_options_disable_cache.js | This test exceeded the timeout threshold. It should be rewritten or split up. If that's not possible, use requestLongerTimeout(N), but only as a last resort. - expected PASS
submit_timestamp: 2014-10-27T10:17:44
log: https://treeherder.mozilla.org/ui/logviewer.html#?repo=fx-team&job_id=1005364
repository: fx-team
who: rvandermeulen[at]mozilla[dot]com
machine: tst-linux32-spot-145
buildname: Ubuntu VM 12.04 fx-team debug test mochitest-devtools-chrome-1
revision: 020fe1a54d84

747 INFO TEST-UNEXPECTED-FAIL | chrome://mochitests/content/browser/browser/devtools/framework/test/browser_toolbox_options_disable_cache.js | This test exceeded the timeout threshold. It should be rewritten or split up. If that's not possible, use requestLongerTimeout(N), but only as a last resort. - expected PASS
remoteFailed: [Failure instance: Traceback (failure with no frames): <class 'twisted.spread.pb.PBConnectionLost'>: [Failure instance: Traceback (failure with no frames): <class 'socket.error'>: [Errno 9] Bad file descriptor
submit_timestamp: 2014-10-27T14:30:07
log: https://treeherder.mozilla.org/ui/logviewer.html#?repo=mozilla-inbound&job_id=3331050
repository: mozilla-inbound
who: wkocher[at]mozilla[dot]com
machine: tst-linux32-spot-591
buildname: Ubuntu VM 12.04 mozilla-inbound debug test mochitest-devtools-chrome-1
revision: 89e87dba73fc

747 INFO TEST-UNEXPECTED-FAIL | chrome://mochitests/content/browser/browser/devtools/framework/test/browser_toolbox_options_disable_cache.js | This test exceeded the timeout threshold. It should be rewritten or split up. If that's not possible, use requestLongerTimeout(N), but only as a last resort. - expected PASS
submit_timestamp: 2014-10-27T18:14:25
log: https://treeherder.mozilla.org/ui/logviewer.html#?repo=mozilla-central&job_id=542650
repository: mozilla-central
who: wkocher[at]mozilla[dot]com
machine: tst-linux32-spot-023
buildname: Ubuntu VM 12.04 mozilla-central debug test mochitest-devtools-chrome-1
revision: 2c94c22f3a29

747 INFO TEST-UNEXPECTED-FAIL | chrome://mochitests/content/browser/browser/devtools/framework/test/browser_toolbox_options_disable_cache.js | This test exceeded the timeout threshold. It should be rewritten or split up. If that's not possible, use requestLongerTimeout(N), but only as a last resort. - expected PASS
868 INFO TEST-UNEXPECTED-FAIL | chrome://mochitests/content/browser/browser/devtools/framework/test/browser_toolbox_window_reload_target.js | This test exceeded the timeout threshold. It should be rewritten or split up. If that's not possible, use requestLongerTimeout(N), but only as a last resort. - expected PASS
submit_timestamp: 2014-10-28T14:39:48
log: https://treeherder.mozilla.org/ui/logviewer.html#?repo=try&job_id=2762965
repository: try
who: mrbkap[at]mozilla[dot]com
machine: tst-linux32-spot-294
buildname: Ubuntu VM 12.04 try debug test mochitest-devtools-chrome-1
revision: 5572211384fa

747 INFO TEST-UNEXPECTED-FAIL | chrome://mochitests/content/browser/browser/devtools/framework/test/browser_toolbox_options_disable_cache.js | This test exceeded the timeout threshold. It should be rewritten or split up. If that's not possible, use requestLongerTimeout(N), but only as a last resort. - expected PASS
submit_timestamp: 2014-10-29T11:40:09
log: https://treeherder.mozilla.org/ui/logviewer.html#?repo=fx-team&job_id=1035204
repository: fx-team
who: rvandermeulen[at]mozilla[dot]com
machine: tst-linux32-spot-009
buildname: Ubuntu VM 12.04 fx-team debug test mochitest-devtools-chrome-1
revision: 7f9adc144d57

747 INFO TEST-UNEXPECTED-FAIL | chrome://mochitests/content/browser/browser/devtools/framework/test/browser_toolbox_options_disable_cache.js | This test exceeded the timeout threshold. It should be rewritten or split up. If that's not possible, use requestLongerTimeout(N), but only as a last resort. - expected PASS
submit_timestamp: 2014-10-30T12:42:41
log: https://treeherder.mozilla.org/ui/logviewer.html#?repo=b2g-inbound&job_id=737529
repository: b2g-inbound
who: rvandermeulen[at]mozilla[dot]com
machine: tst-linux32-spot-714
buildname: Ubuntu VM 12.04 b2g-inbound debug test mochitest-devtools-chrome-1
revision: 02e93e0c09de

747 INFO TEST-UNEXPECTED-FAIL | chrome://mochitests/content/browser/browser/devtools/framework/test/browser_toolbox_options_disable_cache.js | This test exceeded the timeout threshold. It should be rewritten or split up. If that's not possible, use requestLongerTimeout(N), but only as a last resort. - expected PASS
868 INFO TEST-UNEXPECTED-FAIL | chrome://mochitests/content/browser/browser/devtools/framework/test/browser_toolbox_window_reload_target.js | This test exceeded the timeout threshold. It should be rewritten or split up. If that's not possible, use requestLongerTimeout(N), but only as a last resort. - expected PASS
submit_timestamp: 2014-10-30T16:53:26
log: https://treeherder.mozilla.org/ui/logviewer.html#?repo=fx-team&job_id=1049743
repository: fx-team
who: wkocher[at]mozilla[dot]com
machine: tst-linux32-spot-660
buildname: Ubuntu VM 12.04 fx-team debug test mochitest-devtools-chrome-1
revision: a31d8d3703f8

747 INFO TEST-UNEXPECTED-FAIL | chrome://mochitests/content/browser/browser/devtools/framework/test/browser_toolbox_options_disable_cache.js | This test exceeded the timeout threshold. It should be rewritten or split up. If that's not possible, use requestLongerTimeout(N), but only as a last resort. - expected PASS
submit_timestamp: 2014-10-31T08:46:56
log: https://treeherder.mozilla.org/ui/logviewer.html#?repo=mozilla-central&job_id=566062
repository: mozilla-central
who: tomcat[at]mozilla[dot]com
machine: tst-linux32-spot-295
buildname: Ubuntu VM 12.04 mozilla-central debug test mochitest-devtools-chrome-1
revision: 4750a2124fa5

747 INFO TEST-UNEXPECTED-FAIL | chrome://mochitests/content/browser/browser/devtools/framework/test/browser_toolbox_options_disable_cache.js | This test exceeded the timeout threshold. It should be rewritten or split up. If that's not possible, use requestLongerTimeout(N), but only as a last resort. - expected PASS
command timed out: 4800 seconds elapsed running ['/tools/buildbot/bin/python', 'scripts/scripts/desktop_unittest.py', '--cfg', 'unittests/linux_unittest.py', '--mochitest-suite', 'mochitest-devtools-chrome-chunked', '--total-chunks', '3', '--this-chunk', '1', '--blob-upload-branch', 'mozilla-central', '--download-symbols', 'true'], attempting to kill
submit_timestamp: 2014-11-01T09:32:21
log: https://treeherder.mozilla.org/ui/logviewer.html#?repo=mozilla-inbound&job_id=3499668
repository: mozilla-inbound
who: philringnalda[at]gmail[dot]com
machine: tst-linux32-spot-456
buildname: Ubuntu VM 12.04 mozilla-inbound debug test mochitest-devtools-chrome-1
revision: 5eebce6c8845

747 INFO TEST-UNEXPECTED-FAIL | chrome://mochitests/content/browser/browser/devtools/framework/test/browser_toolbox_options_disable_cache.js | This test exceeded the timeout threshold. It should be rewritten or split up. If that's not possible, use requestLongerTimeout(N), but only as a last resort. - expected PASS
submit_timestamp: 2014-11-01T10:08:05
log: https://treeherder.mozilla.org/ui/logviewer.html#?repo=mozilla-central&job_id=572289
repository: mozilla-central
who: philringnalda[at]gmail[dot]com
machine: tst-linux32-spot-720
buildname: Ubuntu VM 12.04 mozilla-central debug test mochitest-devtools-chrome-1
revision: 0e631971b841

747 INFO TEST-UNEXPECTED-FAIL | chrome://mochitests/content/browser/browser/devtools/framework/test/browser_toolbox_options_disable_cache.js | This test exceeded the timeout threshold. It should be rewritten or split up. If that's not possible, use requestLongerTimeout(N), but only as a last resort. - expected PASS
command timed out: 4800 seconds elapsed running ['/tools/buildbot/bin/python', 'scripts/scripts/desktop_unittest.py', '--cfg', 'unittests/linux_unittest.py', '--mochitest-suite', 'mochitest-devtools-chrome-chunked', '--total-chunks', '3', '--this-chunk', '1', '--blob-upload-branch', 'mozilla-central', '--download-symbols', 'true'], attempting to kill
submit_timestamp: 2014-11-01T18:50:05
log: https://treeherder.mozilla.org/ui/logviewer.html#?repo=mozilla-inbound&job_id=3508263
repository: mozilla-inbound
who: philringnalda[at]gmail[dot]com
machine: tst-linux32-spot-221
buildname: Ubuntu VM 12.04 mozilla-inbound debug test mochitest-devtools-chrome-1
revision: 02566635767f

747 INFO TEST-UNEXPECTED-FAIL | chrome://mochitests/content/browser/browser/devtools/framework/test/browser_toolbox_options_disable_cache.js | This test exceeded the timeout threshold. It should be rewritten or split up. If that's not possible, use requestLongerTimeout(N), but only as a last resort. - expected PASS
submit_timestamp: 2014-11-02T15:37:36
log: https://treeherder.mozilla.org/ui/logviewer.html#?repo=mozilla-inbound&job_id=3514115
repository: mozilla-inbound
who: philringnalda[at]gmail[dot]com
machine: tst-linux32-spot-738
buildname: Ubuntu VM 12.04 mozilla-inbound debug test mochitest-devtools-chrome-1
revision: dad61f719326

747 INFO TEST-UNEXPECTED-FAIL | chrome://mochitests/content/browser/browser/devtools/framework/test/browser_toolbox_options_disable_cache.js | This test exceeded the timeout threshold. It should be rewritten or split up. If that's not possible, use requestLongerTimeout(N), but only as a last resort. - expected PASS
submit_timestamp: 2014-11-02T20:25:17
log: https://treeherder.mozilla.org/ui/logviewer.html#?repo=mozilla-inbound&job_id=3515955
repository: mozilla-inbound
who: philringnalda[at]gmail[dot]com
machine: tst-linux32-spot-1003
buildname: Ubuntu VM 12.04 mozilla-inbound debug test mochitest-devtools-chrome-1
revision: ef550ec1517a

747 INFO TEST-UNEXPECTED-FAIL | chrome://mochitests/content/browser/browser/devtools/framework/test/browser_toolbox_options_disable_cache.js | This test exceeded the timeout threshold. It should be rewritten or split up. If that's not possible, use requestLongerTimeout(N), but only as a last resort. - expected PASS
submit_timestamp: 2014-11-03T03:57:22
log: https://treeherder.mozilla.org/ui/logviewer.html#?repo=fx-team&job_id=1072103
repository: fx-team
who: tomcat[at]mozilla[dot]com
machine: tst-linux32-spot-1022
buildname: Ubuntu VM 12.04 fx-team debug test mochitest-devtools-chrome-1
revision: 6a7f104d30c8

747 INFO TEST-UNEXPECTED-FAIL | chrome://mochitests/content/browser/browser/devtools/framework/test/browser_toolbox_options_disable_cache.js | This test exceeded the timeout threshold. It should be rewritten or split up. If that's not possible, use requestLongerTimeout(N), but only as a last resort. - expected PASS
submit_timestamp: 2014-11-03T04:42:01
log: https://treeherder.mozilla.org/ui/logviewer.html#?repo=mozilla-inbound&job_id=3527693
repository: mozilla-inbound
who: tomcat[at]mozilla[dot]com
machine: tst-linux32-spot-098
buildname: Ubuntu VM 12.04 mozilla-inbound debug test mochitest-devtools-chrome-1
revision: 8d56722cff6c

747 INFO TEST-UNEXPECTED-FAIL | chrome://mochitests/content/browser/browser/devtools/framework/test/browser_toolbox_options_disable_cache.js | This test exceeded the timeout threshold. It should be rewritten or split up. If that's not possible, use requestLongerTimeout(N), but only as a last resort. - expected PASS
submit_timestamp: 2014-11-03T08:05:33
log: https://treeherder.mozilla.org/ui/logviewer.html#?repo=fx-team&job_id=1073919
repository: fx-team
who: philringnalda[at]gmail[dot]com
machine: tst-linux32-spot-059
buildname: Ubuntu VM 12.04 fx-team debug test mochitest-devtools-chrome-1
revision: 8102732ba8fa

747 INFO TEST-UNEXPECTED-FAIL | chrome://mochitests/content/browser/browser/devtools/framework/test/browser_toolbox_options_disable_cache.js | This test exceeded the timeout threshold. It should be rewritten or split up. If that's not possible, use requestLongerTimeout(N), but only as a last resort. - expected PASS
submit_timestamp: 2014-11-03T10:34:25
log: https://treeherder.mozilla.org/ui/logviewer.html#?repo=mozilla-inbound&job_id=3537565
repository: mozilla-inbound
who: rvandermeulen[at]mozilla[dot]com
machine: tst-linux32-spot-1028
buildname: Ubuntu VM 12.04 mozilla-inbound debug test mochitest-devtools-chrome-1
revision: f0651992278c

Can't download from http://ftp.mozilla.org.proxxy.srv.releng.use1.mozilla.com/pub/mozilla.org/firefox/tinderbox-builds/mozilla-inbound-linux-debug/1415028158/firefox-36.0a1.en-US.linux-i686.tests.zip to /builds/slave/test/build/firefox-36.0a1.en-US.linux-i686.tests.zip!
Caught exception: timed out
Caught exception: timed out
Caught exception: timed out
747 INFO TEST-UNEXPECTED-FAIL | chrome://mochitests/content/browser/browser/devtools/framework/test/browser_toolbox_options_disable_cache.js | This test exceeded the timeout threshold. It should be rewritten or split up. If that's not possible, use requestLongerTimeout(N), but only as a last resort. - expected PASS
command timed out: 4800 seconds elapsed running ['/tools/buildbot/bin/python', 'scripts/scripts/desktop_unittest.py', '--cfg', 'unittests/linux_unittest.py', '--mochitest-suite', 'mochitest-devtools-chrome-chunked', '--total-chunks', '3', '--this-chunk', '1', '--blob-upload-branch', 'mozilla-inbound', '--download-symbols', 'true'], attempting to kill
submit_timestamp: 2014-11-03T10:37:58
log: https://treeherder.mozilla.org/ui/logviewer.html#?repo=fx-team&job_id=1074633
repository: fx-team
who: rvandermeulen[at]mozilla[dot]com
machine: tst-linux32-spot-221
buildname: Ubuntu VM 12.04 fx-team debug test mochitest-devtools-chrome-1
revision: 24d86d8ed318

747 INFO TEST-UNEXPECTED-FAIL | chrome://mochitests/content/browser/browser/devtools/framework/test/browser_toolbox_options_disable_cache.js | This test exceeded the timeout threshold. It should be rewritten or split up. If that's not possible, use requestLongerTimeout(N), but only as a last resort. - expected PASS
submit_timestamp: 2014-11-03T15:45:14
log: https://treeherder.mozilla.org/ui/logviewer.html#?repo=mozilla-inbound&job_id=3548390
repository: mozilla-inbound
who: wkocher[at]mozilla[dot]com
machine: tst-linux32-spot-169
buildname: Ubuntu VM 12.04 mozilla-inbound debug test mochitest-devtools-chrome-1
revision: 8b9fa04a648c

747 INFO TEST-UNEXPECTED-FAIL | chrome://mochitests/content/browser/browser/devtools/framework/test/browser_toolbox_options_disable_cache.js | This test exceeded the timeout threshold. It should be rewritten or split up. If that's not possible, use requestLongerTimeout(N), but only as a last resort. - expected PASS
submit_timestamp: 2014-11-03T17:47:19
log: https://treeherder.mozilla.org/ui/logviewer.html#?repo=mozilla-inbound&job_id=3550099
repository: mozilla-inbound
who: wkocher[at]mozilla[dot]com
machine: tst-linux32-spot-067
buildname: Ubuntu VM 12.04 mozilla-inbound debug test mochitest-devtools-chrome-1
revision: 6b70e15bc452

747 INFO TEST-UNEXPECTED-FAIL | chrome://mochitests/content/browser/browser/devtools/framework/test/browser_toolbox_options_disable_cache.js | This test exceeded the timeout threshold. It should be rewritten or split up. If that's not possible, use requestLongerTimeout(N), but only as a last resort. - expected PASS
submit_timestamp: 2014-11-03T17:58:41
log: https://treeherder.mozilla.org/ui/logviewer.html#?repo=mozilla-central&job_id=579322
repository: mozilla-central
who: wkocher[at]mozilla[dot]com
machine: tst-linux32-spot-768
buildname: Ubuntu VM 12.04 mozilla-central debug test mochitest-devtools-chrome-1
revision: 9b03757d6c99

747 INFO TEST-UNEXPECTED-FAIL | chrome://mochitests/content/browser/browser/devtools/framework/test/browser_toolbox_options_disable_cache.js | This test exceeded the timeout threshold. It should be rewritten or split up. If that's not possible, use requestLongerTimeout(N), but only as a last resort. - expected PASS
command timed out: 4800 seconds elapsed running ['/tools/buildbot/bin/python', 'scripts/scripts/desktop_unittest.py', '--cfg', 'unittests/linux_unittest.py', '--mochitest-suite', 'mochitest-devtools-chrome-chunked', '--total-chunks', '3', '--this-chunk', '1', '--blob-upload-branch', 'mozilla-central', '--download-symbols', 'true'], attempting to kill
submit_timestamp: 2014-11-03T19:32:56
log: https://treeherder.mozilla.org/ui/logviewer.html#?repo=mozilla-inbound&job_id=3554382
repository: mozilla-inbound
who: philringnalda[at]gmail[dot]com
machine: tst-linux32-spot-150
buildname: Ubuntu VM 12.04 mozilla-inbound debug test mochitest-devtools-chrome-1
revision: c49189c6c30a

747 INFO TEST-UNEXPECTED-FAIL | chrome://mochitests/content/browser/browser/devtools/framework/test/browser_toolbox_options_disable_cache.js | This test exceeded the timeout threshold. It should be rewritten or split up. If that's not possible, use requestLongerTimeout(N), but only as a last resort. - expected PASS
submit_timestamp: 2014-11-03T23:05:06
log: https://treeherder.mozilla.org/ui/logviewer.html#?repo=mozilla-inbound&job_id=3562316
repository: mozilla-inbound
who: philringnalda[at]gmail[dot]com
machine: tst-linux32-spot-758
buildname: Ubuntu VM 12.04 mozilla-inbound debug test mochitest-devtools-chrome-1
revision: 5bc41aecc7ca

747 INFO TEST-UNEXPECTED-FAIL | chrome://mochitests/content/browser/browser/devtools/framework/test/browser_toolbox_options_disable_cache.js | This test exceeded the timeout threshold. It should be rewritten or split up. If that's not possible, use requestLongerTimeout(N), but only as a last resort. - expected PASS
dragana
https://tbpl.mozilla.org/php/getParsedLog.php?id=51703665&tree=Try
Ubuntu VM 12.04 try debug test mochitest-devtools-chrome-1 on 2014-11-03 09:31:56
revision: 35419345210e
slave: tst-linux32-spot-218

747 INFO TEST-UNEXPECTED-FAIL | chrome://mochitests/content/browser/browser/devtools/framework/test/browser_toolbox_options_disable_cache.js | This test exceeded the timeout threshold. It should be rewritten or split up. If that's not possible, use requestLongerTimeout(N), but only as a last resort. - expected PASS
submit_timestamp: 2014-11-04T02:01:46
log: https://treeherder.mozilla.org/ui/logviewer.html#?repo=mozilla-inbound&job_id=3563074
repository: mozilla-inbound
who: tomcat[at]mozilla[dot]com
machine: tst-linux32-spot-252
buildname: Ubuntu VM 12.04 mozilla-inbound debug test mochitest-devtools-chrome-1
revision: 6cd60e5f3d52

747 INFO TEST-UNEXPECTED-FAIL | chrome://mochitests/content/browser/browser/devtools/framework/test/browser_toolbox_options_disable_cache.js | This test exceeded the timeout threshold. It should be rewritten or split up. If that's not possible, use requestLongerTimeout(N), but only as a last resort. - expected PASS
command timed out: 4800 seconds elapsed running ['/tools/buildbot/bin/python', 'scripts/scripts/desktop_unittest.py', '--cfg', 'unittests/linux_unittest.py', '--mochitest-suite', 'mochitest-devtools-chrome-chunked', '--total-chunks', '3', '--this-chunk', '1', '--blob-upload-branch', 'mozilla-inbound', '--download-symbols', 'true'], attempting to kill
submit_timestamp: 2014-11-04T04:40:04
log: https://treeherder.mozilla.org/ui/logviewer.html#?repo=mozilla-inbound&job_id=3570298
repository: mozilla-inbound
who: tomcat[at]mozilla[dot]com
machine: talos-mtnlion-r5-086
buildname: Rev5 MacOSX Mountain Lion 10.8 mozilla-inbound debug test mochitest-devtools-chrome-1
revision: d6cfdeca8a4c

747 INFO TEST-UNEXPECTED-FAIL | chrome://mochitests/content/browser/browser/devtools/framework/test/browser_toolbox_options_disable_cache.js | This test exceeded the timeout threshold. It should be rewritten or split up. If that's not possible, use requestLongerTimeout(N), but only as a last resort. - expected PASS
submit_timestamp: 2014-11-04T04:43:31
log: https://treeherder.mozilla.org/ui/logviewer.html#?repo=b2g-inbound&job_id=763187
repository: b2g-inbound
who: tomcat[at]mozilla[dot]com
machine: tst-linux32-spot-219
buildname: Ubuntu VM 12.04 b2g-inbound debug test mochitest-devtools-chrome-1
revision: 28b3c944c705

747 INFO TEST-UNEXPECTED-FAIL | chrome://mochitests/content/browser/browser/devtools/framework/test/browser_toolbox_options_disable_cache.js | This test exceeded the timeout threshold. It should be rewritten or split up. If that's not possible, use requestLongerTimeout(N), but only as a last resort. - expected PASS
submit_timestamp: 2014-11-04T04:44:59
log: https://treeherder.mozilla.org/ui/logviewer.html#?repo=b2g-inbound&job_id=764078
repository: b2g-inbound
who: tomcat[at]mozilla[dot]com
machine: tst-linux32-spot-753
buildname: Ubuntu VM 12.04 b2g-inbound debug test mochitest-devtools-chrome-1
revision: cac6660a2933

747 INFO TEST-UNEXPECTED-FAIL | chrome://mochitests/content/browser/browser/devtools/framework/test/browser_toolbox_options_disable_cache.js | This test exceeded the timeout threshold. It should be rewritten or split up. If that's not possible, use requestLongerTimeout(N), but only as a last resort. - expected PASS
command timed out: 4800 seconds elapsed running ['/tools/buildbot/bin/python', 'scripts/scripts/desktop_unittest.py', '--cfg', 'unittests/linux_unittest.py', '--mochitest-suite', 'mochitest-devtools-chrome-chunked', '--total-chunks', '3', '--this-chunk', '1', '--blob-upload-branch', 'b2g-inbound', '--download-symbols', 'true'], attempting to kill
submit_timestamp: 2014-11-04T04:45:43
log: https://treeherder.mozilla.org/ui/logviewer.html#?repo=b2g-inbound&job_id=764832
repository: b2g-inbound
who: tomcat[at]mozilla[dot]com
machine: tst-linux32-spot-176
buildname: Ubuntu VM 12.04 b2g-inbound debug test mochitest-devtools-chrome-1
revision: 566f2111af95

747 INFO TEST-UNEXPECTED-FAIL | chrome://mochitests/content/browser/browser/devtools/framework/test/browser_toolbox_options_disable_cache.js | This test exceeded the timeout threshold. It should be rewritten or split up. If that's not possible, use requestLongerTimeout(N), but only as a last resort. - expected PASS
submit_timestamp: 2014-11-04T07:29:49
log: https://treeherder.mozilla.org/ui/logviewer.html#?repo=try&job_id=2921044
repository: try
who: pbrosset[at]mozilla[dot]com
machine: tst-linux32-spot-145
buildname: Ubuntu VM 12.04 try debug test mochitest-devtools-chrome-1
revision: cebc963aaf46

747 INFO TEST-UNEXPECTED-FAIL | chrome://mochitests/content/browser/browser/devtools/framework/test/browser_toolbox_options_disable_cache.js | This test exceeded the timeout threshold. It should be rewritten or split up. If that's not possible, use requestLongerTimeout(N), but only as a last resort. - expected PASS
command timed out: 4800 seconds elapsed running ['/tools/buildbot/bin/python', 'scripts/scripts/desktop_unittest.py', '--cfg', 'unittests/linux_unittest.py', '--mochitest-suite', 'mochitest-devtools-chrome-chunked', '--total-chunks', '3', '--this-chunk', '1', '--blob-upload-branch', 'try', '--download-symbols', 'true'], attempting to kill
submit_timestamp: 2014-11-04T07:46:13
log: https://treeherder.mozilla.org/ui/logviewer.html#?repo=mozilla-central&job_id=584821
repository: mozilla-central
who: tomcat[at]mozilla[dot]com
machine: tst-linux32-spot-295
buildname: Ubuntu VM 12.04 mozilla-central debug test mochitest-devtools-chrome-1
revision: cadcd47db610

747 INFO TEST-UNEXPECTED-FAIL | chrome://mochitests/content/browser/browser/devtools/framework/test/browser_toolbox_options_disable_cache.js | This test exceeded the timeout threshold. It should be rewritten or split up. If that's not possible, use requestLongerTimeout(N), but only as a last resort. - expected PASS
submit_timestamp: 2014-11-04T12:05:01
log: https://treeherder.mozilla.org/ui/logviewer.html#?repo=mozilla-inbound&job_id=3585886
repository: mozilla-inbound
who: wkocher[at]mozilla[dot]com
machine: tst-linux32-spot-247
buildname: Ubuntu VM 12.04 mozilla-inbound debug test mochitest-devtools-chrome-1
revision: 59240f2df2c2

747 INFO TEST-UNEXPECTED-FAIL | chrome://mochitests/content/browser/browser/devtools/framework/test/browser_toolbox_options_disable_cache.js | This test exceeded the timeout threshold. It should be rewritten or split up. If that's not possible, use requestLongerTimeout(N), but only as a last resort. - expected PASS
submit_timestamp: 2014-11-04T13:09:06
log: https://treeherder.mozilla.org/ui/logviewer.html#?repo=mozilla-inbound&job_id=3584288
repository: mozilla-inbound
who: wkocher[at]mozilla[dot]com
machine: tst-linux64-spot-026
buildname: Ubuntu VM 12.04 x64 mozilla-inbound debug test mochitest-devtools-chrome-1
revision: 9c8ca05b975a

747 INFO TEST-UNEXPECTED-FAIL | chrome://mochitests/content/browser/browser/devtools/framework/test/browser_toolbox_options_disable_cache.js | This test exceeded the timeout threshold. It should be rewritten or split up. If that's not possible, use requestLongerTimeout(N), but only as a last resort. - expected PASS
submit_timestamp: 2014-11-04T14:30:08
log: https://treeherder.mozilla.org/ui/logviewer.html#?repo=fx-team&job_id=1089765
repository: fx-team
who: wkocher[at]mozilla[dot]com
machine: tst-linux32-spot-174
buildname: Ubuntu VM 12.04 fx-team debug test mochitest-devtools-chrome-1
revision: 56019d2d1da2

747 INFO TEST-UNEXPECTED-FAIL | chrome://mochitests/content/browser/browser/devtools/framework/test/browser_toolbox_options_disable_cache.js | This test exceeded the timeout threshold. It should be rewritten or split up. If that's not possible, use requestLongerTimeout(N), but only as a last resort. - expected PASS
command timed out: 4800 seconds elapsed running ['/tools/buildbot/bin/python', 'scripts/scripts/desktop_unittest.py', '--cfg', 'unittests/linux_unittest.py', '--mochitest-suite', 'mochitest-devtools-chrome-chunked', '--total-chunks', '3', '--this-chunk', '1', '--blob-upload-branch', 'fx-team', '--download-symbols', 'true'], attempting to kill
submit_timestamp: 2014-11-04T15:31:59
log: https://treeherder.mozilla.org/ui/logviewer.html#?repo=mozilla-inbound&job_id=3590372
repository: mozilla-inbound
who: wkocher[at]mozilla[dot]com
machine: tst-linux64-spot-937
buildname: Ubuntu VM 12.04 x64 mozilla-inbound debug test mochitest-devtools-chrome-1
revision: 5ccd5638a7b2

747 INFO TEST-UNEXPECTED-FAIL | chrome://mochitests/content/browser/browser/devtools/framework/test/browser_toolbox_options_disable_cache.js | This test exceeded the timeout threshold. It should be rewritten or split up. If that's not possible, use requestLongerTimeout(N), but only as a last resort. - expected PASS
submit_timestamp: 2014-11-04T15:34:55
log: https://treeherder.mozilla.org/ui/logviewer.html#?repo=fx-team&job_id=1091265
repository: fx-team
who: wkocher[at]mozilla[dot]com
machine: tst-linux32-spot-245
buildname: Ubuntu VM 12.04 fx-team debug test mochitest-devtools-chrome-1
revision: 46f851f9fc43

747 INFO TEST-UNEXPECTED-FAIL | chrome://mochitests/content/browser/browser/devtools/framework/test/browser_toolbox_options_disable_cache.js | This test exceeded the timeout threshold. It should be rewritten or split up. If that's not possible, use requestLongerTimeout(N), but only as a last resort. - expected PASS
submit_timestamp: 2014-11-04T16:17:09
log: https://treeherder.mozilla.org/ui/logviewer.html#?repo=mozilla-inbound&job_id=3594554
repository: mozilla-inbound
who: wkocher[at]mozilla[dot]com
machine: tst-linux32-spot-070
buildname: Ubuntu VM 12.04 mozilla-inbound debug test mochitest-devtools-chrome-1
revision: 5ccd5638a7b2

747 INFO TEST-UNEXPECTED-FAIL | chrome://mochitests/content/browser/browser/devtools/framework/test/browser_toolbox_options_disable_cache.js | This test exceeded the timeout threshold. It should be rewritten or split up. If that's not possible, use requestLongerTimeout(N), but only as a last resort. - expected PASS
submit_timestamp: 2014-11-04T18:17:02
log: https://treeherder.mozilla.org/ui/logviewer.html#?repo=mozilla-inbound&job_id=3598996
repository: mozilla-inbound
who: wkocher[at]mozilla[dot]com
machine: tst-linux32-spot-105
buildname: Ubuntu VM 12.04 mozilla-inbound debug test mochitest-devtools-chrome-1
revision: 4be4cf0afc29

747 INFO TEST-UNEXPECTED-FAIL | chrome://mochitests/content/browser/browser/devtools/framework/test/browser_toolbox_options_disable_cache.js | This test exceeded the timeout threshold. It should be rewritten or split up. If that's not possible, use requestLongerTimeout(N), but only as a last resort. - expected PASS
submit_timestamp: 2014-11-05T01:39:04
log: https://treeherder.mozilla.org/ui/logviewer.html#?repo=fx-team&job_id=1098527
repository: fx-team
who: tomcat[at]mozilla[dot]com
machine: tst-linux32-spot-719
buildname: Ubuntu VM 12.04 fx-team debug test mochitest-devtools-chrome-1
revision: 02fd2ca11bfc

747 INFO TEST-UNEXPECTED-FAIL | chrome://mochitests/content/browser/browser/devtools/framework/test/browser_toolbox_options_disable_cache.js | This test exceeded the timeout threshold. It should be rewritten or split up. If that's not possible, use requestLongerTimeout(N), but only as a last resort. - expected PASS
submit_timestamp: 2014-11-05T02:47:26
log: https://treeherder.mozilla.org/ui/logviewer.html#?repo=mozilla-inbound&job_id=3609230
repository: mozilla-inbound
who: tomcat[at]mozilla[dot]com
machine: tst-linux32-spot-776
buildname: Ubuntu VM 12.04 mozilla-inbound debug test mochitest-devtools-chrome-1
revision: 196228507e75

Traceback (most recent call last):
747 INFO TEST-UNEXPECTED-FAIL | chrome://mochitests/content/browser/browser/devtools/framework/test/browser_toolbox_options_disable_cache.js | This test exceeded the timeout threshold. It should be rewritten or split up. If that's not possible, use requestLongerTimeout(N), but only as a last resort. - expected PASS
submit_timestamp: 2014-11-05T04:52:38
log: https://treeherder.mozilla.org/ui/logviewer.html#?repo=fx-team&job_id=1098812
repository: fx-team
who: tomcat[at]mozilla[dot]com
machine: tst-linux32-spot-203
buildname: Ubuntu VM 12.04 fx-team debug test mochitest-devtools-chrome-1
revision: 5928b7171c8d

747 INFO TEST-UNEXPECTED-FAIL | chrome://mochitests/content/browser/browser/devtools/framework/test/browser_toolbox_options_disable_cache.js | This test exceeded the timeout threshold. It should be rewritten or split up. If that's not possible, use requestLongerTimeout(N), but only as a last resort. - expected PASS
command timed out: 4800 seconds elapsed running ['/tools/buildbot/bin/python', 'scripts/scripts/desktop_unittest.py', '--cfg', 'unittests/linux_unittest.py', '--mochitest-suite', 'mochitest-devtools-chrome-chunked', '--total-chunks', '3', '--this-chunk', '1', '--blob-upload-branch', 'fx-team', '--download-symbols', 'true'], attempting to kill
submit_timestamp: 2014-11-05T18:16:33
log: https://treeherder.mozilla.org/ui/logviewer.html#?repo=b2g-inbound&job_id=781716
repository: b2g-inbound
who: wkocher[at]mozilla[dot]com
machine: tst-linux32-spot-740
buildname: Ubuntu VM 12.04 b2g-inbound debug test mochitest-devtools-chrome-1
revision: 2e9543400987

747 INFO TEST-UNEXPECTED-FAIL | chrome://mochitests/content/browser/browser/devtools/framework/test/browser_toolbox_options_disable_cache.js | This test exceeded the timeout threshold. It should be rewritten or split up. If that's not possible, use requestLongerTimeout(N), but only as a last resort. - expected PASS
submit_timestamp: 2014-11-05T18:17:19
log: https://treeherder.mozilla.org/ui/logviewer.html#?repo=fx-team&job_id=1109596
repository: fx-team
who: wkocher[at]mozilla[dot]com
machine: tst-linux32-spot-053
buildname: Ubuntu VM 12.04 fx-team debug test mochitest-devtools-chrome-1
revision: cd858314a429

747 INFO TEST-UNEXPECTED-FAIL | chrome://mochitests/content/browser/browser/devtools/framework/test/browser_toolbox_options_disable_cache.js | This test exceeded the timeout threshold. It should be rewritten or split up. If that's not possible, use requestLongerTimeout(N), but only as a last resort. - expected PASS
submit_timestamp: 2014-11-05T20:38:10
log: https://treeherder.mozilla.org/ui/logviewer.html#?repo=mozilla-inbound&job_id=3635166
repository: mozilla-inbound
who: nigelbabu[at]gmail[dot]com
machine: tst-linux32-spot-309
buildname: Ubuntu VM 12.04 mozilla-inbound debug test mochitest-devtools-chrome-1
revision: b49cc4ae0fdd

747 INFO TEST-UNEXPECTED-FAIL | chrome://mochitests/content/browser/browser/devtools/framework/test/browser_toolbox_options_disable_cache.js | This test exceeded the timeout threshold. It should be rewritten or split up. If that's not possible, use requestLongerTimeout(N), but only as a last resort. - expected PASS
submit_timestamp: 2014-11-06T13:04:19
log: https://treeherder.mozilla.org/ui/logviewer.html#?repo=fx-team&job_id=1119243
repository: fx-team
who: rvandermeulen[at]mozilla[dot]com
machine: tst-linux32-spot-739
buildname: Ubuntu VM 12.04 fx-team debug test mochitest-devtools-chrome-1
revision: 6740f4e7636a

747 INFO TEST-UNEXPECTED-FAIL | chrome://mochitests/content/browser/browser/devtools/framework/test/browser_toolbox_options_disable_cache.js | This test exceeded the timeout threshold. It should be rewritten or split up. If that's not possible, use requestLongerTimeout(N), but only as a last resort. - expected PASS
submit_timestamp: 2014-11-06T15:22:56
log: https://treeherder.mozilla.org/ui/logviewer.html#?repo=fx-team&job_id=1120565
repository: fx-team
who: wkocher[at]mozilla[dot]com
machine: tst-linux32-spot-269
buildname: Ubuntu VM 12.04 fx-team debug test mochitest-devtools-chrome-1
revision: 85786620f4af

749 INFO TEST-UNEXPECTED-FAIL | chrome://mochitests/content/browser/browser/devtools/framework/test/browser_toolbox_options_disable_cache.js | This test exceeded the timeout threshold. It should be rewritten or split up. If that's not possible, use requestLongerTimeout(N), but only as a last resort. - expected PASS
command timed out: 4800 seconds elapsed running ['/tools/buildbot/bin/python', 'scripts/scripts/desktop_unittest.py', '--cfg', 'unittests/linux_unittest.py', '--mochitest-suite', 'mochitest-devtools-chrome-chunked', '--total-chunks', '3', '--this-chunk', '1', '--blob-upload-branch', 'fx-team', '--download-symbols', 'true'], attempting to kill
submit_timestamp: 2014-11-06T16:10:02
log: https://treeherder.mozilla.org/ui/logviewer.html#?repo=fx-team&job_id=1121156
repository: fx-team
who: wkocher[at]mozilla[dot]com
machine: tst-linux32-spot-1092
buildname: Ubuntu VM 12.04 fx-team debug test mochitest-devtools-chrome-1
revision: b82e0ba1f833

Can't download from http://ftp.mozilla.org.proxxy.srv.releng.usw2.mozilla.com/pub/mozilla.org/firefox/tinderbox-builds/fx-team-linux-debug/1415310140/firefox-36.0a1.en-US.linux-i686.tests.zip to /builds/slave/test/build/firefox-36.0a1.en-US.linux-i686.tests.zip!
Caught exception: timed out
Caught exception: timed out
Caught exception: timed out
749 INFO TEST-UNEXPECTED-FAIL | chrome://mochitests/content/browser/browser/devtools/framework/test/browser_toolbox_options_disable_cache.js | This test exceeded the timeout threshold. It should be rewritten or split up. If that's not possible, use requestLongerTimeout(N), but only as a last resort. - expected PASS
command timed out: 4800 seconds elapsed running ['/tools/buildbot/bin/python', 'scripts/scripts/desktop_unittest.py', '--cfg', 'unittests/linux_unittest.py', '--mochitest-suite', 'mochitest-devtools-chrome-chunked', '--total-chunks', '3', '--this-chunk', '1', '--blob-upload-branch', 'fx-team', '--download-symbols', 'true'], attempting to kill
submit_timestamp: 2014-11-06T18:30:27
log: https://treeherder.mozilla.org/ui/logviewer.html#?repo=mozilla-inbound&job_id=3669628
repository: mozilla-inbound
who: wkocher[at]mozilla[dot]com
machine: tst-linux32-spot-440
buildname: Ubuntu VM 12.04 mozilla-inbound debug test mochitest-devtools-chrome-1
revision: 661c58109d16

abort: connection ended unexpectedly
Automation Error: hg not responding
Return code: 255
747 INFO TEST-UNEXPECTED-FAIL | chrome://mochitests/content/browser/browser/devtools/framework/test/browser_toolbox_options_disable_cache.js | This test exceeded the timeout threshold. It should be rewritten or split up. If that's not possible, use requestLongerTimeout(N), but only as a last resort. - expected PASS
command timed out: 4800 seconds elapsed running ['/tools/buildbot/bin/python', 'scripts/scripts/desktop_unittest.py', '--cfg', 'unittests/linux_unittest.py', '--mochitest-suite', 'mochitest-devtools-chrome-chunked', '--total-chunks', '3', '--this-chunk', '1', '--blob-upload-branch', 'mozilla-inbound', '--download-symbols', 'true'], attempting to kill
submit_timestamp: 2014-11-06T20:18:56
log: https://treeherder.mozilla.org/ui/logviewer.html#?repo=try&job_id=3010528
repository: try
who: nnethercote[at]mozilla[dot]com
machine: tst-linux32-spot-083
buildname: Ubuntu VM 12.04 try debug test mochitest-devtools-chrome-1
revision: 4328c67587af

747 INFO TEST-UNEXPECTED-FAIL | chrome://mochitests/content/browser/browser/devtools/framework/test/browser_toolbox_options_disable_cache.js | This test exceeded the timeout threshold. It should be rewritten or split up. If that's not possible, use requestLongerTimeout(N), but only as a last resort. - expected PASS
submit_timestamp: 2014-11-07T05:16:06
log: https://treeherder.mozilla.org/ui/logviewer.html#?repo=fx-team&job_id=1127116
repository: fx-team
who: tomcat[at]mozilla[dot]com
machine: tst-linux32-spot-740
buildname: Ubuntu VM 12.04 fx-team debug test mochitest-devtools-chrome-1
revision: 2d40e7b097d1

749 INFO TEST-UNEXPECTED-FAIL | chrome://mochitests/content/browser/browser/devtools/framework/test/browser_toolbox_options_disable_cache.js | This test exceeded the timeout threshold. It should be rewritten or split up. If that's not possible, use requestLongerTimeout(N), but only as a last resort. - expected PASS
submit_timestamp: 2014-11-07T06:56:49
log: https://treeherder.mozilla.org/ui/logviewer.html#?repo=mozilla-inbound&job_id=3689624
repository: mozilla-inbound
who: tomcat[at]mozilla[dot]com
machine: tst-linux32-spot-041
buildname: Ubuntu VM 12.04 mozilla-inbound debug test mochitest-devtools-chrome-1
revision: 9b212f882730

749 INFO TEST-UNEXPECTED-FAIL | chrome://mochitests/content/browser/browser/devtools/framework/test/browser_toolbox_options_disable_cache.js | This test exceeded the timeout threshold. It should be rewritten or split up. If that's not possible, use requestLongerTimeout(N), but only as a last resort. - expected PASS
command timed out: 4800 seconds elapsed running ['/tools/buildbot/bin/python', 'scripts/scripts/desktop_unittest.py', '--cfg', 'unittests/linux_unittest.py', '--mochitest-suite', 'mochitest-devtools-chrome-chunked', '--total-chunks', '3', '--this-chunk', '1', '--blob-upload-branch', 'mozilla-inbound', '--download-symbols', 'true'], attempting to kill
submit_timestamp: 2014-11-07T08:34:59
log: https://treeherder.mozilla.org/ui/logviewer.html#?repo=fx-team&job_id=1129993
repository: fx-team
who: rvandermeulen[at]mozilla[dot]com
machine: tst-linux32-spot-074
buildname: Ubuntu VM 12.04 fx-team debug test mochitest-devtools-chrome-1
revision: 96e2e929a9f2

661 INFO TEST-UNEXPECTED-FAIL | chrome://mochitests/content/browser/browser/devtools/debugger/test/browser_dbg_variables-view-popup-13.js | This test exceeded the timeout threshold. It should be rewritten or split up. If that's not possible, use requestLongerTimeout(N), but only as a last resort. - expected PASS
816 INFO TEST-UNEXPECTED-FAIL | chrome://mochitests/content/browser/browser/devtools/framework/test/browser_toolbox_options_disable_cache.js | This test exceeded the timeout threshold. It should be rewritten or split up. If that's not possible, use requestLongerTimeout(N), but only as a last resort. - expected PASS
command timed out: 4800 seconds elapsed running ['/tools/buildbot/bin/python', 'scripts/scripts/desktop_unittest.py', '--cfg', 'unittests/linux_unittest.py', '--mochitest-suite', 'mochitest-devtools-chrome-chunked', '--total-chunks', '3', '--this-chunk', '1', '--blob-upload-branch', 'fx-team', '--download-symbols', 'true'], attempting to kill
submit_timestamp: 2014-11-07T09:31:11
log: https://treeherder.mozilla.org/ui/logviewer.html#?repo=b2g-inbound&job_id=795921
repository: b2g-inbound
who: rvandermeulen[at]mozilla[dot]com
machine: tst-linux32-spot-707
buildname: Ubuntu VM 12.04 b2g-inbound debug test mochitest-devtools-chrome-1
revision: b9c062ed4146

749 INFO TEST-UNEXPECTED-FAIL | chrome://mochitests/content/browser/browser/devtools/framework/test/browser_toolbox_options_disable_cache.js | This test exceeded the timeout threshold. It should be rewritten or split up. If that's not possible, use requestLongerTimeout(N), but only as a last resort. - expected PASS
submit_timestamp: 2014-11-07T09:54:37
log: https://treeherder.mozilla.org/ui/logviewer.html#?repo=mozilla-inbound&job_id=3693053
repository: mozilla-inbound
who: rvandermeulen[at]mozilla[dot]com
machine: tst-linux32-spot-1035
buildname: Ubuntu VM 12.04 mozilla-inbound debug test mochitest-devtools-chrome-1
revision: 527d5142b7c5

749 INFO TEST-UNEXPECTED-FAIL | chrome://mochitests/content/browser/browser/devtools/framework/test/browser_toolbox_options_disable_cache.js | This test exceeded the timeout threshold. It should be rewritten or split up. If that's not possible, use requestLongerTimeout(N), but only as a last resort. - expected PASS
submit_timestamp: 2014-11-07T11:18:03
log: https://treeherder.mozilla.org/ui/logviewer.html#?repo=mozilla-aurora&job_id=382306
repository: mozilla-aurora
who: rvandermeulen[at]mozilla[dot]com
machine: tst-linux32-spot-767
buildname: Ubuntu VM 12.04 mozilla-aurora debug test mochitest-devtools-chrome-1
revision: 0ebb0de0bb58

746 INFO TEST-UNEXPECTED-FAIL | chrome://mochitests/content/browser/browser/devtools/framework/test/browser_toolbox_options_disable_cache.js | This test exceeded the timeout threshold. It should be rewritten or split up. If that's not possible, use requestLongerTimeout(N), but only as a last resort. - expected PASS
submit_timestamp: 2014-11-07T11:23:01
log: https://treeherder.mozilla.org/ui/logviewer.html#?repo=fx-team&job_id=1132825
repository: fx-team
who: rvandermeulen[at]mozilla[dot]com
machine: tst-linux32-spot-174
buildname: Ubuntu VM 12.04 fx-team debug test mochitest-devtools-chrome-1
revision: f7ba147a8b5f

745 INFO TEST-UNEXPECTED-FAIL | chrome://mochitests/content/browser/browser/devtools/framework/test/browser_toolbox_options_disable_cache.js | This test exceeded the timeout threshold. It should be rewritten or split up. If that's not possible, use requestLongerTimeout(N), but only as a last resort. - expected PASS
command timed out: 4800 seconds elapsed running ['/tools/buildbot/bin/python', 'scripts/scripts/desktop_unittest.py', '--cfg', 'unittests/linux_unittest.py', '--mochitest-suite', 'mochitest-devtools-chrome-chunked', '--total-chunks', '3', '--this-chunk', '1', '--blob-upload-branch', 'fx-team', '--download-symbols', 'true'], attempting to kill
submit_timestamp: 2014-11-07T11:40:38
log: https://treeherder.mozilla.org/ui/logviewer.html#?repo=mozilla-inbound&job_id=3700710
repository: mozilla-inbound
who: rvandermeulen[at]mozilla[dot]com
machine: tst-linux32-spot-446
buildname: Ubuntu VM 12.04 mozilla-inbound debug test mochitest-devtools-chrome-1
revision: 0306fd1f4fee

749 INFO TEST-UNEXPECTED-FAIL | chrome://mochitests/content/browser/browser/devtools/framework/test/browser_toolbox_options_disable_cache.js | This test exceeded the timeout threshold. It should be rewritten or split up. If that's not possible, use requestLongerTimeout(N), but only as a last resort. - expected PASS
command timed out: 4800 seconds elapsed running ['/tools/buildbot/bin/python', 'scripts/scripts/desktop_unittest.py', '--cfg', 'unittests/linux_unittest.py', '--mochitest-suite', 'mochitest-devtools-chrome-chunked', '--total-chunks', '3', '--this-chunk', '1', '--blob-upload-branch', 'mozilla-inbound', '--download-symbols', 'true'], attempting to kill
submit_timestamp: 2014-11-07T12:18:35
log: https://treeherder.mozilla.org/ui/logviewer.html#?repo=mozilla-inbound&job_id=3702570
repository: mozilla-inbound
who: rvandermeulen[at]mozilla[dot]com
machine: tst-linux32-spot-230
buildname: Ubuntu VM 12.04 mozilla-inbound debug test mochitest-devtools-chrome-1
revision: 72a695d4ebbe

749 INFO TEST-UNEXPECTED-FAIL | chrome://mochitests/content/browser/browser/devtools/framework/test/browser_toolbox_options_disable_cache.js | This test exceeded the timeout threshold. It should be rewritten or split up. If that's not possible, use requestLongerTimeout(N), but only as a last resort. - expected PASS
command timed out: 4800 seconds elapsed running ['/tools/buildbot/bin/python', 'scripts/scripts/desktop_unittest.py', '--cfg', 'unittests/linux_unittest.py', '--mochitest-suite', 'mochitest-devtools-chrome-chunked', '--total-chunks', '3', '--this-chunk', '1', '--blob-upload-branch', 'mozilla-inbound', '--download-symbols', 'true'], attempting to kill
submit_timestamp: 2014-11-07T13:01:06
log: https://treeherder.mozilla.org/ui/logviewer.html#?repo=mozilla-inbound&job_id=3700772
repository: mozilla-inbound
who: rvandermeulen[at]mozilla[dot]com
machine: tst-linux32-spot-614
buildname: Ubuntu VM 12.04 mozilla-inbound debug test mochitest-devtools-chrome-1
revision: ae75658cfabf

749 INFO TEST-UNEXPECTED-FAIL | chrome://mochitests/content/browser/browser/devtools/framework/test/browser_toolbox_options_disable_cache.js | This test exceeded the timeout threshold. It should be rewritten or split up. If that's not possible, use requestLongerTimeout(N), but only as a last resort. - expected PASS
submit_timestamp: 2014-11-07T15:30:13
log: https://treeherder.mozilla.org/ui/logviewer.html#?repo=b2g-inbound&job_id=798781
repository: b2g-inbound
who: wkocher[at]mozilla[dot]com
machine: tst-linux32-spot-740
buildname: Ubuntu VM 12.04 b2g-inbound debug test mochitest-devtools-chrome-1
revision: cdbaa127d3b2

745 INFO TEST-UNEXPECTED-FAIL | chrome://mochitests/content/browser/browser/devtools/framework/test/browser_toolbox_options_disable_cache.js | This test exceeded the timeout threshold. It should be rewritten or split up. If that's not possible, use requestLongerTimeout(N), but only as a last resort. - expected PASS
submit_timestamp: 2014-11-07T15:30:22
log: https://treeherder.mozilla.org/ui/logviewer.html#?repo=mozilla-inbound&job_id=3706203
repository: mozilla-inbound
who: wkocher[at]mozilla[dot]com
machine: tst-linux32-spot-066
buildname: Ubuntu VM 12.04 mozilla-inbound debug test mochitest-devtools-chrome-1
revision: 156eee9f2d2a

745 INFO TEST-UNEXPECTED-FAIL | chrome://mochitests/content/browser/browser/devtools/framework/test/browser_toolbox_options_disable_cache.js | This test exceeded the timeout threshold. It should be rewritten or split up. If that's not possible, use requestLongerTimeout(N), but only as a last resort. - expected PASS
submit_timestamp: 2014-11-07T16:50:38
log: https://treeherder.mozilla.org/ui/logviewer.html#?repo=fx-team&job_id=1137413
repository: fx-team
who: wkocher[at]mozilla[dot]com
machine: tst-linux32-spot-602
buildname: Ubuntu VM 12.04 fx-team debug test mochitest-devtools-chrome-1
revision: 3335d6e68892

745 INFO TEST-UNEXPECTED-FAIL | chrome://mochitests/content/browser/browser/devtools/framework/test/browser_toolbox_options_disable_cache.js | This test exceeded the timeout threshold. It should be rewritten or split up. If that's not possible, use requestLongerTimeout(N), but only as a last resort. - expected PASS
submit_timestamp: 2014-11-09T23:26:18
log: https://treeherder.mozilla.org/ui/logviewer.html#?repo=mozilla-inbound&job_id=3723042
repository: mozilla-inbound
who: tomcat[at]mozilla[dot]com
machine: tst-linux32-spot-295
buildname: Ubuntu VM 12.04 mozilla-inbound debug test mochitest-devtools-chrome-1
revision: 6592c05a4bb2

745 INFO TEST-UNEXPECTED-FAIL | chrome://mochitests/content/browser/browser/devtools/framework/test/browser_toolbox_options_disable_cache.js | This test exceeded the timeout threshold. It should be rewritten or split up. If that's not possible, use requestLongerTimeout(N), but only as a last resort. - expected PASS
866 INFO TEST-UNEXPECTED-FAIL | chrome://mochitests/content/browser/browser/devtools/framework/test/browser_toolbox_window_reload_target.js | This test exceeded the timeout threshold. It should be rewritten or split up. If that's not possible, use requestLongerTimeout(N), but only as a last resort. - expected PASS
command timed out: 4800 seconds elapsed running ['/tools/buildbot/bin/python', 'scripts/scripts/desktop_unittest.py', '--cfg', 'unittests/linux_unittest.py', '--mochitest-suite', 'mochitest-devtools-chrome-chunked', '--total-chunks', '3', '--this-chunk', '1', '--blob-upload-branch', 'mozilla-inbound', '--download-symbols', 'true'], attempting to kill
submit_timestamp: 2014-11-09T23:27:43
log: https://treeherder.mozilla.org/ui/logviewer.html#?repo=mozilla-inbound&job_id=3721809
repository: mozilla-inbound
who: tomcat[at]mozilla[dot]com
machine: tst-linux32-spot-044
buildname: Ubuntu VM 12.04 mozilla-inbound debug test mochitest-devtools-chrome-1
revision: daa70eac3342

745 INFO TEST-UNEXPECTED-FAIL | chrome://mochitests/content/browser/browser/devtools/framework/test/browser_toolbox_options_disable_cache.js | This test exceeded the timeout threshold. It should be rewritten or split up. If that's not possible, use requestLongerTimeout(N), but only as a last resort. - expected PASS
command timed out: 4800 seconds elapsed running ['/tools/buildbot/bin/python', 'scripts/scripts/desktop_unittest.py', '--cfg', 'unittests/linux_unittest.py', '--mochitest-suite', 'mochitest-devtools-chrome-chunked', '--total-chunks', '3', '--this-chunk', '1', '--blob-upload-branch', 'mozilla-inbound', '--download-symbols', 'true'], attempting to kill
submit_timestamp: 2014-11-09T23:36:51
log: https://treeherder.mozilla.org/ui/logviewer.html#?repo=mozilla-inbound&job_id=3719763
repository: mozilla-inbound
who: tomcat[at]mozilla[dot]com
machine: tst-linux32-spot-046
buildname: Ubuntu VM 12.04 mozilla-inbound debug test mochitest-devtools-chrome-1
revision: 401cf1093029

745 INFO TEST-UNEXPECTED-FAIL | chrome://mochitests/content/browser/browser/devtools/framework/test/browser_toolbox_options_disable_cache.js | This test exceeded the timeout threshold. It should be rewritten or split up. If that's not possible, use requestLongerTimeout(N), but only as a last resort. - expected PASS
submit_timestamp: 2014-11-10T00:22:55
log: https://treeherder.mozilla.org/ui/logviewer.html#?repo=fx-team&job_id=1140985
repository: fx-team
who: tomcat[at]mozilla[dot]com
machine: tst-linux32-spot-768
buildname: Ubuntu VM 12.04 fx-team debug test mochitest-devtools-chrome-1
revision: de3ee8e6554c

660 INFO TEST-UNEXPECTED-FAIL | chrome://mochitests/content/browser/browser/devtools/debugger/test/browser_dbg_variables-view-popup-13.js | This test exceeded the timeout threshold. It should be rewritten or split up. If that's not possible, use requestLongerTimeout(N), but only as a last resort. - expected PASS
815 INFO TEST-UNEXPECTED-FAIL | chrome://mochitests/content/browser/browser/devtools/framework/test/browser_toolbox_options_disable_cache.js | This test exceeded the timeout threshold. It should be rewritten or split up. If that's not possible, use requestLongerTimeout(N), but only as a last resort. - expected PASS
command timed out: 4800 seconds elapsed running ['/tools/buildbot/bin/python', 'scripts/scripts/desktop_unittest.py', '--cfg', 'unittests/linux_unittest.py', '--mochitest-suite', 'mochitest-devtools-chrome-chunked', '--total-chunks', '3', '--this-chunk', '1', '--blob-upload-branch', 'fx-team', '--download-symbols', 'true'], attempting to kill
submit_timestamp: 2014-11-10T02:17:10
log: https://treeherder.mozilla.org/ui/logviewer.html#?repo=mozilla-central&job_id=606402
repository: mozilla-central
who: tomcat[at]mozilla[dot]com
machine: tst-linux32-spot-1027
buildname: Ubuntu VM 12.04 mozilla-central debug test mochitest-devtools-chrome-1
revision: b7f2bf6856a2

745 INFO TEST-UNEXPECTED-FAIL | chrome://mochitests/content/browser/browser/devtools/framework/test/browser_toolbox_options_disable_cache.js | This test exceeded the timeout threshold. It should be rewritten or split up. If that's not possible, use requestLongerTimeout(N), but only as a last resort. - expected PASS
requests.exceptions.ConnectionError: HTTPSConnectionPool(host='blobupload.elasticbeanstalk.com', port=443): Max retries exceeded with url: /blobs/whitelist (Caused by <class 'socket.error'>: [Errno 110] Connection timed out)
Return code: 1
submit_timestamp: 2014-11-10T09:19:17
log: https://treeherder.mozilla.org/ui/logviewer.html#?repo=b2g-inbound&job_id=800750
repository: b2g-inbound
who: rvandermeulen[at]mozilla[dot]com
machine: tst-linux32-spot-157
buildname: Ubuntu VM 12.04 b2g-inbound debug test mochitest-devtools-chrome-1
revision: bc6087adc259

660 INFO TEST-UNEXPECTED-FAIL | chrome://mochitests/content/browser/browser/devtools/debugger/test/browser_dbg_variables-view-popup-13.js | This test exceeded the timeout threshold. It should be rewritten or split up. If that's not possible, use requestLongerTimeout(N), but only as a last resort. - expected PASS
815 INFO TEST-UNEXPECTED-FAIL | chrome://mochitests/content/browser/browser/devtools/framework/test/browser_toolbox_options_disable_cache.js | This test exceeded the timeout threshold. It should be rewritten or split up. If that's not possible, use requestLongerTimeout(N), but only as a last resort. - expected PASS
command timed out: 4800 seconds elapsed running ['/tools/buildbot/bin/python', 'scripts/scripts/desktop_unittest.py', '--cfg', 'unittests/linux_unittest.py', '--mochitest-suite', 'mochitest-devtools-chrome-chunked', '--total-chunks', '3', '--this-chunk', '1', '--blob-upload-branch', 'b2g-inbound', '--download-symbols', 'true'], attempting to kill
submit_timestamp: 2014-11-10T23:34:18
log: https://treeherder.mozilla.org/ui/logviewer.html#?repo=mozilla-inbound&job_id=3751365
repository: mozilla-inbound
who: tomcat[at]mozilla[dot]com
machine: tst-linux32-spot-041
buildname: Ubuntu VM 12.04 mozilla-inbound debug test mochitest-devtools-chrome-1
revision: 524ebd4de640

743 INFO TEST-UNEXPECTED-FAIL | chrome://mochitests/content/browser/browser/devtools/framework/test/browser_toolbox_options_disable_cache.js | This test exceeded the timeout threshold. It should be rewritten or split up. If that's not possible, use requestLongerTimeout(N), but only as a last resort. - expected PASS
submit_timestamp: 2014-11-11T07:53:26
log: https://treeherder.mozilla.org/ui/logviewer.html#?repo=fx-team&job_id=1157529
repository: fx-team
who: tomcat[at]mozilla[dot]com
machine: tst-linux32-spot-768
buildname: Ubuntu VM 12.04 fx-team debug test mochitest-devtools-chrome-1
revision: 942aec7a1572

658 INFO TEST-UNEXPECTED-FAIL | chrome://mochitests/content/browser/browser/devtools/debugger/test/browser_dbg_variables-view-popup-13.js | This test exceeded the timeout threshold. It should be rewritten or split up. If that's not possible, use requestLongerTimeout(N), but only as a last resort. - expected PASS
813 INFO TEST-UNEXPECTED-FAIL | chrome://mochitests/content/browser/browser/devtools/framework/test/browser_toolbox_options_disable_cache.js | This test exceeded the timeout threshold. It should be rewritten or split up. If that's not possible, use requestLongerTimeout(N), but only as a last resort. - expected PASS
command timed out: 4800 seconds elapsed running ['/tools/buildbot/bin/python', 'scripts/scripts/desktop_unittest.py', '--cfg', 'unittests/linux_unittest.py', '--mochitest-suite', 'mochitest-devtools-chrome-chunked', '--total-chunks', '3', '--this-chunk', '1', '--blob-upload-branch', 'fx-team', '--download-symbols', 'true'], attempting to kill
submit_timestamp: 2014-11-11T15:21:16
log: https://treeherder.mozilla.org/ui/logviewer.html#?repo=mozilla-inbound&job_id=3778052
repository: mozilla-inbound
who: wkocher[at]mozilla[dot]com
machine: tst-linux32-spot-041
buildname: Ubuntu VM 12.04 mozilla-inbound debug test mochitest-devtools-chrome-1
revision: 599e26d48f9d

743 INFO TEST-UNEXPECTED-FAIL | chrome://mochitests/content/browser/browser/devtools/framework/test/browser_toolbox_options_disable_cache.js | This test exceeded the timeout threshold. It should be rewritten or split up. If that's not possible, use requestLongerTimeout(N), but only as a last resort. - expected PASS
submit_timestamp: 2014-11-11T21:31:38
log: https://treeherder.mozilla.org/ui/logviewer.html#?repo=mozilla-inbound&job_id=3798202
repository: mozilla-inbound
who: philringnalda[at]gmail[dot]com
machine: tst-linux32-spot-108
buildname: Ubuntu VM 12.04 mozilla-inbound debug test mochitest-devtools-chrome-1
revision: f96e3c57e1d8

743 INFO TEST-UNEXPECTED-FAIL | chrome://mochitests/content/browser/browser/devtools/framework/test/browser_toolbox_options_disable_cache.js | This test exceeded the timeout threshold. It should be rewritten or split up. If that's not possible, use requestLongerTimeout(N), but only as a last resort. - expected PASS
command timed out: 4800 seconds elapsed running ['/tools/buildbot/bin/python', 'scripts/scripts/desktop_unittest.py', '--cfg', 'unittests/linux_unittest.py', '--mochitest-suite', 'mochitest-devtools-chrome-chunked', '--total-chunks', '3', '--this-chunk', '1', '--blob-upload-branch', 'mozilla-inbound', '--download-symbols', 'true'], attempting to kill
submit_timestamp: 2014-11-11T22:36:41
log: https://treeherder.mozilla.org/ui/logviewer.html#?repo=b2g-inbound&job_id=818265
repository: b2g-inbound
who: philringnalda[at]gmail[dot]com
machine: tst-linux32-spot-024
buildname: Ubuntu VM 12.04 b2g-inbound debug test mochitest-devtools-chrome-1
revision: 688f821edcd4

743 INFO TEST-UNEXPECTED-FAIL | chrome://mochitests/content/browser/browser/devtools/framework/test/browser_toolbox_options_disable_cache.js | This test exceeded the timeout threshold. It should be rewritten or split up. If that's not possible, use requestLongerTimeout(N), but only as a last resort. - expected PASS
command timed out: 4800 seconds elapsed running ['/tools/buildbot/bin/python', 'scripts/scripts/desktop_unittest.py', '--cfg', 'unittests/linux_unittest.py', '--mochitest-suite', 'mochitest-devtools-chrome-chunked', '--total-chunks', '3', '--this-chunk', '1', '--blob-upload-branch', 'b2g-inbound', '--download-symbols', 'true'], attempting to kill
submit_timestamp: 2014-11-12T04:01:55
log: https://treeherder.mozilla.org/ui/logviewer.html#?repo=b2g-inbound&job_id=820459
repository: b2g-inbound
who: tomcat[at]mozilla[dot]com
machine: tst-linux32-spot-190
buildname: Ubuntu VM 12.04 b2g-inbound debug test mochitest-devtools-chrome-1
revision: c14478cc2c36

743 INFO TEST-UNEXPECTED-FAIL | chrome://mochitests/content/browser/browser/devtools/framework/test/browser_toolbox_options_disable_cache.js | This test exceeded the timeout threshold. It should be rewritten or split up. If that's not possible, use requestLongerTimeout(N), but only as a last resort. - expected PASS
submit_timestamp: 2014-11-12T07:55:47
log: https://treeherder.mozilla.org/ui/logviewer.html#?repo=b2g-inbound&job_id=822503
repository: b2g-inbound
who: tomcat[at]mozilla[dot]com
machine: tst-linux32-spot-197
buildname: Ubuntu VM 12.04 b2g-inbound debug test mochitest-devtools-chrome-1
revision: b1a6ecfca674

743 INFO TEST-UNEXPECTED-FAIL | chrome://mochitests/content/browser/browser/devtools/framework/test/browser_toolbox_options_disable_cache.js | This test exceeded the timeout threshold. It should be rewritten or split up. If that's not possible, use requestLongerTimeout(N), but only as a last resort. - expected PASS
submit_timestamp: 2014-11-12T09:21:11
log: https://treeherder.mozilla.org/ui/logviewer.html#?repo=mozilla-inbound&job_id=3816994
repository: mozilla-inbound
who: rvandermeulen[at]mozilla[dot]com
machine: tst-linux32-spot-763
buildname: Ubuntu VM 12.04 mozilla-inbound debug test mochitest-devtools-chrome-1
revision: 316d613416a8

658 INFO TEST-UNEXPECTED-FAIL | chrome://mochitests/content/browser/browser/devtools/debugger/test/browser_dbg_variables-view-popup-13.js | This test exceeded the timeout threshold. It should be rewritten or split up. If that's not possible, use requestLongerTimeout(N), but only as a last resort. - expected PASS
813 INFO TEST-UNEXPECTED-FAIL | chrome://mochitests/content/browser/browser/devtools/framework/test/browser_toolbox_options_disable_cache.js | This test exceeded the timeout threshold. It should be rewritten or split up. If that's not possible, use requestLongerTimeout(N), but only as a last resort. - expected PASS
command timed out: 4800 seconds elapsed running ['/tools/buildbot/bin/python', 'scripts/scripts/desktop_unittest.py', '--cfg', 'unittests/linux_unittest.py', '--mochitest-suite', 'mochitest-devtools-chrome-chunked', '--total-chunks', '3', '--this-chunk', '1', '--blob-upload-branch', 'mozilla-inbound', '--download-symbols', 'true'], attempting to kill
submit_timestamp: 2014-11-12T10:25:33
log: https://treeherder.mozilla.org/ui/logviewer.html#?repo=mozilla-central&job_id=622193
repository: mozilla-central
who: rvandermeulen[at]mozilla[dot]com
machine: tst-linux32-spot-786
buildname: Ubuntu VM 12.04 mozilla-central debug test mochitest-devtools-chrome-1
revision: cf9eafef4ffa

743 INFO TEST-UNEXPECTED-FAIL | chrome://mochitests/content/browser/browser/devtools/framework/test/browser_toolbox_options_disable_cache.js | This test exceeded the timeout threshold. It should be rewritten or split up. If that's not possible, use requestLongerTimeout(N), but only as a last resort. - expected PASS
command timed out: 4800 seconds elapsed running ['/tools/buildbot/bin/python', 'scripts/scripts/desktop_unittest.py', '--cfg', 'unittests/linux_unittest.py', '--mochitest-suite', 'mochitest-devtools-chrome-chunked', '--total-chunks', '3', '--this-chunk', '1', '--blob-upload-branch', 'mozilla-central', '--download-symbols', 'true'], attempting to kill
submit_timestamp: 2014-11-12T12:02:09
log: https://treeherder.mozilla.org/ui/logviewer.html#?repo=fx-team&job_id=1176745
repository: fx-team
who: rvandermeulen[at]mozilla[dot]com
machine: tst-linux32-spot-227
buildname: Ubuntu VM 12.04 fx-team debug test mochitest-devtools-chrome-1
revision: 3ea280ca1f20

743 INFO TEST-UNEXPECTED-FAIL | chrome://mochitests/content/browser/browser/devtools/framework/test/browser_toolbox_options_disable_cache.js | This test exceeded the timeout threshold. It should be rewritten or split up. If that's not possible, use requestLongerTimeout(N), but only as a last resort. - expected PASS
command timed out: 4800 seconds elapsed running ['/tools/buildbot/bin/python', 'scripts/scripts/desktop_unittest.py', '--cfg', 'unittests/linux_unittest.py', '--mochitest-suite', 'mochitest-devtools-chrome-chunked', '--total-chunks', '3', '--this-chunk', '1', '--blob-upload-branch', 'fx-team', '--download-symbols', 'true'], attempting to kill
submit_timestamp: 2014-11-12T14:42:06
log: https://treeherder.mozilla.org/ui/logviewer.html#?repo=b2g-inbound&job_id=827748
repository: b2g-inbound
who: wkocher[at]mozilla[dot]com
machine: tst-linux32-spot-078
buildname: Ubuntu VM 12.04 b2g-inbound debug test mochitest-devtools-chrome-1
revision: 05c387c9464f

743 INFO TEST-UNEXPECTED-FAIL | chrome://mochitests/content/browser/browser/devtools/framework/test/browser_toolbox_options_disable_cache.js | This test exceeded the timeout threshold. It should be rewritten or split up. If that's not possible, use requestLongerTimeout(N), but only as a last resort. - expected PASS
submit_timestamp: 2014-11-13T03:28:31
log: https://treeherder.mozilla.org/ui/logviewer.html#?repo=b2g-inbound&job_id=831151
repository: b2g-inbound
who: tomcat[at]mozilla[dot]com
machine: tst-linux32-spot-108
buildname: Ubuntu VM 12.04 b2g-inbound debug test mochitest-devtools-chrome-1
revision: d0f20c0182ae

743 INFO TEST-UNEXPECTED-FAIL | chrome://mochitests/content/browser/browser/devtools/framework/test/browser_toolbox_options_disable_cache.js | This test exceeded the timeout threshold. It should be rewritten or split up. If that's not possible, use requestLongerTimeout(N), but only as a last resort. - expected PASS
submit_timestamp: 2014-11-13T04:30:25
log: https://treeherder.mozilla.org/ui/logviewer.html#?repo=fx-team&job_id=1182308
repository: fx-team
who: tomcat[at]mozilla[dot]com
machine: tst-linux32-spot-792
buildname: Ubuntu VM 12.04 fx-team debug test mochitest-devtools-chrome-1
revision: 6b8873460c0f

743 INFO TEST-UNEXPECTED-FAIL | chrome://mochitests/content/browser/browser/devtools/framework/test/browser_toolbox_options_disable_cache.js | This test exceeded the timeout threshold. It should be rewritten or split up. If that's not possible, use requestLongerTimeout(N), but only as a last resort. - expected PASS
submit_timestamp: 2014-11-13T04:48:27
log: https://treeherder.mozilla.org/ui/logviewer.html#?repo=fx-team&job_id=1184554
repository: fx-team
who: tomcat[at]mozilla[dot]com
machine: tst-linux32-spot-739
buildname: Ubuntu VM 12.04 fx-team debug test mochitest-devtools-chrome-1
revision: 6bb4109d3f5e

658 INFO TEST-UNEXPECTED-FAIL | chrome://mochitests/content/browser/browser/devtools/debugger/test/browser_dbg_variables-view-popup-13.js | This test exceeded the timeout threshold. It should be rewritten or split up. If that's not possible, use requestLongerTimeout(N), but only as a last resort. - expected PASS
813 INFO TEST-UNEXPECTED-FAIL | chrome://mochitests/content/browser/browser/devtools/framework/test/browser_toolbox_options_disable_cache.js | This test exceeded the timeout threshold. It should be rewritten or split up. If that's not possible, use requestLongerTimeout(N), but only as a last resort. - expected PASS
934 INFO TEST-UNEXPECTED-FAIL | chrome://mochitests/content/browser/browser/devtools/framework/test/browser_toolbox_window_reload_target.js | This test exceeded the timeout threshold. It should be rewritten or split up. If that's not possible, use requestLongerTimeout(N), but only as a last resort. - expected PASS
command timed out: 4800 seconds elapsed running ['/tools/buildbot/bin/python', 'scripts/scripts/desktop_unittest.py', '--cfg', 'unittests/linux_unittest.py', '--mochitest-suite', 'mochitest-devtools-chrome-chunked', '--total-chunks', '3', '--this-chunk', '1', '--blob-upload-branch', 'fx-team', '--download-symbols', 'true'], attempting to kill
submit_timestamp: 2014-11-13T08:21:35
log: https://treeherder.mozilla.org/ui/logviewer.html#?repo=fx-team&job_id=1186679
repository: fx-team
who: rvandermeulen[at]mozilla[dot]com
machine: tst-linux32-spot-188
buildname: Ubuntu VM 12.04 fx-team debug test mochitest-devtools-chrome-1
revision: 20b670ffa014

743 INFO TEST-UNEXPECTED-FAIL | chrome://mochitests/content/browser/browser/devtools/framework/test/browser_toolbox_options_disable_cache.js | This test exceeded the timeout threshold. It should be rewritten or split up. If that's not possible, use requestLongerTimeout(N), but only as a last resort. - expected PASS
submit_timestamp: 2014-11-13T09:24:22
log: https://treeherder.mozilla.org/ui/logviewer.html#?repo=mozilla-inbound&job_id=3863678
repository: mozilla-inbound
who: rvandermeulen[at]mozilla[dot]com
machine: tst-linux32-spot-216
buildname: Ubuntu VM 12.04 mozilla-inbound debug test mochitest-devtools-chrome-1
revision: 015dfc3cfab2

743 INFO TEST-UNEXPECTED-FAIL | chrome://mochitests/content/browser/browser/devtools/framework/test/browser_toolbox_options_disable_cache.js | This test exceeded the timeout threshold. It should be rewritten or split up. If that's not possible, use requestLongerTimeout(N), but only as a last resort. - expected PASS
command timed out: 4800 seconds elapsed running ['/tools/buildbot/bin/python', 'scripts/scripts/desktop_unittest.py', '--cfg', 'unittests/linux_unittest.py', '--mochitest-suite', 'mochitest-devtools-chrome-chunked', '--total-chunks', '3', '--this-chunk', '1', '--blob-upload-branch', 'mozilla-inbound', '--download-symbols', 'true'], attempting to kill
submit_timestamp: 2014-11-13T10:56:22
log: https://treeherder.mozilla.org/ui/logviewer.html#?repo=mozilla-inbound&job_id=3863251
repository: mozilla-inbound
who: rvandermeulen[at]mozilla[dot]com
machine: tst-linux32-spot-542
buildname: Ubuntu VM 12.04 mozilla-inbound debug test mochitest-devtools-chrome-1
revision: 58f75321e4c1

743 INFO TEST-UNEXPECTED-FAIL | chrome://mochitests/content/browser/browser/devtools/framework/test/browser_toolbox_options_disable_cache.js | This test exceeded the timeout threshold. It should be rewritten or split up. If that's not possible, use requestLongerTimeout(N), but only as a last resort. - expected PASS
submit_timestamp: 2014-11-13T19:49:11
log: https://treeherder.mozilla.org/ui/logviewer.html#?repo=b2g-inbound&job_id=838645
repository: b2g-inbound
who: rvandermeulen[at]mozilla[dot]com
machine: tst-linux32-spot-796
buildname: Ubuntu VM 12.04 b2g-inbound debug test mochitest-devtools-chrome-1
revision: 5bd45ca9ebb4

743 INFO TEST-UNEXPECTED-FAIL | chrome://mochitests/content/browser/browser/devtools/framework/test/browser_toolbox_options_disable_cache.js | This test exceeded the timeout threshold. It should be rewritten or split up. If that's not possible, use requestLongerTimeout(N), but only as a last resort. - expected PASS
submit_timestamp: 2014-11-14T01:16:38
log: https://treeherder.mozilla.org/ui/logviewer.html#?repo=mozilla-inbound&job_id=3896661
repository: mozilla-inbound
who: tomcat[at]mozilla[dot]com
machine: tst-linux32-spot-295
buildname: Ubuntu VM 12.04 mozilla-inbound debug test mochitest-devtools-chrome-1
revision: 1f809f55b139

743 INFO TEST-UNEXPECTED-FAIL | chrome://mochitests/content/browser/browser/devtools/framework/test/browser_toolbox_options_disable_cache.js | This test exceeded the timeout threshold. It should be rewritten or split up. If that's not possible, use requestLongerTimeout(N), but only as a last resort. - expected PASS
submit_timestamp: 2014-11-14T01:16:56
log: https://treeherder.mozilla.org/ui/logviewer.html#?repo=mozilla-inbound&job_id=3896464
repository: mozilla-inbound
who: tomcat[at]mozilla[dot]com
machine: tst-linux32-spot-1038
buildname: Ubuntu VM 12.04 mozilla-inbound debug test mochitest-devtools-chrome-1
revision: c98cb03a8475

743 INFO TEST-UNEXPECTED-FAIL | chrome://mochitests/content/browser/browser/devtools/framework/test/browser_toolbox_options_disable_cache.js | This test exceeded the timeout threshold. It should be rewritten or split up. If that's not possible, use requestLongerTimeout(N), but only as a last resort. - expected PASS
submit_timestamp: 2014-11-14T13:02:04
log: https://treeherder.mozilla.org/ui/logviewer.html#?repo=mozilla-inbound&job_id=3915772
repository: mozilla-inbound
who: rvandermeulen[at]mozilla[dot]com
machine: tst-linux32-spot-1018
buildname: Ubuntu VM 12.04 mozilla-inbound debug test mochitest-devtools-chrome-1
revision: fffebb4931b8

743 INFO TEST-UNEXPECTED-FAIL | chrome://mochitests/content/browser/browser/devtools/framework/test/browser_toolbox_options_disable_cache.js | This test exceeded the timeout threshold. It should be rewritten or split up. If that's not possible, use requestLongerTimeout(N), but only as a last resort. - expected PASS
submit_timestamp: 2014-11-15T18:33:28
log: https://treeherder.mozilla.org/ui/logviewer.html#?repo=mozilla-central&job_id=639545
repository: mozilla-central
who: philringnalda[at]gmail[dot]com
machine: tst-linux32-spot-769
buildname: Ubuntu VM 12.04 mozilla-central debug test mochitest-devtools-chrome-1
revision: 19f75e1211e6

743 INFO TEST-UNEXPECTED-FAIL | chrome://mochitests/content/browser/browser/devtools/framework/test/browser_toolbox_options_disable_cache.js | This test exceeded the timeout threshold. It should be rewritten or split up. If that's not possible, use requestLongerTimeout(N), but only as a last resort. - expected PASS
submit_timestamp: 2014-11-15T18:33:42
log: https://treeherder.mozilla.org/ui/logviewer.html#?repo=mozilla-inbound&job_id=3930756
repository: mozilla-inbound
who: philringnalda[at]gmail[dot]com
machine: tst-linux32-spot-262
buildname: Ubuntu VM 12.04 mozilla-inbound debug test mochitest-devtools-chrome-1
revision: 2a3399e38768

743 INFO TEST-UNEXPECTED-FAIL | chrome://mochitests/content/browser/browser/devtools/framework/test/browser_toolbox_options_disable_cache.js | This test exceeded the timeout threshold. It should be rewritten or split up. If that's not possible, use requestLongerTimeout(N), but only as a last resort. - expected PASS
submit_timestamp: 2014-11-16T11:19:51
log: https://treeherder.mozilla.org/ui/logviewer.html#?repo=mozilla-inbound&job_id=3931515
repository: mozilla-inbound
who: philringnalda[at]gmail[dot]com
machine: tst-linux32-spot-182
buildname: Ubuntu VM 12.04 mozilla-inbound debug test mochitest-devtools-chrome-1
revision: 47e19af62551

658 INFO TEST-UNEXPECTED-FAIL | chrome://mochitests/content/browser/browser/devtools/debugger/test/browser_dbg_variables-view-popup-13.js | This test exceeded the timeout threshold. It should be rewritten or split up. If that's not possible, use requestLongerTimeout(N), but only as a last resort. - expected PASS
813 INFO TEST-UNEXPECTED-FAIL | chrome://mochitests/content/browser/browser/devtools/framework/test/browser_toolbox_options_disable_cache.js | This test exceeded the timeout threshold. It should be rewritten or split up. If that's not possible, use requestLongerTimeout(N), but only as a last resort. - expected PASS
command timed out: 4800 seconds elapsed running ['/tools/buildbot/bin/python', 'scripts/scripts/desktop_unittest.py', '--cfg', 'unittests/linux_unittest.py', '--mochitest-suite', 'mochitest-devtools-chrome-chunked', '--total-chunks', '3', '--this-chunk', '1', '--blob-upload-branch', 'mozilla-inbound', '--download-symbols', 'true'], attempting to kill
submit_timestamp: 2014-11-16T12:28:13
log: https://treeherder.mozilla.org/ui/logviewer.html#?repo=mozilla-inbound&job_id=3932413
repository: mozilla-inbound
who: philringnalda[at]gmail[dot]com
machine: tst-linux32-spot-736
buildname: Ubuntu VM 12.04 mozilla-inbound debug test mochitest-devtools-chrome-1
revision: 2c130981cdab

743 INFO TEST-UNEXPECTED-FAIL | chrome://mochitests/content/browser/browser/devtools/framework/test/browser_toolbox_options_disable_cache.js | This test exceeded the timeout threshold. It should be rewritten or split up. If that's not possible, use requestLongerTimeout(N), but only as a last resort. - expected PASS
submit_timestamp: 2014-11-16T14:31:58
log: https://treeherder.mozilla.org/ui/logviewer.html#?repo=mozilla-inbound&job_id=3933891
repository: mozilla-inbound
who: philringnalda[at]gmail[dot]com
machine: tst-linux32-spot-258
buildname: Ubuntu VM 12.04 mozilla-inbound debug test mochitest-devtools-chrome-1
revision: ec7ca2a5439b

743 INFO TEST-UNEXPECTED-FAIL | chrome://mochitests/content/browser/browser/devtools/framework/test/browser_toolbox_options_disable_cache.js | This test exceeded the timeout threshold. It should be rewritten or split up. If that's not possible, use requestLongerTimeout(N), but only as a last resort. - expected PASS
submit_timestamp: 2014-11-16T15:26:35
log: https://treeherder.mozilla.org/ui/logviewer.html#?repo=mozilla-inbound&job_id=3934873
repository: mozilla-inbound
who: philringnalda[at]gmail[dot]com
machine: tst-linux32-spot-084
buildname: Ubuntu VM 12.04 mozilla-inbound debug test mochitest-devtools-chrome-1
revision: e9eb1c6b2410

743 INFO TEST-UNEXPECTED-FAIL | chrome://mochitests/content/browser/browser/devtools/framework/test/browser_toolbox_options_disable_cache.js | This test exceeded the timeout threshold. It should be rewritten or split up. If that's not possible, use requestLongerTimeout(N), but only as a last resort. - expected PASS
submit_timestamp: 2014-11-16T19:46:15
log: https://treeherder.mozilla.org/ui/logviewer.html#?repo=mozilla-inbound&job_id=3936674
repository: mozilla-inbound
who: philringnalda[at]gmail[dot]com
machine: tst-linux32-spot-186
buildname: Ubuntu VM 12.04 mozilla-inbound debug test mochitest-devtools-chrome-1
revision: 746283622967

743 INFO TEST-UNEXPECTED-FAIL | chrome://mochitests/content/browser/browser/devtools/framework/test/browser_toolbox_options_disable_cache.js | This test exceeded the timeout threshold. It should be rewritten or split up. If that's not possible, use requestLongerTimeout(N), but only as a last resort. - expected PASS
submit_timestamp: 2014-11-17T00:06:02
log: https://treeherder.mozilla.org/ui/logviewer.html#?repo=mozilla-inbound&job_id=3940276
repository: mozilla-inbound
who: tomcat[at]mozilla[dot]com
machine: tst-linux32-spot-113
buildname: Ubuntu VM 12.04 mozilla-inbound debug test mochitest-devtools-chrome-1
revision: 2748f3c6b225

743 INFO TEST-UNEXPECTED-FAIL | chrome://mochitests/content/browser/browser/devtools/framework/test/browser_toolbox_options_disable_cache.js | This test exceeded the timeout threshold. It should be rewritten or split up. If that's not possible, use requestLongerTimeout(N), but only as a last resort. - expected PASS
command timed out: 4800 seconds elapsed running ['/tools/buildbot/bin/python', 'scripts/scripts/desktop_unittest.py', '--cfg', 'unittests/linux_unittest.py', '--mochitest-suite', 'mochitest-devtools-chrome-chunked', '--total-chunks', '3', '--this-chunk', '1', '--blob-upload-branch', 'mozilla-inbound', '--download-symbols', 'true'], attempting to kill
submit_timestamp: 2014-11-19T18:05:26
log: https://treeherder.mozilla.org/ui/logviewer.html#?repo=mozilla-aurora&job_id=407637
repository: mozilla-aurora
who: wkocher[at]mozilla[dot]com
machine: tst-linux32-spot-101
buildname: Ubuntu VM 12.04 mozilla-aurora debug test mochitest-devtools-chrome-1
revision: 776650aa7757

744 INFO TEST-UNEXPECTED-FAIL | chrome://mochitests/content/browser/browser/devtools/framework/test/browser_toolbox_options_disable_cache.js | This test exceeded the timeout threshold. It should be rewritten or split up. If that's not possible, use requestLongerTimeout(N), but only as a last resort. - expected PASS
865 INFO TEST-UNEXPECTED-FAIL | chrome://mochitests/content/browser/browser/devtools/framework/test/browser_toolbox_window_reload_target.js | This test exceeded the timeout threshold. It should be rewritten or split up. If that's not possible, use requestLongerTimeout(N), but only as a last resort. - expected PASS
submit_timestamp: 2014-11-20T21:51:48
log: https://treeherder.mozilla.org/ui/logviewer.html#?repo=mozilla-aurora&job_id=410467
repository: mozilla-aurora
who: philringnalda[at]gmail[dot]com
machine: tst-linux32-spot-755
buildname: Ubuntu VM 12.04 mozilla-aurora debug test mochitest-devtools-chrome-1
revision: 61c227747aba

744 INFO TEST-UNEXPECTED-FAIL | chrome://mochitests/content/browser/browser/devtools/framework/test/browser_toolbox_options_disable_cache.js | This test exceeded the timeout threshold. It should be rewritten or split up. If that's not possible, use requestLongerTimeout(N), but only as a last resort. - expected PASS
command timed out: 4800 seconds elapsed running ['/tools/buildbot/bin/python', 'scripts/scripts/desktop_unittest.py', '--cfg', 'unittests/linux_unittest.py', '--mochitest-suite', 'mochitest-devtools-chrome-chunked', '--total-chunks', '3', '--this-chunk', '1', '--blob-upload-branch', 'mozilla-aurora', '--download-symbols', 'true'], attempting to kill
submit_timestamp: 2014-11-25T17:44:58
log: https://treeherder.mozilla.org/ui/logviewer.html#?repo=mozilla-aurora&job_id=422240
repository: mozilla-aurora
who: rvandermeulen[at]mozilla[dot]com
machine: tst-linux32-spot-1039
buildname: Ubuntu VM 12.04 mozilla-aurora debug test mochitest-devtools-chrome-1
revision: 8ff014d18f0f

744 INFO TEST-UNEXPECTED-FAIL | chrome://mochitests/content/browser/browser/devtools/framework/test/browser_toolbox_options_disable_cache.js | This test exceeded the timeout threshold. It should be rewritten or split up. If that's not possible, use requestLongerTimeout(N), but only as a last resort. - expected PASS
865 INFO TEST-UNEXPECTED-FAIL | chrome://mochitests/content/browser/browser/devtools/framework/test/browser_toolbox_window_reload_target.js | This test exceeded the timeout threshold. It should be rewritten or split up. If that's not possible, use requestLongerTimeout(N), but only as a last resort. - expected PASS
submit_timestamp: 2014-11-25T18:16:39
log: https://treeherder.mozilla.org/ui/logviewer.html#?repo=mozilla-beta&job_id=166228
repository: mozilla-beta
who: rvandermeulen[at]mozilla[dot]com
machine: tst-linux32-spot-778
buildname: Ubuntu VM 12.04 mozilla-beta debug test mochitest-devtools-chrome-1
revision: c0c3429824fc

738 INFO TEST-UNEXPECTED-FAIL | chrome://mochitests/content/browser/browser/devtools/framework/test/browser_toolbox_options_disable_cache.js | This test exceeded the timeout threshold. It should be rewritten or split up. If that's not possible, use requestLongerTimeout(N), but only as a last resort.
submit_timestamp: 2014-12-04T11:40:04
log: https://treeherder.mozilla.org/ui/logviewer.html#?repo=mozilla-central&job_id=723247
repository: mozilla-central
who: philringnalda[at]gmail[dot]com
machine: tst-linux32-spot-048
buildname: Ubuntu VM 12.04 mozilla-central debug test mochitest-devtools-chrome-1
revision: 8d18f4965871

705 INFO TEST-UNEXPECTED-FAIL | chrome://mochitests/content/browser/browser/devtools/debugger/test/browser_dbg_variables-view-popup-13.js | This test exceeded the timeout threshold. It should be rewritten or split up. If that's not possible, use requestLongerTimeout(N), but only as a last resort. - expected PASS
862 INFO TEST-UNEXPECTED-FAIL | chrome://mochitests/content/browser/browser/devtools/framework/test/browser_toolbox_options_disable_cache.js | This test exceeded the timeout threshold. It should be rewritten or split up. If that's not possible, use requestLongerTimeout(N), but only as a last resort. - expected PASS
983 INFO TEST-UNEXPECTED-FAIL | chrome://mochitests/content/browser/browser/devtools/framework/test/browser_toolbox_window_reload_target.js | This test exceeded the timeout threshold. It should be rewritten or split up. If that's not possible, use requestLongerTimeout(N), but only as a last resort. - expected PASS
command timed out: 4800 seconds elapsed running ['/tools/buildbot/bin/python', 'scripts/scripts/desktop_unittest.py', '--cfg', 'unittests/linux_unittest.py', '--mochitest-suite', 'mochitest-devtools-chrome-chunked', '--total-chunks', '3', '--this-chunk', '1', '--blob-upload-branch', 'mozilla-central', '--download-symbols', 'true'], attempting to kill
submit_timestamp: 2014-12-07T22:56:25
log: https://treeherder.mozilla.org/ui/logviewer.html#?repo=mozilla-inbound&job_id=4423248
repository: mozilla-inbound
who: tomcat[at]mozilla[dot]com
machine: tst-linux32-spot-149
buildname: Ubuntu VM 12.04 mozilla-inbound debug test mochitest-devtools-chrome-1
revision: 979bec024c07

792 INFO TEST-UNEXPECTED-FAIL | chrome://mochitests/content/browser/browser/devtools/framework/test/browser_toolbox_options_disable_cache.js | This test exceeded the timeout threshold. It should be rewritten or split up. If that's not possible, use requestLongerTimeout(N), but only as a last resort. - expected PASS
jesup
https://tbpl.mozilla.org/php/getParsedLog.php?id=54120178&tree=Mozilla-Beta
Ubuntu VM 12.04 mozilla-beta debug test mochitest-devtools-chrome-1 on 2014-12-08 01:26:55
revision: 08d628582d56
slave: tst-linux32-spot-718

744 INFO TEST-UNEXPECTED-FAIL | chrome://mochitests/content/browser/browser/devtools/framework/test/browser_toolbox_options_disable_cache.js | This test exceeded the timeout threshold. It should be rewritten or split up. If that's not possible, use requestLongerTimeout(N), but only as a last resort. - expected PASS
submit_timestamp: 2014-12-08T06:15:02
log: https://treeherder.mozilla.org/ui/logviewer.html#?repo=mozilla-beta&job_id=173116
repository: mozilla-beta
who: rvandermeulen[at]mozilla[dot]com
machine: tst-linux32-spot-718
buildname: Ubuntu VM 12.04 mozilla-beta debug test mochitest-devtools-chrome-1
revision: 08d628582d56

744 INFO TEST-UNEXPECTED-FAIL | chrome://mochitests/content/browser/browser/devtools/framework/test/browser_toolbox_options_disable_cache.js | This test exceeded the timeout threshold. It should be rewritten or split up. If that's not possible, use requestLongerTimeout(N), but only as a last resort. - expected PASS
submit_timestamp: 2014-12-11T11:53:41
log: https://treeherder.mozilla.org/ui/logviewer.html#?repo=mozilla-inbound&job_id=4561151
repository: mozilla-inbound
who: rvandermeulen[at]mozilla[dot]com
machine: tst-linux32-spot-717
buildname: Ubuntu VM 12.04 mozilla-inbound debug test mochitest-devtools-chrome-1
revision: 354a878fcc9f

796 INFO TEST-UNEXPECTED-FAIL | chrome://mochitests/content/browser/browser/devtools/framework/test/browser_toolbox_options_disable_cache.js | This test exceeded the timeout threshold. It should be rewritten or split up. If that's not possible, use requestLongerTimeout(N), but only as a last resort. - expected PASS
submit_timestamp: 2014-12-12T06:11:13
log: https://treeherder.mozilla.org/ui/logviewer.html#?repo=mozilla-beta&job_id=177984
repository: mozilla-beta
who: rvandermeulen[at]mozilla[dot]com
machine: tst-linux32-spot-1011
buildname: Ubuntu VM 12.04 mozilla-beta debug test mochitest-devtools-chrome-1
revision: 06194948fb79

744 INFO TEST-UNEXPECTED-FAIL | chrome://mochitests/content/browser/browser/devtools/framework/test/browser_toolbox_options_disable_cache.js | This test exceeded the timeout threshold. It should be rewritten or split up. If that's not possible, use requestLongerTimeout(N), but only as a last resort. - expected PASS
submit_timestamp: 2014-12-12T07:19:12
log: https://treeherder.mozilla.org/ui/logviewer.html#?repo=mozilla-inbound&job_id=4586802
repository: mozilla-inbound
who: tomcat[at]mozilla[dot]com
machine: tst-linux64-spot-707
buildname: Ubuntu VM 12.04 x64 mozilla-inbound debug test mochitest-devtools-chrome-1
revision: 688b04770852

796 INFO TEST-UNEXPECTED-FAIL | chrome://mochitests/content/browser/browser/devtools/framework/test/browser_toolbox_options_disable_cache.js | This test exceeded the timeout threshold. It should be rewritten or split up. If that's not possible, use requestLongerTimeout(N), but only as a last resort. - expected PASS
917 INFO TEST-UNEXPECTED-FAIL | chrome://mochitests/content/browser/browser/devtools/framework/test/browser_toolbox_window_reload_target.js | This test exceeded the timeout threshold. It should be rewritten or split up. If that's not possible, use requestLongerTimeout(N), but only as a last resort. - expected PASS
command timed out: 4800 seconds elapsed running ['/tools/buildbot/bin/python', 'scripts/scripts/desktop_unittest.py', '--cfg', 'unittests/linux_unittest.py', '--mochitest-suite', 'mochitest-devtools-chrome-chunked', '--total-chunks', '3', '--this-chunk', '1', '--blob-upload-branch', 'mozilla-inbound', '--download-symbols', 'true'], attempting to kill
submit_timestamp: 2014-12-12T07:34:00
log: https://treeherder.mozilla.org/ui/logviewer.html#?repo=mozilla-inbound&job_id=4584530
repository: mozilla-inbound
who: philringnalda[at]gmail[dot]com
machine: tst-linux64-spot-525
buildname: Ubuntu VM 12.04 x64 mozilla-inbound debug test mochitest-devtools-chrome-1
revision: 4cab36024fa3

796 INFO TEST-UNEXPECTED-FAIL | chrome://mochitests/content/browser/browser/devtools/framework/test/browser_toolbox_options_disable_cache.js | This test exceeded the timeout threshold. It should be rewritten or split up. If that's not possible, use requestLongerTimeout(N), but only as a last resort. - expected PASS
command timed out: 4800 seconds elapsed running ['/tools/buildbot/bin/python', 'scripts/scripts/desktop_unittest.py', '--cfg', 'unittests/linux_unittest.py', '--mochitest-suite', 'mochitest-devtools-chrome-chunked', '--total-chunks', '3', '--this-chunk', '1', '--blob-upload-branch', 'mozilla-inbound', '--download-symbols', 'true'], attempting to kill
submit_timestamp: 2014-12-12T09:40:45
log: https://treeherder.mozilla.org/ui/logviewer.html#?repo=mozilla-inbound&job_id=4588621
repository: mozilla-inbound
who: rvandermeulen[at]mozilla[dot]com
machine: t-w864-ix-019
buildname: Windows 8 64-bit mozilla-inbound debug test mochitest-devtools-chrome-1
revision: 9877aca65ef5

794 INFO TEST-UNEXPECTED-FAIL | chrome://mochitests/content/browser/browser/devtools/framework/test/browser_toolbox_options_disable_cache.js | This test exceeded the timeout threshold. It should be rewritten or split up. If that's not possible, use requestLongerTimeout(N), but only as a last resort. - expected PASS
Return code: 1
submit_timestamp: 2014-12-17T02:31:07
log: https://treeherder.mozilla.org/ui/logviewer.html#?repo=try&job_id=3715726
repository: try
who: pbrosset[at]mozilla[dot]com
machine: tst-linux32-spot-242
buildname: Ubuntu VM 12.04 try debug test mochitest-devtools-chrome-1
revision: 66e777dbf7f0

796 INFO TEST-UNEXPECTED-FAIL | chrome://mochitests/content/browser/browser/devtools/framework/test/browser_toolbox_options_disable_cache.js | This test exceeded the timeout threshold. It should be rewritten or split up. If that's not possible, use requestLongerTimeout(N), but only as a last resort. - expected PASS
submit_timestamp: 2014-12-17T10:01:06
log: https://treeherder.mozilla.org/ui/logviewer.html#?repo=mozilla-beta&job_id=184210
repository: mozilla-beta
who: wkocher[at]mozilla[dot]com
machine: tst-linux32-spot-716
buildname: Ubuntu VM 12.04 mozilla-beta debug test mochitest-devtools-chrome-1
revision: 3444b017c1b2

744 INFO TEST-UNEXPECTED-FAIL | chrome://mochitests/content/browser/browser/devtools/framework/test/browser_toolbox_options_disable_cache.js | This test exceeded the timeout threshold. It should be rewritten or split up. If that's not possible, use requestLongerTimeout(N), but only as a last resort. - expected PASS
submit_timestamp: 2014-12-19T07:17:56
log: https://treeherder.mozilla.org/ui/logviewer.html#?repo=mozilla-central&job_id=779066
repository: mozilla-central
who: tomcat[at]mozilla[dot]com
machine: tst-linux32-spot-272
buildname: Ubuntu VM 12.04 mozilla-central debug test mochitest-devtools-chrome-1
revision: 021b09e92d30

796 INFO TEST-UNEXPECTED-FAIL | browser/devtools/framework/test/browser_toolbox_options_disable_cache.js | This test exceeded the timeout threshold. It should be rewritten or split up. If that's not possible, use requestLongerTimeout(N), but only as a last resort. - expected PASS
submit_timestamp: 2014-12-21T19:27:34
log: https://treeherder.mozilla.org/ui/logviewer.html#?repo=mozilla-inbound&job_id=4857286
repository: mozilla-inbound
who: philringnalda[at]gmail[dot]com
machine: tst-linux64-spot-031
buildname: Ubuntu VM 12.04 x64 mozilla-inbound debug test mochitest-devtools-chrome-1
revision: 155b9d4cb8cb

796 INFO TEST-UNEXPECTED-FAIL | browser/devtools/framework/test/browser_toolbox_options_disable_cache.js | This test exceeded the timeout threshold. It should be rewritten or split up. If that's not possible, use requestLongerTimeout(N), but only as a last resort. - expected PASS
917 INFO TEST-UNEXPECTED-FAIL | browser/devtools/framework/test/browser_toolbox_window_reload_target.js | This test exceeded the timeout threshold. It should be rewritten or split up. If that's not possible, use requestLongerTimeout(N), but only as a last resort. - expected PASS
submit_timestamp: 2014-12-23T16:24:13
log: https://treeherder.mozilla.org/ui/logviewer.html#?repo=fx-team&job_id=1541134
repository: fx-team
who: wkocher[at]mozilla[dot]com
machine: tst-linux32-spot-1018
buildname: Ubuntu VM 12.04 fx-team debug test mochitest-devtools-chrome-1
revision: 6441c30a1317

796 INFO TEST-UNEXPECTED-FAIL | browser/devtools/framework/test/browser_toolbox_options_disable_cache.js | This test exceeded the timeout threshold. It should be rewritten or split up. If that's not possible, use requestLongerTimeout(N), but only as a last resort. - expected PASS
917 INFO TEST-UNEXPECTED-FAIL | browser/devtools/framework/test/browser_toolbox_window_reload_target.js | This test exceeded the timeout threshold. It should be rewritten or split up. If that's not possible, use requestLongerTimeout(N), but only as a last resort. - expected PASS
submit_timestamp: 2014-12-29T11:58:41
log: https://treeherder.mozilla.org/ui/logviewer.html#?repo=mozilla-beta&job_id=199603
repository: mozilla-beta
who: wkocher[at]mozilla[dot]com
machine: tst-linux32-spot-206
buildname: Ubuntu VM 12.04 mozilla-beta debug test mochitest-devtools-chrome-1
revision: 7023ec60f4fb

744 INFO TEST-UNEXPECTED-FAIL | chrome://mochitests/content/browser/browser/devtools/framework/test/browser_toolbox_options_disable_cache.js | This test exceeded the timeout threshold. It should be rewritten or split up. If that's not possible, use requestLongerTimeout(N), but only as a last resort. - expected PASS
command timed out: 4800 seconds elapsed running ['/tools/buildbot/bin/python', 'scripts/scripts/desktop_unittest.py', '--cfg', 'unittests/linux_unittest.py', '--mochitest-suite', 'mochitest-devtools-chrome-chunked', '--total-chunks', '3', '--this-chunk', '1', '--blob-upload-branch', 'mozilla-beta', '--download-symbols', 'true'], attempting to kill
submit_timestamp: 2014-12-30T06:37:02
log: https://treeherder.mozilla.org/ui/logviewer.html#?repo=b2g-inbound&job_id=1078727
repository: b2g-inbound
who: tomcat[at]mozilla[dot]com
machine: tst-linux32-spot-185
buildname: Ubuntu VM 12.04 b2g-inbound debug test mochitest-devtools-chrome-1
revision: 9598ec9b1574

705 INFO TEST-UNEXPECTED-FAIL | browser/devtools/debugger/test/browser_dbg_variables-view-popup-13.js | Test timed out - expected PASS
870 INFO TEST-UNEXPECTED-FAIL | browser/devtools/framework/test/browser_toolbox_options_disable_cache.js | This test exceeded the timeout threshold. It should be rewritten or split up. If that's not possible, use requestLongerTimeout(N), but only as a last resort. - expected PASS
command timed out: 4800 seconds elapsed running ['/tools/buildbot/bin/python', 'scripts/scripts/desktop_unittest.py', '--cfg', 'unittests/linux_unittest.py', '--mochitest-suite', 'mochitest-devtools-chrome-chunked', '--total-chunks', '3', '--this-chunk', '1', '--blob-upload-branch', 'b2g-inbound', '--download-symbols', 'true'], attempting to kill
Created attachment 8542668
split-toolbox-options-disable-cache.patch

Looking at the logs it seems obvious that the test is simply doing too much (toggling toolboxes, reloading tabs) to finish within the given time limits on slow debug builds.

Here's a patch that splits the test into two. It does the following:
1) Move everything outside add_task to shared helper, helper_disable_cache.js
2) Split the code inside add_task such that
    - browser_toolbox_options_disable_cache-01.js asserts that disabling cache in one toolbox disables cache for all tabs that have open toolbox (lines 36-41 in the old test)
    - browser_toolbox_options_disable_cache-02.js asserts that cache is correctly disabled/enabled when toolbox is toggled (lines 43-58 in old test)

In the end the two tests perform the same checks as the current test while (hopefully) staying within time limits.

Try run: https://treeherder.mozilla.org/#/jobs?repo=try&revision=f4278520976d
submit_timestamp: 2015-01-02T03:53:42
log: https://treeherder.mozilla.org/ui/logviewer.html#?repo=b2g-inbound&job_id=1088857
repository: b2g-inbound
who: tomcat[at]mozilla[dot]com
machine: tst-linux32-spot-728
buildname: Ubuntu VM 12.04 b2g-inbound debug test mochitest-devtools-chrome-1
revision: 7200cfff578b

796 INFO TEST-UNEXPECTED-FAIL | browser/devtools/framework/test/browser_toolbox_options_disable_cache.js | This test exceeded the timeout threshold. It should be rewritten or split up. If that's not possible, use requestLongerTimeout(N), but only as a last resort. - expected PASS
command timed out: 4800 seconds elapsed running ['/tools/buildbot/bin/python', 'scripts/scripts/desktop_unittest.py', '--cfg', 'unittests/linux_unittest.py', '--mochitest-suite', 'mochitest-devtools-chrome-chunked', '--total-chunks', '3', '--this-chunk', '1', '--blob-upload-branch', 'b2g-inbound', '--download-symbols', 'true'], attempting to kill
submit_timestamp: 2015-01-02T23:03:22
log: https://treeherder.mozilla.org/ui/logviewer.html#?repo=mozilla-inbound&job_id=5050861
repository: mozilla-inbound
who: philringnalda[at]gmail[dot]com
machine: tst-linux32-spot-113
buildname: Ubuntu VM 12.04 mozilla-inbound debug test mochitest-devtools-chrome-1
revision: 539768eaa7ba

796 INFO TEST-UNEXPECTED-FAIL | browser/devtools/framework/test/browser_toolbox_options_disable_cache.js | This test exceeded the timeout threshold. It should be rewritten or split up. If that's not possible, use requestLongerTimeout(N), but only as a last resort. - expected PASS
submit_timestamp: 2015-01-07T11:25:19
log: https://treeherder.mozilla.org/ui/logviewer.html#?repo=mozilla-inbound&job_id=5171700
repository: mozilla-inbound
who: rvandermeulen[at]mozilla[dot]com
machine: tst-linux32-spot-766
buildname: Ubuntu VM 12.04 mozilla-inbound debug test mochitest-devtools-chrome-1
revision: a4c67bb878ff

796 INFO TEST-UNEXPECTED-FAIL | browser/devtools/framework/test/browser_toolbox_options_disable_cache.js | This test exceeded the timeout threshold. It should be rewritten or split up. If that's not possible, use requestLongerTimeout(N), but only as a last resort. - expected PASS
submit_timestamp: 2015-01-08T19:06:09
log: https://treeherder.mozilla.org/logviewer.html#?repo=fx-team&job_id=1625041
repository: fx-team
who: rvandermeulen[at]mozilla[dot]com
machine: tst-linux32-spot-059
buildname: Ubuntu VM 12.04 fx-team debug test mochitest-devtools-chrome-1
revision: 26575d4adb94

796 INFO TEST-UNEXPECTED-FAIL | browser/devtools/framework/test/browser_toolbox_options_disable_cache.js | This test exceeded the timeout threshold. It should be rewritten or split up. If that's not possible, use requestLongerTimeout(N), but only as a last resort. - expected PASS
command timed out: 4800 seconds elapsed running ['/tools/buildbot/bin/python', 'scripts/scripts/desktop_unittest.py', '--cfg', 'unittests/linux_unittest.py', '--mochitest-suite', 'mochitest-devtools-chrome-chunked', '--total-chunks', '3', '--this-chunk', '1', '--blob-upload-branch', 'fx-team', '--download-symbols', 'true'], attempting to kill
*** Bug 986382 has been marked as a duplicate of this bug. ***
https://hg.mozilla.org/integration/fx-team/rev/8455c5f7dbb1
https://hg.mozilla.org/mozilla-central/rev/8455c5f7dbb1
log: https://treeherder.mozilla.org/logviewer.html#?repo=mozilla-release&job_id=34576
repository: mozilla-release
start_time: 2015-01-17T05:04:09
who: philringnalda[at]gmail[dot]com
machine: tst-linux32-spot-170
buildname: Ubuntu VM 12.04 mozilla-release debug test mochitest-devtools-chrome-1
revision: c13c3b4992cf

744 INFO TEST-UNEXPECTED-FAIL | chrome://mochitests/content/browser/browser/devtools/framework/test/browser_toolbox_options_disable_cache.js | This test exceeded the timeout threshold. It should be rewritten or split up. If that's not possible, use requestLongerTimeout(N), but only as a last resort. - expected PASS
log: https://treeherder.mozilla.org/logviewer.html#?repo=mozilla-release&job_id=34911
repository: mozilla-release
start_time: 2015-01-20T14:32:26
who: rvandermeulen[at]mozilla[dot]com
machine: tst-linux32-spot-245
buildname: Ubuntu VM 12.04 mozilla-release debug test mochitest-devtools-chrome-1
revision: 5bf4aaad73fe

744 INFO TEST-UNEXPECTED-FAIL | chrome://mochitests/content/browser/browser/devtools/framework/test/browser_toolbox_options_disable_cache.js | This test exceeded the timeout threshold. It should be rewritten or split up. If that's not possible, use requestLongerTimeout(N), but only as a last resort. - expected PASS
log: https://treeherder.mozilla.org/logviewer.html#?repo=mozilla-release&job_id=36123
repository: mozilla-release
start_time: 2015-01-22T13:17:10
who: rvandermeulen[at]mozilla[dot]com
machine: tst-linux32-spot-132
buildname: Ubuntu VM 12.04 mozilla-release debug test mochitest-devtools-chrome-1
revision: f19bf2ab3d14

744 INFO TEST-UNEXPECTED-FAIL | chrome://mochitests/content/browser/browser/devtools/framework/test/browser_toolbox_options_disable_cache.js | This test exceeded the timeout threshold. It should be rewritten or split up. If that's not possible, use requestLongerTimeout(N), but only as a last resort. - expected PASS
command timed out: 4800 seconds elapsed running ['/tools/buildbot/bin/python', 'scripts/scripts/desktop_unittest.py', '--cfg', 'unittests/linux_unittest.py', '--mochitest-suite', 'mochitest-devtools-chrome-chunked', '--total-chunks', '3', '--this-chunk', '1', '--blob-upload-branch', 'mozilla-release', '--download-symbols', 'true'], attempting to kill
log: https://treeherder.mozilla.org/logviewer.html#?repo=mozilla-beta&job_id=231139
repository: mozilla-beta
start_time: 2015-01-26T08:10:14
who: rvandermeulen[at]mozilla[dot]com
machine: tst-linux32-spot-199
buildname: Ubuntu VM 12.04 mozilla-beta debug test mochitest-devtools-chrome-1
revision: d340f3d3439d

795 INFO TEST-UNEXPECTED-FAIL | chrome://mochitests/content/browser/browser/devtools/framework/test/browser_toolbox_options_disable_cache.js | This test exceeded the timeout threshold. It should be rewritten or split up. If that's not possible, use requestLongerTimeout(N), but only as a last resort. - expected PASS


Intermittent browser_toolbox_options_disable_cache.js | This test exceeded the timeout threshold.

intermittent-failure

Bug 1070250 - Split browser_toolbox_options_disable_cache.js into two separate tests to avoid timeouts. r=miker 